#
# A fatal error has been detected by the Java Runtime Environment:
#
#  EXCEPTION_ACCESS_VIOLATION (0xc0000005) at pc=0x00007ffd06829d62, pid=8328, tid=2624
#
# JRE version: OpenJDK Runtime Environment (22.0.1+8) (build 22.0.1+8-16)
# Java VM: OpenJDK 64-Bit Server VM (22.0.1+8-16, mixed mode, sharing, tiered, compressed oops, compressed class ptrs, g1 gc, windows-amd64)
# Problematic frame:
# V  [jvm.dll+0x369d62]
#
# No core dump will be written. Minidumps are not enabled by default on client versions of Windows
#
# If you would like to submit a bug report, please visit:
#   https://bugreport.java.com/bugreport/crash.jsp
#

---------------  S U M M A R Y ------------

Command Line: -javaagent:D:\IntelliJ\IntelliJ IDEA 2024.1\lib\idea_rt.jar=53915:D:\IntelliJ\IntelliJ IDEA 2024.1\bin -Dfile.encoding=UTF-8 -Dsun.stdout.encoding=UTF-8 -Dsun.stderr.encoding=UTF-8 org.example.App 3

Host: Intel(R) Core(TM) i5-8500 CPU @ 3.00GHz, 6 cores, 15G,  Windows 10 , 64 bit Build 19041 (10.0.19041.3636)
Time: Fri Jun 14 12:09:01 2024 Mitteleuropäische Sommerzeit elapsed time: 3.451028 seconds (0d 0h 0m 3s)

---------------  T H R E A D  ---------------

Current thread (0x0000021c36595610):  WorkerThread "GC Thread#0"    [id=2624, stack(0x0000006f20e00000,0x0000006f20f00000) (1024K)]

Stack: [0x0000006f20e00000,0x0000006f20f00000],  sp=0x0000006f20effab0,  free space=1022k
Native frames: (J=compiled Java code, j=interpreted, Vv=VM code, C=native code)
V  [jvm.dll+0x369d62]  (no source info available)
V  [jvm.dll+0x36a455]  (no source info available)
V  [jvm.dll+0x36a12b]  (no source info available)
V  [jvm.dll+0x372734]  (no source info available)
V  [jvm.dll+0x372a4b]  (no source info available)
V  [jvm.dll+0x8a4297]  (no source info available)
V  [jvm.dll+0x81d44b]  (no source info available)
V  [jvm.dll+0x6e0915]  (no source info available)
C  [ucrtbase.dll+0x21bb2]  (no source info available)
C  [KERNEL32.DLL+0x17344]  (no source info available)
C  [ntdll.dll+0x526b1]  (no source info available)


siginfo: EXCEPTION_ACCESS_VIOLATION (0xc0000005), reading address 0x0000000000002da0


Registers:
RAX=0x0000000000000000, RBX=0x0000021c9b666378, RCX=0x0000000000000015, RDX=0x0000021c3653e600
RSP=0x0000006f20effab0, RBP=0x0000000000000001, RSI=0xffff000000000000, RDI=0x0000021c9b737278
R8 =0x0000021c560067f8, R9 =0x0000021c365895a3, R10=0x0000000000002da0, R11=0x0000006f20effa40
R12=0x0000021c9b737270, R13=0x0000006f214ff038, R14=0x0000021c9b666200, R15=0x0000000000000020
RIP=0x00007ffd06829d62, EFLAGS=0x0000000000010246


Register to memory mapping:

RAX=0x0 is null
RBX=0x0000021c9b666378 points into unknown readable memory: 0x0000000000002da0 | a0 2d 00 00 00 00 00 00
RCX=0x0000000000000015 is an unknown value
RDX=0x0000021c3653e600 points into unknown readable memory: 0x00007ffd06eaed50 | 50 ed ea 06 fd 7f 00 00
RSP=0x0000006f20effab0 points into unknown readable memory: 0x00000000020dd2fa | fa d2 0d 02 00 00 00 00
RBP=0x0000000000000001 is an unknown value
RSI=0xffff000000000000 is an unknown value
RDI=0x0000021c9b737278 points into unknown readable memory: 0x00007ffd06eb84d0 | d0 84 eb 06 fd 7f 00 00
R8 =0x0000021c560067f8 is a pointer to class: 
java.lang.Class {0x0000021c56006800}
 - instance size:     14
 - klass size:        95
 - access:            public final synchronized 
 - flags:             rewritten has_nonstatic_fields has_nonstatic_concrete_methods is_shared_boot_class has_localvariable_table has_resolved_methods 
 - state:             fully_initialized
 - name:              'java/lang/Class'
 - super:             'java/lang/Object'
 - sub:               
 - arrays:            'java/lang/Class'[]
 - methods:           Array<T>(0x0000021c565e0ee0)
 - method ordering:   Array<T>(0x0000021c565e1480)
 - default_methods:   Array<T>(0x0000000000000000)
 - local interfaces:  Array<T>(0x0000021c565e1448)
 - trans. interfaces: Array<T>(0x0000021c565dd7b0)
 - constants:         constant pool [1729]/operands[49] {0x0000021c565dd818} for 'java/lang/Class' cache=0x0000021c5642e630
 - class loader data:  loader data: 0x0000021c54e456f0 of 'bootstrap'
 - source file:       'Class.java'
 - class annotations:       Array<T>(0x0000000000000000)
 - class type annotations:  Array<T>(0x0000000000000000)
 - field annotations:       Array<T>(0x0000021c56bdc348)
 - field type annotations:  Array<T>(0x0000000000000000)
 - generic signature: '<T:Ljava/lang/Object;>Ljava/lang/Object;Ljava/io/Serializable;Ljava/lang/reflect/GenericDeclaration;Ljava/lang/reflect/Type;Ljava/lang/reflect/AnnotatedElement;Ljava/lang/invoke/TypeDescriptor$OfField<Ljava/lang/Class<*>;>;Ljava/lang/constant/Constable;'
 - inner classes:     Array<T>(0x0000021c565e0e60)
 - nest members:     Array<T>(0x0000021c565e1830)
 - permitted subclasses:     Array<T>(0x0000021c565d5b50)
 - java mirror:       a 'java/lang/Class'{0x0000000703f613c8} = 'java/lang/Class'
 - vtable length      5  (start addr: 0x0000021c560069c0)
 - itable length      32 (start addr: 0x0000021c560069e8)
 - ---- static fields (5 words):
 - private static final 'ANNOTATION' 'I' @136 
 - private static final 'ENUM' 'I' @140 
 - private static final 'SYNTHETIC' 'I' @144 
 - private static 'allPermDomain' 'Ljava/security/ProtectionDomain;' @112 
 - private static final 'EMPTY_CLASS_ARRAY' '[Ljava/lang/Class;' @116 
 - private static final 'serialVersionUID' 'J' @128 
 - private static final 'serialPersistentFields' '[Ljava/io/ObjectStreamField;' @120 
 - private static 'reflectionFactory' 'Ljdk/internal/reflect/ReflectionFactory;' @124 
 - ---- non-static fields (24 words):
 - private volatile transient 'classRedefinedCount' 'I' @12 
 - injected 'klass' 'J' @16 
 - injected 'array_klass' 'J' @24 
 - injected 'oop_size' 'I' @32 
 - injected 'static_oop_field_count' 'I' @36 
 - private volatile transient 'cachedConstructor' 'Ljava/lang/reflect/Constructor;' @40 
 - private transient 'name' 'Ljava/lang/String;' @44 
 - private transient 'module' 'Ljava/lang/Module;' @48 
 - private final 'classLoader' 'Ljava/lang/ClassLoader;' @52 
 - private transient 'classData' 'Ljava/lang/Object;' @56 
 - private transient 'packageName' 'Ljava/lang/String;' @60 
 - private final 'componentType' 'Ljava/lang/Class;' @64 
 - private volatile transient 'reflectionData' 'Ljava/lang/ref/SoftReference;' @68 
 - private volatile transient 'genericInfo' 'Lsun/reflect/generics/repository/ClassRepository;' @72 
 - private volatile transient 'enumConstants' '[Ljava/lang/Object;' @76 
 - private volatile transient 'enumConstantDirectory' 'Ljava/util/Map;' @80 
 - private volatile transient 'annotationData' 'Ljava/lang/Class$AnnotationData;' @84 
 - private volatile transient 'annotationType' 'Lsun/reflect/annotation/AnnotationType;' @88 
 - transient 'classValueMap' 'Ljava/lang/ClassValue$ClassValueMap;' @92 
 - injected 'protection_domain' 'Ljava/lang/Object;' @96 
 - injected 'signers_name' 'Ljava/lang/Object;' @100 
 - injected 'source_file' 'Ljava/lang/Object;' @104 
 - non-static oop maps: 40-104 
R9 =0x0000021c365895a3 points into unknown readable memory: 00 00 00 00 00
R10=0x0000000000002da0 is an unknown value
R11=0x0000006f20effa40 points into unknown readable memory: 0x0000000000000020 | 20 00 00 00 00 00 00 00
R12=0x0000021c9b737270 points into unknown readable memory: 0x00007ffd06eb8518 | 18 85 eb 06 fd 7f 00 00
R13=0x0000006f214ff038 points into unknown readable memory: 0x0000021c343ba7e0 | e0 a7 3b 34 1c 02 00 00
R14=0x0000021c9b666200 points into unknown readable memory: 0x000000071167eb70 | 70 eb 67 11 07 00 00 00
R15=0x0000000000000020 is an unknown value

Top of Stack: (sp=0x0000006f20effab0)
0x0000006f20effab0:   00000000020dd2fa 0000000266d360a1
0x0000006f20effac0:   00000000020dd2fb 0000000266d361b0
0x0000006f20effad0:   0000000000000004 00007ffd0682a455
0x0000006f20effae0:   0000021c9b737278 0000000000000000
0x0000006f20effaf0:   0000021c9b000001 00007ffd06eb3530
0x0000006f20effb00:   0000000000000000 0000006f20effb80
0x0000006f20effb10:   0000000000000001 0000021c9b0c48a0
0x0000006f20effb20:   0000006f214fef30 0000000266bc7ac4
0x0000006f20effb30:   00007ffd06eb3440 00000000020dd2fb
0x0000006f20effb40:   0000000266d361b0 00007ffd0000000b
0x0000006f20effb50:   0000021c9b0c48a0 0000000000000001
0x0000006f20effb60:   0000000000000000 0000000000000000
0x0000006f20effb70:   0000000000000000 00007ffd068757ce
0x0000006f20effb80:   00007ffd06eb3440 00000000020db900
0x0000006f20effb90:   0000000000000001 0000000000000002
0x0000006f20effba0:   0000000000000001 00008c092b5c58e0
0x0000006f20effbb0:   0000000000000000 0000021c3653d070
0x0000006f20effbc0:   0000021c9b0c48a0 00000000000003d8
0x0000006f20effbd0:   0000021c3653d458 0000021c9b737270
0x0000006f20effbe0:   0000006f214fef30 0000000000000001
0x0000006f20effbf0:   0000021c9b83a180 00007ffd0682a12b
0x0000006f20effc00:   0000021c9b83a180 0000000000000001
0x0000006f20effc10:   0000006f214fef30 0000000000000001
0x0000006f20effc20:   0000000000000001 0000000000000008
0x0000006f20effc30:   0000000000000005 00007ffd06570000
0x0000006f20effc40:   0000000000000000 00007ffd06b94431
0x0000006f20effc50:   0000000000000008 00000000000000f8
0x0000006f20effc60:   0000000000000001 00007ffd0657bd5e
0x0000006f20effc70:   0000000000000005 00007ffd0657e836
0x0000006f20effc80:   0000000000000000 0000000000000008
0x0000006f20effc90:   00007ffd06eb3450 00000000020db913
0x0000006f20effca0:   0000000266b50656 0000000000000003 

Instructions: (pc=0x00007ffd06829d62)
0x00007ffd06829c62:   4b 10 48 8d 54 24 40 66 89 44 24 40 4c 8b c7 0f
0x00007ffd06829c72:   b6 44 24 3a 88 44 24 42 e8 71 0d ff ff 48 8b d0
0x00007ffd06829c82:   48 2b 15 4f 18 87 00 8b 0d 51 18 87 00 48 d3 ea
0x00007ffd06829c92:   89 16 eb 5e 3c fd 75 3b 41 8b 88 18 02 00 00 48
0x00007ffd06829ca2:   8b d7 49 8b 80 10 02 00 00 48 d3 e0 8b 0d 3c 9d
0x00007ffd06829cb2:   8d 00 48 2b d0 48 d3 ea 8b c2 48 8d 0c 40 49 8b
0x00007ffd06829cc2:   80 a8 05 00 00 80 7c 01 01 fd 75 17 c6 44 01 01
0x00007ffd06829cd2:   ff eb 10 3c fc 75 0c 48 8b 4b 10 48 8b d6 e8 4b
0x00007ffd06829ce2:   f1 ff ff 8b 53 18 4c 8b c7 48 8b 4b 28 e8 ac 2d
0x00007ffd06829cf2:   fb ff 48 8b 4b 10 e8 93 e6 fe ff 48 8b 7c 24 30
0x00007ffd06829d02:   48 8b 5c 24 48 48 83 c4 20 5e c3 cc cc cc 48 89
0x00007ffd06829d12:   5c 24 08 57 48 83 ec 20 4c 8b 12 48 8b da 48 8b
0x00007ffd06829d22:   f9 4d 85 d2 0f 84 cf 00 00 00 48 8b 51 08 49 8b
0x00007ffd06829d32:   c2 8b 8a c8 05 00 00 48 d3 e8 4c 8d 0c 40 4c 03
0x00007ffd06829d42:   8a b8 05 00 00 41 0f b7 01 66 89 44 24 38 41 0f
0x00007ffd06829d52:   b6 41 02 88 44 24 3a 0f b6 44 24 39 84 c0 78 44
0x00007ffd06829d62:   49 8b 0a 0f b6 c1 24 03 3c 03 75 09 48 83 e1 fc
0x00007ffd06829d72:   48 89 0b eb 7b 0f b7 44 24 38 48 8d 54 24 40 66
0x00007ffd06829d82:   89 44 24 40 4c 8b c9 0f b6 44 24 3a 4d 8b c2 48
0x00007ffd06829d92:   8b 4f 10 88 44 24 42 e8 52 0c ff ff 48 8b c8 48
0x00007ffd06829da2:   89 03 eb 4c 3c fd 75 38 8b 8a 18 02 00 00 48 8b
0x00007ffd06829db2:   82 10 02 00 00 48 d3 e0 8b 0d 30 9c 8d 00 4c 2b
0x00007ffd06829dc2:   d0 49 d3 ea 41 8b c2 48 8d 0c 40 48 8b 82 a8 05
0x00007ffd06829dd2:   00 00 80 7c 01 01 fd 75 17 c6 44 01 01 ff eb 10
0x00007ffd06829de2:   3c fc 75 0c 48 8b 4f 10 48 8b d3 e8 de ef ff ff
0x00007ffd06829df2:   48 8b 4f 10 e8 95 e5 fe ff 48 8b 5c 24 30 48 83
0x00007ffd06829e02:   c4 20 5f c3 cc cc cc cc cc cc cc cc cc cc 48 89
0x00007ffd06829e12:   5c 24 08 57 48 83 ec 20 8b 02 48 8b fa 48 8b d9
0x00007ffd06829e22:   85 c0 0f 84 eb 00 00 00 8b 0d b0 16 87 00 44 8b
0x00007ffd06829e32:   c0 4c 8b 4b 08 49 d3 e0 4c 03 05 97 16 87 00 49
0x00007ffd06829e42:   8b c0 41 8b 89 c8 05 00 00 48 d3 e8 48 8d 14 40
0x00007ffd06829e52:   49 03 91 b8 05 00 00 0f b7 02 66 89 44 24 38 0f 


Stack slot to memory mapping:

stack at sp + 0 slots: 0x00000000020dd2fa is an unknown value
stack at sp + 1 slots: 0x0000000266d360a1 is an unknown value
stack at sp + 2 slots: 0x00000000020dd2fb is an unknown value
stack at sp + 3 slots: 0x0000000266d361b0 is an unknown value
stack at sp + 4 slots: 0x0000000000000004 is an unknown value
stack at sp + 5 slots: 0x00007ffd0682a455 jvm.dll
stack at sp + 6 slots: 0x0000021c9b737278 points into unknown readable memory: 0x00007ffd06eb84d0 | d0 84 eb 06 fd 7f 00 00
stack at sp + 7 slots: 0x0 is null


---------------  P R O C E S S  ---------------

Threads class SMR info:
_java_thread_list=0x0000021c9b619f60, length=24, elements={
0x0000021c34306fa0, 0x0000021c54fa7df0, 0x0000021c54fa8d10, 0x0000021c551f0080,
0x0000021c551f3f60, 0x0000021c551f5160, 0x0000021c551f6360, 0x0000021c552064c0,
0x0000021c55227720, 0x0000021c552ead20, 0x0000021c55d905c0, 0x0000021c55d84690,
0x0000021c55d84d20, 0x0000021c55d853b0, 0x0000021c55d85a40, 0x0000021c55d860d0,
0x0000021c55d86760, 0x0000021c55d84000, 0x0000021c55d86df0, 0x0000021c55d83970,
0x0000021c9b7328f0, 0x0000021c9b72e0c0, 0x0000021c9b72d3a0, 0x0000021c9b88d8d0
}

Java Threads: ( => current thread )
  0x0000021c34306fa0 JavaThread "main"                              [_thread_in_native, id=856, stack(0x0000006f20d00000,0x0000006f20e00000) (1024K)]
  0x0000021c54fa7df0 JavaThread "Reference Handler"          daemon [_thread_blocked, id=13612, stack(0x0000006f21500000,0x0000006f21600000) (1024K)]
  0x0000021c54fa8d10 JavaThread "Finalizer"                  daemon [_thread_blocked, id=10320, stack(0x0000006f21600000,0x0000006f21700000) (1024K)]
  0x0000021c551f0080 JavaThread "Signal Dispatcher"          daemon [_thread_blocked, id=8408, stack(0x0000006f21700000,0x0000006f21800000) (1024K)]
  0x0000021c551f3f60 JavaThread "Attach Listener"            daemon [_thread_blocked, id=10800, stack(0x0000006f21800000,0x0000006f21900000) (1024K)]
  0x0000021c551f5160 JavaThread "Service Thread"             daemon [_thread_blocked, id=5088, stack(0x0000006f21900000,0x0000006f21a00000) (1024K)]
  0x0000021c551f6360 JavaThread "Monitor Deflation Thread"   daemon [_thread_blocked, id=2012, stack(0x0000006f21a00000,0x0000006f21b00000) (1024K)]
  0x0000021c552064c0 JavaThread "C2 CompilerThread0"         daemon [_thread_blocked, id=13704, stack(0x0000006f21b00000,0x0000006f21c00000) (1024K)]
  0x0000021c55227720 JavaThread "C1 CompilerThread0"         daemon [_thread_blocked, id=12432, stack(0x0000006f21c00000,0x0000006f21d00000) (1024K)]
  0x0000021c552ead20 JavaThread "Common-Cleaner"             daemon [_thread_blocked, id=4440, stack(0x0000006f21d00000,0x0000006f21e00000) (1024K)]
  0x0000021c55d905c0 JavaThread "Monitor Ctrl-Break"         daemon [_thread_in_native, id=7272, stack(0x0000006f21f00000,0x0000006f22000000) (1024K)]
  0x0000021c55d84690 JavaThread "Notification Thread"        daemon [_thread_blocked, id=6292, stack(0x0000006f22000000,0x0000006f22100000) (1024K)]
  0x0000021c55d84d20 JavaThread "WebSocketConnectReadThread-26"        [_thread_in_native, id=3532, stack(0x0000006f22600000,0x0000006f22700000) (1024K)]
  0x0000021c55d853b0 JavaThread "WebSocketWriteThread-27"           [_thread_blocked, id=3128, stack(0x0000006f22900000,0x0000006f22a00000) (1024K)]
  0x0000021c55d85a40 JavaThread "connectionLostChecker-1"           [_thread_blocked, id=5012, stack(0x0000006f22a00000,0x0000006f22b00000) (1024K)]
  0x0000021c55d860d0 JavaThread "Java Sound Event Dispatcher" daemon [_thread_blocked, id=4488, stack(0x0000006f22b00000,0x0000006f22c00000) (1024K)]
  0x0000021c55d86760 JavaThread "Thread-2"                          [_thread_blocked, id=4804, stack(0x0000006f22f00000,0x0000006f23000000) (1024K)]
  0x0000021c55d84000 JavaThread "Java2D Disposer"            daemon [_thread_blocked, id=12964, stack(0x0000006f23600000,0x0000006f23700000) (1024K)]
  0x0000021c55d86df0 JavaThread "AWT-Shutdown"                      [_thread_blocked, id=10896, stack(0x0000006f23700000,0x0000006f23800000) (1024K)]
  0x0000021c55d83970 JavaThread "AWT-Windows"                daemon [_thread_blocked, id=576, stack(0x0000006f23800000,0x0000006f23900000) (1024K)]
  0x0000021c9b7328f0 JavaThread "AWT-EventQueue-0"                  [_thread_blocked, id=4564, stack(0x0000006f23900000,0x0000006f23a00000) (1024K)]
  0x0000021c9b72e0c0 JavaThread "Thread-3"                          [_thread_blocked, id=1584, stack(0x0000006f23d00000,0x0000006f23e00000) (1024K)]
  0x0000021c9b72d3a0 JavaThread "JavaCPP Deallocator"        daemon [_thread_blocked, id=5312, stack(0x0000006f24200000,0x0000006f24300000) (1024K)]
  0x0000021c9b88d8d0 JavaThread "C2 CompilerThread1"         daemon [_thread_blocked, id=9360, stack(0x0000006f24300000,0x0000006f24400000) (1024K)]
Total: 24

Other Threads:
  0x0000021c54f8ce00 VMThread "VM Thread"                           [id=8372, stack(0x0000006f21400000,0x0000006f21500000) (1024K)]
  0x0000021c54f73250 WatcherThread "VM Periodic Task Thread"        [id=7540, stack(0x0000006f21300000,0x0000006f21400000) (1024K)]
=>0x0000021c36595610 WorkerThread "GC Thread#0"                     [id=2624, stack(0x0000006f20e00000,0x0000006f20f00000) (1024K)]
  0x0000021c9b0c4c10 WorkerThread "GC Thread#1"                     [id=948, stack(0x0000006f22100000,0x0000006f22200000) (1024K)]
  0x0000021c55c32540 WorkerThread "GC Thread#2"                     [id=4672, stack(0x0000006f22200000,0x0000006f22300000) (1024K)]
  0x0000021c55c328f0 WorkerThread "GC Thread#3"                     [id=7924, stack(0x0000006f22300000,0x0000006f22400000) (1024K)]
  0x0000021c55c32ca0 WorkerThread "GC Thread#4"                     [id=16324, stack(0x0000006f22400000,0x0000006f22500000) (1024K)]
  0x0000021c55c33050 WorkerThread "GC Thread#5"                     [id=9912, stack(0x0000006f22500000,0x0000006f22600000) (1024K)]
  0x0000021c365a7220 ConcurrentGCThread "G1 Main Marker"            [id=8456, stack(0x0000006f20f00000,0x0000006f21000000) (1024K)]
  0x0000021c365a7d30 WorkerThread "G1 Conc#0"                       [id=9900, stack(0x0000006f21000000,0x0000006f21100000) (1024K)]
  0x0000021c54e474c0 ConcurrentGCThread "G1 Refine#0"               [id=10704, stack(0x0000006f21100000,0x0000006f21200000) (1024K)]
  0x0000021c54e47e50 ConcurrentGCThread "G1 Service"                [id=9536, stack(0x0000006f21200000,0x0000006f21300000) (1024K)]
Total: 12

Threads with active compile tasks:
C2 CompilerThread0  3762 1669       4       java.net.URLStreamHandler::parseURL (1124 bytes)
Total: 1

VM state: at safepoint (normal execution)

VM Mutex/Monitor currently owned by a thread:  ([mutex/lock_event])
[0x00007ffd0712bbb8] Threads_lock - owner thread: 0x0000021c54f8ce00
[0x00007ffd0712bcb8] Heap_lock - owner thread: 0x0000021c55d86760

Heap address: 0x0000000703e00000, size: 4034 MB, Compressed Oops mode: Zero based, Oop shift amount: 3

CDS archive(s) mapped at: [0x0000021c56000000-0x0000021c56c50000-0x0000021c56c50000), size 12910592, SharedBaseAddress: 0x0000021c56000000, ArchiveRelocationMode: 1.
Compressed class space mapped at: 0x0000021c57000000-0x0000021c97000000, reserved size: 1073741824
Narrow klass base: 0x0000021c56000000, Narrow klass shift: 0, Narrow klass range: 0x41000000

GC Precious Log:
 CardTable entry size: 512
 Card Set container configuration: InlinePtr #cards 4 size 8 Array Of Cards #cards 16 size 48 Howl #buckets 8 coarsen threshold 3686 Howl Bitmap #cards 512 size 80 coarsen threshold 460 Card regions per heap region 1 cards per card region 4096
 CPUs: 6 total, 6 available
 Memory: 16129M
 Large Page Support: Disabled
 NUMA Support: Disabled
 Compressed Oops: Enabled (Zero based)
 Heap Region Size: 2M
 Heap Min Capacity: 8M
 Heap Initial Capacity: 254M
 Heap Max Capacity: 4034M
 Pre-touch: Disabled
 Parallel Workers: 6
 Concurrent Workers: 2
 Concurrent Refinement Workers: 6
 Periodic GC: Disabled

Heap:
 garbage-first heap   total reserved 4130816K, committed 260096K, used 37699K [0x0000000703e00000, 0x0000000800000000)
  region size 2048K, 18 young (36864K), 2 survivors (4096K)
 Metaspace       used 10910K, committed 11200K, reserved 1114112K
  class space    used 1218K, committed 1344K, reserved 1048576K

Heap Regions: E=young(eden), S=young(survivor), O=old, HS=humongous(starts), HC=humongous(continues), CS=collection set, F=free, TAMS=top-at-mark-start, PB=parsable bottom
|   0|0x0000000703e00000, 0x0000000704000000, 0x0000000704000000|100%| O|  |TAMS 0x0000000703e00000| PB 0x0000000703e00000| Untracked |  0
|   1|0x0000000704000000, 0x0000000704200000, 0x0000000704200000|100%| O|  |TAMS 0x0000000704000000| PB 0x0000000704000000| Untracked |  0
|   2|0x0000000704200000, 0x00000007042e69b0, 0x0000000704400000| 45%| O|  |TAMS 0x0000000704200000| PB 0x0000000704200000| Untracked |  0
|   3|0x0000000704400000, 0x0000000704400000, 0x0000000704600000|  0%| F|  |TAMS 0x0000000704400000| PB 0x0000000704400000| Untracked |  0
|   4|0x0000000704600000, 0x0000000704600000, 0x0000000704800000|  0%| F|  |TAMS 0x0000000704600000| PB 0x0000000704600000| Untracked |  0
|   5|0x0000000704800000, 0x0000000704800000, 0x0000000704a00000|  0%| F|  |TAMS 0x0000000704800000| PB 0x0000000704800000| Untracked |  0
|   6|0x0000000704a00000, 0x0000000704a00000, 0x0000000704c00000|  0%| F|  |TAMS 0x0000000704a00000| PB 0x0000000704a00000| Untracked |  0
|   7|0x0000000704c00000, 0x0000000704c00000, 0x0000000704e00000|  0%| F|  |TAMS 0x0000000704c00000| PB 0x0000000704c00000| Untracked |  0
|   8|0x0000000704e00000, 0x0000000704e00000, 0x0000000705000000|  0%| F|  |TAMS 0x0000000704e00000| PB 0x0000000704e00000| Untracked |  0
|   9|0x0000000705000000, 0x0000000705000000, 0x0000000705200000|  0%| F|  |TAMS 0x0000000705000000| PB 0x0000000705000000| Untracked |  0
|  10|0x0000000705200000, 0x0000000705200000, 0x0000000705400000|  0%| F|  |TAMS 0x0000000705200000| PB 0x0000000705200000| Untracked |  0
|  11|0x0000000705400000, 0x0000000705400000, 0x0000000705600000|  0%| F|  |TAMS 0x0000000705400000| PB 0x0000000705400000| Untracked |  0
|  12|0x0000000705600000, 0x0000000705600000, 0x0000000705800000|  0%| F|  |TAMS 0x0000000705600000| PB 0x0000000705600000| Untracked |  0
|  13|0x0000000705800000, 0x0000000705800000, 0x0000000705a00000|  0%| F|  |TAMS 0x0000000705800000| PB 0x0000000705800000| Untracked |  0
|  14|0x0000000705a00000, 0x0000000705a00000, 0x0000000705c00000|  0%| F|  |TAMS 0x0000000705a00000| PB 0x0000000705a00000| Untracked |  0
|  15|0x0000000705c00000, 0x0000000705c00000, 0x0000000705e00000|  0%| F|  |TAMS 0x0000000705c00000| PB 0x0000000705c00000| Untracked |  0
|  16|0x0000000705e00000, 0x0000000705e00000, 0x0000000706000000|  0%| F|  |TAMS 0x0000000705e00000| PB 0x0000000705e00000| Untracked |  0
|  17|0x0000000706000000, 0x0000000706000000, 0x0000000706200000|  0%| F|  |TAMS 0x0000000706000000| PB 0x0000000706000000| Untracked |  0
|  18|0x0000000706200000, 0x0000000706200000, 0x0000000706400000|  0%| F|  |TAMS 0x0000000706200000| PB 0x0000000706200000| Untracked |  0
|  19|0x0000000706400000, 0x0000000706400000, 0x0000000706600000|  0%| F|  |TAMS 0x0000000706400000| PB 0x0000000706400000| Untracked |  0
|  20|0x0000000706600000, 0x0000000706600000, 0x0000000706800000|  0%| F|  |TAMS 0x0000000706600000| PB 0x0000000706600000| Untracked |  0
|  21|0x0000000706800000, 0x0000000706800000, 0x0000000706a00000|  0%| F|  |TAMS 0x0000000706800000| PB 0x0000000706800000| Untracked |  0
|  22|0x0000000706a00000, 0x0000000706a00000, 0x0000000706c00000|  0%| F|  |TAMS 0x0000000706a00000| PB 0x0000000706a00000| Untracked |  0
|  23|0x0000000706c00000, 0x0000000706c00000, 0x0000000706e00000|  0%| F|  |TAMS 0x0000000706c00000| PB 0x0000000706c00000| Untracked |  0
|  24|0x0000000706e00000, 0x0000000706e00000, 0x0000000707000000|  0%| F|  |TAMS 0x0000000706e00000| PB 0x0000000706e00000| Untracked |  0
|  25|0x0000000707000000, 0x0000000707000000, 0x0000000707200000|  0%| F|  |TAMS 0x0000000707000000| PB 0x0000000707000000| Untracked |  0
|  26|0x0000000707200000, 0x0000000707200000, 0x0000000707400000|  0%| F|  |TAMS 0x0000000707200000| PB 0x0000000707200000| Untracked |  0
|  27|0x0000000707400000, 0x0000000707400000, 0x0000000707600000|  0%| F|  |TAMS 0x0000000707400000| PB 0x0000000707400000| Untracked |  0
|  28|0x0000000707600000, 0x0000000707600000, 0x0000000707800000|  0%| F|  |TAMS 0x0000000707600000| PB 0x0000000707600000| Untracked |  0
|  29|0x0000000707800000, 0x0000000707800000, 0x0000000707a00000|  0%| F|  |TAMS 0x0000000707800000| PB 0x0000000707800000| Untracked |  0
|  30|0x0000000707a00000, 0x0000000707a00000, 0x0000000707c00000|  0%| F|  |TAMS 0x0000000707a00000| PB 0x0000000707a00000| Untracked |  0
|  31|0x0000000707c00000, 0x0000000707c00000, 0x0000000707e00000|  0%| F|  |TAMS 0x0000000707c00000| PB 0x0000000707c00000| Untracked |  0
|  32|0x0000000707e00000, 0x0000000707e00000, 0x0000000708000000|  0%| F|  |TAMS 0x0000000707e00000| PB 0x0000000707e00000| Untracked |  0
|  33|0x0000000708000000, 0x0000000708000000, 0x0000000708200000|  0%| F|  |TAMS 0x0000000708000000| PB 0x0000000708000000| Untracked |  0
|  34|0x0000000708200000, 0x0000000708200000, 0x0000000708400000|  0%| F|  |TAMS 0x0000000708200000| PB 0x0000000708200000| Untracked |  0
|  35|0x0000000708400000, 0x0000000708400000, 0x0000000708600000|  0%| F|  |TAMS 0x0000000708400000| PB 0x0000000708400000| Untracked |  0
|  36|0x0000000708600000, 0x0000000708600000, 0x0000000708800000|  0%| F|  |TAMS 0x0000000708600000| PB 0x0000000708600000| Untracked |  0
|  37|0x0000000708800000, 0x0000000708800000, 0x0000000708a00000|  0%| F|  |TAMS 0x0000000708800000| PB 0x0000000708800000| Untracked |  0
|  38|0x0000000708a00000, 0x0000000708a00000, 0x0000000708c00000|  0%| F|  |TAMS 0x0000000708a00000| PB 0x0000000708a00000| Untracked |  0
|  39|0x0000000708c00000, 0x0000000708c00000, 0x0000000708e00000|  0%| F|  |TAMS 0x0000000708c00000| PB 0x0000000708c00000| Untracked |  0
|  40|0x0000000708e00000, 0x0000000708e00000, 0x0000000709000000|  0%| F|  |TAMS 0x0000000708e00000| PB 0x0000000708e00000| Untracked |  0
|  41|0x0000000709000000, 0x0000000709000000, 0x0000000709200000|  0%| F|  |TAMS 0x0000000709000000| PB 0x0000000709000000| Untracked |  0
|  42|0x0000000709200000, 0x0000000709200000, 0x0000000709400000|  0%| F|  |TAMS 0x0000000709200000| PB 0x0000000709200000| Untracked |  0
|  43|0x0000000709400000, 0x0000000709400000, 0x0000000709600000|  0%| F|  |TAMS 0x0000000709400000| PB 0x0000000709400000| Untracked |  0
|  44|0x0000000709600000, 0x0000000709600000, 0x0000000709800000|  0%| F|  |TAMS 0x0000000709600000| PB 0x0000000709600000| Untracked |  0
|  45|0x0000000709800000, 0x0000000709800000, 0x0000000709a00000|  0%| F|  |TAMS 0x0000000709800000| PB 0x0000000709800000| Untracked |  0
|  46|0x0000000709a00000, 0x0000000709a00000, 0x0000000709c00000|  0%| F|  |TAMS 0x0000000709a00000| PB 0x0000000709a00000| Untracked |  0
|  47|0x0000000709c00000, 0x0000000709c00000, 0x0000000709e00000|  0%| F|  |TAMS 0x0000000709c00000| PB 0x0000000709c00000| Untracked |  0
|  48|0x0000000709e00000, 0x0000000709e00000, 0x000000070a000000|  0%| F|  |TAMS 0x0000000709e00000| PB 0x0000000709e00000| Untracked |  0
|  49|0x000000070a000000, 0x000000070a000000, 0x000000070a200000|  0%| F|  |TAMS 0x000000070a000000| PB 0x000000070a000000| Untracked |  0
|  50|0x000000070a200000, 0x000000070a200000, 0x000000070a400000|  0%| F|  |TAMS 0x000000070a200000| PB 0x000000070a200000| Untracked |  0
|  51|0x000000070a400000, 0x000000070a400000, 0x000000070a600000|  0%| F|  |TAMS 0x000000070a400000| PB 0x000000070a400000| Untracked |  0
|  52|0x000000070a600000, 0x000000070a600000, 0x000000070a800000|  0%| F|  |TAMS 0x000000070a600000| PB 0x000000070a600000| Untracked |  0
|  53|0x000000070a800000, 0x000000070a800000, 0x000000070aa00000|  0%| F|  |TAMS 0x000000070a800000| PB 0x000000070a800000| Untracked |  0
|  54|0x000000070aa00000, 0x000000070aa00000, 0x000000070ac00000|  0%| F|  |TAMS 0x000000070aa00000| PB 0x000000070aa00000| Untracked |  0
|  55|0x000000070ac00000, 0x000000070ac00000, 0x000000070ae00000|  0%| F|  |TAMS 0x000000070ac00000| PB 0x000000070ac00000| Untracked |  0
|  56|0x000000070ae00000, 0x000000070ae00000, 0x000000070b000000|  0%| F|  |TAMS 0x000000070ae00000| PB 0x000000070ae00000| Untracked |  0
|  57|0x000000070b000000, 0x000000070b000000, 0x000000070b200000|  0%| F|  |TAMS 0x000000070b000000| PB 0x000000070b000000| Untracked |  0
|  58|0x000000070b200000, 0x000000070b200000, 0x000000070b400000|  0%| F|  |TAMS 0x000000070b200000| PB 0x000000070b200000| Untracked |  0
|  59|0x000000070b400000, 0x000000070b400000, 0x000000070b600000|  0%| F|  |TAMS 0x000000070b400000| PB 0x000000070b400000| Untracked |  0
|  60|0x000000070b600000, 0x000000070b600000, 0x000000070b800000|  0%| F|  |TAMS 0x000000070b600000| PB 0x000000070b600000| Untracked |  0
|  61|0x000000070b800000, 0x000000070b800000, 0x000000070ba00000|  0%| F|  |TAMS 0x000000070b800000| PB 0x000000070b800000| Untracked |  0
|  62|0x000000070ba00000, 0x000000070ba00000, 0x000000070bc00000|  0%| F|  |TAMS 0x000000070ba00000| PB 0x000000070ba00000| Untracked |  0
|  63|0x000000070bc00000, 0x000000070bc00000, 0x000000070be00000|  0%| F|  |TAMS 0x000000070bc00000| PB 0x000000070bc00000| Untracked |  0
|  64|0x000000070be00000, 0x000000070be00000, 0x000000070c000000|  0%| F|  |TAMS 0x000000070be00000| PB 0x000000070be00000| Untracked |  0
|  65|0x000000070c000000, 0x000000070c000000, 0x000000070c200000|  0%| F|  |TAMS 0x000000070c000000| PB 0x000000070c000000| Untracked |  0
|  66|0x000000070c200000, 0x000000070c200000, 0x000000070c400000|  0%| F|  |TAMS 0x000000070c200000| PB 0x000000070c200000| Untracked |  0
|  67|0x000000070c400000, 0x000000070c400000, 0x000000070c600000|  0%| F|  |TAMS 0x000000070c400000| PB 0x000000070c400000| Untracked |  0
|  68|0x000000070c600000, 0x000000070c600000, 0x000000070c800000|  0%| F|  |TAMS 0x000000070c600000| PB 0x000000070c600000| Untracked |  0
|  69|0x000000070c800000, 0x000000070c800000, 0x000000070ca00000|  0%| F|  |TAMS 0x000000070c800000| PB 0x000000070c800000| Untracked |  0
|  70|0x000000070ca00000, 0x000000070ca00000, 0x000000070cc00000|  0%| F|  |TAMS 0x000000070ca00000| PB 0x000000070ca00000| Untracked |  0
|  71|0x000000070cc00000, 0x000000070cc00000, 0x000000070ce00000|  0%| F|  |TAMS 0x000000070cc00000| PB 0x000000070cc00000| Untracked |  0
|  72|0x000000070ce00000, 0x000000070ce00000, 0x000000070d000000|  0%| F|  |TAMS 0x000000070ce00000| PB 0x000000070ce00000| Untracked |  0
|  73|0x000000070d000000, 0x000000070d000000, 0x000000070d200000|  0%| F|  |TAMS 0x000000070d000000| PB 0x000000070d000000| Untracked |  0
|  74|0x000000070d200000, 0x000000070d200000, 0x000000070d400000|  0%| F|  |TAMS 0x000000070d200000| PB 0x000000070d200000| Untracked |  0
|  75|0x000000070d400000, 0x000000070d400000, 0x000000070d600000|  0%| F|  |TAMS 0x000000070d400000| PB 0x000000070d400000| Untracked |  0
|  76|0x000000070d600000, 0x000000070d600000, 0x000000070d800000|  0%| F|  |TAMS 0x000000070d600000| PB 0x000000070d600000| Untracked |  0
|  77|0x000000070d800000, 0x000000070d800000, 0x000000070da00000|  0%| F|  |TAMS 0x000000070d800000| PB 0x000000070d800000| Untracked |  0
|  78|0x000000070da00000, 0x000000070da00000, 0x000000070dc00000|  0%| F|  |TAMS 0x000000070da00000| PB 0x000000070da00000| Untracked |  0
|  79|0x000000070dc00000, 0x000000070dc00000, 0x000000070de00000|  0%| F|  |TAMS 0x000000070dc00000| PB 0x000000070dc00000| Untracked |  0
|  80|0x000000070de00000, 0x000000070de00000, 0x000000070e000000|  0%| F|  |TAMS 0x000000070de00000| PB 0x000000070de00000| Untracked |  0
|  81|0x000000070e000000, 0x000000070e000000, 0x000000070e200000|  0%| F|  |TAMS 0x000000070e000000| PB 0x000000070e000000| Untracked |  0
|  82|0x000000070e200000, 0x000000070e200000, 0x000000070e400000|  0%| F|  |TAMS 0x000000070e200000| PB 0x000000070e200000| Untracked |  0
|  83|0x000000070e400000, 0x000000070e400000, 0x000000070e600000|  0%| F|  |TAMS 0x000000070e400000| PB 0x000000070e400000| Untracked |  0
|  84|0x000000070e600000, 0x000000070e600000, 0x000000070e800000|  0%| F|  |TAMS 0x000000070e600000| PB 0x000000070e600000| Untracked |  0
|  85|0x000000070e800000, 0x000000070e800000, 0x000000070ea00000|  0%| F|  |TAMS 0x000000070e800000| PB 0x000000070e800000| Untracked |  0
|  86|0x000000070ea00000, 0x000000070ea00000, 0x000000070ec00000|  0%| F|  |TAMS 0x000000070ea00000| PB 0x000000070ea00000| Untracked |  0
|  87|0x000000070ec00000, 0x000000070ec00000, 0x000000070ee00000|  0%| F|  |TAMS 0x000000070ec00000| PB 0x000000070ec00000| Untracked |  0
|  88|0x000000070ee00000, 0x000000070ee00000, 0x000000070f000000|  0%| F|  |TAMS 0x000000070ee00000| PB 0x000000070ee00000| Untracked |  0
|  89|0x000000070f000000, 0x000000070f000000, 0x000000070f200000|  0%| F|  |TAMS 0x000000070f000000| PB 0x000000070f000000| Untracked |  0
|  90|0x000000070f200000, 0x000000070f200000, 0x000000070f400000|  0%| F|  |TAMS 0x000000070f200000| PB 0x000000070f200000| Untracked |  0
|  91|0x000000070f400000, 0x000000070f400000, 0x000000070f600000|  0%| F|  |TAMS 0x000000070f400000| PB 0x000000070f400000| Untracked |  0
|  92|0x000000070f600000, 0x000000070f600000, 0x000000070f800000|  0%| F|  |TAMS 0x000000070f600000| PB 0x000000070f600000| Untracked |  0
|  93|0x000000070f800000, 0x000000070f800000, 0x000000070fa00000|  0%| F|  |TAMS 0x000000070f800000| PB 0x000000070f800000| Untracked |  0
|  94|0x000000070fa00000, 0x000000070fa00000, 0x000000070fc00000|  0%| F|  |TAMS 0x000000070fa00000| PB 0x000000070fa00000| Untracked |  0
|  95|0x000000070fc00000, 0x000000070fc00000, 0x000000070fe00000|  0%| F|  |TAMS 0x000000070fc00000| PB 0x000000070fc00000| Untracked |  0
|  96|0x000000070fe00000, 0x000000070fe00000, 0x0000000710000000|  0%| F|  |TAMS 0x000000070fe00000| PB 0x000000070fe00000| Untracked |  0
|  97|0x0000000710000000, 0x0000000710000000, 0x0000000710200000|  0%| F|  |TAMS 0x0000000710000000| PB 0x0000000710000000| Untracked |  0
|  98|0x0000000710200000, 0x0000000710200000, 0x0000000710400000|  0%| F|  |TAMS 0x0000000710200000| PB 0x0000000710200000| Untracked |  0
|  99|0x0000000710400000, 0x0000000710400000, 0x0000000710600000|  0%| F|  |TAMS 0x0000000710400000| PB 0x0000000710400000| Untracked |  0
| 100|0x0000000710600000, 0x0000000710600000, 0x0000000710800000|  0%| F|  |TAMS 0x0000000710600000| PB 0x0000000710600000| Untracked |  0
| 101|0x0000000710800000, 0x0000000710800000, 0x0000000710a00000|  0%| F|  |TAMS 0x0000000710800000| PB 0x0000000710800000| Untracked |  0
| 102|0x0000000710a00000, 0x0000000710a00000, 0x0000000710c00000|  0%| F|  |TAMS 0x0000000710a00000| PB 0x0000000710a00000| Untracked |  0
| 103|0x0000000710c00000, 0x0000000710c00000, 0x0000000710e00000|  0%| F|  |TAMS 0x0000000710c00000| PB 0x0000000710c00000| Untracked |  0
| 104|0x0000000710e00000, 0x0000000710e00000, 0x0000000711000000|  0%| F|  |TAMS 0x0000000710e00000| PB 0x0000000710e00000| Untracked |  0
| 105|0x0000000711000000, 0x0000000711000000, 0x0000000711200000|  0%| F|  |TAMS 0x0000000711000000| PB 0x0000000711000000| Untracked |  0
| 106|0x0000000711200000, 0x0000000711200000, 0x0000000711400000|  0%| F|  |TAMS 0x0000000711200000| PB 0x0000000711200000| Untracked |  0
| 107|0x0000000711400000, 0x0000000711492a40, 0x0000000711600000| 28%| S|  |TAMS 0x0000000711400000| PB 0x0000000711400000| Complete |  0
| 108|0x0000000711600000, 0x0000000711800000, 0x0000000711800000|100%| S|  |TAMS 0x0000000711600000| PB 0x0000000711600000| Complete |  0
| 109|0x0000000711800000, 0x0000000711a00000, 0x0000000711a00000|100%| E|CS|TAMS 0x0000000711800000| PB 0x0000000711800000| Complete |  0
| 110|0x0000000711a00000, 0x0000000711c00000, 0x0000000711c00000|100%| E|CS|TAMS 0x0000000711a00000| PB 0x0000000711a00000| Complete |  0
| 111|0x0000000711c00000, 0x0000000711e00000, 0x0000000711e00000|100%| E|CS|TAMS 0x0000000711c00000| PB 0x0000000711c00000| Complete |  0
| 112|0x0000000711e00000, 0x0000000712000000, 0x0000000712000000|100%| E|CS|TAMS 0x0000000711e00000| PB 0x0000000711e00000| Complete |  0
| 113|0x0000000712000000, 0x0000000712200000, 0x0000000712200000|100%| E|CS|TAMS 0x0000000712000000| PB 0x0000000712000000| Complete |  0
| 114|0x0000000712200000, 0x0000000712400000, 0x0000000712400000|100%| E|CS|TAMS 0x0000000712200000| PB 0x0000000712200000| Complete |  0
| 115|0x0000000712400000, 0x0000000712600000, 0x0000000712600000|100%| E|CS|TAMS 0x0000000712400000| PB 0x0000000712400000| Complete |  0
| 116|0x0000000712600000, 0x0000000712800000, 0x0000000712800000|100%| E|CS|TAMS 0x0000000712600000| PB 0x0000000712600000| Complete |  0
| 117|0x0000000712800000, 0x0000000712a00000, 0x0000000712a00000|100%| E|CS|TAMS 0x0000000712800000| PB 0x0000000712800000| Complete |  0
| 118|0x0000000712a00000, 0x0000000712c00000, 0x0000000712c00000|100%| E|CS|TAMS 0x0000000712a00000| PB 0x0000000712a00000| Complete |  0
| 119|0x0000000712c00000, 0x0000000712e00000, 0x0000000712e00000|100%| E|CS|TAMS 0x0000000712c00000| PB 0x0000000712c00000| Complete |  0
| 120|0x0000000712e00000, 0x0000000713000000, 0x0000000713000000|100%| E|CS|TAMS 0x0000000712e00000| PB 0x0000000712e00000| Complete |  0
| 121|0x0000000713000000, 0x0000000713200000, 0x0000000713200000|100%| E|CS|TAMS 0x0000000713000000| PB 0x0000000713000000| Complete |  0
| 122|0x0000000713200000, 0x0000000713400000, 0x0000000713400000|100%| E|CS|TAMS 0x0000000713200000| PB 0x0000000713200000| Complete |  0
| 123|0x0000000713400000, 0x0000000713600000, 0x0000000713600000|100%| E|CS|TAMS 0x0000000713400000| PB 0x0000000713400000| Complete |  0
| 124|0x0000000713600000, 0x0000000713800000, 0x0000000713800000|100%| E|CS|TAMS 0x0000000713600000| PB 0x0000000713600000| Complete |  0
| 125|0x0000000713800000, 0x0000000713a00000, 0x0000000713a00000|100%| E|CS|TAMS 0x0000000713800000| PB 0x0000000713800000| Complete |  0
| 126|0x0000000713a00000, 0x0000000713c00000, 0x0000000713c00000|100%| E|CS|TAMS 0x0000000713a00000| PB 0x0000000713a00000| Complete |  0

Card table byte_map: [0x0000021c4e160000,0x0000021c4e950000] _byte_map_base: 0x0000021c4a941000

Marking Bits: (CMBitMap*) 0x0000021c36595d20
 Bits: [0x0000021c4e950000, 0x0000021c52858000)

Polling page: 0x0000021c34460000

Metaspace:

Usage:
  Non-class:      9.47 MB used.
      Class:      1.19 MB used.
       Both:     10.66 MB used.

Virtual space:
  Non-class space:       64.00 MB reserved,       9.62 MB ( 15%) committed,  1 nodes.
      Class space:        1.00 GB reserved,       1.31 MB ( <1%) committed,  1 nodes.
             Both:        1.06 GB reserved,      10.94 MB (  1%) committed. 

Chunk freelists:
   Non-Class:  6.22 MB
       Class:  14.70 MB
        Both:  20.92 MB

MaxMetaspaceSize: unlimited
CompressedClassSpaceSize: 1.00 GB
Initial GC threshold: 21.00 MB
Current GC threshold: 21.00 MB
CDS: on
 - commit_granule_bytes: 65536.
 - commit_granule_words: 8192.
 - virtual_space_node_default_size: 8388608.
 - enlarge_chunks_in_place: 1.
 - use_allocation_guard: 0.


Internal statistics:

num_allocs_failed_limit: 0.
num_arena_births: 238.
num_arena_deaths: 0.
num_vsnodes_births: 2.
num_vsnodes_deaths: 0.
num_space_committed: 175.
num_space_uncommitted: 0.
num_chunks_returned_to_freelist: 0.
num_chunks_taken_from_freelist: 393.
num_chunk_merges: 0.
num_chunk_splits: 227.
num_chunks_enlarged: 103.
num_inconsistent_stats: 0.

CodeHeap 'non-profiled nmethods': size=120000Kb used=731Kb max_used=731Kb free=119268Kb
 bounds [0x0000021c46330000, 0x0000021c465a0000, 0x0000021c4d860000]
CodeHeap 'profiled nmethods': size=120000Kb used=3031Kb max_used=3031Kb free=116968Kb
 bounds [0x0000021c3e860000, 0x0000021c3eb60000, 0x0000021c45d90000]
CodeHeap 'non-nmethods': size=5760Kb used=1584Kb max_used=1640Kb free=4175Kb
 bounds [0x0000021c45d90000, 0x0000021c46000000, 0x0000021c46330000]
 total_blobs=2313 nmethods=1669 adapters=549
 compilation: enabled
              stopped_count=0, restarted_count=0
 full_count=0

Compilation events (20 events):
Event: 3.418 Thread 0x0000021c552064c0 1659       4       java.util.concurrent.locks.ReentrantLock$Sync::tryRelease (51 bytes)
Event: 3.419 Thread 0x0000021c552064c0 nmethod 1659 0x0000021c463ddc90 code [0x0000021c463dde00, 0x0000021c463ddf38]
Event: 3.419 Thread 0x0000021c552064c0 1662 %     4       java.lang.StringLatin1::compareToCI @ 16 (108 bytes)
Event: 3.424 Thread 0x0000021c552064c0 nmethod 1662% 0x0000021c463de010 code [0x0000021c463de1a0, 0x0000021c463de5a0]
Event: 3.424 Thread 0x0000021c552064c0 1663       4       java.nio.file.attribute.FileTime::from (18 bytes)
Event: 3.424 Thread 0x0000021c552064c0 nmethod 1663 0x0000021c463de710 code [0x0000021c463de8a0, 0x0000021c463de9d8]
Event: 3.427 Thread 0x0000021c552064c0 1664       4       java.lang.ref.SoftReference::get (29 bytes)
Event: 3.428 Thread 0x0000021c552064c0 nmethod 1664 0x0000021c463deb10 code [0x0000021c463deca0, 0x0000021c463dedb8]
Event: 3.428 Thread 0x0000021c552064c0 1665       4       java.lang.String::getChars (55 bytes)
Event: 3.429 Thread 0x0000021c9b88d8d0 nmethod 1639 0x0000021c463dee90 code [0x0000021c463df3e0, 0x0000021c463e3668]
Event: 3.430 Thread 0x0000021c552064c0 nmethod 1665 0x0000021c463e5c10 code [0x0000021c463e5dc0, 0x0000021c463e6148]
Event: 3.430 Thread 0x0000021c552064c0 1666       4       java.lang.StringLatin1::compareToCI (108 bytes)
Event: 3.432 Thread 0x0000021c55227720 1667       3       java.util.Properties::getProperty (16 bytes)
Event: 3.432 Thread 0x0000021c55227720 nmethod 1667 0x0000021c3eb55410 code [0x0000021c3eb555c0, 0x0000021c3eb557e0]
Event: 3.434 Thread 0x0000021c55227720 1668       3       java.lang.Character::isLetter (18 bytes)
Event: 3.434 Thread 0x0000021c552064c0 nmethod 1666 0x0000021c463e6390 code [0x0000021c463e6520, 0x0000021c463e67b8]
Event: 3.434 Thread 0x0000021c55227720 nmethod 1668 0x0000021c3eb55890 code [0x0000021c3eb55a60, 0x0000021c3eb55d08]
Event: 3.434 Thread 0x0000021c552064c0 1669       4       java.net.URLStreamHandler::parseURL (1124 bytes)
Event: 3.439 Thread 0x0000021c9b88d8d0 1670       4       java.util.zip.ZipUtils::get64 (17 bytes)
Event: 3.440 Thread 0x0000021c9b88d8d0 nmethod 1670 0x0000021c463e6910 code [0x0000021c463e6aa0, 0x0000021c463e6c00]

GC Heap History (3 events):
Event: 0.402 GC heap before
{Heap before GC invocations=0 (full 0):
 garbage-first heap   total reserved 4130816K, committed 260096K, used 22528K [0x0000000703e00000, 0x0000000800000000)
  region size 2048K, 11 young (22528K), 0 survivors (0K)
 Metaspace       used 2580K, committed 2752K, reserved 1114112K
  class space    used 254K, committed 320K, reserved 1048576K
}
Event: 0.405 GC heap after
{Heap after GC invocations=1 (full 0):
 garbage-first heap   total reserved 4130816K, committed 260096K, used 4931K [0x0000000703e00000, 0x0000000800000000)
  region size 2048K, 2 young (4096K), 2 survivors (4096K)
 Metaspace       used 2580K, committed 2752K, reserved 1114112K
  class space    used 254K, committed 320K, reserved 1048576K
}
Event: 3.445 GC heap before
{Heap before GC invocations=1 (full 0):
 garbage-first heap   total reserved 4130816K, committed 260096K, used 37699K [0x0000000703e00000, 0x0000000800000000)
  region size 2048K, 18 young (36864K), 2 survivors (4096K)
 Metaspace       used 10910K, committed 11200K, reserved 1114112K
  class space    used 1218K, committed 1344K, reserved 1048576K
}

Dll operation events (20 events):
Event: 3.342 Loaded shared library C:\Users\woelflenico\.javacpp\cache\javacpp-1.5.5-windows-x86_64.jar\org\bytedeco\javacpp\windows-x86_64\api-ms-win-core-timezone-l1-1-0.dll
Event: 3.348 Loaded shared library C:\Users\woelflenico\.javacpp\cache\javacpp-1.5.5-windows-x86_64.jar\org\bytedeco\javacpp\windows-x86_64\api-ms-win-core-file-l1-1-0.dll
Event: 3.352 Loaded shared library C:\Users\woelflenico\.javacpp\cache\javacpp-1.5.5-windows-x86_64.jar\org\bytedeco\javacpp\windows-x86_64\api-ms-win-core-namedpipe-l1-1-0.dll
Event: 3.357 Loaded shared library C:\Users\woelflenico\.javacpp\cache\javacpp-1.5.5-windows-x86_64.jar\org\bytedeco\javacpp\windows-x86_64\api-ms-win-core-handle-l1-1-0.dll
Event: 3.361 Loaded shared library C:\Users\woelflenico\.javacpp\cache\javacpp-1.5.5-windows-x86_64.jar\org\bytedeco\javacpp\windows-x86_64\api-ms-win-core-file-l2-1-0.dll
Event: 3.366 Loaded shared library C:\Users\woelflenico\.javacpp\cache\javacpp-1.5.5-windows-x86_64.jar\org\bytedeco\javacpp\windows-x86_64\api-ms-win-core-heap-l1-1-0.dll
Event: 3.371 Loaded shared library C:\Users\woelflenico\.javacpp\cache\javacpp-1.5.5-windows-x86_64.jar\org\bytedeco\javacpp\windows-x86_64\api-ms-win-core-libraryloader-l1-1-0.dll
Event: 3.376 Loaded shared library C:\Users\woelflenico\.javacpp\cache\javacpp-1.5.5-windows-x86_64.jar\org\bytedeco\javacpp\windows-x86_64\api-ms-win-core-synch-l1-1-0.dll
Event: 3.381 Loaded shared library C:\Users\woelflenico\.javacpp\cache\javacpp-1.5.5-windows-x86_64.jar\org\bytedeco\javacpp\windows-x86_64\api-ms-win-core-processthreads-l1-1-0.dll
Event: 3.386 Loaded shared library C:\Users\woelflenico\.javacpp\cache\javacpp-1.5.5-windows-x86_64.jar\org\bytedeco\javacpp\windows-x86_64\api-ms-win-core-processenvironment-l1-1-0.dll
Event: 3.391 Loaded shared library C:\Users\woelflenico\.javacpp\cache\javacpp-1.5.5-windows-x86_64.jar\org\bytedeco\javacpp\windows-x86_64\api-ms-win-core-datetime-l1-1-0.dll
Event: 3.397 Loaded shared library C:\Users\woelflenico\.javacpp\cache\javacpp-1.5.5-windows-x86_64.jar\org\bytedeco\javacpp\windows-x86_64\api-ms-win-core-localization-l1-2-0.dll
Event: 3.403 Loaded shared library C:\Users\woelflenico\.javacpp\cache\javacpp-1.5.5-windows-x86_64.jar\org\bytedeco\javacpp\windows-x86_64\api-ms-win-core-sysinfo-l1-1-0.dll
Event: 3.409 Loaded shared library C:\Users\woelflenico\.javacpp\cache\javacpp-1.5.5-windows-x86_64.jar\org\bytedeco\javacpp\windows-x86_64\api-ms-win-core-synch-l1-2-0.dll
Event: 3.414 Loaded shared library C:\Users\woelflenico\.javacpp\cache\javacpp-1.5.5-windows-x86_64.jar\org\bytedeco\javacpp\windows-x86_64\api-ms-win-core-console-l1-1-0.dll
Event: 3.420 Loaded shared library C:\Users\woelflenico\.javacpp\cache\javacpp-1.5.5-windows-x86_64.jar\org\bytedeco\javacpp\windows-x86_64\api-ms-win-core-debug-l1-1-0.dll
Event: 3.425 Loaded shared library C:\Users\woelflenico\.javacpp\cache\javacpp-1.5.5-windows-x86_64.jar\org\bytedeco\javacpp\windows-x86_64\api-ms-win-core-rtlsupport-l1-1-0.dll
Event: 3.431 Loaded shared library C:\Users\woelflenico\.javacpp\cache\javacpp-1.5.5-windows-x86_64.jar\org\bytedeco\javacpp\windows-x86_64\api-ms-win-core-processthreads-l1-1-1.dll
Event: 3.437 Loaded shared library C:\Users\woelflenico\.javacpp\cache\javacpp-1.5.5-windows-x86_64.jar\org\bytedeco\javacpp\windows-x86_64\api-ms-win-core-file-l1-2-0.dll
Event: 3.443 Loaded shared library C:\Users\woelflenico\.javacpp\cache\javacpp-1.5.5-windows-x86_64.jar\org\bytedeco\javacpp\windows-x86_64\api-ms-win-core-profile-l1-1-0.dll

Deoptimization events (20 events):
Event: 3.299 Thread 0x0000021c55d86760 DEOPT PACKING pc=0x0000021c3e9f81c9 sp=0x0000006f22ffd1a0
Event: 3.299 Thread 0x0000021c55d86760 DEOPT UNPACKING pc=0x0000021c45de4e42 sp=0x0000006f22ffc610 mode 0
Event: 3.317 Thread 0x0000021c55d86760 DEOPT PACKING pc=0x0000021c3e969225 sp=0x0000006f22ffd150
Event: 3.317 Thread 0x0000021c55d86760 DEOPT UNPACKING pc=0x0000021c45de4e42 sp=0x0000006f22ffc658 mode 0
Event: 3.321 Thread 0x0000021c55d86760 DEOPT PACKING pc=0x0000021c3e9f81c9 sp=0x0000006f22ffd1d0
Event: 3.321 Thread 0x0000021c55d86760 DEOPT UNPACKING pc=0x0000021c45de4e42 sp=0x0000006f22ffc640 mode 0
Event: 3.322 Thread 0x0000021c55d86760 DEOPT PACKING pc=0x0000021c3e8c1229 sp=0x0000006f22ffd1e0
Event: 3.322 Thread 0x0000021c55d86760 DEOPT UNPACKING pc=0x0000021c45de4e42 sp=0x0000006f22ffc6e0 mode 0
Event: 3.326 Thread 0x0000021c55d86760 DEOPT PACKING pc=0x0000021c3e969225 sp=0x0000006f22ffd1b0
Event: 3.326 Thread 0x0000021c55d86760 DEOPT UNPACKING pc=0x0000021c45de4e42 sp=0x0000006f22ffc6b8 mode 0
Event: 3.334 Thread 0x0000021c55d86760 DEOPT PACKING pc=0x0000021c3e969225 sp=0x0000006f22ffd220
Event: 3.334 Thread 0x0000021c55d86760 DEOPT UNPACKING pc=0x0000021c45de4e42 sp=0x0000006f22ffc728 mode 0
Event: 3.335 Thread 0x0000021c55d86760 DEOPT PACKING pc=0x0000021c3e9f81c9 sp=0x0000006f22ffd1e0
Event: 3.335 Thread 0x0000021c55d86760 DEOPT UNPACKING pc=0x0000021c45de4e42 sp=0x0000006f22ffc650 mode 0
Event: 3.339 Thread 0x0000021c55d86760 DEOPT PACKING pc=0x0000021c3e969225 sp=0x0000006f22ffd1c0
Event: 3.339 Thread 0x0000021c55d86760 DEOPT UNPACKING pc=0x0000021c45de4e42 sp=0x0000006f22ffc6c8 mode 0
Event: 3.349 Thread 0x0000021c55d86760 DEOPT PACKING pc=0x0000021c3e9f81c9 sp=0x0000006f22ffd120
Event: 3.349 Thread 0x0000021c55d86760 DEOPT UNPACKING pc=0x0000021c45de4e42 sp=0x0000006f22ffc590 mode 0
Event: 3.430 Thread 0x0000021c55d86760 DEOPT PACKING pc=0x0000021c3eb34632 sp=0x0000006f22ffd650
Event: 3.430 Thread 0x0000021c55d86760 DEOPT UNPACKING pc=0x0000021c45de4e42 sp=0x0000006f22ffcb18 mode 0

Classes loaded (20 events):
Event: 3.268 Loading class java/lang/reflect/Proxy$ProxyBuilder$1
Event: 3.268 Loading class java/lang/reflect/Proxy$ProxyBuilder$1 done
Event: 3.268 Loading class java/lang/annotation/Target
Event: 3.268 Loading class java/lang/annotation/Target done
Event: 3.270 Loading class java/lang/reflect/UndeclaredThrowableException
Event: 3.270 Loading class java/lang/reflect/UndeclaredThrowableException done
Event: 3.275 Loading class java/util/Arrays$ArrayItr
Event: 3.275 Loading class java/util/Arrays$ArrayItr done
Event: 3.276 Loading class java/lang/ProcessEnvironment
Event: 3.276 Loading class java/lang/ProcessEnvironment done
Event: 3.276 Loading class java/lang/ProcessEnvironment$NameComparator
Event: 3.276 Loading class java/lang/ProcessEnvironment$NameComparator done
Event: 3.276 Loading class java/lang/ProcessEnvironment$EntryComparator
Event: 3.276 Loading class java/lang/ProcessEnvironment$EntryComparator done
Event: 3.276 Loading class java/lang/ProcessEnvironment$CheckedEntrySet
Event: 3.276 Loading class java/lang/ProcessEnvironment$CheckedEntrySet done
Event: 3.276 Loading class java/lang/ProcessEnvironment$CheckedEntrySet$1
Event: 3.276 Loading class java/lang/ProcessEnvironment$CheckedEntrySet$1 done
Event: 3.276 Loading class java/lang/ProcessEnvironment$CheckedEntry
Event: 3.277 Loading class java/lang/ProcessEnvironment$CheckedEntry done

Classes unloaded (0 events):
No events

Classes redefined (0 events):
No events

Internal exceptions (20 events):
Event: 1.052 Thread 0x0000021c551f3f60 Exception <a 'java/lang/NoSuchMethodError'{0x00000007137f07d8}: 'java.lang.Object java.lang.invoke.Invokers$Holder.invokeExact_MT(java.lang.Object, java.lang.Object, java.lang.Object, java.lang.Object, java.lang.Object, java.lang.Object)'> (0x00000007137f07d8) 
thrown [s\open\src\hotspot\share\interpreter\linkResolver.cpp, line 774]
Event: 1.367 Thread 0x0000021c55d84d20 Exception <a 'java/lang/ClassNotFoundException'{0x000000071357e158}: sun/awt/resources/spi/awtProvider> (0x000000071357e158) 
thrown [s\open\src\hotspot\share\classfile\systemDictionary.cpp, line 313]
Event: 1.375 Thread 0x0000021c55d84d20 Exception <a 'java/io/FileNotFoundException'{0x00000007135e04d0}> (0x00000007135e04d0) 
thrown [s\open\src\hotspot\share\prims\jni.cpp, line 520]
Event: 1.379 Thread 0x0000021c55d84d20 Exception <a 'java/io/FileNotFoundException'{0x000000071320cdc0}> (0x000000071320cdc0) 
thrown [s\open\src\hotspot\share\prims\jni.cpp, line 520]
Event: 1.429 Thread 0x0000021c55d84d20 Exception <a 'java/lang/NoSuchMethodError'{0x00000007132fb4c0}: 'void java.lang.invoke.DirectMethodHandle$Holder.invokeSpecial(java.lang.Object, java.lang.Object, java.lang.Object)'> (0x00000007132fb4c0) 
thrown [s\open\src\hotspot\share\interpreter\linkResolver.cpp, line 774]
Event: 1.433 Thread 0x0000021c55d84d20 Exception <a 'java/lang/NoSuchMethodError'{0x0000000713321970}: 'java.lang.Object java.lang.invoke.DirectMethodHandle$Holder.newInvokeSpecial(java.lang.Object, java.lang.Object, java.lang.Object, java.lang.Object, java.lang.Object)'> (0x0000000713321970) 
thrown [s\open\src\hotspot\share\interpreter\linkResolver.cpp, line 774]
Event: 1.438 Thread 0x0000021c55d84d20 Exception <a 'java/lang/NoSuchMethodError'{0x000000071334e050}: 'java.lang.Object java.lang.invoke.DirectMethodHandle$Holder.invokeStatic(java.lang.Object, int, java.lang.Object)'> (0x000000071334e050) 
thrown [s\open\src\hotspot\share\interpreter\linkResolver.cpp, line 774]
Event: 1.455 Thread 0x0000021c55d84d20 Exception <a 'java/lang/ClassNotFoundException'{0x00000007133f4050}: com/sun/swing/internal/plaf/metal/resources/spi/metalProvider> (0x00000007133f4050) 
thrown [s\open\src\hotspot\share\classfile\systemDictionary.cpp, line 313]
Event: 1.456 Thread 0x0000021c55d84d20 Exception <a 'java/lang/ClassNotFoundException'{0x00000007133f8e30}: com/sun/swing/internal/plaf/basic/resources/spi/basicProvider> (0x00000007133f8e30) 
thrown [s\open\src\hotspot\share\classfile\systemDictionary.cpp, line 313]
Event: 1.464 Thread 0x0000021c55d84d20 Exception <a 'java/lang/NoSuchMethodError'{0x0000000713017f20}: 'int java.lang.invoke.Invokers$Holder.invokeExact_MT(java.lang.Object, java.lang.Object)'> (0x0000000713017f20) 
thrown [s\open\src\hotspot\share\interpreter\linkResolver.cpp, line 774]
Event: 1.476 Thread 0x0000021c55d83970 Exception <a 'java/lang/NoSuchMethodError'{0x00000007132db180}: 'void java.lang.invoke.DirectMethodHandle$Holder.invokeVirtual(java.lang.Object, java.lang.Object)'> (0x00000007132db180) 
thrown [s\open\src\hotspot\share\interpreter\linkResolver.cpp, line 774]
Event: 1.486 Thread 0x0000021c9b7328f0 Exception <a 'java/lang/NoSuchMethodError'{0x000000071307cdb0}: 'void java.lang.invoke.DirectMethodHandle$Holder.invokeStaticInit(java.lang.Object)'> (0x000000071307cdb0) 
thrown [s\open\src\hotspot\share\interpreter\linkResolver.cpp, line 774]
Event: 1.572 Thread 0x0000021c55d86760 Exception <a 'java/lang/NoSuchMethodError'{0x00000007135aca70}: 'java.lang.Object java.lang.invoke.DirectMethodHandle$Holder.newInvokeSpecial(java.lang.Object, java.lang.Object, java.lang.Object, java.lang.Object, int)'> (0x00000007135aca70) 
thrown [s\open\src\hotspot\share\interpreter\linkResolver.cpp, line 774]
Event: 1.573 Thread 0x0000021c55d86760 Exception <a 'java/lang/NoSuchMethodError'{0x000000071312b370}: 'java.lang.Object java.lang.invoke.DirectMethodHandle$Holder.invokeSpecial(java.lang.Object, java.lang.Object, java.lang.Object, java.lang.Object, java.lang.Object, int)'> (0x000000071312b370) 
thrown [s\open\src\hotspot\share\interpreter\linkResolver.cpp, line 774]
Event: 1.573 Thread 0x0000021c55d86760 Exception <a 'java/lang/NoSuchMethodError'{0x000000071312eb40}: 'java.lang.Object java.lang.invoke.Invokers$Holder.linkToTargetMethod(java.lang.Object, java.lang.Object, java.lang.Object, int, java.lang.Object)'> (0x000000071312eb40) 
thrown [s\open\src\hotspot\share\interpreter\linkResolver.cpp, line 774]
Event: 3.252 Thread 0x0000021c55d86760 Exception <a 'java/lang/NoSuchMethodError'{0x0000000712e679e0}: 'int java.lang.invoke.DirectMethodHandle$Holder.invokeStaticInit(java.lang.Object, java.lang.Object, java.lang.Object, java.lang.Object)'> (0x0000000712e679e0) 
thrown [s\open\src\hotspot\share\interpreter\linkResolver.cpp, line 774]
Event: 3.254 Thread 0x0000021c55d86760 Exception <a 'java/lang/NoSuchMethodError'{0x0000000712e701e0}: 'java.lang.Object java.lang.invoke.DirectMethodHandle$Holder.invokeInterface(java.lang.Object, java.lang.Object)'> (0x0000000712e701e0) 
thrown [s\open\src\hotspot\share\interpreter\linkResolver.cpp, line 774]
Event: 3.254 Thread 0x0000021c55d86760 Exception <a 'java/lang/IncompatibleClassChangeError'{0x0000000712e73458}: Found class java.lang.Object, but interface was expected> (0x0000000712e73458) 
thrown [s\open\src\hotspot\share\interpreter\linkResolver.cpp, line 841]
Event: 3.255 Thread 0x0000021c55d86760 Exception <a 'java/lang/NoSuchMethodError'{0x0000000712e75f10}: 'void java.lang.invoke.DirectMethodHandle$Holder.invokeStaticInit(java.lang.Object, java.lang.Object)'> (0x0000000712e75f10) 
thrown [s\open\src\hotspot\share\interpreter\linkResolver.cpp, line 774]
Event: 3.255 Thread 0x0000021c55d86760 Exception <a 'java/lang/NoSuchMethodError'{0x0000000712e7b338}: 'int java.lang.invoke.DirectMethodHandle$Holder.invokeStaticInit(java.lang.Object, java.lang.Object)'> (0x0000000712e7b338) 
thrown [s\open\src\hotspot\share\interpreter\linkResolver.cpp, line 774]

ZGC Phase Switch (0 events):
No events

VM Operations (20 events):
Event: 0.439 Executing VM operation: HandshakeAllThreads (Deoptimize) done
Event: 0.483 Executing VM operation: HandshakeAllThreads (Deoptimize)
Event: 0.483 Executing VM operation: HandshakeAllThreads (Deoptimize) done
Event: 1.003 Executing VM operation: HandshakeAllThreads (Deoptimize)
Event: 1.003 Executing VM operation: HandshakeAllThreads (Deoptimize) done
Event: 1.003 Executing VM operation: HandshakeAllThreads (Deoptimize)
Event: 1.003 Executing VM operation: HandshakeAllThreads (Deoptimize) done
Event: 1.386 Executing VM operation: HandshakeAllThreads (Deoptimize)
Event: 1.386 Executing VM operation: HandshakeAllThreads (Deoptimize) done
Event: 1.534 Executing VM operation: HandshakeAllThreads (Deoptimize)
Event: 1.534 Executing VM operation: HandshakeAllThreads (Deoptimize) done
Event: 1.534 Executing VM operation: Cleanup
Event: 1.534 Executing VM operation: Cleanup done
Event: 2.547 Executing VM operation: Cleanup
Event: 2.547 Executing VM operation: Cleanup done
Event: 3.266 Executing VM operation: HandshakeAllThreads (Deoptimize)
Event: 3.266 Executing VM operation: HandshakeAllThreads (Deoptimize) done
Event: 3.276 Executing VM operation: HandshakeAllThreads (Deoptimize)
Event: 3.276 Executing VM operation: HandshakeAllThreads (Deoptimize) done
Event: 3.445 Executing VM operation: G1CollectForAllocation (G1 Evacuation Pause)

Events (20 events):
Event: 0.031 Thread 0x0000021c55227720 Thread added: 0x0000021c55227720
Event: 0.121 Thread 0x0000021c552ead20 Thread added: 0x0000021c552ead20
Event: 0.189 Thread 0x0000021c5571a720 Thread added: 0x0000021c5571a720
Event: 0.260 Thread 0x0000021c55d905c0 Thread added: 0x0000021c55d905c0
Event: 0.260 Thread 0x0000021c55d84690 Thread added: 0x0000021c55d84690
Event: 0.406 Thread 0x0000021c55d84d20 Thread added: 0x0000021c55d84d20
Event: 0.432 Thread 0x0000021c55d853b0 Thread added: 0x0000021c55d853b0
Event: 0.438 Thread 0x0000021c55d85a40 Thread added: 0x0000021c55d85a40
Event: 0.466 Thread 0x0000021c55d860d0 Thread added: 0x0000021c55d860d0
Event: 0.994 Thread 0x0000021c5571a720 Thread exited: 0x0000021c5571a720
Event: 1.048 Thread 0x0000021c9b662030 Thread added: 0x0000021c9b662030
Event: 1.189 Thread 0x0000021c9b662030 Thread exited: 0x0000021c9b662030
Event: 1.353 Thread 0x0000021c55d86760 Thread added: 0x0000021c55d86760
Event: 1.409 Thread 0x0000021c55d84000 Thread added: 0x0000021c55d84000
Event: 1.410 Thread 0x0000021c55d86df0 Thread added: 0x0000021c55d86df0
Event: 1.410 Thread 0x0000021c55d83970 Thread added: 0x0000021c55d83970
Event: 1.468 Thread 0x0000021c9b7328f0 Thread added: 0x0000021c9b7328f0
Event: 1.564 Thread 0x0000021c9b72e0c0 Thread added: 0x0000021c9b72e0c0
Event: 3.248 Thread 0x0000021c9b72d3a0 Thread added: 0x0000021c9b72d3a0
Event: 3.288 Thread 0x0000021c9b88d8d0 Thread added: 0x0000021c9b88d8d0


Dynamic libraries:
0x00007ff7448b0000 - 0x00007ff7448be000 	C:\Users\woelflenico\.jdks\openjdk-22.0.1\bin\java.exe
0x00007ffd91fd0000 - 0x00007ffd921c8000 	C:\WINDOWS\SYSTEM32\ntdll.dll
0x00007ffd90350000 - 0x00007ffd9040d000 	C:\WINDOWS\System32\KERNEL32.DLL
0x00007ffd8fcd0000 - 0x00007ffd8ffc6000 	C:\WINDOWS\System32\KERNELBASE.dll
0x00007ffd8fb30000 - 0x00007ffd8fc30000 	C:\WINDOWS\System32\ucrtbase.dll
0x00007ffd8ad20000 - 0x00007ffd8ad37000 	C:\Users\woelflenico\.jdks\openjdk-22.0.1\bin\jli.dll
0x00007ffd8ad40000 - 0x00007ffd8ad5b000 	C:\Users\woelflenico\.jdks\openjdk-22.0.1\bin\VCRUNTIME140.dll
0x00007ffd911d0000 - 0x00007ffd9136f000 	C:\WINDOWS\System32\USER32.dll
0x00007ffd8f680000 - 0x00007ffd8f6a2000 	C:\WINDOWS\System32\win32u.dll
0x00007ffd90f20000 - 0x00007ffd90f4b000 	C:\WINDOWS\System32\GDI32.dll
0x00007ffd8f910000 - 0x00007ffd8fa27000 	C:\WINDOWS\System32\gdi32full.dll
0x00007ffd7ed30000 - 0x00007ffd7efca000 	C:\WINDOWS\WinSxS\amd64_microsoft.windows.common-controls_6595b64144ccf1df_6.0.19041.4355_none_60b8b9eb71f62e16\COMCTL32.dll
0x00007ffd8fc30000 - 0x00007ffd8fccd000 	C:\WINDOWS\System32\msvcp_win.dll
0x00007ffd902b0000 - 0x00007ffd9034e000 	C:\WINDOWS\System32\msvcrt.dll
0x00007ffd90130000 - 0x00007ffd90162000 	C:\WINDOWS\System32\IMM32.DLL
0x00007ffd8acf0000 - 0x00007ffd8acfc000 	C:\Users\woelflenico\.jdks\openjdk-22.0.1\bin\vcruntime140_1.dll
0x00007ffd6c1e0000 - 0x00007ffd6c26e000 	C:\Users\woelflenico\.jdks\openjdk-22.0.1\bin\msvcp140.dll
0x00007ffd064c0000 - 0x00007ffd07207000 	C:\Users\woelflenico\.jdks\openjdk-22.0.1\bin\server\jvm.dll
0x00007ffd91090000 - 0x00007ffd91140000 	C:\WINDOWS\System32\ADVAPI32.dll
0x00007ffd91ef0000 - 0x00007ffd91f90000 	C:\WINDOWS\System32\sechost.dll
0x00007ffd90000000 - 0x00007ffd90123000 	C:\WINDOWS\System32\RPCRT4.dll
0x00007ffd8ffd0000 - 0x00007ffd8fff7000 	C:\WINDOWS\System32\bcrypt.dll
0x00007ffd90eb0000 - 0x00007ffd90f1b000 	C:\WINDOWS\System32\WS2_32.dll
0x00007ffd8f4d0000 - 0x00007ffd8f51b000 	C:\WINDOWS\SYSTEM32\POWRPROF.dll
0x00007ffd89d00000 - 0x00007ffd89d0a000 	C:\WINDOWS\SYSTEM32\VERSION.dll
0x00007ffd85bd0000 - 0x00007ffd85bf7000 	C:\WINDOWS\SYSTEM32\WINMM.dll
0x00007ffd8f4b0000 - 0x00007ffd8f4c2000 	C:\WINDOWS\SYSTEM32\UMPDC.dll
0x00007ffd8d300000 - 0x00007ffd8d312000 	C:\WINDOWS\SYSTEM32\kernel.appcore.dll
0x00007ffd8a3e0000 - 0x00007ffd8a3ea000 	C:\Users\woelflenico\.jdks\openjdk-22.0.1\bin\jimage.dll
0x00007ffd8aee0000 - 0x00007ffd8b0c4000 	C:\WINDOWS\SYSTEM32\DBGHELP.DLL
0x00007ffd8aea0000 - 0x00007ffd8aed4000 	C:\WINDOWS\SYSTEM32\dbgcore.DLL
0x00007ffd8faa0000 - 0x00007ffd8fb22000 	C:\WINDOWS\System32\bcryptPrimitives.dll
0x00007ffd8adf0000 - 0x00007ffd8adff000 	C:\Users\woelflenico\.jdks\openjdk-22.0.1\bin\instrument.dll
0x00007ffd8a3c0000 - 0x00007ffd8a3de000 	C:\Users\woelflenico\.jdks\openjdk-22.0.1\bin\java.dll
0x00007ffd90600000 - 0x00007ffd90d6b000 	C:\WINDOWS\System32\SHELL32.dll
0x00007ffd918b0000 - 0x00007ffd919db000 	C:\WINDOWS\System32\ole32.dll
0x00007ffd91b90000 - 0x00007ffd91ee3000 	C:\WINDOWS\System32\combase.dll
0x00007ffd8d500000 - 0x00007ffd8dc9d000 	C:\WINDOWS\SYSTEM32\windows.storage.dll
0x00007ffd8eef0000 - 0x00007ffd8ef1e000 	C:\WINDOWS\SYSTEM32\Wldp.dll
0x00007ffd91370000 - 0x00007ffd9143d000 	C:\WINDOWS\System32\OLEAUT32.dll
0x00007ffd90200000 - 0x00007ffd902ad000 	C:\WINDOWS\System32\SHCORE.dll
0x00007ffd90dd0000 - 0x00007ffd90e25000 	C:\WINDOWS\System32\shlwapi.dll
0x00007ffd8f5b0000 - 0x00007ffd8f5d4000 	C:\WINDOWS\SYSTEM32\profapi.dll
0x00007ffd6c100000 - 0x00007ffd6c1d7000 	C:\Users\woelflenico\.jdks\openjdk-22.0.1\bin\jsvml.dll
0x00007ffd87ee0000 - 0x00007ffd87ef7000 	C:\Users\woelflenico\.jdks\openjdk-22.0.1\bin\zip.dll
0x00007ffd883b0000 - 0x00007ffd883c0000 	C:\Users\woelflenico\.jdks\openjdk-22.0.1\bin\net.dll
0x00007ffd8ecd0000 - 0x00007ffd8ed3a000 	C:\WINDOWS\system32\mswsock.dll
0x00007ffd88390000 - 0x00007ffd883a6000 	C:\Users\woelflenico\.jdks\openjdk-22.0.1\bin\nio.dll
0x00007ffd8ae20000 - 0x00007ffd8ae3a000 	D:\IntelliJ\IntelliJ IDEA 2024.1\bin\breakgen64.dll
0x00007ffd86bb0000 - 0x00007ffd86bb9000 	C:\Users\woelflenico\.jdks\openjdk-22.0.1\bin\extnet.dll
0x00007ffd8add0000 - 0x00007ffd8ade2000 	C:\Users\woelflenico\.jdks\openjdk-22.0.1\bin\jsound.dll
0x00007ffd7e8e0000 - 0x00007ffd7e97c000 	C:\WINDOWS\SYSTEM32\DSOUND.dll
0x00007ffd84c40000 - 0x00007ffd84c66000 	C:\WINDOWS\SYSTEM32\winmmbase.dll
0x00007ffd8ef30000 - 0x00007ffd8ef48000 	C:\WINDOWS\SYSTEM32\CRYPTSP.dll
0x00007ffd8e610000 - 0x00007ffd8e644000 	C:\WINDOWS\system32\rsaenh.dll
0x00007ffd8ce30000 - 0x00007ffd8cece000 	C:\WINDOWS\system32\uxtheme.dll
0x00007ffd8f520000 - 0x00007ffd8f54e000 	C:\WINDOWS\SYSTEM32\USERENV.dll
0x00007ffd90550000 - 0x00007ffd905f9000 	C:\WINDOWS\System32\clbcatq.dll
0x00007ffd8ee60000 - 0x00007ffd8ee6c000 	C:\WINDOWS\SYSTEM32\CRYPTBASE.dll
0x00007ffd893b0000 - 0x00007ffd89435000 	C:\WINDOWS\System32\MMDevApi.dll
0x00007ffd8f330000 - 0x00007ffd8f363000 	C:\WINDOWS\System32\DEVOBJ.dll
0x00007ffd8f6b0000 - 0x00007ffd8f6fe000 	C:\WINDOWS\System32\cfgmgr32.dll
0x00007ffd8e9d0000 - 0x00007ffd8ea0b000 	C:\WINDOWS\SYSTEM32\IPHLPAPI.DLL
0x00007ffd90f50000 - 0x00007ffd90f58000 	C:\WINDOWS\System32\NSI.dll
0x00007ffd81830000 - 0x00007ffd81876000 	C:\WINDOWS\SYSTEM32\wdmaud.drv
0x00007ffd82a90000 - 0x00007ffd82a99000 	C:\WINDOWS\SYSTEM32\ksuser.dll
0x00007ffd85bc0000 - 0x00007ffd85bca000 	C:\WINDOWS\SYSTEM32\AVRT.dll
0x00007ffd89570000 - 0x00007ffd896f1000 	C:\WINDOWS\SYSTEM32\AUDIOSES.DLL
0x00007ffd8adc0000 - 0x00007ffd8adcd000 	C:\WINDOWS\SYSTEM32\msacm32.drv
0x00007ffd81ae0000 - 0x00007ffd81afe000 	C:\WINDOWS\SYSTEM32\MSACM32.dll
0x00007ffd8ad90000 - 0x00007ffd8ad9b000 	C:\WINDOWS\SYSTEM32\midimap.dll
0x00007ffd8cef0000 - 0x00007ffd8cf04000 	C:\WINDOWS\SYSTEM32\resourcepolicyclient.dll
0x00007ffcfd960000 - 0x00007ffcfeb5f000 	C:\Users\woelflenico\AppData\Local\Temp\webrtc-java15230515481361336206.dll
0x00007ffd852b0000 - 0x00007ffd8546c000 	C:\WINDOWS\SYSTEM32\MFPlat.DLL
0x00007ffd8b5b0000 - 0x00007ffd8b813000 	C:\WINDOWS\SYSTEM32\d3d11.dll
0x00007ffd8ddc0000 - 0x00007ffd8deb2000 	C:\WINDOWS\SYSTEM32\dxgi.dll
0x00007ffd65080000 - 0x00007ffd6508b000 	C:\WINDOWS\SYSTEM32\msdmo.dll
0x00007ffd88b60000 - 0x00007ffd88b6c000 	C:\WINDOWS\SYSTEM32\Secur32.dll
0x00007ffd8f550000 - 0x00007ffd8f582000 	C:\WINDOWS\SYSTEM32\SSPICLI.DLL
0x00007ffd82380000 - 0x00007ffd823b6000 	C:\WINDOWS\SYSTEM32\RTWorkQ.DLL
0x00007ffd7e580000 - 0x00007ffd7e5f7000 	C:\Windows\System32\mfwmaaec.dll
0x00007ffd7ccd0000 - 0x00007ffd7ce0f000 	C:\Windows\System32\Windows.UI.dll
0x00007ffd7cc00000 - 0x00007ffd7cca1000 	C:\Windows\System32\WindowManagementAPI.dll
0x00007ffd7cb00000 - 0x00007ffd7cbf9000 	C:\Windows\System32\TextInputFramework.dll
0x00007ffd7c920000 - 0x00007ffd7ca72000 	C:\Windows\System32\InputHost.dll
0x00007ffd8be90000 - 0x00007ffd8bfe7000 	C:\WINDOWS\SYSTEM32\wintypes.dll
0x00007ffd7c620000 - 0x00007ffd7c823000 	C:\WINDOWS\SYSTEM32\twinapi.appcore.dll
0x00007ffd8c8c0000 - 0x00007ffd8c9b2000 	C:\Windows\System32\CoreMessaging.dll
0x00007ffd8c560000 - 0x00007ffd8c8bb000 	C:\Windows\System32\CoreUIComponents.dll
0x00007ffd889b0000 - 0x00007ffd88aa6000 	C:\Windows\System32\PROPSYS.dll
0x00007ffd8e730000 - 0x00007ffd8e763000 	C:\WINDOWS\SYSTEM32\ntmarta.dll
0x00007ffd692c0000 - 0x00007ffd6944d000 	C:\Users\woelflenico\.jdks\openjdk-22.0.1\bin\awt.dll
0x00007ffd8cc60000 - 0x00007ffd8ccf0000 	C:\WINDOWS\SYSTEM32\apphelp.dll
0x00007ffd8d120000 - 0x00007ffd8d14f000 	C:\WINDOWS\system32\DWMAPI.DLL
0x00007ffd84280000 - 0x00007ffd843a5000 	C:\WINDOWS\system32\opengl32.dll
0x00007ffd829d0000 - 0x00007ffd829fc000 	C:\WINDOWS\SYSTEM32\GLU32.dll
0x00007ffd90f70000 - 0x00007ffd91084000 	C:\WINDOWS\System32\MSCTF.dll
0x00007ffd6e950000 - 0x00007ffd6e9d7000 	C:\Users\woelflenico\.jdks\openjdk-22.0.1\bin\freetype.dll
0x00007ffd6e3a0000 - 0x00007ffd6e477000 	C:\Users\woelflenico\.jdks\openjdk-22.0.1\bin\fontmanager.dll
0x00007ffd8a410000 - 0x00007ffd8a427000 	C:\WINDOWS\SYSTEM32\dhcpcsvc6.DLL
0x00007ffd8a3f0000 - 0x00007ffd8a40d000 	C:\WINDOWS\SYSTEM32\dhcpcsvc.DLL
0x00007ffd8ea10000 - 0x00007ffd8eadb000 	C:\WINDOWS\SYSTEM32\DNSAPI.dll
0x00007ffd883c0000 - 0x00007ffd883ca000 	C:\Windows\System32\rasadhlp.dll
0x00007ffd8a850000 - 0x00007ffd8a8d0000 	C:\WINDOWS\System32\fwpuclnt.dll
0x00007ffd6ef30000 - 0x00007ffd6ef5e000 	C:\Users\woelflenico\.jdks\openjdk-22.0.1\bin\javajpeg.dll
0x0000021c9c730000 - 0x0000021c9c733000 	C:\Users\woelflenico\.javacpp\cache\javacpp-1.5.5-windows-x86_64.jar\org\bytedeco\javacpp\windows-x86_64\api-ms-win-crt-locale-l1-1-0.dll
0x0000021c9c740000 - 0x0000021c9c744000 	C:\Users\woelflenico\.javacpp\cache\javacpp-1.5.5-windows-x86_64.jar\org\bytedeco\javacpp\windows-x86_64\api-ms-win-crt-string-l1-1-0.dll
0x0000021c9c750000 - 0x0000021c9c754000 	C:\Users\woelflenico\.javacpp\cache\javacpp-1.5.5-windows-x86_64.jar\org\bytedeco\javacpp\windows-x86_64\api-ms-win-crt-stdio-l1-1-0.dll
0x0000021c9c760000 - 0x0000021c9c765000 	C:\Users\woelflenico\.javacpp\cache\javacpp-1.5.5-windows-x86_64.jar\org\bytedeco\javacpp\windows-x86_64\api-ms-win-crt-math-l1-1-0.dll
0x0000021c9c770000 - 0x0000021c9c773000 	C:\Users\woelflenico\.javacpp\cache\javacpp-1.5.5-windows-x86_64.jar\org\bytedeco\javacpp\windows-x86_64\api-ms-win-crt-heap-l1-1-0.dll
0x0000021c9c780000 - 0x0000021c9c784000 	C:\Users\woelflenico\.javacpp\cache\javacpp-1.5.5-windows-x86_64.jar\org\bytedeco\javacpp\windows-x86_64\api-ms-win-crt-runtime-l1-1-0.dll
0x0000021c9c790000 - 0x0000021c9c794000 	C:\Users\woelflenico\.javacpp\cache\javacpp-1.5.5-windows-x86_64.jar\org\bytedeco\javacpp\windows-x86_64\api-ms-win-crt-convert-l1-1-0.dll
0x0000021c9c7a0000 - 0x0000021c9c7a3000 	C:\Users\woelflenico\.javacpp\cache\javacpp-1.5.5-windows-x86_64.jar\org\bytedeco\javacpp\windows-x86_64\api-ms-win-crt-environment-l1-1-0.dll
0x0000021c9c7b0000 - 0x0000021c9c7b3000 	C:\Users\woelflenico\.javacpp\cache\javacpp-1.5.5-windows-x86_64.jar\org\bytedeco\javacpp\windows-x86_64\api-ms-win-crt-time-l1-1-0.dll
0x0000021c9c7c0000 - 0x0000021c9c7c3000 	C:\Users\woelflenico\.javacpp\cache\javacpp-1.5.5-windows-x86_64.jar\org\bytedeco\javacpp\windows-x86_64\api-ms-win-crt-filesystem-l1-1-0.dll
0x0000021c9c7d0000 - 0x0000021c9c7d3000 	C:\Users\woelflenico\.javacpp\cache\javacpp-1.5.5-windows-x86_64.jar\org\bytedeco\javacpp\windows-x86_64\api-ms-win-crt-utility-l1-1-0.dll
0x0000021c9c7e0000 - 0x0000021c9c7e5000 	C:\Users\woelflenico\.javacpp\cache\javacpp-1.5.5-windows-x86_64.jar\org\bytedeco\javacpp\windows-x86_64\api-ms-win-crt-multibyte-l1-1-0.dll
0x0000021c9c7f0000 - 0x0000021c9c7f3000 	C:\Users\woelflenico\.javacpp\cache\javacpp-1.5.5-windows-x86_64.jar\org\bytedeco\javacpp\windows-x86_64\api-ms-win-core-string-l1-1-0.dll
0x0000021c9c800000 - 0x0000021c9c803000 	C:\Users\woelflenico\.javacpp\cache\javacpp-1.5.5-windows-x86_64.jar\org\bytedeco\javacpp\windows-x86_64\api-ms-win-core-errorhandling-l1-1-0.dll
0x0000021c9c810000 - 0x0000021c9c813000 	C:\Users\woelflenico\.javacpp\cache\javacpp-1.5.5-windows-x86_64.jar\org\bytedeco\javacpp\windows-x86_64\api-ms-win-core-timezone-l1-1-0.dll
0x0000021c9c820000 - 0x0000021c9c824000 	C:\Users\woelflenico\.javacpp\cache\javacpp-1.5.5-windows-x86_64.jar\org\bytedeco\javacpp\windows-x86_64\api-ms-win-core-file-l1-1-0.dll
0x0000021c9c830000 - 0x0000021c9c833000 	C:\Users\woelflenico\.javacpp\cache\javacpp-1.5.5-windows-x86_64.jar\org\bytedeco\javacpp\windows-x86_64\api-ms-win-core-namedpipe-l1-1-0.dll
0x0000021c9c840000 - 0x0000021c9c843000 	C:\Users\woelflenico\.javacpp\cache\javacpp-1.5.5-windows-x86_64.jar\org\bytedeco\javacpp\windows-x86_64\api-ms-win-core-handle-l1-1-0.dll
0x0000021c9c850000 - 0x0000021c9c853000 	C:\Users\woelflenico\.javacpp\cache\javacpp-1.5.5-windows-x86_64.jar\org\bytedeco\javacpp\windows-x86_64\api-ms-win-core-file-l2-1-0.dll
0x0000021c9c860000 - 0x0000021c9c863000 	C:\Users\woelflenico\.javacpp\cache\javacpp-1.5.5-windows-x86_64.jar\org\bytedeco\javacpp\windows-x86_64\api-ms-win-core-heap-l1-1-0.dll
0x0000021c9c870000 - 0x0000021c9c873000 	C:\Users\woelflenico\.javacpp\cache\javacpp-1.5.5-windows-x86_64.jar\org\bytedeco\javacpp\windows-x86_64\api-ms-win-core-libraryloader-l1-1-0.dll
0x0000021c9c880000 - 0x0000021c9c883000 	C:\Users\woelflenico\.javacpp\cache\javacpp-1.5.5-windows-x86_64.jar\org\bytedeco\javacpp\windows-x86_64\api-ms-win-core-synch-l1-1-0.dll
0x0000021c9c890000 - 0x0000021c9c893000 	C:\Users\woelflenico\.javacpp\cache\javacpp-1.5.5-windows-x86_64.jar\org\bytedeco\javacpp\windows-x86_64\api-ms-win-core-processthreads-l1-1-0.dll

dbghelp: loaded successfully - version: 4.0.5 - missing functions: none
symbol engine: initialized successfully - sym options: 0x614 - pdb path: .;C:\Users\woelflenico\.jdks\openjdk-22.0.1\bin;C:\WINDOWS\SYSTEM32;C:\WINDOWS\WinSxS\amd64_microsoft.windows.common-controls_6595b64144ccf1df_6.0.19041.4355_none_60b8b9eb71f62e16;C:\Users\woelflenico\.jdks\openjdk-22.0.1\bin\server;D:\IntelliJ\IntelliJ IDEA 2024.1\bin;C:\Users\woelflenico\AppData\Local\Temp;C:\Users\woelflenico\.javacpp\cache\javacpp-1.5.5-windows-x86_64.jar\org\bytedeco\javacpp\windows-x86_64

VM Arguments:
jvm_args: -javaagent:D:\IntelliJ\IntelliJ IDEA 2024.1\lib\idea_rt.jar=53915:D:\IntelliJ\IntelliJ IDEA 2024.1\bin -Dfile.encoding=UTF-8 -Dsun.stdout.encoding=UTF-8 -Dsun.stderr.encoding=UTF-8 
java_command: org.example.App 3
java_class_path (initial): D:\webrptcJava\target\classes;C:\Users\woelflenico\.m2\repository\org\bytedeco\javacv-platform\1.5.5\javacv-platform-1.5.5.jar;C:\Users\woelflenico\.m2\repository\org\bytedeco\javacv\1.5.5\javacv-1.5.5.jar;C:\Users\woelflenico\.m2\repository\org\bytedeco\javacpp\1.5.5\javacpp-1.5.5.jar;C:\Users\woelflenico\.m2\repository\org\bytedeco\openblas\0.3.13-1.5.5\openblas-0.3.13-1.5.5.jar;C:\Users\woelflenico\.m2\repository\org\bytedeco\opencv\4.5.1-1.5.5\opencv-4.5.1-1.5.5.jar;C:\Users\woelflenico\.m2\repository\org\bytedeco\ffmpeg\4.3.2-1.5.5\ffmpeg-4.3.2-1.5.5.jar;C:\Users\woelflenico\.m2\repository\org\bytedeco\flycapture\2.13.3.31-1.5.5\flycapture-2.13.3.31-1.5.5.jar;C:\Users\woelflenico\.m2\repository\org\bytedeco\libdc1394\2.2.6-1.5.5\libdc1394-2.2.6-1.5.5.jar;C:\Users\woelflenico\.m2\repository\org\bytedeco\libfreenect\0.5.7-1.5.5\libfreenect-0.5.7-1.5.5.jar;C:\Users\woelflenico\.m2\repository\org\bytedeco\libfreenect2\0.2.0-1.5.5\libfreenect2-0.2.0-1.5.5.jar;C:\Users\woelflenico\.m2\repository\org\bytedeco\librealsense\1.12.4-1.5.5\librealsense-1.12.4-1.5.5.jar;C:\Users\woelflenico\.m2\repository\org\bytedeco\librealsense2\2.40.0-1.5.5\librealsense2-2.40.0-1.5.5.jar;C:\Users\woelflenico\.m2\repository\org\bytedeco\videoinput\0.200-1.5.5\videoinput-0.200-1.5.5.jar;C:\Users\woelflenico\.m2\repository\org\bytedeco\artoolkitplus\2.3.1-1.5.5\artoolkitplus-2.3.1-1.5.5.jar;C:\Users\woelflenico\.m2\repository\org\bytedeco\flandmark\1.07-1.5.5\flandmark-1.07-1.5.5.jar;C:\Users\woelflenico\.m2\repository\org\bytedeco\leptonica\1.80.0-1.5.5\leptonica-1.80.0-1.5.5.jar;C:\Users\woelflenico\.m2\repository\org\bytedeco\tesseract\4.1.1-1.5.5\tesseract-4.1.1-1.5.5.jar;C:\Users\woelflenico\.m2\repository\org\bytedeco\openblas-platform\0.3.13-1.5.5\openblas-platform-0.3.13-1.5.5.jar;C:\Users\woelflenico\.m2\repository\org\bytedeco\javacpp-platform\1.5.5\javacpp-platform-1.5.5.jar;C:\Users\woelflenico\.m2\repository\org\bytedeco\javacpp\1.5.5\javacpp-1.5.5-android-arm.jar;C:\Users\woelflenico\.m2\repository\org\bytedeco\javacpp\1.5.5\javacpp-1.5.5-android-arm64.jar;C:\Users\woelflenico\.m2\repository\org\bytedeco\javacpp\1.5.5\javacpp-1.5.5-android-x86.jar;C:\Users\woelflenico\.m2\repository\org\bytedeco\javacpp\1.5.5\javacpp-1.5.5-android-x86_64.jar;C:\Users\woelflenico\.m2\repository\org\bytedeco\javacpp\1.5.5\javacpp-1.5.5-ios-arm64.jar;C:\Users\woelflenico\.m2\repository\org\bytedeco\javacpp\1.5.5\javacpp-1.5.5-ios-x86_64.jar;C:\Users\woelflenico\.m2\repository\org\bytedeco\javacpp\1.5.5\javacpp-1.5.5-linux-armhf.jar;C:\Users\woelflenico\.m2\repository\org\bytedeco\javacpp\1.5.5\javacpp-1.5.5-linux-arm64.jar;C:\Users\woelflenico\.m2\repository\org\bytedeco\javacpp\1.5.5\javacpp-1.5.5-linux-ppc64le.jar;C:\Users\woelflenico\.m2\repository\org\bytedeco\javacpp\1.5.5\javacpp-1.5.5-linux-x86.jar;C:\Users\woelflenico\.m2\repository\org\bytedeco\javacpp\1.5.5\javacpp-1.5.5-linux-x86_64.jar;C:\Users\woelflenico\.m2\repository\org\bytedeco\javacpp\1.5.5\javacpp-1.5.5-macosx-arm64.jar;C:\Users\woelflenico\.m2\repository\org\bytedeco\javacpp\1.5.5\javacpp-1.5.5-macosx-x86_64.jar;C:\Users\woelflenico\.m2\repository\org\bytedeco\javacpp\1.5.5\javacpp-1.5.5-windows-x86.jar;C:\Users\woelflenico\.m2\repository\org\bytedeco\javacpp\1.5.5\javacpp-1.5.5-windows-x86_64.jar;C:\Users\woelflenico\.m2\repository\org\bytedeco\openblas\0.3.13-1.5.5\openblas-0.3.13-1.5.5-android-arm.jar;C:\Users\woelflenico\.m2\repository\org\bytedeco\openblas\0.3.13-1.5.5\openblas-0.3.13-1.5.5-android-arm64.jar;C:\Users\woelflenico\.m2\repository\org\bytedeco\openblas\0.3.13-1.5.5\openblas-0.3.13-1.5.5-android-x86.jar;C:\Users\woelflenico\.m2\repository\org\bytedeco\openblas\0.3.13-1.5.5\openblas-0.3.13-1.5.5-android-x86_64.jar;C:\Users\woelflenico\.m2\repository\org\bytedeco\openblas\0.3.13-1.5.5\openblas-0.3.13-1.5.5-ios-arm64.jar;C:\Users\woelflenico\.m2\repository\org\bytedeco\openblas\0.3.13-1.5.5\openblas-0.3.13-1.5.5-ios-x86_64.jar;C:\Users\woelflenico\.m2\repository\org\bytedeco\openblas\0.3.13-1.5.5\openblas-0.3.13-1.5.5-linux-x86.jar;C:\Users\woelflenico\.m2\repository\org\bytedeco\openblas\0.3.13-1.5.5\openblas-0.3.13-1.5.5-linux-x86_64.jar;C:\Users\woelflenico\.m2\repository\org\bytedeco\openblas\0.3.13-1.5.5\openblas-0.3.13-1.5.5-linux-armhf.jar;C:\Users\woelflenico\.m2\repository\org\bytedeco\openblas\0.3.13-1.5.5\openblas-0.3.13-1.5.5-linux-arm64.jar;C:\Users\woelflenico\.m2\repository\org\bytedeco\openblas\0.3.13-1.5.5\openblas-0.3.13-1.5.5-linux-ppc64le.jar;C:\Users\woelflenico\.m2\repository\org\bytedeco\openblas\0.3.13-1.5.5\openblas-0.3.13-1.5.5-macosx-x86_64.jar;C:\Users\woelflenico\.m2\repository\org\bytedeco\openblas\0.3.13-1.5.5\openblas-0.3.13-1.5.5-windows-x86.jar;C:\Users\woelflenico\.m2\repository\org\bytedeco\openblas\0.3.13-1.5.5\openblas-0.3.13-1.5.5-windows-x86_64.jar;C:\Users\woelflenico\.m2\repository\org\bytedeco\opencv-platform\4.5.1-1.5.5\opencv-platform-4.5.1-1.5.5.jar;C:\Users\woelflenico\.m2\repository\org\bytedeco\opencv\4.5.1-1.5.5\opencv-4.5.1-1.5.5-android-arm.jar;C:\Users\woelflenico\.m2\repository\org\bytedeco\opencv\4.5.1-1.5.5\opencv-4.5.1-1.5.5-android-arm64.jar;C:\Users\woelflenico\.m2\repository\org\bytedeco\opencv\4.5.1-1.5.5\opencv-4.5.1-1.5.5-android-x86.jar;C:\Users\woelflenico\.m2\repository\org\bytedeco\opencv\4.5.1-1.5.5\opencv-4.5.1-1.5.5-android-x86_64.jar;C:\Users\woelflenico\.m2\repository\org\bytedeco\opencv\4.5.1-1.5.5\opencv-4.5.1-1.5.5-ios-arm64.jar;C:\Users\woelflenico\.m2\repository\org\bytedeco\opencv\4.5.1-1.5.5\opencv-4.5.1-1.5.5-ios-x86_64.jar;C:\Users\woelflenico\.m2\repository\org\bytedeco\opencv\4.5.1-1.5.5\opencv-4.5.1-1.5.5-linux-x86.jar;C:\Users\woelflenico\.m2\repository\org\bytedeco\opencv\4.5.1-1.5.5\opencv-4.5.1-1.5.5-linux-x86_64.jar;C:\Users\woelflenico\.m2\repository\org\bytedeco\opencv\4.5.1-1.5.5\opencv-4.5.1-1.5.5-linux-armhf.jar;C:\Users\woelflenico\.m2\repository\org\bytedeco\opencv\4.5.1-1.5.5\opencv-4.5.1-1.5.5-linux-arm64.jar;C:\Users\woelflenico\.m2\repository\org\bytedeco\opencv\4.5.1-1.5.5\opencv-4.5.1-1.5.5-linux-ppc64le.jar;C:\Users\woelflenico\.m2\repository\org\bytedeco\opencv\4.5.1-1.5.5\opencv-4.5.1-1.5.5-macosx-x86_64.jar;C:\Users\woelflenico\.m2\repository\org\bytedeco\opencv\4.5.1-1.5.5\opencv-4.5.1-1.5.5-windows-x86.jar;C:\Users\woelflenico\.m2\repository\org\bytedeco\opencv\4.5.1-1.5.5\opencv-4.5.1-1.5.5-windows-x86_64.jar;C:\Users\woelflenico\.m2\repository\org\bytedeco\ffmpeg-platform\4.3.2-1.5.5\ffmpeg-platform-4.3.2-1.5.5.jar;C:\Users\woelflenico\.m2\repository\org\bytedeco\ffmpeg\4.3.2-1.5.5\ffmpeg-4.3.2-1.5.5-android-arm.jar;C:\Users\woelflenico\.m2\repository\org\bytedeco\ffmpeg\4.3.2-1.5.5\ffmpeg-4.3.2-1.5.5-android-arm64.jar;C:\Users\woelflenico\.m2\repository\org\bytedeco\ffmpeg\4.3.2-1.5.5\ffmpeg-4.3.2-1.5.5-android-x86.jar;C:\Users\woelflenico\.m2\repository\org\bytedeco\ffmpeg\4.3.2-1.5.5\ffmpeg-4.3.2-1.5.5-android-x86_64.jar;C:\Users\woelflenico\.m2\repository\org\bytedeco\ffmpeg\4.3.2-1.5.5\ffmpeg-4.3.2-1.5.5-linux-x86.jar;C:\Users\woelflenico\.m2\repository\org\bytedeco\ffmpeg\4.3.2-1.5.5\ffmpeg-4.3.2-1.5.5-linux-x86_64.jar;C:\Users\woelflenico\.m2\repository\org\bytedeco\ffmpeg\4.3.2-1.5.5\ffmpeg-4.3.2-1.5.5-linux-armhf.jar;C:\Users\woelflenico\.m2\repository\org\bytedeco\ffmpeg\4.3.2-1.5.5\ffmpeg-4.3.2-1.5.5-linux-arm64.jar;C:\Users\woelflenico\.m2\repository\org\bytedeco\ffmpeg\4.3.2-1.5.5\ffmpeg-4.3.2-1.5.5-linux-ppc64le.jar;C:\Users\woelflenico\.m2\repository\org\bytedeco\ffmpeg\4.3.2-1.5.5\ffmpeg-4.3.2-1.5.5-macosx-x86_64.jar;C:\Users\woelflenico\.m2\repository\org\bytedeco\ffmpeg\4.3.2-1.5.5\ffmpeg-4.3.2-1.5.5-windows-x86.jar;C:\Users\woelflenico\.m2\repository\org\bytedeco\ffmpeg\4.3.2-1.5.5\ffmpeg-4.3.2-1.5.5-windows-x86_64.jar;C:\Users\woelflenico\.m2\repository\org\bytedeco\flycapture-platform\2.13.3.31-1.5.5\flycapture-platform-2.13.3.31-1.5.5.jar;C:\Users\woelflenico\.m2\repository\org\bytedeco\flycapture\2.13.3.31-1.5.5\flycapture-2.13.3.31-1.5.5-linux-x86.jar;C:\Users\woelflenico\.m2\repository\org\bytedeco\flycapture\2.13.3.31-1.5.5\flycapture-2.13.3.31-1.5.5-linux-x86_64.jar;C:\Users\woelflenico\.m2\repository\org\bytedeco\flycapture\2.13.3.31-1.5.5\flycapture-2.13.3.31-1.5.5-linux-armhf.jar;C:\Users\woelflenico\.m2\repository\org\bytedeco\flycapture\2.13.3.31-1.5.5\flycapture-2.13.3.31-1.5.5-linux-arm64.jar;C:\Users\woelflenico\.m2\repository\org\bytedeco\flycapture\2.13.3.31-1.5.5\flycapture-2.13.3.31-1.5.5-windows-x86.jar;C:\Users\woelflenico\.m2\repository\org\bytedeco\flycapture\2.13.3.31-1.5.5\flycapture-2.13.3.31-1.5.5-windows-x86_64.jar;C:\Users\woelflenico\.m2\repository\org\bytedeco\libdc1394-platform\2.2.6-1.5.5\libdc1394-platform-2.2.6-1.5.5.jar;C:\Users\woelflenico\.m2\repository\org\bytedeco\libdc1394\2.2.6-1.5.5\libdc1394-2.2.6-1.5.5-linux-x86.jar;C:\Users\woelflenico\.m2\repository\org\bytedeco\libdc1394\2.2.6-1.5.5\libdc1394-2.2.6-1.5.5-linux-x86_64.jar;C:\Users\woelflenico\.m2\repository\org\bytedeco\libdc1394\2.2.6-1.5.5\libdc1394-2.2.6-1.5.5-linux-armhf.jar;C:\Users\woelflenico\.m2\repository\org\bytedeco\libdc1394\2.2.6-1.5.5\libdc1394-2.2.6-1.5.5-linux-arm64.jar;C:\Users\woelflenico\.m2\repository\org\bytedeco\libdc1394\2.2.6-1.5.5\libdc1394-2.2.6-1.5.5-linux-ppc64le.jar;C:\Users\woelflenico\.m2\repository\org\bytedeco\libdc1394\2.2.6-1.5.5\libdc1394-2.2.6-1.5.5-macosx-x86_64.jar;C:\Users\woelflenico\.m2\repository\org\bytedeco\libdc1394\2.2.6-1.5.5\libdc1394-2.2.6-1.5.5-windows-x86.jar;C:\Users\woelflenico\.m2\repository\org\bytedeco\libdc1394\2.2.6-1.5.5\libdc1394-2.2.6-1.5.5-windows-x86_64.jar;C:\Users\woelflenico\.m2\repository\org\bytedeco\libfreenect-platform\0.5.7-1.5.5\libfreenect-platform-0.5.7-1.5.5.jar;C:\Users\woelflenico\.m2\repository\org\bytedeco\libfreenect\0.5.7-1.5.5\libfreenect-0.5.7-1.5.5-linux-x86.jar;C:\Users\woelflenico\.m2\repository\org\bytedeco\libfreenect\0.5.7-1.5.5\libfreenect-0.5.7-1.5.5-linux-x86_64.jar;C:\Users\woelflenico\.m2\repository\org\bytedeco\libfreenect\0.5.7-1.5.5\libfreenect-0.5.7-1.5.5-linux-armhf.jar;C:\Users\woelflenico\.m2\repository\org\bytedeco\libfreenect\0.5.7-1.5.5\libfreenect-0.5.7-1.5.5-linux-arm64.jar;C:\Users\woelflenico\.m2\repository\org\bytedeco\libfreenect\0.5.7-1.5.5\libfreenect-0.5.7-1.5.5-linux-ppc64le.jar;C:\Users\woelflenico\.m2\repository\org\bytedeco\libfreenect\0.5.7-1.5.5\libfreenect-0.5.7-1.5.5-macosx-x86_64.jar;C:\Users\woelflenico\.m2\repository\org\bytedeco\libfreenect\0.5.7-1.5.5\libfreenect-0.5.7-1.5.5-windows-x86.jar;C:\Users\woelflenico\.m2\repository\org\bytedeco\libfreenect\0.5.7-1.5.5\libfreenect-0.5.7-1.5.5-windows-x86_64.jar;C:\Users\woelflenico\.m2\repository\org\bytedeco\libfreenect2-platform\0.2.0-1.5.5\libfreenect2-platform-0.2.0-1.5.5.jar;C:\Users\woelflenico\.m2\repository\org\bytedeco\libfreenect2\0.2.0-1.5.5\libfreenect2-0.2.0-1.5.5-linux-x86.jar;C:\Users\woelflenico\.m2\repository\org\bytedeco\libfreenect2\0.2.0-1.5.5\libfreenect2-0.2.0-1.5.5-linux-x86_64.jar;C:\Users\woelflenico\.m2\repository\org\bytedeco\libfreenect2\0.2.0-1.5.5\libfreenect2-0.2.0-1.5.5-macosx-x86_64.jar;C:\Users\woelflenico\.m2\repository\org\bytedeco\libfreenect2\0.2.0-1.5.5\libfreenect2-0.2.0-1.5.5-windows-x86_64.jar;C:\Users\woelflenico\.m2\repository\org\bytedeco\librealsense-platform\1.12.4-1.5.5\librealsense-platform-1.12.4-1.5.5.jar;C:\Users\woelflenico\.m2\repository\org\bytedeco\librealsense\1.12.4-1.5.5\librealsense-1.12.4-1.5.5-linux-armhf.jar;C:\Users\woelflenico\.m2\repository\org\bytedeco\librealsense\1.12.4-1.5.5\librealsense-1.12.4-1.5.5-linux-arm64.jar;C:\Users\woelflenico\.m2\repository\org\bytedeco\librealsense\1.12.4-1.5.5\librealsense-1.12.4-1.5.5-linux-x86.jar;C:\Users\woelflenico\.m2\repository\org\bytedeco\librealsense\1.12.4-1.5.5\librealsense-1.12.4-1.5.5-linux-x86_64.jar;C:\Users\woelflenico\.m2\repository\org\bytedeco\librealsense\1.12.4-1.5.5\librealsense-1.12.4-1.5.5-macosx-x86_64.jar;C:\Users\woelflenico\.m2\repository\org\bytedeco\librealsense\1.12.4-1.5.5\librealsense-1.12.4-1.5.5-windows-x86.jar;C:\Users\woelflenico\.m2\repository\org\bytedeco\librealsense\1.12.4-1.5.5\librealsense-1.12.4-1.5.5-windows-x86_64.jar;C:\Users\woelflenico\.m2\repository\org\bytedeco\librealsense2-platform\2.40.0-1.5.5\librealsense2-platform-2.40.0-1.5.5.jar;C:\Users\woelflenico\.m2\repository\org\bytedeco\librealsense2\2.40.0-1.5.5\librealsense2-2.40.0-1.5.5-linux-armhf.jar;C:\Users\woelflenico\.m2\repository\org\bytedeco\librealsense2\2.40.0-1.5.5\librealsense2-2.40.0-1.5.5-linux-arm64.jar;C:\Users\woelflenico\.m2\repository\org\bytedeco\librealsense2\2.40.0-1.5.5\librealsense2-2.40.0-1.5.5-linux-x86.jar;C:\Users\woelflenico\.m2\repository\org\bytedeco\librealsense2\2.40.0-1.5.5\librealsense2-2.40.0-1.5.5-linux-x86_64.jar;C:\Users\woelflenico\.m2\repository\org\bytedeco\librealsense2\2.40.0-1.5.5\librealsense2-2.40.0-1.5.5-macosx-x86_64.jar;C:\Users\woelflenico\.m2\repository\org\bytedeco\librealsense2\2.40.0-1.5.5\librealsense2-2.40.0-1.5.5-windows-x86.jar;C:\Users\woelflenico\.m2\repository\org\bytedeco\librealsense2\2.40.0-1.5.5\librealsense2-2.40.0-1.5.5-windows-x86_64.jar;C:\Users\woelflenico\.m2\repository\org\bytedeco\videoinput-platform\0.200-1.5.5\videoinput-platform-0.200-1.5.5.jar;C:\Users\woelflenico\.m2\repository\org\bytedeco\videoinput\0.200-1.5.5\videoinput-0.200-1.5.5-windows-x86.jar;C:\Users\woelflenico\.m2\repository\org\bytedeco\videoinput\0.200-1.5.5\videoinput-0.200-1.5.5-windows-x86_64.jar;C:\Users\woelflenico\.m2\repository\org\bytedeco\artoolkitplus-platform\2.3.1-1.5.5\artoolkitplus-platform-2.3.1-1.5.5.jar;C:\Users\woelflenico\.m2\repository\org\bytedeco\artoolkitplus\2.3.1-1.5.5\artoolkitplus-2.3.1-1.5.5-android-arm.jar;C:\Users\woelflenico\.m2\repository\org\bytedeco\artoolkitplus\2.3.1-1.5.5\artoolkitplus-2.3.1-1.5.5-android-arm64.jar;C:\Users\woelflenico\.m2\repository\org\bytedeco\artoolkitplus\2.3.1-1.5.5\artoolkitplus-2.3.1-1.5.5-android-x86.jar;C:\Users\woelflenico\.m2\repository\org\bytedeco\artoolkitplus\2.3.1-1.5.5\artoolkitplus-2.3.1-1.5.5-android-x86_64.jar;C:\Users\woelflenico\.m2\repository\org\bytedeco\artoolkitplus\2.3.1-1.5.5\artoolkitplus-2.3.1-1.5.5-linux-x86.jar;C:\Users\woelflenico\.m2\repository\org\bytedeco\artoolkitplus\2.3.1-1.5.5\artoolkitplus-2.3.1-1.5.5-linux-x86_64.jar;C:\Users\woelflenico\.m2\repository\org\bytedeco\artoolkitplus\2.3.1-1.5.5\artoolkitplus-2.3.1-1.5.5-linux-armhf.jar;C:\Users\woelflenico\.m2\repository\org\bytedeco\artoolkitplus\2.3.1-1.5.5\artoolkitplus-2.3.1-1.5.5-linux-arm64.jar;C:\Users\woelflenico\.m2\repository\org\bytedeco\artoolkitplus\2.3.1-1.5.5\artoolkitplus-2.3.1-1.5.5-linux-ppc64le.jar;C:\Users\woelflenico\.m2\repository\org\bytedeco\artoolkitplus\2.3.1-1.5.5\artoolkitplus-2.3.1-1.5.5-macosx-x86_64.jar;C:\Users\woelflenico\.m2\repository\org\bytedeco\artoolkitplus\2.3.1-1.5.5\artoolkitplus-2.3.1-1.5.5-windows-x86.jar;C:\Users\woelflenico\.m2\repository\org\bytedeco\artoolkitplus\2.3.1-1.5.5\artoolkitplus-2.3.1-1.5.5-windows-x86_64.jar;C:\Users\woelflenico\.m2\repository\org\bytedeco\flandmark-platform\1.07-1.5.5\flandmark-platform-1.07-1.5.5.jar;C:\Users\woelflenico\.m2\repository\org\bytedeco\flandmark\1.07-1.5.5\flandmark-1.07-1.5.5-android-arm.jar;C:\Users\woelflenico\.m2\repository\org\bytedeco\flandmark\1.07-1.5.5\flandmark-1.07-1.5.5-android-arm64.jar;C:\Users\woelflenico\.m2\repository\org\bytedeco\flandmark\1.07-1.5.5\flandmark-1.07-1.5.5-android-x86.jar;C:\Users\woelflenico\.m2\repository\org\bytedeco\flandmark\1.07-1.5.5\flandmark-1.07-1.5.5-android-x86_64.jar;C:\Users\woelflenico\.m2\repository\org\bytedeco\flandmark\1.07-1.5.5\flandmark-1.07-1.5.5-linux-x86.jar;C:\Users\woelflenico\.m2\repository\org\bytedeco\flandmark\1.07-1.5.5\flandmark-1.07-1.5.5-linux-x86_64.jar;C:\Users\woelflenico\.m2\repository\org\bytedeco\flandmark\1.07-1.5.5\flandmark-1.07-1.5.5-linux-armhf.jar;C:\Users\woelflenico\.m2\repository\org\bytedeco\flandmark\1.07-1.5.5\flandmark-1.07-1.5.5-linux-arm64.jar;C:\Users\woelflenico\.m2\repository\org\bytedeco\flandmark\1.07-1.5.5\flandmark-1.07-1.5.5-linux-ppc64le.jar;C:\Users\woelflenico\.m2\repository\org\bytedeco\flandmark\1.07-1.5.5\flandmark-1.07-1.5.5-macosx-x86_64.jar;C:\Users\woelflenico\.m2\repository\org\bytedeco\flandmark\1.07-1.5.5\flandmark-1.07-1.5.5-windows-x86.jar;C:\Users\woelflenico\.m2\repository\org\bytedeco\flandmark\1.07-1.5.5\flandmark-1.07-1.5.5-windows-x86_64.jar;C:\Users\woelflenico\.m2\repository\org\bytedeco\leptonica-platform\1.80.0-1.5.5\leptonica-platform-1.80.0-1.5.5.jar;C:\Users\woelflenico\.m2\repository\org\bytedeco\leptonica\1.80.0-1.5.5\leptonica-1.80.0-1.5.5-android-arm.jar;C:\Users\woelflenico\.m2\repository\org\bytedeco\leptonica\1.80.0-1.5.5\leptonica-1.80.0-1.5.5-android-arm64.jar;C:\Users\woelflenico\.m2\repository\org\bytedeco\leptonica\1.80.0-1.5.5\leptonica-1.80.0-1.5.5-android-x86.jar;C:\Users\woelflenico\.m2\repository\org\bytedeco\leptonica\1.80.0-1.5.5\leptonica-1.80.0-1.5.5-android-x86_64.jar;C:\Users\woelflenico\.m2\repository\org\bytedeco\leptonica\1.80.0-1.5.5\leptonica-1.80.0-1.5.5-linux-x86.jar;C:\Users\woelflenico\.m2\repository\org\bytedeco\leptonica\1.80.0-1.5.5\leptonica-1.80.0-1.5.5-linux-x86_64.jar;C:\Users\woelflenico\.m2\repository\org\bytedeco\leptonica\1.80.0-1.5.5\leptonica-1.80.0-1.5.5-linux-armhf.jar;C:\Users\woelflenico\.m2\repository\org\bytedeco\leptonica\1.80.0-1.5.5\leptonica-1.80.0-1.5.5-linux-arm64.jar;C:\Users\woelflenico\.m2\repository\org\bytedeco\leptonica\1.80.0-1.5.5\leptonica-1.80.0-1.5.5-linux-ppc64le.jar;C:\Users\woelflenico\.m2\repository\org\bytedeco\leptonica\1.80.0-1.5.5\leptonica-1.80.0-1.5.5-macosx-x86_64.jar;C:\Users\woelflenico\.m2\repository\org\bytedeco\leptonica\1.80.0-1.5.5\leptonica-1.80.0-1.5.5-windows-x86.jar;C:\Users\woelflenico\.m2\repository\org\bytedeco\leptonica\1.80.0-1.5.5\leptonica-1.80.0-1.5.5-windows-x86_64.jar;C:\Users\woelflenico\.m2\repository\org\bytedeco\tesseract-platform\4.1.1-1.5.5\tesseract-platform-4.1.1-1.5.5.jar;C:\Users\woelflenico\.m2\repository\org\bytedeco\tesseract\4.1.1-1.5.5\tesseract-4.1.1-1.5.5-android-arm.jar;C:\Users\woelflenico\.m2\repository\org\bytedeco\tesseract\4.1.1-1.5.5\tesseract-4.1.1-1.5.5-android-arm64.jar;C:\Users\woelflenico\.m2\repository\org\bytedeco\tesseract\4.1.1-1.5.5\tesseract-4.1.1-1.5.5-android-x86.jar;C:\Users\woelflenico\.m2\repository\org\bytedeco\tesseract\4.1.1-1.5.5\tesseract-4.1.1-1.5.5-android-x86_64.jar;C:\Users\woelflenico\.m2\repository\org\bytedeco\tesseract\4.1.1-1.5.5\tesseract-4.1.1-1.5.5-linux-x86.jar;C:\Users\woelflenico\.m2\repository\org\bytedeco\tesseract\4.1.1-1.5.5\tesseract-4.1.1-1.5.5-linux-x86_64.jar;C:\Users\woelflenico\.m2\repository\org\bytedeco\tesseract\4.1.1-1.5.5\tesseract-4.1.1-1.5.5-linux-armhf.jar;C:\Users\woelflenico\.m2\repository\org\bytedeco\tesseract\4.1.1-1.5.5\tesseract-4.1.1-1.5.5-linux-arm64.jar;C:\Users\woelflenico\.m2\repository\org\bytedeco\tesseract\4.1.1-1.5.5\tesseract-4.1.1-1.5.5-linux-ppc64le.jar;C:\Users\woelflenico\.m2\repository\org\bytedeco\tesseract\4.1.1-1.5.5\tesseract-4.1.1-1.5.5-macosx-x86_64.jar;C:\Users\woelflenico\.m2\repository\org\bytedeco\tesseract\4.1.1-1.5.5\tesseract-4.1.1-1.5.5-windows-x86.jar;C:\Users\woelflenico\.m2\repository\org\bytedeco\tesseract\4.1.1-1.5.5\tesseract-4.1.1-1.5.5-windows-x86_64.jar;C:\Users\woelflenico\.m2\repository\dev\onvoid\webrtc\webrtc-java\0.8.0\webrtc-java-0.8.0.jar;C:\Users\woelflenico\.m2\repository\dev\onvoid\webrtc\webrtc-java\0.8.0\webrtc-java-0.8.0-windows-x86_64.jar;C:\Users\woelflenico\.m2\repository\io\github\givimad\whisper-jni\1.5.4-0\whisper-jni-1.5.4-0.jar;C:\Users\woelflenico\.m2\repository\com\github\sarxos\webcam-capture\0.3.12\webcam-capture-0.3.12.jar;C:\Users\woelflenico\.m2\repository\com\nativelibs4java\bridj\0.7.0\bridj-0.7.0.jar;C:\Users\woelflenico\.m2\repository\org\json\json\20240303\json-20240303.jar;C:\Users\woelflenico\.m2\repository\org\java-websocket\Java-WebSocket\1.5.6\Java-WebSocket-1.5.6.jar;C:\Users\woelflenico\.m2\repository\com\google\code\gson\gson\2.10.1\gson-2.10.1.jar;C:\Users\woelflenico\.m2\repository\com\fasterxml\jackson\core\jackson-databind\2.13.3\jackson-databind-2.13.3.jar;C:\Users\woelflenico\.m2\repository\com\fasterxml\jackson\core\jackson-annotations\2.13.3\jackson-annotations-2.13.3.jar;C:\Users\woelflenico\.m2\repository\com\fasterxml\jackson\core\jackson-core\2.13.3\jackson-core-2.13.3.jar;C:\Users\woelflenico\.m2\repository\org\slf4j\slf4j-api\2.0.13\slf4j-api-2.0.13.jar
Launcher Type: SUN_STANDARD

[Global flags]
     intx CICompilerCount                          = 3                                         {product} {ergonomic}
     uint ConcGCThreads                            = 2                                         {product} {ergonomic}
     uint G1ConcRefinementThreads                  = 6                                         {product} {ergonomic}
   size_t G1HeapRegionSize                         = 2097152                                   {product} {ergonomic}
   size_t InitialHeapSize                          = 266338304                                 {product} {ergonomic}
   size_t MarkStackSize                            = 4194304                                   {product} {ergonomic}
   size_t MaxHeapSize                              = 4229955584                                {product} {ergonomic}
   size_t MaxNewSize                               = 2537553920                                {product} {ergonomic}
   size_t MinHeapDeltaBytes                        = 2097152                                   {product} {ergonomic}
   size_t MinHeapSize                              = 8388608                                   {product} {ergonomic}
    uintx NonNMethodCodeHeapSize                   = 5832780                                {pd product} {ergonomic}
    uintx NonProfiledCodeHeapSize                  = 122912730                              {pd product} {ergonomic}
    uintx ProfiledCodeHeapSize                     = 122912730                              {pd product} {ergonomic}
    uintx ReservedCodeCacheSize                    = 251658240                              {pd product} {ergonomic}
     bool SegmentedCodeCache                       = true                                      {product} {ergonomic}
   size_t SoftMaxHeapSize                          = 4229955584                             {manageable} {ergonomic}
     bool UseCompressedOops                        = true                           {product lp64_product} {ergonomic}
     bool UseG1GC                                  = true                                      {product} {ergonomic}
     bool UseLargePagesIndividualAllocation        = false                                  {pd product} {ergonomic}

Logging:
Log output configuration:
 #0: stdout all=warning uptime,level,tags foldmultilines=false
 #1: stderr all=off uptime,level,tags foldmultilines=false

Environment Variables:
JAVA_HOME=C:\Program Files\Java\jdk-17.0.2
PATH=C:\Program Files\Common Files\Oracle\Java\javapath;C:\Program Files (x86)\Common Files\Oracle\Java\javapath;C:\Windows\system32;C:\Windows;C:\Windows\System32\Wbem;C:\Windows\System32\WindowsPowerShell\v1.0\;C:\Windows\System32\OpenSSH\;C:\Program Files\PuTTY\;C:\Program Files\Microsoft VS Code\bin;C:\Program Files\dotnet\;C:\Program Files\Microsoft SQL Server\Client SDK\ODBC\170\Tools\Binn\;C:\Program Files\Microsoft SQL Server\150\Tools\Binn\;C:\Program Files\Java\jdk-17.0.2\bin;C:\Program Files\Git\cmd;C:\Users\woelflenico\AppData\Local\Microsoft\WindowsApps;
USERNAME=woelflenico
OS=Windows_NT
PROCESSOR_IDENTIFIER=Intel64 Family 6 Model 158 Stepping 10, GenuineIntel
TMP=C:\Users\WOELFL~1\AppData\Local\Temp
TEMP=C:\Users\WOELFL~1\AppData\Local\Temp




Periodic native trim disabled

---------------  S Y S T E M  ---------------

OS:
 Windows 10 , 64 bit Build 19041 (10.0.19041.3636)
OS uptime: 0 days 0:33 hours
Hyper-V role detected

CPU: total 6 (initial active 6) (6 cores per cpu, 1 threads per core) family 6 model 158 stepping 10 microcode 0xb4, cx8, cmov, fxsr, mmx, 3dnowpref, sse, sse2, sse3, ssse3, sse4.1, sse4.2, popcnt, lzcnt, tsc, tscinvbit, avx, avx2, aes, erms, clmul, bmi1, bmi2, rtm, adx, fma, vzeroupper, clflush, clflushopt, hv, rdtscp, f16c
Processor Information for all 6 processors :
  Max Mhz: 3000, Current Mhz: 3000, Mhz Limit: 3000

Memory: 4k page, system-wide physical 16129M (6412M free)
TotalPageFile size 18561M (AvailPageFile size 4607M)
current process WorkingSet (physical memory assigned to process): 133M, peak: 133M
current process commit charge ("private bytes"): 375M, peak: 376M

vm_info: OpenJDK 64-Bit Server VM (22.0.1+8-16) for windows-amd64 JRE (22.0.1+8-16), built on 2024-03-12T10:33:16Z by "mach5one" with MS VC++ 17.6 (VS2022)

END.
