#
# A fatal error has been detected by the Java Runtime Environment:
#
#  EXCEPTION_ACCESS_VIOLATION (0xc0000005) at pc=0x00007ffa3f516374, pid=20884, tid=7548
#
# JRE version: Java(TM) SE Runtime Environment (21.0.1+12) (build 21.0.1+12-LTS-29)
# Java VM: Java HotSpot(TM) 64-Bit Server VM (21.0.1+12-LTS-29, mixed mode, sharing, tiered, compressed oops, compressed class ptrs, g1 gc, windows-amd64)
# Problematic frame:
# V  [jvm.dll+0x366374]
#
# No core dump will be written. Minidumps are not enabled by default on client versions of Windows
#
# If you would like to submit a bug report, please visit:
#   https://bugreport.java.com/bugreport/crash.jsp
#

---------------  S U M M A R Y ------------

Command Line: -javaagent:C:\Users\Nico\AppData\Local\Programs\IntelliJ IDEA Community Edition\lib\idea_rt.jar=58092:C:\Users\Nico\AppData\Local\Programs\IntelliJ IDEA Community Edition\bin -Dfile.encoding=UTF-8 -Dsun.stdout.encoding=UTF-8 -Dsun.stderr.encoding=UTF-8 org.example.App 3

Host: AMD Ryzen 5 1600X Six-Core Processor           , 12 cores, 31G,  Windows 10 , 64 bit Build 19041 (10.0.19041.3636)
Time: Thu May  9 15:57:10 2024 Mitteleuropäische Sommerzeit elapsed time: 62.792286 seconds (0d 0h 1m 2s)

---------------  T H R E A D  ---------------

Current thread (0x0000024d5c187760):  WorkerThread "GC Thread#2"    [id=7548, stack(0x0000009b33400000,0x0000009b33500000) (1024K)]

Stack: [0x0000009b33400000,0x0000009b33500000],  sp=0x0000009b334ff410,  free space=1021k
Native frames: (J=compiled Java code, j=interpreted, Vv=VM code, C=native code)
V  [jvm.dll+0x366374]
V  [jvm.dll+0x366b55]
V  [jvm.dll+0x366835]
V  [jvm.dll+0x36dff4]
V  [jvm.dll+0x36e16b]
V  [jvm.dll+0x881f77]
V  [jvm.dll+0x7fd728]
V  [jvm.dll+0x6c777d]
C  [ucrtbase.dll+0x21bb2]
C  [KERNEL32.DLL+0x17344]
C  [ntdll.dll+0x526b1]


siginfo: EXCEPTION_ACCESS_VIOLATION (0xc0000005), reading address 0x0000000000004458


Registers:
RAX=0x0000000000000000, RBX=0x0000024d5c71c1c0, RCX=0x0000000000000016, RDX=0x0000000000000000
RSP=0x0000009b334ff410, RBP=0x0000000000000001, RSI=0xfffe000000000000, RDI=0x0000024d5c50d708
R8 =0x0000000000000000, R9 =0x0000024d6fc0b490, R10=0x0000000000004458, R11=0x00007ffa70cb15b5
R12=0x0000024d5c50d700, R13=0x0000009b33dfec18, R14=0x0000024d5c71c040, R15=0x0000000000000020
RIP=0x00007ffa3f516374, EFLAGS=0x0000000000010246


Register to memory mapping:

RAX=0x0 is null
RBX=0x0000024d5c71c1c0 points into unknown readable memory: 0x0000000000004458 | 58 44 00 00 00 00 00 00
RCX=0x0000000000000016 is an unknown value
RDX=0x0 is null
RSP=0x0000009b334ff410 points into unknown readable memory: 0x00000000256b0000 | 00 00 6b 25 00 00 00 00
RBP=0x0000000000000001 is an unknown value
RSI=0xfffe000000000000 is an unknown value
RDI=0x0000024d5c50d708 points into unknown readable memory: 0x00007ffa3fb880e0 | e0 80 b8 3f fa 7f 00 00
R8 =0x0 is null
R9 =0x0000024d6fc0b490 points into unknown readable memory: 0x00007ffa3fb7f0b0 | b0 f0 b7 3f fa 7f 00 00
R10=0x0000000000004458 is an unknown value
R11=0x00007ffa70cb15b5 VCRUNTIME140.dll
R12=0x0000024d5c50d700 points into unknown readable memory: 0x00007ffa3fb88128 | 28 81 b8 3f fa 7f 00 00
R13=0x0000009b33dfec18 points into unknown readable memory: 0x0000024d6fc13f40 | 40 3f c1 6f 4d 02 00 00
R14=0x0000024d5c71c040 points into unknown readable memory: 0x000000061f010220 | 20 02 01 1f 06 00 00 00
R15=0x0000000000000020 is an unknown value

Top of Stack: (sp=0x0000009b334ff410)
0x0000009b334ff410:   00000000256b0000 0000000000000001
0x0000009b334ff420:   0000000000000000 0000000000000070
0x0000009b334ff430:   0000000000000004 00007ffa3f516b55
0x0000009b334ff440:   0000024d5c50d708 0000000000000003
0x0000009b334ff450:   0000024d5c6de2e0 00007ffa3fb837d0
0x0000009b334ff460:   0000000000000000 0000009b334ff4e0
0x0000009b334ff470:   0000000000000003 0000024d5c189ba0
0x0000009b334ff480:   0000009b33dfeb10 0000000000000000
0x0000009b334ff490:   00007ffa3fb836e0 00000000256bd187
0x0000009b334ff4a0:   0000000000000000 00007ffa0000000b
0x0000009b334ff4b0:   0000024d5c189ba0 0000000000000003
0x0000009b334ff4c0:   0000000000000000 0000000000000000
0x0000009b334ff4d0:   0000024d6f000000 0000000000000000
0x0000009b334ff4e0:   00007ffa3fb836e0 00000000256bcd00
0x0000009b334ff4f0:   0000000000000001 0000000000000002
0x0000009b334ff500:   0000000000000000 00004e88c30f3bd3
0x0000009b334ff510:   0000000000000000 0000024d5c25bf30
0x0000009b334ff520:   0000024d5c25bf40 00000000000003d8
0x0000009b334ff530:   0000024d5c25c318 0000009b33dfeb10
0x0000009b334ff540:   0000000000000003 0000024d5c189ba0
0x0000009b334ff550:   0000024d5c50d700 00007ffa3f516835
0x0000009b334ff560:   0000024d5c50d700 0000024d5c189ba0
0x0000009b334ff570:   0000000000000003 0000009b33dfeb10
0x0000009b334ff580:   0000000000000003 0000000000000008
0x0000009b334ff590:   0000000000000005 00007ffa3f260000
0x0000009b334ff5a0:   0000000000000000 00007ffa3f86b0c1
0x0000009b334ff5b0:   0000000000000008 00000000000000f8
0x0000009b334ff5c0:   0000000000000001 00007ffa3f26c07e
0x0000009b334ff5d0:   0000000000000005 00007ffa3f26ea46
0x0000009b334ff5e0:   0000000000000000 0000000000000008
0x0000009b334ff5f0:   00007ffa3fb836f0 00000000256bcd24
0x0000009b334ff600:   0000000000000000 0000000000000003 

Instructions: (pc=0x00007ffa3f516374)
0x00007ffa3f516274:   84 c0 78 3a 4c 8b 07 41 0f b6 c0 24 03 3c 03 75
0x00007ffa3f516284:   06 49 83 e0 fc eb 12 48 8b 4b 10 4d 8b c8 4c 8b
0x00007ffa3f516294:   c7 e8 96 15 ff ff 4c 8b c0 4c 2b 05 bc 3c 85 00
0x00007ffa3f5162a4:   8b 0d be 3c 85 00 49 d3 e8 44 89 06 eb 5a 3c fd
0x00007ffa3f5162b4:   75 37 41 8b 88 18 02 00 00 48 8b d7 49 8b 80 10
0x00007ffa3f5162c4:   02 00 00 48 d3 e0 8b 0d 10 cb 8b 00 48 2b d0 49
0x00007ffa3f5162d4:   8b 80 90 05 00 00 48 d3 ea 8b ca 80 7c 48 01 fd
0x00007ffa3f5162e4:   75 17 c6 44 48 01 ff eb 10 3c fc 75 0c 48 8b 4b
0x00007ffa3f5162f4:   10 48 8b d6 e8 e3 f2 ff ff 8b 53 18 4c 8b c7 48
0x00007ffa3f516304:   8b 4b 28 e8 d4 4b fb ff 48 8b 4b 10 e8 8b ee fe
0x00007ffa3f516314:   ff 48 8b 7c 24 30 48 8b 5c 24 38 48 83 c4 20 5e
0x00007ffa3f516324:   c3 cc cc cc cc cc cc cc cc cc cc cc 48 89 5c 24
0x00007ffa3f516334:   08 57 48 83 ec 20 4c 8b 12 48 8b da 48 8b f9 4d
0x00007ffa3f516344:   85 d2 0f 84 a6 00 00 00 4c 8b 49 08 4d 8b c2 49
0x00007ffa3f516354:   8b 81 a0 05 00 00 41 8b 89 b0 05 00 00 49 d3 e8
0x00007ffa3f516364:   42 0f b7 14 40 0f b7 c2 66 c1 e8 08 84 c0 78 2c
0x00007ffa3f516374:   49 8b 0a 0f b6 c1 24 03 3c 03 75 09 48 83 e1 fc
0x00007ffa3f516384:   48 89 0b eb 60 4c 8b c9 4d 8b c2 48 8b 4f 10 e8
0x00007ffa3f516394:   98 14 ff ff 48 8b c8 48 89 03 eb 49 3c fd 75 35
0x00007ffa3f5163a4:   41 8b 89 18 02 00 00 49 8b 81 10 02 00 00 48 d3
0x00007ffa3f5163b4:   e0 8b 0d 25 ca 8b 00 4c 2b d0 49 8b 81 90 05 00
0x00007ffa3f5163c4:   00 49 d3 ea 41 8b ca 80 7c 48 01 fd 75 17 c6 44
0x00007ffa3f5163d4:   48 01 ff eb 10 3c fc 75 0c 48 8b 4f 10 48 8b d3
0x00007ffa3f5163e4:   e8 97 f1 ff ff 48 8b 4f 10 e8 ae ed fe ff 48 8b
0x00007ffa3f5163f4:   5c 24 30 48 83 c4 20 5f c3 cc cc cc 48 89 5c 24
0x00007ffa3f516404:   08 57 48 83 ec 20 8b 02 48 8b fa 48 8b d9 85 c0
0x00007ffa3f516414:   0f 84 c7 00 00 00 8b 0d 48 3b 85 00 44 8b d0 4c
0x00007ffa3f516424:   8b 4b 08 49 d3 e2 4c 03 15 2f 3b 85 00 4d 8b c2
0x00007ffa3f516434:   49 8b 81 a0 05 00 00 41 8b 89 b0 05 00 00 49 d3
0x00007ffa3f516444:   e8 42 0f b7 14 40 0f b7 c2 66 c1 e8 08 84 c0 78
0x00007ffa3f516454:   3a 4d 8b 02 41 0f b6 c0 24 03 3c 03 75 06 49 83
0x00007ffa3f516464:   e0 fc eb 12 48 8b 4b 10 4d 8b c8 4d 8b c2 e8 b9 


Stack slot to memory mapping:

stack at sp + 0 slots: 0x00000000256b0000 is an unknown value
stack at sp + 1 slots: 0x0000000000000001 is an unknown value
stack at sp + 2 slots: 0x0 is null
stack at sp + 3 slots: 0x0000000000000070 is an unknown value
stack at sp + 4 slots: 0x0000000000000004 is an unknown value
stack at sp + 5 slots: 0x00007ffa3f516b55 jvm.dll
stack at sp + 6 slots: 0x0000024d5c50d708 points into unknown readable memory: 0x00007ffa3fb880e0 | e0 80 b8 3f fa 7f 00 00
stack at sp + 7 slots: 0x0000000000000003 is an unknown value


---------------  P R O C E S S  ---------------

Threads class SMR info:
_java_thread_list=0x0000024d5c2d9e00, length=16, elements={
0x0000024d6fbf9a90, 0x0000024d7ec9d720, 0x0000024d7ec9e380, 0x0000024d5c130180,
0x0000024d5c132e70, 0x0000024d5c1338d0, 0x0000024d5c134330, 0x0000024d5c137e10,
0x0000024d5c14ae20, 0x0000024d7ec65310, 0x0000024d5c3b0930, 0x0000024d5c3b0fa0,
0x0000024d5c6858a0, 0x0000024d5c735020, 0x0000024d5c7356b0, 0x0000024d5c734300
}

Java Threads: ( => current thread )
  0x0000024d6fbf9a90 JavaThread "main"                              [_thread_in_native, id=28560, stack(0x0000009b33600000,0x0000009b33700000) (1024K)]
  0x0000024d7ec9d720 JavaThread "Reference Handler"          daemon [_thread_blocked, id=14796, stack(0x0000009b33e00000,0x0000009b33f00000) (1024K)]
  0x0000024d7ec9e380 JavaThread "Finalizer"                  daemon [_thread_blocked, id=24596, stack(0x0000009b33f00000,0x0000009b34000000) (1024K)]
  0x0000024d5c130180 JavaThread "Signal Dispatcher"          daemon [_thread_blocked, id=20348, stack(0x0000009b34000000,0x0000009b34100000) (1024K)]
  0x0000024d5c132e70 JavaThread "Attach Listener"            daemon [_thread_blocked, id=13652, stack(0x0000009b34100000,0x0000009b34200000) (1024K)]
  0x0000024d5c1338d0 JavaThread "Service Thread"             daemon [_thread_blocked, id=26120, stack(0x0000009b34200000,0x0000009b34300000) (1024K)]
  0x0000024d5c134330 JavaThread "Monitor Deflation Thread"   daemon [_thread_blocked, id=16556, stack(0x0000009b34300000,0x0000009b34400000) (1024K)]
  0x0000024d5c137e10 JavaThread "C2 CompilerThread0"         daemon [_thread_blocked, id=27260, stack(0x0000009b34400000,0x0000009b34500000) (1024K)]
  0x0000024d5c14ae20 JavaThread "C1 CompilerThread0"         daemon [_thread_blocked, id=23492, stack(0x0000009b34500000,0x0000009b34600000) (1024K)]
  0x0000024d7ec65310 JavaThread "Common-Cleaner"             daemon [_thread_blocked, id=10848, stack(0x0000009b34600000,0x0000009b34700000) (1024K)]
  0x0000024d5c3b0930 JavaThread "Monitor Ctrl-Break"         daemon [_thread_in_native, id=28664, stack(0x0000009b34700000,0x0000009b34800000) (1024K)]
  0x0000024d5c3b0fa0 JavaThread "Notification Thread"        daemon [_thread_blocked, id=16436, stack(0x0000009b34800000,0x0000009b34900000) (1024K)]
  0x0000024d5c6858a0 JavaThread "Java Sound Event Dispatcher" daemon [_thread_blocked, id=20188, stack(0x0000009b34e00000,0x0000009b34f00000) (1024K)]
  0x0000024d5c735020 JavaThread "Thread-2"                          [_thread_in_native, id=21480, stack(0x0000009b35300000,0x0000009b35400000) (1024K)]
  0x0000024d5c7356b0 JavaThread "Thread-3"                          [_thread_blocked, id=11368, stack(0x0000009b35c00000,0x0000009b35d00000) (1024K)]
  0x0000024d5c734300 JavaThread "Thread-4"                          [_thread_in_native, id=7112, stack(0x0000009b36200000,0x0000009b36300000) (1024K)]
Total: 16

Other Threads:
  0x0000024d7ec7b8f0 VMThread "VM Thread"                           [id=23772, stack(0x0000009b33d00000,0x0000009b33e00000) (1024K)]
  0x0000024d7ec63130 WatcherThread "VM Periodic Task Thread"        [id=7136, stack(0x0000009b33c00000,0x0000009b33d00000) (1024K)]
  0x0000024d6fca4c30 WorkerThread "GC Thread#0"                     [id=24472, stack(0x0000009b33700000,0x0000009b33800000) (1024K)]
  0x0000024d5c188980 WorkerThread "GC Thread#1"                     [id=22284, stack(0x0000009b33300000,0x0000009b33400000) (1024K)]
=>0x0000024d5c187760 WorkerThread "GC Thread#2"                     [id=7548, stack(0x0000009b33400000,0x0000009b33500000) (1024K)]
  0x0000024d5c1885e0 WorkerThread "GC Thread#3"                     [id=26676, stack(0x0000009b33500000,0x0000009b33600000) (1024K)]
  0x0000024d5c1873c0 WorkerThread "GC Thread#4"                     [id=796, stack(0x0000009b34900000,0x0000009b34a00000) (1024K)]
  0x0000024d5c187b00 WorkerThread "GC Thread#5"                     [id=2920, stack(0x0000009b34c00000,0x0000009b34d00000) (1024K)]
  0x0000024d5c187ea0 WorkerThread "GC Thread#6"                     [id=23256, stack(0x0000009b34d00000,0x0000009b34e00000) (1024K)]
  0x0000024d5c188d20 WorkerThread "GC Thread#7"                     [id=27192, stack(0x0000009b36900000,0x0000009b36a00000) (1024K)]
  0x0000024d5c188240 WorkerThread "GC Thread#8"                     [id=18864, stack(0x0000009b36a00000,0x0000009b36b00000) (1024K)]
  0x0000024d5c465660 WorkerThread "GC Thread#9"                     [id=1408, stack(0x0000009b36b00000,0x0000009b36c00000) (1024K)]
  0x0000024d6fcb6c70 ConcurrentGCThread "G1 Main Marker"            [id=23544, stack(0x0000009b33800000,0x0000009b33900000) (1024K)]
  0x0000024d6fcb7e20 WorkerThread "G1 Conc#0"                       [id=25808, stack(0x0000009b33900000,0x0000009b33a00000) (1024K)]
  0x0000024d7eb232e0 ConcurrentGCThread "G1 Refine#0"               [id=12532, stack(0x0000009b33a00000,0x0000009b33b00000) (1024K)]
  0x0000024d7eb23d60 ConcurrentGCThread "G1 Service"                [id=808, stack(0x0000009b33b00000,0x0000009b33c00000) (1024K)]
Total: 16

Threads with active compile tasks:
Total: 0

VM state: at safepoint (normal execution)

VM Mutex/Monitor currently owned by a thread:  ([mutex/lock_event])
[0x00007ffa3fdea5f8] Threads_lock - owner thread: 0x0000024d7ec7b8f0
[0x00007ffa3fdea6f8] Heap_lock - owner thread: 0x0000024d5c7356b0

Heap address: 0x0000000600c00000, size: 8180 MB, Compressed Oops mode: Zero based, Oop shift amount: 3

CDS archive(s) mapped at: [0x0000024d17000000-0x0000024d17c90000-0x0000024d17c90000), size 13172736, SharedBaseAddress: 0x0000024d17000000, ArchiveRelocationMode: 1.
Compressed class space mapped at: 0x0000024d18000000-0x0000024d58000000, reserved size: 1073741824
Narrow klass base: 0x0000024d17000000, Narrow klass shift: 0, Narrow klass range: 0x100000000

GC Precious Log:
 CardTable entry size: 512
 Card Set container configuration: InlinePtr #cards 4 size 8 Array Of Cards #cards 32 size 80 Howl #buckets 8 coarsen threshold 7372 Howl Bitmap #cards 1024 size 144 coarsen threshold 921 Card regions per heap region 1 cards per card region 8192
 CPUs: 12 total, 12 available
 Memory: 32704M
 Large Page Support: Disabled
 NUMA Support: Disabled
 Compressed Oops: Enabled (Zero based)
 Heap Region Size: 4M
 Heap Min Capacity: 8M
 Heap Initial Capacity: 512M
 Heap Max Capacity: 8180M
 Pre-touch: Disabled
 Parallel Workers: 10
 Concurrent Workers: 3
 Concurrent Refinement Workers: 10
 Periodic GC: Disabled

Heap:
 garbage-first heap   total 524288K, used 24576K [0x0000000600c00000, 0x0000000800000000)
  region size 4096K, 7 young (28672K), 1 survivors (4096K)
 Metaspace       used 4598K, committed 4736K, reserved 1114112K
  class space    used 502K, committed 576K, reserved 1048576K

Heap Regions: E=young(eden), S=young(survivor), O=old, HS=humongous(starts), HC=humongous(continues), CS=collection set, F=free, TAMS=top-at-mark-start, PB=parsable bottom
|   0|0x0000000600c00000, 0x0000000600c00000, 0x0000000601000000|  0%| F|  |TAMS 0x0000000600c00000| PB 0x0000000600c00000| Untracked 
|   1|0x0000000601000000, 0x0000000601000000, 0x0000000601400000|  0%| F|  |TAMS 0x0000000601000000| PB 0x0000000601000000| Untracked 
|   2|0x0000000601400000, 0x0000000601400000, 0x0000000601800000|  0%| F|  |TAMS 0x0000000601400000| PB 0x0000000601400000| Untracked 
|   3|0x0000000601800000, 0x0000000601800000, 0x0000000601c00000|  0%| F|  |TAMS 0x0000000601800000| PB 0x0000000601800000| Untracked 
|   4|0x0000000601c00000, 0x0000000601c00000, 0x0000000602000000|  0%| F|  |TAMS 0x0000000601c00000| PB 0x0000000601c00000| Untracked 
|   5|0x0000000602000000, 0x0000000602000000, 0x0000000602400000|  0%| F|  |TAMS 0x0000000602000000| PB 0x0000000602000000| Untracked 
|   6|0x0000000602400000, 0x0000000602400000, 0x0000000602800000|  0%| F|  |TAMS 0x0000000602400000| PB 0x0000000602400000| Untracked 
|   7|0x0000000602800000, 0x0000000602800000, 0x0000000602c00000|  0%| F|  |TAMS 0x0000000602800000| PB 0x0000000602800000| Untracked 
|   8|0x0000000602c00000, 0x0000000602c00000, 0x0000000603000000|  0%| F|  |TAMS 0x0000000602c00000| PB 0x0000000602c00000| Untracked 
|   9|0x0000000603000000, 0x0000000603000000, 0x0000000603400000|  0%| F|  |TAMS 0x0000000603000000| PB 0x0000000603000000| Untracked 
|  10|0x0000000603400000, 0x0000000603400000, 0x0000000603800000|  0%| F|  |TAMS 0x0000000603400000| PB 0x0000000603400000| Untracked 
|  11|0x0000000603800000, 0x0000000603800000, 0x0000000603c00000|  0%| F|  |TAMS 0x0000000603800000| PB 0x0000000603800000| Untracked 
|  12|0x0000000603c00000, 0x0000000603c00000, 0x0000000604000000|  0%| F|  |TAMS 0x0000000603c00000| PB 0x0000000603c00000| Untracked 
|  13|0x0000000604000000, 0x0000000604000000, 0x0000000604400000|  0%| F|  |TAMS 0x0000000604000000| PB 0x0000000604000000| Untracked 
|  14|0x0000000604400000, 0x0000000604400000, 0x0000000604800000|  0%| F|  |TAMS 0x0000000604400000| PB 0x0000000604400000| Untracked 
|  15|0x0000000604800000, 0x0000000604800000, 0x0000000604c00000|  0%| F|  |TAMS 0x0000000604800000| PB 0x0000000604800000| Untracked 
|  16|0x0000000604c00000, 0x0000000604c00000, 0x0000000605000000|  0%| F|  |TAMS 0x0000000604c00000| PB 0x0000000604c00000| Untracked 
|  17|0x0000000605000000, 0x0000000605000000, 0x0000000605400000|  0%| F|  |TAMS 0x0000000605000000| PB 0x0000000605000000| Untracked 
|  18|0x0000000605400000, 0x0000000605400000, 0x0000000605800000|  0%| F|  |TAMS 0x0000000605400000| PB 0x0000000605400000| Untracked 
|  19|0x0000000605800000, 0x0000000605800000, 0x0000000605c00000|  0%| F|  |TAMS 0x0000000605800000| PB 0x0000000605800000| Untracked 
|  20|0x0000000605c00000, 0x0000000605c00000, 0x0000000606000000|  0%| F|  |TAMS 0x0000000605c00000| PB 0x0000000605c00000| Untracked 
|  21|0x0000000606000000, 0x0000000606000000, 0x0000000606400000|  0%| F|  |TAMS 0x0000000606000000| PB 0x0000000606000000| Untracked 
|  22|0x0000000606400000, 0x0000000606400000, 0x0000000606800000|  0%| F|  |TAMS 0x0000000606400000| PB 0x0000000606400000| Untracked 
|  23|0x0000000606800000, 0x0000000606800000, 0x0000000606c00000|  0%| F|  |TAMS 0x0000000606800000| PB 0x0000000606800000| Untracked 
|  24|0x0000000606c00000, 0x0000000606c00000, 0x0000000607000000|  0%| F|  |TAMS 0x0000000606c00000| PB 0x0000000606c00000| Untracked 
|  25|0x0000000607000000, 0x0000000607000000, 0x0000000607400000|  0%| F|  |TAMS 0x0000000607000000| PB 0x0000000607000000| Untracked 
|  26|0x0000000607400000, 0x0000000607400000, 0x0000000607800000|  0%| F|  |TAMS 0x0000000607400000| PB 0x0000000607400000| Untracked 
|  27|0x0000000607800000, 0x0000000607800000, 0x0000000607c00000|  0%| F|  |TAMS 0x0000000607800000| PB 0x0000000607800000| Untracked 
|  28|0x0000000607c00000, 0x0000000607c00000, 0x0000000608000000|  0%| F|  |TAMS 0x0000000607c00000| PB 0x0000000607c00000| Untracked 
|  29|0x0000000608000000, 0x0000000608000000, 0x0000000608400000|  0%| F|  |TAMS 0x0000000608000000| PB 0x0000000608000000| Untracked 
|  30|0x0000000608400000, 0x0000000608400000, 0x0000000608800000|  0%| F|  |TAMS 0x0000000608400000| PB 0x0000000608400000| Untracked 
|  31|0x0000000608800000, 0x0000000608800000, 0x0000000608c00000|  0%| F|  |TAMS 0x0000000608800000| PB 0x0000000608800000| Untracked 
|  32|0x0000000608c00000, 0x0000000608c00000, 0x0000000609000000|  0%| F|  |TAMS 0x0000000608c00000| PB 0x0000000608c00000| Untracked 
|  33|0x0000000609000000, 0x0000000609000000, 0x0000000609400000|  0%| F|  |TAMS 0x0000000609000000| PB 0x0000000609000000| Untracked 
|  34|0x0000000609400000, 0x0000000609400000, 0x0000000609800000|  0%| F|  |TAMS 0x0000000609400000| PB 0x0000000609400000| Untracked 
|  35|0x0000000609800000, 0x0000000609800000, 0x0000000609c00000|  0%| F|  |TAMS 0x0000000609800000| PB 0x0000000609800000| Untracked 
|  36|0x0000000609c00000, 0x0000000609c00000, 0x000000060a000000|  0%| F|  |TAMS 0x0000000609c00000| PB 0x0000000609c00000| Untracked 
|  37|0x000000060a000000, 0x000000060a000000, 0x000000060a400000|  0%| F|  |TAMS 0x000000060a000000| PB 0x000000060a000000| Untracked 
|  38|0x000000060a400000, 0x000000060a400000, 0x000000060a800000|  0%| F|  |TAMS 0x000000060a400000| PB 0x000000060a400000| Untracked 
|  39|0x000000060a800000, 0x000000060a800000, 0x000000060ac00000|  0%| F|  |TAMS 0x000000060a800000| PB 0x000000060a800000| Untracked 
|  40|0x000000060ac00000, 0x000000060ac00000, 0x000000060b000000|  0%| F|  |TAMS 0x000000060ac00000| PB 0x000000060ac00000| Untracked 
|  41|0x000000060b000000, 0x000000060b000000, 0x000000060b400000|  0%| F|  |TAMS 0x000000060b000000| PB 0x000000060b000000| Untracked 
|  42|0x000000060b400000, 0x000000060b400000, 0x000000060b800000|  0%| F|  |TAMS 0x000000060b400000| PB 0x000000060b400000| Untracked 
|  43|0x000000060b800000, 0x000000060b800000, 0x000000060bc00000|  0%| F|  |TAMS 0x000000060b800000| PB 0x000000060b800000| Untracked 
|  44|0x000000060bc00000, 0x000000060bc00000, 0x000000060c000000|  0%| F|  |TAMS 0x000000060bc00000| PB 0x000000060bc00000| Untracked 
|  45|0x000000060c000000, 0x000000060c000000, 0x000000060c400000|  0%| F|  |TAMS 0x000000060c000000| PB 0x000000060c000000| Untracked 
|  46|0x000000060c400000, 0x000000060c400000, 0x000000060c800000|  0%| F|  |TAMS 0x000000060c400000| PB 0x000000060c400000| Untracked 
|  47|0x000000060c800000, 0x000000060c800000, 0x000000060cc00000|  0%| F|  |TAMS 0x000000060c800000| PB 0x000000060c800000| Untracked 
|  48|0x000000060cc00000, 0x000000060cc00000, 0x000000060d000000|  0%| F|  |TAMS 0x000000060cc00000| PB 0x000000060cc00000| Untracked 
|  49|0x000000060d000000, 0x000000060d000000, 0x000000060d400000|  0%| F|  |TAMS 0x000000060d000000| PB 0x000000060d000000| Untracked 
|  50|0x000000060d400000, 0x000000060d400000, 0x000000060d800000|  0%| F|  |TAMS 0x000000060d400000| PB 0x000000060d400000| Untracked 
|  51|0x000000060d800000, 0x000000060d800000, 0x000000060dc00000|  0%| F|  |TAMS 0x000000060d800000| PB 0x000000060d800000| Untracked 
|  52|0x000000060dc00000, 0x000000060dc00000, 0x000000060e000000|  0%| F|  |TAMS 0x000000060dc00000| PB 0x000000060dc00000| Untracked 
|  53|0x000000060e000000, 0x000000060e000000, 0x000000060e400000|  0%| F|  |TAMS 0x000000060e000000| PB 0x000000060e000000| Untracked 
|  54|0x000000060e400000, 0x000000060e400000, 0x000000060e800000|  0%| F|  |TAMS 0x000000060e400000| PB 0x000000060e400000| Untracked 
|  55|0x000000060e800000, 0x000000060e800000, 0x000000060ec00000|  0%| F|  |TAMS 0x000000060e800000| PB 0x000000060e800000| Untracked 
|  56|0x000000060ec00000, 0x000000060ec00000, 0x000000060f000000|  0%| F|  |TAMS 0x000000060ec00000| PB 0x000000060ec00000| Untracked 
|  57|0x000000060f000000, 0x000000060f000000, 0x000000060f400000|  0%| F|  |TAMS 0x000000060f000000| PB 0x000000060f000000| Untracked 
|  58|0x000000060f400000, 0x000000060f400000, 0x000000060f800000|  0%| F|  |TAMS 0x000000060f400000| PB 0x000000060f400000| Untracked 
|  59|0x000000060f800000, 0x000000060f800000, 0x000000060fc00000|  0%| F|  |TAMS 0x000000060f800000| PB 0x000000060f800000| Untracked 
|  60|0x000000060fc00000, 0x000000060fc00000, 0x0000000610000000|  0%| F|  |TAMS 0x000000060fc00000| PB 0x000000060fc00000| Untracked 
|  61|0x0000000610000000, 0x0000000610000000, 0x0000000610400000|  0%| F|  |TAMS 0x0000000610000000| PB 0x0000000610000000| Untracked 
|  62|0x0000000610400000, 0x0000000610400000, 0x0000000610800000|  0%| F|  |TAMS 0x0000000610400000| PB 0x0000000610400000| Untracked 
|  63|0x0000000610800000, 0x0000000610800000, 0x0000000610c00000|  0%| F|  |TAMS 0x0000000610800000| PB 0x0000000610800000| Untracked 
|  64|0x0000000610c00000, 0x0000000610c00000, 0x0000000611000000|  0%| F|  |TAMS 0x0000000610c00000| PB 0x0000000610c00000| Untracked 
|  65|0x0000000611000000, 0x0000000611000000, 0x0000000611400000|  0%| F|  |TAMS 0x0000000611000000| PB 0x0000000611000000| Untracked 
|  66|0x0000000611400000, 0x0000000611400000, 0x0000000611800000|  0%| F|  |TAMS 0x0000000611400000| PB 0x0000000611400000| Untracked 
|  67|0x0000000611800000, 0x0000000611800000, 0x0000000611c00000|  0%| F|  |TAMS 0x0000000611800000| PB 0x0000000611800000| Untracked 
|  68|0x0000000611c00000, 0x0000000611c00000, 0x0000000612000000|  0%| F|  |TAMS 0x0000000611c00000| PB 0x0000000611c00000| Untracked 
|  69|0x0000000612000000, 0x0000000612000000, 0x0000000612400000|  0%| F|  |TAMS 0x0000000612000000| PB 0x0000000612000000| Untracked 
|  70|0x0000000612400000, 0x0000000612400000, 0x0000000612800000|  0%| F|  |TAMS 0x0000000612400000| PB 0x0000000612400000| Untracked 
|  71|0x0000000612800000, 0x0000000612800000, 0x0000000612c00000|  0%| F|  |TAMS 0x0000000612800000| PB 0x0000000612800000| Untracked 
|  72|0x0000000612c00000, 0x0000000612c00000, 0x0000000613000000|  0%| F|  |TAMS 0x0000000612c00000| PB 0x0000000612c00000| Untracked 
|  73|0x0000000613000000, 0x0000000613000000, 0x0000000613400000|  0%| F|  |TAMS 0x0000000613000000| PB 0x0000000613000000| Untracked 
|  74|0x0000000613400000, 0x0000000613400000, 0x0000000613800000|  0%| F|  |TAMS 0x0000000613400000| PB 0x0000000613400000| Untracked 
|  75|0x0000000613800000, 0x0000000613800000, 0x0000000613c00000|  0%| F|  |TAMS 0x0000000613800000| PB 0x0000000613800000| Untracked 
|  76|0x0000000613c00000, 0x0000000613c00000, 0x0000000614000000|  0%| F|  |TAMS 0x0000000613c00000| PB 0x0000000613c00000| Untracked 
|  77|0x0000000614000000, 0x0000000614000000, 0x0000000614400000|  0%| F|  |TAMS 0x0000000614000000| PB 0x0000000614000000| Untracked 
|  78|0x0000000614400000, 0x0000000614400000, 0x0000000614800000|  0%| F|  |TAMS 0x0000000614400000| PB 0x0000000614400000| Untracked 
|  79|0x0000000614800000, 0x0000000614800000, 0x0000000614c00000|  0%| F|  |TAMS 0x0000000614800000| PB 0x0000000614800000| Untracked 
|  80|0x0000000614c00000, 0x0000000614c00000, 0x0000000615000000|  0%| F|  |TAMS 0x0000000614c00000| PB 0x0000000614c00000| Untracked 
|  81|0x0000000615000000, 0x0000000615000000, 0x0000000615400000|  0%| F|  |TAMS 0x0000000615000000| PB 0x0000000615000000| Untracked 
|  82|0x0000000615400000, 0x0000000615400000, 0x0000000615800000|  0%| F|  |TAMS 0x0000000615400000| PB 0x0000000615400000| Untracked 
|  83|0x0000000615800000, 0x0000000615800000, 0x0000000615c00000|  0%| F|  |TAMS 0x0000000615800000| PB 0x0000000615800000| Untracked 
|  84|0x0000000615c00000, 0x0000000615c00000, 0x0000000616000000|  0%| F|  |TAMS 0x0000000615c00000| PB 0x0000000615c00000| Untracked 
|  85|0x0000000616000000, 0x0000000616000000, 0x0000000616400000|  0%| F|  |TAMS 0x0000000616000000| PB 0x0000000616000000| Untracked 
|  86|0x0000000616400000, 0x0000000616400000, 0x0000000616800000|  0%| F|  |TAMS 0x0000000616400000| PB 0x0000000616400000| Untracked 
|  87|0x0000000616800000, 0x0000000616800000, 0x0000000616c00000|  0%| F|  |TAMS 0x0000000616800000| PB 0x0000000616800000| Untracked 
|  88|0x0000000616c00000, 0x0000000616c00000, 0x0000000617000000|  0%| F|  |TAMS 0x0000000616c00000| PB 0x0000000616c00000| Untracked 
|  89|0x0000000617000000, 0x0000000617000000, 0x0000000617400000|  0%| F|  |TAMS 0x0000000617000000| PB 0x0000000617000000| Untracked 
|  90|0x0000000617400000, 0x0000000617400000, 0x0000000617800000|  0%| F|  |TAMS 0x0000000617400000| PB 0x0000000617400000| Untracked 
|  91|0x0000000617800000, 0x0000000617800000, 0x0000000617c00000|  0%| F|  |TAMS 0x0000000617800000| PB 0x0000000617800000| Untracked 
|  92|0x0000000617c00000, 0x0000000617c00000, 0x0000000618000000|  0%| F|  |TAMS 0x0000000617c00000| PB 0x0000000617c00000| Untracked 
|  93|0x0000000618000000, 0x0000000618000000, 0x0000000618400000|  0%| F|  |TAMS 0x0000000618000000| PB 0x0000000618000000| Untracked 
|  94|0x0000000618400000, 0x0000000618400000, 0x0000000618800000|  0%| F|  |TAMS 0x0000000618400000| PB 0x0000000618400000| Untracked 
|  95|0x0000000618800000, 0x0000000618800000, 0x0000000618c00000|  0%| F|  |TAMS 0x0000000618800000| PB 0x0000000618800000| Untracked 
|  96|0x0000000618c00000, 0x0000000618c00000, 0x0000000619000000|  0%| F|  |TAMS 0x0000000618c00000| PB 0x0000000618c00000| Untracked 
|  97|0x0000000619000000, 0x0000000619000000, 0x0000000619400000|  0%| F|  |TAMS 0x0000000619000000| PB 0x0000000619000000| Untracked 
|  98|0x0000000619400000, 0x0000000619400000, 0x0000000619800000|  0%| F|  |TAMS 0x0000000619400000| PB 0x0000000619400000| Untracked 
|  99|0x0000000619800000, 0x0000000619800000, 0x0000000619c00000|  0%| F|  |TAMS 0x0000000619800000| PB 0x0000000619800000| Untracked 
| 100|0x0000000619c00000, 0x0000000619c00000, 0x000000061a000000|  0%| F|  |TAMS 0x0000000619c00000| PB 0x0000000619c00000| Untracked 
| 101|0x000000061a000000, 0x000000061a000000, 0x000000061a400000|  0%| F|  |TAMS 0x000000061a000000| PB 0x000000061a000000| Untracked 
| 102|0x000000061a400000, 0x000000061a400000, 0x000000061a800000|  0%| F|  |TAMS 0x000000061a400000| PB 0x000000061a400000| Untracked 
| 103|0x000000061a800000, 0x000000061a800000, 0x000000061ac00000|  0%| F|  |TAMS 0x000000061a800000| PB 0x000000061a800000| Untracked 
| 104|0x000000061ac00000, 0x000000061ac00000, 0x000000061b000000|  0%| F|  |TAMS 0x000000061ac00000| PB 0x000000061ac00000| Untracked 
| 105|0x000000061b000000, 0x000000061b000000, 0x000000061b400000|  0%| F|  |TAMS 0x000000061b000000| PB 0x000000061b000000| Untracked 
| 106|0x000000061b400000, 0x000000061b400000, 0x000000061b800000|  0%| F|  |TAMS 0x000000061b400000| PB 0x000000061b400000| Untracked 
| 107|0x000000061b800000, 0x000000061b800000, 0x000000061bc00000|  0%| F|  |TAMS 0x000000061b800000| PB 0x000000061b800000| Untracked 
| 108|0x000000061bc00000, 0x000000061bc00000, 0x000000061c000000|  0%| F|  |TAMS 0x000000061bc00000| PB 0x000000061bc00000| Untracked 
| 109|0x000000061c000000, 0x000000061c000000, 0x000000061c400000|  0%| F|  |TAMS 0x000000061c000000| PB 0x000000061c000000| Untracked 
| 110|0x000000061c400000, 0x000000061c400000, 0x000000061c800000|  0%| F|  |TAMS 0x000000061c400000| PB 0x000000061c400000| Untracked 
| 111|0x000000061c800000, 0x000000061c800000, 0x000000061cc00000|  0%| F|  |TAMS 0x000000061c800000| PB 0x000000061c800000| Untracked 
| 112|0x000000061cc00000, 0x000000061cc00000, 0x000000061d000000|  0%| F|  |TAMS 0x000000061cc00000| PB 0x000000061cc00000| Untracked 
| 113|0x000000061d000000, 0x000000061d000000, 0x000000061d400000|  0%| F|  |TAMS 0x000000061d000000| PB 0x000000061d000000| Untracked 
| 114|0x000000061d400000, 0x000000061d400000, 0x000000061d800000|  0%| F|  |TAMS 0x000000061d400000| PB 0x000000061d400000| Untracked 
| 115|0x000000061d800000, 0x000000061d800000, 0x000000061dc00000|  0%| F|  |TAMS 0x000000061d800000| PB 0x000000061d800000| Untracked 
| 116|0x000000061dc00000, 0x000000061dc00000, 0x000000061e000000|  0%| F|  |TAMS 0x000000061dc00000| PB 0x000000061dc00000| Untracked 
| 117|0x000000061e000000, 0x000000061e000000, 0x000000061e400000|  0%| F|  |TAMS 0x000000061e000000| PB 0x000000061e000000| Untracked 
| 118|0x000000061e400000, 0x000000061e400000, 0x000000061e800000|  0%| F|  |TAMS 0x000000061e400000| PB 0x000000061e400000| Untracked 
| 119|0x000000061e800000, 0x000000061e800000, 0x000000061ec00000|  0%| F|  |TAMS 0x000000061e800000| PB 0x000000061e800000| Untracked 
| 120|0x000000061ec00000, 0x000000061ec00000, 0x000000061f000000|  0%| F|  |TAMS 0x000000061ec00000| PB 0x000000061ec00000| Untracked 
| 121|0x000000061f000000, 0x000000061f2a1318, 0x000000061f400000| 65%| S|  |TAMS 0x000000061f000000| PB 0x000000061f000000| Complete 
| 122|0x000000061f400000, 0x000000061f800000, 0x000000061f800000|100%| E|CS|TAMS 0x000000061f400000| PB 0x000000061f400000| Complete 
| 123|0x000000061f800000, 0x000000061fc00000, 0x000000061fc00000|100%| E|CS|TAMS 0x000000061f800000| PB 0x000000061f800000| Complete 
| 124|0x000000061fc00000, 0x0000000620000000, 0x0000000620000000|100%| E|CS|TAMS 0x000000061fc00000| PB 0x000000061fc00000| Complete 
| 125|0x0000000620000000, 0x0000000620400000, 0x0000000620400000|100%| E|CS|TAMS 0x0000000620000000| PB 0x0000000620000000| Complete 
| 126|0x0000000620400000, 0x0000000620800000, 0x0000000620800000|100%| E|CS|TAMS 0x0000000620400000| PB 0x0000000620400000| Complete 
| 127|0x0000000620800000, 0x0000000620c00000, 0x0000000620c00000|100%| E|CS|TAMS 0x0000000620800000| PB 0x0000000620800000| Complete 

Card table byte_map: [0x0000024d7b4c0000,0x0000024d7c4c0000] _byte_map_base: 0x0000024d784ba000

Marking Bits: (CMBitMap*) 0x0000024d6fca6250
 Bits: [0x0000024d0f000000, 0x0000024d16fd0000)

Polling page: 0x0000024d6f9e0000

Metaspace:

Usage:
  Non-class:      4.00 MB used.
      Class:    502.26 KB used.
       Both:      4.49 MB used.

Virtual space:
  Non-class space:       64.00 MB reserved,       4.06 MB (  6%) committed,  1 nodes.
      Class space:        1.00 GB reserved,     576.00 KB ( <1%) committed,  1 nodes.
             Both:        1.06 GB reserved,       4.62 MB ( <1%) committed. 

Chunk freelists:
   Non-Class:  10.83 MB
       Class:  15.45 MB
        Both:  26.28 MB

MaxMetaspaceSize: unlimited
CompressedClassSpaceSize: 1.00 GB
Initial GC threshold: 21.00 MB
Current GC threshold: 21.00 MB
CDS: on
 - commit_granule_bytes: 65536.
 - commit_granule_words: 8192.
 - virtual_space_node_default_size: 8388608.
 - enlarge_chunks_in_place: 1.
 - use_allocation_guard: 0.


Internal statistics:

num_allocs_failed_limit: 0.
num_arena_births: 68.
num_arena_deaths: 0.
num_vsnodes_births: 2.
num_vsnodes_deaths: 0.
num_space_committed: 74.
num_space_uncommitted: 0.
num_chunks_returned_to_freelist: 0.
num_chunks_taken_from_freelist: 152.
num_chunk_merges: 0.
num_chunk_splits: 92.
num_chunks_enlarged: 64.
num_inconsistent_stats: 0.

CodeHeap 'non-profiled nmethods': size=120000Kb used=282Kb max_used=282Kb free=119717Kb
 bounds [0x0000024d07ad0000, 0x0000024d07d40000, 0x0000024d0f000000]
CodeHeap 'profiled nmethods': size=120000Kb used=1766Kb max_used=1766Kb free=118233Kb
 bounds [0x0000024d00000000, 0x0000024d00270000, 0x0000024d07530000]
CodeHeap 'non-nmethods': size=5760Kb used=1373Kb max_used=1401Kb free=4386Kb
 bounds [0x0000024d07530000, 0x0000024d077a0000, 0x0000024d07ad0000]
 total_blobs=1483 nmethods=1006 adapters=382
 compilation: enabled
              stopped_count=0, restarted_count=0
 full_count=0

Compilation events (20 events):
Event: 9.425 Thread 0x0000024d5c14ae20  996   !   3       sun.nio.cs.StreamEncoder::flushBuffer (63 bytes)
Event: 9.426 Thread 0x0000024d5c14ae20 nmethod 996 0x0000024d001b2b90 code [0x0000024d001b2ec0, 0x0000024d001b4348]
Event: 9.890 Thread 0x0000024d5c14ae20  997       3       java.io.WinNTFileSystem::prefixLength (91 bytes)
Event: 9.892 Thread 0x0000024d5c14ae20 nmethod 997 0x0000024d001b4b10 code [0x0000024d001b4e20, 0x0000024d001b6250]
Event: 10.121 Thread 0x0000024d5c14ae20  998       3       com.google.gson.internal.LinkedTreeMap$Node::<init> (49 bytes)
Event: 10.122 Thread 0x0000024d5c14ae20 nmethod 998 0x0000024d001b6910 code [0x0000024d001b6ae0, 0x0000024d001b6ec8]
Event: 10.125 Thread 0x0000024d5c14ae20  999       1       org.slf4j.helpers.NOPLogger::isTraceEnabled (2 bytes)
Event: 10.125 Thread 0x0000024d5c14ae20 nmethod 999 0x0000024d07b15090 code [0x0000024d07b15220, 0x0000024d07b152e8]
Event: 10.125 Thread 0x0000024d5c14ae20 1000       3       java.nio.ByteBuffer::limit (6 bytes)
Event: 10.125 Thread 0x0000024d5c14ae20 nmethod 1000 0x0000024d001b7010 code [0x0000024d001b71c0, 0x0000024d001b7390]
Event: 30.330 Thread 0x0000024d5c137e10 1001       4       org.example.WebRtcPeerConnectionHandler$2::onData (14 bytes)
Event: 30.336 Thread 0x0000024d5c137e10 nmethod 1001 0x0000024d07b15390 code [0x0000024d07b155c0, 0x0000024d07b16100]
Event: 50.247 Thread 0x0000024d5c14ae20 1002       3       java.lang.ClassLoader::definePackage (85 bytes)
Event: 50.248 Thread 0x0000024d5c14ae20 nmethod 1002 0x0000024d001b7410 code [0x0000024d001b76e0, 0x0000024d001b85c8]
Event: 50.248 Thread 0x0000024d5c14ae20 1004       3       java.lang.invoke.MethodType$ConcurrentWeakInternSet$WeakEntry::<init> (15 bytes)
Event: 50.249 Thread 0x0000024d5c14ae20 nmethod 1004 0x0000024d001b8a90 code [0x0000024d001b8c60, 0x0000024d001b9080]
Event: 50.249 Thread 0x0000024d5c14ae20 1006       3       jdk.internal.loader.NativeLibraries$NativeLibraryImpl::find (9 bytes)
Event: 50.249 Thread 0x0000024d5c14ae20 nmethod 1006 0x0000024d001b9210 code [0x0000024d001b93c0, 0x0000024d001b9500]
Event: 50.249 Thread 0x0000024d5c14ae20 1003       3       java.lang.Package::isSealed (26 bytes)
Event: 50.249 Thread 0x0000024d5c14ae20 nmethod 1003 0x0000024d001b9590 code [0x0000024d001b9740, 0x0000024d001b9a58]

GC Heap History (1 events):
Event: 62.781 GC heap before
{Heap before GC invocations=0 (full 0):
 garbage-first heap   total 524288K, used 24576K [0x0000000600c00000, 0x0000000800000000)
  region size 4096K, 6 young (24576K), 0 survivors (0K)
 Metaspace       used 4598K, committed 4736K, reserved 1114112K
  class space    used 502K, committed 576K, reserved 1048576K
}

Dll operation events (13 events):
Event: 0.008 Loaded shared library C:\Program Files\Java\jdk-21\bin\java.dll
Event: 0.039 Loaded shared library C:\Program Files\Java\jdk-21\bin\jsvml.dll
Event: 0.087 Loaded shared library C:\Program Files\Java\jdk-21\bin\zip.dll
Event: 0.091 Loaded shared library C:\Program Files\Java\jdk-21\bin\instrument.dll
Event: 0.095 Loaded shared library C:\Program Files\Java\jdk-21\bin\net.dll
Event: 0.097 Loaded shared library C:\Program Files\Java\jdk-21\bin\nio.dll
Event: 0.100 Loaded shared library C:\Program Files\Java\jdk-21\bin\zip.dll
Event: 0.122 Loaded shared library C:\Users\Nico\AppData\Local\Programs\IntelliJ IDEA Community Edition\bin\breakgen64.dll
Event: 0.130 Loaded shared library C:\Program Files\Java\jdk-21\bin\extnet.dll
Event: 0.170 Loaded shared library C:\Program Files\Java\jdk-21\bin\jimage.dll
Event: 0.186 Loaded shared library C:\Program Files\Java\jdk-21\bin\verify.dll
Event: 0.231 Loaded shared library C:\Program Files\Java\jdk-21\bin\jsound.dll
Event: 1.200 Loaded shared library C:\Users\Nico\AppData\Local\Temp\webrtc-java17530542925344891219.dll

Deoptimization events (20 events):
Event: 0.154 Thread 0x0000024d6fbf9a90 DEOPT PACKING pc=0x0000024d0002ef19 sp=0x0000009b336f9b10
Event: 0.154 Thread 0x0000024d6fbf9a90 DEOPT UNPACKING pc=0x0000024d07584e42 sp=0x0000009b336f8f30 mode 0
Event: 0.159 Thread 0x0000024d6fbf9a90 DEOPT PACKING pc=0x0000024d00009be1 sp=0x0000009b336fcab0
Event: 0.159 Thread 0x0000024d6fbf9a90 DEOPT UNPACKING pc=0x0000024d07584e42 sp=0x0000009b336fbf18 mode 0
Event: 0.217 Thread 0x0000024d6fbf9a90 Uncommon trap: trap_request=0xffffff45 fr.pc=0x0000024d07ade1ec relative=0x0000000000000a8c
Event: 0.217 Thread 0x0000024d6fbf9a90 Uncommon trap: reason=unstable_if action=reinterpret pc=0x0000024d07ade1ec method=java.util.HashMap.putVal(ILjava/lang/Object;Ljava/lang/Object;ZZ)Ljava/lang/Object; @ 181 c2
Event: 0.217 Thread 0x0000024d6fbf9a90 DEOPT PACKING pc=0x0000024d07ade1ec sp=0x0000009b336fe870
Event: 0.217 Thread 0x0000024d6fbf9a90 DEOPT UNPACKING pc=0x0000024d075846a2 sp=0x0000009b336fe830 mode 2
Event: 0.249 Thread 0x0000024d5c51be90 DEOPT PACKING pc=0x0000024d000c0f0a sp=0x0000009b349fd9c0
Event: 0.249 Thread 0x0000024d5c51be90 DEOPT UNPACKING pc=0x0000024d07584e42 sp=0x0000009b349fcdf8 mode 0
Event: 0.861 Thread 0x0000024d5c51be90 DEOPT PACKING pc=0x0000024d00063915 sp=0x0000009b349fa270
Event: 0.861 Thread 0x0000024d5c51be90 DEOPT UNPACKING pc=0x0000024d07584e42 sp=0x0000009b349f96c0 mode 0
Event: 1.499 Thread 0x0000024d5c51be90 DEOPT PACKING pc=0x0000024d00064dce sp=0x0000009b349fe5c0
Event: 1.499 Thread 0x0000024d5c51be90 DEOPT UNPACKING pc=0x0000024d07584e42 sp=0x0000009b349fda38 mode 0
Event: 1.502 Thread 0x0000024d5c51be90 DEOPT PACKING pc=0x0000024d00064dce sp=0x0000009b349fe5d0
Event: 1.502 Thread 0x0000024d5c51be90 DEOPT UNPACKING pc=0x0000024d07584e42 sp=0x0000009b349fda48 mode 0
Event: 50.247 Thread 0x0000024d5c51be90 Uncommon trap: trap_request=0xffffff45 fr.pc=0x0000024d07b02a60 relative=0x00000000000000c0
Event: 50.247 Thread 0x0000024d5c51be90 Uncommon trap: reason=unstable_if action=reinterpret pc=0x0000024d07b02a60 method=java.nio.Buffer.position(I)Ljava/nio/Buffer; @ 37 c2
Event: 50.247 Thread 0x0000024d5c51be90 DEOPT PACKING pc=0x0000024d07b02a60 sp=0x0000009b349fec70
Event: 50.247 Thread 0x0000024d5c51be90 DEOPT UNPACKING pc=0x0000024d075846a2 sp=0x0000009b349feba0 mode 2

Classes loaded (20 events):
Event: 1.226 Loading class java/io/Externalizable done
Event: 1.226 Loading class java/time/zone/Ser done
Event: 1.227 Loading class java/time/Month
Event: 1.227 Loading class java/time/Month done
Event: 1.227 Loading class java/time/DayOfWeek
Event: 1.227 Loading class java/time/DayOfWeek done
Event: 1.227 Loading class java/time/zone/ZoneOffsetTransitionRule$TimeDefinition
Event: 1.227 Loading class java/time/zone/ZoneOffsetTransitionRule$TimeDefinition done
Event: 1.227 Loading class java/time/zone/ZoneOffsetTransition
Event: 1.228 Loading class java/time/zone/ZoneOffsetTransition done
Event: 1.228 Loading class sun/util/cldr/CLDRBaseLocaleDataMetaInfo$TZCanonicalIDMapHolder
Event: 1.229 Loading class sun/util/cldr/CLDRBaseLocaleDataMetaInfo$TZCanonicalIDMapHolder done
Event: 1.230 Loading class sun/util/resources/TimeZoneNames
Event: 1.230 Loading class sun/util/resources/TimeZoneNames done
Event: 1.230 Loading class sun/util/resources/TimeZoneNames_en
Event: 1.230 Loading class sun/util/resources/TimeZoneNames_en done
Event: 1.491 Loading class java/lang/invoke/DirectMethodHandle$Special
Event: 1.491 Loading class java/lang/invoke/DirectMethodHandle$Special done
Event: 50.248 Loading class java/util/concurrent/LinkedBlockingQueue$Itr
Event: 50.248 Loading class java/util/concurrent/LinkedBlockingQueue$Itr done

Classes unloaded (0 events):
No events

Classes redefined (0 events):
No events

Internal exceptions (13 events):
Event: 0.114 Thread 0x0000024d6fbf9a90 Exception <a 'java/lang/NoSuchMethodError'{0x0000000620b9d2e8}: 'void java.lang.invoke.DirectMethodHandle$Holder.invokeStatic(java.lang.Object, java.lang.Object, java.lang.Object)'> (0x0000000620b9d2e8) 
thrown [s\open\src\hotspot\share\interpreter\linkResolver.cpp, line 773]
Event: 0.118 Thread 0x0000024d6fbf9a90 Exception <a 'java/lang/NoSuchMethodError'{0x0000000620bb48e0}: 'java.lang.Object java.lang.invoke.Invokers$Holder.invokeExact_MT(java.lang.Object, java.lang.Object, java.lang.Object, java.lang.Object, java.lang.Object)'> (0x0000000620bb48e0) 
thrown [s\open\src\hotspot\share\interpreter\linkResolver.cpp, line 773]
Event: 0.131 Thread 0x0000024d5c3b0930 Exception <a 'java/lang/NoSuchMethodError'{0x0000000620bfb288}: 'void java.lang.invoke.DirectMethodHandle$Holder.invokeStatic(java.lang.Object, java.lang.Object)'> (0x0000000620bfb288) 
thrown [s\open\src\hotspot\share\interpreter\linkResolver.cpp, line 773]
Event: 0.189 Thread 0x0000024d6fbf9a90 Exception <a 'java/lang/NoClassDefFoundError'{0x000000062065c0b0}: org/slf4j/impl/StaticLoggerBinder> (0x000000062065c0b0) 
thrown [s\open\src\hotspot\share\classfile\systemDictionary.cpp, line 301]
Event: 0.222 Thread 0x0000024d6fbf9a90 Exception <a 'java/lang/NoSuchMethodError'{0x00000006206baff8}: 'java.lang.Object java.lang.invoke.DirectMethodHandle$Holder.invokeStaticInit(java.lang.Object, int, int, int, int)'> (0x00000006206baff8) 
thrown [s\open\src\hotspot\share\interpreter\linkResolver.cpp, line 773]
Event: 0.251 Thread 0x0000024d5c51be90 Exception <a 'java/lang/NoSuchMethodError'{0x000000062075e988}: 'java.lang.Object java.lang.invoke.DirectMethodHandle$Holder.invokeStaticInit(java.lang.Object, java.lang.Object, int, int, int, int)'> (0x000000062075e988) 
thrown [s\open\src\hotspot\share\interpreter\linkResolver.cpp, line 773]
Event: 0.275 Thread 0x0000024d5c51be90 Exception <a 'java/lang/NoSuchMethodError'{0x00000006207d12e0}: 'int java.lang.invoke.DirectMethodHandle$Holder.invokeSpecial(java.lang.Object, java.lang.Object, java.lang.Object)'> (0x00000006207d12e0) 
thrown [s\open\src\hotspot\share\interpreter\linkResolver.cpp, line 773]
Event: 0.284 Thread 0x0000024d5c51be90 Exception <a 'java/lang/NoSuchMethodError'{0x000000062001e6a0}: 'void java.lang.invoke.Invokers$Holder.invokeExact_MT(java.lang.Object, java.lang.Object, java.lang.Object, java.lang.Object)'> (0x000000062001e6a0) 
thrown [s\open\src\hotspot\share\interpreter\linkResolver.cpp, line 773]
Event: 1.232 Thread 0x0000024d5c132e70 Exception <a 'java/lang/NoSuchMethodError'{0x00000006202e96b0}: 'java.lang.Object java.lang.invoke.Invokers$Holder.invokeExact_MT(java.lang.Object, java.lang.Object, java.lang.Object, java.lang.Object, java.lang.Object, java.lang.Object)'> (0x00000006202e96b0) 
thrown [s\open\src\hotspot\share\interpreter\linkResolver.cpp, line 773]
Event: 1.492 Thread 0x0000024d5c735020 Exception <a 'java/lang/NoSuchMethodError'{0x00000006203f6ef0}: 'java.lang.Object java.lang.invoke.DirectMethodHandle$Holder.newInvokeSpecial(java.lang.Object, java.lang.Object, java.lang.Object, java.lang.Object, int)'> (0x00000006203f6ef0) 
thrown [s\open\src\hotspot\share\interpreter\linkResolver.cpp, line 773]
Event: 1.493 Thread 0x0000024d5c735020 Exception <a 'java/lang/NoSuchMethodError'{0x00000006203faed8}: 'java.lang.Object java.lang.invoke.DirectMethodHandle$Holder.invokeSpecial(java.lang.Object, java.lang.Object, java.lang.Object, java.lang.Object, java.lang.Object, int)'> (0x00000006203faed8) 
thrown [s\open\src\hotspot\share\interpreter\linkResolver.cpp, line 773]
Event: 1.493 Thread 0x0000024d5c735020 Exception <a 'java/lang/NoSuchMethodError'{0x00000006203fe698}: 'java.lang.Object java.lang.invoke.Invokers$Holder.linkToTargetMethod(java.lang.Object, java.lang.Object, java.lang.Object, int, java.lang.Object)'> (0x00000006203fe698) 
thrown [s\open\src\hotspot\share\interpreter\linkResolver.cpp, line 773]
Event: 1.506 Thread 0x0000024d5c735020 Exception <a 'java/lang/NoSuchMethodError'{0x000000061fc8fdd8}: 'void java.lang.invoke.DirectMethodHandle$Holder.invokeStatic(java.lang.Object, java.lang.Object, java.lang.Object, java.lang.Object)'> (0x000000061fc8fdd8) 
thrown [s\open\src\hotspot\share\interpreter\linkResolver.cpp, line 773]

ZGC Phase Switch (0 events):
No events

VM Operations (17 events):
Event: 0.074 Executing VM operation: HandshakeAllThreads (Deoptimize)
Event: 0.074 Executing VM operation: HandshakeAllThreads (Deoptimize) done
Event: 0.294 Executing VM operation: HandshakeAllThreads (Deoptimize)
Event: 0.294 Executing VM operation: HandshakeAllThreads (Deoptimize) done
Event: 0.869 Executing VM operation: HandshakeAllThreads (Deoptimize)
Event: 0.869 Executing VM operation: HandshakeAllThreads (Deoptimize) done
Event: 1.884 Executing VM operation: Cleanup
Event: 1.884 Executing VM operation: Cleanup done
Event: 9.888 Executing VM operation: Cleanup
Event: 9.888 Executing VM operation: Cleanup done
Event: 50.906 Executing VM operation: Cleanup
Event: 50.906 Executing VM operation: Cleanup done
Event: 60.185 Executing VM operation: HandshakeAllThreads (HandshakeForDeflation)
Event: 60.185 Executing VM operation: HandshakeAllThreads (HandshakeForDeflation) done
Event: 60.185 Executing VM operation: RendezvousGCThreads
Event: 60.185 Executing VM operation: RendezvousGCThreads done
Event: 62.781 Executing VM operation: G1CollectForAllocation (G1 Evacuation Pause)

Events (20 events):
Event: 0.038 Thread 0x0000024d5c134330 Thread added: 0x0000024d5c134330
Event: 0.038 Thread 0x0000024d5c137e10 Thread added: 0x0000024d5c137e10
Event: 0.038 Thread 0x0000024d5c14ae20 Thread added: 0x0000024d5c14ae20
Event: 0.067 Thread 0x0000024d7ec65310 Thread added: 0x0000024d7ec65310
Event: 0.123 Thread 0x0000024d5c3b0930 Thread added: 0x0000024d5c3b0930
Event: 0.123 Thread 0x0000024d5c3b0fa0 Thread added: 0x0000024d5c3b0fa0
Event: 0.226 Thread 0x0000024d5c51be90 Thread added: 0x0000024d5c51be90
Event: 0.256 Thread 0x0000024d5c594cc0 Thread added: 0x0000024d5c594cc0
Event: 0.263 Thread 0x0000024d5c634740 Thread added: 0x0000024d5c634740
Event: 0.401 Thread 0x0000024d5c6858a0 Thread added: 0x0000024d5c6858a0
Event: 1.234 Thread 0x0000024d5c77cba0 Thread added: 0x0000024d5c77cba0
Event: 1.406 Thread 0x0000024d5c77cba0 Thread exited: 0x0000024d5c77cba0
Event: 1.414 Thread 0x0000024d5c735020 Thread added: 0x0000024d5c735020
Event: 1.459 Thread 0x0000024d5c7356b0 Thread added: 0x0000024d5c7356b0
Event: 1.488 Thread 0x0000024d5c833b30 Thread added: 0x0000024d5c833b30
Event: 1.819 Thread 0x0000024d5c833b30 Thread exited: 0x0000024d5c833b30
Event: 9.297 Thread 0x0000024d5c734300 Thread added: 0x0000024d5c734300
Event: 50.248 Thread 0x0000024d5c634740 Thread exited: 0x0000024d5c634740
Event: 50.248 Thread 0x0000024d5c51be90 Thread exited: 0x0000024d5c51be90
Event: 50.249 Thread 0x0000024d5c594cc0 Thread exited: 0x0000024d5c594cc0


Dynamic libraries:
0x00007ff6ae960000 - 0x00007ff6ae970000 	C:\Program Files\Java\jdk-21\bin\java.exe
0x00007ffab4d50000 - 0x00007ffab4f48000 	C:\WINDOWS\SYSTEM32\ntdll.dll
0x00007ffab32e0000 - 0x00007ffab339d000 	C:\WINDOWS\System32\KERNEL32.DLL
0x00007ffab2690000 - 0x00007ffab2986000 	C:\WINDOWS\System32\KERNELBASE.dll
0x00007ffab2560000 - 0x00007ffab2660000 	C:\WINDOWS\System32\ucrtbase.dll
0x00007ffa6b940000 - 0x00007ffa6b959000 	C:\Program Files\Java\jdk-21\bin\jli.dll
0x00007ffa70cb0000 - 0x00007ffa70ccb000 	C:\Program Files\Java\jdk-21\bin\VCRUNTIME140.dll
0x00007ffab42d0000 - 0x00007ffab4380000 	C:\WINDOWS\System32\ADVAPI32.dll
0x00007ffab3f50000 - 0x00007ffab3fee000 	C:\WINDOWS\System32\msvcrt.dll
0x00007ffab33a0000 - 0x00007ffab3440000 	C:\WINDOWS\System32\sechost.dll
0x00007ffab2d80000 - 0x00007ffab2ea3000 	C:\WINDOWS\System32\RPCRT4.dll
0x00007ffab2660000 - 0x00007ffab2687000 	C:\WINDOWS\System32\bcrypt.dll
0x00007ffab3130000 - 0x00007ffab32cf000 	C:\WINDOWS\System32\USER32.dll
0x00007ffab2cb0000 - 0x00007ffab2cd2000 	C:\WINDOWS\System32\win32u.dll
0x00007ffa9d8b0000 - 0x00007ffa9db4a000 	C:\WINDOWS\WinSxS\amd64_microsoft.windows.common-controls_6595b64144ccf1df_6.0.19041.3636_none_60b6a03d71f818d5\COMCTL32.dll
0x00007ffab35f0000 - 0x00007ffab361b000 	C:\WINDOWS\System32\GDI32.dll
0x00007ffab2b90000 - 0x00007ffab2ca7000 	C:\WINDOWS\System32\gdi32full.dll
0x00007ffab2ce0000 - 0x00007ffab2d7d000 	C:\WINDOWS\System32\msvcp_win.dll
0x00007ffaad1c0000 - 0x00007ffaad1ca000 	C:\WINDOWS\SYSTEM32\VERSION.dll
0x00007ffab40e0000 - 0x00007ffab4112000 	C:\WINDOWS\System32\IMM32.DLL
0x00007ffa7f410000 - 0x00007ffa7f41c000 	C:\Program Files\Java\jdk-21\bin\vcruntime140_1.dll
0x00007ffa4e5f0000 - 0x00007ffa4e67e000 	C:\Program Files\Java\jdk-21\bin\msvcp140.dll
0x00007ffa3f1b0000 - 0x00007ffa3fec5000 	C:\Program Files\Java\jdk-21\bin\server\jvm.dll
0x00007ffab4050000 - 0x00007ffab40bb000 	C:\WINDOWS\System32\WS2_32.dll
0x00007ffab1900000 - 0x00007ffab194b000 	C:\WINDOWS\SYSTEM32\POWRPROF.dll
0x00007ffaabb40000 - 0x00007ffaabb67000 	C:\WINDOWS\SYSTEM32\WINMM.dll
0x00007ffab17c0000 - 0x00007ffab17d2000 	C:\WINDOWS\SYSTEM32\UMPDC.dll
0x00007ffab0270000 - 0x00007ffab0282000 	C:\WINDOWS\SYSTEM32\kernel.appcore.dll
0x00007ffa7f2f0000 - 0x00007ffa7f2fa000 	C:\Program Files\Java\jdk-21\bin\jimage.dll
0x00007ffaa0290000 - 0x00007ffaa0474000 	C:\WINDOWS\SYSTEM32\DBGHELP.DLL
0x00007ffa970b0000 - 0x00007ffa970e4000 	C:\WINDOWS\SYSTEM32\dbgcore.DLL
0x00007ffab2990000 - 0x00007ffab2a12000 	C:\WINDOWS\System32\bcryptPrimitives.dll
0x00007ffaafa80000 - 0x00007ffaafa8f000 	C:\Program Files\Java\jdk-21\bin\instrument.dll
0x00007ffa592a0000 - 0x00007ffa592bf000 	C:\Program Files\Java\jdk-21\bin\java.dll
0x00007ffab3760000 - 0x00007ffab3ecb000 	C:\WINDOWS\System32\SHELL32.dll
0x00007ffab0470000 - 0x00007ffab0c0e000 	C:\WINDOWS\SYSTEM32\windows.storage.dll
0x00007ffab4900000 - 0x00007ffab4c53000 	C:\WINDOWS\System32\combase.dll
0x00007ffab1d50000 - 0x00007ffab1d7e000 	C:\WINDOWS\SYSTEM32\Wldp.dll
0x00007ffab3060000 - 0x00007ffab312d000 	C:\WINDOWS\System32\OLEAUT32.dll
0x00007ffab43e0000 - 0x00007ffab448d000 	C:\WINDOWS\System32\SHCORE.dll
0x00007ffab4130000 - 0x00007ffab4185000 	C:\WINDOWS\System32\shlwapi.dll
0x00007ffab2330000 - 0x00007ffab2353000 	C:\WINDOWS\SYSTEM32\profapi.dll
0x00007ffa4e510000 - 0x00007ffa4e5e7000 	C:\Program Files\Java\jdk-21\bin\jsvml.dll
0x00007ffa58d90000 - 0x00007ffa58da8000 	C:\Program Files\Java\jdk-21\bin\zip.dll
0x00007ffa7e6b0000 - 0x00007ffa7e6c0000 	C:\Program Files\Java\jdk-21\bin\net.dll
0x00007ffaac2c0000 - 0x00007ffaac3ca000 	C:\WINDOWS\SYSTEM32\WINHTTP.dll
0x00007ffab1b30000 - 0x00007ffab1b9a000 	C:\WINDOWS\system32\mswsock.dll
0x00007ffa58ed0000 - 0x00007ffa58ee6000 	C:\Program Files\Java\jdk-21\bin\nio.dll
0x00007ffaade40000 - 0x00007ffaade5a000 	C:\Users\Nico\AppData\Local\Programs\IntelliJ IDEA Community Edition\bin\breakgen64.dll
0x00007ffa7e3f0000 - 0x00007ffa7e3f7000 	C:\Program Files\Java\jdk-21\bin\extnet.dll
0x00007ffa7c800000 - 0x00007ffa7c810000 	C:\Program Files\Java\jdk-21\bin\verify.dll
0x00007ffab1d90000 - 0x00007ffab1da8000 	C:\WINDOWS\SYSTEM32\CRYPTSP.dll
0x00007ffaab770000 - 0x00007ffaab782000 	C:\Program Files\Java\jdk-21\bin\jsound.dll
0x00007ffab4190000 - 0x00007ffab42bb000 	C:\WINDOWS\System32\ole32.dll
0x00007ffa71ab0000 - 0x00007ffa71b4c000 	C:\WINDOWS\SYSTEM32\DSOUND.dll
0x00007ffa9b780000 - 0x00007ffa9b7a6000 	C:\WINDOWS\SYSTEM32\winmmbase.dll
0x00007ffab1400000 - 0x00007ffab1434000 	C:\WINDOWS\system32\rsaenh.dll
0x00007ffaafd20000 - 0x00007ffaafdbe000 	C:\WINDOWS\system32\uxtheme.dll
0x00007ffab22f0000 - 0x00007ffab231e000 	C:\WINDOWS\SYSTEM32\USERENV.dll
0x00007ffab4c60000 - 0x00007ffab4d09000 	C:\WINDOWS\System32\clbcatq.dll
0x00007ffab1cc0000 - 0x00007ffab1ccc000 	C:\WINDOWS\SYSTEM32\CRYPTBASE.dll
0x00007ffaab9f0000 - 0x00007ffaaba75000 	C:\WINDOWS\System32\MMDevApi.dll
0x00007ffab2190000 - 0x00007ffab21c3000 	C:\WINDOWS\System32\DEVOBJ.dll
0x00007ffab2a20000 - 0x00007ffab2a6e000 	C:\WINDOWS\System32\cfgmgr32.dll
0x00007ffab17e0000 - 0x00007ffab181b000 	C:\WINDOWS\SYSTEM32\IPHLPAPI.DLL
0x00007ffab42c0000 - 0x00007ffab42c8000 	C:\WINDOWS\System32\NSI.dll
0x00007ffaa9f70000 - 0x00007ffaa9fb6000 	C:\WINDOWS\SYSTEM32\wdmaud.drv
0x00007ffaafa50000 - 0x00007ffaafa59000 	C:\WINDOWS\SYSTEM32\ksuser.dll
0x00007ffaad260000 - 0x00007ffaad26a000 	C:\WINDOWS\SYSTEM32\AVRT.dll
0x00007ffa7c1f0000 - 0x00007ffa7c372000 	C:\WINDOWS\SYSTEM32\AUDIOSES.DLL
0x00007ffaad4c0000 - 0x00007ffaad4cd000 	C:\WINDOWS\SYSTEM32\msacm32.drv
0x00007ffaab730000 - 0x00007ffaab74e000 	C:\WINDOWS\SYSTEM32\MSACM32.dll
0x00007ffaaae30000 - 0x00007ffaaae3b000 	C:\WINDOWS\SYSTEM32\midimap.dll
0x00007ffaafe80000 - 0x00007ffaafe94000 	C:\WINDOWS\SYSTEM32\resourcepolicyclient.dll
0x00007ffa39e30000 - 0x00007ffa3b02f000 	C:\Users\Nico\AppData\Local\Temp\webrtc-java17530542925344891219.dll
0x00007ffaae1f0000 - 0x00007ffaae453000 	C:\WINDOWS\SYSTEM32\d3d11.dll
0x00007ffab0c50000 - 0x00007ffab0d43000 	C:\WINDOWS\SYSTEM32\dxgi.dll
0x00007ffa7c870000 - 0x00007ffa7ca2b000 	C:\WINDOWS\SYSTEM32\MFPlat.DLL
0x00007ffaa1780000 - 0x00007ffaa178b000 	C:\WINDOWS\SYSTEM32\msdmo.dll
0x00007ffa9c030000 - 0x00007ffa9c03c000 	C:\WINDOWS\SYSTEM32\Secur32.dll
0x00007ffab22b0000 - 0x00007ffab22e2000 	C:\WINDOWS\SYSTEM32\SSPICLI.DLL
0x00007ffa9eaf0000 - 0x00007ffa9eb24000 	C:\WINDOWS\SYSTEM32\RTWorkQ.DLL
0x00007ffaa17b0000 - 0x00007ffaa1827000 	C:\Windows\System32\mfwmaaec.dll
0x00007ffa9ed70000 - 0x00007ffa9eeb1000 	C:\Windows\System32\Windows.UI.dll
0x00007ffaacc10000 - 0x00007ffaaccb1000 	C:\Windows\System32\WindowManagementAPI.dll
0x00007ffaaa0d0000 - 0x00007ffaaa1c9000 	C:\Windows\System32\TextInputFramework.dll
0x00007ffa9ec10000 - 0x00007ffa9ed62000 	C:\Windows\System32\InputHost.dll
0x00007ffaaf550000 - 0x00007ffaaf8ab000 	C:\Windows\System32\CoreUIComponents.dll
0x00007ffaaf8b0000 - 0x00007ffaaf9a2000 	C:\Windows\System32\CoreMessaging.dll
0x00007ffaaee80000 - 0x00007ffaaefd7000 	C:\WINDOWS\SYSTEM32\wintypes.dll
0x00007ffaaca00000 - 0x00007ffaacc03000 	C:\WINDOWS\SYSTEM32\twinapi.appcore.dll
0x00007ffaadf20000 - 0x00007ffaae016000 	C:\Windows\System32\PROPSYS.dll
0x00007ffab1520000 - 0x00007ffab1553000 	C:\WINDOWS\SYSTEM32\ntmarta.dll
0x00007ffaac9e0000 - 0x00007ffaac9f7000 	C:\WINDOWS\SYSTEM32\dhcpcsvc6.DLL
0x00007ffaac9c0000 - 0x00007ffaac9dd000 	C:\WINDOWS\SYSTEM32\dhcpcsvc.DLL
0x00007ffab1830000 - 0x00007ffab18fb000 	C:\WINDOWS\SYSTEM32\DNSAPI.dll
0x00007ffaa0850000 - 0x00007ffaa085a000 	C:\Windows\System32\rasadhlp.dll
0x00007ffaa0890000 - 0x00007ffaa0910000 	C:\WINDOWS\System32\fwpuclnt.dll

dbghelp: loaded successfully - version: 4.0.5 - missing functions: none
symbol engine: initialized successfully - sym options: 0x614 - pdb path: .;C:\Program Files\Java\jdk-21\bin;C:\WINDOWS\SYSTEM32;C:\WINDOWS\WinSxS\amd64_microsoft.windows.common-controls_6595b64144ccf1df_6.0.19041.3636_none_60b6a03d71f818d5;C:\Program Files\Java\jdk-21\bin\server;C:\Users\Nico\AppData\Local\Programs\IntelliJ IDEA Community Edition\bin;C:\Users\Nico\AppData\Local\Temp

VM Arguments:
jvm_args: -javaagent:C:\Users\Nico\AppData\Local\Programs\IntelliJ IDEA Community Edition\lib\idea_rt.jar=58092:C:\Users\Nico\AppData\Local\Programs\IntelliJ IDEA Community Edition\bin -Dfile.encoding=UTF-8 -Dsun.stdout.encoding=UTF-8 -Dsun.stderr.encoding=UTF-8 
java_command: org.example.App 3
java_class_path (initial): E:\Coding\Java\webrptcJava\target\classes;C:\Users\Nico\.m2\repository\dev\onvoid\webrtc\webrtc-java\0.8.0\webrtc-java-0.8.0.jar;C:\Users\Nico\.m2\repository\dev\onvoid\webrtc\webrtc-java\0.8.0\webrtc-java-0.8.0-windows-x86_64.jar;C:\Users\Nico\.m2\repository\org\json\json\20240303\json-20240303.jar;C:\Users\Nico\.m2\repository\com\github\sarxos\webcam-capture\0.3.12\webcam-capture-0.3.12.jar;C:\Users\Nico\.m2\repository\com\nativelibs4java\bridj\0.7.0\bridj-0.7.0.jar;C:\Users\Nico\.m2\repository\org\slf4j\slf4j-api\1.7.2\slf4j-api-1.7.2.jar;C:\Users\Nico\.m2\repository\org\java-websocket\Java-WebSocket\1.5.6\Java-WebSocket-1.5.6.jar;C:\Users\Nico\.m2\repository\com\google\code\gson\gson\2.10.1\gson-2.10.1.jar;C:\Users\Nico\.m2\repository\com\fasterxml\jackson\core\jackson-databind\2.13.3\jackson-databind-2.13.3.jar;C:\Users\Nico\.m2\repository\com\fasterxml\jackson\core\jackson-annotations\2.13.3\jackson-annotations-2.13.3.jar;C:\Users\Nico\.m2\repository\com\fasterxml\jackson\core\jackson-core\2.13.3\jackson-core-2.13.3.jar
Launcher Type: SUN_STANDARD

[Global flags]
     intx CICompilerCount                          = 4                                         {product} {ergonomic}
     uint ConcGCThreads                            = 3                                         {product} {ergonomic}
     uint G1ConcRefinementThreads                  = 10                                        {product} {ergonomic}
   size_t G1HeapRegionSize                         = 4194304                                   {product} {ergonomic}
    uintx GCDrainStackTargetSize                   = 64                                        {product} {ergonomic}
   size_t InitialHeapSize                          = 536870912                                 {product} {ergonomic}
   size_t MarkStackSize                            = 4194304                                   {product} {ergonomic}
   size_t MaxHeapSize                              = 8577351680                                {product} {ergonomic}
   size_t MaxNewSize                               = 5146411008                                {product} {ergonomic}
   size_t MinHeapDeltaBytes                        = 4194304                                   {product} {ergonomic}
   size_t MinHeapSize                              = 8388608                                   {product} {ergonomic}
    uintx NonNMethodCodeHeapSize                   = 5839372                                {pd product} {ergonomic}
    uintx NonProfiledCodeHeapSize                  = 122909434                              {pd product} {ergonomic}
    uintx ProfiledCodeHeapSize                     = 122909434                              {pd product} {ergonomic}
    uintx ReservedCodeCacheSize                    = 251658240                              {pd product} {ergonomic}
     bool SegmentedCodeCache                       = true                                      {product} {ergonomic}
   size_t SoftMaxHeapSize                          = 8577351680                             {manageable} {ergonomic}
     bool UseCompressedOops                        = true                           {product lp64_product} {ergonomic}
     bool UseG1GC                                  = true                                      {product} {ergonomic}
     bool UseLargePagesIndividualAllocation        = false                                  {pd product} {ergonomic}

Logging:
Log output configuration:
 #0: stdout all=warning uptime,level,tags foldmultilines=false
 #1: stderr all=off uptime,level,tags foldmultilines=false

Environment Variables:
JAVA_HOME=C:\Users\Nico\Downloads\jdk-17.0.9_windows-x64_bin\jdk-17.0.9
PATH=C:\Python39\Scripts\;C:\Python39\;C:\Program Files (x86)\Common Files\Intel\Shared Libraries\redist\intel64\compiler;C:\Windows\system32;C:\Windows;C:\Windows\System32\Wbem;C:\Windows\System32\WindowsPowerShell\v1.0\;C:\Program Files (x86)\NVIDIA Corporation\PhysX\Common;C:\Program Files (x86)\Windows Live\Shared;C:\WINDOWS\system32;C:\WINDOWS;C:\WINDOWS\System32\Wbem;C:\WINDOWS\System32\WindowsPowerShell\v1.0\;C:\WINDOWS\System32\OpenSSH\;C:\WINDOWS\system32;C:\WINDOWS;C:\WINDOWS\System32\Wbem;C:\WINDOWS\System32\WindowsPowerShell\v1.0\;C:\WINDOWS\System32\OpenSSH\;C:\Program Files\NVIDIA Corporation\NVIDIA NvDLISR;C:\ProgramData\chocolatey\bin;C:\Program Files\dotnet\;C:\Program Files\Git\cmd;C:\MinGW\bin;C:\Users\Nico\AppData\Roaming\nvm;C:\Program Files\nodejs;C:\Program Files\Vagrant\bin;C:\Users\Nico\Downloads\protoc-25.1-win64\bin;C:\Users\Nico\Downloads\apache-maven-3.9.6-bin\apache-maven-3.9.6\bin;C:\Program Files\Docker\Docker\resources\bin;C:\Users\Nico\AppData\Local\Programs\Rider\bin;C:\Program Files\PowerShell\7\;C:\Program Files\JetBrains\WebStorm 2023.2\bin;C:\Users\Nico\Downloads\jdk-17.0.9_windows-x64_bin\jdk-17.0.9;C:\Users\Nico\Downloads\jdk-17.0.9_windows-x64_bin\jdk-17.0.9\bin;C:\Users\Nico\AppData\Local\Microsoft\WindowsApps;C:\Users\Nico\.dotnet\tools;C:\Users\Nico\AppData\Local\Programs\Microsoft VS Code\bin;C:\Program Files\Git\bin\git.exe;C:\Users\Nico\AppData\Local\JetBrains\Toolbox\scripts;C:\Users\Nico\.dotnet\tools;C:\Users\Nico\AppData\Roaming\Composer\vendor\bin;C:\Users\Nico\Downloads\mongosh-1.9.1-win32-x64\mongosh-1.9.1-win32-x64\bin;E:\Coding\LSP\tstest\node_modules\.bin
USERNAME=Nico
OS=Windows_NT
PROCESSOR_IDENTIFIER=AMD64 Family 23 Model 1 Stepping 1, AuthenticAMD
TMP=C:\Users\Nico\AppData\Local\Temp
TEMP=C:\Users\Nico\AppData\Local\Temp




Periodic native trim disabled

---------------  S Y S T E M  ---------------

OS:
 Windows 10 , 64 bit Build 19041 (10.0.19041.3636)
OS uptime: 11 days 23:45 hours
Hyper-V role detected

CPU: total 12 (initial active 12) (12 cores per cpu, 2 threads per core) family 23 model 1 stepping 1 microcode 0x0, cx8, cmov, fxsr, ht, mmx, 3dnowpref, sse, sse2, sse3, ssse3, sse4a, sse4.1, sse4.2, popcnt, lzcnt, tsc, tscinvbit, avx, avx2, aes, clmul, bmi1, bmi2, adx, sha, fma, vzeroupper, clflush, clflushopt, hv, rdtscp, f16c
Processor Information for all 12 processors :
  Max Mhz: 3600, Current Mhz: 3600, Mhz Limit: 3600

Memory: 4k page, system-wide physical 32704M (19603M free)
TotalPageFile size 37568M (AvailPageFile size 21433M)
current process WorkingSet (physical memory assigned to process): 85M, peak: 85M
current process commit charge ("private bytes"): 622M, peak: 622M

vm_info: Java HotSpot(TM) 64-Bit Server VM (21.0.1+12-LTS-29) for windows-amd64 JRE (21.0.1+12-LTS-29), built on 2023-10-05T13:27:09Z by "mach5one" with MS VC++ 17.1 (VS2022)

END.
