#
# A fatal error has been detected by the Java Runtime Environment:
#
#  EXCEPTION_ACCESS_VIOLATION (0xc0000005) at pc=0x00007fff371e9d62, pid=5368, tid=9612
#
# JRE version: OpenJDK Runtime Environment (22.0.1+8) (build 22.0.1+8-16)
# Java VM: OpenJDK 64-Bit Server VM (22.0.1+8-16, mixed mode, sharing, tiered, compressed oops, compressed class ptrs, g1 gc, windows-amd64)
# Problematic frame:
# V  [jvm.dll+0x369d62]
#
# No core dump will be written. Minidumps are not enabled by default on client versions of Windows
#
# If you would like to submit a bug report, please visit:
#   https://bugreport.java.com/bugreport/crash.jsp
#

---------------  S U M M A R Y ------------

Command Line: -javaagent:D:\IntelliJ\IntelliJ IDEA 2024.1\lib\idea_rt.jar=60450:D:\IntelliJ\IntelliJ IDEA 2024.1\bin -Dfile.encoding=UTF-8 -Dsun.stdout.encoding=UTF-8 -Dsun.stderr.encoding=UTF-8 org.example.App 3

Host: Intel(R) Core(TM) i5-8500 CPU @ 3.00GHz, 6 cores, 15G,  Windows 10 , 64 bit Build 19041 (10.0.19041.3636)
Time: Mon Jun 17 14:10:39 2024 Mitteleuropäische Sommerzeit elapsed time: 3.112599 seconds (0d 0h 0m 3s)

---------------  T H R E A D  ---------------

Current thread (0x00000288287b72b0):  WorkerThread "GC Thread#3"    [id=9612, stack(0x000000df6e700000,0x000000df6e800000) (1024K)]

Stack: [0x000000df6e700000,0x000000df6e800000],  sp=0x000000df6e7ff450,  free space=1021k
Native frames: (J=compiled Java code, j=interpreted, Vv=VM code, C=native code)
V  [jvm.dll+0x369d62]  (no source info available)
V  [jvm.dll+0x36a455]  (no source info available)
V  [jvm.dll+0x36a12b]  (no source info available)
V  [jvm.dll+0x372734]  (no source info available)
V  [jvm.dll+0x372a4b]  (no source info available)
V  [jvm.dll+0x8a4297]  (no source info available)
V  [jvm.dll+0x81d44b]  (no source info available)
V  [jvm.dll+0x6e0915]  (no source info available)
C  [ucrtbase.dll+0x21bb2]  (no source info available)
C  [KERNEL32.DLL+0x17344]  (no source info available)
C  [ntdll.dll+0x4cc91]  (no source info available)


siginfo: EXCEPTION_ACCESS_VIOLATION (0xc0000005), reading address 0x0000000000005ac8


Registers:
RAX=0x0000000000000000, RBX=0x0000028828e60e38, RCX=0x0000000000000015, RDX=0x00000287c1d0eca0
RSP=0x000000df6e7ff450, RBP=0x0000000000000001, RSI=0xffff000000000000, RDI=0x00000288290cb468
R8 =0x00000287e30067f8, R9 =0x00000287c1d57d23, R10=0x0000000000005ac8, R11=0x000000df6e7ff3e0
R12=0x00000288290cb460, R13=0x000000df6d8ff038, R14=0x0000028828e60cc0, R15=0x0000000000000020
RIP=0x00007fff371e9d62, EFLAGS=0x0000000000010246


Register to memory mapping:

RAX=0x0 is null
RBX=0x0000028828e60e38 points into unknown readable memory: 0x0000000000005ac8 | c8 5a 00 00 00 00 00 00
RCX=0x0000000000000015 is an unknown value
RDX=0x00000287c1d0eca0 points into unknown readable memory: 0x00007fff3786ed50 | 50 ed 86 37 ff 7f 00 00
RSP=0x000000df6e7ff450 points into unknown readable memory: 0x0000000001d8a4a4 | a4 a4 d8 01 00 00 00 00
RBP=0x0000000000000001 is an unknown value
RSI=0xffff000000000000 is an unknown value
RDI=0x00000288290cb468 points into unknown readable memory: 0x00007fff378784d0 | d0 84 87 37 ff 7f 00 00
R8 =0x00000287e30067f8 is a pointer to class: 
java.lang.Class {0x00000287e3006800}
 - instance size:     14
 - klass size:        95
 - access:            public final synchronized 
 - flags:             rewritten has_nonstatic_fields has_nonstatic_concrete_methods is_shared_boot_class has_localvariable_table has_resolved_methods 
 - state:             fully_initialized
 - name:              'java/lang/Class'
 - super:             'java/lang/Object'
 - sub:               
 - arrays:            'java/lang/Class'[]
 - methods:           Array<T>(0x00000287e35e0ee0)
 - method ordering:   Array<T>(0x00000287e35e1480)
 - default_methods:   Array<T>(0x0000000000000000)
 - local interfaces:  Array<T>(0x00000287e35e1448)
 - trans. interfaces: Array<T>(0x00000287e35dd7b0)
 - constants:         constant pool [1729]/operands[49] {0x00000287e35dd818} for 'java/lang/Class' cache=0x00000287e342e630
 - class loader data:  loader data: 0x00000287e26b7c20 of 'bootstrap'
 - source file:       'Class.java'
 - class annotations:       Array<T>(0x0000000000000000)
 - class type annotations:  Array<T>(0x0000000000000000)
 - field annotations:       Array<T>(0x00000287e3bdc348)
 - field type annotations:  Array<T>(0x0000000000000000)
 - generic signature: '<T:Ljava/lang/Object;>Ljava/lang/Object;Ljava/io/Serializable;Ljava/lang/reflect/GenericDeclaration;Ljava/lang/reflect/Type;Ljava/lang/reflect/AnnotatedElement;Ljava/lang/invoke/TypeDescriptor$OfField<Ljava/lang/Class<*>;>;Ljava/lang/constant/Constable;'
 - inner classes:     Array<T>(0x00000287e35e0e60)
 - nest members:     Array<T>(0x00000287e35e1830)
 - permitted subclasses:     Array<T>(0x00000287e35d5b50)
 - java mirror:       a 'java/lang/Class'{0x0000000703f67ee8} = 'java/lang/Class'
 - vtable length      5  (start addr: 0x00000287e30069c0)
 - itable length      32 (start addr: 0x00000287e30069e8)
 - ---- static fields (5 words):
 - private static final 'ANNOTATION' 'I' @136 
 - private static final 'ENUM' 'I' @140 
 - private static final 'SYNTHETIC' 'I' @144 
 - private static 'allPermDomain' 'Ljava/security/ProtectionDomain;' @112 
 - private static final 'EMPTY_CLASS_ARRAY' '[Ljava/lang/Class;' @116 
 - private static final 'serialVersionUID' 'J' @128 
 - private static final 'serialPersistentFields' '[Ljava/io/ObjectStreamField;' @120 
 - private static 'reflectionFactory' 'Ljdk/internal/reflect/ReflectionFactory;' @124 
 - ---- non-static fields (24 words):
 - private volatile transient 'classRedefinedCount' 'I' @12 
 - injected 'klass' 'J' @16 
 - injected 'array_klass' 'J' @24 
 - injected 'oop_size' 'I' @32 
 - injected 'static_oop_field_count' 'I' @36 
 - private volatile transient 'cachedConstructor' 'Ljava/lang/reflect/Constructor;' @40 
 - private transient 'name' 'Ljava/lang/String;' @44 
 - private transient 'module' 'Ljava/lang/Module;' @48 
 - private final 'classLoader' 'Ljava/lang/ClassLoader;' @52 
 - private transient 'classData' 'Ljava/lang/Object;' @56 
 - private transient 'packageName' 'Ljava/lang/String;' @60 
 - private final 'componentType' 'Ljava/lang/Class;' @64 
 - private volatile transient 'reflectionData' 'Ljava/lang/ref/SoftReference;' @68 
 - private volatile transient 'genericInfo' 'Lsun/reflect/generics/repository/ClassRepository;' @72 
 - private volatile transient 'enumConstants' '[Ljava/lang/Object;' @76 
 - private volatile transient 'enumConstantDirectory' 'Ljava/util/Map;' @80 
 - private volatile transient 'annotationData' 'Ljava/lang/Class$AnnotationData;' @84 
 - private volatile transient 'annotationType' 'Lsun/reflect/annotation/AnnotationType;' @88 
 - transient 'classValueMap' 'Ljava/lang/ClassValue$ClassValueMap;' @92 
 - injected 'protection_domain' 'Ljava/lang/Object;' @96 
 - injected 'signers_name' 'Ljava/lang/Object;' @100 
 - injected 'source_file' 'Ljava/lang/Object;' @104 
 - non-static oop maps: 40-104 
R9 =0x00000287c1d57d23 points into unknown readable memory: 00 00 00 00 00
R10=0x0000000000005ac8 is an unknown value
R11=0x000000df6e7ff3e0 points into unknown readable memory: 0x0000000000000020 | 20 00 00 00 00 00 00 00
R12=0x00000288290cb460 points into unknown readable memory: 0x00007fff37878518 | 18 85 87 37 ff 7f 00 00
R13=0x000000df6d8ff038 points into unknown readable memory: 0x00000287c1c7ab90 | 90 ab c7 c1 87 02 00 00
R14=0x0000028828e60cc0 points into unknown readable memory: 0x0000000711648988 | 88 89 64 11 07 00 00 00
R15=0x0000000000000020 is an unknown value

Top of Stack: (sp=0x000000df6e7ff450)
0x000000df6e7ff450:   0000000001d8a4a4 000000022866f8a5
0x000000df6e7ff460:   0000000001d8a4a4 000000022866f8ff
0x000000df6e7ff470:   0000000000000004 00007fff371ea455
0x000000df6e7ff480:   00000288290cb468 0000000000000000
0x000000df6e7ff490:   0000028829000001 00007fff37873530
0x000000df6e7ff4a0:   0000000000000000 000000df6e7ff520
0x000000df6e7ff4b0:   0000000000000003 00000288288ecf40
0x000000df6e7ff4c0:   000000df6d8fef30 000000022866f052
0x000000df6e7ff4d0:   00007fff37873440 0000000001d8a4a4
0x000000df6e7ff4e0:   000000022866f8ff 00007fff0000000b
0x000000df6e7ff4f0:   00000288288ecf40 0000000000000003
0x000000df6e7ff500:   0000000000000000 0000000000000000
0x000000df6e7ff510:   0000000000000000 00007fffb3000000
0x000000df6e7ff520:   00007fff37873440 0000000001d89f00
0x000000df6e7ff530:   0000000000000001 0000000000000002
0x000000df6e7ff540:   0000000000000000 00000393d7dd95d5
0x000000df6e7ff550:   0000000000000000 00000287e2af0ac0
0x000000df6e7ff560:   00000288288ecf40 00000000000003d8
0x000000df6e7ff570:   00000287e2af0ea8 00000288290cb460
0x000000df6e7ff580:   000000df6d8fef30 0000000000000003
0x000000df6e7ff590:   00000288292e84f0 00007fff371ea12b
0x000000df6e7ff5a0:   00000288292e84f0 0000000000000003
0x000000df6e7ff5b0:   000000df6d8fef30 0000000000000003
0x000000df6e7ff5c0:   0000000000000003 0000000000000008
0x000000df6e7ff5d0:   0000000000000005 00007fff36f30000
0x000000df6e7ff5e0:   0000000000000000 00007fff37554431
0x000000df6e7ff5f0:   0000000000000008 00000000000000f8
0x000000df6e7ff600:   0000000000000001 00007fff36f3bd5e
0x000000df6e7ff610:   0000000000000005 00007fff36f3e836
0x000000df6e7ff620:   0000000000000000 0000000000000008
0x000000df6e7ff630:   00007fff37873450 0000000001d89fc0
0x000000df6e7ff640:   0000000228613d80 0000000000000003 

Instructions: (pc=0x00007fff371e9d62)
0x00007fff371e9c62:   4b 10 48 8d 54 24 40 66 89 44 24 40 4c 8b c7 0f
0x00007fff371e9c72:   b6 44 24 3a 88 44 24 42 e8 71 0d ff ff 48 8b d0
0x00007fff371e9c82:   48 2b 15 4f 18 87 00 8b 0d 51 18 87 00 48 d3 ea
0x00007fff371e9c92:   89 16 eb 5e 3c fd 75 3b 41 8b 88 18 02 00 00 48
0x00007fff371e9ca2:   8b d7 49 8b 80 10 02 00 00 48 d3 e0 8b 0d 3c 9d
0x00007fff371e9cb2:   8d 00 48 2b d0 48 d3 ea 8b c2 48 8d 0c 40 49 8b
0x00007fff371e9cc2:   80 a8 05 00 00 80 7c 01 01 fd 75 17 c6 44 01 01
0x00007fff371e9cd2:   ff eb 10 3c fc 75 0c 48 8b 4b 10 48 8b d6 e8 4b
0x00007fff371e9ce2:   f1 ff ff 8b 53 18 4c 8b c7 48 8b 4b 28 e8 ac 2d
0x00007fff371e9cf2:   fb ff 48 8b 4b 10 e8 93 e6 fe ff 48 8b 7c 24 30
0x00007fff371e9d02:   48 8b 5c 24 48 48 83 c4 20 5e c3 cc cc cc 48 89
0x00007fff371e9d12:   5c 24 08 57 48 83 ec 20 4c 8b 12 48 8b da 48 8b
0x00007fff371e9d22:   f9 4d 85 d2 0f 84 cf 00 00 00 48 8b 51 08 49 8b
0x00007fff371e9d32:   c2 8b 8a c8 05 00 00 48 d3 e8 4c 8d 0c 40 4c 03
0x00007fff371e9d42:   8a b8 05 00 00 41 0f b7 01 66 89 44 24 38 41 0f
0x00007fff371e9d52:   b6 41 02 88 44 24 3a 0f b6 44 24 39 84 c0 78 44
0x00007fff371e9d62:   49 8b 0a 0f b6 c1 24 03 3c 03 75 09 48 83 e1 fc
0x00007fff371e9d72:   48 89 0b eb 7b 0f b7 44 24 38 48 8d 54 24 40 66
0x00007fff371e9d82:   89 44 24 40 4c 8b c9 0f b6 44 24 3a 4d 8b c2 48
0x00007fff371e9d92:   8b 4f 10 88 44 24 42 e8 52 0c ff ff 48 8b c8 48
0x00007fff371e9da2:   89 03 eb 4c 3c fd 75 38 8b 8a 18 02 00 00 48 8b
0x00007fff371e9db2:   82 10 02 00 00 48 d3 e0 8b 0d 30 9c 8d 00 4c 2b
0x00007fff371e9dc2:   d0 49 d3 ea 41 8b c2 48 8d 0c 40 48 8b 82 a8 05
0x00007fff371e9dd2:   00 00 80 7c 01 01 fd 75 17 c6 44 01 01 ff eb 10
0x00007fff371e9de2:   3c fc 75 0c 48 8b 4f 10 48 8b d3 e8 de ef ff ff
0x00007fff371e9df2:   48 8b 4f 10 e8 95 e5 fe ff 48 8b 5c 24 30 48 83
0x00007fff371e9e02:   c4 20 5f c3 cc cc cc cc cc cc cc cc cc cc 48 89
0x00007fff371e9e12:   5c 24 08 57 48 83 ec 20 8b 02 48 8b fa 48 8b d9
0x00007fff371e9e22:   85 c0 0f 84 eb 00 00 00 8b 0d b0 16 87 00 44 8b
0x00007fff371e9e32:   c0 4c 8b 4b 08 49 d3 e0 4c 03 05 97 16 87 00 49
0x00007fff371e9e42:   8b c0 41 8b 89 c8 05 00 00 48 d3 e8 48 8d 14 40
0x00007fff371e9e52:   49 03 91 b8 05 00 00 0f b7 02 66 89 44 24 38 0f 


Stack slot to memory mapping:

stack at sp + 0 slots: 0x0000000001d8a4a4 is an unknown value
stack at sp + 1 slots: 0x000000022866f8a5 is an unknown value
stack at sp + 2 slots: 0x0000000001d8a4a4 is an unknown value
stack at sp + 3 slots: 0x000000022866f8ff is an unknown value
stack at sp + 4 slots: 0x0000000000000004 is an unknown value
stack at sp + 5 slots: 0x00007fff371ea455 jvm.dll
stack at sp + 6 slots: 0x00000288290cb468 points into unknown readable memory: 0x00007fff378784d0 | d0 84 87 37 ff 7f 00 00
stack at sp + 7 slots: 0x0 is null


---------------  P R O C E S S  ---------------

Threads class SMR info:
_java_thread_list=0x0000028829026a70, length=24, elements={
0x00000287c1cfebb0, 0x00000287e281ec40, 0x00000287e281fd10, 0x00000287e282a0d0,
0x00000287e282cfa0, 0x00000287e282dbb0, 0x00000287e282e970, 0x00000287e283cec0,
0x00000287e283db20, 0x00000287e2a319c0, 0x0000028828496730, 0x0000028828496da0,
0x0000028828ab9760, 0x0000028828d48770, 0x0000028828a48550, 0x0000028828d45a90,
0x0000028828f44a90, 0x0000028828e1c2d0, 0x0000028828f80a60, 0x0000028828f93ed0,
0x0000028828f95280, 0x0000028828f96630, 0x0000028828f95fa0, 0x000002882909b470
}

Java Threads: ( => current thread )
  0x00000287c1cfebb0 JavaThread "main"                              [_thread_in_native, id=6576, stack(0x000000df6d100000,0x000000df6d200000) (1024K)]
  0x00000287e281ec40 JavaThread "Reference Handler"          daemon [_thread_blocked, id=6212, stack(0x000000df6d900000,0x000000df6da00000) (1024K)]
  0x00000287e281fd10 JavaThread "Finalizer"                  daemon [_thread_blocked, id=11440, stack(0x000000df6da00000,0x000000df6db00000) (1024K)]
  0x00000287e282a0d0 JavaThread "Signal Dispatcher"          daemon [_thread_blocked, id=5000, stack(0x000000df6db00000,0x000000df6dc00000) (1024K)]
  0x00000287e282cfa0 JavaThread "Attach Listener"            daemon [_thread_blocked, id=1648, stack(0x000000df6dc00000,0x000000df6dd00000) (1024K)]
  0x00000287e282dbb0 JavaThread "Service Thread"             daemon [_thread_blocked, id=5936, stack(0x000000df6dd00000,0x000000df6de00000) (1024K)]
  0x00000287e282e970 JavaThread "Monitor Deflation Thread"   daemon [_thread_blocked, id=10324, stack(0x000000df6de00000,0x000000df6df00000) (1024K)]
  0x00000287e283cec0 JavaThread "C2 CompilerThread0"         daemon [_thread_blocked, id=4684, stack(0x000000df6df00000,0x000000df6e000000) (1024K)]
  0x00000287e283db20 JavaThread "C1 CompilerThread0"         daemon [_thread_blocked, id=8180, stack(0x000000df6e000000,0x000000df6e100000) (1024K)]
  0x00000287e2a319c0 JavaThread "Common-Cleaner"             daemon [_thread_blocked, id=10448, stack(0x000000df6e100000,0x000000df6e200000) (1024K)]
  0x0000028828496730 JavaThread "Monitor Ctrl-Break"         daemon [_thread_in_native, id=13136, stack(0x000000df6e300000,0x000000df6e400000) (1024K)]
  0x0000028828496da0 JavaThread "Notification Thread"        daemon [_thread_blocked, id=11864, stack(0x000000df6e400000,0x000000df6e500000) (1024K)]
  0x0000028828ab9760 JavaThread "WebSocketConnectReadThread-26"        [_thread_in_native, id=8176, stack(0x000000df6ea00000,0x000000df6eb00000) (1024K)]
  0x0000028828d48770 JavaThread "WebSocketWriteThread-27"           [_thread_blocked, id=4208, stack(0x000000df6ed00000,0x000000df6ee00000) (1024K)]
  0x0000028828a48550 JavaThread "connectionLostChecker-1"           [_thread_blocked, id=8144, stack(0x000000df6ee00000,0x000000df6ef00000) (1024K)]
  0x0000028828d45a90 JavaThread "Java Sound Event Dispatcher" daemon [_thread_blocked, id=8200, stack(0x000000df6ef00000,0x000000df6f000000) (1024K)]
  0x0000028828f44a90 JavaThread "Thread-2"                          [_thread_blocked, id=1340, stack(0x000000df6f300000,0x000000df6f400000) (1024K)]
  0x0000028828e1c2d0 JavaThread "Java2D Disposer"            daemon [_thread_blocked, id=2580, stack(0x000000df6fa00000,0x000000df6fb00000) (1024K)]
  0x0000028828f80a60 JavaThread "AWT-Shutdown"                      [_thread_blocked, id=15080, stack(0x000000df6fb00000,0x000000df6fc00000) (1024K)]
  0x0000028828f93ed0 JavaThread "AWT-Windows"                daemon [_thread_in_native, id=10972, stack(0x000000df6fc00000,0x000000df6fd00000) (1024K)]
  0x0000028828f95280 JavaThread "AWT-EventQueue-0"                  [_thread_blocked, id=10628, stack(0x000000df6fd00000,0x000000df6fe00000) (1024K)]
  0x0000028828f96630 JavaThread "Thread-3"                          [_thread_blocked, id=12824, stack(0x000000df70100000,0x000000df70200000) (1024K)]
  0x0000028828f95fa0 JavaThread "JavaCPP Deallocator"        daemon [_thread_blocked, id=564, stack(0x000000df70600000,0x000000df70700000) (1024K)]
  0x000002882909b470 JavaThread "C2 CompilerThread1"         daemon [_thread_blocked, id=5312, stack(0x000000df70700000,0x000000df70800000) (1024K)]
Total: 24

Other Threads:
  0x00000287e2803120 VMThread "VM Thread"                           [id=1936, stack(0x000000df6d800000,0x000000df6d900000) (1024K)]
  0x00000287e27e9b60 WatcherThread "VM Periodic Task Thread"        [id=1228, stack(0x000000df6d700000,0x000000df6d800000) (1024K)]
  0x00000287c1d63d40 WorkerThread "GC Thread#0"                     [id=6588, stack(0x000000df6d200000,0x000000df6d300000) (1024K)]
  0x0000028828c80d80 WorkerThread "GC Thread#1"                     [id=11772, stack(0x000000df6e500000,0x000000df6e600000) (1024K)]
  0x00000288287b6f00 WorkerThread "GC Thread#2"                     [id=12924, stack(0x000000df6e600000,0x000000df6e700000) (1024K)]
=>0x00000288287b72b0 WorkerThread "GC Thread#3"                     [id=9612, stack(0x000000df6e700000,0x000000df6e800000) (1024K)]
  0x0000028828cb8950 WorkerThread "GC Thread#4"                     [id=8360, stack(0x000000df6e800000,0x000000df6e900000) (1024K)]
  0x0000028828cb8d00 WorkerThread "GC Thread#5"                     [id=8396, stack(0x000000df6e900000,0x000000df6ea00000) (1024K)]
  0x00000287c1d75b00 ConcurrentGCThread "G1 Main Marker"            [id=4808, stack(0x000000df6d300000,0x000000df6d400000) (1024K)]
  0x00000287c1d76db0 WorkerThread "G1 Conc#0"                       [id=4712, stack(0x000000df6d400000,0x000000df6d500000) (1024K)]
  0x00000287e26b91d0 ConcurrentGCThread "G1 Refine#0"               [id=1052, stack(0x000000df6d500000,0x000000df6d600000) (1024K)]
  0x00000287e26b9c60 ConcurrentGCThread "G1 Service"                [id=7500, stack(0x000000df6d600000,0x000000df6d700000) (1024K)]
Total: 12

Threads with active compile tasks:
C2 CompilerThread0  3418 1665       4       java.net.URLStreamHandler::parseURL (1124 bytes)
Total: 1

VM state: at safepoint (normal execution)

VM Mutex/Monitor currently owned by a thread:  ([mutex/lock_event])
[0x00007fff37aebbb8] Threads_lock - owner thread: 0x00000287e2803120
[0x00007fff37aebcb8] Heap_lock - owner thread: 0x0000028828f44a90

Heap address: 0x0000000703e00000, size: 4034 MB, Compressed Oops mode: Zero based, Oop shift amount: 3

CDS archive(s) mapped at: [0x00000287e3000000-0x00000287e3c50000-0x00000287e3c50000), size 12910592, SharedBaseAddress: 0x00000287e3000000, ArchiveRelocationMode: 1.
Compressed class space mapped at: 0x00000287e4000000-0x0000028824000000, reserved size: 1073741824
Narrow klass base: 0x00000287e3000000, Narrow klass shift: 0, Narrow klass range: 0x41000000

GC Precious Log:
 CardTable entry size: 512
 Card Set container configuration: InlinePtr #cards 4 size 8 Array Of Cards #cards 16 size 48 Howl #buckets 8 coarsen threshold 3686 Howl Bitmap #cards 512 size 80 coarsen threshold 460 Card regions per heap region 1 cards per card region 4096
 CPUs: 6 total, 6 available
 Memory: 16129M
 Large Page Support: Disabled
 NUMA Support: Disabled
 Compressed Oops: Enabled (Zero based)
 Heap Region Size: 2M
 Heap Min Capacity: 8M
 Heap Initial Capacity: 254M
 Heap Max Capacity: 4034M
 Pre-touch: Disabled
 Parallel Workers: 6
 Concurrent Workers: 2
 Concurrent Refinement Workers: 6
 Periodic GC: Disabled

Heap:
 garbage-first heap   total reserved 4130816K, committed 260096K, used 37542K [0x0000000703e00000, 0x0000000800000000)
  region size 2048K, 18 young (36864K), 2 survivors (4096K)
 Metaspace       used 10914K, committed 11200K, reserved 1114112K
  class space    used 1219K, committed 1344K, reserved 1048576K

Heap Regions: E=young(eden), S=young(survivor), O=old, HS=humongous(starts), HC=humongous(continues), CS=collection set, F=free, TAMS=top-at-mark-start, PB=parsable bottom
|   0|0x0000000703e00000, 0x0000000704000000, 0x0000000704000000|100%| O|  |TAMS 0x0000000703e00000| PB 0x0000000703e00000| Untracked |  0
|   1|0x0000000704000000, 0x0000000704200000, 0x0000000704200000|100%| O|  |TAMS 0x0000000704000000| PB 0x0000000704000000| Untracked |  0
|   2|0x0000000704200000, 0x00000007042c96f0, 0x0000000704400000| 39%| O|  |TAMS 0x0000000704200000| PB 0x0000000704200000| Untracked |  0
|   3|0x0000000704400000, 0x0000000704400000, 0x0000000704600000|  0%| F|  |TAMS 0x0000000704400000| PB 0x0000000704400000| Untracked |  0
|   4|0x0000000704600000, 0x0000000704600000, 0x0000000704800000|  0%| F|  |TAMS 0x0000000704600000| PB 0x0000000704600000| Untracked |  0
|   5|0x0000000704800000, 0x0000000704800000, 0x0000000704a00000|  0%| F|  |TAMS 0x0000000704800000| PB 0x0000000704800000| Untracked |  0
|   6|0x0000000704a00000, 0x0000000704a00000, 0x0000000704c00000|  0%| F|  |TAMS 0x0000000704a00000| PB 0x0000000704a00000| Untracked |  0
|   7|0x0000000704c00000, 0x0000000704c00000, 0x0000000704e00000|  0%| F|  |TAMS 0x0000000704c00000| PB 0x0000000704c00000| Untracked |  0
|   8|0x0000000704e00000, 0x0000000704e00000, 0x0000000705000000|  0%| F|  |TAMS 0x0000000704e00000| PB 0x0000000704e00000| Untracked |  0
|   9|0x0000000705000000, 0x0000000705000000, 0x0000000705200000|  0%| F|  |TAMS 0x0000000705000000| PB 0x0000000705000000| Untracked |  0
|  10|0x0000000705200000, 0x0000000705200000, 0x0000000705400000|  0%| F|  |TAMS 0x0000000705200000| PB 0x0000000705200000| Untracked |  0
|  11|0x0000000705400000, 0x0000000705400000, 0x0000000705600000|  0%| F|  |TAMS 0x0000000705400000| PB 0x0000000705400000| Untracked |  0
|  12|0x0000000705600000, 0x0000000705600000, 0x0000000705800000|  0%| F|  |TAMS 0x0000000705600000| PB 0x0000000705600000| Untracked |  0
|  13|0x0000000705800000, 0x0000000705800000, 0x0000000705a00000|  0%| F|  |TAMS 0x0000000705800000| PB 0x0000000705800000| Untracked |  0
|  14|0x0000000705a00000, 0x0000000705a00000, 0x0000000705c00000|  0%| F|  |TAMS 0x0000000705a00000| PB 0x0000000705a00000| Untracked |  0
|  15|0x0000000705c00000, 0x0000000705c00000, 0x0000000705e00000|  0%| F|  |TAMS 0x0000000705c00000| PB 0x0000000705c00000| Untracked |  0
|  16|0x0000000705e00000, 0x0000000705e00000, 0x0000000706000000|  0%| F|  |TAMS 0x0000000705e00000| PB 0x0000000705e00000| Untracked |  0
|  17|0x0000000706000000, 0x0000000706000000, 0x0000000706200000|  0%| F|  |TAMS 0x0000000706000000| PB 0x0000000706000000| Untracked |  0
|  18|0x0000000706200000, 0x0000000706200000, 0x0000000706400000|  0%| F|  |TAMS 0x0000000706200000| PB 0x0000000706200000| Untracked |  0
|  19|0x0000000706400000, 0x0000000706400000, 0x0000000706600000|  0%| F|  |TAMS 0x0000000706400000| PB 0x0000000706400000| Untracked |  0
|  20|0x0000000706600000, 0x0000000706600000, 0x0000000706800000|  0%| F|  |TAMS 0x0000000706600000| PB 0x0000000706600000| Untracked |  0
|  21|0x0000000706800000, 0x0000000706800000, 0x0000000706a00000|  0%| F|  |TAMS 0x0000000706800000| PB 0x0000000706800000| Untracked |  0
|  22|0x0000000706a00000, 0x0000000706a00000, 0x0000000706c00000|  0%| F|  |TAMS 0x0000000706a00000| PB 0x0000000706a00000| Untracked |  0
|  23|0x0000000706c00000, 0x0000000706c00000, 0x0000000706e00000|  0%| F|  |TAMS 0x0000000706c00000| PB 0x0000000706c00000| Untracked |  0
|  24|0x0000000706e00000, 0x0000000706e00000, 0x0000000707000000|  0%| F|  |TAMS 0x0000000706e00000| PB 0x0000000706e00000| Untracked |  0
|  25|0x0000000707000000, 0x0000000707000000, 0x0000000707200000|  0%| F|  |TAMS 0x0000000707000000| PB 0x0000000707000000| Untracked |  0
|  26|0x0000000707200000, 0x0000000707200000, 0x0000000707400000|  0%| F|  |TAMS 0x0000000707200000| PB 0x0000000707200000| Untracked |  0
|  27|0x0000000707400000, 0x0000000707400000, 0x0000000707600000|  0%| F|  |TAMS 0x0000000707400000| PB 0x0000000707400000| Untracked |  0
|  28|0x0000000707600000, 0x0000000707600000, 0x0000000707800000|  0%| F|  |TAMS 0x0000000707600000| PB 0x0000000707600000| Untracked |  0
|  29|0x0000000707800000, 0x0000000707800000, 0x0000000707a00000|  0%| F|  |TAMS 0x0000000707800000| PB 0x0000000707800000| Untracked |  0
|  30|0x0000000707a00000, 0x0000000707a00000, 0x0000000707c00000|  0%| F|  |TAMS 0x0000000707a00000| PB 0x0000000707a00000| Untracked |  0
|  31|0x0000000707c00000, 0x0000000707c00000, 0x0000000707e00000|  0%| F|  |TAMS 0x0000000707c00000| PB 0x0000000707c00000| Untracked |  0
|  32|0x0000000707e00000, 0x0000000707e00000, 0x0000000708000000|  0%| F|  |TAMS 0x0000000707e00000| PB 0x0000000707e00000| Untracked |  0
|  33|0x0000000708000000, 0x0000000708000000, 0x0000000708200000|  0%| F|  |TAMS 0x0000000708000000| PB 0x0000000708000000| Untracked |  0
|  34|0x0000000708200000, 0x0000000708200000, 0x0000000708400000|  0%| F|  |TAMS 0x0000000708200000| PB 0x0000000708200000| Untracked |  0
|  35|0x0000000708400000, 0x0000000708400000, 0x0000000708600000|  0%| F|  |TAMS 0x0000000708400000| PB 0x0000000708400000| Untracked |  0
|  36|0x0000000708600000, 0x0000000708600000, 0x0000000708800000|  0%| F|  |TAMS 0x0000000708600000| PB 0x0000000708600000| Untracked |  0
|  37|0x0000000708800000, 0x0000000708800000, 0x0000000708a00000|  0%| F|  |TAMS 0x0000000708800000| PB 0x0000000708800000| Untracked |  0
|  38|0x0000000708a00000, 0x0000000708a00000, 0x0000000708c00000|  0%| F|  |TAMS 0x0000000708a00000| PB 0x0000000708a00000| Untracked |  0
|  39|0x0000000708c00000, 0x0000000708c00000, 0x0000000708e00000|  0%| F|  |TAMS 0x0000000708c00000| PB 0x0000000708c00000| Untracked |  0
|  40|0x0000000708e00000, 0x0000000708e00000, 0x0000000709000000|  0%| F|  |TAMS 0x0000000708e00000| PB 0x0000000708e00000| Untracked |  0
|  41|0x0000000709000000, 0x0000000709000000, 0x0000000709200000|  0%| F|  |TAMS 0x0000000709000000| PB 0x0000000709000000| Untracked |  0
|  42|0x0000000709200000, 0x0000000709200000, 0x0000000709400000|  0%| F|  |TAMS 0x0000000709200000| PB 0x0000000709200000| Untracked |  0
|  43|0x0000000709400000, 0x0000000709400000, 0x0000000709600000|  0%| F|  |TAMS 0x0000000709400000| PB 0x0000000709400000| Untracked |  0
|  44|0x0000000709600000, 0x0000000709600000, 0x0000000709800000|  0%| F|  |TAMS 0x0000000709600000| PB 0x0000000709600000| Untracked |  0
|  45|0x0000000709800000, 0x0000000709800000, 0x0000000709a00000|  0%| F|  |TAMS 0x0000000709800000| PB 0x0000000709800000| Untracked |  0
|  46|0x0000000709a00000, 0x0000000709a00000, 0x0000000709c00000|  0%| F|  |TAMS 0x0000000709a00000| PB 0x0000000709a00000| Untracked |  0
|  47|0x0000000709c00000, 0x0000000709c00000, 0x0000000709e00000|  0%| F|  |TAMS 0x0000000709c00000| PB 0x0000000709c00000| Untracked |  0
|  48|0x0000000709e00000, 0x0000000709e00000, 0x000000070a000000|  0%| F|  |TAMS 0x0000000709e00000| PB 0x0000000709e00000| Untracked |  0
|  49|0x000000070a000000, 0x000000070a000000, 0x000000070a200000|  0%| F|  |TAMS 0x000000070a000000| PB 0x000000070a000000| Untracked |  0
|  50|0x000000070a200000, 0x000000070a200000, 0x000000070a400000|  0%| F|  |TAMS 0x000000070a200000| PB 0x000000070a200000| Untracked |  0
|  51|0x000000070a400000, 0x000000070a400000, 0x000000070a600000|  0%| F|  |TAMS 0x000000070a400000| PB 0x000000070a400000| Untracked |  0
|  52|0x000000070a600000, 0x000000070a600000, 0x000000070a800000|  0%| F|  |TAMS 0x000000070a600000| PB 0x000000070a600000| Untracked |  0
|  53|0x000000070a800000, 0x000000070a800000, 0x000000070aa00000|  0%| F|  |TAMS 0x000000070a800000| PB 0x000000070a800000| Untracked |  0
|  54|0x000000070aa00000, 0x000000070aa00000, 0x000000070ac00000|  0%| F|  |TAMS 0x000000070aa00000| PB 0x000000070aa00000| Untracked |  0
|  55|0x000000070ac00000, 0x000000070ac00000, 0x000000070ae00000|  0%| F|  |TAMS 0x000000070ac00000| PB 0x000000070ac00000| Untracked |  0
|  56|0x000000070ae00000, 0x000000070ae00000, 0x000000070b000000|  0%| F|  |TAMS 0x000000070ae00000| PB 0x000000070ae00000| Untracked |  0
|  57|0x000000070b000000, 0x000000070b000000, 0x000000070b200000|  0%| F|  |TAMS 0x000000070b000000| PB 0x000000070b000000| Untracked |  0
|  58|0x000000070b200000, 0x000000070b200000, 0x000000070b400000|  0%| F|  |TAMS 0x000000070b200000| PB 0x000000070b200000| Untracked |  0
|  59|0x000000070b400000, 0x000000070b400000, 0x000000070b600000|  0%| F|  |TAMS 0x000000070b400000| PB 0x000000070b400000| Untracked |  0
|  60|0x000000070b600000, 0x000000070b600000, 0x000000070b800000|  0%| F|  |TAMS 0x000000070b600000| PB 0x000000070b600000| Untracked |  0
|  61|0x000000070b800000, 0x000000070b800000, 0x000000070ba00000|  0%| F|  |TAMS 0x000000070b800000| PB 0x000000070b800000| Untracked |  0
|  62|0x000000070ba00000, 0x000000070ba00000, 0x000000070bc00000|  0%| F|  |TAMS 0x000000070ba00000| PB 0x000000070ba00000| Untracked |  0
|  63|0x000000070bc00000, 0x000000070bc00000, 0x000000070be00000|  0%| F|  |TAMS 0x000000070bc00000| PB 0x000000070bc00000| Untracked |  0
|  64|0x000000070be00000, 0x000000070be00000, 0x000000070c000000|  0%| F|  |TAMS 0x000000070be00000| PB 0x000000070be00000| Untracked |  0
|  65|0x000000070c000000, 0x000000070c000000, 0x000000070c200000|  0%| F|  |TAMS 0x000000070c000000| PB 0x000000070c000000| Untracked |  0
|  66|0x000000070c200000, 0x000000070c200000, 0x000000070c400000|  0%| F|  |TAMS 0x000000070c200000| PB 0x000000070c200000| Untracked |  0
|  67|0x000000070c400000, 0x000000070c400000, 0x000000070c600000|  0%| F|  |TAMS 0x000000070c400000| PB 0x000000070c400000| Untracked |  0
|  68|0x000000070c600000, 0x000000070c600000, 0x000000070c800000|  0%| F|  |TAMS 0x000000070c600000| PB 0x000000070c600000| Untracked |  0
|  69|0x000000070c800000, 0x000000070c800000, 0x000000070ca00000|  0%| F|  |TAMS 0x000000070c800000| PB 0x000000070c800000| Untracked |  0
|  70|0x000000070ca00000, 0x000000070ca00000, 0x000000070cc00000|  0%| F|  |TAMS 0x000000070ca00000| PB 0x000000070ca00000| Untracked |  0
|  71|0x000000070cc00000, 0x000000070cc00000, 0x000000070ce00000|  0%| F|  |TAMS 0x000000070cc00000| PB 0x000000070cc00000| Untracked |  0
|  72|0x000000070ce00000, 0x000000070ce00000, 0x000000070d000000|  0%| F|  |TAMS 0x000000070ce00000| PB 0x000000070ce00000| Untracked |  0
|  73|0x000000070d000000, 0x000000070d000000, 0x000000070d200000|  0%| F|  |TAMS 0x000000070d000000| PB 0x000000070d000000| Untracked |  0
|  74|0x000000070d200000, 0x000000070d200000, 0x000000070d400000|  0%| F|  |TAMS 0x000000070d200000| PB 0x000000070d200000| Untracked |  0
|  75|0x000000070d400000, 0x000000070d400000, 0x000000070d600000|  0%| F|  |TAMS 0x000000070d400000| PB 0x000000070d400000| Untracked |  0
|  76|0x000000070d600000, 0x000000070d600000, 0x000000070d800000|  0%| F|  |TAMS 0x000000070d600000| PB 0x000000070d600000| Untracked |  0
|  77|0x000000070d800000, 0x000000070d800000, 0x000000070da00000|  0%| F|  |TAMS 0x000000070d800000| PB 0x000000070d800000| Untracked |  0
|  78|0x000000070da00000, 0x000000070da00000, 0x000000070dc00000|  0%| F|  |TAMS 0x000000070da00000| PB 0x000000070da00000| Untracked |  0
|  79|0x000000070dc00000, 0x000000070dc00000, 0x000000070de00000|  0%| F|  |TAMS 0x000000070dc00000| PB 0x000000070dc00000| Untracked |  0
|  80|0x000000070de00000, 0x000000070de00000, 0x000000070e000000|  0%| F|  |TAMS 0x000000070de00000| PB 0x000000070de00000| Untracked |  0
|  81|0x000000070e000000, 0x000000070e000000, 0x000000070e200000|  0%| F|  |TAMS 0x000000070e000000| PB 0x000000070e000000| Untracked |  0
|  82|0x000000070e200000, 0x000000070e200000, 0x000000070e400000|  0%| F|  |TAMS 0x000000070e200000| PB 0x000000070e200000| Untracked |  0
|  83|0x000000070e400000, 0x000000070e400000, 0x000000070e600000|  0%| F|  |TAMS 0x000000070e400000| PB 0x000000070e400000| Untracked |  0
|  84|0x000000070e600000, 0x000000070e600000, 0x000000070e800000|  0%| F|  |TAMS 0x000000070e600000| PB 0x000000070e600000| Untracked |  0
|  85|0x000000070e800000, 0x000000070e800000, 0x000000070ea00000|  0%| F|  |TAMS 0x000000070e800000| PB 0x000000070e800000| Untracked |  0
|  86|0x000000070ea00000, 0x000000070ea00000, 0x000000070ec00000|  0%| F|  |TAMS 0x000000070ea00000| PB 0x000000070ea00000| Untracked |  0
|  87|0x000000070ec00000, 0x000000070ec00000, 0x000000070ee00000|  0%| F|  |TAMS 0x000000070ec00000| PB 0x000000070ec00000| Untracked |  0
|  88|0x000000070ee00000, 0x000000070ee00000, 0x000000070f000000|  0%| F|  |TAMS 0x000000070ee00000| PB 0x000000070ee00000| Untracked |  0
|  89|0x000000070f000000, 0x000000070f000000, 0x000000070f200000|  0%| F|  |TAMS 0x000000070f000000| PB 0x000000070f000000| Untracked |  0
|  90|0x000000070f200000, 0x000000070f200000, 0x000000070f400000|  0%| F|  |TAMS 0x000000070f200000| PB 0x000000070f200000| Untracked |  0
|  91|0x000000070f400000, 0x000000070f400000, 0x000000070f600000|  0%| F|  |TAMS 0x000000070f400000| PB 0x000000070f400000| Untracked |  0
|  92|0x000000070f600000, 0x000000070f600000, 0x000000070f800000|  0%| F|  |TAMS 0x000000070f600000| PB 0x000000070f600000| Untracked |  0
|  93|0x000000070f800000, 0x000000070f800000, 0x000000070fa00000|  0%| F|  |TAMS 0x000000070f800000| PB 0x000000070f800000| Untracked |  0
|  94|0x000000070fa00000, 0x000000070fa00000, 0x000000070fc00000|  0%| F|  |TAMS 0x000000070fa00000| PB 0x000000070fa00000| Untracked |  0
|  95|0x000000070fc00000, 0x000000070fc00000, 0x000000070fe00000|  0%| F|  |TAMS 0x000000070fc00000| PB 0x000000070fc00000| Untracked |  0
|  96|0x000000070fe00000, 0x000000070fe00000, 0x0000000710000000|  0%| F|  |TAMS 0x000000070fe00000| PB 0x000000070fe00000| Untracked |  0
|  97|0x0000000710000000, 0x0000000710000000, 0x0000000710200000|  0%| F|  |TAMS 0x0000000710000000| PB 0x0000000710000000| Untracked |  0
|  98|0x0000000710200000, 0x0000000710200000, 0x0000000710400000|  0%| F|  |TAMS 0x0000000710200000| PB 0x0000000710200000| Untracked |  0
|  99|0x0000000710400000, 0x0000000710400000, 0x0000000710600000|  0%| F|  |TAMS 0x0000000710400000| PB 0x0000000710400000| Untracked |  0
| 100|0x0000000710600000, 0x0000000710600000, 0x0000000710800000|  0%| F|  |TAMS 0x0000000710600000| PB 0x0000000710600000| Untracked |  0
| 101|0x0000000710800000, 0x0000000710800000, 0x0000000710a00000|  0%| F|  |TAMS 0x0000000710800000| PB 0x0000000710800000| Untracked |  0
| 102|0x0000000710a00000, 0x0000000710a00000, 0x0000000710c00000|  0%| F|  |TAMS 0x0000000710a00000| PB 0x0000000710a00000| Untracked |  0
| 103|0x0000000710c00000, 0x0000000710c00000, 0x0000000710e00000|  0%| F|  |TAMS 0x0000000710c00000| PB 0x0000000710c00000| Untracked |  0
| 104|0x0000000710e00000, 0x0000000710e00000, 0x0000000711000000|  0%| F|  |TAMS 0x0000000710e00000| PB 0x0000000710e00000| Untracked |  0
| 105|0x0000000711000000, 0x0000000711000000, 0x0000000711200000|  0%| F|  |TAMS 0x0000000711000000| PB 0x0000000711000000| Untracked |  0
| 106|0x0000000711200000, 0x0000000711200000, 0x0000000711400000|  0%| F|  |TAMS 0x0000000711200000| PB 0x0000000711200000| Untracked |  0
| 107|0x0000000711400000, 0x00000007114486a0, 0x0000000711600000| 14%| S|  |TAMS 0x0000000711400000| PB 0x0000000711400000| Complete |  0
| 108|0x0000000711600000, 0x0000000711800000, 0x0000000711800000|100%| S|  |TAMS 0x0000000711600000| PB 0x0000000711600000| Complete |  0
| 109|0x0000000711800000, 0x0000000711a00000, 0x0000000711a00000|100%| E|CS|TAMS 0x0000000711800000| PB 0x0000000711800000| Complete |  0
| 110|0x0000000711a00000, 0x0000000711c00000, 0x0000000711c00000|100%| E|CS|TAMS 0x0000000711a00000| PB 0x0000000711a00000| Complete |  0
| 111|0x0000000711c00000, 0x0000000711e00000, 0x0000000711e00000|100%| E|CS|TAMS 0x0000000711c00000| PB 0x0000000711c00000| Complete |  0
| 112|0x0000000711e00000, 0x0000000712000000, 0x0000000712000000|100%| E|CS|TAMS 0x0000000711e00000| PB 0x0000000711e00000| Complete |  0
| 113|0x0000000712000000, 0x0000000712200000, 0x0000000712200000|100%| E|CS|TAMS 0x0000000712000000| PB 0x0000000712000000| Complete |  0
| 114|0x0000000712200000, 0x0000000712400000, 0x0000000712400000|100%| E|CS|TAMS 0x0000000712200000| PB 0x0000000712200000| Complete |  0
| 115|0x0000000712400000, 0x0000000712600000, 0x0000000712600000|100%| E|CS|TAMS 0x0000000712400000| PB 0x0000000712400000| Complete |  0
| 116|0x0000000712600000, 0x0000000712800000, 0x0000000712800000|100%| E|CS|TAMS 0x0000000712600000| PB 0x0000000712600000| Complete |  0
| 117|0x0000000712800000, 0x0000000712a00000, 0x0000000712a00000|100%| E|CS|TAMS 0x0000000712800000| PB 0x0000000712800000| Complete |  0
| 118|0x0000000712a00000, 0x0000000712c00000, 0x0000000712c00000|100%| E|CS|TAMS 0x0000000712a00000| PB 0x0000000712a00000| Complete |  0
| 119|0x0000000712c00000, 0x0000000712e00000, 0x0000000712e00000|100%| E|CS|TAMS 0x0000000712c00000| PB 0x0000000712c00000| Complete |  0
| 120|0x0000000712e00000, 0x0000000713000000, 0x0000000713000000|100%| E|CS|TAMS 0x0000000712e00000| PB 0x0000000712e00000| Complete |  0
| 121|0x0000000713000000, 0x0000000713200000, 0x0000000713200000|100%| E|CS|TAMS 0x0000000713000000| PB 0x0000000713000000| Complete |  0
| 122|0x0000000713200000, 0x0000000713400000, 0x0000000713400000|100%| E|CS|TAMS 0x0000000713200000| PB 0x0000000713200000| Complete |  0
| 123|0x0000000713400000, 0x0000000713600000, 0x0000000713600000|100%| E|CS|TAMS 0x0000000713400000| PB 0x0000000713400000| Complete |  0
| 124|0x0000000713600000, 0x0000000713800000, 0x0000000713800000|100%| E|CS|TAMS 0x0000000713600000| PB 0x0000000713600000| Complete |  0
| 125|0x0000000713800000, 0x0000000713a00000, 0x0000000713a00000|100%| E|CS|TAMS 0x0000000713800000| PB 0x0000000713800000| Complete |  0
| 126|0x0000000713a00000, 0x0000000713c00000, 0x0000000713c00000|100%| E|CS|TAMS 0x0000000713a00000| PB 0x0000000713a00000| Complete |  0

Card table byte_map: [0x00000287db870000,0x00000287dc060000] _byte_map_base: 0x00000287d8051000

Marking Bits: (CMBitMap*) 0x00000287c1d65460
 Bits: [0x00000287dc060000, 0x00000287dff68000)

Polling page: 0x00000287c1db0000

Metaspace:

Usage:
  Non-class:      9.47 MB used.
      Class:      1.19 MB used.
       Both:     10.66 MB used.

Virtual space:
  Non-class space:       64.00 MB reserved,       9.62 MB ( 15%) committed,  1 nodes.
      Class space:        1.00 GB reserved,       1.31 MB ( <1%) committed,  1 nodes.
             Both:        1.06 GB reserved,      10.94 MB (  1%) committed. 

Chunk freelists:
   Non-Class:  6.22 MB
       Class:  14.70 MB
        Both:  20.92 MB

MaxMetaspaceSize: unlimited
CompressedClassSpaceSize: 1.00 GB
Initial GC threshold: 21.00 MB
Current GC threshold: 21.00 MB
CDS: on
 - commit_granule_bytes: 65536.
 - commit_granule_words: 8192.
 - virtual_space_node_default_size: 8388608.
 - enlarge_chunks_in_place: 1.
 - use_allocation_guard: 0.


Internal statistics:

num_allocs_failed_limit: 0.
num_arena_births: 238.
num_arena_deaths: 0.
num_vsnodes_births: 2.
num_vsnodes_deaths: 0.
num_space_committed: 175.
num_space_uncommitted: 0.
num_chunks_returned_to_freelist: 0.
num_chunks_taken_from_freelist: 382.
num_chunk_merges: 0.
num_chunk_splits: 227.
num_chunks_enlarged: 115.
num_inconsistent_stats: 0.

CodeHeap 'non-profiled nmethods': size=120000Kb used=715Kb max_used=715Kb free=119284Kb
 bounds [0x00000287d3310000, 0x00000287d3580000, 0x00000287da840000]
CodeHeap 'profiled nmethods': size=120000Kb used=3038Kb max_used=3038Kb free=116961Kb
 bounds [0x00000287cb840000, 0x00000287cbb40000, 0x00000287d2d70000]
CodeHeap 'non-nmethods': size=5760Kb used=1585Kb max_used=1627Kb free=4174Kb
 bounds [0x00000287d2d70000, 0x00000287d2fe0000, 0x00000287d3310000]
 total_blobs=2309 nmethods=1665 adapters=549
 compilation: enabled
              stopped_count=0, restarted_count=0
 full_count=0

Compilation events (20 events):
Event: 3.073 Thread 0x00000287e283db20 nmethod 1657 0x00000287cbb36990 code [0x00000287cbb36b60, 0x00000287cbb37020]
Event: 3.077 Thread 0x00000287e283cec0 nmethod 1652 0x00000287d33b9310 code [0x00000287d33b94c0, 0x00000287d33b9f28]
Event: 3.077 Thread 0x00000287e283cec0 1658       4       java.lang.StringConcatHelper::prepend (37 bytes)
Event: 3.078 Thread 0x00000287e283cec0 nmethod 1658 0x00000287d33ba010 code [0x00000287d33ba1a0, 0x00000287d33ba368]
Event: 3.081 Thread 0x00000287e283cec0 1659       4       java.nio.file.attribute.FileTime::from (18 bytes)
Event: 3.082 Thread 0x00000287e283cec0 nmethod 1659 0x00000287d33ba510 code [0x00000287d33ba6a0, 0x00000287d33ba7d8]
Event: 3.085 Thread 0x00000287e283cec0 1660       4       java.lang.ref.SoftReference::get (29 bytes)
Event: 3.085 Thread 0x000002882909b470 nmethod 1635 0x00000287d33ba910 code [0x00000287d33bae60, 0x00000287d33bf0d0]
Event: 3.086 Thread 0x00000287e283cec0 nmethod 1660 0x00000287d33c1690 code [0x00000287d33c1820, 0x00000287d33c1938]
Event: 3.086 Thread 0x000002882909b470 1661       4       java.lang.String::getChars (55 bytes)
Event: 3.086 Thread 0x00000287e283db20 1662       3       java.lang.Character::isLetter (18 bytes)
Event: 3.086 Thread 0x00000287e283db20 nmethod 1662 0x00000287cbb37190 code [0x00000287cbb37360, 0x00000287cbb37608]
Event: 3.087 Thread 0x000002882909b470 nmethod 1661 0x00000287d33c1a10 code [0x00000287d33c1bc0, 0x00000287d33c1f48]
Event: 3.088 Thread 0x000002882909b470 1663 %     4       java.lang.StringLatin1::compareToCI @ 16 (108 bytes)
Event: 3.089 Thread 0x00000287e283db20 1664       3       java.util.Properties::getProperty (16 bytes)
Event: 3.089 Thread 0x00000287e283db20 nmethod 1664 0x00000287cbb37710 code [0x00000287cbb378c0, 0x00000287cbb37ae0]
Event: 3.091 Thread 0x00000287e283cec0 1665       4       java.net.URLStreamHandler::parseURL (1124 bytes)
Event: 3.092 Thread 0x000002882909b470 nmethod 1663% 0x00000287d33c2190 code [0x00000287d33c2320, 0x00000287d33c2720]
Event: 3.096 Thread 0x000002882909b470 1666       4       java.util.zip.ZipUtils::get64 (17 bytes)
Event: 3.097 Thread 0x000002882909b470 nmethod 1666 0x00000287d33c2890 code [0x00000287d33c2a20, 0x00000287d33c2b80]

GC Heap History (3 events):
Event: 0.363 GC heap before
{Heap before GC invocations=0 (full 0):
 garbage-first heap   total reserved 4130816K, committed 260096K, used 22528K [0x0000000703e00000, 0x0000000800000000)
  region size 2048K, 11 young (22528K), 0 survivors (0K)
 Metaspace       used 2440K, committed 2624K, reserved 1114112K
  class space    used 234K, committed 320K, reserved 1048576K
}
Event: 0.365 GC heap after
{Heap after GC invocations=1 (full 0):
 garbage-first heap   total reserved 4130816K, committed 260096K, used 4774K [0x0000000703e00000, 0x0000000800000000)
  region size 2048K, 2 young (4096K), 2 survivors (4096K)
 Metaspace       used 2440K, committed 2624K, reserved 1114112K
  class space    used 234K, committed 320K, reserved 1048576K
}
Event: 3.097 GC heap before
{Heap before GC invocations=1 (full 0):
 garbage-first heap   total reserved 4130816K, committed 260096K, used 37542K [0x0000000703e00000, 0x0000000800000000)
  region size 2048K, 18 young (36864K), 2 survivors (4096K)
 Metaspace       used 10914K, committed 11200K, reserved 1114112K
  class space    used 1219K, committed 1344K, reserved 1048576K
}

Dll operation events (20 events):
Event: 3.001 Loaded shared library C:\Users\woelflenico\.javacpp\cache\javacpp-1.5.5-windows-x86_64.jar\org\bytedeco\javacpp\windows-x86_64\api-ms-win-core-errorhandling-l1-1-0.dll
Event: 3.005 Loaded shared library C:\Users\woelflenico\.javacpp\cache\javacpp-1.5.5-windows-x86_64.jar\org\bytedeco\javacpp\windows-x86_64\api-ms-win-core-timezone-l1-1-0.dll
Event: 3.010 Loaded shared library C:\Users\woelflenico\.javacpp\cache\javacpp-1.5.5-windows-x86_64.jar\org\bytedeco\javacpp\windows-x86_64\api-ms-win-core-file-l1-1-0.dll
Event: 3.014 Loaded shared library C:\Users\woelflenico\.javacpp\cache\javacpp-1.5.5-windows-x86_64.jar\org\bytedeco\javacpp\windows-x86_64\api-ms-win-core-namedpipe-l1-1-0.dll
Event: 3.018 Loaded shared library C:\Users\woelflenico\.javacpp\cache\javacpp-1.5.5-windows-x86_64.jar\org\bytedeco\javacpp\windows-x86_64\api-ms-win-core-handle-l1-1-0.dll
Event: 3.022 Loaded shared library C:\Users\woelflenico\.javacpp\cache\javacpp-1.5.5-windows-x86_64.jar\org\bytedeco\javacpp\windows-x86_64\api-ms-win-core-file-l2-1-0.dll
Event: 3.027 Loaded shared library C:\Users\woelflenico\.javacpp\cache\javacpp-1.5.5-windows-x86_64.jar\org\bytedeco\javacpp\windows-x86_64\api-ms-win-core-heap-l1-1-0.dll
Event: 3.031 Loaded shared library C:\Users\woelflenico\.javacpp\cache\javacpp-1.5.5-windows-x86_64.jar\org\bytedeco\javacpp\windows-x86_64\api-ms-win-core-libraryloader-l1-1-0.dll
Event: 3.036 Loaded shared library C:\Users\woelflenico\.javacpp\cache\javacpp-1.5.5-windows-x86_64.jar\org\bytedeco\javacpp\windows-x86_64\api-ms-win-core-synch-l1-1-0.dll
Event: 3.041 Loaded shared library C:\Users\woelflenico\.javacpp\cache\javacpp-1.5.5-windows-x86_64.jar\org\bytedeco\javacpp\windows-x86_64\api-ms-win-core-processthreads-l1-1-0.dll
Event: 3.046 Loaded shared library C:\Users\woelflenico\.javacpp\cache\javacpp-1.5.5-windows-x86_64.jar\org\bytedeco\javacpp\windows-x86_64\api-ms-win-core-processenvironment-l1-1-0.dll
Event: 3.051 Loaded shared library C:\Users\woelflenico\.javacpp\cache\javacpp-1.5.5-windows-x86_64.jar\org\bytedeco\javacpp\windows-x86_64\api-ms-win-core-datetime-l1-1-0.dll
Event: 3.056 Loaded shared library C:\Users\woelflenico\.javacpp\cache\javacpp-1.5.5-windows-x86_64.jar\org\bytedeco\javacpp\windows-x86_64\api-ms-win-core-localization-l1-2-0.dll
Event: 3.062 Loaded shared library C:\Users\woelflenico\.javacpp\cache\javacpp-1.5.5-windows-x86_64.jar\org\bytedeco\javacpp\windows-x86_64\api-ms-win-core-sysinfo-l1-1-0.dll
Event: 3.067 Loaded shared library C:\Users\woelflenico\.javacpp\cache\javacpp-1.5.5-windows-x86_64.jar\org\bytedeco\javacpp\windows-x86_64\api-ms-win-core-synch-l1-2-0.dll
Event: 3.072 Loaded shared library C:\Users\woelflenico\.javacpp\cache\javacpp-1.5.5-windows-x86_64.jar\org\bytedeco\javacpp\windows-x86_64\api-ms-win-core-console-l1-1-0.dll
Event: 3.077 Loaded shared library C:\Users\woelflenico\.javacpp\cache\javacpp-1.5.5-windows-x86_64.jar\org\bytedeco\javacpp\windows-x86_64\api-ms-win-core-debug-l1-1-0.dll
Event: 3.083 Loaded shared library C:\Users\woelflenico\.javacpp\cache\javacpp-1.5.5-windows-x86_64.jar\org\bytedeco\javacpp\windows-x86_64\api-ms-win-core-rtlsupport-l1-1-0.dll
Event: 3.088 Loaded shared library C:\Users\woelflenico\.javacpp\cache\javacpp-1.5.5-windows-x86_64.jar\org\bytedeco\javacpp\windows-x86_64\api-ms-win-core-processthreads-l1-1-1.dll
Event: 3.094 Loaded shared library C:\Users\woelflenico\.javacpp\cache\javacpp-1.5.5-windows-x86_64.jar\org\bytedeco\javacpp\windows-x86_64\api-ms-win-core-file-l1-2-0.dll

Deoptimization events (20 events):
Event: 2.926 Thread 0x0000028828f44a90 DEOPT PACKING pc=0x00000287cb9cad49 sp=0x000000df6f3fcf60
Event: 2.926 Thread 0x0000028828f44a90 DEOPT UNPACKING pc=0x00000287d2dc4e42 sp=0x000000df6f3fc3e8 mode 0
Event: 2.935 Thread 0x0000028828f44a90 Uncommon trap: trap_request=0xffffff45 fr.pc=0x00000287d339482c relative=0x0000000000000a6c
Event: 2.935 Thread 0x0000028828f44a90 Uncommon trap: reason=unstable_if action=reinterpret pc=0x00000287d339482c method=jdk.internal.org.objectweb.asm.SymbolTable.put(Ljdk/internal/org/objectweb/asm/SymbolTable$Entry;)Ljdk/internal/org/objectweb/asm/SymbolTable$Entry; @ 13 c2
Event: 2.935 Thread 0x0000028828f44a90 DEOPT PACKING pc=0x00000287d339482c sp=0x000000df6f3fc860
Event: 2.935 Thread 0x0000028828f44a90 DEOPT UNPACKING pc=0x00000287d2dc46a2 sp=0x000000df6f3fc798 mode 2
Event: 2.938 Thread 0x0000028828f44a90 Uncommon trap: trap_request=0xffffff45 fr.pc=0x00000287d338f160 relative=0x0000000000000340
Event: 2.938 Thread 0x0000028828f44a90 Uncommon trap: reason=unstable_if action=reinterpret pc=0x00000287d338f160 method=jdk.internal.org.objectweb.asm.SymbolTable.put(Ljdk/internal/org/objectweb/asm/SymbolTable$Entry;)Ljdk/internal/org/objectweb/asm/SymbolTable$Entry; @ 13 c2
Event: 2.938 Thread 0x0000028828f44a90 DEOPT PACKING pc=0x00000287d338f160 sp=0x000000df6f3fc180
Event: 2.938 Thread 0x0000028828f44a90 DEOPT UNPACKING pc=0x00000287d2dc46a2 sp=0x000000df6f3fc100 mode 2
Event: 2.952 Thread 0x0000028828f44a90 DEOPT PACKING pc=0x00000287cb8a3229 sp=0x000000df6f3fd380
Event: 2.952 Thread 0x0000028828f44a90 DEOPT UNPACKING pc=0x00000287d2dc4e42 sp=0x000000df6f3fc880 mode 0
Event: 2.952 Thread 0x0000028828f44a90 Uncommon trap: trap_request=0xffffff45 fr.pc=0x00000287d33249f8 relative=0x0000000000000078
Event: 2.952 Thread 0x0000028828f44a90 Uncommon trap: reason=unstable_if action=reinterpret pc=0x00000287d33249f8 method=java.io.WinNTFileSystem.isSlash(C)Z @ 9 c2
Event: 2.952 Thread 0x0000028828f44a90 DEOPT PACKING pc=0x00000287d33249f8 sp=0x000000df6f3fd390
Event: 2.952 Thread 0x0000028828f44a90 DEOPT UNPACKING pc=0x00000287d2dc46a2 sp=0x000000df6f3fd318 mode 2
Event: 2.964 Thread 0x0000028828f44a90 DEOPT PACKING pc=0x00000287cb9cad49 sp=0x000000df6f3fcf80
Event: 2.964 Thread 0x0000028828f44a90 DEOPT UNPACKING pc=0x00000287d2dc4e42 sp=0x000000df6f3fc3f0 mode 0
Event: 2.982 Thread 0x0000028828f44a90 DEOPT PACKING pc=0x00000287cb9cad49 sp=0x000000df6f3fcf90
Event: 2.983 Thread 0x0000028828f44a90 DEOPT UNPACKING pc=0x00000287d2dc4e42 sp=0x000000df6f3fc400 mode 0

Classes loaded (20 events):
Event: 2.933 Loading class java/lang/reflect/Proxy$ProxyBuilder$1
Event: 2.933 Loading class java/lang/reflect/Proxy$ProxyBuilder$1 done
Event: 2.934 Loading class java/lang/annotation/Target
Event: 2.934 Loading class java/lang/annotation/Target done
Event: 2.935 Loading class java/lang/reflect/UndeclaredThrowableException
Event: 2.935 Loading class java/lang/reflect/UndeclaredThrowableException done
Event: 2.940 Loading class java/util/Arrays$ArrayItr
Event: 2.940 Loading class java/util/Arrays$ArrayItr done
Event: 2.940 Loading class java/lang/ProcessEnvironment
Event: 2.940 Loading class java/lang/ProcessEnvironment done
Event: 2.941 Loading class java/lang/ProcessEnvironment$NameComparator
Event: 2.941 Loading class java/lang/ProcessEnvironment$NameComparator done
Event: 2.941 Loading class java/lang/ProcessEnvironment$EntryComparator
Event: 2.941 Loading class java/lang/ProcessEnvironment$EntryComparator done
Event: 2.941 Loading class java/lang/ProcessEnvironment$CheckedEntrySet
Event: 2.941 Loading class java/lang/ProcessEnvironment$CheckedEntrySet done
Event: 2.941 Loading class java/lang/ProcessEnvironment$CheckedEntrySet$1
Event: 2.941 Loading class java/lang/ProcessEnvironment$CheckedEntrySet$1 done
Event: 2.941 Loading class java/lang/ProcessEnvironment$CheckedEntry
Event: 2.941 Loading class java/lang/ProcessEnvironment$CheckedEntry done

Classes unloaded (0 events):
No events

Classes redefined (0 events):
No events

Internal exceptions (20 events):
Event: 1.370 Thread 0x0000028828ab9760 Exception <a 'java/lang/ClassNotFoundException'{0x0000000713269e78}: sun/awt/resources/spi/awtProvider> (0x0000000713269e78) 
thrown [s\open\src\hotspot\share\classfile\systemDictionary.cpp, line 313]
Event: 1.377 Thread 0x0000028828ab9760 Exception <a 'java/io/FileNotFoundException'{0x00000007132a2fc8}> (0x00000007132a2fc8) 
thrown [s\open\src\hotspot\share\prims\jni.cpp, line 520]
Event: 1.380 Thread 0x0000028828ab9760 Exception <a 'java/io/FileNotFoundException'{0x00000007132cfa40}> (0x00000007132cfa40) 
thrown [s\open\src\hotspot\share\prims\jni.cpp, line 520]
Event: 1.430 Thread 0x0000028828ab9760 Exception <a 'java/lang/NoSuchMethodError'{0x0000000713394fe0}: 'void java.lang.invoke.DirectMethodHandle$Holder.invokeSpecial(java.lang.Object, java.lang.Object, java.lang.Object)'> (0x0000000713394fe0) 
thrown [s\open\src\hotspot\share\interpreter\linkResolver.cpp, line 774]
Event: 1.435 Thread 0x0000028828ab9760 Exception <a 'java/lang/NoSuchMethodError'{0x00000007133e4040}: 'java.lang.Object java.lang.invoke.DirectMethodHandle$Holder.newInvokeSpecial(java.lang.Object, java.lang.Object, java.lang.Object, java.lang.Object, java.lang.Object)'> (0x00000007133e4040) 
thrown [s\open\src\hotspot\share\interpreter\linkResolver.cpp, line 774]
Event: 1.439 Thread 0x0000028828ab9760 Exception <a 'java/lang/NoSuchMethodError'{0x0000000713010c58}: 'java.lang.Object java.lang.invoke.DirectMethodHandle$Holder.invokeStatic(java.lang.Object, int, java.lang.Object)'> (0x0000000713010c58) 
thrown [s\open\src\hotspot\share\interpreter\linkResolver.cpp, line 774]
Event: 1.454 Thread 0x0000028828ab9760 Exception <a 'java/lang/ClassNotFoundException'{0x00000007130b70e8}: com/sun/swing/internal/plaf/metal/resources/spi/metalProvider> (0x00000007130b70e8) 
thrown [s\open\src\hotspot\share\classfile\systemDictionary.cpp, line 313]
Event: 1.455 Thread 0x0000028828ab9760 Exception <a 'java/lang/ClassNotFoundException'{0x00000007130bbec8}: com/sun/swing/internal/plaf/basic/resources/spi/basicProvider> (0x00000007130bbec8) 
thrown [s\open\src\hotspot\share\classfile\systemDictionary.cpp, line 313]
Event: 1.462 Thread 0x0000028828ab9760 Exception <a 'java/lang/NoSuchMethodError'{0x00000007130dafb8}: 'int java.lang.invoke.Invokers$Holder.invokeExact_MT(java.lang.Object, java.lang.Object)'> (0x00000007130dafb8) 
thrown [s\open\src\hotspot\share\interpreter\linkResolver.cpp, line 774]
Event: 1.472 Thread 0x0000028828f93ed0 Exception <a 'java/lang/NoSuchMethodError'{0x00000007133a8098}: 'void java.lang.invoke.DirectMethodHandle$Holder.invokeVirtual(java.lang.Object, java.lang.Object)'> (0x00000007133a8098) 
thrown [s\open\src\hotspot\share\interpreter\linkResolver.cpp, line 774]
Event: 1.484 Thread 0x0000028828f95280 Exception <a 'java/lang/NoSuchMethodError'{0x0000000713118248}: 'void java.lang.invoke.DirectMethodHandle$Holder.invokeStaticInit(java.lang.Object)'> (0x0000000713118248) 
thrown [s\open\src\hotspot\share\interpreter\linkResolver.cpp, line 774]
Event: 1.576 Thread 0x0000028828f44a90 Exception <a 'java/lang/NoSuchMethodError'{0x0000000713250a08}: 'java.lang.Object java.lang.invoke.DirectMethodHandle$Holder.newInvokeSpecial(java.lang.Object, java.lang.Object, java.lang.Object, java.lang.Object, int)'> (0x0000000713250a08) 
thrown [s\open\src\hotspot\share\interpreter\linkResolver.cpp, line 774]
Event: 1.576 Thread 0x0000028828f44a90 Exception <a 'java/lang/NoSuchMethodError'{0x00000007131ef340}: 'java.lang.Object java.lang.invoke.DirectMethodHandle$Holder.invokeSpecial(java.lang.Object, java.lang.Object, java.lang.Object, java.lang.Object, java.lang.Object, int)'> (0x00000007131ef340) 
thrown [s\open\src\hotspot\share\interpreter\linkResolver.cpp, line 774]
Event: 1.577 Thread 0x0000028828f44a90 Exception <a 'java/lang/NoSuchMethodError'{0x00000007131f2b10}: 'java.lang.Object java.lang.invoke.Invokers$Holder.linkToTargetMethod(java.lang.Object, java.lang.Object, java.lang.Object, int, java.lang.Object)'> (0x00000007131f2b10) 
thrown [s\open\src\hotspot\share\interpreter\linkResolver.cpp, line 774]
Event: 1.619 Thread 0x0000028828f44a90 Implicit null exception at 0x00000287d33923ed to 0x00000287d3392de9
Event: 2.919 Thread 0x0000028828f44a90 Exception <a 'java/lang/NoSuchMethodError'{0x0000000712f2a570}: 'int java.lang.invoke.DirectMethodHandle$Holder.invokeStaticInit(java.lang.Object, java.lang.Object, java.lang.Object, java.lang.Object)'> (0x0000000712f2a570) 
thrown [s\open\src\hotspot\share\interpreter\linkResolver.cpp, line 774]
Event: 2.920 Thread 0x0000028828f44a90 Exception <a 'java/lang/NoSuchMethodError'{0x0000000712f32d70}: 'java.lang.Object java.lang.invoke.DirectMethodHandle$Holder.invokeInterface(java.lang.Object, java.lang.Object)'> (0x0000000712f32d70) 
thrown [s\open\src\hotspot\share\interpreter\linkResolver.cpp, line 774]
Event: 2.920 Thread 0x0000028828f44a90 Exception <a 'java/lang/IncompatibleClassChangeError'{0x0000000712f35fe8}: Found class java.lang.Object, but interface was expected> (0x0000000712f35fe8) 
thrown [s\open\src\hotspot\share\interpreter\linkResolver.cpp, line 841]
Event: 2.920 Thread 0x0000028828f44a90 Exception <a 'java/lang/NoSuchMethodError'{0x0000000712f38aa0}: 'void java.lang.invoke.DirectMethodHandle$Holder.invokeStaticInit(java.lang.Object, java.lang.Object)'> (0x0000000712f38aa0) 
thrown [s\open\src\hotspot\share\interpreter\linkResolver.cpp, line 774]
Event: 2.921 Thread 0x0000028828f44a90 Exception <a 'java/lang/NoSuchMethodError'{0x0000000712f3dea8}: 'int java.lang.invoke.DirectMethodHandle$Holder.invokeStaticInit(java.lang.Object, java.lang.Object)'> (0x0000000712f3dea8) 
thrown [s\open\src\hotspot\share\interpreter\linkResolver.cpp, line 774]

ZGC Phase Switch (0 events):
No events

VM Operations (20 events):
Event: 0.422 Executing VM operation: HandshakeAllThreads (Deoptimize) done
Event: 0.454 Executing VM operation: HandshakeAllThreads (Deoptimize)
Event: 0.454 Executing VM operation: HandshakeAllThreads (Deoptimize) done
Event: 1.007 Executing VM operation: HandshakeAllThreads (Deoptimize)
Event: 1.007 Executing VM operation: HandshakeAllThreads (Deoptimize) done
Event: 1.007 Executing VM operation: HandshakeAllThreads (Deoptimize)
Event: 1.007 Executing VM operation: HandshakeAllThreads (Deoptimize) done
Event: 1.388 Executing VM operation: HandshakeAllThreads (Deoptimize)
Event: 1.388 Executing VM operation: HandshakeAllThreads (Deoptimize) done
Event: 1.388 Executing VM operation: Cleanup
Event: 1.388 Executing VM operation: Cleanup done
Event: 1.536 Executing VM operation: HandshakeAllThreads (Deoptimize)
Event: 1.536 Executing VM operation: HandshakeAllThreads (Deoptimize) done
Event: 2.545 Executing VM operation: Cleanup
Event: 2.545 Executing VM operation: Cleanup done
Event: 2.931 Executing VM operation: HandshakeAllThreads (Deoptimize)
Event: 2.931 Executing VM operation: HandshakeAllThreads (Deoptimize) done
Event: 2.941 Executing VM operation: HandshakeAllThreads (Deoptimize)
Event: 2.941 Executing VM operation: HandshakeAllThreads (Deoptimize) done
Event: 3.097 Executing VM operation: G1CollectForAllocation (G1 Evacuation Pause)

Events (20 events):
Event: 0.030 Thread 0x00000287e282e970 Thread added: 0x00000287e282e970
Event: 0.030 Thread 0x00000287e283cec0 Thread added: 0x00000287e283cec0
Event: 0.030 Thread 0x00000287e283db20 Thread added: 0x00000287e283db20
Event: 0.117 Thread 0x00000287e2a319c0 Thread added: 0x00000287e2a319c0
Event: 0.152 Thread 0x00000287e2b89110 Thread added: 0x00000287e2b89110
Event: 0.245 Thread 0x0000028828496730 Thread added: 0x0000028828496730
Event: 0.245 Thread 0x0000028828496da0 Thread added: 0x0000028828496da0
Event: 0.388 Thread 0x0000028828ab9760 Thread added: 0x0000028828ab9760
Event: 0.413 Thread 0x0000028828d48770 Thread added: 0x0000028828d48770
Event: 0.421 Thread 0x0000028828a48550 Thread added: 0x0000028828a48550
Event: 0.450 Thread 0x0000028828d45a90 Thread added: 0x0000028828d45a90
Event: 0.996 Thread 0x00000287e2b89110 Thread exited: 0x00000287e2b89110
Event: 1.361 Thread 0x0000028828f44a90 Thread added: 0x0000028828f44a90
Event: 1.411 Thread 0x0000028828e1c2d0 Thread added: 0x0000028828e1c2d0
Event: 1.411 Thread 0x0000028828f80a60 Thread added: 0x0000028828f80a60
Event: 1.412 Thread 0x0000028828f93ed0 Thread added: 0x0000028828f93ed0
Event: 1.465 Thread 0x0000028828f95280 Thread added: 0x0000028828f95280
Event: 1.566 Thread 0x0000028828f96630 Thread added: 0x0000028828f96630
Event: 2.915 Thread 0x0000028828f95fa0 Thread added: 0x0000028828f95fa0
Event: 2.953 Thread 0x000002882909b470 Thread added: 0x000002882909b470


Dynamic libraries:
0x00007ff7231a0000 - 0x00007ff7231ae000 	C:\Users\woelflenico\.jdks\openjdk-22.0.1\bin\java.exe
0x00007fffb3b70000 - 0x00007fffb3d68000 	C:\WINDOWS\SYSTEM32\ntdll.dll
0x00007fffb3190000 - 0x00007fffb324d000 	C:\WINDOWS\System32\KERNEL32.DLL
0x00007fffb1730000 - 0x00007fffb1a26000 	C:\WINDOWS\System32\KERNELBASE.dll
0x00007fffb1230000 - 0x00007fffb1330000 	C:\WINDOWS\System32\ucrtbase.dll
0x00007fff72ec0000 - 0x00007fff72ed7000 	C:\Users\woelflenico\.jdks\openjdk-22.0.1\bin\jli.dll
0x00007fff72ea0000 - 0x00007fff72ebb000 	C:\Users\woelflenico\.jdks\openjdk-22.0.1\bin\VCRUNTIME140.dll
0x00007fffb1cb0000 - 0x00007fffb1e4f000 	C:\WINDOWS\System32\USER32.dll
0x00007fffb1480000 - 0x00007fffb14a2000 	C:\WINDOWS\System32\win32u.dll
0x00007fffa0130000 - 0x00007fffa03ca000 	C:\WINDOWS\WinSxS\amd64_microsoft.windows.common-controls_6595b64144ccf1df_6.0.19041.4355_none_60b8b9eb71f62e16\COMCTL32.dll
0x00007fffb2c50000 - 0x00007fffb2cee000 	C:\WINDOWS\System32\msvcrt.dll
0x00007fffb32b0000 - 0x00007fffb32db000 	C:\WINDOWS\System32\GDI32.dll
0x00007fffb14b0000 - 0x00007fffb15c7000 	C:\WINDOWS\System32\gdi32full.dll
0x00007fffb13e0000 - 0x00007fffb147d000 	C:\WINDOWS\System32\msvcp_win.dll
0x00007fffb1c20000 - 0x00007fffb1c4f000 	C:\WINDOWS\System32\IMM32.DLL
0x00007fff8fdc0000 - 0x00007fff8fdcc000 	C:\Users\woelflenico\.jdks\openjdk-22.0.1\bin\vcruntime140_1.dll
0x00007fff72e10000 - 0x00007fff72e9e000 	C:\Users\woelflenico\.jdks\openjdk-22.0.1\bin\msvcp140.dll
0x00007fff36e80000 - 0x00007fff37bc7000 	C:\Users\woelflenico\.jdks\openjdk-22.0.1\bin\server\jvm.dll
0x00007fffb2040000 - 0x00007fffb20f0000 	C:\WINDOWS\System32\ADVAPI32.dll
0x00007fffb29c0000 - 0x00007fffb2a60000 	C:\WINDOWS\System32\sechost.dll
0x00007fffb2cf0000 - 0x00007fffb2e13000 	C:\WINDOWS\System32\RPCRT4.dll
0x00007fffb1b30000 - 0x00007fffb1b57000 	C:\WINDOWS\System32\bcrypt.dll
0x00007fffb2a60000 - 0x00007fffb2acb000 	C:\WINDOWS\System32\WS2_32.dll
0x00007fffb1080000 - 0x00007fffb10cb000 	C:\WINDOWS\SYSTEM32\POWRPROF.dll
0x00007fffa4940000 - 0x00007fffa4967000 	C:\WINDOWS\SYSTEM32\WINMM.dll
0x00007fffab720000 - 0x00007fffab72a000 	C:\WINDOWS\SYSTEM32\VERSION.dll
0x00007fffb1060000 - 0x00007fffb1072000 	C:\WINDOWS\SYSTEM32\UMPDC.dll
0x00007fffaeeb0000 - 0x00007fffaeec2000 	C:\WINDOWS\SYSTEM32\kernel.appcore.dll
0x00007fff8bbf0000 - 0x00007fff8bbfa000 	C:\Users\woelflenico\.jdks\openjdk-22.0.1\bin\jimage.dll
0x00007fffa5e20000 - 0x00007fffa6004000 	C:\WINDOWS\SYSTEM32\DBGHELP.DLL
0x00007fffa4e00000 - 0x00007fffa4e34000 	C:\WINDOWS\SYSTEM32\dbgcore.DLL
0x00007fffb1aa0000 - 0x00007fffb1b22000 	C:\WINDOWS\System32\bcryptPrimitives.dll
0x00007fffa3bc0000 - 0x00007fffa3bcf000 	C:\Users\woelflenico\.jdks\openjdk-22.0.1\bin\instrument.dll
0x00007fff72df0000 - 0x00007fff72e0e000 	C:\Users\woelflenico\.jdks\openjdk-22.0.1\bin\java.dll
0x00007fffb20f0000 - 0x00007fffb285c000 	C:\WINDOWS\System32\SHELL32.dll
0x00007fffb3060000 - 0x00007fffb318b000 	C:\WINDOWS\System32\ole32.dll
0x00007fffb37d0000 - 0x00007fffb3b23000 	C:\WINDOWS\System32\combase.dll
0x00007fffaf0b0000 - 0x00007fffaf84d000 	C:\WINDOWS\SYSTEM32\windows.storage.dll
0x00007fffb0aa0000 - 0x00007fffb0ace000 	C:\WINDOWS\SYSTEM32\Wldp.dll
0x00007fffb1e60000 - 0x00007fffb1f2d000 	C:\WINDOWS\System32\OLEAUT32.dll
0x00007fffb2860000 - 0x00007fffb290d000 	C:\WINDOWS\System32\SHCORE.dll
0x00007fffb1c50000 - 0x00007fffb1ca5000 	C:\WINDOWS\System32\shlwapi.dll
0x00007fffb1160000 - 0x00007fffb1184000 	C:\WINDOWS\SYSTEM32\profapi.dll
0x00007fff72d10000 - 0x00007fff72de7000 	C:\Users\woelflenico\.jdks\openjdk-22.0.1\bin\jsvml.dll
0x00007fff72cd0000 - 0x00007fff72ce7000 	C:\Users\woelflenico\.jdks\openjdk-22.0.1\bin\zip.dll
0x00007fff859c0000 - 0x00007fff859d0000 	C:\Users\woelflenico\.jdks\openjdk-22.0.1\bin\net.dll
0x00007fffb0880000 - 0x00007fffb08ea000 	C:\WINDOWS\system32\mswsock.dll
0x00007fff72cf0000 - 0x00007fff72d06000 	C:\Users\woelflenico\.jdks\openjdk-22.0.1\bin\nio.dll
0x00007fffa9470000 - 0x00007fffa948a000 	D:\IntelliJ\IntelliJ IDEA 2024.1\bin\breakgen64.dll
0x00007fff83930000 - 0x00007fff83939000 	C:\Users\woelflenico\.jdks\openjdk-22.0.1\bin\extnet.dll
0x00007fff9f560000 - 0x00007fff9f572000 	C:\Users\woelflenico\.jdks\openjdk-22.0.1\bin\jsound.dll
0x00007fff9f100000 - 0x00007fff9f19c000 	C:\WINDOWS\SYSTEM32\DSOUND.dll
0x00007fffa6170000 - 0x00007fffa6196000 	C:\WINDOWS\SYSTEM32\winmmbase.dll
0x00007fffb0ae0000 - 0x00007fffb0af8000 	C:\WINDOWS\SYSTEM32\CRYPTSP.dll
0x00007fffb01c0000 - 0x00007fffb01f4000 	C:\WINDOWS\system32\rsaenh.dll
0x00007fffae9d0000 - 0x00007fffaea6e000 	C:\WINDOWS\system32\uxtheme.dll
0x00007fffb1110000 - 0x00007fffb113e000 	C:\WINDOWS\SYSTEM32\USERENV.dll
0x00007fffb2910000 - 0x00007fffb29b9000 	C:\WINDOWS\System32\clbcatq.dll
0x00007fffb0a10000 - 0x00007fffb0a1c000 	C:\WINDOWS\SYSTEM32\CRYPTBASE.dll
0x00007fffab540000 - 0x00007fffab5c5000 	C:\WINDOWS\System32\MMDevApi.dll
0x00007fffb0ee0000 - 0x00007fffb0f13000 	C:\WINDOWS\System32\DEVOBJ.dll
0x00007fffb1b60000 - 0x00007fffb1bae000 	C:\WINDOWS\System32\cfgmgr32.dll
0x00007fffb0580000 - 0x00007fffb05bb000 	C:\WINDOWS\SYSTEM32\IPHLPAPI.DLL
0x00007fffb2030000 - 0x00007fffb2038000 	C:\WINDOWS\System32\NSI.dll
0x00007fff9f1a0000 - 0x00007fff9f1e6000 	C:\WINDOWS\SYSTEM32\wdmaud.drv
0x00007fffa43e0000 - 0x00007fffa43e9000 	C:\WINDOWS\SYSTEM32\ksuser.dll
0x00007fffa61b0000 - 0x00007fffa61ba000 	C:\WINDOWS\SYSTEM32\AVRT.dll
0x00007fffab760000 - 0x00007fffab8e1000 	C:\WINDOWS\SYSTEM32\AUDIOSES.DLL
0x00007fffa3360000 - 0x00007fffa336d000 	C:\WINDOWS\SYSTEM32\msacm32.drv
0x00007fff9fe00000 - 0x00007fff9fe1e000 	C:\WINDOWS\SYSTEM32\MSACM32.dll
0x00007fffa2590000 - 0x00007fffa259b000 	C:\WINDOWS\SYSTEM32\midimap.dll
0x00007fffaeab0000 - 0x00007fffaeac4000 	C:\WINDOWS\SYSTEM32\resourcepolicyclient.dll
0x00007fff22af0000 - 0x00007fff23cef000 	C:\Users\woelflenico\AppData\Local\Temp\webrtc-java15736122001632310305.dll
0x00007fffa61c0000 - 0x00007fffa637c000 	C:\WINDOWS\SYSTEM32\MFPlat.DLL
0x00007fffacfe0000 - 0x00007fffad243000 	C:\WINDOWS\SYSTEM32\d3d11.dll
0x00007fffaf970000 - 0x00007fffafa62000 	C:\WINDOWS\SYSTEM32\dxgi.dll
0x00007fffae210000 - 0x00007fffae21b000 	C:\WINDOWS\SYSTEM32\msdmo.dll
0x00007fffaa2a0000 - 0x00007fffaa2ac000 	C:\WINDOWS\SYSTEM32\Secur32.dll
0x00007fffb10d0000 - 0x00007fffb1102000 	C:\WINDOWS\SYSTEM32\SSPICLI.DLL
0x00007fffa4200000 - 0x00007fffa4236000 	C:\WINDOWS\SYSTEM32\RTWorkQ.DLL
0x00007fff9ef20000 - 0x00007fff9ef97000 	C:\Windows\System32\mfwmaaec.dll
0x00007fff9cc10000 - 0x00007fff9cd4f000 	C:\Windows\System32\Windows.UI.dll
0x00007fff9cd60000 - 0x00007fff9ce01000 	C:\Windows\System32\WindowManagementAPI.dll
0x00007fff9c900000 - 0x00007fff9c9f9000 	C:\Windows\System32\TextInputFramework.dll
0x00007fff9c7a0000 - 0x00007fff9c8f2000 	C:\Windows\System32\InputHost.dll
0x00007fff9ca00000 - 0x00007fff9cc03000 	C:\WINDOWS\SYSTEM32\twinapi.appcore.dll
0x00007fffac3c0000 - 0x00007fffac517000 	C:\WINDOWS\SYSTEM32\wintypes.dll
0x00007fffad870000 - 0x00007fffad962000 	C:\Windows\System32\CoreMessaging.dll
0x00007fffad320000 - 0x00007fffad67b000 	C:\Windows\System32\CoreUIComponents.dll
0x00007fffaa6a0000 - 0x00007fffaa796000 	C:\Windows\System32\PROPSYS.dll
0x00007fffb02e0000 - 0x00007fffb0313000 	C:\WINDOWS\SYSTEM32\ntmarta.dll
0x00007fff89850000 - 0x00007fff899dd000 	C:\Users\woelflenico\.jdks\openjdk-22.0.1\bin\awt.dll
0x00007fffae150000 - 0x00007fffae1e0000 	C:\WINDOWS\SYSTEM32\apphelp.dll
0x00007fffaecd0000 - 0x00007fffaecff000 	C:\WINDOWS\system32\DWMAPI.DLL
0x00007fffa47b0000 - 0x00007fffa48d5000 	C:\WINDOWS\system32\opengl32.dll
0x00007fffa3bf0000 - 0x00007fffa3c1c000 	C:\WINDOWS\SYSTEM32\GLU32.dll
0x00007fffb2ad0000 - 0x00007fffb2be4000 	C:\WINDOWS\System32\MSCTF.dll
0x00007fff8aff0000 - 0x00007fff8b077000 	C:\Users\woelflenico\.jdks\openjdk-22.0.1\bin\freetype.dll
0x00007fff89770000 - 0x00007fff89847000 	C:\Users\woelflenico\.jdks\openjdk-22.0.1\bin\fontmanager.dll
0x00007fffac5a0000 - 0x00007fffac5b7000 	C:\WINDOWS\SYSTEM32\dhcpcsvc6.DLL
0x00007fffac3a0000 - 0x00007fffac3bd000 	C:\WINDOWS\SYSTEM32\dhcpcsvc.DLL
0x00007fffb05c0000 - 0x00007fffb068a000 	C:\WINDOWS\SYSTEM32\DNSAPI.dll
0x00007fffaa2b0000 - 0x00007fffaa2ba000 	C:\Windows\System32\rasadhlp.dll
0x00007fffadcf0000 - 0x00007fffadd70000 	C:\WINDOWS\System32\fwpuclnt.dll
0x00007fff8d7f0000 - 0x00007fff8d81e000 	C:\Users\woelflenico\.jdks\openjdk-22.0.1\bin\javajpeg.dll
0x0000028829c30000 - 0x0000028829c33000 	C:\Users\woelflenico\.javacpp\cache\javacpp-1.5.5-windows-x86_64.jar\org\bytedeco\javacpp\windows-x86_64\api-ms-win-crt-locale-l1-1-0.dll
0x0000028829c40000 - 0x0000028829c44000 	C:\Users\woelflenico\.javacpp\cache\javacpp-1.5.5-windows-x86_64.jar\org\bytedeco\javacpp\windows-x86_64\api-ms-win-crt-string-l1-1-0.dll
0x0000028829c50000 - 0x0000028829c54000 	C:\Users\woelflenico\.javacpp\cache\javacpp-1.5.5-windows-x86_64.jar\org\bytedeco\javacpp\windows-x86_64\api-ms-win-crt-stdio-l1-1-0.dll
0x0000028829c60000 - 0x0000028829c65000 	C:\Users\woelflenico\.javacpp\cache\javacpp-1.5.5-windows-x86_64.jar\org\bytedeco\javacpp\windows-x86_64\api-ms-win-crt-math-l1-1-0.dll
0x0000028829c70000 - 0x0000028829c73000 	C:\Users\woelflenico\.javacpp\cache\javacpp-1.5.5-windows-x86_64.jar\org\bytedeco\javacpp\windows-x86_64\api-ms-win-crt-heap-l1-1-0.dll
0x0000028829c80000 - 0x0000028829c84000 	C:\Users\woelflenico\.javacpp\cache\javacpp-1.5.5-windows-x86_64.jar\org\bytedeco\javacpp\windows-x86_64\api-ms-win-crt-runtime-l1-1-0.dll
0x0000028829c90000 - 0x0000028829c94000 	C:\Users\woelflenico\.javacpp\cache\javacpp-1.5.5-windows-x86_64.jar\org\bytedeco\javacpp\windows-x86_64\api-ms-win-crt-convert-l1-1-0.dll
0x0000028829ca0000 - 0x0000028829ca3000 	C:\Users\woelflenico\.javacpp\cache\javacpp-1.5.5-windows-x86_64.jar\org\bytedeco\javacpp\windows-x86_64\api-ms-win-crt-environment-l1-1-0.dll
0x0000028829cb0000 - 0x0000028829cb3000 	C:\Users\woelflenico\.javacpp\cache\javacpp-1.5.5-windows-x86_64.jar\org\bytedeco\javacpp\windows-x86_64\api-ms-win-crt-time-l1-1-0.dll
0x0000028829cc0000 - 0x0000028829cc3000 	C:\Users\woelflenico\.javacpp\cache\javacpp-1.5.5-windows-x86_64.jar\org\bytedeco\javacpp\windows-x86_64\api-ms-win-crt-filesystem-l1-1-0.dll
0x000002882b160000 - 0x000002882b163000 	C:\Users\woelflenico\.javacpp\cache\javacpp-1.5.5-windows-x86_64.jar\org\bytedeco\javacpp\windows-x86_64\api-ms-win-crt-utility-l1-1-0.dll
0x000002882b170000 - 0x000002882b175000 	C:\Users\woelflenico\.javacpp\cache\javacpp-1.5.5-windows-x86_64.jar\org\bytedeco\javacpp\windows-x86_64\api-ms-win-crt-multibyte-l1-1-0.dll
0x000002882b180000 - 0x000002882b183000 	C:\Users\woelflenico\.javacpp\cache\javacpp-1.5.5-windows-x86_64.jar\org\bytedeco\javacpp\windows-x86_64\api-ms-win-core-string-l1-1-0.dll
0x000002882b190000 - 0x000002882b193000 	C:\Users\woelflenico\.javacpp\cache\javacpp-1.5.5-windows-x86_64.jar\org\bytedeco\javacpp\windows-x86_64\api-ms-win-core-errorhandling-l1-1-0.dll
0x000002882b1a0000 - 0x000002882b1a3000 	C:\Users\woelflenico\.javacpp\cache\javacpp-1.5.5-windows-x86_64.jar\org\bytedeco\javacpp\windows-x86_64\api-ms-win-core-timezone-l1-1-0.dll
0x000002882b1b0000 - 0x000002882b1b4000 	C:\Users\woelflenico\.javacpp\cache\javacpp-1.5.5-windows-x86_64.jar\org\bytedeco\javacpp\windows-x86_64\api-ms-win-core-file-l1-1-0.dll
0x000002882b1c0000 - 0x000002882b1c3000 	C:\Users\woelflenico\.javacpp\cache\javacpp-1.5.5-windows-x86_64.jar\org\bytedeco\javacpp\windows-x86_64\api-ms-win-core-namedpipe-l1-1-0.dll
0x000002882b1d0000 - 0x000002882b1d3000 	C:\Users\woelflenico\.javacpp\cache\javacpp-1.5.5-windows-x86_64.jar\org\bytedeco\javacpp\windows-x86_64\api-ms-win-core-handle-l1-1-0.dll
0x000002882b1e0000 - 0x000002882b1e3000 	C:\Users\woelflenico\.javacpp\cache\javacpp-1.5.5-windows-x86_64.jar\org\bytedeco\javacpp\windows-x86_64\api-ms-win-core-file-l2-1-0.dll
0x000002882b1f0000 - 0x000002882b1f3000 	C:\Users\woelflenico\.javacpp\cache\javacpp-1.5.5-windows-x86_64.jar\org\bytedeco\javacpp\windows-x86_64\api-ms-win-core-heap-l1-1-0.dll
0x000002882b200000 - 0x000002882b203000 	C:\Users\woelflenico\.javacpp\cache\javacpp-1.5.5-windows-x86_64.jar\org\bytedeco\javacpp\windows-x86_64\api-ms-win-core-libraryloader-l1-1-0.dll
0x000002882b210000 - 0x000002882b213000 	C:\Users\woelflenico\.javacpp\cache\javacpp-1.5.5-windows-x86_64.jar\org\bytedeco\javacpp\windows-x86_64\api-ms-win-core-synch-l1-1-0.dll
0x000002882b220000 - 0x000002882b223000 	C:\Users\woelflenico\.javacpp\cache\javacpp-1.5.5-windows-x86_64.jar\org\bytedeco\javacpp\windows-x86_64\api-ms-win-core-processthreads-l1-1-0.dll

dbghelp: loaded successfully - version: 4.0.5 - missing functions: none
symbol engine: initialized successfully - sym options: 0x614 - pdb path: .;C:\Users\woelflenico\.jdks\openjdk-22.0.1\bin;C:\WINDOWS\SYSTEM32;C:\WINDOWS\WinSxS\amd64_microsoft.windows.common-controls_6595b64144ccf1df_6.0.19041.4355_none_60b8b9eb71f62e16;C:\Users\woelflenico\.jdks\openjdk-22.0.1\bin\server;D:\IntelliJ\IntelliJ IDEA 2024.1\bin;C:\Users\woelflenico\AppData\Local\Temp;C:\Users\woelflenico\.javacpp\cache\javacpp-1.5.5-windows-x86_64.jar\org\bytedeco\javacpp\windows-x86_64

VM Arguments:
jvm_args: -javaagent:D:\IntelliJ\IntelliJ IDEA 2024.1\lib\idea_rt.jar=60450:D:\IntelliJ\IntelliJ IDEA 2024.1\bin -Dfile.encoding=UTF-8 -Dsun.stdout.encoding=UTF-8 -Dsun.stderr.encoding=UTF-8 
java_command: org.example.App 3
java_class_path (initial): D:\webrptcJava\target\classes;C:\Users\woelflenico\.m2\repository\org\bytedeco\javacv-platform\1.5.5\javacv-platform-1.5.5.jar;C:\Users\woelflenico\.m2\repository\org\bytedeco\javacv\1.5.5\javacv-1.5.5.jar;C:\Users\woelflenico\.m2\repository\org\bytedeco\javacpp\1.5.5\javacpp-1.5.5.jar;C:\Users\woelflenico\.m2\repository\org\bytedeco\openblas\0.3.13-1.5.5\openblas-0.3.13-1.5.5.jar;C:\Users\woelflenico\.m2\repository\org\bytedeco\opencv\4.5.1-1.5.5\opencv-4.5.1-1.5.5.jar;C:\Users\woelflenico\.m2\repository\org\bytedeco\ffmpeg\4.3.2-1.5.5\ffmpeg-4.3.2-1.5.5.jar;C:\Users\woelflenico\.m2\repository\org\bytedeco\flycapture\2.13.3.31-1.5.5\flycapture-2.13.3.31-1.5.5.jar;C:\Users\woelflenico\.m2\repository\org\bytedeco\libdc1394\2.2.6-1.5.5\libdc1394-2.2.6-1.5.5.jar;C:\Users\woelflenico\.m2\repository\org\bytedeco\libfreenect\0.5.7-1.5.5\libfreenect-0.5.7-1.5.5.jar;C:\Users\woelflenico\.m2\repository\org\bytedeco\libfreenect2\0.2.0-1.5.5\libfreenect2-0.2.0-1.5.5.jar;C:\Users\woelflenico\.m2\repository\org\bytedeco\librealsense\1.12.4-1.5.5\librealsense-1.12.4-1.5.5.jar;C:\Users\woelflenico\.m2\repository\org\bytedeco\librealsense2\2.40.0-1.5.5\librealsense2-2.40.0-1.5.5.jar;C:\Users\woelflenico\.m2\repository\org\bytedeco\videoinput\0.200-1.5.5\videoinput-0.200-1.5.5.jar;C:\Users\woelflenico\.m2\repository\org\bytedeco\artoolkitplus\2.3.1-1.5.5\artoolkitplus-2.3.1-1.5.5.jar;C:\Users\woelflenico\.m2\repository\org\bytedeco\flandmark\1.07-1.5.5\flandmark-1.07-1.5.5.jar;C:\Users\woelflenico\.m2\repository\org\bytedeco\leptonica\1.80.0-1.5.5\leptonica-1.80.0-1.5.5.jar;C:\Users\woelflenico\.m2\repository\org\bytedeco\tesseract\4.1.1-1.5.5\tesseract-4.1.1-1.5.5.jar;C:\Users\woelflenico\.m2\repository\org\bytedeco\openblas-platform\0.3.13-1.5.5\openblas-platform-0.3.13-1.5.5.jar;C:\Users\woelflenico\.m2\repository\org\bytedeco\javacpp-platform\1.5.5\javacpp-platform-1.5.5.jar;C:\Users\woelflenico\.m2\repository\org\bytedeco\javacpp\1.5.5\javacpp-1.5.5-android-arm.jar;C:\Users\woelflenico\.m2\repository\org\bytedeco\javacpp\1.5.5\javacpp-1.5.5-android-arm64.jar;C:\Users\woelflenico\.m2\repository\org\bytedeco\javacpp\1.5.5\javacpp-1.5.5-android-x86.jar;C:\Users\woelflenico\.m2\repository\org\bytedeco\javacpp\1.5.5\javacpp-1.5.5-android-x86_64.jar;C:\Users\woelflenico\.m2\repository\org\bytedeco\javacpp\1.5.5\javacpp-1.5.5-ios-arm64.jar;C:\Users\woelflenico\.m2\repository\org\bytedeco\javacpp\1.5.5\javacpp-1.5.5-ios-x86_64.jar;C:\Users\woelflenico\.m2\repository\org\bytedeco\javacpp\1.5.5\javacpp-1.5.5-linux-armhf.jar;C:\Users\woelflenico\.m2\repository\org\bytedeco\javacpp\1.5.5\javacpp-1.5.5-linux-arm64.jar;C:\Users\woelflenico\.m2\repository\org\bytedeco\javacpp\1.5.5\javacpp-1.5.5-linux-ppc64le.jar;C:\Users\woelflenico\.m2\repository\org\bytedeco\javacpp\1.5.5\javacpp-1.5.5-linux-x86.jar;C:\Users\woelflenico\.m2\repository\org\bytedeco\javacpp\1.5.5\javacpp-1.5.5-linux-x86_64.jar;C:\Users\woelflenico\.m2\repository\org\bytedeco\javacpp\1.5.5\javacpp-1.5.5-macosx-arm64.jar;C:\Users\woelflenico\.m2\repository\org\bytedeco\javacpp\1.5.5\javacpp-1.5.5-macosx-x86_64.jar;C:\Users\woelflenico\.m2\repository\org\bytedeco\javacpp\1.5.5\javacpp-1.5.5-windows-x86.jar;C:\Users\woelflenico\.m2\repository\org\bytedeco\javacpp\1.5.5\javacpp-1.5.5-windows-x86_64.jar;C:\Users\woelflenico\.m2\repository\org\bytedeco\openblas\0.3.13-1.5.5\openblas-0.3.13-1.5.5-android-arm.jar;C:\Users\woelflenico\.m2\repository\org\bytedeco\openblas\0.3.13-1.5.5\openblas-0.3.13-1.5.5-android-arm64.jar;C:\Users\woelflenico\.m2\repository\org\bytedeco\openblas\0.3.13-1.5.5\openblas-0.3.13-1.5.5-android-x86.jar;C:\Users\woelflenico\.m2\repository\org\bytedeco\openblas\0.3.13-1.5.5\openblas-0.3.13-1.5.5-android-x86_64.jar;C:\Users\woelflenico\.m2\repository\org\bytedeco\openblas\0.3.13-1.5.5\openblas-0.3.13-1.5.5-ios-arm64.jar;C:\Users\woelflenico\.m2\repository\org\bytedeco\openblas\0.3.13-1.5.5\openblas-0.3.13-1.5.5-ios-x86_64.jar;C:\Users\woelflenico\.m2\repository\org\bytedeco\openblas\0.3.13-1.5.5\openblas-0.3.13-1.5.5-linux-x86.jar;C:\Users\woelflenico\.m2\repository\org\bytedeco\openblas\0.3.13-1.5.5\openblas-0.3.13-1.5.5-linux-x86_64.jar;C:\Users\woelflenico\.m2\repository\org\bytedeco\openblas\0.3.13-1.5.5\openblas-0.3.13-1.5.5-linux-armhf.jar;C:\Users\woelflenico\.m2\repository\org\bytedeco\openblas\0.3.13-1.5.5\openblas-0.3.13-1.5.5-linux-arm64.jar;C:\Users\woelflenico\.m2\repository\org\bytedeco\openblas\0.3.13-1.5.5\openblas-0.3.13-1.5.5-linux-ppc64le.jar;C:\Users\woelflenico\.m2\repository\org\bytedeco\openblas\0.3.13-1.5.5\openblas-0.3.13-1.5.5-macosx-x86_64.jar;C:\Users\woelflenico\.m2\repository\org\bytedeco\openblas\0.3.13-1.5.5\openblas-0.3.13-1.5.5-windows-x86.jar;C:\Users\woelflenico\.m2\repository\org\bytedeco\openblas\0.3.13-1.5.5\openblas-0.3.13-1.5.5-windows-x86_64.jar;C:\Users\woelflenico\.m2\repository\org\bytedeco\opencv-platform\4.5.1-1.5.5\opencv-platform-4.5.1-1.5.5.jar;C:\Users\woelflenico\.m2\repository\org\bytedeco\opencv\4.5.1-1.5.5\opencv-4.5.1-1.5.5-android-arm.jar;C:\Users\woelflenico\.m2\repository\org\bytedeco\opencv\4.5.1-1.5.5\opencv-4.5.1-1.5.5-android-arm64.jar;C:\Users\woelflenico\.m2\repository\org\bytedeco\opencv\4.5.1-1.5.5\opencv-4.5.1-1.5.5-android-x86.jar;C:\Users\woelflenico\.m2\repository\org\bytedeco\opencv\4.5.1-1.5.5\opencv-4.5.1-1.5.5-android-x86_64.jar;C:\Users\woelflenico\.m2\repository\org\bytedeco\opencv\4.5.1-1.5.5\opencv-4.5.1-1.5.5-ios-arm64.jar;C:\Users\woelflenico\.m2\repository\org\bytedeco\opencv\4.5.1-1.5.5\opencv-4.5.1-1.5.5-ios-x86_64.jar;C:\Users\woelflenico\.m2\repository\org\bytedeco\opencv\4.5.1-1.5.5\opencv-4.5.1-1.5.5-linux-x86.jar;C:\Users\woelflenico\.m2\repository\org\bytedeco\opencv\4.5.1-1.5.5\opencv-4.5.1-1.5.5-linux-x86_64.jar;C:\Users\woelflenico\.m2\repository\org\bytedeco\opencv\4.5.1-1.5.5\opencv-4.5.1-1.5.5-linux-armhf.jar;C:\Users\woelflenico\.m2\repository\org\bytedeco\opencv\4.5.1-1.5.5\opencv-4.5.1-1.5.5-linux-arm64.jar;C:\Users\woelflenico\.m2\repository\org\bytedeco\opencv\4.5.1-1.5.5\opencv-4.5.1-1.5.5-linux-ppc64le.jar;C:\Users\woelflenico\.m2\repository\org\bytedeco\opencv\4.5.1-1.5.5\opencv-4.5.1-1.5.5-macosx-x86_64.jar;C:\Users\woelflenico\.m2\repository\org\bytedeco\opencv\4.5.1-1.5.5\opencv-4.5.1-1.5.5-windows-x86.jar;C:\Users\woelflenico\.m2\repository\org\bytedeco\opencv\4.5.1-1.5.5\opencv-4.5.1-1.5.5-windows-x86_64.jar;C:\Users\woelflenico\.m2\repository\org\bytedeco\ffmpeg-platform\4.3.2-1.5.5\ffmpeg-platform-4.3.2-1.5.5.jar;C:\Users\woelflenico\.m2\repository\org\bytedeco\ffmpeg\4.3.2-1.5.5\ffmpeg-4.3.2-1.5.5-android-arm.jar;C:\Users\woelflenico\.m2\repository\org\bytedeco\ffmpeg\4.3.2-1.5.5\ffmpeg-4.3.2-1.5.5-android-arm64.jar;C:\Users\woelflenico\.m2\repository\org\bytedeco\ffmpeg\4.3.2-1.5.5\ffmpeg-4.3.2-1.5.5-android-x86.jar;C:\Users\woelflenico\.m2\repository\org\bytedeco\ffmpeg\4.3.2-1.5.5\ffmpeg-4.3.2-1.5.5-android-x86_64.jar;C:\Users\woelflenico\.m2\repository\org\bytedeco\ffmpeg\4.3.2-1.5.5\ffmpeg-4.3.2-1.5.5-linux-x86.jar;C:\Users\woelflenico\.m2\repository\org\bytedeco\ffmpeg\4.3.2-1.5.5\ffmpeg-4.3.2-1.5.5-linux-x86_64.jar;C:\Users\woelflenico\.m2\repository\org\bytedeco\ffmpeg\4.3.2-1.5.5\ffmpeg-4.3.2-1.5.5-linux-armhf.jar;C:\Users\woelflenico\.m2\repository\org\bytedeco\ffmpeg\4.3.2-1.5.5\ffmpeg-4.3.2-1.5.5-linux-arm64.jar;C:\Users\woelflenico\.m2\repository\org\bytedeco\ffmpeg\4.3.2-1.5.5\ffmpeg-4.3.2-1.5.5-linux-ppc64le.jar;C:\Users\woelflenico\.m2\repository\org\bytedeco\ffmpeg\4.3.2-1.5.5\ffmpeg-4.3.2-1.5.5-macosx-x86_64.jar;C:\Users\woelflenico\.m2\repository\org\bytedeco\ffmpeg\4.3.2-1.5.5\ffmpeg-4.3.2-1.5.5-windows-x86.jar;C:\Users\woelflenico\.m2\repository\org\bytedeco\ffmpeg\4.3.2-1.5.5\ffmpeg-4.3.2-1.5.5-windows-x86_64.jar;C:\Users\woelflenico\.m2\repository\org\bytedeco\flycapture-platform\2.13.3.31-1.5.5\flycapture-platform-2.13.3.31-1.5.5.jar;C:\Users\woelflenico\.m2\repository\org\bytedeco\flycapture\2.13.3.31-1.5.5\flycapture-2.13.3.31-1.5.5-linux-x86.jar;C:\Users\woelflenico\.m2\repository\org\bytedeco\flycapture\2.13.3.31-1.5.5\flycapture-2.13.3.31-1.5.5-linux-x86_64.jar;C:\Users\woelflenico\.m2\repository\org\bytedeco\flycapture\2.13.3.31-1.5.5\flycapture-2.13.3.31-1.5.5-linux-armhf.jar;C:\Users\woelflenico\.m2\repository\org\bytedeco\flycapture\2.13.3.31-1.5.5\flycapture-2.13.3.31-1.5.5-linux-arm64.jar;C:\Users\woelflenico\.m2\repository\org\bytedeco\flycapture\2.13.3.31-1.5.5\flycapture-2.13.3.31-1.5.5-windows-x86.jar;C:\Users\woelflenico\.m2\repository\org\bytedeco\flycapture\2.13.3.31-1.5.5\flycapture-2.13.3.31-1.5.5-windows-x86_64.jar;C:\Users\woelflenico\.m2\repository\org\bytedeco\libdc1394-platform\2.2.6-1.5.5\libdc1394-platform-2.2.6-1.5.5.jar;C:\Users\woelflenico\.m2\repository\org\bytedeco\libdc1394\2.2.6-1.5.5\libdc1394-2.2.6-1.5.5-linux-x86.jar;C:\Users\woelflenico\.m2\repository\org\bytedeco\libdc1394\2.2.6-1.5.5\libdc1394-2.2.6-1.5.5-linux-x86_64.jar;C:\Users\woelflenico\.m2\repository\org\bytedeco\libdc1394\2.2.6-1.5.5\libdc1394-2.2.6-1.5.5-linux-armhf.jar;C:\Users\woelflenico\.m2\repository\org\bytedeco\libdc1394\2.2.6-1.5.5\libdc1394-2.2.6-1.5.5-linux-arm64.jar;C:\Users\woelflenico\.m2\repository\org\bytedeco\libdc1394\2.2.6-1.5.5\libdc1394-2.2.6-1.5.5-linux-ppc64le.jar;C:\Users\woelflenico\.m2\repository\org\bytedeco\libdc1394\2.2.6-1.5.5\libdc1394-2.2.6-1.5.5-macosx-x86_64.jar;C:\Users\woelflenico\.m2\repository\org\bytedeco\libdc1394\2.2.6-1.5.5\libdc1394-2.2.6-1.5.5-windows-x86.jar;C:\Users\woelflenico\.m2\repository\org\bytedeco\libdc1394\2.2.6-1.5.5\libdc1394-2.2.6-1.5.5-windows-x86_64.jar;C:\Users\woelflenico\.m2\repository\org\bytedeco\libfreenect-platform\0.5.7-1.5.5\libfreenect-platform-0.5.7-1.5.5.jar;C:\Users\woelflenico\.m2\repository\org\bytedeco\libfreenect\0.5.7-1.5.5\libfreenect-0.5.7-1.5.5-linux-x86.jar;C:\Users\woelflenico\.m2\repository\org\bytedeco\libfreenect\0.5.7-1.5.5\libfreenect-0.5.7-1.5.5-linux-x86_64.jar;C:\Users\woelflenico\.m2\repository\org\bytedeco\libfreenect\0.5.7-1.5.5\libfreenect-0.5.7-1.5.5-linux-armhf.jar;C:\Users\woelflenico\.m2\repository\org\bytedeco\libfreenect\0.5.7-1.5.5\libfreenect-0.5.7-1.5.5-linux-arm64.jar;C:\Users\woelflenico\.m2\repository\org\bytedeco\libfreenect\0.5.7-1.5.5\libfreenect-0.5.7-1.5.5-linux-ppc64le.jar;C:\Users\woelflenico\.m2\repository\org\bytedeco\libfreenect\0.5.7-1.5.5\libfreenect-0.5.7-1.5.5-macosx-x86_64.jar;C:\Users\woelflenico\.m2\repository\org\bytedeco\libfreenect\0.5.7-1.5.5\libfreenect-0.5.7-1.5.5-windows-x86.jar;C:\Users\woelflenico\.m2\repository\org\bytedeco\libfreenect\0.5.7-1.5.5\libfreenect-0.5.7-1.5.5-windows-x86_64.jar;C:\Users\woelflenico\.m2\repository\org\bytedeco\libfreenect2-platform\0.2.0-1.5.5\libfreenect2-platform-0.2.0-1.5.5.jar;C:\Users\woelflenico\.m2\repository\org\bytedeco\libfreenect2\0.2.0-1.5.5\libfreenect2-0.2.0-1.5.5-linux-x86.jar;C:\Users\woelflenico\.m2\repository\org\bytedeco\libfreenect2\0.2.0-1.5.5\libfreenect2-0.2.0-1.5.5-linux-x86_64.jar;C:\Users\woelflenico\.m2\repository\org\bytedeco\libfreenect2\0.2.0-1.5.5\libfreenect2-0.2.0-1.5.5-macosx-x86_64.jar;C:\Users\woelflenico\.m2\repository\org\bytedeco\libfreenect2\0.2.0-1.5.5\libfreenect2-0.2.0-1.5.5-windows-x86_64.jar;C:\Users\woelflenico\.m2\repository\org\bytedeco\librealsense-platform\1.12.4-1.5.5\librealsense-platform-1.12.4-1.5.5.jar;C:\Users\woelflenico\.m2\repository\org\bytedeco\librealsense\1.12.4-1.5.5\librealsense-1.12.4-1.5.5-linux-armhf.jar;C:\Users\woelflenico\.m2\repository\org\bytedeco\librealsense\1.12.4-1.5.5\librealsense-1.12.4-1.5.5-linux-arm64.jar;C:\Users\woelflenico\.m2\repository\org\bytedeco\librealsense\1.12.4-1.5.5\librealsense-1.12.4-1.5.5-linux-x86.jar;C:\Users\woelflenico\.m2\repository\org\bytedeco\librealsense\1.12.4-1.5.5\librealsense-1.12.4-1.5.5-linux-x86_64.jar;C:\Users\woelflenico\.m2\repository\org\bytedeco\librealsense\1.12.4-1.5.5\librealsense-1.12.4-1.5.5-macosx-x86_64.jar;C:\Users\woelflenico\.m2\repository\org\bytedeco\librealsense\1.12.4-1.5.5\librealsense-1.12.4-1.5.5-windows-x86.jar;C:\Users\woelflenico\.m2\repository\org\bytedeco\librealsense\1.12.4-1.5.5\librealsense-1.12.4-1.5.5-windows-x86_64.jar;C:\Users\woelflenico\.m2\repository\org\bytedeco\librealsense2-platform\2.40.0-1.5.5\librealsense2-platform-2.40.0-1.5.5.jar;C:\Users\woelflenico\.m2\repository\org\bytedeco\librealsense2\2.40.0-1.5.5\librealsense2-2.40.0-1.5.5-linux-armhf.jar;C:\Users\woelflenico\.m2\repository\org\bytedeco\librealsense2\2.40.0-1.5.5\librealsense2-2.40.0-1.5.5-linux-arm64.jar;C:\Users\woelflenico\.m2\repository\org\bytedeco\librealsense2\2.40.0-1.5.5\librealsense2-2.40.0-1.5.5-linux-x86.jar;C:\Users\woelflenico\.m2\repository\org\bytedeco\librealsense2\2.40.0-1.5.5\librealsense2-2.40.0-1.5.5-linux-x86_64.jar;C:\Users\woelflenico\.m2\repository\org\bytedeco\librealsense2\2.40.0-1.5.5\librealsense2-2.40.0-1.5.5-macosx-x86_64.jar;C:\Users\woelflenico\.m2\repository\org\bytedeco\librealsense2\2.40.0-1.5.5\librealsense2-2.40.0-1.5.5-windows-x86.jar;C:\Users\woelflenico\.m2\repository\org\bytedeco\librealsense2\2.40.0-1.5.5\librealsense2-2.40.0-1.5.5-windows-x86_64.jar;C:\Users\woelflenico\.m2\repository\org\bytedeco\videoinput-platform\0.200-1.5.5\videoinput-platform-0.200-1.5.5.jar;C:\Users\woelflenico\.m2\repository\org\bytedeco\videoinput\0.200-1.5.5\videoinput-0.200-1.5.5-windows-x86.jar;C:\Users\woelflenico\.m2\repository\org\bytedeco\videoinput\0.200-1.5.5\videoinput-0.200-1.5.5-windows-x86_64.jar;C:\Users\woelflenico\.m2\repository\org\bytedeco\artoolkitplus-platform\2.3.1-1.5.5\artoolkitplus-platform-2.3.1-1.5.5.jar;C:\Users\woelflenico\.m2\repository\org\bytedeco\artoolkitplus\2.3.1-1.5.5\artoolkitplus-2.3.1-1.5.5-android-arm.jar;C:\Users\woelflenico\.m2\repository\org\bytedeco\artoolkitplus\2.3.1-1.5.5\artoolkitplus-2.3.1-1.5.5-android-arm64.jar;C:\Users\woelflenico\.m2\repository\org\bytedeco\artoolkitplus\2.3.1-1.5.5\artoolkitplus-2.3.1-1.5.5-android-x86.jar;C:\Users\woelflenico\.m2\repository\org\bytedeco\artoolkitplus\2.3.1-1.5.5\artoolkitplus-2.3.1-1.5.5-android-x86_64.jar;C:\Users\woelflenico\.m2\repository\org\bytedeco\artoolkitplus\2.3.1-1.5.5\artoolkitplus-2.3.1-1.5.5-linux-x86.jar;C:\Users\woelflenico\.m2\repository\org\bytedeco\artoolkitplus\2.3.1-1.5.5\artoolkitplus-2.3.1-1.5.5-linux-x86_64.jar;C:\Users\woelflenico\.m2\repository\org\bytedeco\artoolkitplus\2.3.1-1.5.5\artoolkitplus-2.3.1-1.5.5-linux-armhf.jar;C:\Users\woelflenico\.m2\repository\org\bytedeco\artoolkitplus\2.3.1-1.5.5\artoolkitplus-2.3.1-1.5.5-linux-arm64.jar;C:\Users\woelflenico\.m2\repository\org\bytedeco\artoolkitplus\2.3.1-1.5.5\artoolkitplus-2.3.1-1.5.5-linux-ppc64le.jar;C:\Users\woelflenico\.m2\repository\org\bytedeco\artoolkitplus\2.3.1-1.5.5\artoolkitplus-2.3.1-1.5.5-macosx-x86_64.jar;C:\Users\woelflenico\.m2\repository\org\bytedeco\artoolkitplus\2.3.1-1.5.5\artoolkitplus-2.3.1-1.5.5-windows-x86.jar;C:\Users\woelflenico\.m2\repository\org\bytedeco\artoolkitplus\2.3.1-1.5.5\artoolkitplus-2.3.1-1.5.5-windows-x86_64.jar;C:\Users\woelflenico\.m2\repository\org\bytedeco\flandmark-platform\1.07-1.5.5\flandmark-platform-1.07-1.5.5.jar;C:\Users\woelflenico\.m2\repository\org\bytedeco\flandmark\1.07-1.5.5\flandmark-1.07-1.5.5-android-arm.jar;C:\Users\woelflenico\.m2\repository\org\bytedeco\flandmark\1.07-1.5.5\flandmark-1.07-1.5.5-android-arm64.jar;C:\Users\woelflenico\.m2\repository\org\bytedeco\flandmark\1.07-1.5.5\flandmark-1.07-1.5.5-android-x86.jar;C:\Users\woelflenico\.m2\repository\org\bytedeco\flandmark\1.07-1.5.5\flandmark-1.07-1.5.5-android-x86_64.jar;C:\Users\woelflenico\.m2\repository\org\bytedeco\flandmark\1.07-1.5.5\flandmark-1.07-1.5.5-linux-x86.jar;C:\Users\woelflenico\.m2\repository\org\bytedeco\flandmark\1.07-1.5.5\flandmark-1.07-1.5.5-linux-x86_64.jar;C:\Users\woelflenico\.m2\repository\org\bytedeco\flandmark\1.07-1.5.5\flandmark-1.07-1.5.5-linux-armhf.jar;C:\Users\woelflenico\.m2\repository\org\bytedeco\flandmark\1.07-1.5.5\flandmark-1.07-1.5.5-linux-arm64.jar;C:\Users\woelflenico\.m2\repository\org\bytedeco\flandmark\1.07-1.5.5\flandmark-1.07-1.5.5-linux-ppc64le.jar;C:\Users\woelflenico\.m2\repository\org\bytedeco\flandmark\1.07-1.5.5\flandmark-1.07-1.5.5-macosx-x86_64.jar;C:\Users\woelflenico\.m2\repository\org\bytedeco\flandmark\1.07-1.5.5\flandmark-1.07-1.5.5-windows-x86.jar;C:\Users\woelflenico\.m2\repository\org\bytedeco\flandmark\1.07-1.5.5\flandmark-1.07-1.5.5-windows-x86_64.jar;C:\Users\woelflenico\.m2\repository\org\bytedeco\leptonica-platform\1.80.0-1.5.5\leptonica-platform-1.80.0-1.5.5.jar;C:\Users\woelflenico\.m2\repository\org\bytedeco\leptonica\1.80.0-1.5.5\leptonica-1.80.0-1.5.5-android-arm.jar;C:\Users\woelflenico\.m2\repository\org\bytedeco\leptonica\1.80.0-1.5.5\leptonica-1.80.0-1.5.5-android-arm64.jar;C:\Users\woelflenico\.m2\repository\org\bytedeco\leptonica\1.80.0-1.5.5\leptonica-1.80.0-1.5.5-android-x86.jar;C:\Users\woelflenico\.m2\repository\org\bytedeco\leptonica\1.80.0-1.5.5\leptonica-1.80.0-1.5.5-android-x86_64.jar;C:\Users\woelflenico\.m2\repository\org\bytedeco\leptonica\1.80.0-1.5.5\leptonica-1.80.0-1.5.5-linux-x86.jar;C:\Users\woelflenico\.m2\repository\org\bytedeco\leptonica\1.80.0-1.5.5\leptonica-1.80.0-1.5.5-linux-x86_64.jar;C:\Users\woelflenico\.m2\repository\org\bytedeco\leptonica\1.80.0-1.5.5\leptonica-1.80.0-1.5.5-linux-armhf.jar;C:\Users\woelflenico\.m2\repository\org\bytedeco\leptonica\1.80.0-1.5.5\leptonica-1.80.0-1.5.5-linux-arm64.jar;C:\Users\woelflenico\.m2\repository\org\bytedeco\leptonica\1.80.0-1.5.5\leptonica-1.80.0-1.5.5-linux-ppc64le.jar;C:\Users\woelflenico\.m2\repository\org\bytedeco\leptonica\1.80.0-1.5.5\leptonica-1.80.0-1.5.5-macosx-x86_64.jar;C:\Users\woelflenico\.m2\repository\org\bytedeco\leptonica\1.80.0-1.5.5\leptonica-1.80.0-1.5.5-windows-x86.jar;C:\Users\woelflenico\.m2\repository\org\bytedeco\leptonica\1.80.0-1.5.5\leptonica-1.80.0-1.5.5-windows-x86_64.jar;C:\Users\woelflenico\.m2\repository\org\bytedeco\tesseract-platform\4.1.1-1.5.5\tesseract-platform-4.1.1-1.5.5.jar;C:\Users\woelflenico\.m2\repository\org\bytedeco\tesseract\4.1.1-1.5.5\tesseract-4.1.1-1.5.5-android-arm.jar;C:\Users\woelflenico\.m2\repository\org\bytedeco\tesseract\4.1.1-1.5.5\tesseract-4.1.1-1.5.5-android-arm64.jar;C:\Users\woelflenico\.m2\repository\org\bytedeco\tesseract\4.1.1-1.5.5\tesseract-4.1.1-1.5.5-android-x86.jar;C:\Users\woelflenico\.m2\repository\org\bytedeco\tesseract\4.1.1-1.5.5\tesseract-4.1.1-1.5.5-android-x86_64.jar;C:\Users\woelflenico\.m2\repository\org\bytedeco\tesseract\4.1.1-1.5.5\tesseract-4.1.1-1.5.5-linux-x86.jar;C:\Users\woelflenico\.m2\repository\org\bytedeco\tesseract\4.1.1-1.5.5\tesseract-4.1.1-1.5.5-linux-x86_64.jar;C:\Users\woelflenico\.m2\repository\org\bytedeco\tesseract\4.1.1-1.5.5\tesseract-4.1.1-1.5.5-linux-armhf.jar;C:\Users\woelflenico\.m2\repository\org\bytedeco\tesseract\4.1.1-1.5.5\tesseract-4.1.1-1.5.5-linux-arm64.jar;C:\Users\woelflenico\.m2\repository\org\bytedeco\tesseract\4.1.1-1.5.5\tesseract-4.1.1-1.5.5-linux-ppc64le.jar;C:\Users\woelflenico\.m2\repository\org\bytedeco\tesseract\4.1.1-1.5.5\tesseract-4.1.1-1.5.5-macosx-x86_64.jar;C:\Users\woelflenico\.m2\repository\org\bytedeco\tesseract\4.1.1-1.5.5\tesseract-4.1.1-1.5.5-windows-x86.jar;C:\Users\woelflenico\.m2\repository\org\bytedeco\tesseract\4.1.1-1.5.5\tesseract-4.1.1-1.5.5-windows-x86_64.jar;C:\Users\woelflenico\.m2\repository\dev\onvoid\webrtc\webrtc-java\0.8.0\webrtc-java-0.8.0.jar;C:\Users\woelflenico\.m2\repository\dev\onvoid\webrtc\webrtc-java\0.8.0\webrtc-java-0.8.0-windows-x86_64.jar;C:\Users\woelflenico\.m2\repository\io\github\givimad\whisper-jni\1.5.4-0\whisper-jni-1.5.4-0.jar;C:\Users\woelflenico\.m2\repository\com\github\sarxos\webcam-capture\0.3.12\webcam-capture-0.3.12.jar;C:\Users\woelflenico\.m2\repository\com\nativelibs4java\bridj\0.7.0\bridj-0.7.0.jar;C:\Users\woelflenico\.m2\repository\org\json\json\20240303\json-20240303.jar;C:\Users\woelflenico\.m2\repository\org\java-websocket\Java-WebSocket\1.5.6\Java-WebSocket-1.5.6.jar;C:\Users\woelflenico\.m2\repository\com\google\code\gson\gson\2.10.1\gson-2.10.1.jar;C:\Users\woelflenico\.m2\repository\com\fasterxml\jackson\core\jackson-databind\2.13.3\jackson-databind-2.13.3.jar;C:\Users\woelflenico\.m2\repository\com\fasterxml\jackson\core\jackson-annotations\2.13.3\jackson-annotations-2.13.3.jar;C:\Users\woelflenico\.m2\repository\com\fasterxml\jackson\core\jackson-core\2.13.3\jackson-core-2.13.3.jar;C:\Users\woelflenico\.m2\repository\org\slf4j\slf4j-api\2.0.13\slf4j-api-2.0.13.jar
Launcher Type: SUN_STANDARD

[Global flags]
     intx CICompilerCount                          = 3                                         {product} {ergonomic}
     uint ConcGCThreads                            = 2                                         {product} {ergonomic}
     uint G1ConcRefinementThreads                  = 6                                         {product} {ergonomic}
   size_t G1HeapRegionSize                         = 2097152                                   {product} {ergonomic}
   size_t InitialHeapSize                          = 266338304                                 {product} {ergonomic}
   size_t MarkStackSize                            = 4194304                                   {product} {ergonomic}
   size_t MaxHeapSize                              = 4229955584                                {product} {ergonomic}
   size_t MaxNewSize                               = 2537553920                                {product} {ergonomic}
   size_t MinHeapDeltaBytes                        = 2097152                                   {product} {ergonomic}
   size_t MinHeapSize                              = 8388608                                   {product} {ergonomic}
    uintx NonNMethodCodeHeapSize                   = 5832780                                {pd product} {ergonomic}
    uintx NonProfiledCodeHeapSize                  = 122912730                              {pd product} {ergonomic}
    uintx ProfiledCodeHeapSize                     = 122912730                              {pd product} {ergonomic}
    uintx ReservedCodeCacheSize                    = 251658240                              {pd product} {ergonomic}
     bool SegmentedCodeCache                       = true                                      {product} {ergonomic}
   size_t SoftMaxHeapSize                          = 4229955584                             {manageable} {ergonomic}
     bool UseCompressedOops                        = true                           {product lp64_product} {ergonomic}
     bool UseG1GC                                  = true                                      {product} {ergonomic}
     bool UseLargePagesIndividualAllocation        = false                                  {pd product} {ergonomic}

Logging:
Log output configuration:
 #0: stdout all=warning uptime,level,tags foldmultilines=false
 #1: stderr all=off uptime,level,tags foldmultilines=false

Environment Variables:
JAVA_HOME=C:\Program Files\Java\jdk-17.0.2
PATH=C:\Program Files\Common Files\Oracle\Java\javapath;C:\Program Files (x86)\Common Files\Oracle\Java\javapath;C:\Windows\system32;C:\Windows;C:\Windows\System32\Wbem;C:\Windows\System32\WindowsPowerShell\v1.0\;C:\Windows\System32\OpenSSH\;C:\Program Files\PuTTY\;C:\Program Files\Microsoft VS Code\bin;C:\Program Files\dotnet\;C:\Program Files\Microsoft SQL Server\Client SDK\ODBC\170\Tools\Binn\;C:\Program Files\Microsoft SQL Server\150\Tools\Binn\;C:\Program Files\Java\jdk-17.0.2\bin;C:\Program Files\Git\cmd;C:\Users\woelflenico\AppData\Local\Microsoft\WindowsApps;
USERNAME=woelflenico
OS=Windows_NT
PROCESSOR_IDENTIFIER=Intel64 Family 6 Model 158 Stepping 10, GenuineIntel
TMP=C:\Users\WOELFL~1\AppData\Local\Temp
TEMP=C:\Users\WOELFL~1\AppData\Local\Temp




Periodic native trim disabled

---------------  S Y S T E M  ---------------

OS:
 Windows 10 , 64 bit Build 19041 (10.0.19041.3636)
OS uptime: 0 days 0:38 hours
Hyper-V role detected

CPU: total 6 (initial active 6) (6 cores per cpu, 1 threads per core) family 6 model 158 stepping 10 microcode 0xb4, cx8, cmov, fxsr, mmx, 3dnowpref, sse, sse2, sse3, ssse3, sse4.1, sse4.2, popcnt, lzcnt, tsc, tscinvbit, avx, avx2, aes, erms, clmul, bmi1, bmi2, rtm, adx, fma, vzeroupper, clflush, clflushopt, hv, rdtscp, f16c
Processor Information for all 6 processors :
  Max Mhz: 3000, Current Mhz: 3000, Mhz Limit: 3000

Memory: 4k page, system-wide physical 16129M (7903M free)
TotalPageFile size 18561M (AvailPageFile size 8111M)
current process WorkingSet (physical memory assigned to process): 131M, peak: 131M
current process commit charge ("private bytes"): 374M, peak: 375M

vm_info: OpenJDK 64-Bit Server VM (22.0.1+8-16) for windows-amd64 JRE (22.0.1+8-16), built on 2024-03-12T10:33:16Z by "mach5one" with MS VC++ 17.6 (VS2022)

END.
