#
# A fatal error has been detected by the Java Runtime Environment:
#
#  EXCEPTION_ACCESS_VIOLATION (0xc0000005) at pc=0x00007ffd06829d62, pid=9372, tid=9932
#
# JRE version: OpenJDK Runtime Environment (22.0.1+8) (build 22.0.1+8-16)
# Java VM: OpenJDK 64-Bit Server VM (22.0.1+8-16, mixed mode, sharing, tiered, compressed oops, compressed class ptrs, g1 gc, windows-amd64)
# Problematic frame:
# V  [jvm.dll+0x369d62]
#
# No core dump will be written. Minidumps are not enabled by default on client versions of Windows
#
# If you would like to submit a bug report, please visit:
#   https://bugreport.java.com/bugreport/crash.jsp
#

---------------  S U M M A R Y ------------

Command Line: -javaagent:D:\IntelliJ\IntelliJ IDEA 2024.1\lib\idea_rt.jar=53911:D:\IntelliJ\IntelliJ IDEA 2024.1\bin -Dfile.encoding=UTF-8 -Dsun.stdout.encoding=UTF-8 -Dsun.stderr.encoding=UTF-8 org.example.App 5

Host: Intel(R) Core(TM) i5-8500 CPU @ 3.00GHz, 6 cores, 15G,  Windows 10 , 64 bit Build 19041 (10.0.19041.3636)
Time: Fri Jun 14 12:09:01 2024 Mitteleuropäische Sommerzeit elapsed time: 7.079287 seconds (0d 0h 0m 7s)

---------------  T H R E A D  ---------------

Current thread (0x000001aa46058700):  WorkerThread "GC Thread#2"    [id=9932, stack(0x000000a197000000,0x000000a197100000) (1024K)]

Stack: [0x000000a197000000,0x000000a197100000],  sp=0x000000a1970ff330,  free space=1020k
Native frames: (J=compiled Java code, j=interpreted, Vv=VM code, C=native code)
V  [jvm.dll+0x369d62]  (no source info available)
V  [jvm.dll+0x36a455]  (no source info available)
V  [jvm.dll+0x36a12b]  (no source info available)
V  [jvm.dll+0x372734]  (no source info available)
V  [jvm.dll+0x372a4b]  (no source info available)
V  [jvm.dll+0x8a4297]  (no source info available)
V  [jvm.dll+0x81d44b]  (no source info available)
V  [jvm.dll+0x6e0915]  (no source info available)
C  [ucrtbase.dll+0x21bb2]  (no source info available)
C  [KERNEL32.DLL+0x17344]  (no source info available)
C  [ntdll.dll+0x526b1]  (no source info available)


siginfo: EXCEPTION_ACCESS_VIOLATION (0xc0000005), reading address 0x000000000000e618


Registers:
RAX=0x0000000000000000, RBX=0x000001aa461f95f8, RCX=0x0000000000000015, RDX=0x000001aa55de38e0
RSP=0x000000a1970ff330, RBP=0x0000000000000001, RSI=0xffff000000000000, RDI=0x000001aa463f9d58
R8 =0x0000000711609f58, R9 =0x000001aa53be1723, R10=0x000000000000e618, R11=0x000000a1970ff2c0
R12=0x000001aa463f9d50, R13=0x000000a1962ff038, R14=0x000001aa461f9480, R15=0x0000000000000020
RIP=0x00007ffd06829d62, EFLAGS=0x0000000000010246


Register to memory mapping:

RAX=0x0 is null
RBX=0x000001aa461f95f8 points into unknown readable memory: 0x000000000000e618 | 18 e6 00 00 00 00 00 00
RCX=0x0000000000000015 is an unknown value
RDX=0x000001aa55de38e0 points into unknown readable memory: 0x00007ffd06eaed50 | 50 ed ea 06 fd 7f 00 00
RSP=0x000000a1970ff330 points into unknown readable memory: 0x000000000436886c | 6c 88 36 04 00 00 00 00
RBP=0x0000000000000001 is an unknown value
RSI=0xffff000000000000 is an unknown value
RDI=0x000001aa463f9d58 points into unknown readable memory: 0x00007ffd06eb84d0 | d0 84 eb 06 fd 7f 00 00
R8 =0x0000000711609f58 is pointing into object: [Ldev.onvoid.webrtc.RTCStatsType; 
{0x0000000711609f48} - klass: 'dev/onvoid/webrtc/RTCStatsType'[]
 - length: 19
R9 =0x000001aa53be1723 points into unknown readable memory: 00 00 00 00 00
R10=0x000000000000e618 is an unknown value
R11=0x000000a1970ff2c0 points into unknown readable memory: 0x0000000000000020 | 20 00 00 00 00 00 00 00
R12=0x000001aa463f9d50 points into unknown readable memory: 0x00007ffd06eb8518 | 18 85 eb 06 fd 7f 00 00
R13=0x000000a1962ff038 points into unknown readable memory: 0x000001aa53be6170 | 70 61 be 53 aa 01 00 00
R14=0x000001aa461f9480 points into unknown readable memory: 0x0000000711609ea0 | a0 9e 60 11 07 00 00 00
R15=0x0000000000000020 is an unknown value

Top of Stack: (sp=0x000000a1970ff330)
0x000000a1970ff330:   000000000436886c 00000004ee65fd5f
0x000000a1970ff340:   000000000436886c 00000004ee65fdbe
0x000000a1970ff350:   0000000000000004 00007ffd0682a455
0x000000a1970ff360:   000001aa463f9d58 0000000000000000
0x000000a1970ff370:   000001aa46000001 00007ffd06eb3530
0x000000a1970ff380:   0000000000000000 000000a1970ff400
0x000000a1970ff390:   0000000000000000 000001aa45bc5100
0x000000a1970ff3a0:   000000a1962fef30 00000004ee62a560
0x000000a1970ff3b0:   00007ffd06eb3440 000000000436886c
0x000000a1970ff3c0:   00000004ee65fdbe 00007ffd0000000b
0x000000a1970ff3d0:   000001aa45bc5100 0000000000000000
0x000000a1970ff3e0:   0000000000000000 0000000000000000
0x000000a1970ff3f0:   000001aa45000000 00007ffd068757ce
0x000000a1970ff400:   00007ffd06eb3440 0000000004361900
0x000000a1970ff410:   0000000000000000 0000000000000002
0x000000a1970ff420:   0000000000000000 0000caffcaf55b2e
0x000000a1970ff430:   0000000000000000 000001aa45189bb0
0x000000a1970ff440:   000001aa45bc5100 00000000000003d8
0x000000a1970ff450:   000001aa45189f98 000001aa463f9d50
0x000000a1970ff460:   000000a1962fef30 0000000000000000
0x000000a1970ff470:   000001aa4640f910 00007ffd0682a12b
0x000000a1970ff480:   000001aa4640f910 0000000000000000
0x000000a1970ff490:   000000a1962fef30 0000000000000000
0x000000a1970ff4a0:   0000000000000000 0000000000000008
0x000000a1970ff4b0:   0000000000000005 00007ffd06570000
0x000000a1970ff4c0:   0000000000000000 00007ffd06b94431
0x000000a1970ff4d0:   0000000000000008 00000000000000f8
0x000000a1970ff4e0:   0000000000000001 00007ffd0657bd5e
0x000000a1970ff4f0:   0000000000000005 00007ffd0657e836
0x000000a1970ff500:   0000000000000000 0000000000000008
0x000000a1970ff510:   00007ffd06eb3450 000000000436198f
0x000000a1970ff520:   00000004ede412af 0000000000000003 

Instructions: (pc=0x00007ffd06829d62)
0x00007ffd06829c62:   4b 10 48 8d 54 24 40 66 89 44 24 40 4c 8b c7 0f
0x00007ffd06829c72:   b6 44 24 3a 88 44 24 42 e8 71 0d ff ff 48 8b d0
0x00007ffd06829c82:   48 2b 15 4f 18 87 00 8b 0d 51 18 87 00 48 d3 ea
0x00007ffd06829c92:   89 16 eb 5e 3c fd 75 3b 41 8b 88 18 02 00 00 48
0x00007ffd06829ca2:   8b d7 49 8b 80 10 02 00 00 48 d3 e0 8b 0d 3c 9d
0x00007ffd06829cb2:   8d 00 48 2b d0 48 d3 ea 8b c2 48 8d 0c 40 49 8b
0x00007ffd06829cc2:   80 a8 05 00 00 80 7c 01 01 fd 75 17 c6 44 01 01
0x00007ffd06829cd2:   ff eb 10 3c fc 75 0c 48 8b 4b 10 48 8b d6 e8 4b
0x00007ffd06829ce2:   f1 ff ff 8b 53 18 4c 8b c7 48 8b 4b 28 e8 ac 2d
0x00007ffd06829cf2:   fb ff 48 8b 4b 10 e8 93 e6 fe ff 48 8b 7c 24 30
0x00007ffd06829d02:   48 8b 5c 24 48 48 83 c4 20 5e c3 cc cc cc 48 89
0x00007ffd06829d12:   5c 24 08 57 48 83 ec 20 4c 8b 12 48 8b da 48 8b
0x00007ffd06829d22:   f9 4d 85 d2 0f 84 cf 00 00 00 48 8b 51 08 49 8b
0x00007ffd06829d32:   c2 8b 8a c8 05 00 00 48 d3 e8 4c 8d 0c 40 4c 03
0x00007ffd06829d42:   8a b8 05 00 00 41 0f b7 01 66 89 44 24 38 41 0f
0x00007ffd06829d52:   b6 41 02 88 44 24 3a 0f b6 44 24 39 84 c0 78 44
0x00007ffd06829d62:   49 8b 0a 0f b6 c1 24 03 3c 03 75 09 48 83 e1 fc
0x00007ffd06829d72:   48 89 0b eb 7b 0f b7 44 24 38 48 8d 54 24 40 66
0x00007ffd06829d82:   89 44 24 40 4c 8b c9 0f b6 44 24 3a 4d 8b c2 48
0x00007ffd06829d92:   8b 4f 10 88 44 24 42 e8 52 0c ff ff 48 8b c8 48
0x00007ffd06829da2:   89 03 eb 4c 3c fd 75 38 8b 8a 18 02 00 00 48 8b
0x00007ffd06829db2:   82 10 02 00 00 48 d3 e0 8b 0d 30 9c 8d 00 4c 2b
0x00007ffd06829dc2:   d0 49 d3 ea 41 8b c2 48 8d 0c 40 48 8b 82 a8 05
0x00007ffd06829dd2:   00 00 80 7c 01 01 fd 75 17 c6 44 01 01 ff eb 10
0x00007ffd06829de2:   3c fc 75 0c 48 8b 4f 10 48 8b d3 e8 de ef ff ff
0x00007ffd06829df2:   48 8b 4f 10 e8 95 e5 fe ff 48 8b 5c 24 30 48 83
0x00007ffd06829e02:   c4 20 5f c3 cc cc cc cc cc cc cc cc cc cc 48 89
0x00007ffd06829e12:   5c 24 08 57 48 83 ec 20 8b 02 48 8b fa 48 8b d9
0x00007ffd06829e22:   85 c0 0f 84 eb 00 00 00 8b 0d b0 16 87 00 44 8b
0x00007ffd06829e32:   c0 4c 8b 4b 08 49 d3 e0 4c 03 05 97 16 87 00 49
0x00007ffd06829e42:   8b c0 41 8b 89 c8 05 00 00 48 d3 e8 48 8d 14 40
0x00007ffd06829e52:   49 03 91 b8 05 00 00 0f b7 02 66 89 44 24 38 0f 


Stack slot to memory mapping:

stack at sp + 0 slots: 0x000000000436886c is an unknown value
stack at sp + 1 slots: 0x00000004ee65fd5f is an unknown value
stack at sp + 2 slots: 0x000000000436886c is an unknown value
stack at sp + 3 slots: 0x00000004ee65fdbe is an unknown value
stack at sp + 4 slots: 0x0000000000000004 is an unknown value
stack at sp + 5 slots: 0x00007ffd0682a455 jvm.dll
stack at sp + 6 slots: 0x000001aa463f9d58 points into unknown readable memory: 0x00007ffd06eb84d0 | d0 84 eb 06 fd 7f 00 00
stack at sp + 7 slots: 0x0 is null


---------------  P R O C E S S  ---------------

Threads class SMR info:
_java_thread_list=0x000001aa47a25ea0, length=28, elements={
0x000001aa53b37ec0, 0x000001aa7491bf00, 0x000001aa7491ce20, 0x000001aa74923ad0,
0x000001aa74927790, 0x000001aa749281f0, 0x000001aa74929a60, 0x000001aa749300a0,
0x000001aa74940f80, 0x000001aa4527b340, 0x000001aa45e79d30, 0x000001aa45e5c210,
0x000001aa45ecedd0, 0x000001aa461dc940, 0x000001aa461da1b0, 0x000001aa461dbed0,
0x000001aa460afc30, 0x000001aa4630b870, 0x000001aa463026a0, 0x000001aa462e3b70,
0x000001aa462e2130, 0x000001aa462e27c0, 0x000001aa462e06f0, 0x000001aa462e34e0,
0x000001aa462e0d80, 0x000001aa462e1aa0, 0x000001aa462e2e50, 0x000001aa462e1410
}

Java Threads: ( => current thread )
  0x000001aa53b37ec0 JavaThread "main"                              [_thread_in_native, id=3728, stack(0x000000a195b00000,0x000000a195c00000) (1024K)]
  0x000001aa7491bf00 JavaThread "Reference Handler"          daemon [_thread_blocked, id=15688, stack(0x000000a196300000,0x000000a196400000) (1024K)]
  0x000001aa7491ce20 JavaThread "Finalizer"                  daemon [_thread_blocked, id=2544, stack(0x000000a196400000,0x000000a196500000) (1024K)]
  0x000001aa74923ad0 JavaThread "Signal Dispatcher"          daemon [_thread_blocked, id=13792, stack(0x000000a196500000,0x000000a196600000) (1024K)]
  0x000001aa74927790 JavaThread "Attach Listener"            daemon [_thread_blocked, id=14696, stack(0x000000a196600000,0x000000a196700000) (1024K)]
  0x000001aa749281f0 JavaThread "Service Thread"             daemon [_thread_blocked, id=2716, stack(0x000000a196700000,0x000000a196800000) (1024K)]
  0x000001aa74929a60 JavaThread "Monitor Deflation Thread"   daemon [_thread_blocked, id=10676, stack(0x000000a196800000,0x000000a196900000) (1024K)]
  0x000001aa749300a0 JavaThread "C2 CompilerThread0"         daemon [_thread_blocked, id=10520, stack(0x000000a196900000,0x000000a196a00000) (1024K)]
  0x000001aa74940f80 JavaThread "C1 CompilerThread0"         daemon [_thread_blocked, id=10752, stack(0x000000a196a00000,0x000000a196b00000) (1024K)]
  0x000001aa4527b340 JavaThread "Common-Cleaner"             daemon [_thread_blocked, id=4460, stack(0x000000a196b00000,0x000000a196c00000) (1024K)]
  0x000001aa45e79d30 JavaThread "Monitor Ctrl-Break"         daemon [_thread_in_native, id=9280, stack(0x000000a196d00000,0x000000a196e00000) (1024K)]
  0x000001aa45e5c210 JavaThread "Notification Thread"        daemon [_thread_blocked, id=4960, stack(0x000000a196e00000,0x000000a196f00000) (1024K)]
  0x000001aa45ecedd0 JavaThread "WebSocketConnectReadThread-26"        [_thread_in_native, id=2456, stack(0x000000a197400000,0x000000a197500000) (1024K)]
  0x000001aa461dc940 JavaThread "WebSocketWriteThread-27"           [_thread_blocked, id=9068, stack(0x000000a197700000,0x000000a197800000) (1024K)]
  0x000001aa461da1b0 JavaThread "Java Sound Event Dispatcher" daemon [_thread_blocked, id=11748, stack(0x000000a197800000,0x000000a197900000) (1024K)]
  0x000001aa461dbed0 JavaThread "connectionLostChecker-1"           [_thread_blocked, id=10760, stack(0x000000a197c00000,0x000000a197d00000) (1024K)]
  0x000001aa460afc30 JavaThread "Thread-2"                          [_thread_in_native, id=15680, stack(0x000000a197e00000,0x000000a197f00000) (1024K)]
  0x000001aa4630b870 JavaThread "Java2D Disposer"            daemon [_thread_blocked, id=14956, stack(0x000000a196c00000,0x000000a196d00000) (1024K)]
  0x000001aa463026a0 JavaThread "AWT-Shutdown"                      [_thread_blocked, id=2212, stack(0x000000a198500000,0x000000a198600000) (1024K)]
  0x000001aa462e3b70 JavaThread "AWT-Windows"                daemon [_thread_blocked, id=10908, stack(0x000000a198600000,0x000000a198700000) (1024K)]
  0x000001aa462e2130 JavaThread "AWT-EventQueue-0"                  [_thread_blocked, id=1704, stack(0x000000a198700000,0x000000a198800000) (1024K)]
  0x000001aa462e27c0 JavaThread "Thread-3"                          [_thread_blocked, id=11484, stack(0x000000a198c00000,0x000000a198d00000) (1024K)]
  0x000001aa462e06f0 JavaThread "Thread-4"                          [_thread_blocked, id=8100, stack(0x000000a199100000,0x000000a199200000) (1024K)]
  0x000001aa462e34e0 JavaThread "atomic-processor-1"         daemon [_thread_blocked, id=6116, stack(0x000000a199300000,0x000000a199400000) (1024K)]
  0x000001aa462e0d80 JavaThread "webcam-discovery-service"   daemon [_thread_blocked, id=2860, stack(0x000000a199200000,0x000000a199300000) (1024K)]
  0x000001aa462e1aa0 JavaThread "webcam-lock-[Full HD webcam 0]" daemon [_thread_blocked, id=7904, stack(0x000000a199600000,0x000000a199700000) (1024K)]
  0x000001aa462e2e50 JavaThread "frames-refresher-[0]"       daemon [_thread_blocked, id=9472, stack(0x000000a199500000,0x000000a199600000) (1024K)]
  0x000001aa462e1410 JavaThread "JavaCPP Deallocator"        daemon [_thread_blocked, id=2340, stack(0x000000a199d00000,0x000000a199e00000) (1024K)]
Total: 28

Other Threads:
  0x000001aa748ffdf0 VMThread "VM Thread"                           [id=16020, stack(0x000000a196200000,0x000000a196300000) (1024K)]
  0x000001aa748e7240 WatcherThread "VM Periodic Task Thread"        [id=6448, stack(0x000000a196100000,0x000000a196200000) (1024K)]
  0x000001aa55e371d0 WorkerThread "GC Thread#0"                     [id=10976, stack(0x000000a195c00000,0x000000a195d00000) (1024K)]
  0x000001aa460572e0 WorkerThread "GC Thread#1"                     [id=7416, stack(0x000000a196f00000,0x000000a197000000) (1024K)]
=>0x000001aa46058700 WorkerThread "GC Thread#2"                     [id=9932, stack(0x000000a197000000,0x000000a197100000) (1024K)]
  0x000001aa45a554f0 WorkerThread "GC Thread#3"                     [id=6832, stack(0x000000a197100000,0x000000a197200000) (1024K)]
  0x000001aa45a558a0 WorkerThread "GC Thread#4"                     [id=5512, stack(0x000000a197200000,0x000000a197300000) (1024K)]
  0x000001aa45feaa00 WorkerThread "GC Thread#5"                     [id=3568, stack(0x000000a197300000,0x000000a197400000) (1024K)]
  0x000001aa53bee760 ConcurrentGCThread "G1 Main Marker"            [id=13108, stack(0x000000a195d00000,0x000000a195e00000) (1024K)]
  0x000001aa55e48130 WorkerThread "G1 Conc#0"                       [id=1220, stack(0x000000a195e00000,0x000000a195f00000) (1024K)]
  0x000001aa747bc1f0 ConcurrentGCThread "G1 Refine#0"               [id=10316, stack(0x000000a195f00000,0x000000a196000000) (1024K)]
  0x000001aa747bcb80 ConcurrentGCThread "G1 Service"                [id=5764, stack(0x000000a196000000,0x000000a196100000) (1024K)]
Total: 12

Threads with active compile tasks:
C2 CompilerThread0  7418 1916       4       java.util.jar.JarFile::getVersionedEntry (133 bytes)
C1 CompilerThread0  7418 1922       3       java.net.URLStreamHandler::sameFile (136 bytes)
Total: 2

VM state: at safepoint (normal execution)

VM Mutex/Monitor currently owned by a thread:  ([mutex/lock_event])
[0x00007ffd0712bbb8] Threads_lock - owner thread: 0x000001aa748ffdf0
[0x00007ffd0712bcb8] Heap_lock - owner thread: 0x000001aa462e06f0

Heap address: 0x0000000703e00000, size: 4034 MB, Compressed Oops mode: Zero based, Oop shift amount: 3

CDS archive(s) mapped at: [0x000001aa00000000-0x000001aa00c50000-0x000001aa00c50000), size 12910592, SharedBaseAddress: 0x000001aa00000000, ArchiveRelocationMode: 1.
Compressed class space mapped at: 0x000001aa01000000-0x000001aa41000000, reserved size: 1073741824
Narrow klass base: 0x000001aa00000000, Narrow klass shift: 0, Narrow klass range: 0x41000000

GC Precious Log:
 CardTable entry size: 512
 Card Set container configuration: InlinePtr #cards 4 size 8 Array Of Cards #cards 16 size 48 Howl #buckets 8 coarsen threshold 3686 Howl Bitmap #cards 512 size 80 coarsen threshold 460 Card regions per heap region 1 cards per card region 4096
 CPUs: 6 total, 6 available
 Memory: 16129M
 Large Page Support: Disabled
 NUMA Support: Disabled
 Compressed Oops: Enabled (Zero based)
 Heap Region Size: 2M
 Heap Min Capacity: 8M
 Heap Initial Capacity: 254M
 Heap Max Capacity: 4034M
 Pre-touch: Disabled
 Parallel Workers: 6
 Concurrent Workers: 2
 Concurrent Refinement Workers: 6
 Periodic GC: Disabled

Heap:
 garbage-first heap   total reserved 4130816K, committed 260096K, used 37710K [0x0000000703e00000, 0x0000000800000000)
  region size 2048K, 18 young (36864K), 2 survivors (4096K)
 Metaspace       used 12891K, committed 13184K, reserved 1114112K
  class space    used 1428K, committed 1536K, reserved 1048576K

Heap Regions: E=young(eden), S=young(survivor), O=old, HS=humongous(starts), HC=humongous(continues), CS=collection set, F=free, TAMS=top-at-mark-start, PB=parsable bottom
|   0|0x0000000703e00000, 0x0000000704000000, 0x0000000704000000|100%| O|  |TAMS 0x0000000703e00000| PB 0x0000000703e00000| Untracked |  0
|   1|0x0000000704000000, 0x0000000704200000, 0x0000000704200000|100%| O|  |TAMS 0x0000000704000000| PB 0x0000000704000000| Untracked |  0
|   2|0x0000000704200000, 0x00000007042de7d0, 0x0000000704400000| 43%| O|  |TAMS 0x0000000704200000| PB 0x0000000704200000| Untracked |  0
|   3|0x0000000704400000, 0x0000000704400000, 0x0000000704600000|  0%| F|  |TAMS 0x0000000704400000| PB 0x0000000704400000| Untracked |  0
|   4|0x0000000704600000, 0x0000000704600000, 0x0000000704800000|  0%| F|  |TAMS 0x0000000704600000| PB 0x0000000704600000| Untracked |  0
|   5|0x0000000704800000, 0x0000000704800000, 0x0000000704a00000|  0%| F|  |TAMS 0x0000000704800000| PB 0x0000000704800000| Untracked |  0
|   6|0x0000000704a00000, 0x0000000704a00000, 0x0000000704c00000|  0%| F|  |TAMS 0x0000000704a00000| PB 0x0000000704a00000| Untracked |  0
|   7|0x0000000704c00000, 0x0000000704c00000, 0x0000000704e00000|  0%| F|  |TAMS 0x0000000704c00000| PB 0x0000000704c00000| Untracked |  0
|   8|0x0000000704e00000, 0x0000000704e00000, 0x0000000705000000|  0%| F|  |TAMS 0x0000000704e00000| PB 0x0000000704e00000| Untracked |  0
|   9|0x0000000705000000, 0x0000000705000000, 0x0000000705200000|  0%| F|  |TAMS 0x0000000705000000| PB 0x0000000705000000| Untracked |  0
|  10|0x0000000705200000, 0x0000000705200000, 0x0000000705400000|  0%| F|  |TAMS 0x0000000705200000| PB 0x0000000705200000| Untracked |  0
|  11|0x0000000705400000, 0x0000000705400000, 0x0000000705600000|  0%| F|  |TAMS 0x0000000705400000| PB 0x0000000705400000| Untracked |  0
|  12|0x0000000705600000, 0x0000000705600000, 0x0000000705800000|  0%| F|  |TAMS 0x0000000705600000| PB 0x0000000705600000| Untracked |  0
|  13|0x0000000705800000, 0x0000000705800000, 0x0000000705a00000|  0%| F|  |TAMS 0x0000000705800000| PB 0x0000000705800000| Untracked |  0
|  14|0x0000000705a00000, 0x0000000705a00000, 0x0000000705c00000|  0%| F|  |TAMS 0x0000000705a00000| PB 0x0000000705a00000| Untracked |  0
|  15|0x0000000705c00000, 0x0000000705c00000, 0x0000000705e00000|  0%| F|  |TAMS 0x0000000705c00000| PB 0x0000000705c00000| Untracked |  0
|  16|0x0000000705e00000, 0x0000000705e00000, 0x0000000706000000|  0%| F|  |TAMS 0x0000000705e00000| PB 0x0000000705e00000| Untracked |  0
|  17|0x0000000706000000, 0x0000000706000000, 0x0000000706200000|  0%| F|  |TAMS 0x0000000706000000| PB 0x0000000706000000| Untracked |  0
|  18|0x0000000706200000, 0x0000000706200000, 0x0000000706400000|  0%| F|  |TAMS 0x0000000706200000| PB 0x0000000706200000| Untracked |  0
|  19|0x0000000706400000, 0x0000000706400000, 0x0000000706600000|  0%| F|  |TAMS 0x0000000706400000| PB 0x0000000706400000| Untracked |  0
|  20|0x0000000706600000, 0x0000000706600000, 0x0000000706800000|  0%| F|  |TAMS 0x0000000706600000| PB 0x0000000706600000| Untracked |  0
|  21|0x0000000706800000, 0x0000000706800000, 0x0000000706a00000|  0%| F|  |TAMS 0x0000000706800000| PB 0x0000000706800000| Untracked |  0
|  22|0x0000000706a00000, 0x0000000706a00000, 0x0000000706c00000|  0%| F|  |TAMS 0x0000000706a00000| PB 0x0000000706a00000| Untracked |  0
|  23|0x0000000706c00000, 0x0000000706c00000, 0x0000000706e00000|  0%| F|  |TAMS 0x0000000706c00000| PB 0x0000000706c00000| Untracked |  0
|  24|0x0000000706e00000, 0x0000000706e00000, 0x0000000707000000|  0%| F|  |TAMS 0x0000000706e00000| PB 0x0000000706e00000| Untracked |  0
|  25|0x0000000707000000, 0x0000000707000000, 0x0000000707200000|  0%| F|  |TAMS 0x0000000707000000| PB 0x0000000707000000| Untracked |  0
|  26|0x0000000707200000, 0x0000000707200000, 0x0000000707400000|  0%| F|  |TAMS 0x0000000707200000| PB 0x0000000707200000| Untracked |  0
|  27|0x0000000707400000, 0x0000000707400000, 0x0000000707600000|  0%| F|  |TAMS 0x0000000707400000| PB 0x0000000707400000| Untracked |  0
|  28|0x0000000707600000, 0x0000000707600000, 0x0000000707800000|  0%| F|  |TAMS 0x0000000707600000| PB 0x0000000707600000| Untracked |  0
|  29|0x0000000707800000, 0x0000000707800000, 0x0000000707a00000|  0%| F|  |TAMS 0x0000000707800000| PB 0x0000000707800000| Untracked |  0
|  30|0x0000000707a00000, 0x0000000707a00000, 0x0000000707c00000|  0%| F|  |TAMS 0x0000000707a00000| PB 0x0000000707a00000| Untracked |  0
|  31|0x0000000707c00000, 0x0000000707c00000, 0x0000000707e00000|  0%| F|  |TAMS 0x0000000707c00000| PB 0x0000000707c00000| Untracked |  0
|  32|0x0000000707e00000, 0x0000000707e00000, 0x0000000708000000|  0%| F|  |TAMS 0x0000000707e00000| PB 0x0000000707e00000| Untracked |  0
|  33|0x0000000708000000, 0x0000000708000000, 0x0000000708200000|  0%| F|  |TAMS 0x0000000708000000| PB 0x0000000708000000| Untracked |  0
|  34|0x0000000708200000, 0x0000000708200000, 0x0000000708400000|  0%| F|  |TAMS 0x0000000708200000| PB 0x0000000708200000| Untracked |  0
|  35|0x0000000708400000, 0x0000000708400000, 0x0000000708600000|  0%| F|  |TAMS 0x0000000708400000| PB 0x0000000708400000| Untracked |  0
|  36|0x0000000708600000, 0x0000000708600000, 0x0000000708800000|  0%| F|  |TAMS 0x0000000708600000| PB 0x0000000708600000| Untracked |  0
|  37|0x0000000708800000, 0x0000000708800000, 0x0000000708a00000|  0%| F|  |TAMS 0x0000000708800000| PB 0x0000000708800000| Untracked |  0
|  38|0x0000000708a00000, 0x0000000708a00000, 0x0000000708c00000|  0%| F|  |TAMS 0x0000000708a00000| PB 0x0000000708a00000| Untracked |  0
|  39|0x0000000708c00000, 0x0000000708c00000, 0x0000000708e00000|  0%| F|  |TAMS 0x0000000708c00000| PB 0x0000000708c00000| Untracked |  0
|  40|0x0000000708e00000, 0x0000000708e00000, 0x0000000709000000|  0%| F|  |TAMS 0x0000000708e00000| PB 0x0000000708e00000| Untracked |  0
|  41|0x0000000709000000, 0x0000000709000000, 0x0000000709200000|  0%| F|  |TAMS 0x0000000709000000| PB 0x0000000709000000| Untracked |  0
|  42|0x0000000709200000, 0x0000000709200000, 0x0000000709400000|  0%| F|  |TAMS 0x0000000709200000| PB 0x0000000709200000| Untracked |  0
|  43|0x0000000709400000, 0x0000000709400000, 0x0000000709600000|  0%| F|  |TAMS 0x0000000709400000| PB 0x0000000709400000| Untracked |  0
|  44|0x0000000709600000, 0x0000000709600000, 0x0000000709800000|  0%| F|  |TAMS 0x0000000709600000| PB 0x0000000709600000| Untracked |  0
|  45|0x0000000709800000, 0x0000000709800000, 0x0000000709a00000|  0%| F|  |TAMS 0x0000000709800000| PB 0x0000000709800000| Untracked |  0
|  46|0x0000000709a00000, 0x0000000709a00000, 0x0000000709c00000|  0%| F|  |TAMS 0x0000000709a00000| PB 0x0000000709a00000| Untracked |  0
|  47|0x0000000709c00000, 0x0000000709c00000, 0x0000000709e00000|  0%| F|  |TAMS 0x0000000709c00000| PB 0x0000000709c00000| Untracked |  0
|  48|0x0000000709e00000, 0x0000000709e00000, 0x000000070a000000|  0%| F|  |TAMS 0x0000000709e00000| PB 0x0000000709e00000| Untracked |  0
|  49|0x000000070a000000, 0x000000070a000000, 0x000000070a200000|  0%| F|  |TAMS 0x000000070a000000| PB 0x000000070a000000| Untracked |  0
|  50|0x000000070a200000, 0x000000070a200000, 0x000000070a400000|  0%| F|  |TAMS 0x000000070a200000| PB 0x000000070a200000| Untracked |  0
|  51|0x000000070a400000, 0x000000070a400000, 0x000000070a600000|  0%| F|  |TAMS 0x000000070a400000| PB 0x000000070a400000| Untracked |  0
|  52|0x000000070a600000, 0x000000070a600000, 0x000000070a800000|  0%| F|  |TAMS 0x000000070a600000| PB 0x000000070a600000| Untracked |  0
|  53|0x000000070a800000, 0x000000070a800000, 0x000000070aa00000|  0%| F|  |TAMS 0x000000070a800000| PB 0x000000070a800000| Untracked |  0
|  54|0x000000070aa00000, 0x000000070aa00000, 0x000000070ac00000|  0%| F|  |TAMS 0x000000070aa00000| PB 0x000000070aa00000| Untracked |  0
|  55|0x000000070ac00000, 0x000000070ac00000, 0x000000070ae00000|  0%| F|  |TAMS 0x000000070ac00000| PB 0x000000070ac00000| Untracked |  0
|  56|0x000000070ae00000, 0x000000070ae00000, 0x000000070b000000|  0%| F|  |TAMS 0x000000070ae00000| PB 0x000000070ae00000| Untracked |  0
|  57|0x000000070b000000, 0x000000070b000000, 0x000000070b200000|  0%| F|  |TAMS 0x000000070b000000| PB 0x000000070b000000| Untracked |  0
|  58|0x000000070b200000, 0x000000070b200000, 0x000000070b400000|  0%| F|  |TAMS 0x000000070b200000| PB 0x000000070b200000| Untracked |  0
|  59|0x000000070b400000, 0x000000070b400000, 0x000000070b600000|  0%| F|  |TAMS 0x000000070b400000| PB 0x000000070b400000| Untracked |  0
|  60|0x000000070b600000, 0x000000070b600000, 0x000000070b800000|  0%| F|  |TAMS 0x000000070b600000| PB 0x000000070b600000| Untracked |  0
|  61|0x000000070b800000, 0x000000070b800000, 0x000000070ba00000|  0%| F|  |TAMS 0x000000070b800000| PB 0x000000070b800000| Untracked |  0
|  62|0x000000070ba00000, 0x000000070ba00000, 0x000000070bc00000|  0%| F|  |TAMS 0x000000070ba00000| PB 0x000000070ba00000| Untracked |  0
|  63|0x000000070bc00000, 0x000000070bc00000, 0x000000070be00000|  0%| F|  |TAMS 0x000000070bc00000| PB 0x000000070bc00000| Untracked |  0
|  64|0x000000070be00000, 0x000000070be00000, 0x000000070c000000|  0%| F|  |TAMS 0x000000070be00000| PB 0x000000070be00000| Untracked |  0
|  65|0x000000070c000000, 0x000000070c000000, 0x000000070c200000|  0%| F|  |TAMS 0x000000070c000000| PB 0x000000070c000000| Untracked |  0
|  66|0x000000070c200000, 0x000000070c200000, 0x000000070c400000|  0%| F|  |TAMS 0x000000070c200000| PB 0x000000070c200000| Untracked |  0
|  67|0x000000070c400000, 0x000000070c400000, 0x000000070c600000|  0%| F|  |TAMS 0x000000070c400000| PB 0x000000070c400000| Untracked |  0
|  68|0x000000070c600000, 0x000000070c600000, 0x000000070c800000|  0%| F|  |TAMS 0x000000070c600000| PB 0x000000070c600000| Untracked |  0
|  69|0x000000070c800000, 0x000000070c800000, 0x000000070ca00000|  0%| F|  |TAMS 0x000000070c800000| PB 0x000000070c800000| Untracked |  0
|  70|0x000000070ca00000, 0x000000070ca00000, 0x000000070cc00000|  0%| F|  |TAMS 0x000000070ca00000| PB 0x000000070ca00000| Untracked |  0
|  71|0x000000070cc00000, 0x000000070cc00000, 0x000000070ce00000|  0%| F|  |TAMS 0x000000070cc00000| PB 0x000000070cc00000| Untracked |  0
|  72|0x000000070ce00000, 0x000000070ce00000, 0x000000070d000000|  0%| F|  |TAMS 0x000000070ce00000| PB 0x000000070ce00000| Untracked |  0
|  73|0x000000070d000000, 0x000000070d000000, 0x000000070d200000|  0%| F|  |TAMS 0x000000070d000000| PB 0x000000070d000000| Untracked |  0
|  74|0x000000070d200000, 0x000000070d200000, 0x000000070d400000|  0%| F|  |TAMS 0x000000070d200000| PB 0x000000070d200000| Untracked |  0
|  75|0x000000070d400000, 0x000000070d400000, 0x000000070d600000|  0%| F|  |TAMS 0x000000070d400000| PB 0x000000070d400000| Untracked |  0
|  76|0x000000070d600000, 0x000000070d600000, 0x000000070d800000|  0%| F|  |TAMS 0x000000070d600000| PB 0x000000070d600000| Untracked |  0
|  77|0x000000070d800000, 0x000000070d800000, 0x000000070da00000|  0%| F|  |TAMS 0x000000070d800000| PB 0x000000070d800000| Untracked |  0
|  78|0x000000070da00000, 0x000000070da00000, 0x000000070dc00000|  0%| F|  |TAMS 0x000000070da00000| PB 0x000000070da00000| Untracked |  0
|  79|0x000000070dc00000, 0x000000070dc00000, 0x000000070de00000|  0%| F|  |TAMS 0x000000070dc00000| PB 0x000000070dc00000| Untracked |  0
|  80|0x000000070de00000, 0x000000070de00000, 0x000000070e000000|  0%| F|  |TAMS 0x000000070de00000| PB 0x000000070de00000| Untracked |  0
|  81|0x000000070e000000, 0x000000070e000000, 0x000000070e200000|  0%| F|  |TAMS 0x000000070e000000| PB 0x000000070e000000| Untracked |  0
|  82|0x000000070e200000, 0x000000070e200000, 0x000000070e400000|  0%| F|  |TAMS 0x000000070e200000| PB 0x000000070e200000| Untracked |  0
|  83|0x000000070e400000, 0x000000070e400000, 0x000000070e600000|  0%| F|  |TAMS 0x000000070e400000| PB 0x000000070e400000| Untracked |  0
|  84|0x000000070e600000, 0x000000070e600000, 0x000000070e800000|  0%| F|  |TAMS 0x000000070e600000| PB 0x000000070e600000| Untracked |  0
|  85|0x000000070e800000, 0x000000070e800000, 0x000000070ea00000|  0%| F|  |TAMS 0x000000070e800000| PB 0x000000070e800000| Untracked |  0
|  86|0x000000070ea00000, 0x000000070ea00000, 0x000000070ec00000|  0%| F|  |TAMS 0x000000070ea00000| PB 0x000000070ea00000| Untracked |  0
|  87|0x000000070ec00000, 0x000000070ec00000, 0x000000070ee00000|  0%| F|  |TAMS 0x000000070ec00000| PB 0x000000070ec00000| Untracked |  0
|  88|0x000000070ee00000, 0x000000070ee00000, 0x000000070f000000|  0%| F|  |TAMS 0x000000070ee00000| PB 0x000000070ee00000| Untracked |  0
|  89|0x000000070f000000, 0x000000070f000000, 0x000000070f200000|  0%| F|  |TAMS 0x000000070f000000| PB 0x000000070f000000| Untracked |  0
|  90|0x000000070f200000, 0x000000070f200000, 0x000000070f400000|  0%| F|  |TAMS 0x000000070f200000| PB 0x000000070f200000| Untracked |  0
|  91|0x000000070f400000, 0x000000070f400000, 0x000000070f600000|  0%| F|  |TAMS 0x000000070f400000| PB 0x000000070f400000| Untracked |  0
|  92|0x000000070f600000, 0x000000070f600000, 0x000000070f800000|  0%| F|  |TAMS 0x000000070f600000| PB 0x000000070f600000| Untracked |  0
|  93|0x000000070f800000, 0x000000070f800000, 0x000000070fa00000|  0%| F|  |TAMS 0x000000070f800000| PB 0x000000070f800000| Untracked |  0
|  94|0x000000070fa00000, 0x000000070fa00000, 0x000000070fc00000|  0%| F|  |TAMS 0x000000070fa00000| PB 0x000000070fa00000| Untracked |  0
|  95|0x000000070fc00000, 0x000000070fc00000, 0x000000070fe00000|  0%| F|  |TAMS 0x000000070fc00000| PB 0x000000070fc00000| Untracked |  0
|  96|0x000000070fe00000, 0x000000070fe00000, 0x0000000710000000|  0%| F|  |TAMS 0x000000070fe00000| PB 0x000000070fe00000| Untracked |  0
|  97|0x0000000710000000, 0x0000000710000000, 0x0000000710200000|  0%| F|  |TAMS 0x0000000710000000| PB 0x0000000710000000| Untracked |  0
|  98|0x0000000710200000, 0x0000000710200000, 0x0000000710400000|  0%| F|  |TAMS 0x0000000710200000| PB 0x0000000710200000| Untracked |  0
|  99|0x0000000710400000, 0x0000000710400000, 0x0000000710600000|  0%| F|  |TAMS 0x0000000710400000| PB 0x0000000710400000| Untracked |  0
| 100|0x0000000710600000, 0x0000000710600000, 0x0000000710800000|  0%| F|  |TAMS 0x0000000710600000| PB 0x0000000710600000| Untracked |  0
| 101|0x0000000710800000, 0x0000000710800000, 0x0000000710a00000|  0%| F|  |TAMS 0x0000000710800000| PB 0x0000000710800000| Untracked |  0
| 102|0x0000000710a00000, 0x0000000710a00000, 0x0000000710c00000|  0%| F|  |TAMS 0x0000000710a00000| PB 0x0000000710a00000| Untracked |  0
| 103|0x0000000710c00000, 0x0000000710c00000, 0x0000000710e00000|  0%| F|  |TAMS 0x0000000710c00000| PB 0x0000000710c00000| Untracked |  0
| 104|0x0000000710e00000, 0x0000000710e00000, 0x0000000711000000|  0%| F|  |TAMS 0x0000000710e00000| PB 0x0000000710e00000| Untracked |  0
| 105|0x0000000711000000, 0x0000000711000000, 0x0000000711200000|  0%| F|  |TAMS 0x0000000711000000| PB 0x0000000711000000| Untracked |  0
| 106|0x0000000711200000, 0x0000000711200000, 0x0000000711400000|  0%| F|  |TAMS 0x0000000711200000| PB 0x0000000711200000| Untracked |  0
| 107|0x0000000711400000, 0x000000071155abc8, 0x0000000711600000| 67%| S|  |TAMS 0x0000000711400000| PB 0x0000000711400000| Complete |  0
| 108|0x0000000711600000, 0x0000000711800000, 0x0000000711800000|100%| S|  |TAMS 0x0000000711600000| PB 0x0000000711600000| Complete |  0
| 109|0x0000000711800000, 0x0000000711a00000, 0x0000000711a00000|100%| E|CS|TAMS 0x0000000711800000| PB 0x0000000711800000| Complete |  0
| 110|0x0000000711a00000, 0x0000000711c00000, 0x0000000711c00000|100%| E|CS|TAMS 0x0000000711a00000| PB 0x0000000711a00000| Complete |  0
| 111|0x0000000711c00000, 0x0000000711e00000, 0x0000000711e00000|100%| E|CS|TAMS 0x0000000711c00000| PB 0x0000000711c00000| Complete |  0
| 112|0x0000000711e00000, 0x0000000712000000, 0x0000000712000000|100%| E|CS|TAMS 0x0000000711e00000| PB 0x0000000711e00000| Complete |  0
| 113|0x0000000712000000, 0x0000000712200000, 0x0000000712200000|100%| E|CS|TAMS 0x0000000712000000| PB 0x0000000712000000| Complete |  0
| 114|0x0000000712200000, 0x0000000712400000, 0x0000000712400000|100%| E|CS|TAMS 0x0000000712200000| PB 0x0000000712200000| Complete |  0
| 115|0x0000000712400000, 0x0000000712600000, 0x0000000712600000|100%| E|CS|TAMS 0x0000000712400000| PB 0x0000000712400000| Complete |  0
| 116|0x0000000712600000, 0x0000000712800000, 0x0000000712800000|100%| E|CS|TAMS 0x0000000712600000| PB 0x0000000712600000| Complete |  0
| 117|0x0000000712800000, 0x0000000712a00000, 0x0000000712a00000|100%| E|CS|TAMS 0x0000000712800000| PB 0x0000000712800000| Complete |  0
| 118|0x0000000712a00000, 0x0000000712c00000, 0x0000000712c00000|100%| E|CS|TAMS 0x0000000712a00000| PB 0x0000000712a00000| Complete |  0
| 119|0x0000000712c00000, 0x0000000712e00000, 0x0000000712e00000|100%| E|CS|TAMS 0x0000000712c00000| PB 0x0000000712c00000| Complete |  0
| 120|0x0000000712e00000, 0x0000000713000000, 0x0000000713000000|100%| E|CS|TAMS 0x0000000712e00000| PB 0x0000000712e00000| Complete |  0
| 121|0x0000000713000000, 0x0000000713200000, 0x0000000713200000|100%| E|CS|TAMS 0x0000000713000000| PB 0x0000000713000000| Complete |  0
| 122|0x0000000713200000, 0x0000000713400000, 0x0000000713400000|100%| E|CS|TAMS 0x0000000713200000| PB 0x0000000713200000| Complete |  0
| 123|0x0000000713400000, 0x0000000713600000, 0x0000000713600000|100%| E|CS|TAMS 0x0000000713400000| PB 0x0000000713400000| Complete |  0
| 124|0x0000000713600000, 0x0000000713800000, 0x0000000713800000|100%| E|CS|TAMS 0x0000000713600000| PB 0x0000000713600000| Complete |  0
| 125|0x0000000713800000, 0x0000000713a00000, 0x0000000713a00000|100%| E|CS|TAMS 0x0000000713800000| PB 0x0000000713800000| Complete |  0
| 126|0x0000000713a00000, 0x0000000713c00000, 0x0000000713c00000|100%| E|CS|TAMS 0x0000000713a00000| PB 0x0000000713a00000| Complete |  0

Card table byte_map: [0x000001aa6da00000,0x000001aa6e1f0000] _byte_map_base: 0x000001aa6a1e1000

Marking Bits: (CMBitMap*) 0x000001aa55e378e0
 Bits: [0x000001aa6e1f0000, 0x000001aa720f8000)

Polling page: 0x000001aa53d10000

Metaspace:

Usage:
  Non-class:     11.19 MB used.
      Class:      1.39 MB used.
       Both:     12.59 MB used.

Virtual space:
  Non-class space:       64.00 MB reserved,      11.38 MB ( 18%) committed,  1 nodes.
      Class space:        1.00 GB reserved,       1.50 MB ( <1%) committed,  1 nodes.
             Both:        1.06 GB reserved,      12.88 MB (  1%) committed. 

Chunk freelists:
   Non-Class:  4.16 MB
       Class:  14.50 MB
        Both:  18.67 MB

MaxMetaspaceSize: unlimited
CompressedClassSpaceSize: 1.00 GB
Initial GC threshold: 21.00 MB
Current GC threshold: 21.00 MB
CDS: on
 - commit_granule_bytes: 65536.
 - commit_granule_words: 8192.
 - virtual_space_node_default_size: 8388608.
 - enlarge_chunks_in_place: 1.
 - use_allocation_guard: 0.


Internal statistics:

num_allocs_failed_limit: 0.
num_arena_births: 264.
num_arena_deaths: 0.
num_vsnodes_births: 2.
num_vsnodes_deaths: 0.
num_space_committed: 206.
num_space_uncommitted: 0.
num_chunks_returned_to_freelist: 0.
num_chunks_taken_from_freelist: 467.
num_chunk_merges: 0.
num_chunk_splits: 282.
num_chunks_enlarged: 147.
num_inconsistent_stats: 0.

CodeHeap 'non-profiled nmethods': size=120000Kb used=803Kb max_used=803Kb free=119197Kb
 bounds [0x000001aa65bd0000, 0x000001aa65e40000, 0x000001aa6d100000]
CodeHeap 'profiled nmethods': size=120000Kb used=3513Kb max_used=3513Kb free=116486Kb
 bounds [0x000001aa5e100000, 0x000001aa5e470000, 0x000001aa65630000]
CodeHeap 'non-nmethods': size=5760Kb used=1620Kb max_used=1640Kb free=4139Kb
 bounds [0x000001aa65630000, 0x000001aa658a0000, 0x000001aa65bd0000]
 total_blobs=2588 nmethods=1919 adapters=573
 compilation: enabled
              stopped_count=0, restarted_count=0
 full_count=0

Compilation events (20 events):
Event: 7.050 Thread 0x000001aa74940f80 nmethod 1908 0x000001aa5e465910 code [0x000001aa5e465b20, 0x000001aa5e466118]
Event: 7.051 Thread 0x000001aa74940f80 1911       3       java.io.File::getCanonicalPath (31 bytes)
Event: 7.051 Thread 0x000001aa74940f80 nmethod 1911 0x000001aa5e466310 code [0x000001aa5e466500, 0x000001aa5e4667d8]
Event: 7.051 Thread 0x000001aa74940f80 1912   !   3       java.io.WinNTFileSystem::canonicalize (222 bytes)
Event: 7.053 Thread 0x000001aa74940f80 nmethod 1912 0x000001aa5e466910 code [0x000001aa5e466f00, 0x000001aa5e46a000]
Event: 7.053 Thread 0x000001aa74940f80 1913       3       java.net.URLStreamHandler::getHostAddress (5 bytes)
Event: 7.053 Thread 0x000001aa74940f80 nmethod 1913 0x000001aa5e46b110 code [0x000001aa5e46b2c0, 0x000001aa5e46b400]
Event: 7.053 Thread 0x000001aa74940f80 1914  s!   3       java.net.URL::getHostAddress (53 bytes)
Event: 7.053 Thread 0x000001aa74940f80 nmethod 1914 0x000001aa5e46b510 code [0x000001aa5e46b700, 0x000001aa5e46bcc0]
Event: 7.053 Thread 0x000001aa74940f80 1915       3       java.util.ArrayList::contains (14 bytes)
Event: 7.053 Thread 0x000001aa74940f80 nmethod 1915 0x000001aa5e46bf10 code [0x000001aa5e46c0c0, 0x000001aa5e46c2d0]
Event: 7.054 Thread 0x000001aa749300a0 1916       4       java.util.jar.JarFile::getVersionedEntry (133 bytes)
Event: 7.059 Thread 0x000001aa74940f80 1919       3       sun.net.www.protocol.jar.Handler::newURL (9 bytes)
Event: 7.059 Thread 0x000001aa74940f80 nmethod 1919 0x000001aa5e46c390 code [0x000001aa5e46c540, 0x000001aa5e46c7b0]
Event: 7.062 Thread 0x000001aa74940f80 1920       3       java.io.File::equals (28 bytes)
Event: 7.062 Thread 0x000001aa74940f80 nmethod 1920 0x000001aa5e46c910 code [0x000001aa5e46cb00, 0x000001aa5e46d0d0]
Event: 7.062 Thread 0x000001aa74940f80 1921       3       java.io.File::compareTo (9 bytes)
Event: 7.062 Thread 0x000001aa74940f80 nmethod 1921 0x000001aa5e46d290 code [0x000001aa5e46d460, 0x000001aa5e46d760]
Event: 7.065 Thread 0x000001aa74940f80 1922       3       java.net.URLStreamHandler::sameFile (136 bytes)
Event: 7.065 Thread 0x000001aa74940f80 nmethod 1922 0x000001aa5e46d910 code [0x000001aa5e46db40, 0x000001aa5e46e3b8]

GC Heap History (3 events):
Event: 0.383 GC heap before
{Heap before GC invocations=0 (full 0):
 garbage-first heap   total reserved 4130816K, committed 260096K, used 22528K [0x0000000703e00000, 0x0000000800000000)
  region size 2048K, 11 young (22528K), 0 survivors (0K)
 Metaspace       used 2476K, committed 2624K, reserved 1114112K
  class space    used 240K, committed 320K, reserved 1048576K
}
Event: 0.385 GC heap after
{Heap after GC invocations=1 (full 0):
 garbage-first heap   total reserved 4130816K, committed 260096K, used 4942K [0x0000000703e00000, 0x0000000800000000)
  region size 2048K, 2 young (4096K), 2 survivors (4096K)
 Metaspace       used 2476K, committed 2624K, reserved 1114112K
  class space    used 240K, committed 320K, reserved 1048576K
}
Event: 7.065 GC heap before
{Heap before GC invocations=1 (full 0):
 garbage-first heap   total reserved 4130816K, committed 260096K, used 37710K [0x0000000703e00000, 0x0000000800000000)
  region size 2048K, 18 young (36864K), 2 survivors (4096K)
 Metaspace       used 12891K, committed 13184K, reserved 1114112K
  class space    used 1428K, committed 1536K, reserved 1048576K
}

Dll operation events (20 events):
Event: 0.324 Loaded shared library C:\Users\woelflenico\.jdks\openjdk-22.0.1\bin\jimage.dll
Event: 0.398 Loaded shared library C:\Users\woelflenico\.jdks\openjdk-22.0.1\bin\jsound.dll
Event: 4.429 Loaded shared library C:\Users\woelflenico\AppData\Local\Temp\webrtc-java17602785870406530573.dll
Event: 4.593 Loaded shared library C:\Users\woelflenico\.jdks\openjdk-22.0.1\bin\awt.dll
Event: 4.709 Loaded shared library C:\Users\woelflenico\.jdks\openjdk-22.0.1\bin\freetype.dll
Event: 4.710 Loaded shared library C:\Users\woelflenico\.jdks\openjdk-22.0.1\bin\fontmanager.dll
Event: 5.451 Loaded shared library C:\Users\woelflenico\.jdks\openjdk-22.0.1\bin\verify.dll
Event: 5.617 Loaded shared library C:\Users\woelflenico\AppData\Local\Temp\BridJExtractedLibraries16636922264705096845\bridj.dll
Event: 6.977 Loaded shared library C:\Users\woelflenico\.jdks\openjdk-22.0.1\bin\javajpeg.dll
Event: 7.022 Loaded shared library C:\Users\woelflenico\.javacpp\cache\javacpp-1.5.5-windows-x86_64.jar\org\bytedeco\javacpp\windows-x86_64\api-ms-win-crt-locale-l1-1-0.dll
Event: 7.025 Loaded shared library C:\Users\woelflenico\.javacpp\cache\javacpp-1.5.5-windows-x86_64.jar\org\bytedeco\javacpp\windows-x86_64\api-ms-win-crt-string-l1-1-0.dll
Event: 7.028 Loaded shared library C:\Users\woelflenico\.javacpp\cache\javacpp-1.5.5-windows-x86_64.jar\org\bytedeco\javacpp\windows-x86_64\api-ms-win-crt-stdio-l1-1-0.dll
Event: 7.032 Loaded shared library C:\Users\woelflenico\.javacpp\cache\javacpp-1.5.5-windows-x86_64.jar\org\bytedeco\javacpp\windows-x86_64\api-ms-win-crt-math-l1-1-0.dll
Event: 7.036 Loaded shared library C:\Users\woelflenico\.javacpp\cache\javacpp-1.5.5-windows-x86_64.jar\org\bytedeco\javacpp\windows-x86_64\api-ms-win-crt-heap-l1-1-0.dll
Event: 7.040 Loaded shared library C:\Users\woelflenico\.javacpp\cache\javacpp-1.5.5-windows-x86_64.jar\org\bytedeco\javacpp\windows-x86_64\api-ms-win-crt-runtime-l1-1-0.dll
Event: 7.044 Loaded shared library C:\Users\woelflenico\.javacpp\cache\javacpp-1.5.5-windows-x86_64.jar\org\bytedeco\javacpp\windows-x86_64\api-ms-win-crt-convert-l1-1-0.dll
Event: 7.048 Loaded shared library C:\Users\woelflenico\.javacpp\cache\javacpp-1.5.5-windows-x86_64.jar\org\bytedeco\javacpp\windows-x86_64\api-ms-win-crt-environment-l1-1-0.dll
Event: 7.052 Loaded shared library C:\Users\woelflenico\.javacpp\cache\javacpp-1.5.5-windows-x86_64.jar\org\bytedeco\javacpp\windows-x86_64\api-ms-win-crt-time-l1-1-0.dll
Event: 7.057 Loaded shared library C:\Users\woelflenico\.javacpp\cache\javacpp-1.5.5-windows-x86_64.jar\org\bytedeco\javacpp\windows-x86_64\api-ms-win-crt-filesystem-l1-1-0.dll
Event: 7.063 Loaded shared library C:\Users\woelflenico\.javacpp\cache\javacpp-1.5.5-windows-x86_64.jar\org\bytedeco\javacpp\windows-x86_64\api-ms-win-crt-utility-l1-1-0.dll

Deoptimization events (20 events):
Event: 7.011 Thread 0x000001aa462e06f0 DEOPT PACKING pc=0x000001aa65c354a0 sp=0x000000a1991fd690
Event: 7.011 Thread 0x000001aa462e06f0 DEOPT UNPACKING pc=0x000001aa656846a2 sp=0x000000a1991fd690 mode 2
Event: 7.011 Thread 0x000001aa462e06f0 Uncommon trap: trap_request=0xffffff45 fr.pc=0x000001aa65c8c560 relative=0x0000000000000ee0
Event: 7.011 Thread 0x000001aa462e06f0 Uncommon trap: reason=unstable_if action=reinterpret pc=0x000001aa65c8c560 method=java.util.concurrent.ConcurrentHashMap.putVal(Ljava/lang/Object;Ljava/lang/Object;Z)Ljava/lang/Object; @ 256 c2
Event: 7.011 Thread 0x000001aa462e06f0 DEOPT PACKING pc=0x000001aa65c8c560 sp=0x000000a1991fd850
Event: 7.011 Thread 0x000001aa462e06f0 DEOPT UNPACKING pc=0x000001aa656846a2 sp=0x000000a1991fd7b8 mode 2
Event: 7.013 Thread 0x000001aa462e06f0 Uncommon trap: trap_request=0xffffff45 fr.pc=0x000001aa65c57428 relative=0x0000000000000a68
Event: 7.013 Thread 0x000001aa462e06f0 Uncommon trap: reason=unstable_if action=reinterpret pc=0x000001aa65c57428 method=jdk.internal.org.objectweb.asm.SymbolTable.put(Ljdk/internal/org/objectweb/asm/SymbolTable$Entry;)Ljdk/internal/org/objectweb/asm/SymbolTable$Entry; @ 13 c2
Event: 7.013 Thread 0x000001aa462e06f0 DEOPT PACKING pc=0x000001aa65c57428 sp=0x000000a1991fcba0
Event: 7.013 Thread 0x000001aa462e06f0 DEOPT UNPACKING pc=0x000001aa656846a2 sp=0x000000a1991fcad8 mode 2
Event: 7.016 Thread 0x000001aa462e06f0 Uncommon trap: trap_request=0xffffff45 fr.pc=0x000001aa65c55560 relative=0x0000000000000340
Event: 7.016 Thread 0x000001aa462e06f0 Uncommon trap: reason=unstable_if action=reinterpret pc=0x000001aa65c55560 method=jdk.internal.org.objectweb.asm.SymbolTable.put(Ljdk/internal/org/objectweb/asm/SymbolTable$Entry;)Ljdk/internal/org/objectweb/asm/SymbolTable$Entry; @ 13 c2
Event: 7.016 Thread 0x000001aa462e06f0 DEOPT PACKING pc=0x000001aa65c55560 sp=0x000000a1991fc5a0
Event: 7.016 Thread 0x000001aa462e06f0 DEOPT UNPACKING pc=0x000001aa656846a2 sp=0x000000a1991fc520 mode 2
Event: 7.023 Thread 0x000001aa462e06f0 DEOPT PACKING pc=0x000001aa5e34f377 sp=0x000000a1991fd670
Event: 7.023 Thread 0x000001aa462e06f0 DEOPT UNPACKING pc=0x000001aa65684e42 sp=0x000000a1991fcae0 mode 0
Event: 7.034 Thread 0x000001aa462e06f0 DEOPT PACKING pc=0x000001aa5e2c16a9 sp=0x000000a1991fd740
Event: 7.034 Thread 0x000001aa462e06f0 DEOPT UNPACKING pc=0x000001aa65684e42 sp=0x000000a1991fcc40 mode 0
Event: 7.035 Thread 0x000001aa462e06f0 DEOPT PACKING pc=0x000001aa5e34f377 sp=0x000000a1991fd4f0
Event: 7.035 Thread 0x000001aa462e06f0 DEOPT UNPACKING pc=0x000001aa65684e42 sp=0x000000a1991fc960 mode 0

Classes loaded (20 events):
Event: 6.992 Loading class javax/imageio/plugins/jpeg/JPEGImageReadParam
Event: 6.992 Loading class javax/imageio/ImageReadParam
Event: 6.992 Loading class javax/imageio/IIOParam
Event: 6.992 Loading class javax/imageio/IIOParam done
Event: 6.992 Loading class javax/imageio/ImageReadParam done
Event: 6.992 Loading class javax/imageio/plugins/jpeg/JPEGImageReadParam done
Event: 6.993 Loading class com/sun/imageio/plugins/jpeg/ImageTypeProducer
Event: 6.993 Loading class com/sun/imageio/plugins/jpeg/ImageTypeProducer done
Event: 6.993 Loading class com/sun/imageio/plugins/jpeg/ImageTypeIterator
Event: 6.993 Loading class com/sun/imageio/plugins/jpeg/ImageTypeIterator done
Event: 6.993 Loading class javax/imageio/ImageTypeSpecifier$Interleaved
Event: 6.993 Loading class javax/imageio/ImageTypeSpecifier$Interleaved done
Event: 7.001 Loading class java/lang/UnsatisfiedLinkError
Event: 7.001 Loading class java/lang/UnsatisfiedLinkError done
Event: 7.004 Loading class java/nio/file/NoSuchFileException
Event: 7.004 Loading class java/nio/file/FileSystemException
Event: 7.004 Loading class java/nio/file/FileSystemException done
Event: 7.004 Loading class java/nio/file/NoSuchFileException done
Event: 7.004 Loading class java/nio/file/FileAlreadyExistsException
Event: 7.004 Loading class java/nio/file/FileAlreadyExistsException done

Classes unloaded (0 events):
No events

Classes redefined (0 events):
No events

Internal exceptions (20 events):
Event: 5.741 Thread 0x000001aa462e34e0 Exception <a 'java/lang/NoSuchMethodError'{0x0000000712163bf8}: static Lcom/github/sarxos/webcam/ds/buildin/natives/OpenIMAJGrabber;.startSession(IIDLorg/bridj/Pointer;)Z> (0x0000000712163bf8) 
thrown [s\open\src\hotspot\share\prims\jni.cpp, line 1111]
Event: 5.741 Thread 0x000001aa462e34e0 Exception <a 'java/lang/NoSuchMethodError'{0x0000000712163f60}: static Lcom/github/sarxos/webcam/ds/buildin/natives/OpenIMAJGrabber;.startSession(IID)Z> (0x0000000712163f60) 
thrown [s\open\src\hotspot\share\prims\jni.cpp, line 1111]
Event: 5.741 Thread 0x000001aa462e34e0 Exception <a 'java/lang/NoSuchMethodError'{0x00000007121642e8}: static Lcom/github/sarxos/webcam/ds/buildin/natives/OpenIMAJGrabber;.getVideoDevices()Lorg/bridj/Pointer;> (0x00000007121642e8) 
thrown [s\open\src\hotspot\share\prims\jni.cpp, line 1111]
Event: 5.741 Thread 0x000001aa462e34e0 Exception <a 'java/lang/NoSuchMethodError'{0x0000000712164650}: static Lcom/github/sarxos/webcam/ds/buildin/natives/OpenIMAJGrabber;.stopSession()V> (0x0000000712164650) 
thrown [s\open\src\hotspot\share\prims\jni.cpp, line 1111]
Event: 5.741 Thread 0x000001aa462e34e0 Exception <a 'java/lang/NoSuchMethodError'{0x00000007121649d0}: static Lcom/github/sarxos/webcam/ds/buildin/natives/OpenIMAJGrabber;.getImage()Lorg/bridj/Pointer;> (0x00000007121649d0) 
thrown [s\open\src\hotspot\share\prims\jni.cpp, line 1111]
Event: 5.741 Thread 0x000001aa462e34e0 Exception <a 'java/lang/NoSuchMethodError'{0x0000000712164d30}: static Lcom/github/sarxos/webcam/ds/buildin/natives/OpenIMAJGrabber;.getWidth()I> (0x0000000712164d30) 
thrown [s\open\src\hotspot\share\prims\jni.cpp, line 1111]
Event: 5.741 Thread 0x000001aa462e34e0 Exception <a 'java/lang/NoSuchMethodError'{0x0000000712165098}: static Lcom/github/sarxos/webcam/ds/buildin/natives/OpenIMAJGrabber;.getHeight()I> (0x0000000712165098) 
thrown [s\open\src\hotspot\share\prims\jni.cpp, line 1111]
Event: 5.742 Thread 0x000001aa462e34e0 Exception <a 'java/lang/NoSuchMethodError'{0x0000000712165400}: static Lcom/github/sarxos/webcam/ds/buildin/natives/OpenIMAJGrabber;.setTimeout(I)V> (0x0000000712165400) 
thrown [s\open\src\hotspot\share\prims\jni.cpp, line 1111]
Event: 5.760 Thread 0x000001aa462e34e0 Exception <a 'java/lang/NoSuchMethodError'{0x0000000711e82850}: static Lorg/bridj/cpp/CPPRuntime_CPPDestructor_NativeImpl;.destroy(J)V> (0x0000000711e82850) 
thrown [s\open\src\hotspot\share\prims\jni.cpp, line 1111]
Event: 5.764 Thread 0x000001aa462e34e0 Exception <a 'java/lang/NoSuchMethodError'{0x0000000711ebe4c0}: static Lorg/bridj/dyncallbacks/PointerToVoid_0;.apply(Lorg/bridj/Pointer;)V> (0x0000000711ebe4c0) 
thrown [s\open\src\hotspot\share\prims\jni.cpp, line 1111]
Event: 5.764 Thread 0x000001aa462e34e0 Exception <a 'java/lang/NoSuchMethodError'{0x0000000711ebf708}: static Lorg/bridj/dyncallbacks/PointerToVoid_0;.apply(Lorg/bridj/Pointer;)V> (0x0000000711ebf708) 
thrown [s\open\src\hotspot\share\prims\jni.cpp, line 1111]
Event: 5.771 Thread 0x000001aa462e34e0 Exception <a 'java/lang/NoSuchMethodError'{0x0000000711ee0040}: static Lcom/github/sarxos/webcam/ds/buildin/natives/DeviceList;.getNumDevices()I> (0x0000000711ee0040) 
thrown [s\open\src\hotspot\share\prims\jni.cpp, line 1111]
Event: 5.771 Thread 0x000001aa462e34e0 Exception <a 'java/lang/NoSuchMethodError'{0x0000000711ee03b8}: static Lcom/github/sarxos/webcam/ds/buildin/natives/DeviceList;.getDevice(I)Lorg/bridj/Pointer;> (0x0000000711ee03b8) 
thrown [s\open\src\hotspot\share\prims\jni.cpp, line 1111]
Event: 5.772 Thread 0x000001aa462e34e0 Exception <a 'java/lang/NoSuchMethodError'{0x0000000711ee8f88}: static Lcom/github/sarxos/webcam/ds/buildin/natives/Device;.getName()Lorg/bridj/Pointer;> (0x0000000711ee8f88) 
thrown [s\open\src\hotspot\share\prims\jni.cpp, line 1111]
Event: 5.772 Thread 0x000001aa462e34e0 Exception <a 'java/lang/NoSuchMethodError'{0x0000000711ee9300}: static Lcom/github/sarxos/webcam/ds/buildin/natives/Device;.getIdentifier()Lorg/bridj/Pointer;> (0x0000000711ee9300) 
thrown [s\open\src\hotspot\share\prims\jni.cpp, line 1111]
Event: 7.006 Thread 0x000001aa462e06f0 Exception <a 'java/lang/NoSuchMethodError'{0x0000000711dd7478}: 'int java.lang.invoke.DirectMethodHandle$Holder.invokeStaticInit(java.lang.Object, java.lang.Object, java.lang.Object, java.lang.Object)'> (0x0000000711dd7478) 
thrown [s\open\src\hotspot\share\interpreter\linkResolver.cpp, line 774]
Event: 7.006 Thread 0x000001aa462e06f0 Exception <a 'java/lang/NoSuchMethodError'{0x0000000711ddff28}: 'java.lang.Object java.lang.invoke.DirectMethodHandle$Holder.invokeInterface(java.lang.Object, java.lang.Object)'> (0x0000000711ddff28) 
thrown [s\open\src\hotspot\share\interpreter\linkResolver.cpp, line 774]
Event: 7.006 Thread 0x000001aa462e06f0 Exception <a 'java/lang/IncompatibleClassChangeError'{0x0000000711de31a0}: Found class java.lang.Object, but interface was expected> (0x0000000711de31a0) 
thrown [s\open\src\hotspot\share\interpreter\linkResolver.cpp, line 841]
Event: 7.007 Thread 0x000001aa462e06f0 Exception <a 'java/lang/NoSuchMethodError'{0x0000000711de5bf8}: 'void java.lang.invoke.DirectMethodHandle$Holder.invokeStaticInit(java.lang.Object, java.lang.Object)'> (0x0000000711de5bf8) 
thrown [s\open\src\hotspot\share\interpreter\linkResolver.cpp, line 774]
Event: 7.007 Thread 0x000001aa462e06f0 Exception <a 'java/lang/NoSuchMethodError'{0x0000000711deb2d8}: 'int java.lang.invoke.DirectMethodHandle$Holder.invokeStaticInit(java.lang.Object, java.lang.Object)'> (0x0000000711deb2d8) 
thrown [s\open\src\hotspot\share\interpreter\linkResolver.cpp, line 774]

ZGC Phase Switch (0 events):
No events

VM Operations (20 events):
Event: 1.535 Executing VM operation: Cleanup done
Event: 4.254 Executing VM operation: HandshakeAllThreads (Deoptimize)
Event: 4.254 Executing VM operation: HandshakeAllThreads (Deoptimize) done
Event: 4.254 Executing VM operation: Cleanup
Event: 4.255 Executing VM operation: Cleanup done
Event: 4.255 Executing VM operation: HandshakeAllThreads (Deoptimize)
Event: 4.255 Executing VM operation: HandshakeAllThreads (Deoptimize) done
Event: 4.610 Executing VM operation: HandshakeAllThreads (Deoptimize)
Event: 4.610 Executing VM operation: HandshakeAllThreads (Deoptimize) done
Event: 4.745 Executing VM operation: HandshakeAllThreads (Deoptimize)
Event: 4.745 Executing VM operation: HandshakeAllThreads (Deoptimize) done
Event: 5.436 Executing VM operation: HandshakeAllThreads (Deoptimize)
Event: 5.436 Executing VM operation: HandshakeAllThreads (Deoptimize) done
Event: 5.436 Executing VM operation: Cleanup
Event: 5.436 Executing VM operation: Cleanup done
Event: 5.624 Executing VM operation: HandshakeAllThreads (Deoptimize)
Event: 5.624 Executing VM operation: HandshakeAllThreads (Deoptimize) done
Event: 6.624 Executing VM operation: Cleanup
Event: 6.624 Executing VM operation: Cleanup done
Event: 7.065 Executing VM operation: G1CollectForAllocation (G1 Evacuation Pause)

Events (20 events):
Event: 4.433 Thread 0x000001aa749401e0 Thread added: 0x000001aa749401e0
Event: 4.581 Thread 0x000001aa749401e0 Thread exited: 0x000001aa749401e0
Event: 4.581 Thread 0x000001aa460afc30 Thread added: 0x000001aa460afc30
Event: 4.634 Thread 0x000001aa4630b870 Thread added: 0x000001aa4630b870
Event: 4.635 Thread 0x000001aa463026a0 Thread added: 0x000001aa463026a0
Event: 4.636 Thread 0x000001aa462e3b70 Thread added: 0x000001aa462e3b70
Event: 4.689 Thread 0x000001aa462e2130 Thread added: 0x000001aa462e2130
Event: 5.384 Thread 0x000001aa462e27c0 Thread added: 0x000001aa462e27c0
Event: 5.415 Thread 0x000001aa462e06f0 Thread added: 0x000001aa462e06f0
Event: 5.432 Thread 0x000001aa462e0d80 Thread added: 0x000001aa462e0d80
Event: 5.434 Thread 0x000001aa462e2e50 Thread added: 0x000001aa462e2e50
Event: 5.437 Thread 0x000001aa462e2e50 Thread exited: 0x000001aa462e2e50
Event: 5.447 Thread 0x000001aa462e34e0 Thread added: 0x000001aa462e34e0
Event: 5.520 Thread 0x000001aa7493fb10 Thread added: 0x000001aa7493fb10
Event: 5.776 Thread 0x000001aa462e0d80 Thread exited: 0x000001aa462e0d80
Event: 5.777 Thread 0x000001aa462e0d80 Thread added: 0x000001aa462e0d80
Event: 5.791 Thread 0x000001aa462e1aa0 Thread added: 0x000001aa462e1aa0
Event: 6.134 Thread 0x000001aa7493fb10 Thread exited: 0x000001aa7493fb10
Event: 6.937 Thread 0x000001aa462e2e50 Thread added: 0x000001aa462e2e50
Event: 7.001 Thread 0x000001aa462e1410 Thread added: 0x000001aa462e1410


Dynamic libraries:
0x00007ff7448b0000 - 0x00007ff7448be000 	C:\Users\woelflenico\.jdks\openjdk-22.0.1\bin\java.exe
0x00007ffd91fd0000 - 0x00007ffd921c8000 	C:\WINDOWS\SYSTEM32\ntdll.dll
0x00007ffd90350000 - 0x00007ffd9040d000 	C:\WINDOWS\System32\KERNEL32.DLL
0x00007ffd8fcd0000 - 0x00007ffd8ffc6000 	C:\WINDOWS\System32\KERNELBASE.dll
0x00007ffd8fb30000 - 0x00007ffd8fc30000 	C:\WINDOWS\System32\ucrtbase.dll
0x00007ffd8ad20000 - 0x00007ffd8ad37000 	C:\Users\woelflenico\.jdks\openjdk-22.0.1\bin\jli.dll
0x00007ffd8ad40000 - 0x00007ffd8ad5b000 	C:\Users\woelflenico\.jdks\openjdk-22.0.1\bin\VCRUNTIME140.dll
0x00007ffd911d0000 - 0x00007ffd9136f000 	C:\WINDOWS\System32\USER32.dll
0x00007ffd7ed30000 - 0x00007ffd7efca000 	C:\WINDOWS\WinSxS\amd64_microsoft.windows.common-controls_6595b64144ccf1df_6.0.19041.4355_none_60b8b9eb71f62e16\COMCTL32.dll
0x00007ffd8f680000 - 0x00007ffd8f6a2000 	C:\WINDOWS\System32\win32u.dll
0x00007ffd90f20000 - 0x00007ffd90f4b000 	C:\WINDOWS\System32\GDI32.dll
0x00007ffd902b0000 - 0x00007ffd9034e000 	C:\WINDOWS\System32\msvcrt.dll
0x00007ffd8f910000 - 0x00007ffd8fa27000 	C:\WINDOWS\System32\gdi32full.dll
0x00007ffd8fc30000 - 0x00007ffd8fccd000 	C:\WINDOWS\System32\msvcp_win.dll
0x00007ffd90130000 - 0x00007ffd90162000 	C:\WINDOWS\System32\IMM32.DLL
0x00007ffd8acf0000 - 0x00007ffd8acfc000 	C:\Users\woelflenico\.jdks\openjdk-22.0.1\bin\vcruntime140_1.dll
0x00007ffd6c1e0000 - 0x00007ffd6c26e000 	C:\Users\woelflenico\.jdks\openjdk-22.0.1\bin\msvcp140.dll
0x00007ffd064c0000 - 0x00007ffd07207000 	C:\Users\woelflenico\.jdks\openjdk-22.0.1\bin\server\jvm.dll
0x00007ffd91090000 - 0x00007ffd91140000 	C:\WINDOWS\System32\ADVAPI32.dll
0x00007ffd91ef0000 - 0x00007ffd91f90000 	C:\WINDOWS\System32\sechost.dll
0x00007ffd90000000 - 0x00007ffd90123000 	C:\WINDOWS\System32\RPCRT4.dll
0x00007ffd8ffd0000 - 0x00007ffd8fff7000 	C:\WINDOWS\System32\bcrypt.dll
0x00007ffd90eb0000 - 0x00007ffd90f1b000 	C:\WINDOWS\System32\WS2_32.dll
0x00007ffd8f4d0000 - 0x00007ffd8f51b000 	C:\WINDOWS\SYSTEM32\POWRPROF.dll
0x00007ffd85bd0000 - 0x00007ffd85bf7000 	C:\WINDOWS\SYSTEM32\WINMM.dll
0x00007ffd89d00000 - 0x00007ffd89d0a000 	C:\WINDOWS\SYSTEM32\VERSION.dll
0x00007ffd8f4b0000 - 0x00007ffd8f4c2000 	C:\WINDOWS\SYSTEM32\UMPDC.dll
0x00007ffd8d300000 - 0x00007ffd8d312000 	C:\WINDOWS\SYSTEM32\kernel.appcore.dll
0x00007ffd8a3e0000 - 0x00007ffd8a3ea000 	C:\Users\woelflenico\.jdks\openjdk-22.0.1\bin\jimage.dll
0x00007ffd8aee0000 - 0x00007ffd8b0c4000 	C:\WINDOWS\SYSTEM32\DBGHELP.DLL
0x00007ffd8aea0000 - 0x00007ffd8aed4000 	C:\WINDOWS\SYSTEM32\dbgcore.DLL
0x00007ffd8faa0000 - 0x00007ffd8fb22000 	C:\WINDOWS\System32\bcryptPrimitives.dll
0x00007ffd8adf0000 - 0x00007ffd8adff000 	C:\Users\woelflenico\.jdks\openjdk-22.0.1\bin\instrument.dll
0x00007ffd8a3c0000 - 0x00007ffd8a3de000 	C:\Users\woelflenico\.jdks\openjdk-22.0.1\bin\java.dll
0x00007ffd90600000 - 0x00007ffd90d6b000 	C:\WINDOWS\System32\SHELL32.dll
0x00007ffd918b0000 - 0x00007ffd919db000 	C:\WINDOWS\System32\ole32.dll
0x00007ffd91b90000 - 0x00007ffd91ee3000 	C:\WINDOWS\System32\combase.dll
0x00007ffd8d500000 - 0x00007ffd8dc9d000 	C:\WINDOWS\SYSTEM32\windows.storage.dll
0x00007ffd8eef0000 - 0x00007ffd8ef1e000 	C:\WINDOWS\SYSTEM32\Wldp.dll
0x00007ffd91370000 - 0x00007ffd9143d000 	C:\WINDOWS\System32\OLEAUT32.dll
0x00007ffd90200000 - 0x00007ffd902ad000 	C:\WINDOWS\System32\SHCORE.dll
0x00007ffd90dd0000 - 0x00007ffd90e25000 	C:\WINDOWS\System32\shlwapi.dll
0x00007ffd8f5b0000 - 0x00007ffd8f5d4000 	C:\WINDOWS\SYSTEM32\profapi.dll
0x00007ffd6c100000 - 0x00007ffd6c1d7000 	C:\Users\woelflenico\.jdks\openjdk-22.0.1\bin\jsvml.dll
0x00007ffd87ee0000 - 0x00007ffd87ef7000 	C:\Users\woelflenico\.jdks\openjdk-22.0.1\bin\zip.dll
0x00007ffd883b0000 - 0x00007ffd883c0000 	C:\Users\woelflenico\.jdks\openjdk-22.0.1\bin\net.dll
0x00007ffd8ecd0000 - 0x00007ffd8ed3a000 	C:\WINDOWS\system32\mswsock.dll
0x00007ffd88390000 - 0x00007ffd883a6000 	C:\Users\woelflenico\.jdks\openjdk-22.0.1\bin\nio.dll
0x00007ffd8ae20000 - 0x00007ffd8ae3a000 	D:\IntelliJ\IntelliJ IDEA 2024.1\bin\breakgen64.dll
0x00007ffd86bb0000 - 0x00007ffd86bb9000 	C:\Users\woelflenico\.jdks\openjdk-22.0.1\bin\extnet.dll
0x00007ffd8add0000 - 0x00007ffd8ade2000 	C:\Users\woelflenico\.jdks\openjdk-22.0.1\bin\jsound.dll
0x00007ffd7e8e0000 - 0x00007ffd7e97c000 	C:\WINDOWS\SYSTEM32\DSOUND.dll
0x00007ffd84c40000 - 0x00007ffd84c66000 	C:\WINDOWS\SYSTEM32\winmmbase.dll
0x00007ffd8ef30000 - 0x00007ffd8ef48000 	C:\WINDOWS\SYSTEM32\CRYPTSP.dll
0x00007ffd8e610000 - 0x00007ffd8e644000 	C:\WINDOWS\system32\rsaenh.dll
0x00007ffd8ce30000 - 0x00007ffd8cece000 	C:\WINDOWS\system32\uxtheme.dll
0x00007ffd8f520000 - 0x00007ffd8f54e000 	C:\WINDOWS\SYSTEM32\USERENV.dll
0x00007ffd90550000 - 0x00007ffd905f9000 	C:\WINDOWS\System32\clbcatq.dll
0x00007ffd8ee60000 - 0x00007ffd8ee6c000 	C:\WINDOWS\SYSTEM32\CRYPTBASE.dll
0x00007ffd893b0000 - 0x00007ffd89435000 	C:\WINDOWS\System32\MMDevApi.dll
0x00007ffd8f330000 - 0x00007ffd8f363000 	C:\WINDOWS\System32\DEVOBJ.dll
0x00007ffd8f6b0000 - 0x00007ffd8f6fe000 	C:\WINDOWS\System32\cfgmgr32.dll
0x00007ffd8e9d0000 - 0x00007ffd8ea0b000 	C:\WINDOWS\SYSTEM32\IPHLPAPI.DLL
0x00007ffd90f50000 - 0x00007ffd90f58000 	C:\WINDOWS\System32\NSI.dll
0x00007ffd81830000 - 0x00007ffd81876000 	C:\WINDOWS\SYSTEM32\wdmaud.drv
0x00007ffd82a90000 - 0x00007ffd82a99000 	C:\WINDOWS\SYSTEM32\ksuser.dll
0x00007ffd85bc0000 - 0x00007ffd85bca000 	C:\WINDOWS\SYSTEM32\AVRT.dll
0x00007ffd89570000 - 0x00007ffd896f1000 	C:\WINDOWS\SYSTEM32\AUDIOSES.DLL
0x00007ffd8adc0000 - 0x00007ffd8adcd000 	C:\WINDOWS\SYSTEM32\msacm32.drv
0x00007ffd81ae0000 - 0x00007ffd81afe000 	C:\WINDOWS\SYSTEM32\MSACM32.dll
0x00007ffd8ad90000 - 0x00007ffd8ad9b000 	C:\WINDOWS\SYSTEM32\midimap.dll
0x00007ffd8cef0000 - 0x00007ffd8cf04000 	C:\WINDOWS\SYSTEM32\resourcepolicyclient.dll
0x00007ffcfeb60000 - 0x00007ffcffd5f000 	C:\Users\woelflenico\AppData\Local\Temp\webrtc-java17602785870406530573.dll
0x00007ffd8ddc0000 - 0x00007ffd8deb2000 	C:\WINDOWS\SYSTEM32\dxgi.dll
0x00007ffd65080000 - 0x00007ffd6508b000 	C:\WINDOWS\SYSTEM32\msdmo.dll
0x00007ffd8b5b0000 - 0x00007ffd8b813000 	C:\WINDOWS\SYSTEM32\d3d11.dll
0x00007ffd852b0000 - 0x00007ffd8546c000 	C:\WINDOWS\SYSTEM32\MFPlat.DLL
0x00007ffd88b60000 - 0x00007ffd88b6c000 	C:\WINDOWS\SYSTEM32\Secur32.dll
0x00007ffd8f550000 - 0x00007ffd8f582000 	C:\WINDOWS\SYSTEM32\SSPICLI.DLL
0x00007ffd82380000 - 0x00007ffd823b6000 	C:\WINDOWS\SYSTEM32\RTWorkQ.DLL
0x00007ffd7e580000 - 0x00007ffd7e5f7000 	C:\Windows\System32\mfwmaaec.dll
0x00007ffd7ccd0000 - 0x00007ffd7ce0f000 	C:\Windows\System32\Windows.UI.dll
0x00007ffd7cc00000 - 0x00007ffd7cca1000 	C:\Windows\System32\WindowManagementAPI.dll
0x00007ffd7cb00000 - 0x00007ffd7cbf9000 	C:\Windows\System32\TextInputFramework.dll
0x00007ffd7c920000 - 0x00007ffd7ca72000 	C:\Windows\System32\InputHost.dll
0x00007ffd8be90000 - 0x00007ffd8bfe7000 	C:\WINDOWS\SYSTEM32\wintypes.dll
0x00007ffd7c620000 - 0x00007ffd7c823000 	C:\WINDOWS\SYSTEM32\twinapi.appcore.dll
0x00007ffd8c8c0000 - 0x00007ffd8c9b2000 	C:\Windows\System32\CoreMessaging.dll
0x00007ffd8c560000 - 0x00007ffd8c8bb000 	C:\Windows\System32\CoreUIComponents.dll
0x00007ffd889b0000 - 0x00007ffd88aa6000 	C:\Windows\System32\PROPSYS.dll
0x00007ffd8e730000 - 0x00007ffd8e763000 	C:\WINDOWS\SYSTEM32\ntmarta.dll
0x00007ffd692c0000 - 0x00007ffd6944d000 	C:\Users\woelflenico\.jdks\openjdk-22.0.1\bin\awt.dll
0x00007ffd8cc60000 - 0x00007ffd8ccf0000 	C:\WINDOWS\SYSTEM32\apphelp.dll
0x00007ffd8d120000 - 0x00007ffd8d14f000 	C:\WINDOWS\system32\DWMAPI.DLL
0x00007ffd84280000 - 0x00007ffd843a5000 	C:\WINDOWS\system32\opengl32.dll
0x00007ffd829d0000 - 0x00007ffd829fc000 	C:\WINDOWS\SYSTEM32\GLU32.dll
0x00007ffd90f70000 - 0x00007ffd91084000 	C:\WINDOWS\System32\MSCTF.dll
0x00007ffd6e950000 - 0x00007ffd6e9d7000 	C:\Users\woelflenico\.jdks\openjdk-22.0.1\bin\freetype.dll
0x00007ffd6e3a0000 - 0x00007ffd6e477000 	C:\Users\woelflenico\.jdks\openjdk-22.0.1\bin\fontmanager.dll
0x00007ffd8a410000 - 0x00007ffd8a427000 	C:\WINDOWS\SYSTEM32\dhcpcsvc6.DLL
0x00007ffd8a3f0000 - 0x00007ffd8a40d000 	C:\WINDOWS\SYSTEM32\dhcpcsvc.DLL
0x00007ffd8ea10000 - 0x00007ffd8eadb000 	C:\WINDOWS\SYSTEM32\DNSAPI.dll
0x00007ffd883c0000 - 0x00007ffd883ca000 	C:\Windows\System32\rasadhlp.dll
0x00007ffd8a850000 - 0x00007ffd8a8d0000 	C:\WINDOWS\System32\fwpuclnt.dll
0x00007ffd8ad60000 - 0x00007ffd8ad70000 	C:\Users\woelflenico\.jdks\openjdk-22.0.1\bin\verify.dll
0x00007ffd7eba0000 - 0x00007ffd7ebc9000 	C:\Users\woelflenico\AppData\Local\Temp\BridJExtractedLibraries16636922264705096845\bridj.dll
0x00007ffd7e8a0000 - 0x00007ffd7e8d6000 	C:\Users\WOELFL~1\AppData\Local\Temp\BridJExtractedLibraries16636922264705096845\OpenIMAJGrabber.dll
0x00007ffd81940000 - 0x00007ffd8195d000 	C:\Windows\System32\devenum.dll
0x00007ffd91440000 - 0x00007ffd918ae000 	C:\WINDOWS\System32\setupapi.dll
0x00007ffd8fa30000 - 0x00007ffd8fa97000 	C:\WINDOWS\System32\WINTRUST.dll
0x00007ffd8f700000 - 0x00007ffd8f85e000 	C:\WINDOWS\System32\CRYPT32.dll
0x00007ffd8f160000 - 0x00007ffd8f172000 	C:\WINDOWS\SYSTEM32\MSASN1.dll
0x00007ffd7e780000 - 0x00007ffd7e7b6000 	C:\Windows\System32\qcap.dll
0x00007ffd68c10000 - 0x00007ffd68de0000 	C:\Windows\System32\quartz.dll
0x00007ffd6e5f0000 - 0x00007ffd6e63d000 	C:\Windows\System32\mfksproxy.dll
0x00007ffd0d6c0000 - 0x00007ffd0d6dd000 	C:\Windows\System32\ATL.DLL
0x00007ffd6bf00000 - 0x00007ffd6bf67000 	C:\Windows\System32\MFSENSORGROUP.dll
0x00007ffd6beb0000 - 0x00007ffd6bf00000 	C:\Windows\System32\ksproxy.ax
0x00007ffd7be40000 - 0x00007ffd7c00e000 	C:\Windows\System32\d3d9.dll
0x00007ffd8bde0000 - 0x00007ffd8be81000 	C:\WINDOWS\SYSTEM32\policymanager.dll
0x00007ffd8e6a0000 - 0x00007ffd8e72a000 	C:\Windows\System32\msvcp110_win.dll
0x00007ffd8ace0000 - 0x00007ffd8aced000 	C:\Windows\System32\vidcap.ax
0x00007ffd7e750000 - 0x00007ffd7e777000 	C:\Windows\System32\kswdmcap.ax
0x00007ffd68610000 - 0x00007ffd6877c000 	C:\Windows\System32\MFC42.dll
0x00007ffd69c20000 - 0x00007ffd69cc8000 	C:\Windows\System32\qedit.dll
0x00007ffd90410000 - 0x00007ffd904ea000 	C:\WINDOWS\System32\COMDLG32.dll
0x00007ffd7e2c0000 - 0x00007ffd7e2eb000 	C:\Windows\System32\MSVFW32.dll
0x00007ffd62bc0000 - 0x00007ffd62d67000 	C:\WINDOWS\WinSxS\amd64_microsoft.windows.gdiplus_6595b64144ccf1df_1.1.19041.4355_none_91a3acd0cc88a7e4\gdiplus.dll

dbghelp: loaded successfully - version: 4.0.5 - missing functions: none
symbol engine: initialized successfully - sym options: 0x614 - pdb path: .;C:\Users\woelflenico\.jdks\openjdk-22.0.1\bin;C:\WINDOWS\SYSTEM32;C:\WINDOWS\WinSxS\amd64_microsoft.windows.common-controls_6595b64144ccf1df_6.0.19041.4355_none_60b8b9eb71f62e16;C:\Users\woelflenico\.jdks\openjdk-22.0.1\bin\server;D:\IntelliJ\IntelliJ IDEA 2024.1\bin;C:\Users\woelflenico\AppData\Local\Temp;C:\Users\woelflenico\AppData\Local\Temp\BridJExtractedLibraries16636922264705096845;C:\Users\WOELFL~1\AppData\Local\Temp\BridJExtractedLibraries16636922264705096845;C:\WINDOWS\WinSxS\amd64_microsoft.windows.gdiplus_6595b64144ccf1df_1.1.19041.4355_none_91a3acd0cc88a7e4;C:\Users\woelflenico\.javacpp\cache\javacpp-1.5.5-windows-x86_64.jar\org\bytedeco\javacpp\windows-x86_64

VM Arguments:
jvm_args: -javaagent:D:\IntelliJ\IntelliJ IDEA 2024.1\lib\idea_rt.jar=53911:D:\IntelliJ\IntelliJ IDEA 2024.1\bin -Dfile.encoding=UTF-8 -Dsun.stdout.encoding=UTF-8 -Dsun.stderr.encoding=UTF-8 
java_command: org.example.App 5
java_class_path (initial): D:\webrptcJava\target\classes;C:\Users\woelflenico\.m2\repository\org\bytedeco\javacv-platform\1.5.5\javacv-platform-1.5.5.jar;C:\Users\woelflenico\.m2\repository\org\bytedeco\javacv\1.5.5\javacv-1.5.5.jar;C:\Users\woelflenico\.m2\repository\org\bytedeco\javacpp\1.5.5\javacpp-1.5.5.jar;C:\Users\woelflenico\.m2\repository\org\bytedeco\openblas\0.3.13-1.5.5\openblas-0.3.13-1.5.5.jar;C:\Users\woelflenico\.m2\repository\org\bytedeco\opencv\4.5.1-1.5.5\opencv-4.5.1-1.5.5.jar;C:\Users\woelflenico\.m2\repository\org\bytedeco\ffmpeg\4.3.2-1.5.5\ffmpeg-4.3.2-1.5.5.jar;C:\Users\woelflenico\.m2\repository\org\bytedeco\flycapture\2.13.3.31-1.5.5\flycapture-2.13.3.31-1.5.5.jar;C:\Users\woelflenico\.m2\repository\org\bytedeco\libdc1394\2.2.6-1.5.5\libdc1394-2.2.6-1.5.5.jar;C:\Users\woelflenico\.m2\repository\org\bytedeco\libfreenect\0.5.7-1.5.5\libfreenect-0.5.7-1.5.5.jar;C:\Users\woelflenico\.m2\repository\org\bytedeco\libfreenect2\0.2.0-1.5.5\libfreenect2-0.2.0-1.5.5.jar;C:\Users\woelflenico\.m2\repository\org\bytedeco\librealsense\1.12.4-1.5.5\librealsense-1.12.4-1.5.5.jar;C:\Users\woelflenico\.m2\repository\org\bytedeco\librealsense2\2.40.0-1.5.5\librealsense2-2.40.0-1.5.5.jar;C:\Users\woelflenico\.m2\repository\org\bytedeco\videoinput\0.200-1.5.5\videoinput-0.200-1.5.5.jar;C:\Users\woelflenico\.m2\repository\org\bytedeco\artoolkitplus\2.3.1-1.5.5\artoolkitplus-2.3.1-1.5.5.jar;C:\Users\woelflenico\.m2\repository\org\bytedeco\flandmark\1.07-1.5.5\flandmark-1.07-1.5.5.jar;C:\Users\woelflenico\.m2\repository\org\bytedeco\leptonica\1.80.0-1.5.5\leptonica-1.80.0-1.5.5.jar;C:\Users\woelflenico\.m2\repository\org\bytedeco\tesseract\4.1.1-1.5.5\tesseract-4.1.1-1.5.5.jar;C:\Users\woelflenico\.m2\repository\org\bytedeco\openblas-platform\0.3.13-1.5.5\openblas-platform-0.3.13-1.5.5.jar;C:\Users\woelflenico\.m2\repository\org\bytedeco\javacpp-platform\1.5.5\javacpp-platform-1.5.5.jar;C:\Users\woelflenico\.m2\repository\org\bytedeco\javacpp\1.5.5\javacpp-1.5.5-android-arm.jar;C:\Users\woelflenico\.m2\repository\org\bytedeco\javacpp\1.5.5\javacpp-1.5.5-android-arm64.jar;C:\Users\woelflenico\.m2\repository\org\bytedeco\javacpp\1.5.5\javacpp-1.5.5-android-x86.jar;C:\Users\woelflenico\.m2\repository\org\bytedeco\javacpp\1.5.5\javacpp-1.5.5-android-x86_64.jar;C:\Users\woelflenico\.m2\repository\org\bytedeco\javacpp\1.5.5\javacpp-1.5.5-ios-arm64.jar;C:\Users\woelflenico\.m2\repository\org\bytedeco\javacpp\1.5.5\javacpp-1.5.5-ios-x86_64.jar;C:\Users\woelflenico\.m2\repository\org\bytedeco\javacpp\1.5.5\javacpp-1.5.5-linux-armhf.jar;C:\Users\woelflenico\.m2\repository\org\bytedeco\javacpp\1.5.5\javacpp-1.5.5-linux-arm64.jar;C:\Users\woelflenico\.m2\repository\org\bytedeco\javacpp\1.5.5\javacpp-1.5.5-linux-ppc64le.jar;C:\Users\woelflenico\.m2\repository\org\bytedeco\javacpp\1.5.5\javacpp-1.5.5-linux-x86.jar;C:\Users\woelflenico\.m2\repository\org\bytedeco\javacpp\1.5.5\javacpp-1.5.5-linux-x86_64.jar;C:\Users\woelflenico\.m2\repository\org\bytedeco\javacpp\1.5.5\javacpp-1.5.5-macosx-arm64.jar;C:\Users\woelflenico\.m2\repository\org\bytedeco\javacpp\1.5.5\javacpp-1.5.5-macosx-x86_64.jar;C:\Users\woelflenico\.m2\repository\org\bytedeco\javacpp\1.5.5\javacpp-1.5.5-windows-x86.jar;C:\Users\woelflenico\.m2\repository\org\bytedeco\javacpp\1.5.5\javacpp-1.5.5-windows-x86_64.jar;C:\Users\woelflenico\.m2\repository\org\bytedeco\openblas\0.3.13-1.5.5\openblas-0.3.13-1.5.5-android-arm.jar;C:\Users\woelflenico\.m2\repository\org\bytedeco\openblas\0.3.13-1.5.5\openblas-0.3.13-1.5.5-android-arm64.jar;C:\Users\woelflenico\.m2\repository\org\bytedeco\openblas\0.3.13-1.5.5\openblas-0.3.13-1.5.5-android-x86.jar;C:\Users\woelflenico\.m2\repository\org\bytedeco\openblas\0.3.13-1.5.5\openblas-0.3.13-1.5.5-android-x86_64.jar;C:\Users\woelflenico\.m2\repository\org\bytedeco\openblas\0.3.13-1.5.5\openblas-0.3.13-1.5.5-ios-arm64.jar;C:\Users\woelflenico\.m2\repository\org\bytedeco\openblas\0.3.13-1.5.5\openblas-0.3.13-1.5.5-ios-x86_64.jar;C:\Users\woelflenico\.m2\repository\org\bytedeco\openblas\0.3.13-1.5.5\openblas-0.3.13-1.5.5-linux-x86.jar;C:\Users\woelflenico\.m2\repository\org\bytedeco\openblas\0.3.13-1.5.5\openblas-0.3.13-1.5.5-linux-x86_64.jar;C:\Users\woelflenico\.m2\repository\org\bytedeco\openblas\0.3.13-1.5.5\openblas-0.3.13-1.5.5-linux-armhf.jar;C:\Users\woelflenico\.m2\repository\org\bytedeco\openblas\0.3.13-1.5.5\openblas-0.3.13-1.5.5-linux-arm64.jar;C:\Users\woelflenico\.m2\repository\org\bytedeco\openblas\0.3.13-1.5.5\openblas-0.3.13-1.5.5-linux-ppc64le.jar;C:\Users\woelflenico\.m2\repository\org\bytedeco\openblas\0.3.13-1.5.5\openblas-0.3.13-1.5.5-macosx-x86_64.jar;C:\Users\woelflenico\.m2\repository\org\bytedeco\openblas\0.3.13-1.5.5\openblas-0.3.13-1.5.5-windows-x86.jar;C:\Users\woelflenico\.m2\repository\org\bytedeco\openblas\0.3.13-1.5.5\openblas-0.3.13-1.5.5-windows-x86_64.jar;C:\Users\woelflenico\.m2\repository\org\bytedeco\opencv-platform\4.5.1-1.5.5\opencv-platform-4.5.1-1.5.5.jar;C:\Users\woelflenico\.m2\repository\org\bytedeco\opencv\4.5.1-1.5.5\opencv-4.5.1-1.5.5-android-arm.jar;C:\Users\woelflenico\.m2\repository\org\bytedeco\opencv\4.5.1-1.5.5\opencv-4.5.1-1.5.5-android-arm64.jar;C:\Users\woelflenico\.m2\repository\org\bytedeco\opencv\4.5.1-1.5.5\opencv-4.5.1-1.5.5-android-x86.jar;C:\Users\woelflenico\.m2\repository\org\bytedeco\opencv\4.5.1-1.5.5\opencv-4.5.1-1.5.5-android-x86_64.jar;C:\Users\woelflenico\.m2\repository\org\bytedeco\opencv\4.5.1-1.5.5\opencv-4.5.1-1.5.5-ios-arm64.jar;C:\Users\woelflenico\.m2\repository\org\bytedeco\opencv\4.5.1-1.5.5\opencv-4.5.1-1.5.5-ios-x86_64.jar;C:\Users\woelflenico\.m2\repository\org\bytedeco\opencv\4.5.1-1.5.5\opencv-4.5.1-1.5.5-linux-x86.jar;C:\Users\woelflenico\.m2\repository\org\bytedeco\opencv\4.5.1-1.5.5\opencv-4.5.1-1.5.5-linux-x86_64.jar;C:\Users\woelflenico\.m2\repository\org\bytedeco\opencv\4.5.1-1.5.5\opencv-4.5.1-1.5.5-linux-armhf.jar;C:\Users\woelflenico\.m2\repository\org\bytedeco\opencv\4.5.1-1.5.5\opencv-4.5.1-1.5.5-linux-arm64.jar;C:\Users\woelflenico\.m2\repository\org\bytedeco\opencv\4.5.1-1.5.5\opencv-4.5.1-1.5.5-linux-ppc64le.jar;C:\Users\woelflenico\.m2\repository\org\bytedeco\opencv\4.5.1-1.5.5\opencv-4.5.1-1.5.5-macosx-x86_64.jar;C:\Users\woelflenico\.m2\repository\org\bytedeco\opencv\4.5.1-1.5.5\opencv-4.5.1-1.5.5-windows-x86.jar;C:\Users\woelflenico\.m2\repository\org\bytedeco\opencv\4.5.1-1.5.5\opencv-4.5.1-1.5.5-windows-x86_64.jar;C:\Users\woelflenico\.m2\repository\org\bytedeco\ffmpeg-platform\4.3.2-1.5.5\ffmpeg-platform-4.3.2-1.5.5.jar;C:\Users\woelflenico\.m2\repository\org\bytedeco\ffmpeg\4.3.2-1.5.5\ffmpeg-4.3.2-1.5.5-android-arm.jar;C:\Users\woelflenico\.m2\repository\org\bytedeco\ffmpeg\4.3.2-1.5.5\ffmpeg-4.3.2-1.5.5-android-arm64.jar;C:\Users\woelflenico\.m2\repository\org\bytedeco\ffmpeg\4.3.2-1.5.5\ffmpeg-4.3.2-1.5.5-android-x86.jar;C:\Users\woelflenico\.m2\repository\org\bytedeco\ffmpeg\4.3.2-1.5.5\ffmpeg-4.3.2-1.5.5-android-x86_64.jar;C:\Users\woelflenico\.m2\repository\org\bytedeco\ffmpeg\4.3.2-1.5.5\ffmpeg-4.3.2-1.5.5-linux-x86.jar;C:\Users\woelflenico\.m2\repository\org\bytedeco\ffmpeg\4.3.2-1.5.5\ffmpeg-4.3.2-1.5.5-linux-x86_64.jar;C:\Users\woelflenico\.m2\repository\org\bytedeco\ffmpeg\4.3.2-1.5.5\ffmpeg-4.3.2-1.5.5-linux-armhf.jar;C:\Users\woelflenico\.m2\repository\org\bytedeco\ffmpeg\4.3.2-1.5.5\ffmpeg-4.3.2-1.5.5-linux-arm64.jar;C:\Users\woelflenico\.m2\repository\org\bytedeco\ffmpeg\4.3.2-1.5.5\ffmpeg-4.3.2-1.5.5-linux-ppc64le.jar;C:\Users\woelflenico\.m2\repository\org\bytedeco\ffmpeg\4.3.2-1.5.5\ffmpeg-4.3.2-1.5.5-macosx-x86_64.jar;C:\Users\woelflenico\.m2\repository\org\bytedeco\ffmpeg\4.3.2-1.5.5\ffmpeg-4.3.2-1.5.5-windows-x86.jar;C:\Users\woelflenico\.m2\repository\org\bytedeco\ffmpeg\4.3.2-1.5.5\ffmpeg-4.3.2-1.5.5-windows-x86_64.jar;C:\Users\woelflenico\.m2\repository\org\bytedeco\flycapture-platform\2.13.3.31-1.5.5\flycapture-platform-2.13.3.31-1.5.5.jar;C:\Users\woelflenico\.m2\repository\org\bytedeco\flycapture\2.13.3.31-1.5.5\flycapture-2.13.3.31-1.5.5-linux-x86.jar;C:\Users\woelflenico\.m2\repository\org\bytedeco\flycapture\2.13.3.31-1.5.5\flycapture-2.13.3.31-1.5.5-linux-x86_64.jar;C:\Users\woelflenico\.m2\repository\org\bytedeco\flycapture\2.13.3.31-1.5.5\flycapture-2.13.3.31-1.5.5-linux-armhf.jar;C:\Users\woelflenico\.m2\repository\org\bytedeco\flycapture\2.13.3.31-1.5.5\flycapture-2.13.3.31-1.5.5-linux-arm64.jar;C:\Users\woelflenico\.m2\repository\org\bytedeco\flycapture\2.13.3.31-1.5.5\flycapture-2.13.3.31-1.5.5-windows-x86.jar;C:\Users\woelflenico\.m2\repository\org\bytedeco\flycapture\2.13.3.31-1.5.5\flycapture-2.13.3.31-1.5.5-windows-x86_64.jar;C:\Users\woelflenico\.m2\repository\org\bytedeco\libdc1394-platform\2.2.6-1.5.5\libdc1394-platform-2.2.6-1.5.5.jar;C:\Users\woelflenico\.m2\repository\org\bytedeco\libdc1394\2.2.6-1.5.5\libdc1394-2.2.6-1.5.5-linux-x86.jar;C:\Users\woelflenico\.m2\repository\org\bytedeco\libdc1394\2.2.6-1.5.5\libdc1394-2.2.6-1.5.5-linux-x86_64.jar;C:\Users\woelflenico\.m2\repository\org\bytedeco\libdc1394\2.2.6-1.5.5\libdc1394-2.2.6-1.5.5-linux-armhf.jar;C:\Users\woelflenico\.m2\repository\org\bytedeco\libdc1394\2.2.6-1.5.5\libdc1394-2.2.6-1.5.5-linux-arm64.jar;C:\Users\woelflenico\.m2\repository\org\bytedeco\libdc1394\2.2.6-1.5.5\libdc1394-2.2.6-1.5.5-linux-ppc64le.jar;C:\Users\woelflenico\.m2\repository\org\bytedeco\libdc1394\2.2.6-1.5.5\libdc1394-2.2.6-1.5.5-macosx-x86_64.jar;C:\Users\woelflenico\.m2\repository\org\bytedeco\libdc1394\2.2.6-1.5.5\libdc1394-2.2.6-1.5.5-windows-x86.jar;C:\Users\woelflenico\.m2\repository\org\bytedeco\libdc1394\2.2.6-1.5.5\libdc1394-2.2.6-1.5.5-windows-x86_64.jar;C:\Users\woelflenico\.m2\repository\org\bytedeco\libfreenect-platform\0.5.7-1.5.5\libfreenect-platform-0.5.7-1.5.5.jar;C:\Users\woelflenico\.m2\repository\org\bytedeco\libfreenect\0.5.7-1.5.5\libfreenect-0.5.7-1.5.5-linux-x86.jar;C:\Users\woelflenico\.m2\repository\org\bytedeco\libfreenect\0.5.7-1.5.5\libfreenect-0.5.7-1.5.5-linux-x86_64.jar;C:\Users\woelflenico\.m2\repository\org\bytedeco\libfreenect\0.5.7-1.5.5\libfreenect-0.5.7-1.5.5-linux-armhf.jar;C:\Users\woelflenico\.m2\repository\org\bytedeco\libfreenect\0.5.7-1.5.5\libfreenect-0.5.7-1.5.5-linux-arm64.jar;C:\Users\woelflenico\.m2\repository\org\bytedeco\libfreenect\0.5.7-1.5.5\libfreenect-0.5.7-1.5.5-linux-ppc64le.jar;C:\Users\woelflenico\.m2\repository\org\bytedeco\libfreenect\0.5.7-1.5.5\libfreenect-0.5.7-1.5.5-macosx-x86_64.jar;C:\Users\woelflenico\.m2\repository\org\bytedeco\libfreenect\0.5.7-1.5.5\libfreenect-0.5.7-1.5.5-windows-x86.jar;C:\Users\woelflenico\.m2\repository\org\bytedeco\libfreenect\0.5.7-1.5.5\libfreenect-0.5.7-1.5.5-windows-x86_64.jar;C:\Users\woelflenico\.m2\repository\org\bytedeco\libfreenect2-platform\0.2.0-1.5.5\libfreenect2-platform-0.2.0-1.5.5.jar;C:\Users\woelflenico\.m2\repository\org\bytedeco\libfreenect2\0.2.0-1.5.5\libfreenect2-0.2.0-1.5.5-linux-x86.jar;C:\Users\woelflenico\.m2\repository\org\bytedeco\libfreenect2\0.2.0-1.5.5\libfreenect2-0.2.0-1.5.5-linux-x86_64.jar;C:\Users\woelflenico\.m2\repository\org\bytedeco\libfreenect2\0.2.0-1.5.5\libfreenect2-0.2.0-1.5.5-macosx-x86_64.jar;C:\Users\woelflenico\.m2\repository\org\bytedeco\libfreenect2\0.2.0-1.5.5\libfreenect2-0.2.0-1.5.5-windows-x86_64.jar;C:\Users\woelflenico\.m2\repository\org\bytedeco\librealsense-platform\1.12.4-1.5.5\librealsense-platform-1.12.4-1.5.5.jar;C:\Users\woelflenico\.m2\repository\org\bytedeco\librealsense\1.12.4-1.5.5\librealsense-1.12.4-1.5.5-linux-armhf.jar;C:\Users\woelflenico\.m2\repository\org\bytedeco\librealsense\1.12.4-1.5.5\librealsense-1.12.4-1.5.5-linux-arm64.jar;C:\Users\woelflenico\.m2\repository\org\bytedeco\librealsense\1.12.4-1.5.5\librealsense-1.12.4-1.5.5-linux-x86.jar;C:\Users\woelflenico\.m2\repository\org\bytedeco\librealsense\1.12.4-1.5.5\librealsense-1.12.4-1.5.5-linux-x86_64.jar;C:\Users\woelflenico\.m2\repository\org\bytedeco\librealsense\1.12.4-1.5.5\librealsense-1.12.4-1.5.5-macosx-x86_64.jar;C:\Users\woelflenico\.m2\repository\org\bytedeco\librealsense\1.12.4-1.5.5\librealsense-1.12.4-1.5.5-windows-x86.jar;C:\Users\woelflenico\.m2\repository\org\bytedeco\librealsense\1.12.4-1.5.5\librealsense-1.12.4-1.5.5-windows-x86_64.jar;C:\Users\woelflenico\.m2\repository\org\bytedeco\librealsense2-platform\2.40.0-1.5.5\librealsense2-platform-2.40.0-1.5.5.jar;C:\Users\woelflenico\.m2\repository\org\bytedeco\librealsense2\2.40.0-1.5.5\librealsense2-2.40.0-1.5.5-linux-armhf.jar;C:\Users\woelflenico\.m2\repository\org\bytedeco\librealsense2\2.40.0-1.5.5\librealsense2-2.40.0-1.5.5-linux-arm64.jar;C:\Users\woelflenico\.m2\repository\org\bytedeco\librealsense2\2.40.0-1.5.5\librealsense2-2.40.0-1.5.5-linux-x86.jar;C:\Users\woelflenico\.m2\repository\org\bytedeco\librealsense2\2.40.0-1.5.5\librealsense2-2.40.0-1.5.5-linux-x86_64.jar;C:\Users\woelflenico\.m2\repository\org\bytedeco\librealsense2\2.40.0-1.5.5\librealsense2-2.40.0-1.5.5-macosx-x86_64.jar;C:\Users\woelflenico\.m2\repository\org\bytedeco\librealsense2\2.40.0-1.5.5\librealsense2-2.40.0-1.5.5-windows-x86.jar;C:\Users\woelflenico\.m2\repository\org\bytedeco\librealsense2\2.40.0-1.5.5\librealsense2-2.40.0-1.5.5-windows-x86_64.jar;C:\Users\woelflenico\.m2\repository\org\bytedeco\videoinput-platform\0.200-1.5.5\videoinput-platform-0.200-1.5.5.jar;C:\Users\woelflenico\.m2\repository\org\bytedeco\videoinput\0.200-1.5.5\videoinput-0.200-1.5.5-windows-x86.jar;C:\Users\woelflenico\.m2\repository\org\bytedeco\videoinput\0.200-1.5.5\videoinput-0.200-1.5.5-windows-x86_64.jar;C:\Users\woelflenico\.m2\repository\org\bytedeco\artoolkitplus-platform\2.3.1-1.5.5\artoolkitplus-platform-2.3.1-1.5.5.jar;C:\Users\woelflenico\.m2\repository\org\bytedeco\artoolkitplus\2.3.1-1.5.5\artoolkitplus-2.3.1-1.5.5-android-arm.jar;C:\Users\woelflenico\.m2\repository\org\bytedeco\artoolkitplus\2.3.1-1.5.5\artoolkitplus-2.3.1-1.5.5-android-arm64.jar;C:\Users\woelflenico\.m2\repository\org\bytedeco\artoolkitplus\2.3.1-1.5.5\artoolkitplus-2.3.1-1.5.5-android-x86.jar;C:\Users\woelflenico\.m2\repository\org\bytedeco\artoolkitplus\2.3.1-1.5.5\artoolkitplus-2.3.1-1.5.5-android-x86_64.jar;C:\Users\woelflenico\.m2\repository\org\bytedeco\artoolkitplus\2.3.1-1.5.5\artoolkitplus-2.3.1-1.5.5-linux-x86.jar;C:\Users\woelflenico\.m2\repository\org\bytedeco\artoolkitplus\2.3.1-1.5.5\artoolkitplus-2.3.1-1.5.5-linux-x86_64.jar;C:\Users\woelflenico\.m2\repository\org\bytedeco\artoolkitplus\2.3.1-1.5.5\artoolkitplus-2.3.1-1.5.5-linux-armhf.jar;C:\Users\woelflenico\.m2\repository\org\bytedeco\artoolkitplus\2.3.1-1.5.5\artoolkitplus-2.3.1-1.5.5-linux-arm64.jar;C:\Users\woelflenico\.m2\repository\org\bytedeco\artoolkitplus\2.3.1-1.5.5\artoolkitplus-2.3.1-1.5.5-linux-ppc64le.jar;C:\Users\woelflenico\.m2\repository\org\bytedeco\artoolkitplus\2.3.1-1.5.5\artoolkitplus-2.3.1-1.5.5-macosx-x86_64.jar;C:\Users\woelflenico\.m2\repository\org\bytedeco\artoolkitplus\2.3.1-1.5.5\artoolkitplus-2.3.1-1.5.5-windows-x86.jar;C:\Users\woelflenico\.m2\repository\org\bytedeco\artoolkitplus\2.3.1-1.5.5\artoolkitplus-2.3.1-1.5.5-windows-x86_64.jar;C:\Users\woelflenico\.m2\repository\org\bytedeco\flandmark-platform\1.07-1.5.5\flandmark-platform-1.07-1.5.5.jar;C:\Users\woelflenico\.m2\repository\org\bytedeco\flandmark\1.07-1.5.5\flandmark-1.07-1.5.5-android-arm.jar;C:\Users\woelflenico\.m2\repository\org\bytedeco\flandmark\1.07-1.5.5\flandmark-1.07-1.5.5-android-arm64.jar;C:\Users\woelflenico\.m2\repository\org\bytedeco\flandmark\1.07-1.5.5\flandmark-1.07-1.5.5-android-x86.jar;C:\Users\woelflenico\.m2\repository\org\bytedeco\flandmark\1.07-1.5.5\flandmark-1.07-1.5.5-android-x86_64.jar;C:\Users\woelflenico\.m2\repository\org\bytedeco\flandmark\1.07-1.5.5\flandmark-1.07-1.5.5-linux-x86.jar;C:\Users\woelflenico\.m2\repository\org\bytedeco\flandmark\1.07-1.5.5\flandmark-1.07-1.5.5-linux-x86_64.jar;C:\Users\woelflenico\.m2\repository\org\bytedeco\flandmark\1.07-1.5.5\flandmark-1.07-1.5.5-linux-armhf.jar;C:\Users\woelflenico\.m2\repository\org\bytedeco\flandmark\1.07-1.5.5\flandmark-1.07-1.5.5-linux-arm64.jar;C:\Users\woelflenico\.m2\repository\org\bytedeco\flandmark\1.07-1.5.5\flandmark-1.07-1.5.5-linux-ppc64le.jar;C:\Users\woelflenico\.m2\repository\org\bytedeco\flandmark\1.07-1.5.5\flandmark-1.07-1.5.5-macosx-x86_64.jar;C:\Users\woelflenico\.m2\repository\org\bytedeco\flandmark\1.07-1.5.5\flandmark-1.07-1.5.5-windows-x86.jar;C:\Users\woelflenico\.m2\repository\org\bytedeco\flandmark\1.07-1.5.5\flandmark-1.07-1.5.5-windows-x86_64.jar;C:\Users\woelflenico\.m2\repository\org\bytedeco\leptonica-platform\1.80.0-1.5.5\leptonica-platform-1.80.0-1.5.5.jar;C:\Users\woelflenico\.m2\repository\org\bytedeco\leptonica\1.80.0-1.5.5\leptonica-1.80.0-1.5.5-android-arm.jar;C:\Users\woelflenico\.m2\repository\org\bytedeco\leptonica\1.80.0-1.5.5\leptonica-1.80.0-1.5.5-android-arm64.jar;C:\Users\woelflenico\.m2\repository\org\bytedeco\leptonica\1.80.0-1.5.5\leptonica-1.80.0-1.5.5-android-x86.jar;C:\Users\woelflenico\.m2\repository\org\bytedeco\leptonica\1.80.0-1.5.5\leptonica-1.80.0-1.5.5-android-x86_64.jar;C:\Users\woelflenico\.m2\repository\org\bytedeco\leptonica\1.80.0-1.5.5\leptonica-1.80.0-1.5.5-linux-x86.jar;C:\Users\woelflenico\.m2\repository\org\bytedeco\leptonica\1.80.0-1.5.5\leptonica-1.80.0-1.5.5-linux-x86_64.jar;C:\Users\woelflenico\.m2\repository\org\bytedeco\leptonica\1.80.0-1.5.5\leptonica-1.80.0-1.5.5-linux-armhf.jar;C:\Users\woelflenico\.m2\repository\org\bytedeco\leptonica\1.80.0-1.5.5\leptonica-1.80.0-1.5.5-linux-arm64.jar;C:\Users\woelflenico\.m2\repository\org\bytedeco\leptonica\1.80.0-1.5.5\leptonica-1.80.0-1.5.5-linux-ppc64le.jar;C:\Users\woelflenico\.m2\repository\org\bytedeco\leptonica\1.80.0-1.5.5\leptonica-1.80.0-1.5.5-macosx-x86_64.jar;C:\Users\woelflenico\.m2\repository\org\bytedeco\leptonica\1.80.0-1.5.5\leptonica-1.80.0-1.5.5-windows-x86.jar;C:\Users\woelflenico\.m2\repository\org\bytedeco\leptonica\1.80.0-1.5.5\leptonica-1.80.0-1.5.5-windows-x86_64.jar;C:\Users\woelflenico\.m2\repository\org\bytedeco\tesseract-platform\4.1.1-1.5.5\tesseract-platform-4.1.1-1.5.5.jar;C:\Users\woelflenico\.m2\repository\org\bytedeco\tesseract\4.1.1-1.5.5\tesseract-4.1.1-1.5.5-android-arm.jar;C:\Users\woelflenico\.m2\repository\org\bytedeco\tesseract\4.1.1-1.5.5\tesseract-4.1.1-1.5.5-android-arm64.jar;C:\Users\woelflenico\.m2\repository\org\bytedeco\tesseract\4.1.1-1.5.5\tesseract-4.1.1-1.5.5-android-x86.jar;C:\Users\woelflenico\.m2\repository\org\bytedeco\tesseract\4.1.1-1.5.5\tesseract-4.1.1-1.5.5-android-x86_64.jar;C:\Users\woelflenico\.m2\repository\org\bytedeco\tesseract\4.1.1-1.5.5\tesseract-4.1.1-1.5.5-linux-x86.jar;C:\Users\woelflenico\.m2\repository\org\bytedeco\tesseract\4.1.1-1.5.5\tesseract-4.1.1-1.5.5-linux-x86_64.jar;C:\Users\woelflenico\.m2\repository\org\bytedeco\tesseract\4.1.1-1.5.5\tesseract-4.1.1-1.5.5-linux-armhf.jar;C:\Users\woelflenico\.m2\repository\org\bytedeco\tesseract\4.1.1-1.5.5\tesseract-4.1.1-1.5.5-linux-arm64.jar;C:\Users\woelflenico\.m2\repository\org\bytedeco\tesseract\4.1.1-1.5.5\tesseract-4.1.1-1.5.5-linux-ppc64le.jar;C:\Users\woelflenico\.m2\repository\org\bytedeco\tesseract\4.1.1-1.5.5\tesseract-4.1.1-1.5.5-macosx-x86_64.jar;C:\Users\woelflenico\.m2\repository\org\bytedeco\tesseract\4.1.1-1.5.5\tesseract-4.1.1-1.5.5-windows-x86.jar;C:\Users\woelflenico\.m2\repository\org\bytedeco\tesseract\4.1.1-1.5.5\tesseract-4.1.1-1.5.5-windows-x86_64.jar;C:\Users\woelflenico\.m2\repository\dev\onvoid\webrtc\webrtc-java\0.8.0\webrtc-java-0.8.0.jar;C:\Users\woelflenico\.m2\repository\dev\onvoid\webrtc\webrtc-java\0.8.0\webrtc-java-0.8.0-windows-x86_64.jar;C:\Users\woelflenico\.m2\repository\io\github\givimad\whisper-jni\1.5.4-0\whisper-jni-1.5.4-0.jar;C:\Users\woelflenico\.m2\repository\com\github\sarxos\webcam-capture\0.3.12\webcam-capture-0.3.12.jar;C:\Users\woelflenico\.m2\repository\com\nativelibs4java\bridj\0.7.0\bridj-0.7.0.jar;C:\Users\woelflenico\.m2\repository\org\json\json\20240303\json-20240303.jar;C:\Users\woelflenico\.m2\repository\org\java-websocket\Java-WebSocket\1.5.6\Java-WebSocket-1.5.6.jar;C:\Users\woelflenico\.m2\repository\com\google\code\gson\gson\2.10.1\gson-2.10.1.jar;C:\Users\woelflenico\.m2\repository\com\fasterxml\jackson\core\jackson-databind\2.13.3\jackson-databind-2.13.3.jar;C:\Users\woelflenico\.m2\repository\com\fasterxml\jackson\core\jackson-annotations\2.13.3\jackson-annotations-2.13.3.jar;C:\Users\woelflenico\.m2\repository\com\fasterxml\jackson\core\jackson-core\2.13.3\jackson-core-2.13.3.jar;C:\Users\woelflenico\.m2\repository\org\slf4j\slf4j-api\2.0.13\slf4j-api-2.0.13.jar
Launcher Type: SUN_STANDARD

[Global flags]
     intx CICompilerCount                          = 3                                         {product} {ergonomic}
     uint ConcGCThreads                            = 2                                         {product} {ergonomic}
     uint G1ConcRefinementThreads                  = 6                                         {product} {ergonomic}
   size_t G1HeapRegionSize                         = 2097152                                   {product} {ergonomic}
   size_t InitialHeapSize                          = 266338304                                 {product} {ergonomic}
   size_t MarkStackSize                            = 4194304                                   {product} {ergonomic}
   size_t MaxHeapSize                              = 4229955584                                {product} {ergonomic}
   size_t MaxNewSize                               = 2537553920                                {product} {ergonomic}
   size_t MinHeapDeltaBytes                        = 2097152                                   {product} {ergonomic}
   size_t MinHeapSize                              = 8388608                                   {product} {ergonomic}
    uintx NonNMethodCodeHeapSize                   = 5832780                                {pd product} {ergonomic}
    uintx NonProfiledCodeHeapSize                  = 122912730                              {pd product} {ergonomic}
    uintx ProfiledCodeHeapSize                     = 122912730                              {pd product} {ergonomic}
    uintx ReservedCodeCacheSize                    = 251658240                              {pd product} {ergonomic}
     bool SegmentedCodeCache                       = true                                      {product} {ergonomic}
   size_t SoftMaxHeapSize                          = 4229955584                             {manageable} {ergonomic}
     bool UseCompressedOops                        = true                           {product lp64_product} {ergonomic}
     bool UseG1GC                                  = true                                      {product} {ergonomic}
     bool UseLargePagesIndividualAllocation        = false                                  {pd product} {ergonomic}

Logging:
Log output configuration:
 #0: stdout all=warning uptime,level,tags foldmultilines=false
 #1: stderr all=off uptime,level,tags foldmultilines=false

Environment Variables:
JAVA_HOME=C:\Program Files\Java\jdk-17.0.2
PATH=C:\Program Files\Common Files\Oracle\Java\javapath;C:\Program Files (x86)\Common Files\Oracle\Java\javapath;C:\Windows\system32;C:\Windows;C:\Windows\System32\Wbem;C:\Windows\System32\WindowsPowerShell\v1.0\;C:\Windows\System32\OpenSSH\;C:\Program Files\PuTTY\;C:\Program Files\Microsoft VS Code\bin;C:\Program Files\dotnet\;C:\Program Files\Microsoft SQL Server\Client SDK\ODBC\170\Tools\Binn\;C:\Program Files\Microsoft SQL Server\150\Tools\Binn\;C:\Program Files\Java\jdk-17.0.2\bin;C:\Program Files\Git\cmd;C:\Users\woelflenico\AppData\Local\Microsoft\WindowsApps;
USERNAME=woelflenico
OS=Windows_NT
PROCESSOR_IDENTIFIER=Intel64 Family 6 Model 158 Stepping 10, GenuineIntel
TMP=C:\Users\WOELFL~1\AppData\Local\Temp
TEMP=C:\Users\WOELFL~1\AppData\Local\Temp




Periodic native trim disabled

---------------  S Y S T E M  ---------------

OS:
 Windows 10 , 64 bit Build 19041 (10.0.19041.3636)
OS uptime: 0 days 0:33 hours
Hyper-V role detected

CPU: total 6 (initial active 6) (6 cores per cpu, 1 threads per core) family 6 model 158 stepping 10 microcode 0xb4, cx8, cmov, fxsr, mmx, 3dnowpref, sse, sse2, sse3, ssse3, sse4.1, sse4.2, popcnt, lzcnt, tsc, tscinvbit, avx, avx2, aes, erms, clmul, bmi1, bmi2, rtm, adx, fma, vzeroupper, clflush, clflushopt, hv, rdtscp, f16c
Processor Information for all 6 processors :
  Max Mhz: 3000, Current Mhz: 3000, Mhz Limit: 3000

Memory: 4k page, system-wide physical 16129M (6405M free)
TotalPageFile size 18561M (AvailPageFile size 4593M)
current process WorkingSet (physical memory assigned to process): 154M, peak: 154M
current process commit charge ("private bytes"): 396M, peak: 400M

vm_info: OpenJDK 64-Bit Server VM (22.0.1+8-16) for windows-amd64 JRE (22.0.1+8-16), built on 2024-03-12T10:33:16Z by "mach5one" with MS VC++ 17.6 (VS2022)

END.
