#
# A fatal error has been detected by the Java Runtime Environment:
#
#  EXCEPTION_ACCESS_VIOLATION (0xc0000005) at pc=0x00007ffcf9ef6374, pid=16676, tid=11908
#
# JRE version: Java(TM) SE Runtime Environment (21.0.1+12) (build 21.0.1+12-LTS-29)
# Java VM: Java HotSpot(TM) 64-Bit Server VM (21.0.1+12-LTS-29, mixed mode, sharing, tiered, compressed oops, compressed class ptrs, g1 gc, windows-amd64)
# Problematic frame:
# V  [jvm.dll+0x366374]
#
# No core dump will be written. Minidumps are not enabled by default on client versions of Windows
#
# If you would like to submit a bug report, please visit:
#   https://bugreport.java.com/bugreport/crash.jsp
#

---------------  S U M M A R Y ------------

Command Line: -javaagent:C:\Users\Nico\AppData\Local\Programs\IntelliJ IDEA Community Edition\lib\idea_rt.jar=50684:C:\Users\Nico\AppData\Local\Programs\IntelliJ IDEA Community Edition\bin -Dfile.encoding=UTF-8 -Dsun.stdout.encoding=UTF-8 -Dsun.stderr.encoding=UTF-8 org.example.App 5

Host: AMD Ryzen 5 1600X Six-Core Processor           , 12 cores, 31G,  Windows 10 , 64 bit Build 19041 (10.0.19041.3636)
Time: Thu May  9 20:51:28 2024 Mitteleuropäische Sommerzeit elapsed time: 36.635694 seconds (0d 0h 0m 36s)

---------------  T H R E A D  ---------------

Current thread (0x000002116ef4ae30):  WorkerThread "GC Thread#3"    [id=11908, stack(0x000000bd07e00000,0x000000bd07f00000) (1024K)]

Stack: [0x000000bd07e00000,0x000000bd07f00000],  sp=0x000000bd07eff710,  free space=1021k
Native frames: (J=compiled Java code, j=interpreted, Vv=VM code, C=native code)
V  [jvm.dll+0x366374]
V  [jvm.dll+0x366b55]
V  [jvm.dll+0x366835]
V  [jvm.dll+0x36dff4]
V  [jvm.dll+0x36e16b]
V  [jvm.dll+0x881f77]
V  [jvm.dll+0x7fd728]
V  [jvm.dll+0x6c777d]
C  [ucrtbase.dll+0x21bb2]
C  [KERNEL32.DLL+0x17344]
C  [ntdll.dll+0x526b1]


siginfo: EXCEPTION_ACCESS_VIOLATION (0xc0000005), reading address 0x0000000000003e88


Registers:
RAX=0x0000000000000000, RBX=0x000002116e13d080, RCX=0x0000000000000016, RDX=0x0000000000000000
RSP=0x000000bd07eff710, RBP=0x0000000000000001, RSI=0xfffe000000000000, RDI=0x000002116e1a9ea8
R8 =0x0000000000000000, R9 =0x000002110210c250, R10=0x0000000000003e88, R11=0x00007ffd68f415b5
R12=0x000002116e1a9ea0, R13=0x000000bd031fede8, R14=0x000002116e13cf00, R15=0x0000000000000020
RIP=0x00007ffcf9ef6374, EFLAGS=0x0000000000010246


Register to memory mapping:

RAX=0x0 is null
RBX=0x000002116e13d080 points into unknown readable memory: 0x0000000000003e88 | 88 3e 00 00 00 00 00 00
RCX=0x0000000000000016 is an unknown value
RDX=0x0 is null
RSP=0x000000bd07eff710 points into unknown readable memory: 0x0000000015d40000 | 00 00 d4 15 00 00 00 00
RBP=0x0000000000000001 is an unknown value
RSI=0xfffe000000000000 is an unknown value
RDI=0x000002116e1a9ea8 points into unknown readable memory: 0x00007ffcfa5680e0 | e0 80 56 fa fc 7f 00 00
R8 =0x0 is null
R9 =0x000002110210c250 points into unknown readable memory: 0x00007ffcfa55f0b0 | b0 f0 55 fa fc 7f 00 00
R10=0x0000000000003e88 is an unknown value
R11=0x00007ffd68f415b5 VCRUNTIME140.dll
R12=0x000002116e1a9ea0 points into unknown readable memory: 0x00007ffcfa568128 | 28 81 56 fa fc 7f 00 00
R13=0x000000bd031fede8 points into unknown readable memory: 0x000002110210b500 | 00 b5 10 02 11 02 00 00
R14=0x000002116e13cf00 points into unknown readable memory: 0x000000061f0920b0 | b0 20 09 1f 06 00 00 00
R15=0x0000000000000020 is an unknown value

Top of Stack: (sp=0x000000bd07eff710)
0x000000bd07eff710:   0000000015d40000 0000000000000001
0x000000bd07eff720:   0000000000000000 0000000000000070
0x000000bd07eff730:   0000000000000004 00007ffcf9ef6b55
0x000000bd07eff740:   000002116e1a9ea8 0000000000000006
0x000000bd07eff750:   000002116ef4ae30 00007ffcfa5637d0
0x000000bd07eff760:   0000000000000000 000000bd07eff7e0
0x000000bd07eff770:   0000000000000006 000002116ee56830
0x000000bd07eff780:   000000bd031fece0 0000000000000000
0x000000bd07eff790:   00007ffcfa5636e0 0000000015d48c31
0x000000bd07eff7a0:   0000000000000000 00007ffc0000000b
0x000000bd07eff7b0:   000002116ee56830 0000000000000006
0x000000bd07eff7c0:   0000000000000000 0000000000000000
0x000000bd07eff7d0:   0000021101000000 0000000000000000
0x000000bd07eff7e0:   00007ffcfa5636e0 0000000015d48c00
0x000000bd07eff7f0:   0000000000000001 0000000000000002
0x000000bd07eff800:   0000000000000000 0000c691199b708a
0x000000bd07eff810:   0000000000000000 000002116e19fbd0
0x000000bd07eff820:   000002116e19fbe0 00000000000003d8
0x000000bd07eff830:   000002116e19ffb8 000000bd031fece0
0x000000bd07eff840:   0000000000000006 000002116ee56830
0x000000bd07eff850:   000002116e1a9ea0 00007ffcf9ef6835
0x000000bd07eff860:   000002116e1a9ea0 000002116ee56830
0x000000bd07eff870:   0000000000000006 000000bd031fece0
0x000000bd07eff880:   0000000000000006 0000000000000008
0x000000bd07eff890:   0000000000000005 00007ffcf9c40000
0x000000bd07eff8a0:   0000000000000000 00007ffcfa24b0c1
0x000000bd07eff8b0:   0000000000000008 00000000000000f8
0x000000bd07eff8c0:   0000000000000001 00007ffcf9c4c07e
0x000000bd07eff8d0:   0000000000000005 00007ffcf9c4ea46
0x000000bd07eff8e0:   0000000000000000 0000000000000008
0x000000bd07eff8f0:   00007ffcfa5636f0 0000000015d48c19
0x000000bd07eff900:   0000000000000000 0000000000000003 

Instructions: (pc=0x00007ffcf9ef6374)
0x00007ffcf9ef6274:   84 c0 78 3a 4c 8b 07 41 0f b6 c0 24 03 3c 03 75
0x00007ffcf9ef6284:   06 49 83 e0 fc eb 12 48 8b 4b 10 4d 8b c8 4c 8b
0x00007ffcf9ef6294:   c7 e8 96 15 ff ff 4c 8b c0 4c 2b 05 bc 3c 85 00
0x00007ffcf9ef62a4:   8b 0d be 3c 85 00 49 d3 e8 44 89 06 eb 5a 3c fd
0x00007ffcf9ef62b4:   75 37 41 8b 88 18 02 00 00 48 8b d7 49 8b 80 10
0x00007ffcf9ef62c4:   02 00 00 48 d3 e0 8b 0d 10 cb 8b 00 48 2b d0 49
0x00007ffcf9ef62d4:   8b 80 90 05 00 00 48 d3 ea 8b ca 80 7c 48 01 fd
0x00007ffcf9ef62e4:   75 17 c6 44 48 01 ff eb 10 3c fc 75 0c 48 8b 4b
0x00007ffcf9ef62f4:   10 48 8b d6 e8 e3 f2 ff ff 8b 53 18 4c 8b c7 48
0x00007ffcf9ef6304:   8b 4b 28 e8 d4 4b fb ff 48 8b 4b 10 e8 8b ee fe
0x00007ffcf9ef6314:   ff 48 8b 7c 24 30 48 8b 5c 24 38 48 83 c4 20 5e
0x00007ffcf9ef6324:   c3 cc cc cc cc cc cc cc cc cc cc cc 48 89 5c 24
0x00007ffcf9ef6334:   08 57 48 83 ec 20 4c 8b 12 48 8b da 48 8b f9 4d
0x00007ffcf9ef6344:   85 d2 0f 84 a6 00 00 00 4c 8b 49 08 4d 8b c2 49
0x00007ffcf9ef6354:   8b 81 a0 05 00 00 41 8b 89 b0 05 00 00 49 d3 e8
0x00007ffcf9ef6364:   42 0f b7 14 40 0f b7 c2 66 c1 e8 08 84 c0 78 2c
0x00007ffcf9ef6374:   49 8b 0a 0f b6 c1 24 03 3c 03 75 09 48 83 e1 fc
0x00007ffcf9ef6384:   48 89 0b eb 60 4c 8b c9 4d 8b c2 48 8b 4f 10 e8
0x00007ffcf9ef6394:   98 14 ff ff 48 8b c8 48 89 03 eb 49 3c fd 75 35
0x00007ffcf9ef63a4:   41 8b 89 18 02 00 00 49 8b 81 10 02 00 00 48 d3
0x00007ffcf9ef63b4:   e0 8b 0d 25 ca 8b 00 4c 2b d0 49 8b 81 90 05 00
0x00007ffcf9ef63c4:   00 49 d3 ea 41 8b ca 80 7c 48 01 fd 75 17 c6 44
0x00007ffcf9ef63d4:   48 01 ff eb 10 3c fc 75 0c 48 8b 4f 10 48 8b d3
0x00007ffcf9ef63e4:   e8 97 f1 ff ff 48 8b 4f 10 e8 ae ed fe ff 48 8b
0x00007ffcf9ef63f4:   5c 24 30 48 83 c4 20 5f c3 cc cc cc 48 89 5c 24
0x00007ffcf9ef6404:   08 57 48 83 ec 20 8b 02 48 8b fa 48 8b d9 85 c0
0x00007ffcf9ef6414:   0f 84 c7 00 00 00 8b 0d 48 3b 85 00 44 8b d0 4c
0x00007ffcf9ef6424:   8b 4b 08 49 d3 e2 4c 03 15 2f 3b 85 00 4d 8b c2
0x00007ffcf9ef6434:   49 8b 81 a0 05 00 00 41 8b 89 b0 05 00 00 49 d3
0x00007ffcf9ef6444:   e8 42 0f b7 14 40 0f b7 c2 66 c1 e8 08 84 c0 78
0x00007ffcf9ef6454:   3a 4d 8b 02 41 0f b6 c0 24 03 3c 03 75 06 49 83
0x00007ffcf9ef6464:   e0 fc eb 12 48 8b 4b 10 4d 8b c8 4d 8b c2 e8 b9 


Stack slot to memory mapping:

stack at sp + 0 slots: 0x0000000015d40000 is an unknown value
stack at sp + 1 slots: 0x0000000000000001 is an unknown value
stack at sp + 2 slots: 0x0 is null
stack at sp + 3 slots: 0x0000000000000070 is an unknown value
stack at sp + 4 slots: 0x0000000000000004 is an unknown value
stack at sp + 5 slots: 0x00007ffcf9ef6b55 jvm.dll
stack at sp + 6 slots: 0x000002116e1a9ea8 points into unknown readable memory: 0x00007ffcfa5680e0 | e0 80 56 fa fc 7f 00 00
stack at sp + 7 slots: 0x0000000000000006 is an unknown value


---------------  P R O C E S S  ---------------

Threads class SMR info:
_java_thread_list=0x000002116f08a100, length=31, elements={
0x00000211020f98c0, 0x000002112819d7f0, 0x000002112819e450, 0x0000021128820db0,
0x0000021128823ba0, 0x0000021128826610, 0x0000021128828f00, 0x000002112883bcc0,
0x00000211288423e0, 0x000002112894c590, 0x000002112894a4c0, 0x000002112894ab50,
0x000002112894b1e0, 0x000002112894b870, 0x00000211289497a0, 0x0000021128949e30,
0x000002112894bf00, 0x0000021128949110, 0x0000021128a0eac0, 0x0000021128a0fe70,
0x0000021128a0afb0, 0x0000021128a10500, 0x0000021128a0e430, 0x0000021128a0d080,
0x0000021128a0d710, 0x0000021128a0f150, 0x0000021128a0dda0, 0x0000021128a11f40,
0x0000021128a0c9f0, 0x0000021128a10b90, 0x0000021128a0f7e0
}

Java Threads: ( => current thread )
  0x00000211020f98c0 JavaThread "main"                              [_thread_in_native, id=23336, stack(0x000000bd02a00000,0x000000bd02b00000) (1024K)]
  0x000002112819d7f0 JavaThread "Reference Handler"          daemon [_thread_blocked, id=9920, stack(0x000000bd03200000,0x000000bd03300000) (1024K)]
  0x000002112819e450 JavaThread "Finalizer"                  daemon [_thread_blocked, id=13380, stack(0x000000bd03300000,0x000000bd03400000) (1024K)]
  0x0000021128820db0 JavaThread "Signal Dispatcher"          daemon [_thread_blocked, id=21976, stack(0x000000bd03400000,0x000000bd03500000) (1024K)]
  0x0000021128823ba0 JavaThread "Attach Listener"            daemon [_thread_blocked, id=9428, stack(0x000000bd03500000,0x000000bd03600000) (1024K)]
  0x0000021128826610 JavaThread "Service Thread"             daemon [_thread_blocked, id=21540, stack(0x000000bd03600000,0x000000bd03700000) (1024K)]
  0x0000021128828f00 JavaThread "Monitor Deflation Thread"   daemon [_thread_blocked, id=4692, stack(0x000000bd03700000,0x000000bd03800000) (1024K)]
  0x000002112883bcc0 JavaThread "C2 CompilerThread0"         daemon [_thread_blocked, id=20412, stack(0x000000bd03800000,0x000000bd03900000) (1024K)]
  0x00000211288423e0 JavaThread "C1 CompilerThread0"         daemon [_thread_blocked, id=17916, stack(0x000000bd03900000,0x000000bd03a00000) (1024K)]
  0x000002112894c590 JavaThread "Common-Cleaner"             daemon [_thread_blocked, id=2816, stack(0x000000bd03a00000,0x000000bd03b00000) (1024K)]
  0x000002112894a4c0 JavaThread "Monitor Ctrl-Break"         daemon [_thread_in_native, id=19320, stack(0x000000bd03b00000,0x000000bd03c00000) (1024K)]
  0x000002112894ab50 JavaThread "Notification Thread"        daemon [_thread_blocked, id=17940, stack(0x000000bd03c00000,0x000000bd03d00000) (1024K)]
  0x000002112894b1e0 JavaThread "WebSocketConnectReadThread-22"        [_thread_in_native, id=20560, stack(0x000000bd03d00000,0x000000bd03e00000) (1024K)]
  0x000002112894b870 JavaThread "WebSocketWriteThread-23"           [_thread_blocked, id=11568, stack(0x000000bd04000000,0x000000bd04100000) (1024K)]
  0x00000211289497a0 JavaThread "connectionLostChecker-1"           [_thread_blocked, id=15416, stack(0x000000bd04100000,0x000000bd04200000) (1024K)]
  0x0000021128949e30 JavaThread "Java Sound Event Dispatcher" daemon [_thread_blocked, id=14648, stack(0x000000bd04200000,0x000000bd04300000) (1024K)]
  0x000002112894bf00 JavaThread "Thread-2"                          [_thread_blocked, id=17376, stack(0x000000bd04700000,0x000000bd04800000) (1024K)]
  0x0000021128949110 JavaThread "Thread-3"                          [_thread_blocked, id=21696, stack(0x000000bd05200000,0x000000bd05300000) (1024K)]
  0x0000021128a0eac0 JavaThread "Thread-4"                          [_thread_blocked, id=2884, stack(0x000000bd05700000,0x000000bd05800000) (1024K)]
  0x0000021128a0fe70 JavaThread "Thread-5"                          [_thread_in_native, id=23120, stack(0x000000bd05a00000,0x000000bd05b00000) (1024K)]
  0x0000021128a0afb0 JavaThread "Thread-6"                          [_thread_blocked, id=20628, stack(0x000000bd06700000,0x000000bd06800000) (1024K)]
  0x0000021128a10500 JavaThread "Thread-7"                          [_thread_blocked, id=22616, stack(0x000000bd06500000,0x000000bd06600000) (1024K)]
  0x0000021128a0e430 JavaThread "Thread-8"                          [_thread_blocked, id=7444, stack(0x000000bd06800000,0x000000bd06900000) (1024K)]
  0x0000021128a0d080 JavaThread "Thread-9"                          [_thread_blocked, id=22700, stack(0x000000bd06900000,0x000000bd06a00000) (1024K)]
  0x0000021128a0d710 JavaThread "Thread-10"                         [_thread_blocked, id=6376, stack(0x000000bd06a00000,0x000000bd06b00000) (1024K)]
  0x0000021128a0f150 JavaThread "Thread-11"                         [_thread_blocked, id=12216, stack(0x000000bd06b00000,0x000000bd06c00000) (1024K)]
  0x0000021128a0dda0 JavaThread "Thread-12"                         [_thread_in_native, id=22796, stack(0x000000bd06d00000,0x000000bd06e00000) (1024K)]
  0x0000021128a11f40 JavaThread "Thread-13"                         [_thread_blocked, id=10628, stack(0x000000bd07800000,0x000000bd07900000) (1024K)]
  0x0000021128a0c9f0 JavaThread "Thread-14"                         [_thread_blocked, id=10076, stack(0x000000bd07700000,0x000000bd07800000) (1024K)]
  0x0000021128a10b90 JavaThread "Thread-15"                         [_thread_blocked, id=18376, stack(0x000000bd07a00000,0x000000bd07b00000) (1024K)]
  0x0000021128a0f7e0 JavaThread "Thread-16"                         [_thread_blocked, id=14148, stack(0x000000bd07b00000,0x000000bd07c00000) (1024K)]
Total: 31

Other Threads:
  0x000002112817b770 VMThread "VM Thread"                           [id=7960, stack(0x000000bd03100000,0x000000bd03200000) (1024K)]
  0x00000211281634e0 WatcherThread "VM Periodic Task Thread"        [id=12672, stack(0x000000bd03000000,0x000000bd03100000) (1024K)]
  0x00000211021a4960 WorkerThread "GC Thread#0"                     [id=3428, stack(0x000000bd02b00000,0x000000bd02c00000) (1024K)]
  0x000002116ef4bcb0 WorkerThread "GC Thread#1"                     [id=9524, stack(0x000000bd07c00000,0x000000bd07d00000) (1024K)]
  0x000002116ef4b1d0 WorkerThread "GC Thread#2"                     [id=1900, stack(0x000000bd07d00000,0x000000bd07e00000) (1024K)]
=>0x000002116ef4ae30 WorkerThread "GC Thread#3"                     [id=11908, stack(0x000000bd07e00000,0x000000bd07f00000) (1024K)]
  0x000002116ef4c050 WorkerThread "GC Thread#4"                     [id=13064, stack(0x000000bd07f00000,0x000000bd08000000) (1024K)]
  0x000002116ef4aa90 WorkerThread "GC Thread#5"                     [id=22184, stack(0x000000bd08000000,0x000000bd08100000) (1024K)]
  0x000002116ef4b570 WorkerThread "GC Thread#6"                     [id=20936, stack(0x000000bd08100000,0x000000bd08200000) (1024K)]
  0x000002116ef4a6f0 WorkerThread "GC Thread#7"                     [id=10464, stack(0x000000bd08200000,0x000000bd08300000) (1024K)]
  0x000002116ef4b910 WorkerThread "GC Thread#8"                     [id=8324, stack(0x000000bd08300000,0x000000bd08400000) (1024K)]
  0x000002116f39f6e0 WorkerThread "GC Thread#9"                     [id=10960, stack(0x000000bd08400000,0x000000bd08500000) (1024K)]
  0x00000211021b6290 ConcurrentGCThread "G1 Main Marker"            [id=23200, stack(0x000000bd02c00000,0x000000bd02d00000) (1024K)]
  0x00000211021b6d90 WorkerThread "G1 Conc#0"                       [id=23128, stack(0x000000bd02d00000,0x000000bd02e00000) (1024K)]
  0x0000021128024100 ConcurrentGCThread "G1 Refine#0"               [id=22940, stack(0x000000bd02e00000,0x000000bd02f00000) (1024K)]
  0x0000021128024c70 ConcurrentGCThread "G1 Service"                [id=16652, stack(0x000000bd02f00000,0x000000bd03000000) (1024K)]
Total: 16

Threads with active compile tasks:
Total: 0

VM state: at safepoint (normal execution)

VM Mutex/Monitor currently owned by a thread:  ([mutex/lock_event])
[0x00007ffcfa7ca5f8] Threads_lock - owner thread: 0x000002112817b770
[0x00007ffcfa7ca6f8] Heap_lock - owner thread: 0x0000021128a0f7e0

Heap address: 0x0000000600c00000, size: 8180 MB, Compressed Oops mode: Zero based, Oop shift amount: 3

CDS archive(s) mapped at: [0x0000021129000000-0x0000021129c90000-0x0000021129c90000), size 13172736, SharedBaseAddress: 0x0000021129000000, ArchiveRelocationMode: 1.
Compressed class space mapped at: 0x000002112a000000-0x000002116a000000, reserved size: 1073741824
Narrow klass base: 0x0000021129000000, Narrow klass shift: 0, Narrow klass range: 0x100000000

GC Precious Log:
 CardTable entry size: 512
 Card Set container configuration: InlinePtr #cards 4 size 8 Array Of Cards #cards 32 size 80 Howl #buckets 8 coarsen threshold 7372 Howl Bitmap #cards 1024 size 144 coarsen threshold 921 Card regions per heap region 1 cards per card region 8192
 CPUs: 12 total, 12 available
 Memory: 32704M
 Large Page Support: Disabled
 NUMA Support: Disabled
 Compressed Oops: Enabled (Zero based)
 Heap Region Size: 4M
 Heap Min Capacity: 8M
 Heap Initial Capacity: 512M
 Heap Max Capacity: 8180M
 Pre-touch: Disabled
 Parallel Workers: 10
 Concurrent Workers: 3
 Concurrent Refinement Workers: 10
 Periodic GC: Disabled

Heap:
 garbage-first heap   total 524288K, used 24576K [0x0000000600c00000, 0x0000000800000000)
  region size 4096K, 7 young (28672K), 1 survivors (4096K)
 Metaspace       used 4778K, committed 4928K, reserved 1114112K
  class space    used 512K, committed 576K, reserved 1048576K

Heap Regions: E=young(eden), S=young(survivor), O=old, HS=humongous(starts), HC=humongous(continues), CS=collection set, F=free, TAMS=top-at-mark-start, PB=parsable bottom
|   0|0x0000000600c00000, 0x0000000600c00000, 0x0000000601000000|  0%| F|  |TAMS 0x0000000600c00000| PB 0x0000000600c00000| Untracked 
|   1|0x0000000601000000, 0x0000000601000000, 0x0000000601400000|  0%| F|  |TAMS 0x0000000601000000| PB 0x0000000601000000| Untracked 
|   2|0x0000000601400000, 0x0000000601400000, 0x0000000601800000|  0%| F|  |TAMS 0x0000000601400000| PB 0x0000000601400000| Untracked 
|   3|0x0000000601800000, 0x0000000601800000, 0x0000000601c00000|  0%| F|  |TAMS 0x0000000601800000| PB 0x0000000601800000| Untracked 
|   4|0x0000000601c00000, 0x0000000601c00000, 0x0000000602000000|  0%| F|  |TAMS 0x0000000601c00000| PB 0x0000000601c00000| Untracked 
|   5|0x0000000602000000, 0x0000000602000000, 0x0000000602400000|  0%| F|  |TAMS 0x0000000602000000| PB 0x0000000602000000| Untracked 
|   6|0x0000000602400000, 0x0000000602400000, 0x0000000602800000|  0%| F|  |TAMS 0x0000000602400000| PB 0x0000000602400000| Untracked 
|   7|0x0000000602800000, 0x0000000602800000, 0x0000000602c00000|  0%| F|  |TAMS 0x0000000602800000| PB 0x0000000602800000| Untracked 
|   8|0x0000000602c00000, 0x0000000602c00000, 0x0000000603000000|  0%| F|  |TAMS 0x0000000602c00000| PB 0x0000000602c00000| Untracked 
|   9|0x0000000603000000, 0x0000000603000000, 0x0000000603400000|  0%| F|  |TAMS 0x0000000603000000| PB 0x0000000603000000| Untracked 
|  10|0x0000000603400000, 0x0000000603400000, 0x0000000603800000|  0%| F|  |TAMS 0x0000000603400000| PB 0x0000000603400000| Untracked 
|  11|0x0000000603800000, 0x0000000603800000, 0x0000000603c00000|  0%| F|  |TAMS 0x0000000603800000| PB 0x0000000603800000| Untracked 
|  12|0x0000000603c00000, 0x0000000603c00000, 0x0000000604000000|  0%| F|  |TAMS 0x0000000603c00000| PB 0x0000000603c00000| Untracked 
|  13|0x0000000604000000, 0x0000000604000000, 0x0000000604400000|  0%| F|  |TAMS 0x0000000604000000| PB 0x0000000604000000| Untracked 
|  14|0x0000000604400000, 0x0000000604400000, 0x0000000604800000|  0%| F|  |TAMS 0x0000000604400000| PB 0x0000000604400000| Untracked 
|  15|0x0000000604800000, 0x0000000604800000, 0x0000000604c00000|  0%| F|  |TAMS 0x0000000604800000| PB 0x0000000604800000| Untracked 
|  16|0x0000000604c00000, 0x0000000604c00000, 0x0000000605000000|  0%| F|  |TAMS 0x0000000604c00000| PB 0x0000000604c00000| Untracked 
|  17|0x0000000605000000, 0x0000000605000000, 0x0000000605400000|  0%| F|  |TAMS 0x0000000605000000| PB 0x0000000605000000| Untracked 
|  18|0x0000000605400000, 0x0000000605400000, 0x0000000605800000|  0%| F|  |TAMS 0x0000000605400000| PB 0x0000000605400000| Untracked 
|  19|0x0000000605800000, 0x0000000605800000, 0x0000000605c00000|  0%| F|  |TAMS 0x0000000605800000| PB 0x0000000605800000| Untracked 
|  20|0x0000000605c00000, 0x0000000605c00000, 0x0000000606000000|  0%| F|  |TAMS 0x0000000605c00000| PB 0x0000000605c00000| Untracked 
|  21|0x0000000606000000, 0x0000000606000000, 0x0000000606400000|  0%| F|  |TAMS 0x0000000606000000| PB 0x0000000606000000| Untracked 
|  22|0x0000000606400000, 0x0000000606400000, 0x0000000606800000|  0%| F|  |TAMS 0x0000000606400000| PB 0x0000000606400000| Untracked 
|  23|0x0000000606800000, 0x0000000606800000, 0x0000000606c00000|  0%| F|  |TAMS 0x0000000606800000| PB 0x0000000606800000| Untracked 
|  24|0x0000000606c00000, 0x0000000606c00000, 0x0000000607000000|  0%| F|  |TAMS 0x0000000606c00000| PB 0x0000000606c00000| Untracked 
|  25|0x0000000607000000, 0x0000000607000000, 0x0000000607400000|  0%| F|  |TAMS 0x0000000607000000| PB 0x0000000607000000| Untracked 
|  26|0x0000000607400000, 0x0000000607400000, 0x0000000607800000|  0%| F|  |TAMS 0x0000000607400000| PB 0x0000000607400000| Untracked 
|  27|0x0000000607800000, 0x0000000607800000, 0x0000000607c00000|  0%| F|  |TAMS 0x0000000607800000| PB 0x0000000607800000| Untracked 
|  28|0x0000000607c00000, 0x0000000607c00000, 0x0000000608000000|  0%| F|  |TAMS 0x0000000607c00000| PB 0x0000000607c00000| Untracked 
|  29|0x0000000608000000, 0x0000000608000000, 0x0000000608400000|  0%| F|  |TAMS 0x0000000608000000| PB 0x0000000608000000| Untracked 
|  30|0x0000000608400000, 0x0000000608400000, 0x0000000608800000|  0%| F|  |TAMS 0x0000000608400000| PB 0x0000000608400000| Untracked 
|  31|0x0000000608800000, 0x0000000608800000, 0x0000000608c00000|  0%| F|  |TAMS 0x0000000608800000| PB 0x0000000608800000| Untracked 
|  32|0x0000000608c00000, 0x0000000608c00000, 0x0000000609000000|  0%| F|  |TAMS 0x0000000608c00000| PB 0x0000000608c00000| Untracked 
|  33|0x0000000609000000, 0x0000000609000000, 0x0000000609400000|  0%| F|  |TAMS 0x0000000609000000| PB 0x0000000609000000| Untracked 
|  34|0x0000000609400000, 0x0000000609400000, 0x0000000609800000|  0%| F|  |TAMS 0x0000000609400000| PB 0x0000000609400000| Untracked 
|  35|0x0000000609800000, 0x0000000609800000, 0x0000000609c00000|  0%| F|  |TAMS 0x0000000609800000| PB 0x0000000609800000| Untracked 
|  36|0x0000000609c00000, 0x0000000609c00000, 0x000000060a000000|  0%| F|  |TAMS 0x0000000609c00000| PB 0x0000000609c00000| Untracked 
|  37|0x000000060a000000, 0x000000060a000000, 0x000000060a400000|  0%| F|  |TAMS 0x000000060a000000| PB 0x000000060a000000| Untracked 
|  38|0x000000060a400000, 0x000000060a400000, 0x000000060a800000|  0%| F|  |TAMS 0x000000060a400000| PB 0x000000060a400000| Untracked 
|  39|0x000000060a800000, 0x000000060a800000, 0x000000060ac00000|  0%| F|  |TAMS 0x000000060a800000| PB 0x000000060a800000| Untracked 
|  40|0x000000060ac00000, 0x000000060ac00000, 0x000000060b000000|  0%| F|  |TAMS 0x000000060ac00000| PB 0x000000060ac00000| Untracked 
|  41|0x000000060b000000, 0x000000060b000000, 0x000000060b400000|  0%| F|  |TAMS 0x000000060b000000| PB 0x000000060b000000| Untracked 
|  42|0x000000060b400000, 0x000000060b400000, 0x000000060b800000|  0%| F|  |TAMS 0x000000060b400000| PB 0x000000060b400000| Untracked 
|  43|0x000000060b800000, 0x000000060b800000, 0x000000060bc00000|  0%| F|  |TAMS 0x000000060b800000| PB 0x000000060b800000| Untracked 
|  44|0x000000060bc00000, 0x000000060bc00000, 0x000000060c000000|  0%| F|  |TAMS 0x000000060bc00000| PB 0x000000060bc00000| Untracked 
|  45|0x000000060c000000, 0x000000060c000000, 0x000000060c400000|  0%| F|  |TAMS 0x000000060c000000| PB 0x000000060c000000| Untracked 
|  46|0x000000060c400000, 0x000000060c400000, 0x000000060c800000|  0%| F|  |TAMS 0x000000060c400000| PB 0x000000060c400000| Untracked 
|  47|0x000000060c800000, 0x000000060c800000, 0x000000060cc00000|  0%| F|  |TAMS 0x000000060c800000| PB 0x000000060c800000| Untracked 
|  48|0x000000060cc00000, 0x000000060cc00000, 0x000000060d000000|  0%| F|  |TAMS 0x000000060cc00000| PB 0x000000060cc00000| Untracked 
|  49|0x000000060d000000, 0x000000060d000000, 0x000000060d400000|  0%| F|  |TAMS 0x000000060d000000| PB 0x000000060d000000| Untracked 
|  50|0x000000060d400000, 0x000000060d400000, 0x000000060d800000|  0%| F|  |TAMS 0x000000060d400000| PB 0x000000060d400000| Untracked 
|  51|0x000000060d800000, 0x000000060d800000, 0x000000060dc00000|  0%| F|  |TAMS 0x000000060d800000| PB 0x000000060d800000| Untracked 
|  52|0x000000060dc00000, 0x000000060dc00000, 0x000000060e000000|  0%| F|  |TAMS 0x000000060dc00000| PB 0x000000060dc00000| Untracked 
|  53|0x000000060e000000, 0x000000060e000000, 0x000000060e400000|  0%| F|  |TAMS 0x000000060e000000| PB 0x000000060e000000| Untracked 
|  54|0x000000060e400000, 0x000000060e400000, 0x000000060e800000|  0%| F|  |TAMS 0x000000060e400000| PB 0x000000060e400000| Untracked 
|  55|0x000000060e800000, 0x000000060e800000, 0x000000060ec00000|  0%| F|  |TAMS 0x000000060e800000| PB 0x000000060e800000| Untracked 
|  56|0x000000060ec00000, 0x000000060ec00000, 0x000000060f000000|  0%| F|  |TAMS 0x000000060ec00000| PB 0x000000060ec00000| Untracked 
|  57|0x000000060f000000, 0x000000060f000000, 0x000000060f400000|  0%| F|  |TAMS 0x000000060f000000| PB 0x000000060f000000| Untracked 
|  58|0x000000060f400000, 0x000000060f400000, 0x000000060f800000|  0%| F|  |TAMS 0x000000060f400000| PB 0x000000060f400000| Untracked 
|  59|0x000000060f800000, 0x000000060f800000, 0x000000060fc00000|  0%| F|  |TAMS 0x000000060f800000| PB 0x000000060f800000| Untracked 
|  60|0x000000060fc00000, 0x000000060fc00000, 0x0000000610000000|  0%| F|  |TAMS 0x000000060fc00000| PB 0x000000060fc00000| Untracked 
|  61|0x0000000610000000, 0x0000000610000000, 0x0000000610400000|  0%| F|  |TAMS 0x0000000610000000| PB 0x0000000610000000| Untracked 
|  62|0x0000000610400000, 0x0000000610400000, 0x0000000610800000|  0%| F|  |TAMS 0x0000000610400000| PB 0x0000000610400000| Untracked 
|  63|0x0000000610800000, 0x0000000610800000, 0x0000000610c00000|  0%| F|  |TAMS 0x0000000610800000| PB 0x0000000610800000| Untracked 
|  64|0x0000000610c00000, 0x0000000610c00000, 0x0000000611000000|  0%| F|  |TAMS 0x0000000610c00000| PB 0x0000000610c00000| Untracked 
|  65|0x0000000611000000, 0x0000000611000000, 0x0000000611400000|  0%| F|  |TAMS 0x0000000611000000| PB 0x0000000611000000| Untracked 
|  66|0x0000000611400000, 0x0000000611400000, 0x0000000611800000|  0%| F|  |TAMS 0x0000000611400000| PB 0x0000000611400000| Untracked 
|  67|0x0000000611800000, 0x0000000611800000, 0x0000000611c00000|  0%| F|  |TAMS 0x0000000611800000| PB 0x0000000611800000| Untracked 
|  68|0x0000000611c00000, 0x0000000611c00000, 0x0000000612000000|  0%| F|  |TAMS 0x0000000611c00000| PB 0x0000000611c00000| Untracked 
|  69|0x0000000612000000, 0x0000000612000000, 0x0000000612400000|  0%| F|  |TAMS 0x0000000612000000| PB 0x0000000612000000| Untracked 
|  70|0x0000000612400000, 0x0000000612400000, 0x0000000612800000|  0%| F|  |TAMS 0x0000000612400000| PB 0x0000000612400000| Untracked 
|  71|0x0000000612800000, 0x0000000612800000, 0x0000000612c00000|  0%| F|  |TAMS 0x0000000612800000| PB 0x0000000612800000| Untracked 
|  72|0x0000000612c00000, 0x0000000612c00000, 0x0000000613000000|  0%| F|  |TAMS 0x0000000612c00000| PB 0x0000000612c00000| Untracked 
|  73|0x0000000613000000, 0x0000000613000000, 0x0000000613400000|  0%| F|  |TAMS 0x0000000613000000| PB 0x0000000613000000| Untracked 
|  74|0x0000000613400000, 0x0000000613400000, 0x0000000613800000|  0%| F|  |TAMS 0x0000000613400000| PB 0x0000000613400000| Untracked 
|  75|0x0000000613800000, 0x0000000613800000, 0x0000000613c00000|  0%| F|  |TAMS 0x0000000613800000| PB 0x0000000613800000| Untracked 
|  76|0x0000000613c00000, 0x0000000613c00000, 0x0000000614000000|  0%| F|  |TAMS 0x0000000613c00000| PB 0x0000000613c00000| Untracked 
|  77|0x0000000614000000, 0x0000000614000000, 0x0000000614400000|  0%| F|  |TAMS 0x0000000614000000| PB 0x0000000614000000| Untracked 
|  78|0x0000000614400000, 0x0000000614400000, 0x0000000614800000|  0%| F|  |TAMS 0x0000000614400000| PB 0x0000000614400000| Untracked 
|  79|0x0000000614800000, 0x0000000614800000, 0x0000000614c00000|  0%| F|  |TAMS 0x0000000614800000| PB 0x0000000614800000| Untracked 
|  80|0x0000000614c00000, 0x0000000614c00000, 0x0000000615000000|  0%| F|  |TAMS 0x0000000614c00000| PB 0x0000000614c00000| Untracked 
|  81|0x0000000615000000, 0x0000000615000000, 0x0000000615400000|  0%| F|  |TAMS 0x0000000615000000| PB 0x0000000615000000| Untracked 
|  82|0x0000000615400000, 0x0000000615400000, 0x0000000615800000|  0%| F|  |TAMS 0x0000000615400000| PB 0x0000000615400000| Untracked 
|  83|0x0000000615800000, 0x0000000615800000, 0x0000000615c00000|  0%| F|  |TAMS 0x0000000615800000| PB 0x0000000615800000| Untracked 
|  84|0x0000000615c00000, 0x0000000615c00000, 0x0000000616000000|  0%| F|  |TAMS 0x0000000615c00000| PB 0x0000000615c00000| Untracked 
|  85|0x0000000616000000, 0x0000000616000000, 0x0000000616400000|  0%| F|  |TAMS 0x0000000616000000| PB 0x0000000616000000| Untracked 
|  86|0x0000000616400000, 0x0000000616400000, 0x0000000616800000|  0%| F|  |TAMS 0x0000000616400000| PB 0x0000000616400000| Untracked 
|  87|0x0000000616800000, 0x0000000616800000, 0x0000000616c00000|  0%| F|  |TAMS 0x0000000616800000| PB 0x0000000616800000| Untracked 
|  88|0x0000000616c00000, 0x0000000616c00000, 0x0000000617000000|  0%| F|  |TAMS 0x0000000616c00000| PB 0x0000000616c00000| Untracked 
|  89|0x0000000617000000, 0x0000000617000000, 0x0000000617400000|  0%| F|  |TAMS 0x0000000617000000| PB 0x0000000617000000| Untracked 
|  90|0x0000000617400000, 0x0000000617400000, 0x0000000617800000|  0%| F|  |TAMS 0x0000000617400000| PB 0x0000000617400000| Untracked 
|  91|0x0000000617800000, 0x0000000617800000, 0x0000000617c00000|  0%| F|  |TAMS 0x0000000617800000| PB 0x0000000617800000| Untracked 
|  92|0x0000000617c00000, 0x0000000617c00000, 0x0000000618000000|  0%| F|  |TAMS 0x0000000617c00000| PB 0x0000000617c00000| Untracked 
|  93|0x0000000618000000, 0x0000000618000000, 0x0000000618400000|  0%| F|  |TAMS 0x0000000618000000| PB 0x0000000618000000| Untracked 
|  94|0x0000000618400000, 0x0000000618400000, 0x0000000618800000|  0%| F|  |TAMS 0x0000000618400000| PB 0x0000000618400000| Untracked 
|  95|0x0000000618800000, 0x0000000618800000, 0x0000000618c00000|  0%| F|  |TAMS 0x0000000618800000| PB 0x0000000618800000| Untracked 
|  96|0x0000000618c00000, 0x0000000618c00000, 0x0000000619000000|  0%| F|  |TAMS 0x0000000618c00000| PB 0x0000000618c00000| Untracked 
|  97|0x0000000619000000, 0x0000000619000000, 0x0000000619400000|  0%| F|  |TAMS 0x0000000619000000| PB 0x0000000619000000| Untracked 
|  98|0x0000000619400000, 0x0000000619400000, 0x0000000619800000|  0%| F|  |TAMS 0x0000000619400000| PB 0x0000000619400000| Untracked 
|  99|0x0000000619800000, 0x0000000619800000, 0x0000000619c00000|  0%| F|  |TAMS 0x0000000619800000| PB 0x0000000619800000| Untracked 
| 100|0x0000000619c00000, 0x0000000619c00000, 0x000000061a000000|  0%| F|  |TAMS 0x0000000619c00000| PB 0x0000000619c00000| Untracked 
| 101|0x000000061a000000, 0x000000061a000000, 0x000000061a400000|  0%| F|  |TAMS 0x000000061a000000| PB 0x000000061a000000| Untracked 
| 102|0x000000061a400000, 0x000000061a400000, 0x000000061a800000|  0%| F|  |TAMS 0x000000061a400000| PB 0x000000061a400000| Untracked 
| 103|0x000000061a800000, 0x000000061a800000, 0x000000061ac00000|  0%| F|  |TAMS 0x000000061a800000| PB 0x000000061a800000| Untracked 
| 104|0x000000061ac00000, 0x000000061ac00000, 0x000000061b000000|  0%| F|  |TAMS 0x000000061ac00000| PB 0x000000061ac00000| Untracked 
| 105|0x000000061b000000, 0x000000061b000000, 0x000000061b400000|  0%| F|  |TAMS 0x000000061b000000| PB 0x000000061b000000| Untracked 
| 106|0x000000061b400000, 0x000000061b400000, 0x000000061b800000|  0%| F|  |TAMS 0x000000061b400000| PB 0x000000061b400000| Untracked 
| 107|0x000000061b800000, 0x000000061b800000, 0x000000061bc00000|  0%| F|  |TAMS 0x000000061b800000| PB 0x000000061b800000| Untracked 
| 108|0x000000061bc00000, 0x000000061bc00000, 0x000000061c000000|  0%| F|  |TAMS 0x000000061bc00000| PB 0x000000061bc00000| Untracked 
| 109|0x000000061c000000, 0x000000061c000000, 0x000000061c400000|  0%| F|  |TAMS 0x000000061c000000| PB 0x000000061c000000| Untracked 
| 110|0x000000061c400000, 0x000000061c400000, 0x000000061c800000|  0%| F|  |TAMS 0x000000061c400000| PB 0x000000061c400000| Untracked 
| 111|0x000000061c800000, 0x000000061c800000, 0x000000061cc00000|  0%| F|  |TAMS 0x000000061c800000| PB 0x000000061c800000| Untracked 
| 112|0x000000061cc00000, 0x000000061cc00000, 0x000000061d000000|  0%| F|  |TAMS 0x000000061cc00000| PB 0x000000061cc00000| Untracked 
| 113|0x000000061d000000, 0x000000061d000000, 0x000000061d400000|  0%| F|  |TAMS 0x000000061d000000| PB 0x000000061d000000| Untracked 
| 114|0x000000061d400000, 0x000000061d400000, 0x000000061d800000|  0%| F|  |TAMS 0x000000061d400000| PB 0x000000061d400000| Untracked 
| 115|0x000000061d800000, 0x000000061d800000, 0x000000061dc00000|  0%| F|  |TAMS 0x000000061d800000| PB 0x000000061d800000| Untracked 
| 116|0x000000061dc00000, 0x000000061dc00000, 0x000000061e000000|  0%| F|  |TAMS 0x000000061dc00000| PB 0x000000061dc00000| Untracked 
| 117|0x000000061e000000, 0x000000061e000000, 0x000000061e400000|  0%| F|  |TAMS 0x000000061e000000| PB 0x000000061e000000| Untracked 
| 118|0x000000061e400000, 0x000000061e400000, 0x000000061e800000|  0%| F|  |TAMS 0x000000061e400000| PB 0x000000061e400000| Untracked 
| 119|0x000000061e800000, 0x000000061e800000, 0x000000061ec00000|  0%| F|  |TAMS 0x000000061e800000| PB 0x000000061e800000| Untracked 
| 120|0x000000061ec00000, 0x000000061ec00000, 0x000000061f000000|  0%| F|  |TAMS 0x000000061ec00000| PB 0x000000061ec00000| Untracked 
| 121|0x000000061f000000, 0x000000061f2db7a0, 0x000000061f400000| 71%| S|  |TAMS 0x000000061f000000| PB 0x000000061f000000| Complete 
| 122|0x000000061f400000, 0x000000061f800000, 0x000000061f800000|100%| E|CS|TAMS 0x000000061f400000| PB 0x000000061f400000| Complete 
| 123|0x000000061f800000, 0x000000061fc00000, 0x000000061fc00000|100%| E|CS|TAMS 0x000000061f800000| PB 0x000000061f800000| Complete 
| 124|0x000000061fc00000, 0x0000000620000000, 0x0000000620000000|100%| E|CS|TAMS 0x000000061fc00000| PB 0x000000061fc00000| Complete 
| 125|0x0000000620000000, 0x0000000620400000, 0x0000000620400000|100%| E|CS|TAMS 0x0000000620000000| PB 0x0000000620000000| Complete 
| 126|0x0000000620400000, 0x0000000620800000, 0x0000000620800000|100%| E|CS|TAMS 0x0000000620400000| PB 0x0000000620400000| Complete 
| 127|0x0000000620800000, 0x0000000620c00000, 0x0000000620c00000|100%| E|CS|TAMS 0x0000000620800000| PB 0x0000000620800000| Complete 

Card table byte_map: [0x000002111c9f0000,0x000002111d9f0000] _byte_map_base: 0x00000211199ea000

Marking Bits: (CMBitMap*) 0x00000211021a5060
 Bits: [0x000002111d9f0000, 0x00000211259c0000)

Polling page: 0x0000021101ec0000

Metaspace:

Usage:
  Non-class:      4.17 MB used.
      Class:    512.30 KB used.
       Both:      4.67 MB used.

Virtual space:
  Non-class space:       64.00 MB reserved,       4.25 MB (  7%) committed,  1 nodes.
      Class space:        1.00 GB reserved,     576.00 KB ( <1%) committed,  1 nodes.
             Both:        1.06 GB reserved,       4.81 MB ( <1%) committed. 

Chunk freelists:
   Non-Class:  10.75 MB
       Class:  15.45 MB
        Both:  26.20 MB

MaxMetaspaceSize: unlimited
CompressedClassSpaceSize: 1.00 GB
Initial GC threshold: 21.00 MB
Current GC threshold: 21.00 MB
CDS: on
 - commit_granule_bytes: 65536.
 - commit_granule_words: 8192.
 - virtual_space_node_default_size: 8388608.
 - enlarge_chunks_in_place: 1.
 - use_allocation_guard: 0.


Internal statistics:

num_allocs_failed_limit: 0.
num_arena_births: 64.
num_arena_deaths: 0.
num_vsnodes_births: 2.
num_vsnodes_deaths: 0.
num_space_committed: 77.
num_space_uncommitted: 0.
num_chunks_returned_to_freelist: 0.
num_chunks_taken_from_freelist: 148.
num_chunk_merges: 0.
num_chunk_splits: 93.
num_chunks_enlarged: 67.
num_inconsistent_stats: 0.

CodeHeap 'non-profiled nmethods': size=120000Kb used=450Kb max_used=450Kb free=119549Kb
 bounds [0x0000021113830000, 0x0000021113aa0000, 0x000002111ad60000]
CodeHeap 'profiled nmethods': size=120000Kb used=2169Kb max_used=2169Kb free=117830Kb
 bounds [0x000002110bd60000, 0x000002110bfd0000, 0x0000021113290000]
CodeHeap 'non-nmethods': size=5760Kb used=1375Kb max_used=1405Kb free=4384Kb
 bounds [0x0000021113290000, 0x0000021113500000, 0x0000021113830000]
 total_blobs=1660 nmethods=1183 adapters=382
 compilation: enabled
              stopped_count=0, restarted_count=0
 full_count=0

Compilation events (20 events):
Event: 36.170 Thread 0x00000211288423e0 nmethod 1174 0x000002110bf7ca10 code [0x000002110bf7cc00, 0x000002110bf7d010]
Event: 36.171 Thread 0x00000211288423e0 1175       3       org.java_websocket.drafts.Draft_6455::translateSingleFrameCheckPacketSize (27 bytes)
Event: 36.171 Thread 0x00000211288423e0 nmethod 1175 0x000002110bf7d190 code [0x000002110bf7d360, 0x000002110bf7d640]
Event: 36.206 Thread 0x000002112883bcc0 nmethod 1171 0x0000021113899b90 code [0x000002111389a000, 0x000002111389c700]
Event: 36.206 Thread 0x000002112883bcc0 1176       4       com.google.gson.stream.JsonReader::nextQuotedValue (270 bytes)
Event: 36.218 Thread 0x000002112883bcc0 nmethod 1176 0x000002111389e390 code [0x000002111389e600, 0x000002111389f378]
Event: 36.473 Thread 0x000002112883bcc0 1177 %     4       org.java_websocket.util.Charsetfunctions::isValidUTF8 @ 17 (65 bytes)
Event: 36.476 Thread 0x000002112883bcc0 nmethod 1177% 0x000002111389fb10 code [0x000002111389fcc0, 0x000002111389ff20]
Event: 36.489 Thread 0x000002112883bcc0 1178       4       java.nio.ByteBuffer::hasArray (20 bytes)
Event: 36.489 Thread 0x00000211288423e0 1180       3       java.util.LinkedList$ListItr::hasNext (20 bytes)
Event: 36.489 Thread 0x000002112883bcc0 nmethod 1178 0x00000211138a0110 code [0x00000211138a02a0, 0x00000211138a0368]
Event: 36.489 Thread 0x000002112883bcc0 1179       4       java.lang.StringCoding::countPositives (33 bytes)
Event: 36.489 Thread 0x00000211288423e0 nmethod 1180 0x000002110bf7d810 code [0x000002110bf7d9c0, 0x000002110bf7db38]
Event: 36.491 Thread 0x000002112883bcc0 nmethod 1179 0x00000211138a0410 code [0x00000211138a05a0, 0x00000211138a0720]
Event: 36.498 Thread 0x000002112883bcc0 1181       4       java.nio.CharBuffer::array (35 bytes)
Event: 36.498 Thread 0x000002112883bcc0 nmethod 1181 0x00000211138a0810 code [0x00000211138a09a0, 0x00000211138a0a68]
Event: 36.622 Thread 0x00000211288423e0 1182       3       java.lang.invoke.Invokers::maybeCustomize (5 bytes)
Event: 36.622 Thread 0x00000211288423e0 nmethod 1182 0x000002110bf7dc10 code [0x000002110bf7ddc0, 0x000002110bf7df70]
Event: 36.622 Thread 0x00000211288423e0 1183       3       java.lang.invoke.MethodHandle::maybeCustomize (38 bytes)
Event: 36.622 Thread 0x00000211288423e0 nmethod 1183 0x000002110bf7e090 code [0x000002110bf7e260, 0x000002110bf7e658]

GC Heap History (1 events):
Event: 36.624 GC heap before
{Heap before GC invocations=0 (full 0):
 garbage-first heap   total 524288K, used 24576K [0x0000000600c00000, 0x0000000800000000)
  region size 4096K, 6 young (24576K), 0 survivors (0K)
 Metaspace       used 4778K, committed 4928K, reserved 1114112K
  class space    used 512K, committed 576K, reserved 1048576K
}

Dll operation events (12 events):
Event: 0.007 Loaded shared library C:\Program Files\Java\jdk-21\bin\java.dll
Event: 0.038 Loaded shared library C:\Program Files\Java\jdk-21\bin\jsvml.dll
Event: 0.081 Loaded shared library C:\Program Files\Java\jdk-21\bin\zip.dll
Event: 0.084 Loaded shared library C:\Program Files\Java\jdk-21\bin\instrument.dll
Event: 0.088 Loaded shared library C:\Program Files\Java\jdk-21\bin\net.dll
Event: 0.090 Loaded shared library C:\Program Files\Java\jdk-21\bin\nio.dll
Event: 0.093 Loaded shared library C:\Program Files\Java\jdk-21\bin\zip.dll
Event: 0.115 Loaded shared library C:\Users\Nico\AppData\Local\Programs\IntelliJ IDEA Community Edition\bin\breakgen64.dll
Event: 0.122 Loaded shared library C:\Program Files\Java\jdk-21\bin\extnet.dll
Event: 0.160 Loaded shared library C:\Program Files\Java\jdk-21\bin\jimage.dll
Event: 0.223 Loaded shared library C:\Program Files\Java\jdk-21\bin\jsound.dll
Event: 4.714 Loaded shared library C:\Users\Nico\AppData\Local\Temp\webrtc-java15336106944803782262.dll

Deoptimization events (20 events):
Event: 21.777 Thread 0x000002112894bf00 DEOPT PACKING pc=0x000002110bdb24b8 sp=0x000000bd047fefc0
Event: 21.777 Thread 0x000002112894bf00 DEOPT UNPACKING pc=0x00000211132e4e42 sp=0x000000bd047fe598 mode 0
Event: 36.037 Thread 0x0000021128a0dda0 Uncommon trap: trap_request=0xffffff45 fr.pc=0x00000211138405cc relative=0x000000000000012c
Event: 36.037 Thread 0x0000021128a0dda0 Uncommon trap: reason=unstable_if action=reinterpret pc=0x00000211138405cc method=java.lang.StringCoding.countPositives([BII)I @ 17 c2
Event: 36.037 Thread 0x0000021128a0dda0 DEOPT PACKING pc=0x00000211138405cc sp=0x000000bd06dfe890
Event: 36.037 Thread 0x0000021128a0dda0 DEOPT UNPACKING pc=0x00000211132e46a2 sp=0x000000bd06dfe818 mode 2
Event: 36.048 Thread 0x0000021128a0dda0 DEOPT PACKING pc=0x000002110bf69ee7 sp=0x000000bd06dfeaa0
Event: 36.048 Thread 0x0000021128a0dda0 DEOPT UNPACKING pc=0x00000211132e4e42 sp=0x000000bd06dfdf10 mode 0
Event: 36.086 Thread 0x0000021128a0dda0 DEOPT PACKING pc=0x000002110bf69ee7 sp=0x000000bd06dfeaa0
Event: 36.086 Thread 0x0000021128a0dda0 DEOPT UNPACKING pc=0x00000211132e4e42 sp=0x000000bd06dfdf10 mode 0
Event: 36.135 Thread 0x0000021128a0dda0 DEOPT PACKING pc=0x000002110beffa88 sp=0x000000bd06dfe3a0
Event: 36.135 Thread 0x0000021128a0dda0 DEOPT UNPACKING pc=0x00000211132e4e42 sp=0x000000bd06dfd818 mode 0
Event: 36.137 Thread 0x0000021128a0dda0 DEOPT PACKING pc=0x000002110bf69ee7 sp=0x000000bd06dfeaa0
Event: 36.137 Thread 0x0000021128a0dda0 DEOPT UNPACKING pc=0x00000211132e4e42 sp=0x000000bd06dfdf10 mode 0
Event: 36.139 Thread 0x0000021128a0dda0 DEOPT PACKING pc=0x000002110beffa88 sp=0x000000bd06dfe2e0
Event: 36.139 Thread 0x0000021128a0dda0 DEOPT UNPACKING pc=0x00000211132e4e42 sp=0x000000bd06dfd758 mode 0
Event: 36.170 Thread 0x000002112894b1e0 DEOPT PACKING pc=0x000002110bf69ee7 sp=0x000000bd03dff010
Event: 36.170 Thread 0x000002112894b1e0 DEOPT UNPACKING pc=0x00000211132e4e42 sp=0x000000bd03dfe498 mode 0
Event: 36.489 Thread 0x000002112894b1e0 DEOPT PACKING pc=0x000002110bf69ee7 sp=0x000000bd03dfe6f0
Event: 36.489 Thread 0x000002112894b1e0 DEOPT UNPACKING pc=0x00000211132e4e42 sp=0x000000bd03dfdb60 mode 0

Classes loaded (20 events):
Event: 4.560 Loading class sun/net/www/protocol/jar/URLJarFile$URLJarFileEntry
Event: 4.561 Loading class sun/net/www/protocol/jar/URLJarFile$URLJarFileEntry done
Event: 4.561 Loading class sun/net/www/protocol/jar/JarURLConnection$JarURLInputStream
Event: 4.561 Loading class sun/net/www/protocol/jar/JarURLConnection$JarURLInputStream done
Event: 4.561 Loading class java/nio/file/StandardCopyOption
Event: 4.561 Loading class java/nio/file/StandardCopyOption done
Event: 4.562 Loading class sun/nio/ch/ChannelOutputStream
Event: 4.562 Loading class sun/nio/ch/ChannelOutputStream done
Event: 4.580 Loading class jdk/internal/foreign/MemorySessionImpl
Event: 4.580 Loading class java/lang/foreign/MemorySegment$Scope
Event: 4.580 Loading class java/lang/foreign/MemorySegment$Scope done
Event: 4.580 Loading class jdk/internal/foreign/MemorySessionImpl done
Event: 4.723 Loading class java/io/DeleteOnExitHook
Event: 4.723 Loading class java/io/DeleteOnExitHook done
Event: 4.723 Loading class java/io/DeleteOnExitHook$1
Event: 4.723 Loading class java/io/DeleteOnExitHook$1 done
Event: 4.938 Loading class java/lang/invoke/DirectMethodHandle$Special
Event: 4.938 Loading class java/lang/invoke/DirectMethodHandle$Special done
Event: 31.951 Loading class java/lang/foreign/MemorySegment
Event: 31.951 Loading class java/lang/foreign/MemorySegment done

Classes unloaded (0 events):
No events

Classes redefined (0 events):
No events

Internal exceptions (12 events):
Event: 0.107 Thread 0x00000211020f98c0 Exception <a 'java/lang/NoSuchMethodError'{0x0000000620ba3a88}: 'void java.lang.invoke.DirectMethodHandle$Holder.invokeStatic(java.lang.Object, java.lang.Object, java.lang.Object)'> (0x0000000620ba3a88) 
thrown [s\open\src\hotspot\share\interpreter\linkResolver.cpp, line 773]
Event: 0.111 Thread 0x00000211020f98c0 Exception <a 'java/lang/NoSuchMethodError'{0x0000000620bbb080}: 'java.lang.Object java.lang.invoke.Invokers$Holder.invokeExact_MT(java.lang.Object, java.lang.Object, java.lang.Object, java.lang.Object, java.lang.Object)'> (0x0000000620bbb080) 
thrown [s\open\src\hotspot\share\interpreter\linkResolver.cpp, line 773]
Event: 0.123 Thread 0x000002112894a4c0 Exception <a 'java/lang/NoSuchMethodError'{0x0000000620bfa378}: 'void java.lang.invoke.DirectMethodHandle$Holder.invokeStatic(java.lang.Object, java.lang.Object)'> (0x0000000620bfa378) 
thrown [s\open\src\hotspot\share\interpreter\linkResolver.cpp, line 773]
Event: 0.214 Thread 0x00000211020f98c0 Exception <a 'java/lang/NoSuchMethodError'{0x00000006206f7d10}: 'java.lang.Object java.lang.invoke.DirectMethodHandle$Holder.invokeStaticInit(java.lang.Object, int, int, int, int)'> (0x00000006206f7d10) 
thrown [s\open\src\hotspot\share\interpreter\linkResolver.cpp, line 773]
Event: 0.243 Thread 0x000002112894b1e0 Exception <a 'java/lang/NoSuchMethodError'{0x00000006207e4d10}: 'java.lang.Object java.lang.invoke.DirectMethodHandle$Holder.invokeStaticInit(java.lang.Object, java.lang.Object, int, int, int, int)'> (0x00000006207e4d10) 
thrown [s\open\src\hotspot\share\interpreter\linkResolver.cpp, line 773]
Event: 0.337 Thread 0x000002112894b1e0 Exception <a 'java/lang/NoSuchMethodError'{0x0000000620057228}: 'int java.lang.invoke.DirectMethodHandle$Holder.invokeSpecial(java.lang.Object, java.lang.Object, java.lang.Object)'> (0x0000000620057228) 
thrown [s\open\src\hotspot\share\interpreter\linkResolver.cpp, line 773]
Event: 0.345 Thread 0x000002112894b1e0 Exception <a 'java/lang/NoSuchMethodError'{0x0000000620175560}: 'void java.lang.invoke.Invokers$Holder.invokeExact_MT(java.lang.Object, java.lang.Object, java.lang.Object, java.lang.Object)'> (0x0000000620175560) 
thrown [s\open\src\hotspot\share\interpreter\linkResolver.cpp, line 773]
Event: 1.078 Thread 0x0000021128823ba0 Exception <a 'java/lang/NoSuchMethodError'{0x0000000620360eb0}: 'java.lang.Object java.lang.invoke.Invokers$Holder.invokeExact_MT(java.lang.Object, java.lang.Object, java.lang.Object, java.lang.Object, java.lang.Object, java.lang.Object)'> (0x0000000620360eb0) 
thrown [s\open\src\hotspot\share\interpreter\linkResolver.cpp, line 773]
Event: 4.939 Thread 0x000002112894bf00 Exception <a 'java/lang/NoSuchMethodError'{0x000000061fc96000}: 'java.lang.Object java.lang.invoke.DirectMethodHandle$Holder.newInvokeSpecial(java.lang.Object, java.lang.Object, java.lang.Object, java.lang.Object, int)'> (0x000000061fc96000) 
thrown [s\open\src\hotspot\share\interpreter\linkResolver.cpp, line 773]
Event: 4.940 Thread 0x000002112894bf00 Exception <a 'java/lang/NoSuchMethodError'{0x000000061fc99fe8}: 'java.lang.Object java.lang.invoke.DirectMethodHandle$Holder.invokeSpecial(java.lang.Object, java.lang.Object, java.lang.Object, java.lang.Object, java.lang.Object, int)'> (0x000000061fc99fe8) 
thrown [s\open\src\hotspot\share\interpreter\linkResolver.cpp, line 773]
Event: 4.941 Thread 0x000002112894bf00 Exception <a 'java/lang/NoSuchMethodError'{0x000000061fc9d7a8}: 'java.lang.Object java.lang.invoke.Invokers$Holder.linkToTargetMethod(java.lang.Object, java.lang.Object, java.lang.Object, int, java.lang.Object)'> (0x000000061fc9d7a8) 
thrown [s\open\src\hotspot\share\interpreter\linkResolver.cpp, line 773]
Event: 5.438 Thread 0x000002112894bf00 Exception <a 'java/lang/NoSuchMethodError'{0x000000061fce80a8}: 'void java.lang.invoke.DirectMethodHandle$Holder.invokeStatic(java.lang.Object, java.lang.Object, java.lang.Object, java.lang.Object)'> (0x000000061fce80a8) 
thrown [s\open\src\hotspot\share\interpreter\linkResolver.cpp, line 773]

ZGC Phase Switch (0 events):
No events

VM Operations (20 events):
Event: 5.572 Executing VM operation: Cleanup done
Event: 6.573 Executing VM operation: Cleanup
Event: 6.573 Executing VM operation: Cleanup done
Event: 8.573 Executing VM operation: Cleanup
Event: 8.573 Executing VM operation: Cleanup done
Event: 9.574 Executing VM operation: Cleanup
Event: 9.574 Executing VM operation: Cleanup done
Event: 11.575 Executing VM operation: Cleanup
Event: 11.575 Executing VM operation: Cleanup done
Event: 21.580 Executing VM operation: Cleanup
Event: 21.580 Executing VM operation: Cleanup done
Event: 22.580 Executing VM operation: Cleanup
Event: 22.580 Executing VM operation: Cleanup done
Event: 27.584 Executing VM operation: Cleanup
Event: 27.584 Executing VM operation: Cleanup done
Event: 32.586 Executing VM operation: Cleanup
Event: 32.586 Executing VM operation: Cleanup done
Event: 36.588 Executing VM operation: Cleanup
Event: 36.589 Executing VM operation: Cleanup done
Event: 36.624 Executing VM operation: G1CollectForAllocation (G1 Evacuation Pause)

Events (20 events):
Event: 0.380 Thread 0x0000021128949e30 Thread added: 0x0000021128949e30
Event: 1.081 Thread 0x000002116e0f73b0 Thread added: 0x000002116e0f73b0
Event: 4.553 Thread 0x000002116e0f73b0 Thread exited: 0x000002116e0f73b0
Event: 4.921 Thread 0x000002112894bf00 Thread added: 0x000002112894bf00
Event: 4.947 Thread 0x000002116e7a3350 Thread added: 0x000002116e7a3350
Event: 5.378 Thread 0x000002116e7a3350 Thread exited: 0x000002116e7a3350
Event: 5.440 Thread 0x0000021128949110 Thread added: 0x0000021128949110
Event: 5.441 Thread 0x0000021128a0eac0 Thread added: 0x0000021128a0eac0
Event: 21.094 Thread 0x0000021128a0fe70 Thread added: 0x0000021128a0fe70
Event: 21.618 Thread 0x0000021128a0afb0 Thread added: 0x0000021128a0afb0
Event: 21.621 Thread 0x0000021128a10500 Thread added: 0x0000021128a10500
Event: 21.751 Thread 0x0000021128a0e430 Thread added: 0x0000021128a0e430
Event: 21.751 Thread 0x0000021128a0d080 Thread added: 0x0000021128a0d080
Event: 21.777 Thread 0x0000021128a0d710 Thread added: 0x0000021128a0d710
Event: 21.777 Thread 0x0000021128a0f150 Thread added: 0x0000021128a0f150
Event: 36.016 Thread 0x0000021128a0dda0 Thread added: 0x0000021128a0dda0
Event: 36.498 Thread 0x0000021128a11f40 Thread added: 0x0000021128a11f40
Event: 36.504 Thread 0x0000021128a0c9f0 Thread added: 0x0000021128a0c9f0
Event: 36.623 Thread 0x0000021128a10b90 Thread added: 0x0000021128a10b90
Event: 36.623 Thread 0x0000021128a0f7e0 Thread added: 0x0000021128a0f7e0


Dynamic libraries:
0x00007ff7fbb60000 - 0x00007ff7fbb70000 	C:\Program Files\Java\jdk-21\bin\java.exe
0x00007ffd7a0b0000 - 0x00007ffd7a2a8000 	C:\WINDOWS\SYSTEM32\ntdll.dll
0x00007ffd783d0000 - 0x00007ffd7848d000 	C:\WINDOWS\System32\KERNEL32.DLL
0x00007ffd77900000 - 0x00007ffd77bf6000 	C:\WINDOWS\System32\KERNELBASE.dll
0x00007ffd77800000 - 0x00007ffd77900000 	C:\WINDOWS\System32\ucrtbase.dll
0x00007ffd686b0000 - 0x00007ffd686c9000 	C:\Program Files\Java\jdk-21\bin\jli.dll
0x00007ffd68f40000 - 0x00007ffd68f5b000 	C:\Program Files\Java\jdk-21\bin\VCRUNTIME140.dll
0x00007ffd79f10000 - 0x00007ffd79fc0000 	C:\WINDOWS\System32\ADVAPI32.dll
0x00007ffd78210000 - 0x00007ffd782ae000 	C:\WINDOWS\System32\msvcrt.dll
0x00007ffd78540000 - 0x00007ffd785e0000 	C:\WINDOWS\System32\sechost.dll
0x00007ffd79240000 - 0x00007ffd79363000 	C:\WINDOWS\System32\RPCRT4.dll
0x00007ffd777d0000 - 0x00007ffd777f7000 	C:\WINDOWS\System32\bcrypt.dll
0x00007ffd790a0000 - 0x00007ffd7923f000 	C:\WINDOWS\System32\USER32.dll
0x00007ffd78060000 - 0x00007ffd78082000 	C:\WINDOWS\System32\win32u.dll
0x00007ffd78510000 - 0x00007ffd7853b000 	C:\WINDOWS\System32\GDI32.dll
0x00007ffd62650000 - 0x00007ffd628ea000 	C:\WINDOWS\WinSxS\amd64_microsoft.windows.common-controls_6595b64144ccf1df_6.0.19041.3636_none_60b6a03d71f818d5\COMCTL32.dll
0x00007ffd77d30000 - 0x00007ffd77e47000 	C:\WINDOWS\System32\gdi32full.dll
0x00007ffd77c00000 - 0x00007ffd77c9d000 	C:\WINDOWS\System32\msvcp_win.dll
0x00007ffd71530000 - 0x00007ffd7153a000 	C:\WINDOWS\SYSTEM32\VERSION.dll
0x00007ffd78740000 - 0x00007ffd78772000 	C:\WINDOWS\System32\IMM32.DLL
0x00007ffd73aa0000 - 0x00007ffd73aac000 	C:\Program Files\Java\jdk-21\bin\vcruntime140_1.dll
0x00007ffd68620000 - 0x00007ffd686ae000 	C:\Program Files\Java\jdk-21\bin\msvcp140.dll
0x00007ffcf9b90000 - 0x00007ffcfa8a5000 	C:\Program Files\Java\jdk-21\bin\server\jvm.dll
0x00007ffd79d40000 - 0x00007ffd79dab000 	C:\WINDOWS\System32\WS2_32.dll
0x00007ffd76c60000 - 0x00007ffd76cab000 	C:\WINDOWS\SYSTEM32\POWRPROF.dll
0x00007ffd66b00000 - 0x00007ffd66b27000 	C:\WINDOWS\SYSTEM32\WINMM.dll
0x00007ffd76b20000 - 0x00007ffd76b32000 	C:\WINDOWS\SYSTEM32\UMPDC.dll
0x00007ffd755d0000 - 0x00007ffd755e2000 	C:\WINDOWS\SYSTEM32\kernel.appcore.dll
0x00007ffd71cf0000 - 0x00007ffd71cfa000 	C:\Program Files\Java\jdk-21\bin\jimage.dll
0x00007ffd63590000 - 0x00007ffd63774000 	C:\WINDOWS\SYSTEM32\DBGHELP.DLL
0x00007ffd4dd90000 - 0x00007ffd4ddc4000 	C:\WINDOWS\SYSTEM32\dbgcore.DLL
0x00007ffd77ca0000 - 0x00007ffd77d22000 	C:\WINDOWS\System32\bcryptPrimitives.dll
0x00007ffd73120000 - 0x00007ffd7312f000 	C:\Program Files\Java\jdk-21\bin\instrument.dll
0x00007ffd68600000 - 0x00007ffd6861f000 	C:\Program Files\Java\jdk-21\bin\java.dll
0x00007ffd79520000 - 0x00007ffd79c8b000 	C:\WINDOWS\System32\SHELL32.dll
0x00007ffd757d0000 - 0x00007ffd75f6e000 	C:\WINDOWS\SYSTEM32\windows.storage.dll
0x00007ffd78790000 - 0x00007ffd78ae3000 	C:\WINDOWS\System32\combase.dll
0x00007ffd770b0000 - 0x00007ffd770de000 	C:\WINDOWS\SYSTEM32\Wldp.dll
0x00007ffd78670000 - 0x00007ffd7873d000 	C:\WINDOWS\System32\OLEAUT32.dll
0x00007ffd79fc0000 - 0x00007ffd7a06d000 	C:\WINDOWS\System32\SHCORE.dll
0x00007ffd78310000 - 0x00007ffd78365000 	C:\WINDOWS\System32\shlwapi.dll
0x00007ffd77690000 - 0x00007ffd776b3000 	C:\WINDOWS\SYSTEM32\profapi.dll
0x00007ffd68520000 - 0x00007ffd685f7000 	C:\Program Files\Java\jdk-21\bin\jsvml.dll
0x00007ffd4bd10000 - 0x00007ffd4bd28000 	C:\Program Files\Java\jdk-21\bin\zip.dll
0x00007ffd684e0000 - 0x00007ffd684f0000 	C:\Program Files\Java\jdk-21\bin\net.dll
0x00007ffd71630000 - 0x00007ffd7173a000 	C:\WINDOWS\SYSTEM32\WINHTTP.dll
0x00007ffd76e90000 - 0x00007ffd76efa000 	C:\WINDOWS\system32\mswsock.dll
0x00007ffd68470000 - 0x00007ffd68486000 	C:\Program Files\Java\jdk-21\bin\nio.dll
0x00007ffd710d0000 - 0x00007ffd710ea000 	C:\Users\Nico\AppData\Local\Programs\IntelliJ IDEA Community Edition\bin\breakgen64.dll
0x00007ffd4bd00000 - 0x00007ffd4bd07000 	C:\Program Files\Java\jdk-21\bin\extnet.dll
0x00007ffd6bb20000 - 0x00007ffd6bb32000 	C:\Program Files\Java\jdk-21\bin\jsound.dll
0x00007ffd780e0000 - 0x00007ffd7820b000 	C:\WINDOWS\System32\ole32.dll
0x00007ffd159b0000 - 0x00007ffd15a4c000 	C:\WINDOWS\SYSTEM32\DSOUND.dll
0x00007ffd575c0000 - 0x00007ffd575e6000 	C:\WINDOWS\SYSTEM32\winmmbase.dll
0x00007ffd770f0000 - 0x00007ffd77108000 	C:\WINDOWS\SYSTEM32\CRYPTSP.dll
0x00007ffd76760000 - 0x00007ffd76794000 	C:\WINDOWS\system32\rsaenh.dll
0x00007ffd77650000 - 0x00007ffd7767e000 	C:\WINDOWS\SYSTEM32\USERENV.dll
0x00007ffd75100000 - 0x00007ffd7519e000 	C:\WINDOWS\system32\uxtheme.dll
0x00007ffd77020000 - 0x00007ffd7702c000 	C:\WINDOWS\SYSTEM32\CRYPTBASE.dll
0x00007ffd79c90000 - 0x00007ffd79d39000 	C:\WINDOWS\System32\clbcatq.dll
0x00007ffd70cb0000 - 0x00007ffd70d35000 	C:\WINDOWS\System32\MMDevApi.dll
0x00007ffd774f0000 - 0x00007ffd77523000 	C:\WINDOWS\System32\DEVOBJ.dll
0x00007ffd78090000 - 0x00007ffd780de000 	C:\WINDOWS\System32\cfgmgr32.dll
0x00007ffd76b40000 - 0x00007ffd76b7b000 	C:\WINDOWS\SYSTEM32\IPHLPAPI.DLL
0x00007ffd78af0000 - 0x00007ffd78af8000 	C:\WINDOWS\System32\NSI.dll
0x00007ffd63c40000 - 0x00007ffd63c86000 	C:\WINDOWS\SYSTEM32\wdmaud.drv
0x00007ffd73150000 - 0x00007ffd73159000 	C:\WINDOWS\SYSTEM32\ksuser.dll
0x00007ffd74f50000 - 0x00007ffd74f5a000 	C:\WINDOWS\SYSTEM32\AVRT.dll
0x00007ffd64470000 - 0x00007ffd645f2000 	C:\WINDOWS\SYSTEM32\AUDIOSES.DLL
0x00007ffd73140000 - 0x00007ffd7314d000 	C:\WINDOWS\SYSTEM32\msacm32.drv
0x00007ffd72ae0000 - 0x00007ffd72afe000 	C:\WINDOWS\SYSTEM32\MSACM32.dll
0x00007ffd73130000 - 0x00007ffd7313b000 	C:\WINDOWS\SYSTEM32\midimap.dll
0x00007ffd751e0000 - 0x00007ffd751f4000 	C:\WINDOWS\SYSTEM32\resourcepolicyclient.dll
0x00007ffccbe00000 - 0x00007ffcccfff000 	C:\Users\Nico\AppData\Local\Temp\webrtc-java15336106944803782262.dll
0x00007ffd737e0000 - 0x00007ffd73a43000 	C:\WINDOWS\SYSTEM32\d3d11.dll
0x00007ffd36000000 - 0x00007ffd361bb000 	C:\WINDOWS\SYSTEM32\MFPlat.DLL
0x00007ffd6f830000 - 0x00007ffd6f83b000 	C:\WINDOWS\SYSTEM32\msdmo.dll
0x00007ffd75fb0000 - 0x00007ffd760a3000 	C:\WINDOWS\SYSTEM32\dxgi.dll
0x00007ffd65720000 - 0x00007ffd6572c000 	C:\WINDOWS\SYSTEM32\Secur32.dll
0x00007ffd77610000 - 0x00007ffd77642000 	C:\WINDOWS\SYSTEM32\SSPICLI.DLL
0x00007ffd3a720000 - 0x00007ffd3a754000 	C:\WINDOWS\SYSTEM32\RTWorkQ.DLL
0x00007ffd6baa0000 - 0x00007ffd6bb17000 	C:\Windows\System32\mfwmaaec.dll
0x00007ffd6ec50000 - 0x00007ffd6ed91000 	C:\Windows\System32\Windows.UI.dll
0x00007ffd6b400000 - 0x00007ffd6b552000 	C:\Windows\System32\InputHost.dll
0x00007ffd6b560000 - 0x00007ffd6b659000 	C:\Windows\System32\TextInputFramework.dll
0x00007ffd72090000 - 0x00007ffd72131000 	C:\Windows\System32\WindowManagementAPI.dll
0x00007ffd74ac0000 - 0x00007ffd74bb2000 	C:\Windows\System32\CoreMessaging.dll
0x00007ffd73280000 - 0x00007ffd73376000 	C:\Windows\System32\PROPSYS.dll
0x00007ffd74070000 - 0x00007ffd741c7000 	C:\WINDOWS\SYSTEM32\wintypes.dll
0x00007ffd74760000 - 0x00007ffd74abb000 	C:\Windows\System32\CoreUIComponents.dll
0x00007ffd71e70000 - 0x00007ffd72073000 	C:\WINDOWS\SYSTEM32\twinapi.appcore.dll
0x00007ffd76880000 - 0x00007ffd768b3000 	C:\WINDOWS\SYSTEM32\ntmarta.dll
0x00007ffd72400000 - 0x00007ffd72417000 	C:\WINDOWS\SYSTEM32\dhcpcsvc6.DLL
0x00007ffd723e0000 - 0x00007ffd723fd000 	C:\WINDOWS\SYSTEM32\dhcpcsvc.DLL
0x00007ffd76b90000 - 0x00007ffd76c5b000 	C:\WINDOWS\SYSTEM32\DNSAPI.dll
0x00007ffd6f850000 - 0x00007ffd6f85a000 	C:\Windows\System32\rasadhlp.dll
0x00007ffd6f490000 - 0x00007ffd6f510000 	C:\WINDOWS\System32\fwpuclnt.dll

dbghelp: loaded successfully - version: 4.0.5 - missing functions: none
symbol engine: initialized successfully - sym options: 0x614 - pdb path: .;C:\Program Files\Java\jdk-21\bin;C:\WINDOWS\SYSTEM32;C:\WINDOWS\WinSxS\amd64_microsoft.windows.common-controls_6595b64144ccf1df_6.0.19041.3636_none_60b6a03d71f818d5;C:\Program Files\Java\jdk-21\bin\server;C:\Users\Nico\AppData\Local\Programs\IntelliJ IDEA Community Edition\bin;C:\Users\Nico\AppData\Local\Temp

VM Arguments:
jvm_args: -javaagent:C:\Users\Nico\AppData\Local\Programs\IntelliJ IDEA Community Edition\lib\idea_rt.jar=50684:C:\Users\Nico\AppData\Local\Programs\IntelliJ IDEA Community Edition\bin -Dfile.encoding=UTF-8 -Dsun.stdout.encoding=UTF-8 -Dsun.stderr.encoding=UTF-8 
java_command: org.example.App 5
java_class_path (initial): E:\Coding\Java\webrptcJava\target\classes;C:\Users\Nico\.m2\repository\dev\onvoid\webrtc\webrtc-java\0.8.0\webrtc-java-0.8.0.jar;C:\Users\Nico\.m2\repository\dev\onvoid\webrtc\webrtc-java\0.8.0\webrtc-java-0.8.0-windows-x86_64.jar;C:\Users\Nico\.m2\repository\org\json\json\20240303\json-20240303.jar;C:\Users\Nico\.m2\repository\com\github\sarxos\webcam-capture\0.3.12\webcam-capture-0.3.12.jar;C:\Users\Nico\.m2\repository\com\nativelibs4java\bridj\0.7.0\bridj-0.7.0.jar;C:\Users\Nico\.m2\repository\org\java-websocket\Java-WebSocket\1.5.6\Java-WebSocket-1.5.6.jar;C:\Users\Nico\.m2\repository\com\google\code\gson\gson\2.10.1\gson-2.10.1.jar;C:\Users\Nico\.m2\repository\com\fasterxml\jackson\core\jackson-databind\2.13.3\jackson-databind-2.13.3.jar;C:\Users\Nico\.m2\repository\com\fasterxml\jackson\core\jackson-annotations\2.13.3\jackson-annotations-2.13.3.jar;C:\Users\Nico\.m2\repository\com\fasterxml\jackson\core\jackson-core\2.13.3\jackson-core-2.13.3.jar;C:\Users\Nico\.m2\repository\org\slf4j\slf4j-api\2.0.13\slf4j-api-2.0.13.jar
Launcher Type: SUN_STANDARD

[Global flags]
     intx CICompilerCount                          = 4                                         {product} {ergonomic}
     uint ConcGCThreads                            = 3                                         {product} {ergonomic}
     uint G1ConcRefinementThreads                  = 10                                        {product} {ergonomic}
   size_t G1HeapRegionSize                         = 4194304                                   {product} {ergonomic}
    uintx GCDrainStackTargetSize                   = 64                                        {product} {ergonomic}
   size_t InitialHeapSize                          = 536870912                                 {product} {ergonomic}
   size_t MarkStackSize                            = 4194304                                   {product} {ergonomic}
   size_t MaxHeapSize                              = 8577351680                                {product} {ergonomic}
   size_t MaxNewSize                               = 5146411008                                {product} {ergonomic}
   size_t MinHeapDeltaBytes                        = 4194304                                   {product} {ergonomic}
   size_t MinHeapSize                              = 8388608                                   {product} {ergonomic}
    uintx NonNMethodCodeHeapSize                   = 5839372                                {pd product} {ergonomic}
    uintx NonProfiledCodeHeapSize                  = 122909434                              {pd product} {ergonomic}
    uintx ProfiledCodeHeapSize                     = 122909434                              {pd product} {ergonomic}
    uintx ReservedCodeCacheSize                    = 251658240                              {pd product} {ergonomic}
     bool SegmentedCodeCache                       = true                                      {product} {ergonomic}
   size_t SoftMaxHeapSize                          = 8577351680                             {manageable} {ergonomic}
     bool UseCompressedOops                        = true                           {product lp64_product} {ergonomic}
     bool UseG1GC                                  = true                                      {product} {ergonomic}
     bool UseLargePagesIndividualAllocation        = false                                  {pd product} {ergonomic}

Logging:
Log output configuration:
 #0: stdout all=warning uptime,level,tags foldmultilines=false
 #1: stderr all=off uptime,level,tags foldmultilines=false

Environment Variables:
JAVA_HOME=C:\Users\Nico\Downloads\jdk-17.0.9_windows-x64_bin\jdk-17.0.9
PATH=C:\Python39\Scripts\;C:\Python39\;C:\Program Files (x86)\Common Files\Intel\Shared Libraries\redist\intel64\compiler;C:\Windows\system32;C:\Windows;C:\Windows\System32\Wbem;C:\Windows\System32\WindowsPowerShell\v1.0\;C:\Program Files (x86)\NVIDIA Corporation\PhysX\Common;C:\Program Files (x86)\Windows Live\Shared;C:\WINDOWS\system32;C:\WINDOWS;C:\WINDOWS\System32\Wbem;C:\WINDOWS\System32\WindowsPowerShell\v1.0\;C:\WINDOWS\System32\OpenSSH\;C:\WINDOWS\system32;C:\WINDOWS;C:\WINDOWS\System32\Wbem;C:\WINDOWS\System32\WindowsPowerShell\v1.0\;C:\WINDOWS\System32\OpenSSH\;C:\Program Files\NVIDIA Corporation\NVIDIA NvDLISR;C:\ProgramData\chocolatey\bin;C:\Program Files\dotnet\;C:\Program Files\Git\cmd;C:\MinGW\bin;C:\Users\Nico\AppData\Roaming\nvm;C:\Program Files\nodejs;C:\Users\Nico\Downloads\protoc-25.1-win64\bin;C:\Users\Nico\Downloads\apache-maven-3.9.6-bin\apache-maven-3.9.6\bin;C:\Program Files\Docker\Docker\resources\bin;C:\Users\Nico\AppData\Local\Programs\Rider\bin;C:\Program Files\PowerShell\7\;C:\Program Files\JetBrains\WebStorm 2023.2\bin;C:\Users\Nico\Downloads\jdk-17.0.9_windows-x64_bin\jdk-17.0.9;C:\Users\Nico\Downloads\jdk-17.0.9_windows-x64_bin\jdk-17.0.9\bin;C:\Users\Nico\AppData\Local\Microsoft\WindowsApps;C:\Users\Nico\.dotnet\tools;C:\Users\Nico\AppData\Local\Programs\Microsoft VS Code\bin;C:\Program Files\Git\bin\git.exe;C:\Users\Nico\AppData\Local\JetBrains\Toolbox\scripts;C:\Users\Nico\.dotnet\tools;C:\Users\Nico\AppData\Roaming\Composer\vendor\bin;C:\Users\Nico\Downloads\mongosh-1.9.1-win32-x64\mongosh-1.9.1-win32-x64\bin;E:\Coding\LSP\tstest\node_modules\.bin
USERNAME=Nico
OS=Windows_NT
PROCESSOR_IDENTIFIER=AMD64 Family 23 Model 1 Stepping 1, AuthenticAMD
TMP=C:\Users\Nico\AppData\Local\Temp
TEMP=C:\Users\Nico\AppData\Local\Temp




Periodic native trim disabled

---------------  S Y S T E M  ---------------

OS:
 Windows 10 , 64 bit Build 19041 (10.0.19041.3636)
OS uptime: 0 days 3:29 hours
Hyper-V role detected

CPU: total 12 (initial active 12) (12 cores per cpu, 2 threads per core) family 23 model 1 stepping 1 microcode 0x0, cx8, cmov, fxsr, ht, mmx, 3dnowpref, sse, sse2, sse3, ssse3, sse4a, sse4.1, sse4.2, popcnt, lzcnt, tsc, tscinvbit, avx, avx2, aes, clmul, bmi1, bmi2, adx, sha, fma, vzeroupper, clflush, clflushopt, hv, rdtscp, f16c
Processor Information for all 12 processors :
  Max Mhz: 3600, Current Mhz: 3600, Mhz Limit: 3600

Memory: 4k page, system-wide physical 32704M (19068M free)
TotalPageFile size 37568M (AvailPageFile size 19184M)
current process WorkingSet (physical memory assigned to process): 102M, peak: 102M
current process commit charge ("private bytes"): 643M, peak: 643M

vm_info: Java HotSpot(TM) 64-Bit Server VM (21.0.1+12-LTS-29) for windows-amd64 JRE (21.0.1+12-LTS-29), built on 2023-10-05T13:27:09Z by "mach5one" with MS VC++ 17.1 (VS2022)

END.
