#
# A fatal error has been detected by the Java Runtime Environment:
#
#  EXCEPTION_ACCESS_VIOLATION (0xc0000005) at pc=0x00007ffd06829d62, pid=6672, tid=11936
#
# JRE version: OpenJDK Runtime Environment (22.0.1+8) (build 22.0.1+8-16)
# Java VM: OpenJDK 64-Bit Server VM (22.0.1+8-16, mixed mode, sharing, tiered, compressed oops, compressed class ptrs, g1 gc, windows-amd64)
# Problematic frame:
# V  [jvm.dll+0x369d62]
#
# No core dump will be written. Minidumps are not enabled by default on client versions of Windows
#
# If you would like to submit a bug report, please visit:
#   https://bugreport.java.com/bugreport/crash.jsp
#

---------------  S U M M A R Y ------------

Command Line: -javaagent:D:\IntelliJ\IntelliJ IDEA 2024.1\lib\idea_rt.jar=54538:D:\IntelliJ\IntelliJ IDEA 2024.1\bin -Dfile.encoding=UTF-8 -Dsun.stdout.encoding=UTF-8 -Dsun.stderr.encoding=UTF-8 org.example.App 5

Host: Intel(R) Core(TM) i5-8500 CPU @ 3.00GHz, 6 cores, 15G,  Windows 10 , 64 bit Build 19041 (10.0.19041.3636)
Time: Fri Jun 14 12:20:59 2024 Mitteleuropäische Sommerzeit elapsed time: 6.931654 seconds (0d 0h 0m 6s)

---------------  T H R E A D  ---------------

Current thread (0x000001f8460b3250):  WorkerThread "GC Thread#5"    [id=11936, stack(0x000000f002c00000,0x000000f002d00000) (1024K)]

Stack: [0x000000f002c00000,0x000000f002d00000],  sp=0x000000f002cff3a0,  free space=1020k
Native frames: (J=compiled Java code, j=interpreted, Vv=VM code, C=native code)
V  [jvm.dll+0x369d62]  (no source info available)
V  [jvm.dll+0x36a455]  (no source info available)
V  [jvm.dll+0x36a12b]  (no source info available)
V  [jvm.dll+0x372734]  (no source info available)
V  [jvm.dll+0x372a4b]  (no source info available)
V  [jvm.dll+0x8a4297]  (no source info available)
V  [jvm.dll+0x81d44b]  (no source info available)
V  [jvm.dll+0x6e0915]  (no source info available)
C  [ucrtbase.dll+0x21bb2]  (no source info available)
C  [KERNEL32.DLL+0x17344]  (no source info available)
C  [ntdll.dll+0x526b1]  (no source info available)


siginfo: EXCEPTION_ACCESS_VIOLATION (0xc0000005), reading address 0x0000000000000810


Registers:
RAX=0x0000000000000000, RBX=0x000001f846061978, RCX=0x0000000000000015, RDX=0x000001f8552bdde0
RSP=0x000000f002cff3a0, RBP=0x0000000000000001, RSI=0xffff000000000000, RDI=0x000001f8468a7098
R8 =0x0000000711b1e383, R9 =0x000001f855308e23, R10=0x0000000000000810, R11=0xfffffffff36b0ee4
R12=0x000001f8468a7090, R13=0x000000f0018fe9b8, R14=0x000001f846061800, R15=0x0000000000000020
RIP=0x00007ffd06829d62, EFLAGS=0x0000000000010246


Register to memory mapping:

RAX=0x0 is null
RBX=0x000001f846061978 points into unknown readable memory: 0x0000000000000810 | 10 08 00 00 00 00 00 00
RCX=0x0000000000000015 is an unknown value
RDX=0x000001f8552bdde0 points into unknown readable memory: 0x00007ffd06eaed50 | 50 ed ea 06 fd 7f 00 00
RSP=0x000000f002cff3a0 points into unknown readable memory: 0x000000000420d02b | 2b d0 20 04 00 00 00 00
RBP=0x0000000000000001 is an unknown value
RSI=0xffff000000000000 is an unknown value
RDI=0x000001f8468a7098 points into unknown readable memory: 0x00007ffd06eb84d0 | d0 84 eb 06 fd 7f 00 00
R8 =