#
# A fatal error has been detected by the Java Runtime Environment:
#
#  EXCEPTION_ACCESS_VIOLATION (0xc0000005) at pc=0x00007ffd06829d62, pid=11036, tid=3300
#
# JRE version: OpenJDK Runtime Environment (22.0.1+8) (build 22.0.1+8-16)
# Java VM: OpenJDK 64-Bit Server VM (22.0.1+8-16, mixed mode, sharing, tiered, compressed oops, compressed class ptrs, g1 gc, windows-amd64)
# Problematic frame:
# V  [jvm.dll+0x369d62]
#
# No core dump will be written. Minidumps are not enabled by default on client versions of Windows
#
# If you would like to submit a bug report, please visit:
#   https://bugreport.java.com/bugreport/crash.jsp
#

---------------  S U M M A R Y ------------

Command Line: -Dfile.encoding=windows-1252 -Dsun.stdout.encoding=windows-1252 -Dsun.stderr.encoding=windows-1252 D:\webrptcJava\target\c.jar 3

Host: Intel(R) Core(TM) i5-8500 CPU @ 3.00GHz, 6 cores, 15G,  Windows 10 , 64 bit Build 19041 (10.0.19041.3636)
Time: Fri Jun 14 12:39:01 2024 Mitteleuropäische Sommerzeit elapsed time: 44.227335 seconds (0d 0h 0m 44s)

---------------  T H R E A D  ---------------

Current thread (0x00000130a04b3a20):  WorkerThread "GC Thread#2"    [id=3300, stack(0x000000097b400000,0x000000097b500000) (1024K)]

Stack: [0x000000097b400000,0x000000097b500000],  sp=0x000000097b4ff780,  free space=1021k
Native frames: (J=compiled Java code, j=interpreted, Vv=VM code, C=native code)
V  [jvm.dll+0x369d62]  (no source info available)
V  [jvm.dll+0x36a455]  (no source info available)
V  [jvm.dll+0x36a12b]  (no source info available)
V  [jvm.dll+0x372734]  (no source info available)
V  [jvm.dll+0x372a4b]  (no source info available)
V  [jvm.dll+0x8a4297]  (no source info available)
V  [jvm.dll+0x81d44b]  (no source info available)
V  [jvm.dll+0x6e0915]  (no source info available)
C  [ucrtbase.dll+0x21bb2]  (no source info available)
C  [KERNEL32.DLL+0x17344]  (no source info available)
C  [ntdll.dll+0x526b1]  (no source info available)


siginfo: EXCEPTION_ACCESS_VIOLATION (0xc0000005), reading address 0x00000000000084b8


Registers:
RAX=0x0000000000000000, RBX=0x00000130a06310f0, RCX=0x0000000000000015, RDX=0x00000130ffa0ba10
RSP=0x000000097b4ff780, RBP=0x0000000000000001, RSI=0xffff800000000000, RDI=0x00000130e61c6d08
R8 =0x00000130a10067f8, R9 =0x00000130ffa54aa3, R10=0x00000000000084b8, R11=0x000000097b4ff710
R12=0x00000130e61c6d00, R13=0x0000000978bfec78, R14=0x00000130a0630f80, R15=0x0000000000000020
RIP=0x00007ffd06829d62, EFLAGS=0x0000000000010246


Register to memory mapping:

RAX=0x0 is null
RBX=0x00000130a06310f0 points into unknown readable memory: 0x00000000000084b8 | b8 84 00 00 00 00 00 00
RCX=0x0000000000000015 is an unknown value
RDX=0x00000130ffa0ba10 points into unknown readable memory: 0x00007ffd06eaed50 | 50 ed ea 06 fd 7f 00 00
RSP=0x000000097b4ff780 points into unknown readable memory: 0x000000001a5bba5c | 5c ba 5b 1a 00 00 00 00
RBP=0x0000000000000001 is an unknown value
RSI=0xffff800000000000 is an unknown value
RDI=0x00000130e61c6d08 points into unknown readable memory: 0x00007ffd06eb84d0 | d0 84 eb 06 fd 7f 00 00
R8 =0x00000130a10067f8 is a pointer to class: 
java.lang.Class {0x00000130a1006800}
 - instance size:     14
 - klass size:        95
 - access:            public final synchronized 
 - flags:             rewritten has_nonstatic_fields has_nonstatic_concrete_methods is_shared_boot_class has_localvariable_table has_resolved_methods 
 - state:             fully_initialized
 - name:              'java/lang/Class'
 - super:             'java/lang/Object'
 - sub:               
 - arrays:            'java/lang/Class'[]
 - methods:           Array<T>(0x00000130a15e0ee0)
 - method ordering:   Array<T>(0x00000130a15e1480)
 - default_methods:   Array<T>(0x0000000000000000)
 - local interfaces:  Array<T>(0x00000130a15e1448)
 - trans. interfaces: Array<T>(0x00000130a15dd7b0)
 - constants:         constant pool [1729]/operands[49] {0x00000130a15dd818} for 'java/lang/Class' cache=0x00000130a142e630
 - class loader data:  loader data: 0x000001309ffebbb0 of 'bootstrap'
 - source file:       'Class.java'
 - class annotations:       Array<T>(0x0000000000000000)
 - class type annotations:  Array<T>(0x0000000000000000)
 - field annotations:       Array<T>(0x00000130a1bdc348)
 - field type annotations:  Array<T>(0x0000000000000000)
 - generic signature: '<T:Ljava/lang/Object;>Ljava/lang/Object;Ljava/io/Serializable;Ljava/lang/reflect/GenericDeclaration;Ljava/lang/reflect/Type;Ljava/lang/reflect/AnnotatedElement;Ljava/lang/invoke/TypeDescriptor$OfField<Ljava/lang/Class<*>;>;Ljava/lang/constant/Constable;'
 - inner classes:     Array<T>(0x00000130a15e0e60)
 - nest members:     Array<T>(0x00000130a15e1830)
 - permitted subclasses:     Array<T>(0x00000130a15d5b50)
 - java mirror:       a 'java/lang/Class'{0x0000000712486f60} = 'java/lang/Class'
 - vtable length      5  (start addr: 0x00000130a10069c0)
 - itable length      32 (start addr: 0x00000130a10069e8)
 - ---- static fields (5 words):
 - private static final 'ANNOTATION' 'I' @136 
 - private static final 'ENUM' 'I' @140 
 - private static final 'SYNTHETIC' 'I' @144 
 - private static 'allPermDomain' 'Ljava/security/ProtectionDomain;' @112 
 - private static final 'EMPTY_CLASS_ARRAY' '[Ljava/lang/Class;' @116 
 - private static final 'serialVersionUID' 'J' @128 
 - private static final 'serialPersistentFields' '[Ljava/io/ObjectStreamField;' @120 
 - private static 'reflectionFactory' 'Ljdk/internal/reflect/ReflectionFactory;' @124 
 - ---- non-static fields (24 words):
 - private volatile transient 'classRedefinedCount' 'I' @12 
 - injected 'klass' 'J' @16 
 - injected 'array_klass' 'J' @24 
 - injected 'oop_size' 'I' @32 
 - injected 'static_oop_field_count' 'I' @36 
 - private volatile transient 'cachedConstructor' 'Ljava/lang/reflect/Constructor;' @40 
 - private transient 'name' 'Ljava/lang/String;' @44 
 - private transient 'module' 'Ljava/lang/Module;' @48 
 - private final 'classLoader' 'Ljava/lang/ClassLoader;' @52 
 - private transient 'classData' 'Ljava/lang/Object;' @56 
 - private transient 'packageName' 'Ljava/lang/String;' @60 
 - private final 'componentType' 'Ljava/lang/Class;' @64 
 - private volatile transient 'reflectionData' 'Ljava/lang/ref/SoftReference;' @68 
 - private volatile transient 'genericInfo' 'Lsun/reflect/generics/repository/ClassRepository;' @72 
 - private volatile transient 'enumConstants' '[Ljava/lang/Object;' @76 
 - private volatile transient 'enumConstantDirectory' 'Ljava/util/Map;' @80 
 - private volatile transient 'annotationData' 'Ljava/lang/Class$AnnotationData;' @84 
 - private volatile transient 'annotationType' 'Lsun/reflect/annotation/AnnotationType;' @88 
 - transient 'classValueMap' 'Ljava/lang/ClassValue$ClassValueMap;' @92 
 - injected 'protection_domain' 'Ljava/lang/Object;' @96 
 - injected 'signers_name' 'Ljava/lang/Object;' @100 
 - injected 'source_file' 'Ljava/lang/Object;' @104 
 - non-static oop maps: 40-104 
R9 =0x00000130ffa54aa3 points into unknown readable memory: 00 00 00 00 00
R10=0x00000000000084b8 is an unknown value
R11=0x000000097b4ff710 points into unknown readable memory: 0x0000000000000020 | 20 00 00 00 00 00 00 00
R12=0x00000130e61c6d00 points into unknown readable memory: 0x00007ffd06eb8518 | 18 85 eb 06 fd 7f 00 00
R13=0x0000000978bfec78 points into unknown readable memory: 0x00000130ff4575d0 | d0 75 45 ff 30 01 00 00
R14=0x00000130a0630f80 points into unknown readable memory: 0x0000000712408578 | 78 85 40 12 07 00 00 00
R15=0x0000000000000020 is an unknown value

Top of Stack: (sp=0x000000097b4ff780)
0x000000097b4ff780:   000000001a5bba5c 0000001ee239c72b
0x000000097b4ff790:   000000001a5bba5d 0000001ee239c7c0
0x000000097b4ff7a0:   0000000000000004 00007ffd0682a455
0x000000097b4ff7b0:   00000130e61c6d08 0000000000000000
0x000000097b4ff7c0:   00000130e6000001 00007ffd06eb3530
0x000000097b4ff7d0:   0000000000000000 000000097b4ff850
0x000000097b4ff7e0:   0000000000000002 00000130e6557760
0x000000097b4ff7f0:   0000000978bfeb70 0000001ee239be79
0x000000097b4ff800:   00007ffd06eb3440 000000001a5bba5d
0x000000097b4ff810:   0000001ee239c7c0 00007ffd0000000b
0x000000097b4ff820:   00000130e6557760 0000000000000002
0x000000097b4ff830:   0000000000000000 0000000000000000
0x000000097b4ff840:   0000000000000000 0000000000000000
0x000000097b4ff850:   00007ffd06eb3440 000000001a5bb100
0x000000097b4ff860:   0000000000000001 0000000000000002
0x000000097b4ff870:   0000000000000000 00002b8c880d22d1
0x000000097b4ff880:   0000000000000000 00000130a0462f40
0x000000097b4ff890:   00000130e6557760 00000000000003d8
0x000000097b4ff8a0:   00000130a0463328 00000130e61c6d00
0x000000097b4ff8b0:   0000000978bfeb70 0000000000000002
0x000000097b4ff8c0:   00000130e61346f0 00007ffd0682a12b
0x000000097b4ff8d0:   00000130e61346f0 0000000000000002
0x000000097b4ff8e0:   0000000978bfeb70 0000000000000002
0x000000097b4ff8f0:   0000000000000002 0000000000000008
0x000000097b4ff900:   0000000000000005 00007ffd06570000
0x000000097b4ff910:   0000000000000000 00007ffd06b94431
0x000000097b4ff920:   0000000000000008 00000000000000f8
0x000000097b4ff930:   0000000000000001 00007ffd0657bd5e
0x000000097b4ff940:   0000000000000005 00007ffd0657e836
0x000000097b4ff950:   0000000000000000 0000000000000008
0x000000097b4ff960:   00007ffd06eb3450 000000001a5bb135
0x000000097b4ff970:   0000001ee22f0cb8 0000000900000003 

Instructions: (pc=0x00007ffd06829d62)
0x00007ffd06829c62:   4b 10 48 8d 54 24 40 66 89 44 24 40 4c 8b c7 0f
0x00007ffd06829c72:   b6 44 24 3a 88 44 24 42 e8 71 0d ff ff 48 8b d0
0x00007ffd06829c82:   48 2b 15 4f 18 87 00 8b 0d 51 18 87 00 48 d3 ea
0x00007ffd06829c92:   89 16 eb 5e 3c fd 75 3b 41 8b 88 18 02 00 00 48
0x00007ffd06829ca2:   8b d7 49 8b 80 10 02 00 00 48 d3 e0 8b 0d 3c 9d
0x00007ffd06829cb2:   8d 00 48 2b d0 48 d3 ea 8b c2 48 8d 0c 40 49 8b
0x00007ffd06829cc2:   80 a8 05 00 00 80 7c 01 01 fd 75 17 c6 44 01 01
0x00007ffd06829cd2:   ff eb 10 3c fc 75 0c 48 8b 4b 10 48 8b d6 e8 4b
0x00007ffd06829ce2:   f1 ff ff 8b 53 18 4c 8b c7 48 8b 4b 28 e8 ac 2d
0x00007ffd06829cf2:   fb ff 48 8b 4b 10 e8 93 e6 fe ff 48 8b 7c 24 30
0x00007ffd06829d02:   48 8b 5c 24 48 48 83 c4 20 5e c3 cc cc cc 48 89
0x00007ffd06829d12:   5c 24 08 57 48 83 ec 20 4c 8b 12 48 8b da 48 8b
0x00007ffd06829d22:   f9 4d 85 d2 0f 84 cf 00 00 00 48 8b 51 08 49 8b
0x00007ffd06829d32:   c2 8b 8a c8 05 00 00 48 d3 e8 4c 8d 0c 40 4c 03
0x00007ffd06829d42:   8a b8 05 00 00 41 0f b7 01 66 89 44 24 38 41 0f
0x00007ffd06829d52:   b6 41 02 88 44 24 3a 0f b6 44 24 39 84 c0 78 44
0x00007ffd06829d62:   49 8b 0a 0f b6 c1 24 03 3c 03 75 09 48 83 e1 fc
0x00007ffd06829d72:   48 89 0b eb 7b 0f b7 44 24 38 48 8d 54 24 40 66
0x00007ffd06829d82:   89 44 24 40 4c 8b c9 0f b6 44 24 3a 4d 8b c2 48
0x00007ffd06829d92:   8b 4f 10 88 44 24 42 e8 52 0c ff ff 48 8b c8 48
0x00007ffd06829da2:   89 03 eb 4c 3c fd 75 38 8b 8a 18 02 00 00 48 8b
0x00007ffd06829db2:   82 10 02 00 00 48 d3 e0 8b 0d 30 9c 8d 00 4c 2b
0x00007ffd06829dc2:   d0 49 d3 ea 41 8b c2 48 8d 0c 40 48 8b 82 a8 05
0x00007ffd06829dd2:   00 00 80 7c 01 01 fd 75 17 c6 44 01 01 ff eb 10
0x00007ffd06829de2:   3c fc 75 0c 48 8b 4f 10 48 8b d3 e8 de ef ff ff
0x00007ffd06829df2:   48 8b 4f 10 e8 95 e5 fe ff 48 8b 5c 24 30 48 83
0x00007ffd06829e02:   c4 20 5f c3 cc cc cc cc cc cc cc cc cc cc 48 89
0x00007ffd06829e12:   5c 24 08 57 48 83 ec 20 8b 02 48 8b fa 48 8b d9
0x00007ffd06829e22:   85 c0 0f 84 eb 00 00 00 8b 0d b0 16 87 00 44 8b
0x00007ffd06829e32:   c0 4c 8b 4b 08 49 d3 e0 4c 03 05 97 16 87 00 49
0x00007ffd06829e42:   8b c0 41 8b 89 c8 05 00 00 48 d3 e8 48 8d 14 40
0x00007ffd06829e52:   49 03 91 b8 05 00 00 0f b7 02 66 89 44 24 38 0f 


Stack slot to memory mapping:

stack at sp + 0 slots: 0x000000001a5bba5c is an unknown value
stack at sp + 1 slots: 0x0000001ee239c72b is an unknown value
stack at sp + 2 slots: 0x000000001a5bba5d is an unknown value
stack at sp + 3 slots: 0x0000001ee239c7c0 is an unknown value
stack at sp + 4 slots: 0x0000000000000004 is an unknown value
stack at sp + 5 slots: 0x00007ffd0682a455 jvm.dll
stack at sp + 6 slots: 0x00000130e61c6d08 points into unknown readable memory: 0x00007ffd06eb84d0 | d0 84 eb 06 fd 7f 00 00
stack at sp + 7 slots: 0x0 is null


---------------  P R O C E S S  ---------------

Threads class SMR info:
_java_thread_list=0x00000130e6238410, length=21, elements={
0x00000130ff458db0, 0x00000130a014cc60, 0x00000130a014db80, 0x00000130a014f950,
0x00000130a01526d0, 0x00000130a0153490, 0x00000130a0153ef0, 0x00000130a0180570,
0x00000130a0183030, 0x00000130a0446f20, 0x00000130a045a1c0, 0x00000130a0648d00,
0x00000130a0689470, 0x00000130a06e34e0, 0x00000130a06c9830, 0x00000130e6082e50,
0x00000130e60c77c0, 0x00000130e60c8200, 0x00000130e60ec500, 0x00000130e61394d0,
0x00000130e6341a50
}

Java Threads: ( => current thread )
  0x00000130ff458db0 JavaThread "main"                              [_thread_in_native, id=14232, stack(0x0000000978400000,0x0000000978500000) (1024K)]
  0x00000130a014cc60 JavaThread "Reference Handler"          daemon [_thread_blocked, id=7452, stack(0x0000000978c00000,0x0000000978d00000) (1024K)]
  0x00000130a014db80 JavaThread "Finalizer"                  daemon [_thread_blocked, id=13060, stack(0x0000000978d00000,0x0000000978e00000) (1024K)]
  0x00000130a014f950 JavaThread "Signal Dispatcher"          daemon [_thread_blocked, id=1904, stack(0x0000000978e00000,0x0000000978f00000) (1024K)]
  0x00000130a01526d0 JavaThread "Attach Listener"            daemon [_thread_blocked, id=4844, stack(0x0000000978f00000,0x0000000979000000) (1024K)]
  0x00000130a0153490 JavaThread "Service Thread"             daemon [_thread_blocked, id=4564, stack(0x0000000979000000,0x0000000979100000) (1024K)]
  0x00000130a0153ef0 JavaThread "Monitor Deflation Thread"   daemon [_thread_blocked, id=14968, stack(0x0000000979100000,0x0000000979200000) (1024K)]
  0x00000130a0180570 JavaThread "C2 CompilerThread0"         daemon [_thread_blocked, id=6044, stack(0x0000000979200000,0x0000000979300000) (1024K)]
  0x00000130a0183030 JavaThread "C1 CompilerThread0"         daemon [_thread_blocked, id=9600, stack(0x0000000979300000,0x0000000979400000) (1024K)]
  0x00000130a0446f20 JavaThread "Notification Thread"        daemon [_thread_blocked, id=1844, stack(0x0000000979400000,0x0000000979500000) (1024K)]
  0x00000130a045a1c0 JavaThread "Common-Cleaner"             daemon [_thread_blocked, id=10232, stack(0x0000000979500000,0x0000000979600000) (1024K)]
  0x00000130a0648d00 JavaThread "WebSocketConnectReadThread-20"        [_thread_in_native, id=14296, stack(0x0000000979700000,0x0000000979800000) (1024K)]
  0x00000130a0689470 JavaThread "WebSocketWriteThread-21"           [_thread_blocked, id=8744, stack(0x0000000979a00000,0x0000000979b00000) (1024K)]
  0x00000130a06e34e0 JavaThread "connectionLostChecker-1"           [_thread_blocked, id=15992, stack(0x0000000979b00000,0x0000000979c00000) (1024K)]
  0x00000130a06c9830 JavaThread "Java Sound Event Dispatcher" daemon [_thread_blocked, id=1608, stack(0x0000000979c00000,0x0000000979d00000) (1024K)]
  0x00000130e6082e50 JavaThread "Thread-2"                          [_thread_in_native, id=16272, stack(0x000000097a000000,0x000000097a100000) (1024K)]
  0x00000130e60c77c0 JavaThread "Java2D Disposer"            daemon [_thread_blocked, id=3840, stack(0x000000097a700000,0x000000097a800000) (1024K)]
  0x00000130e60c8200 JavaThread "AWT-Shutdown"                      [_thread_blocked, id=8876, stack(0x000000097a800000,0x000000097a900000) (1024K)]
  0x00000130e60ec500 JavaThread "AWT-Windows"                daemon [_thread_in_native, id=14892, stack(0x000000097a900000,0x000000097aa00000) (1024K)]
  0x00000130e61394d0 JavaThread "AWT-EventQueue-0"                  [_thread_blocked, id=11060, stack(0x000000097aa00000,0x000000097ab00000) (1024K)]
  0x00000130e6341a50 JavaThread "Thread-3"                          [_thread_blocked, id=10944, stack(0x000000097ae00000,0x000000097af00000) (1024K)]
Total: 21

Other Threads:
  0x00000130a01328d0 VMThread "VM Thread"                           [id=9408, stack(0x0000000978b00000,0x0000000978c00000) (1024K)]
  0x00000130a0119330 WatcherThread "VM Periodic Task Thread"        [id=8460, stack(0x0000000978a00000,0x0000000978b00000) (1024K)]
  0x00000130ffa60ac0 WorkerThread "GC Thread#0"                     [id=9396, stack(0x0000000978500000,0x0000000978600000) (1024K)]
  0x00000130a04b1e30 WorkerThread "GC Thread#1"                     [id=9628, stack(0x000000097b300000,0x000000097b400000) (1024K)]
=>0x00000130a04b3a20 WorkerThread "GC Thread#2"                     [id=3300, stack(0x000000097b400000,0x000000097b500000) (1024K)]
  0x00000130a050e9f0 WorkerThread "GC Thread#3"                     [id=8560, stack(0x000000097b500000,0x000000097b600000) (1024K)]
  0x00000130e6374210 WorkerThread "GC Thread#4"                     [id=14852, stack(0x000000097b600000,0x000000097b700000) (1024K)]
  0x00000130e6347c30 WorkerThread "GC Thread#5"                     [id=5104, stack(0x000000097b700000,0x000000097b800000) (1024K)]
  0x00000130ffa71870 ConcurrentGCThread "G1 Main Marker"            [id=624, stack(0x0000000978600000,0x0000000978700000) (1024K)]
  0x00000130ffa72380 WorkerThread "G1 Conc#0"                       [id=3516, stack(0x0000000978700000,0x0000000978800000) (1024K)]
  0x00000130ffacea20 ConcurrentGCThread "G1 Refine#0"               [id=5652, stack(0x0000000978800000,0x0000000978900000) (1024K)]
  0x000001309ffedb90 ConcurrentGCThread "G1 Service"                [id=10068, stack(0x0000000978900000,0x0000000978a00000) (1024K)]
Total: 12

Threads with active compile tasks:
Total: 0

VM state: at safepoint (normal execution)

VM Mutex/Monitor currently owned by a thread:  ([mutex/lock_event])
[0x00007ffd0712bbb8] Threads_lock - owner thread: 0x00000130a01328d0
[0x00007ffd0712bcb8] Heap_lock - owner thread: 0x00000130e6341a50

Heap address: 0x0000000703e00000, size: 4034 MB, Compressed Oops mode: Zero based, Oop shift amount: 3

CDS archive(s) mapped at: [0x00000130a1000000-0x00000130a1c50000-0x00000130a1c50000), size 12910592, SharedBaseAddress: 0x00000130a1000000, ArchiveRelocationMode: 1.
Compressed class space mapped at: 0x00000130a2000000-0x00000130e2000000, reserved size: 1073741824
Narrow klass base: 0x00000130a1000000, Narrow klass shift: 0, Narrow klass range: 0x41000000

GC Precious Log:
 CardTable entry size: 512
 Card Set container configuration: InlinePtr #cards 4 size 8 Array Of Cards #cards 16 size 48 Howl #buckets 8 coarsen threshold 3686 Howl Bitmap #cards 512 size 80 coarsen threshold 460 Card regions per heap region 1 cards per card region 4096
 CPUs: 6 total, 6 available
 Memory: 16129M
 Large Page Support: Disabled
 NUMA Support: Disabled
 Compressed Oops: Enabled (Zero based)
 Heap Region Size: 2M
 Heap Min Capacity: 8M
 Heap Initial Capacity: 254M
 Heap Max Capacity: 4034M
 Pre-touch: Disabled
 Parallel Workers: 6
 Concurrent Workers: 2
 Concurrent Refinement Workers: 6
 Periodic GC: Disabled

Heap:
 garbage-first heap   total reserved 4130816K, committed 260096K, used 30720K [0x0000000703e00000, 0x0000000800000000)
  region size 2048K, 13 young (26624K), 2 survivors (4096K)
 Metaspace       used 9325K, committed 9600K, reserved 1114112K
  class space    used 1079K, committed 1216K, reserved 1048576K

Heap Regions: E=young(eden), S=young(survivor), O=old, HS=humongous(starts), HC=humongous(continues), CS=collection set, F=free, TAMS=top-at-mark-start, PB=parsable bottom
|   0|0x0000000703e00000, 0x0000000704000000, 0x0000000704000000|100%|HS|  |TAMS 0x0000000703e00000| PB 0x0000000703e00000| Complete |  0
|   1|0x0000000704000000, 0x0000000704200000, 0x0000000704200000|100%|HC|  |TAMS 0x0000000704000000| PB 0x0000000704000000| Complete |  0
|   2|0x0000000704200000, 0x0000000704400000, 0x0000000704400000|100%|HS|  |TAMS 0x0000000704200000| PB 0x0000000704200000| Complete |  0
|   3|0x0000000704400000, 0x0000000704600000, 0x0000000704600000|100%|HC|  |TAMS 0x0000000704400000| PB 0x0000000704400000| Complete |  0
|   4|0x0000000704600000, 0x0000000704600000, 0x0000000704800000|  0%| F|  |TAMS 0x0000000704600000| PB 0x0000000704600000| Untracked |  0
|   5|0x0000000704800000, 0x0000000704800000, 0x0000000704a00000|  0%| F|  |TAMS 0x0000000704800000| PB 0x0000000704800000| Untracked |  0
|   6|0x0000000704a00000, 0x0000000704a00000, 0x0000000704c00000|  0%| F|  |TAMS 0x0000000704a00000| PB 0x0000000704a00000| Untracked |  0
|   7|0x0000000704c00000, 0x0000000704c00000, 0x0000000704e00000|  0%| F|  |TAMS 0x0000000704c00000| PB 0x0000000704c00000| Untracked |  0
|   8|0x0000000704e00000, 0x0000000704e00000, 0x0000000705000000|  0%| F|  |TAMS 0x0000000704e00000| PB 0x0000000704e00000| Untracked |  0
|   9|0x0000000705000000, 0x0000000705000000, 0x0000000705200000|  0%| F|  |TAMS 0x0000000705000000| PB 0x0000000705000000| Untracked |  0
|  10|0x0000000705200000, 0x0000000705200000, 0x0000000705400000|  0%| F|  |TAMS 0x0000000705200000| PB 0x0000000705200000| Untracked |  0
|  11|0x0000000705400000, 0x0000000705400000, 0x0000000705600000|  0%| F|  |TAMS 0x0000000705400000| PB 0x0000000705400000| Untracked |  0
|  12|0x0000000705600000, 0x0000000705600000, 0x0000000705800000|  0%| F|  |TAMS 0x0000000705600000| PB 0x0000000705600000| Untracked |  0
|  13|0x0000000705800000, 0x0000000705800000, 0x0000000705a00000|  0%| F|  |TAMS 0x0000000705800000| PB 0x0000000705800000| Untracked |  0
|  14|0x0000000705a00000, 0x0000000705a00000, 0x0000000705c00000|  0%| F|  |TAMS 0x0000000705a00000| PB 0x0000000705a00000| Untracked |  0
|  15|0x0000000705c00000, 0x0000000705c00000, 0x0000000705e00000|  0%| F|  |TAMS 0x0000000705c00000| PB 0x0000000705c00000| Untracked |  0
|  16|0x0000000705e00000, 0x0000000705e00000, 0x0000000706000000|  0%| F|  |TAMS 0x0000000705e00000| PB 0x0000000705e00000| Untracked |  0
|  17|0x0000000706000000, 0x0000000706000000, 0x0000000706200000|  0%| F|  |TAMS 0x0000000706000000| PB 0x0000000706000000| Untracked |  0
|  18|0x0000000706200000, 0x0000000706200000, 0x0000000706400000|  0%| F|  |TAMS 0x0000000706200000| PB 0x0000000706200000| Untracked |  0
|  19|0x0000000706400000, 0x0000000706400000, 0x0000000706600000|  0%| F|  |TAMS 0x0000000706400000| PB 0x0000000706400000| Untracked |  0
|  20|0x0000000706600000, 0x0000000706600000, 0x0000000706800000|  0%| F|  |TAMS 0x0000000706600000| PB 0x0000000706600000| Untracked |  0
|  21|0x0000000706800000, 0x0000000706800000, 0x0000000706a00000|  0%| F|  |TAMS 0x0000000706800000| PB 0x0000000706800000| Untracked |  0
|  22|0x0000000706a00000, 0x0000000706a00000, 0x0000000706c00000|  0%| F|  |TAMS 0x0000000706a00000| PB 0x0000000706a00000| Untracked |  0
|  23|0x0000000706c00000, 0x0000000706c00000, 0x0000000706e00000|  0%| F|  |TAMS 0x0000000706c00000| PB 0x0000000706c00000| Untracked |  0
|  24|0x0000000706e00000, 0x0000000706e00000, 0x0000000707000000|  0%| F|  |TAMS 0x0000000706e00000| PB 0x0000000706e00000| Untracked |  0
|  25|0x0000000707000000, 0x0000000707000000, 0x0000000707200000|  0%| F|  |TAMS 0x0000000707000000| PB 0x0000000707000000| Untracked |  0
|  26|0x0000000707200000, 0x0000000707200000, 0x0000000707400000|  0%| F|  |TAMS 0x0000000707200000| PB 0x0000000707200000| Untracked |  0
|  27|0x0000000707400000, 0x0000000707400000, 0x0000000707600000|  0%| F|  |TAMS 0x0000000707400000| PB 0x0000000707400000| Untracked |  0
|  28|0x0000000707600000, 0x0000000707600000, 0x0000000707800000|  0%| F|  |TAMS 0x0000000707600000| PB 0x0000000707600000| Untracked |  0
|  29|0x0000000707800000, 0x0000000707800000, 0x0000000707a00000|  0%| F|  |TAMS 0x0000000707800000| PB 0x0000000707800000| Untracked |  0
|  30|0x0000000707a00000, 0x0000000707a00000, 0x0000000707c00000|  0%| F|  |TAMS 0x0000000707a00000| PB 0x0000000707a00000| Untracked |  0
|  31|0x0000000707c00000, 0x0000000707c00000, 0x0000000707e00000|  0%| F|  |TAMS 0x0000000707c00000| PB 0x0000000707c00000| Untracked |  0
|  32|0x0000000707e00000, 0x0000000707e00000, 0x0000000708000000|  0%| F|  |TAMS 0x0000000707e00000| PB 0x0000000707e00000| Untracked |  0
|  33|0x0000000708000000, 0x0000000708000000, 0x0000000708200000|  0%| F|  |TAMS 0x0000000708000000| PB 0x0000000708000000| Untracked |  0
|  34|0x0000000708200000, 0x0000000708200000, 0x0000000708400000|  0%| F|  |TAMS 0x0000000708200000| PB 0x0000000708200000| Untracked |  0
|  35|0x0000000708400000, 0x0000000708400000, 0x0000000708600000|  0%| F|  |TAMS 0x0000000708400000| PB 0x0000000708400000| Untracked |  0
|  36|0x0000000708600000, 0x0000000708600000, 0x0000000708800000|  0%| F|  |TAMS 0x0000000708600000| PB 0x0000000708600000| Untracked |  0
|  37|0x0000000708800000, 0x0000000708800000, 0x0000000708a00000|  0%| F|  |TAMS 0x0000000708800000| PB 0x0000000708800000| Untracked |  0
|  38|0x0000000708a00000, 0x0000000708a00000, 0x0000000708c00000|  0%| F|  |TAMS 0x0000000708a00000| PB 0x0000000708a00000| Untracked |  0
|  39|0x0000000708c00000, 0x0000000708c00000, 0x0000000708e00000|  0%| F|  |TAMS 0x0000000708c00000| PB 0x0000000708c00000| Untracked |  0
|  40|0x0000000708e00000, 0x0000000708e00000, 0x0000000709000000|  0%| F|  |TAMS 0x0000000708e00000| PB 0x0000000708e00000| Untracked |  0
|  41|0x0000000709000000, 0x0000000709000000, 0x0000000709200000|  0%| F|  |TAMS 0x0000000709000000| PB 0x0000000709000000| Untracked |  0
|  42|0x0000000709200000, 0x0000000709200000, 0x0000000709400000|  0%| F|  |TAMS 0x0000000709200000| PB 0x0000000709200000| Untracked |  0
|  43|0x0000000709400000, 0x0000000709400000, 0x0000000709600000|  0%| F|  |TAMS 0x0000000709400000| PB 0x0000000709400000| Untracked |  0
|  44|0x0000000709600000, 0x0000000709600000, 0x0000000709800000|  0%| F|  |TAMS 0x0000000709600000| PB 0x0000000709600000| Untracked |  0
|  45|0x0000000709800000, 0x0000000709800000, 0x0000000709a00000|  0%| F|  |TAMS 0x0000000709800000| PB 0x0000000709800000| Untracked |  0
|  46|0x0000000709a00000, 0x0000000709a00000, 0x0000000709c00000|  0%| F|  |TAMS 0x0000000709a00000| PB 0x0000000709a00000| Untracked |  0
|  47|0x0000000709c00000, 0x0000000709c00000, 0x0000000709e00000|  0%| F|  |TAMS 0x0000000709c00000| PB 0x0000000709c00000| Untracked |  0
|  48|0x0000000709e00000, 0x0000000709e00000, 0x000000070a000000|  0%| F|  |TAMS 0x0000000709e00000| PB 0x0000000709e00000| Untracked |  0
|  49|0x000000070a000000, 0x000000070a000000, 0x000000070a200000|  0%| F|  |TAMS 0x000000070a000000| PB 0x000000070a000000| Untracked |  0
|  50|0x000000070a200000, 0x000000070a200000, 0x000000070a400000|  0%| F|  |TAMS 0x000000070a200000| PB 0x000000070a200000| Untracked |  0
|  51|0x000000070a400000, 0x000000070a400000, 0x000000070a600000|  0%| F|  |TAMS 0x000000070a400000| PB 0x000000070a400000| Untracked |  0
|  52|0x000000070a600000, 0x000000070a600000, 0x000000070a800000|  0%| F|  |TAMS 0x000000070a600000| PB 0x000000070a600000| Untracked |  0
|  53|0x000000070a800000, 0x000000070a800000, 0x000000070aa00000|  0%| F|  |TAMS 0x000000070a800000| PB 0x000000070a800000| Untracked |  0
|  54|0x000000070aa00000, 0x000000070aa00000, 0x000000070ac00000|  0%| F|  |TAMS 0x000000070aa00000| PB 0x000000070aa00000| Untracked |  0
|  55|0x000000070ac00000, 0x000000070ac00000, 0x000000070ae00000|  0%| F|  |TAMS 0x000000070ac00000| PB 0x000000070ac00000| Untracked |  0
|  56|0x000000070ae00000, 0x000000070ae00000, 0x000000070b000000|  0%| F|  |TAMS 0x000000070ae00000| PB 0x000000070ae00000| Untracked |  0
|  57|0x000000070b000000, 0x000000070b000000, 0x000000070b200000|  0%| F|  |TAMS 0x000000070b000000| PB 0x000000070b000000| Untracked |  0
|  58|0x000000070b200000, 0x000000070b200000, 0x000000070b400000|  0%| F|  |TAMS 0x000000070b200000| PB 0x000000070b200000| Untracked |  0
|  59|0x000000070b400000, 0x000000070b400000, 0x000000070b600000|  0%| F|  |TAMS 0x000000070b400000| PB 0x000000070b400000| Untracked |  0
|  60|0x000000070b600000, 0x000000070b600000, 0x000000070b800000|  0%| F|  |TAMS 0x000000070b600000| PB 0x000000070b600000| Untracked |  0
|  61|0x000000070b800000, 0x000000070b800000, 0x000000070ba00000|  0%| F|  |TAMS 0x000000070b800000| PB 0x000000070b800000| Untracked |  0
|  62|0x000000070ba00000, 0x000000070ba00000, 0x000000070bc00000|  0%| F|  |TAMS 0x000000070ba00000| PB 0x000000070ba00000| Untracked |  0
|  63|0x000000070bc00000, 0x000000070bc00000, 0x000000070be00000|  0%| F|  |TAMS 0x000000070bc00000| PB 0x000000070bc00000| Untracked |  0
|  64|0x000000070be00000, 0x000000070be00000, 0x000000070c000000|  0%| F|  |TAMS 0x000000070be00000| PB 0x000000070be00000| Untracked |  0
|  65|0x000000070c000000, 0x000000070c000000, 0x000000070c200000|  0%| F|  |TAMS 0x000000070c000000| PB 0x000000070c000000| Untracked |  0
|  66|0x000000070c200000, 0x000000070c200000, 0x000000070c400000|  0%| F|  |TAMS 0x000000070c200000| PB 0x000000070c200000| Untracked |  0
|  67|0x000000070c400000, 0x000000070c400000, 0x000000070c600000|  0%| F|  |TAMS 0x000000070c400000| PB 0x000000070c400000| Untracked |  0
|  68|0x000000070c600000, 0x000000070c600000, 0x000000070c800000|  0%| F|  |TAMS 0x000000070c600000| PB 0x000000070c600000| Untracked |  0
|  69|0x000000070c800000, 0x000000070c800000, 0x000000070ca00000|  0%| F|  |TAMS 0x000000070c800000| PB 0x000000070c800000| Untracked |  0
|  70|0x000000070ca00000, 0x000000070ca00000, 0x000000070cc00000|  0%| F|  |TAMS 0x000000070ca00000| PB 0x000000070ca00000| Untracked |  0
|  71|0x000000070cc00000, 0x000000070cc00000, 0x000000070ce00000|  0%| F|  |TAMS 0x000000070cc00000| PB 0x000000070cc00000| Untracked |  0
|  72|0x000000070ce00000, 0x000000070ce00000, 0x000000070d000000|  0%| F|  |TAMS 0x000000070ce00000| PB 0x000000070ce00000| Untracked |  0
|  73|0x000000070d000000, 0x000000070d000000, 0x000000070d200000|  0%| F|  |TAMS 0x000000070d000000| PB 0x000000070d000000| Untracked |  0
|  74|0x000000070d200000, 0x000000070d200000, 0x000000070d400000|  0%| F|  |TAMS 0x000000070d200000| PB 0x000000070d200000| Untracked |  0
|  75|0x000000070d400000, 0x000000070d400000, 0x000000070d600000|  0%| F|  |TAMS 0x000000070d400000| PB 0x000000070d400000| Untracked |  0
|  76|0x000000070d600000, 0x000000070d600000, 0x000000070d800000|  0%| F|  |TAMS 0x000000070d600000| PB 0x000000070d600000| Untracked |  0
|  77|0x000000070d800000, 0x000000070d800000, 0x000000070da00000|  0%| F|  |TAMS 0x000000070d800000| PB 0x000000070d800000| Untracked |  0
|  78|0x000000070da00000, 0x000000070da00000, 0x000000070dc00000|  0%| F|  |TAMS 0x000000070da00000| PB 0x000000070da00000| Untracked |  0
|  79|0x000000070dc00000, 0x000000070dc00000, 0x000000070de00000|  0%| F|  |TAMS 0x000000070dc00000| PB 0x000000070dc00000| Untracked |  0
|  80|0x000000070de00000, 0x000000070de00000, 0x000000070e000000|  0%| F|  |TAMS 0x000000070de00000| PB 0x000000070de00000| Untracked |  0
|  81|0x000000070e000000, 0x000000070e000000, 0x000000070e200000|  0%| F|  |TAMS 0x000000070e000000| PB 0x000000070e000000| Untracked |  0
|  82|0x000000070e200000, 0x000000070e200000, 0x000000070e400000|  0%| F|  |TAMS 0x000000070e200000| PB 0x000000070e200000| Untracked |  0
|  83|0x000000070e400000, 0x000000070e400000, 0x000000070e600000|  0%| F|  |TAMS 0x000000070e400000| PB 0x000000070e400000| Untracked |  0
|  84|0x000000070e600000, 0x000000070e600000, 0x000000070e800000|  0%| F|  |TAMS 0x000000070e600000| PB 0x000000070e600000| Untracked |  0
|  85|0x000000070e800000, 0x000000070e800000, 0x000000070ea00000|  0%| F|  |TAMS 0x000000070e800000| PB 0x000000070e800000| Untracked |  0
|  86|0x000000070ea00000, 0x000000070ea00000, 0x000000070ec00000|  0%| F|  |TAMS 0x000000070ea00000| PB 0x000000070ea00000| Untracked |  0
|  87|0x000000070ec00000, 0x000000070ec00000, 0x000000070ee00000|  0%| F|  |TAMS 0x000000070ec00000| PB 0x000000070ec00000| Untracked |  0
|  88|0x000000070ee00000, 0x000000070ee00000, 0x000000070f000000|  0%| F|  |TAMS 0x000000070ee00000| PB 0x000000070ee00000| Untracked |  0
|  89|0x000000070f000000, 0x000000070f000000, 0x000000070f200000|  0%| F|  |TAMS 0x000000070f000000| PB 0x000000070f000000| Untracked |  0
|  90|0x000000070f200000, 0x000000070f200000, 0x000000070f400000|  0%| F|  |TAMS 0x000000070f200000| PB 0x000000070f200000| Untracked |  0
|  91|0x000000070f400000, 0x000000070f400000, 0x000000070f600000|  0%| F|  |TAMS 0x000000070f400000| PB 0x000000070f400000| Untracked |  0
|  92|0x000000070f600000, 0x000000070f600000, 0x000000070f800000|  0%| F|  |TAMS 0x000000070f600000| PB 0x000000070f600000| Untracked |  0
|  93|0x000000070f800000, 0x000000070f800000, 0x000000070fa00000|  0%| F|  |TAMS 0x000000070f800000| PB 0x000000070f800000| Untracked |  0
|  94|0x000000070fa00000, 0x000000070fa00000, 0x000000070fc00000|  0%| F|  |TAMS 0x000000070fa00000| PB 0x000000070fa00000| Untracked |  0
|  95|0x000000070fc00000, 0x000000070fc00000, 0x000000070fe00000|  0%| F|  |TAMS 0x000000070fc00000| PB 0x000000070fc00000| Untracked |  0
|  96|0x000000070fe00000, 0x000000070fe00000, 0x0000000710000000|  0%| F|  |TAMS 0x000000070fe00000| PB 0x000000070fe00000| Untracked |  0
|  97|0x0000000710000000, 0x0000000710000000, 0x0000000710200000|  0%| F|  |TAMS 0x0000000710000000| PB 0x0000000710000000| Untracked |  0
|  98|0x0000000710200000, 0x0000000710200000, 0x0000000710400000|  0%| F|  |TAMS 0x0000000710200000| PB 0x0000000710200000| Untracked |  0
|  99|0x0000000710400000, 0x0000000710400000, 0x0000000710600000|  0%| F|  |TAMS 0x0000000710400000| PB 0x0000000710400000| Untracked |  0
| 100|0x0000000710600000, 0x0000000710600000, 0x0000000710800000|  0%| F|  |TAMS 0x0000000710600000| PB 0x0000000710600000| Untracked |  0
| 101|0x0000000710800000, 0x0000000710800000, 0x0000000710a00000|  0%| F|  |TAMS 0x0000000710800000| PB 0x0000000710800000| Untracked |  0
| 102|0x0000000710a00000, 0x0000000710a00000, 0x0000000710c00000|  0%| F|  |TAMS 0x0000000710a00000| PB 0x0000000710a00000| Untracked |  0
| 103|0x0000000710c00000, 0x0000000710c00000, 0x0000000710e00000|  0%| F|  |TAMS 0x0000000710c00000| PB 0x0000000710c00000| Untracked |  0
| 104|0x0000000710e00000, 0x0000000710e00000, 0x0000000711000000|  0%| F|  |TAMS 0x0000000710e00000| PB 0x0000000710e00000| Untracked |  0
| 105|0x0000000711000000, 0x0000000711000000, 0x0000000711200000|  0%| F|  |TAMS 0x0000000711000000| PB 0x0000000711000000| Untracked |  0
| 106|0x0000000711200000, 0x0000000711200000, 0x0000000711400000|  0%| F|  |TAMS 0x0000000711200000| PB 0x0000000711200000| Untracked |  0
| 107|0x0000000711400000, 0x0000000711400000, 0x0000000711600000|  0%| F|  |TAMS 0x0000000711400000| PB 0x0000000711400000| Untracked |  0
| 108|0x0000000711600000, 0x0000000711600000, 0x0000000711800000|  0%| F|  |TAMS 0x0000000711600000| PB 0x0000000711600000| Untracked |  0
| 109|0x0000000711800000, 0x0000000711800000, 0x0000000711a00000|  0%| F|  |TAMS 0x0000000711800000| PB 0x0000000711800000| Untracked |  0
| 110|0x0000000711a00000, 0x0000000711a00000, 0x0000000711c00000|  0%| F|  |TAMS 0x0000000711a00000| PB 0x0000000711a00000| Untracked |  0
| 111|0x0000000711c00000, 0x0000000711c00000, 0x0000000711e00000|  0%| F|  |TAMS 0x0000000711c00000| PB 0x0000000711c00000| Untracked |  0
| 112|0x0000000711e00000, 0x0000000711e00000, 0x0000000712000000|  0%| F|  |TAMS 0x0000000711e00000| PB 0x0000000711e00000| Untracked |  0
| 113|0x0000000712000000, 0x0000000712000000, 0x0000000712200000|  0%| F|  |TAMS 0x0000000712000000| PB 0x0000000712000000| Untracked |  0
| 114|0x0000000712200000, 0x00000007122a0000, 0x0000000712400000| 31%| S|  |TAMS 0x0000000712200000| PB 0x0000000712200000| Complete |  0
| 115|0x0000000712400000, 0x0000000712600000, 0x0000000712600000|100%| S|  |TAMS 0x0000000712400000| PB 0x0000000712400000| Complete |  0
| 116|0x0000000712600000, 0x0000000712800000, 0x0000000712800000|100%| E|CS|TAMS 0x0000000712600000| PB 0x0000000712600000| Complete |  0
| 117|0x0000000712800000, 0x0000000712a00000, 0x0000000712a00000|100%| E|CS|TAMS 0x0000000712800000| PB 0x0000000712800000| Complete |  0
| 118|0x0000000712a00000, 0x0000000712c00000, 0x0000000712c00000|100%| E|CS|TAMS 0x0000000712a00000| PB 0x0000000712a00000| Complete |  0
| 119|0x0000000712c00000, 0x0000000712e00000, 0x0000000712e00000|100%| E|CS|TAMS 0x0000000712c00000| PB 0x0000000712c00000| Complete |  0
| 120|0x0000000712e00000, 0x0000000713000000, 0x0000000713000000|100%| E|CS|TAMS 0x0000000712e00000| PB 0x0000000712e00000| Complete |  0
| 121|0x0000000713000000, 0x0000000713200000, 0x0000000713200000|100%| E|CS|TAMS 0x0000000713000000| PB 0x0000000713000000| Complete |  0
| 122|0x0000000713200000, 0x0000000713400000, 0x0000000713400000|100%| E|CS|TAMS 0x0000000713200000| PB 0x0000000713200000| Complete |  0
| 123|0x0000000713400000, 0x0000000713600000, 0x0000000713600000|100%| E|CS|TAMS 0x0000000713400000| PB 0x0000000713400000| Complete |  0
| 124|0x0000000713600000, 0x0000000713800000, 0x0000000713800000|100%| E|CS|TAMS 0x0000000713600000| PB 0x0000000713600000| Complete |  0
| 125|0x0000000713800000, 0x0000000713a00000, 0x0000000713a00000|100%| E|CS|TAMS 0x0000000713800000| PB 0x0000000713800000| Complete |  0
| 126|0x0000000713a00000, 0x0000000713c00000, 0x0000000713c00000|100%| E|CS|TAMS 0x0000000713a00000| PB 0x0000000713a00000| Complete |  0

Card table byte_map: [0x00000130991b0000,0x00000130999a0000] _byte_map_base: 0x0000013095991000

Marking Bits: (CMBitMap*) 0x00000130ffa611d0
 Bits: [0x00000130999a0000, 0x000001309d8a8000)

Polling page: 0x00000130ff600000

Metaspace:

Usage:
  Non-class:      8.05 MB used.
      Class:      1.05 MB used.
       Both:      9.11 MB used.

Virtual space:
  Non-class space:       64.00 MB reserved,       8.19 MB ( 13%) committed,  1 nodes.
      Class space:        1.00 GB reserved,       1.19 MB ( <1%) committed,  1 nodes.
             Both:        1.06 GB reserved,       9.38 MB ( <1%) committed. 

Chunk freelists:
   Non-Class:  6.98 MB
       Class:  14.74 MB
        Both:  21.72 MB

MaxMetaspaceSize: unlimited
CompressedClassSpaceSize: 1.00 GB
Initial GC threshold: 21.00 MB
Current GC threshold: 21.00 MB
CDS: on
 - commit_granule_bytes: 65536.
 - commit_granule_words: 8192.
 - virtual_space_node_default_size: 8388608.
 - enlarge_chunks_in_place: 1.
 - use_allocation_guard: 0.


Internal statistics:

num_allocs_failed_limit: 0.
num_arena_births: 214.
num_arena_deaths: 0.
num_vsnodes_births: 2.
num_vsnodes_deaths: 0.
num_space_committed: 150.
num_space_uncommitted: 0.
num_chunks_returned_to_freelist: 0.
num_chunks_taken_from_freelist: 370.
num_chunk_merges: 0.
num_chunk_splits: 207.
num_chunks_enlarged: 77.
num_inconsistent_stats: 0.

CodeHeap 'non-profiled nmethods': size=120000Kb used=315Kb max_used=315Kb free=119684Kb
 bounds [0x0000013091160000, 0x00000130913d0000, 0x0000013098690000]
CodeHeap 'profiled nmethods': size=120000Kb used=1651Kb max_used=1651Kb free=118349Kb
 bounds [0x0000013089690000, 0x0000013089900000, 0x0000013090bc0000]
CodeHeap 'non-nmethods': size=5760Kb used=1567Kb max_used=1585Kb free=4192Kb
 bounds [0x0000013090bc0000, 0x0000013090e30000, 0x0000013091160000]
 total_blobs=1725 nmethods=1096 adapters=534
 compilation: enabled
              stopped_count=0, restarted_count=0
 full_count=0

Compilation events (20 events):
Event: 8.259 Thread 0x00000130a0183030 1087   !   3       sun.awt.AWTAutoShutdown::setToolkitBusy (124 bytes)
Event: 8.260 Thread 0x00000130a0183030 nmethod 1087 0x0000013089828210 code [0x0000013089828420, 0x0000013089828a00]
Event: 11.726 Thread 0x00000130a0183030 1088       3       java.security.AccessControlContext::optimize (319 bytes)
Event: 11.727 Thread 0x00000130a0183030 nmethod 1088 0x0000013089828d10 code [0x00000130898290c0, 0x000001308982a6d8]
Event: 11.727 Thread 0x00000130a0183030 1089       3       java.security.AccessController::executePrivileged (69 bytes)
Event: 11.727 Thread 0x00000130a0183030 nmethod 1089 0x000001308982ad90 code [0x000001308982af60, 0x000001308982b288]
Event: 11.727 Thread 0x00000130a0183030 1091       3       java.lang.Math::max (12 bytes)
Event: 11.727 Thread 0x00000130a0183030 nmethod 1091 0x000001308982b410 code [0x000001308982b5a0, 0x000001308982b6d0]
Event: 11.727 Thread 0x00000130a0183030 1090  s    3       java.awt.KeyboardFocusManager::getCurrentKeyboardFocusManager (32 bytes)
Event: 11.727 Thread 0x00000130a0183030 nmethod 1090 0x000001308982b790 code [0x000001308982b960, 0x000001308982bd60]
Event: 12.209 Thread 0x00000130a0183030 1092       1       sun.util.locale.StringTokenIterator::isDone (5 bytes)
Event: 12.209 Thread 0x00000130a0183030 nmethod 1092 0x00000130911ae790 code [0x00000130911ae920, 0x00000130911ae9f0]
Event: 28.141 Thread 0x00000130a0180570 1093       4       org.example.WebRtcPeerConnectionHandler$3::onData (14 bytes)
Event: 28.142 Thread 0x00000130a0180570 nmethod 1093 0x00000130911aea90 code [0x00000130911aec20, 0x00000130911aed30]
Event: 41.033 Thread 0x00000130a0183030 1094       3       java.nio.CharBuffer::array (35 bytes)
Event: 41.034 Thread 0x00000130a0183030 nmethod 1094 0x000001308982be90 code [0x000001308982c060, 0x000001308982c330]
Event: 41.034 Thread 0x00000130a0183030 1095       3       java.nio.charset.CoderResult::isOverflow (14 bytes)
Event: 41.034 Thread 0x00000130a0183030 nmethod 1095 0x000001308982c490 code [0x000001308982c620, 0x000001308982c780]
Event: 41.034 Thread 0x00000130a0183030 1096       3       java.nio.CharBuffer::<init> (24 bytes)
Event: 41.034 Thread 0x00000130a0183030 nmethod 1096 0x000001308982c810 code [0x000001308982c9c0, 0x000001308982cb78]

GC Heap History (1 events):
Event: 44.221 GC heap before
{Heap before GC invocations=0 (full 0):
 garbage-first heap   total reserved 4130816K, committed 260096K, used 30720K [0x0000000703e00000, 0x0000000800000000)
  region size 2048K, 11 young (22528K), 0 survivors (0K)
 Metaspace       used 9325K, committed 9600K, reserved 1114112K
  class space    used 1079K, committed 1216K, reserved 1048576K
}

Dll operation events (12 events):
Event: 0.006 Loaded shared library C:\Users\woelflenico\.jdks\openjdk-22.0.1\bin\java.dll
Event: 0.029 Loaded shared library C:\Users\woelflenico\.jdks\openjdk-22.0.1\bin\jsvml.dll
Event: 0.042 Loaded shared library C:\Users\woelflenico\.jdks\openjdk-22.0.1\bin\net.dll
Event: 0.043 Loaded shared library C:\Users\woelflenico\.jdks\openjdk-22.0.1\bin\nio.dll
Event: 0.056 Loaded shared library C:\Users\woelflenico\.jdks\openjdk-22.0.1\bin\zip.dll
Event: 0.113 Loaded shared library C:\Users\woelflenico\.jdks\openjdk-22.0.1\bin\jimage.dll
Event: 0.168 Loaded shared library C:\Users\woelflenico\.jdks\openjdk-22.0.1\bin\jsound.dll
Event: 0.170 Loaded shared library C:\Users\woelflenico\.jdks\openjdk-22.0.1\bin\extnet.dll
Event: 0.914 Loaded shared library C:\Users\woelflenico\AppData\Local\Temp\webrtc-java6522897267105953323.dll
Event: 1.054 Loaded shared library C:\Users\woelflenico\.jdks\openjdk-22.0.1\bin\awt.dll
Event: 1.170 Loaded shared library C:\Users\woelflenico\.jdks\openjdk-22.0.1\bin\freetype.dll
Event: 1.171 Loaded shared library C:\Users\woelflenico\.jdks\openjdk-22.0.1\bin\fontmanager.dll

Deoptimization events (20 events):
Event: 1.168 Thread 0x00000130e61394d0 Uncommon trap: trap_request=0xffffffde fr.pc=0x0000013091194e24 relative=0x0000000000000084
Event: 1.168 Thread 0x00000130e61394d0 Uncommon trap: reason=class_check action=maybe_recompile pc=0x0000013091194e24 method=jdk.internal.misc.Blocker.begin()J @ 11 c2
Event: 1.168 Thread 0x00000130e61394d0 DEOPT PACKING pc=0x0000013091194e24 sp=0x000000097aafcd00
Event: 1.168 Thread 0x00000130e61394d0 DEOPT UNPACKING pc=0x0000013090c146a2 sp=0x000000097aafcc58 mode 2
Event: 1.168 Thread 0x00000130e61394d0 Uncommon trap: trap_request=0xffffffde fr.pc=0x0000013091194e24 relative=0x0000000000000084
Event: 1.168 Thread 0x00000130e61394d0 Uncommon trap: reason=class_check action=maybe_recompile pc=0x0000013091194e24 method=jdk.internal.misc.Blocker.begin()J @ 11 c2
Event: 1.168 Thread 0x00000130e61394d0 DEOPT PACKING pc=0x0000013091194e24 sp=0x000000097aafcd70
Event: 1.168 Thread 0x00000130e61394d0 DEOPT UNPACKING pc=0x0000013090c146a2 sp=0x000000097aafccc8 mode 2
Event: 1.170 Thread 0x00000130e61394d0 Uncommon trap: trap_request=0xffffffde fr.pc=0x0000013091194e24 relative=0x0000000000000084
Event: 1.170 Thread 0x00000130e61394d0 Uncommon trap: reason=class_check action=maybe_recompile pc=0x0000013091194e24 method=jdk.internal.misc.Blocker.begin()J @ 11 c2
Event: 1.170 Thread 0x00000130e61394d0 DEOPT PACKING pc=0x0000013091194e24 sp=0x000000097aafbd90
Event: 1.170 Thread 0x00000130e61394d0 DEOPT UNPACKING pc=0x0000013090c146a2 sp=0x000000097aafbce8 mode 2
Event: 1.170 Thread 0x00000130e61394d0 Uncommon trap: trap_request=0xffffffde fr.pc=0x0000013091194e24 relative=0x0000000000000084
Event: 1.170 Thread 0x00000130e61394d0 Uncommon trap: reason=class_check action=maybe_recompile pc=0x0000013091194e24 method=jdk.internal.misc.Blocker.begin()J @ 11 c2
Event: 1.170 Thread 0x00000130e61394d0 DEOPT PACKING pc=0x0000013091194e24 sp=0x000000097aafbe00
Event: 1.170 Thread 0x00000130e61394d0 DEOPT UNPACKING pc=0x0000013090c146a2 sp=0x000000097aafbd58 mode 2
Event: 1.252 Thread 0x00000130e6082e50 Uncommon trap: trap_request=0xffffff45 fr.pc=0x0000013091164704 relative=0x0000000000000164
Event: 1.252 Thread 0x00000130e6082e50 Uncommon trap: reason=unstable_if action=reinterpret pc=0x0000013091164704 method=java.lang.StringCoding.countPositives([BII)I @ 17 c2
Event: 1.252 Thread 0x00000130e6082e50 DEOPT PACKING pc=0x0000013091164704 sp=0x000000097a0fed50
Event: 1.252 Thread 0x00000130e6082e50 DEOPT UNPACKING pc=0x0000013090c146a2 sp=0x000000097a0fecd8 mode 2

Classes loaded (20 events):
Event: 1.218 Loading class sun/awt/im/InputMethodAdapter done
Event: 1.218 Loading class sun/awt/windows/WInputMethod done
Event: 1.223 Loading class sun/awt/im/CompositionAreaHandler
Event: 1.223 Loading class java/awt/event/InputMethodListener
Event: 1.223 Loading class java/awt/event/InputMethodListener done
Event: 1.223 Loading class sun/awt/im/CompositionAreaHandler done
Event: 1.223 Loading class java/text/AttributedString
Event: 1.223 Loading class java/text/AttributedString done
Event: 1.223 Loading class java/text/AttributedString$AttributedStringIterator
Event: 1.223 Loading class java/text/AttributedCharacterIterator
Event: 1.223 Loading class java/text/CharacterIterator
Event: 1.223 Loading class java/text/CharacterIterator done
Event: 1.223 Loading class java/text/AttributedCharacterIterator done
Event: 1.223 Loading class java/text/AttributedString$AttributedStringIterator done
Event: 1.224 Loading class java/awt/TextComponent
Event: 1.224 Loading class java/awt/TextComponent done
Event: 1.224 Loading class javax/swing/text/JTextComponent
Event: 1.224 Loading class javax/swing/Scrollable
Event: 1.224 Loading class javax/swing/Scrollable done
Event: 1.224 Loading class javax/swing/text/JTextComponent done

Classes unloaded (0 events):
No events

Classes redefined (0 events):
No events

Internal exceptions (19 events):
Event: 0.161 Thread 0x00000130ff458db0 Exception <a 'java/lang/NoSuchMethodError'{0x00000007137c2618}: 'java.lang.Object java.lang.invoke.DirectMethodHandle$Holder.invokeStaticInit(java.lang.Object, int, int, int, int)'> (0x00000007137c2618) 
thrown [s\open\src\hotspot\share\interpreter\linkResolver.cpp, line 774]
Event: 0.172 Thread 0x00000130a0648d00 Exception <a 'java/lang/NoSuchMethodError'{0x00000007134087a8}: 'void java.lang.invoke.DirectMethodHandle$Holder.invokeStatic(java.lang.Object, java.lang.Object)'> (0x00000007134087a8) 
thrown [s\open\src\hotspot\share\interpreter\linkResolver.cpp, line 774]
Event: 0.188 Thread 0x00000130a0648d00 Exception <a 'java/lang/NoSuchMethodError'{0x0000000713474918}: 'java.lang.Object java.lang.invoke.DirectMethodHandle$Holder.invokeStaticInit(java.lang.Object, java.lang.Object, int, int, int, int)'> (0x0000000713474918) 
thrown [s\open\src\hotspot\share\interpreter\linkResolver.cpp, line 774]
Event: 0.207 Thread 0x00000130a0648d00 Exception <a 'java/lang/NoSuchMethodError'{0x00000007134dade0}: 'int java.lang.invoke.DirectMethodHandle$Holder.invokeSpecial(java.lang.Object, java.lang.Object, java.lang.Object)'> (0x00000007134dade0) 
thrown [s\open\src\hotspot\share\interpreter\linkResolver.cpp, line 774]
Event: 0.214 Thread 0x00000130a0648d00 Exception <a 'java/lang/NoSuchMethodError'{0x00000007135e2af8}: 'void java.lang.invoke.Invokers$Holder.invokeExact_MT(java.lang.Object, java.lang.Object, java.lang.Object, java.lang.Object)'> (0x00000007135e2af8) 
thrown [s\open\src\hotspot\share\interpreter\linkResolver.cpp, line 774]
Event: 1.050 Thread 0x00000130a0648d00 Exception <a 'java/lang/ClassNotFoundException'{0x00000007133ad738}: sun/awt/resources/spi/awtProvider> (0x00000007133ad738) 
thrown [s\open\src\hotspot\share\classfile\systemDictionary.cpp, line 313]
Event: 1.059 Thread 0x00000130a0648d00 Exception <a 'java/io/FileNotFoundException'{0x000000071301c028}> (0x000000071301c028) 
thrown [s\open\src\hotspot\share\prims\jni.cpp, line 520]
Event: 1.062 Thread 0x00000130a0648d00 Exception <a 'java/io/FileNotFoundException'{0x0000000713048808}> (0x0000000713048808) 
thrown [s\open\src\hotspot\share\prims\jni.cpp, line 520]
Event: 1.114 Thread 0x00000130a0648d00 Exception <a 'java/lang/NoSuchMethodError'{0x00000007131c32f0}: 'void java.lang.invoke.DirectMethodHandle$Holder.invokeSpecial(java.lang.Object, java.lang.Object, java.lang.Object)'> (0x00000007131c32f0) 
thrown [s\open\src\hotspot\share\interpreter\linkResolver.cpp, line 774]
Event: 1.120 Thread 0x00000130a0648d00 Exception <a 'java/lang/NoSuchMethodError'{0x00000007131e93a0}: 'java.lang.Object java.lang.invoke.DirectMethodHandle$Holder.newInvokeSpecial(java.lang.Object, java.lang.Object, java.lang.Object, java.lang.Object, java.lang.Object)'> (0x00000007131e93a0) 
thrown [s\open\src\hotspot\share\interpreter\linkResolver.cpp, line 774]
Event: 1.123 Thread 0x00000130a0648d00 Exception <a 'java/lang/NoSuchMethodError'{0x0000000712e15ee0}: 'java.lang.Object java.lang.invoke.DirectMethodHandle$Holder.invokeStatic(java.lang.Object, int, java.lang.Object)'> (0x0000000712e15ee0) 
thrown [s\open\src\hotspot\share\interpreter\linkResolver.cpp, line 774]
Event: 1.139 Thread 0x00000130a0648d00 Exception <a 'java/lang/ClassNotFoundException'{0x0000000712ebbb00}: com/sun/swing/internal/plaf/metal/resources/spi/metalProvider> (0x0000000712ebbb00) 
thrown [s\open\src\hotspot\share\classfile\systemDictionary.cpp, line 313]
Event: 1.140 Thread 0x00000130a0648d00 Exception <a 'java/lang/ClassNotFoundException'{0x0000000712ec0790}: com/sun/swing/internal/plaf/basic/resources/spi/basicProvider> (0x0000000712ec0790) 
thrown [s\open\src\hotspot\share\classfile\systemDictionary.cpp, line 313]
Event: 1.146 Thread 0x00000130a0648d00 Exception <a 'java/lang/NoSuchMethodError'{0x0000000712edf768}: 'int java.lang.invoke.Invokers$Holder.invokeExact_MT(java.lang.Object, java.lang.Object)'> (0x0000000712edf768) 
thrown [s\open\src\hotspot\share\interpreter\linkResolver.cpp, line 774]
Event: 1.157 Thread 0x00000130e60ec500 Exception <a 'java/lang/NoSuchMethodError'{0x00000007131604a0}: 'void java.lang.invoke.DirectMethodHandle$Holder.invokeVirtual(java.lang.Object, java.lang.Object)'> (0x00000007131604a0) 
thrown [s\open\src\hotspot\share\interpreter\linkResolver.cpp, line 774]
Event: 1.167 Thread 0x00000130e61394d0 Exception <a 'java/lang/NoSuchMethodError'{0x0000000712f742f8}: 'void java.lang.invoke.DirectMethodHandle$Holder.invokeStaticInit(java.lang.Object)'> (0x0000000712f742f8) 
thrown [s\open\src\hotspot\share\interpreter\linkResolver.cpp, line 774]
Event: 1.251 Thread 0x00000130e6082e50 Exception <a 'java/lang/NoSuchMethodError'{0x00000007133e9010}: 'java.lang.Object java.lang.invoke.DirectMethodHandle$Holder.newInvokeSpecial(java.lang.Object, java.lang.Object, java.lang.Object, java.lang.Object, int)'> (0x00000007133e9010) 
thrown [s\open\src\hotspot\share\interpreter\linkResolver.cpp, line 774]
Event: 1.251 Thread 0x00000130e6082e50 Exception <a 'java/lang/NoSuchMethodError'{0x00000007133ed0d8}: 'java.lang.Object java.lang.invoke.DirectMethodHandle$Holder.invokeSpecial(java.lang.Object, java.lang.Object, java.lang.Object, java.lang.Object, java.lang.Object, int)'> (0x00000007133ed0d8) 
thrown [s\open\src\hotspot\share\interpreter\linkResolver.cpp, line 774]
Event: 1.251 Thread 0x00000130e6082e50 Exception <a 'java/lang/NoSuchMethodError'{0x00000007133f08a8}: 'java.lang.Object java.lang.invoke.Invokers$Holder.linkToTargetMethod(java.lang.Object, java.lang.Object, java.lang.Object, int, java.lang.Object)'> (0x00000007133f08a8) 
thrown [s\open\src\hotspot\share\interpreter\linkResolver.cpp, line 774]

ZGC Phase Switch (0 events):
No events

VM Operations (20 events):
Event: 0.056 Executing VM operation: HandshakeAllThreads (Deoptimize) done
Event: 0.222 Executing VM operation: HandshakeAllThreads (Deoptimize)
Event: 0.222 Executing VM operation: HandshakeAllThreads (Deoptimize) done
Event: 0.734 Executing VM operation: HandshakeAllThreads (Deoptimize)
Event: 0.734 Executing VM operation: HandshakeAllThreads (Deoptimize) done
Event: 1.068 Executing VM operation: HandshakeAllThreads (Deoptimize)
Event: 1.068 Executing VM operation: HandshakeAllThreads (Deoptimize) done
Event: 1.068 Executing VM operation: Cleanup
Event: 1.069 Executing VM operation: Cleanup done
Event: 1.183 Executing VM operation: HandshakeAllThreads (Deoptimize)
Event: 1.183 Executing VM operation: HandshakeAllThreads (Deoptimize) done
Event: 1.215 Executing VM operation: HandshakeAllThreads (Deoptimize)
Event: 1.215 Executing VM operation: HandshakeAllThreads (Deoptimize) done
Event: 2.223 Executing VM operation: Cleanup
Event: 2.223 Executing VM operation: Cleanup done
Event: 8.227 Executing VM operation: Cleanup
Event: 8.227 Executing VM operation: Cleanup done
Event: 12.229 Executing VM operation: Cleanup
Event: 12.229 Executing VM operation: Cleanup done
Event: 44.221 Executing VM operation: G1CollectForAllocation (G1 Evacuation Pause)

Events (20 events):
Event: 0.027 Thread 0x00000130a014f950 Thread added: 0x00000130a014f950
Event: 0.027 Thread 0x00000130a01526d0 Thread added: 0x00000130a01526d0
Event: 0.027 Thread 0x00000130a0153490 Thread added: 0x00000130a0153490
Event: 0.027 Thread 0x00000130a0153ef0 Thread added: 0x00000130a0153ef0
Event: 0.028 Thread 0x00000130a0180570 Thread added: 0x00000130a0180570
Event: 0.028 Thread 0x00000130a0183030 Thread added: 0x00000130a0183030
Event: 0.039 Thread 0x00000130a0446f20 Thread added: 0x00000130a0446f20
Event: 0.040 Thread 0x00000130a045a1c0 Thread added: 0x00000130a045a1c0
Event: 0.051 Thread 0x00000130a04af4a0 Thread added: 0x00000130a04af4a0
Event: 0.164 Thread 0x00000130a0648d00 Thread added: 0x00000130a0648d00
Event: 0.192 Thread 0x00000130a0689470 Thread added: 0x00000130a0689470
Event: 0.198 Thread 0x00000130a06e34e0 Thread added: 0x00000130a06e34e0
Event: 0.217 Thread 0x00000130a06c9830 Thread added: 0x00000130a06c9830
Event: 0.726 Thread 0x00000130a04af4a0 Thread exited: 0x00000130a04af4a0
Event: 1.041 Thread 0x00000130e6082e50 Thread added: 0x00000130e6082e50
Event: 1.094 Thread 0x00000130e60c77c0 Thread added: 0x00000130e60c77c0
Event: 1.095 Thread 0x00000130e60c8200 Thread added: 0x00000130e60c8200
Event: 1.096 Thread 0x00000130e60ec500 Thread added: 0x00000130e60ec500
Event: 1.150 Thread 0x00000130e61394d0 Thread added: 0x00000130e61394d0
Event: 1.242 Thread 0x00000130e6341a50 Thread added: 0x00000130e6341a50


Dynamic libraries:
0x00007ff7448b0000 - 0x00007ff7448be000 	C:\Users\woelflenico\.jdks\openjdk-22.0.1\bin\java.exe
0x00007ffd91fd0000 - 0x00007ffd921c8000 	C:\WINDOWS\SYSTEM32\ntdll.dll
0x00007ffd90350000 - 0x00007ffd9040d000 	C:\WINDOWS\System32\KERNEL32.DLL
0x00007ffd8fcd0000 - 0x00007ffd8ffc6000 	C:\WINDOWS\System32\KERNELBASE.dll
0x00007ffd8fb30000 - 0x00007ffd8fc30000 	C:\WINDOWS\System32\ucrtbase.dll
0x00007ffd8ad40000 - 0x00007ffd8ad5b000 	C:\Users\woelflenico\.jdks\openjdk-22.0.1\bin\VCRUNTIME140.dll
0x00007ffd8ad20000 - 0x00007ffd8ad37000 	C:\Users\woelflenico\.jdks\openjdk-22.0.1\bin\jli.dll
0x00007ffd911d0000 - 0x00007ffd9136f000 	C:\WINDOWS\System32\USER32.dll
0x00007ffd7ed30000 - 0x00007ffd7efca000 	C:\WINDOWS\WinSxS\amd64_microsoft.windows.common-controls_6595b64144ccf1df_6.0.19041.4355_none_60b8b9eb71f62e16\COMCTL32.dll
0x00007ffd8f680000 - 0x00007ffd8f6a2000 	C:\WINDOWS\System32\win32u.dll
0x00007ffd902b0000 - 0x00007ffd9034e000 	C:\WINDOWS\System32\msvcrt.dll
0x00007ffd90f20000 - 0x00007ffd90f4b000 	C:\WINDOWS\System32\GDI32.dll
0x00007ffd8f910000 - 0x00007ffd8fa27000 	C:\WINDOWS\System32\gdi32full.dll
0x00007ffd8fc30000 - 0x00007ffd8fccd000 	C:\WINDOWS\System32\msvcp_win.dll
0x00007ffd90130000 - 0x00007ffd90162000 	C:\WINDOWS\System32\IMM32.DLL
0x00007ffd8acf0000 - 0x00007ffd8acfc000 	C:\Users\woelflenico\.jdks\openjdk-22.0.1\bin\vcruntime140_1.dll
0x00007ffd6c1e0000 - 0x00007ffd6c26e000 	C:\Users\woelflenico\.jdks\openjdk-22.0.1\bin\msvcp140.dll
0x00007ffd064c0000 - 0x00007ffd07207000 	C:\Users\woelflenico\.jdks\openjdk-22.0.1\bin\server\jvm.dll
0x00007ffd91090000 - 0x00007ffd91140000 	C:\WINDOWS\System32\ADVAPI32.dll
0x00007ffd91ef0000 - 0x00007ffd91f90000 	C:\WINDOWS\System32\sechost.dll
0x00007ffd90000000 - 0x00007ffd90123000 	C:\WINDOWS\System32\RPCRT4.dll
0x00007ffd8ffd0000 - 0x00007ffd8fff7000 	C:\WINDOWS\System32\bcrypt.dll
0x00007ffd90eb0000 - 0x00007ffd90f1b000 	C:\WINDOWS\System32\WS2_32.dll
0x00007ffd8f4d0000 - 0x00007ffd8f51b000 	C:\WINDOWS\SYSTEM32\POWRPROF.dll
0x00007ffd85bd0000 - 0x00007ffd85bf7000 	C:\WINDOWS\SYSTEM32\WINMM.dll
0x00007ffd89d00000 - 0x00007ffd89d0a000 	C:\WINDOWS\SYSTEM32\VERSION.dll
0x00007ffd8f4b0000 - 0x00007ffd8f4c2000 	C:\WINDOWS\SYSTEM32\UMPDC.dll
0x00007ffd8d300000 - 0x00007ffd8d312000 	C:\WINDOWS\SYSTEM32\kernel.appcore.dll
0x00007ffd8a3e0000 - 0x00007ffd8a3ea000 	C:\Users\woelflenico\.jdks\openjdk-22.0.1\bin\jimage.dll
0x00007ffd8aee0000 - 0x00007ffd8b0c4000 	C:\WINDOWS\SYSTEM32\DBGHELP.DLL
0x00007ffd8aea0000 - 0x00007ffd8aed4000 	C:\WINDOWS\SYSTEM32\dbgcore.DLL
0x00007ffd8faa0000 - 0x00007ffd8fb22000 	C:\WINDOWS\System32\bcryptPrimitives.dll
0x00007ffd8a3c0000 - 0x00007ffd8a3de000 	C:\Users\woelflenico\.jdks\openjdk-22.0.1\bin\java.dll
0x00007ffd90600000 - 0x00007ffd90d6b000 	C:\WINDOWS\System32\SHELL32.dll
0x00007ffd918b0000 - 0x00007ffd919db000 	C:\WINDOWS\System32\ole32.dll
0x00007ffd91b90000 - 0x00007ffd91ee3000 	C:\WINDOWS\System32\combase.dll
0x00007ffd8d500000 - 0x00007ffd8dc9d000 	C:\WINDOWS\SYSTEM32\windows.storage.dll
0x00007ffd8eef0000 - 0x00007ffd8ef1e000 	C:\WINDOWS\SYSTEM32\Wldp.dll
0x00007ffd91370000 - 0x00007ffd9143d000 	C:\WINDOWS\System32\OLEAUT32.dll
0x00007ffd90200000 - 0x00007ffd902ad000 	C:\WINDOWS\System32\SHCORE.dll
0x00007ffd90dd0000 - 0x00007ffd90e25000 	C:\WINDOWS\System32\shlwapi.dll
0x00007ffd8f5b0000 - 0x00007ffd8f5d4000 	C:\WINDOWS\SYSTEM32\profapi.dll
0x00007ffd6c100000 - 0x00007ffd6c1d7000 	C:\Users\woelflenico\.jdks\openjdk-22.0.1\bin\jsvml.dll
0x00007ffd883b0000 - 0x00007ffd883c0000 	C:\Users\woelflenico\.jdks\openjdk-22.0.1\bin\net.dll
0x00007ffd8ecd0000 - 0x00007ffd8ed3a000 	C:\WINDOWS\system32\mswsock.dll
0x00007ffd88390000 - 0x00007ffd883a6000 	C:\Users\woelflenico\.jdks\openjdk-22.0.1\bin\nio.dll
0x00007ffd87ee0000 - 0x00007ffd87ef7000 	C:\Users\woelflenico\.jdks\openjdk-22.0.1\bin\zip.dll
0x00007ffd81f40000 - 0x00007ffd81f52000 	C:\Users\woelflenico\.jdks\openjdk-22.0.1\bin\jsound.dll
0x00007ffd6e940000 - 0x00007ffd6e9dc000 	C:\WINDOWS\SYSTEM32\DSOUND.dll
0x00007ffd84c40000 - 0x00007ffd84c66000 	C:\WINDOWS\SYSTEM32\winmmbase.dll
0x00007ffd8ce30000 - 0x00007ffd8cece000 	C:\WINDOWS\system32\uxtheme.dll
0x00007ffd90550000 - 0x00007ffd905f9000 	C:\WINDOWS\System32\clbcatq.dll
0x00007ffd86bb0000 - 0x00007ffd86bb9000 	C:\Users\woelflenico\.jdks\openjdk-22.0.1\bin\extnet.dll
0x00007ffd893b0000 - 0x00007ffd89435000 	C:\WINDOWS\System32\MMDevApi.dll
0x00007ffd8f330000 - 0x00007ffd8f363000 	C:\WINDOWS\System32\DEVOBJ.dll
0x00007ffd8f6b0000 - 0x00007ffd8f6fe000 	C:\WINDOWS\System32\cfgmgr32.dll
0x00007ffd8ef30000 - 0x00007ffd8ef48000 	C:\WINDOWS\SYSTEM32\CRYPTSP.dll
0x00007ffd8e610000 - 0x00007ffd8e644000 	C:\WINDOWS\system32\rsaenh.dll
0x00007ffd8f520000 - 0x00007ffd8f54e000 	C:\WINDOWS\SYSTEM32\USERENV.dll
0x00007ffd8ee60000 - 0x00007ffd8ee6c000 	C:\WINDOWS\SYSTEM32\CRYPTBASE.dll
0x00007ffd8e9d0000 - 0x00007ffd8ea0b000 	C:\WINDOWS\SYSTEM32\IPHLPAPI.DLL
0x00007ffd90f50000 - 0x00007ffd90f58000 	C:\WINDOWS\System32\NSI.dll
0x00007ffd81970000 - 0x00007ffd819b6000 	C:\WINDOWS\SYSTEM32\wdmaud.drv
0x00007ffd82a90000 - 0x00007ffd82a99000 	C:\WINDOWS\SYSTEM32\ksuser.dll
0x00007ffd85bc0000 - 0x00007ffd85bca000 	C:\WINDOWS\SYSTEM32\AVRT.dll
0x00007ffd89570000 - 0x00007ffd896f1000 	C:\WINDOWS\SYSTEM32\AUDIOSES.DLL
0x00007ffd8b100000 - 0x00007ffd8b10d000 	C:\WINDOWS\SYSTEM32\msacm32.drv
0x00007ffd81ae0000 - 0x00007ffd81afe000 	C:\WINDOWS\SYSTEM32\MSACM32.dll
0x00007ffd86bc0000 - 0x00007ffd86bcb000 	C:\WINDOWS\SYSTEM32\midimap.dll
0x00007ffd8cef0000 - 0x00007ffd8cf04000 	C:\WINDOWS\SYSTEM32\resourcepolicyclient.dll
0x00007ffd014a0000 - 0x00007ffd0269f000 	C:\Users\woelflenico\AppData\Local\Temp\webrtc-java6522897267105953323.dll
0x00007ffd852b0000 - 0x00007ffd8546c000 	C:\WINDOWS\SYSTEM32\MFPlat.DLL
0x00007ffd8b5b0000 - 0x00007ffd8b813000 	C:\WINDOWS\SYSTEM32\d3d11.dll
0x00007ffd8ddc0000 - 0x00007ffd8deb2000 	C:\WINDOWS\SYSTEM32\dxgi.dll
0x00007ffd65080000 - 0x00007ffd6508b000 	C:\WINDOWS\SYSTEM32\msdmo.dll
0x00007ffd88b60000 - 0x00007ffd88b6c000 	C:\WINDOWS\SYSTEM32\Secur32.dll
0x00007ffd8f550000 - 0x00007ffd8f582000 	C:\WINDOWS\SYSTEM32\SSPICLI.DLL
0x00007ffd82380000 - 0x00007ffd823b6000 	C:\WINDOWS\SYSTEM32\RTWorkQ.DLL
0x00007ffd694c0000 - 0x00007ffd69537000 	C:\Windows\System32\mfwmaaec.dll
0x00007ffd7ccd0000 - 0x00007ffd7ce0f000 	C:\Windows\System32\Windows.UI.dll
0x00007ffd7cc00000 - 0x00007ffd7cca1000 	C:\Windows\System32\WindowManagementAPI.dll
0x00007ffd7cb00000 - 0x00007ffd7cbf9000 	C:\Windows\System32\TextInputFramework.dll
0x00007ffd7c920000 - 0x00007ffd7ca72000 	C:\Windows\System32\InputHost.dll
0x00007ffd7c620000 - 0x00007ffd7c823000 	C:\WINDOWS\SYSTEM32\twinapi.appcore.dll
0x00007ffd8be90000 - 0x00007ffd8bfe7000 	C:\WINDOWS\SYSTEM32\wintypes.dll
0x00007ffd8c8c0000 - 0x00007ffd8c9b2000 	C:\Windows\System32\CoreMessaging.dll
0x00007ffd8c560000 - 0x00007ffd8c8bb000 	C:\Windows\System32\CoreUIComponents.dll
0x00007ffd889b0000 - 0x00007ffd88aa6000 	C:\Windows\System32\PROPSYS.dll
0x00007ffd8e730000 - 0x00007ffd8e763000 	C:\WINDOWS\SYSTEM32\ntmarta.dll
0x00007ffd69330000 - 0x00007ffd694bd000 	C:\Users\woelflenico\.jdks\openjdk-22.0.1\bin\awt.dll
0x00007ffd8cc60000 - 0x00007ffd8ccf0000 	C:\WINDOWS\SYSTEM32\apphelp.dll
0x00007ffd8d120000 - 0x00007ffd8d14f000 	C:\WINDOWS\system32\DWMAPI.DLL
0x00007ffd84280000 - 0x00007ffd843a5000 	C:\WINDOWS\system32\opengl32.dll
0x00007ffd829d0000 - 0x00007ffd829fc000 	C:\WINDOWS\SYSTEM32\GLU32.dll
0x00007ffd90f70000 - 0x00007ffd91084000 	C:\WINDOWS\System32\MSCTF.dll
0x00007ffd692a0000 - 0x00007ffd69327000 	C:\Users\woelflenico\.jdks\openjdk-22.0.1\bin\freetype.dll
0x00007ffd68f40000 - 0x00007ffd69017000 	C:\Users\woelflenico\.jdks\openjdk-22.0.1\bin\fontmanager.dll
0x00007ffd8a410000 - 0x00007ffd8a427000 	C:\WINDOWS\SYSTEM32\dhcpcsvc6.DLL
0x00007ffd8a3f0000 - 0x00007ffd8a40d000 	C:\WINDOWS\SYSTEM32\dhcpcsvc.DLL
0x00007ffd8ea10000 - 0x00007ffd8eadb000 	C:\WINDOWS\SYSTEM32\DNSAPI.dll
0x00007ffd883c0000 - 0x00007ffd883ca000 	C:\Windows\System32\rasadhlp.dll
0x00007ffd8a850000 - 0x00007ffd8a8d0000 	C:\WINDOWS\System32\fwpuclnt.dll

dbghelp: loaded successfully - version: 4.0.5 - missing functions: none
symbol engine: initialized successfully - sym options: 0x614 - pdb path: .;C:\Users\woelflenico\.jdks\openjdk-22.0.1\bin;C:\WINDOWS\SYSTEM32;C:\WINDOWS\WinSxS\amd64_microsoft.windows.common-controls_6595b64144ccf1df_6.0.19041.4355_none_60b8b9eb71f62e16;C:\Users\woelflenico\.jdks\openjdk-22.0.1\bin\server;C:\Users\woelflenico\AppData\Local\Temp

VM Arguments:
jvm_args: -Dfile.encoding=windows-1252 -Dsun.stdout.encoding=windows-1252 -Dsun.stderr.encoding=windows-1252 
java_command: D:\webrptcJava\target\c.jar 3
java_class_path (initial): D:\webrptcJava\target\c.jar
Launcher Type: SUN_STANDARD

[Global flags]
     intx CICompilerCount                          = 3                                         {product} {ergonomic}
     uint ConcGCThreads                            = 2                                         {product} {ergonomic}
     uint G1ConcRefinementThreads                  = 6                                         {product} {ergonomic}
   size_t G1HeapRegionSize                         = 2097152                                   {product} {ergonomic}
   size_t InitialHeapSize                          = 266338304                                 {product} {ergonomic}
   size_t MarkStackSize                            = 4194304                                   {product} {ergonomic}
   size_t MaxHeapSize                              = 4229955584                                {product} {ergonomic}
   size_t MaxNewSize                               = 2537553920                                {product} {ergonomic}
   size_t MinHeapDeltaBytes                        = 2097152                                   {product} {ergonomic}
   size_t MinHeapSize                              = 8388608                                   {product} {ergonomic}
    uintx NonNMethodCodeHeapSize                   = 5832780                                {pd product} {ergonomic}
    uintx NonProfiledCodeHeapSize                  = 122912730                              {pd product} {ergonomic}
    uintx ProfiledCodeHeapSize                     = 122912730                              {pd product} {ergonomic}
    uintx ReservedCodeCacheSize                    = 251658240                              {pd product} {ergonomic}
     bool SegmentedCodeCache                       = true                                      {product} {ergonomic}
   size_t SoftMaxHeapSize                          = 4229955584                             {manageable} {ergonomic}
     bool UseCompressedOops                        = true                           {product lp64_product} {ergonomic}
     bool UseG1GC                                  = true                                      {product} {ergonomic}
     bool UseLargePagesIndividualAllocation        = false                                  {pd product} {ergonomic}

Logging:
Log output configuration:
 #0: stdout all=warning uptime,level,tags foldmultilines=false
 #1: stderr all=off uptime,level,tags foldmultilines=false

Environment Variables:
JAVA_HOME=C:\Program Files\Java\jdk-17.0.2
PATH=C:\Program Files\Common Files\Oracle\Java\javapath;C:\Program Files (x86)\Common Files\Oracle\Java\javapath;C:\Windows\system32;C:\Windows;C:\Windows\System32\Wbem;C:\Windows\System32\WindowsPowerShell\v1.0\;C:\Windows\System32\OpenSSH\;C:\Program Files\PuTTY\;C:\Program Files\Microsoft VS Code\bin;C:\Program Files\dotnet\;C:\Program Files\Microsoft SQL Server\Client SDK\ODBC\170\Tools\Binn\;C:\Program Files\Microsoft SQL Server\150\Tools\Binn\;C:\Program Files\Java\jdk-17.0.2\bin;C:\Program Files\Git\cmd;C:\Users\woelflenico\AppData\Local\Microsoft\WindowsApps;
USERNAME=woelflenico
OS=Windows_NT
PROCESSOR_IDENTIFIER=Intel64 Family 6 Model 158 Stepping 10, GenuineIntel
TMP=C:\Users\WOELFL~1\AppData\Local\Temp
TEMP=C:\Users\WOELFL~1\AppData\Local\Temp




Periodic native trim disabled

---------------  S Y S T E M  ---------------

OS:
 Windows 10 , 64 bit Build 19041 (10.0.19041.3636)
OS uptime: 0 days 1:03 hours
Hyper-V role detected

CPU: total 6 (initial active 6) (6 cores per cpu, 1 threads per core) family 6 model 158 stepping 10 microcode 0xb4, cx8, cmov, fxsr, mmx, 3dnowpref, sse, sse2, sse3, ssse3, sse4.1, sse4.2, popcnt, lzcnt, tsc, tscinvbit, avx, avx2, aes, erms, clmul, bmi1, bmi2, rtm, adx, fma, vzeroupper, clflush, clflushopt, hv, rdtscp, f16c
Processor Information for all 6 processors :
  Max Mhz: 3000, Current Mhz: 3000, Mhz Limit: 3000

Memory: 4k page, system-wide physical 16129M (6973M free)
TotalPageFile size 18561M (AvailPageFile size 4693M)
current process WorkingSet (physical memory assigned to process): 100M, peak: 100M
current process commit charge ("private bytes"): 360M, peak: 360M

vm_info: OpenJDK 64-Bit Server VM (22.0.1+8-16) for windows-amd64 JRE (22.0.1+8-16), built on 2024-03-12T10:33:16Z by "mach5one" with MS VC++ 17.6 (VS2022)

END.
