#
# A fatal error has been detected by the Java Runtime Environment:
#
#  EXCEPTION_ACCESS_VIOLATION (0xc0000005) at pc=0x00007fff3aa19d62, pid=9672, tid=9948
#
# JRE version: OpenJDK Runtime Environment (22.0.1+8) (build 22.0.1+8-16)
# Java VM: OpenJDK 64-Bit Server VM (22.0.1+8-16, mixed mode, sharing, tiered, compressed oops, compressed class ptrs, g1 gc, windows-amd64)
# Problematic frame:
# V  [jvm.dll+0x369d62]
#
# No core dump will be written. Minidumps are not enabled by default on client versions of Windows
#
# If you would like to submit a bug report, please visit:
#   https://bugreport.java.com/bugreport/crash.jsp
#

---------------  S U M M A R Y ------------

Command Line: -javaagent:D:\IntelliJ\IntelliJ IDEA 2024.1\lib\idea_rt.jar=63442:D:\IntelliJ\IntelliJ IDEA 2024.1\bin -Dfile.encoding=UTF-8 -Dsun.stdout.encoding=UTF-8 -Dsun.stderr.encoding=UTF-8 org.example.App 5

Host: Intel(R) Core(TM) i5-8500 CPU @ 3.00GHz, 6 cores, 15G,  Windows 10 , 64 bit Build 19041 (10.0.19041.3636)
Time: Tue Jun 18 08:56:26 2024 Mitteleuropäische Sommerzeit elapsed time: 17.772271 seconds (0d 0h 0m 17s)

---------------  T H R E A D  ---------------

Current thread (0x0000023c27155a30):  WorkerThread "GC Thread#2"    [id=9948, stack(0x00000083fea00000,0x00000083feb00000) (1024K)]

Stack: [0x00000083fea00000,0x00000083feb00000],  sp=0x00000083feaff560,  free space=1021k
Native frames: (J=compiled Java code, j=interpreted, Vv=VM code, C=native code)
V  [jvm.dll+0x369d62]  (no source info available)
V  [jvm.dll+0x36a455]  (no source info available)
V  [jvm.dll+0x36a12b]  (no source info available)
V  [jvm.dll+0x372734]  (no source info available)
V  [jvm.dll+0x372a4b]  (no source info available)
V  [jvm.dll+0x8a4297]  (no source info available)
V  [jvm.dll+0x81d44b]  (no source info available)
V  [jvm.dll+0x6e0915]  (no source info available)
C  [ucrtbase.dll+0x21bb2]  (no source info available)
C  [KERNEL32.DLL+0x17344]  (no source info available)
C  [ntdll.dll+0x4cc91]  (no source info available)


siginfo: EXCEPTION_ACCESS_VIOLATION (0xc0000005), reading address 0x00000000000094e0


Registers:
RAX=0x0000000000000000, RBX=0x0000023c26af4838, RCX=0x0000000000000015, RDX=0x0000023bc2103700
RSP=0x00000083feaff560, RBP=0x0000000000000001, RSI=0xffff000000000000, RDI=0x0000023c271214c8
R8 =0x0000023be10067f8, R9 =0x0000023bc2148723, R10=0x00000000000094e0, R11=0x00000083feaff4f0
R12=0x0000023c271214c0, R13=0x00000083fdcfed98, R14=0x0000023c26af46c0, R15=0x0000000000000020
RIP=0x00007fff3aa19d62, EFLAGS=0x0000000000010246


Register to memory mapping:

RAX=0x0 is null
RBX=0x0000023c26af4838 points into unknown readable memory: 0x00000000000094e0 | e0 94 00 00 00 00 00 00
RCX=0x0000000000000015 is an unknown value
RDX=0x0000023bc2103700 points into unknown readable memory: 0x00007fff3b09ed50 | 50 ed 09 3b ff 7f 00 00
RSP=0x00000083feaff560 points into unknown readable memory: 0x000000000a964cdb | db 4c 96 0a 00 00 00 00
RBP=0x0000000000000001 is an unknown value
RSI=0xffff000000000000 is an unknown value
RDI=0x0000023c271214c8 points into unknown readable memory: 0x00007fff3b0a84d0 | d0 84 0a 3b ff 7f 00 00
R8 =0x0000023be10067f8 is a pointer to class: 
java.lang.Class {0x0000023be1006800}
 - instance size:     14
 - klass size:        95
 - access:            public final synchronized 
 - flags:             rewritten has_nonstatic_fields has_nonstatic_concrete_methods is_shared_boot_class has_localvariable_table has_resolved_methods 
 - state:             fully_initialized
 - name:              'java/lang/Class'
 - super:             'java/lang/Object'
 - sub:               
 - arrays:            'java/lang/Class'[]
 - methods:           Array<T>(0x0000023be15e0ee0)
 - method ordering:   Array<T>(0x0000023be15e1480)
 - default_methods:   Array<T>(0x0000000000000000)
 - local interfaces:  Array<T>(0x0000023be15e1448)
 - trans. interfaces: Array<T>(0x0000023be15dd7b0)
 - constants:         constant pool [1729]/operands[49] {0x0000023be15dd818} for 'java/lang/Class' cache=0x0000023be142e630
 - class loader data:  loader data: 0x0000023be07da940 of 'bootstrap'
 - source file:       'Class.java'
 - class annotations:       Array<T>(0x0000000000000000)
 - class type annotations:  Array<T>(0x0000000000000000)
 - field annotations:       Array<T>(0x0000023be1bdc348)
 - field type annotations:  Array<T>(0x0000000000000000)
 - generic signature: '<T:Ljava/lang/Object;>Ljava/lang/Object;Ljava/io/Serializable;Ljava/lang/reflect/GenericDeclaration;Ljava/lang/reflect/Type;Ljava/lang/reflect/AnnotatedElement;Ljava/lang/invoke/TypeDescriptor$OfField<Ljava/lang/Class<*>;>;Ljava/lang/constant/Constable;'
 - inner classes:     Array<T>(0x0000023be15e0e60)
 - nest members:     Array<T>(0x0000023be15e1830)
 - permitted subclasses:     Array<T>(0x0000023be15d5b50)
 - java mirror:       a 'java/lang/Class'{0x0000000703ea6a48} = 'java/lang/Class'
 - vtable length      5  (start addr: 0x0000023be10069c0)
 - itable length      32 (start addr: 0x0000023be10069e8)
 - ---- static fields (5 words):
 - private static final 'ANNOTATION' 'I' @136 
 - private static final 'ENUM' 'I' @140 
 - private static final 'SYNTHETIC' 'I' @144 
 - private static 'allPermDomain' 'Ljava/security/ProtectionDomain;' @112 
 - private static final 'EMPTY_CLASS_ARRAY' '[Ljava/lang/Class;' @116 
 - private static final 'serialVersionUID' 'J' @128 
 - private static final 'serialPersistentFields' '[Ljava/io/ObjectStreamField;' @120 
 - private static 'reflectionFactory' 'Ljdk/internal/reflect/ReflectionFactory;' @124 
 - ---- non-static fields (24 words):
 - private volatile transient 'classRedefinedCount' 'I' @12 
 - injected 'klass' 'J' @16 
 - injected 'array_klass' 'J' @24 
 - injected 'oop_size' 'I' @32 
 - injected 'static_oop_field_count' 'I' @36 
 - private volatile transient 'cachedConstructor' 'Ljava/lang/reflect/Constructor;' @40 
 - private transient 'name' 'Ljava/lang/String;' @44 
 - private transient 'module' 'Ljava/lang/Module;' @48 
 - private final 'classLoader' 'Ljava/lang/ClassLoader;' @52 
 - private transient 'classData' 'Ljava/lang/Object;' @56 
 - private transient 'packageName' 'Ljava/lang/String;' @60 
 - private final 'componentType' 'Ljava/lang/Class;' @64 
 - private volatile transient 'reflectionData' 'Ljava/lang/ref/SoftReference;' @68 
 - private volatile transient 'genericInfo' 'Lsun/reflect/generics/repository/ClassRepository;' @72 
 - private volatile transient 'enumConstants' '[Ljava/lang/Object;' @76 
 - private volatile transient 'enumConstantDirectory' 'Ljava/util/Map;' @80 
 - private volatile transient 'annotationData' 'Ljava/lang/Class$AnnotationData;' @84 
 - private volatile transient 'annotationType' 'Lsun/reflect/annotation/AnnotationType;' @88 
 - transient 'classValueMap' 'Ljava/lang/ClassValue$ClassValueMap;' @92 
 - injected 'protection_domain' 'Ljava/lang/Object;' @96 
 - injected 'signers_name' 'Ljava/lang/Object;' @100 
 - injected 'source_file' 'Ljava/lang/Object;' @104 
 - non-static oop maps: 40-104 
R9 =0x0000023bc2148723 points into unknown readable memory: 00 00 00 00 00
R10=0x00000000000094e0 is an unknown value
R11=0x00000083feaff4f0 points into unknown readable memory: 0x0000000000000020 | 20 00 00 00 00 00 00 00
R12=0x0000023c271214c0 points into unknown readable memory: 0x00007fff3b0a8518 | 18 85 0a 3b ff 7f 00 00
R13=0x00000083fdcfed98 points into unknown readable memory: 0x0000023bbfeec3d0 | d0 c3 ee bf 3b 02 00 00
R14=0x0000023c26af46c0 points into unknown readable memory: 0x0000000711639288 | 88 92 63 11 07 00 00 00
R15=0x0000000000000020 is an unknown value

Top of Stack: (sp=0x00000083feaff560)
0x00000083feaff560:   000000000a964cdb 0000000c65b3db31
0x00000083feaff570:   000000000a964cdb 0000000c65b3dbae
0x00000083feaff580:   0000000000000004 00007fff3aa1a455
0x00000083feaff590:   0000023c271214c8 0000000000000000
0x00000083feaff5a0:   0000023c27000001 00007fff3b0a3530
0x00000083feaff5b0:   0000000000000000 00000083feaff630
0x00000083feaff5c0:   0000000000000002 0000023c26f8bfd0
0x00000083feaff5d0:   00000083fdcfec90 0000000c65b3d039
0x00000083feaff5e0:   00007fff3b0a3440 000000000a964cdb
0x00000083feaff5f0:   0000000c65b3dbae 00007fff0000000b
0x00000083feaff600:   0000023c26f8bfd0 0000000000000002
0x00000083feaff610:   0000000000000000 0000000000000000
0x00000083feaff620:   0000000000000000 00007fff3a000000
0x00000083feaff630:   00007fff3b0a3440 000000000a963c00
0x00000083feaff640:   0000000000000001 0000000000000002
0x00000083feaff650:   0000000000000000 0000b3ea0ec542e1
0x00000083feaff660:   0000000000000000 0000023c26041af0
0x00000083feaff670:   0000023c26f8bfd0 00000000000003d8
0x00000083feaff680:   0000023c26041ed8 0000023c271214c0
0x00000083feaff690:   00000083fdcfec90 0000000000000002
0x00000083feaff6a0:   0000023c27712950 00007fff3aa1a12b
0x00000083feaff6b0:   0000023c27712950 0000000000000002
0x00000083feaff6c0:   00000083fdcfec90 0000000000000002
0x00000083feaff6d0:   0000000000000002 0000000000000008
0x00000083feaff6e0:   0000000000000005 00007fff3a760000
0x00000083feaff6f0:   0000000000000000 00007fff3ad84431
0x00000083feaff700:   0000000000000008 00000000000000f8
0x00000083feaff710:   0000000000000001 00007fff3a76bd5e
0x00000083feaff720:   0000000000000005 00007fff3a76e836
0x00000083feaff730:   0000000000000000 0000000000000008
0x00000083feaff740:   00007fff3b0a3450 000000000a963ce9
0x00000083feaff750:   0000000c65a12b94 0000000000000003 

Instructions: (pc=0x00007fff3aa19d62)
0x00007fff3aa19c62:   4b 10 48 8d 54 24 40 66 89 44 24 40 4c 8b c7 0f
0x00007fff3aa19c72:   b6 44 24 3a 88 44 24 42 e8 71 0d ff ff 48 8b d0
0x00007fff3aa19c82:   48 2b 15 4f 18 87 00 8b 0d 51 18 87 00 48 d3 ea
0x00007fff3aa19c92:   89 16 eb 5e 3c fd 75 3b 41 8b 88 18 02 00 00 48
0x00007fff3aa19ca2:   8b d7 49 8b 80 10 02 00 00 48 d3 e0 8b 0d 3c 9d
0x00007fff3aa19cb2:   8d 00 48 2b d0 48 d3 ea 8b c2 48 8d 0c 40 49 8b
0x00007fff3aa19cc2:   80 a8 05 00 00 80 7c 01 01 fd 75 17 c6 44 01 01
0x00007fff3aa19cd2:   ff eb 10 3c fc 75 0c 48 8b 4b 10 48 8b d6 e8 4b
0x00007fff3aa19ce2:   f1 ff ff 8b 53 18 4c 8b c7 48 8b 4b 28 e8 ac 2d
0x00007fff3aa19cf2:   fb ff 48 8b 4b 10 e8 93 e6 fe ff 48 8b 7c 24 30
0x00007fff3aa19d02:   48 8b 5c 24 48 48 83 c4 20 5e c3 cc cc cc 48 89
0x00007fff3aa19d12:   5c 24 08 57 48 83 ec 20 4c 8b 12 48 8b da 48 8b
0x00007fff3aa19d22:   f9 4d 85 d2 0f 84 cf 00 00 00 48 8b 51 08 49 8b
0x00007fff3aa19d32:   c2 8b 8a c8 05 00 00 48 d3 e8 4c 8d 0c 40 4c 03
0x00007fff3aa19d42:   8a b8 05 00 00 41 0f b7 01 66 89 44 24 38 41 0f
0x00007fff3aa19d52:   b6 41 02 88 44 24 3a 0f b6 44 24 39 84 c0 78 44
0x00007fff3aa19d62:   49 8b 0a 0f b6 c1 24 03 3c 03 75 09 48 83 e1 fc
0x00007fff3aa19d72:   48 89 0b eb 7b 0f b7 44 24 38 48 8d 54 24 40 66
0x00007fff3aa19d82:   89 44 24 40 4c 8b c9 0f b6 44 24 3a 4d 8b c2 48
0x00007fff3aa19d92:   8b 4f 10 88 44 24 42 e8 52 0c ff ff 48 8b c8 48
0x00007fff3aa19da2:   89 03 eb 4c 3c fd 75 38 8b 8a 18 02 00 00 48 8b
0x00007fff3aa19db2:   82 10 02 00 00 48 d3 e0 8b 0d 30 9c 8d 00 4c 2b
0x00007fff3aa19dc2:   d0 49 d3 ea 41 8b c2 48 8d 0c 40 48 8b 82 a8 05
0x00007fff3aa19dd2:   00 00 80 7c 01 01 fd 75 17 c6 44 01 01 ff eb 10
0x00007fff3aa19de2:   3c fc 75 0c 48 8b 4f 10 48 8b d3 e8 de ef ff ff
0x00007fff3aa19df2:   48 8b 4f 10 e8 95 e5 fe ff 48 8b 5c 24 30 48 83
0x00007fff3aa19e02:   c4 20 5f c3 cc cc cc cc cc cc cc cc cc cc 48 89
0x00007fff3aa19e12:   5c 24 08 57 48 83 ec 20 8b 02 48 8b fa 48 8b d9
0x00007fff3aa19e22:   85 c0 0f 84 eb 00 00 00 8b 0d b0 16 87 00 44 8b
0x00007fff3aa19e32:   c0 4c 8b 4b 08 49 d3 e0 4c 03 05 97 16 87 00 49
0x00007fff3aa19e42:   8b c0 41 8b 89 c8 05 00 00 48 d3 e8 48 8d 14 40
0x00007fff3aa19e52:   49 03 91 b8 05 00 00 0f b7 02 66 89 44 24 38 0f 


Stack slot to memory mapping:

stack at sp + 0 slots: 0x000000000a964cdb is an unknown value
stack at sp + 1 slots: 0x0000000c65b3db31 is an unknown value
stack at sp + 2 slots: 0x000000000a964cdb is an unknown value
stack at sp + 3 slots: 0x0000000c65b3dbae is an unknown value
stack at sp + 4 slots: 0x0000000000000004 is an unknown value
stack at sp + 5 slots: 0x00007fff3aa1a455 jvm.dll
stack at sp + 6 slots: 0x0000023c271214c8 points into unknown readable memory: 0x00007fff3b0a84d0 | d0 84 0a 3b ff 7f 00 00
stack at sp + 7 slots: 0x0 is null


---------------  P R O C E S S  ---------------

Threads class SMR info:
_java_thread_list=0x0000023c282e0970, length=24, elements={
0x0000023bbff00810, 0x0000023be093bb30, 0x0000023be093cc00, 0x0000023be093df40,
0x0000023c260070b0, 0x0000023c260078d0, 0x0000023c2600a4f0, 0x0000023c260161b0,
0x0000023c2603efe0, 0x0000023c261694e0, 0x0000023c26b7da10, 0x0000023c26bc19d0,
0x0000023c26c57e60, 0x0000023c26c0e750, 0x0000023c26e6a980, 0x0000023c270345e0,
0x0000023c26dbc2a0, 0x0000023c273d9ee0, 0x0000023c262b88e0, 0x0000023c262c9a40,
0x0000023c262c93b0, 0x0000023c262ca0d0, 0x0000023c262cc1a0, 0x0000023c262ca760
}

Java Threads: ( => current thread )
  0x0000023bbff00810 JavaThread "main"                              [_thread_in_native, id=9892, stack(0x00000083fd500000,0x00000083fd600000) (1024K)]
  0x0000023be093bb30 JavaThread "Reference Handler"          daemon [_thread_blocked, id=17784, stack(0x00000083fdd00000,0x00000083fde00000) (1024K)]
  0x0000023be093cc00 JavaThread "Finalizer"                  daemon [_thread_blocked, id=9792, stack(0x00000083fde00000,0x00000083fdf00000) (1024K)]
  0x0000023be093df40 JavaThread "Signal Dispatcher"          daemon [_thread_blocked, id=16552, stack(0x00000083fdf00000,0x00000083fe000000) (1024K)]
  0x0000023c260070b0 JavaThread "Attach Listener"            daemon [_thread_blocked, id=17804, stack(0x00000083fe000000,0x00000083fe100000) (1024K)]
  0x0000023c260078d0 JavaThread "Service Thread"             daemon [_thread_blocked, id=15808, stack(0x00000083fe100000,0x00000083fe200000) (1024K)]
  0x0000023c2600a4f0 JavaThread "Monitor Deflation Thread"   daemon [_thread_blocked, id=17800, stack(0x00000083fe200000,0x00000083fe300000) (1024K)]
  0x0000023c260161b0 JavaThread "C2 CompilerThread0"         daemon [_thread_blocked, id=15440, stack(0x00000083fe300000,0x00000083fe400000) (1024K)]
  0x0000023c2603efe0 JavaThread "C1 CompilerThread0"         daemon [_thread_blocked, id=10336, stack(0x00000083fe400000,0x00000083fe500000) (1024K)]
  0x0000023c261694e0 JavaThread "Common-Cleaner"             daemon [_thread_blocked, id=18368, stack(0x00000083fe500000,0x00000083fe600000) (1024K)]
  0x0000023c26b7da10 JavaThread "Monitor Ctrl-Break"         daemon [_thread_in_native, id=16516, stack(0x00000083fe700000,0x00000083fe800000) (1024K)]
  0x0000023c26bc19d0 JavaThread "Notification Thread"        daemon [_thread_blocked, id=16508, stack(0x00000083fe800000,0x00000083fe900000) (1024K)]
  0x0000023c26c57e60 JavaThread "WebSocketConnectReadThread-26"        [_thread_in_native, id=16500, stack(0x00000083fee00000,0x00000083fef00000) (1024K)]
  0x0000023c26c0e750 JavaThread "WebSocketWriteThread-27"           [_thread_blocked, id=17640, stack(0x00000083ff100000,0x00000083ff200000) (1024K)]
  0x0000023c26e6a980 JavaThread "connectionLostChecker-1"           [_thread_blocked, id=17980, stack(0x00000083ff400000,0x00000083ff500000) (1024K)]
  0x0000023c270345e0 JavaThread "Java Sound Event Dispatcher" daemon [_thread_blocked, id=17848, stack(0x00000083ff500000,0x00000083ff600000) (1024K)]
  0x0000023c26dbc2a0 JavaThread "Thread-2"                          [_thread_in_native, id=15912, stack(0x00000083ff900000,0x00000083ffa00000) (1024K)]
  0x0000023c273d9ee0 JavaThread "Thread-3"                          [_thread_blocked, id=2644, stack(0x0000008380500000,0x0000008380600000) (1024K)]
  0x0000023c262b88e0 JavaThread "Thread-4"                          [_thread_blocked, id=12980, stack(0x0000008380900000,0x0000008380a00000) (1024K)]
  0x0000023c262c9a40 JavaThread "atomic-processor-1"         daemon [_thread_blocked, id=7728, stack(0x0000008380b00000,0x0000008380c00000) (1024K)]
  0x0000023c262c93b0 JavaThread "webcam-discovery-service"   daemon [_thread_blocked, id=7464, stack(0x0000008380a00000,0x0000008380b00000) (1024K)]
  0x0000023c262ca0d0 JavaThread "webcam-lock-[Full HD webcam 1]" daemon [_thread_blocked, id=748, stack(0x0000008380e00000,0x0000008380f00000) (1024K)]
  0x0000023c262cc1a0 JavaThread "frames-refresher-[1]"       daemon [_thread_blocked, id=17248, stack(0x0000008380d00000,0x0000008380e00000) (1024K)]
  0x0000023c262ca760 JavaThread "Java2D Disposer"            daemon [_thread_blocked, id=5168, stack(0x0000008381500000,0x0000008381600000) (1024K)]
Total: 24

Other Threads:
  0x0000023be0920040 VMThread "VM Thread"                           [id=17792, stack(0x00000083fdc00000,0x00000083fdd00000) (1024K)]
  0x0000023be090aaa0 WatcherThread "VM Periodic Task Thread"        [id=17788, stack(0x00000083fdb00000,0x00000083fdc00000) (1024K)]
  0x0000023bbffadf40 WorkerThread "GC Thread#0"                     [id=17472, stack(0x00000083fd600000,0x00000083fd700000) (1024K)]
  0x0000023c27155680 WorkerThread "GC Thread#1"                     [id=17712, stack(0x00000083fe900000,0x00000083fea00000) (1024K)]
=>0x0000023c27155a30 WorkerThread "GC Thread#2"                     [id=9948, stack(0x00000083fea00000,0x00000083feb00000) (1024K)]
  0x0000023c26c2a500 WorkerThread "GC Thread#3"                     [id=1864, stack(0x00000083feb00000,0x00000083fec00000) (1024K)]
  0x0000023c26c2a8b0 WorkerThread "GC Thread#4"                     [id=9944, stack(0x00000083fec00000,0x00000083fed00000) (1024K)]
  0x0000023c27170820 WorkerThread "GC Thread#5"                     [id=9908, stack(0x00000083fed00000,0x00000083fee00000) (1024K)]
  0x0000023bc21657c0 ConcurrentGCThread "G1 Main Marker"            [id=17796, stack(0x00000083fd700000,0x00000083fd800000) (1024K)]
  0x0000023bc2166480 WorkerThread "G1 Conc#0"                       [id=4688, stack(0x00000083fd800000,0x00000083fd900000) (1024K)]
  0x0000023be07db510 ConcurrentGCThread "G1 Refine#0"               [id=14968, stack(0x00000083fd900000,0x00000083fda00000) (1024K)]
  0x0000023be07ddfb0 ConcurrentGCThread "G1 Service"                [id=10356, stack(0x00000083fda00000,0x00000083fdb00000) (1024K)]
Total: 12

Threads with active compile tasks:
Total: 0

VM state: at safepoint (normal execution)

VM Mutex/Monitor currently owned by a thread:  ([mutex/lock_event])
[0x00007fff3b31bbb8] Threads_lock - owner thread: 0x0000023be0920040
[0x00007fff3b31bcb8] Heap_lock - owner thread: 0x0000023c262c9a40

Heap address: 0x0000000703e00000, size: 4034 MB, Compressed Oops mode: Zero based, Oop shift amount: 3

CDS archive(s) mapped at: [0x0000023be1000000-0x0000023be1c50000-0x0000023be1c50000), size 12910592, SharedBaseAddress: 0x0000023be1000000, ArchiveRelocationMode: 1.
Compressed class space mapped at: 0x0000023be2000000-0x0000023c22000000, reserved size: 1073741824
Narrow klass base: 0x0000023be1000000, Narrow klass shift: 0, Narrow klass range: 0x41000000

GC Precious Log:
 CardTable entry size: 512
 Card Set container configuration: InlinePtr #cards 4 size 8 Array Of Cards #cards 16 size 48 Howl #buckets 8 coarsen threshold 3686 Howl Bitmap #cards 512 size 80 coarsen threshold 460 Card regions per heap region 1 cards per card region 4096
 CPUs: 6 total, 6 available
 Memory: 16129M
 Large Page Support: Disabled
 NUMA Support: Disabled
 Compressed Oops: Enabled (Zero based)
 Heap Region Size: 2M
 Heap Min Capacity: 8M
 Heap Initial Capacity: 254M
 Heap Max Capacity: 4034M
 Pre-touch: Disabled
 Parallel Workers: 6
 Concurrent Workers: 2
 Concurrent Refinement Workers: 6
 Periodic GC: Disabled

Heap:
 garbage-first heap   total reserved 4130816K, committed 260096K, used 37451K [0x0000000703e00000, 0x0000000800000000)
  region size 2048K, 18 young (36864K), 2 survivors (4096K)
 Metaspace       used 7855K, committed 8128K, reserved 1114112K
  class space    used 861K, committed 960K, reserved 1048576K

Heap Regions: E=young(eden), S=young(survivor), O=old, HS=humongous(starts), HC=humongous(continues), CS=collection set, F=free, TAMS=top-at-mark-start, PB=parsable bottom
|   0|0x0000000703e00000, 0x0000000704000000, 0x0000000704000000|100%| O|  |TAMS 0x0000000703e00000| PB 0x0000000703e00000| Untracked |  0
|   1|0x0000000704000000, 0x0000000704200000, 0x0000000704200000|100%| O|  |TAMS 0x0000000704000000| PB 0x0000000704000000| Untracked |  0
|   2|0x0000000704200000, 0x00000007042e1ad0, 0x0000000704400000| 44%| O|  |TAMS 0x0000000704200000| PB 0x0000000704200000| Untracked |  0
|   3|0x0000000704400000, 0x0000000704400000, 0x0000000704600000|  0%| F|  |TAMS 0x0000000704400000| PB 0x0000000704400000| Untracked |  0
|   4|0x0000000704600000, 0x0000000704600000, 0x0000000704800000|  0%| F|  |TAMS 0x0000000704600000| PB 0x0000000704600000| Untracked |  0
|   5|0x0000000704800000, 0x0000000704800000, 0x0000000704a00000|  0%| F|  |TAMS 0x0000000704800000| PB 0x0000000704800000| Untracked |  0
|   6|0x0000000704a00000, 0x0000000704a00000, 0x0000000704c00000|  0%| F|  |TAMS 0x0000000704a00000| PB 0x0000000704a00000| Untracked |  0
|   7|0x0000000704c00000, 0x0000000704c00000, 0x0000000704e00000|  0%| F|  |TAMS 0x0000000704c00000| PB 0x0000000704c00000| Untracked |  0
|   8|0x0000000704e00000, 0x0000000704e00000, 0x0000000705000000|  0%| F|  |TAMS 0x0000000704e00000| PB 0x0000000704e00000| Untracked |  0
|   9|0x0000000705000000, 0x0000000705000000, 0x0000000705200000|  0%| F|  |TAMS 0x0000000705000000| PB 0x0000000705000000| Untracked |  0
|  10|0x0000000705200000, 0x0000000705200000, 0x0000000705400000|  0%| F|  |TAMS 0x0000000705200000| PB 0x0000000705200000| Untracked |  0
|  11|0x0000000705400000, 0x0000000705400000, 0x0000000705600000|  0%| F|  |TAMS 0x0000000705400000| PB 0x0000000705400000| Untracked |  0
|  12|0x0000000705600000, 0x0000000705600000, 0x0000000705800000|  0%| F|  |TAMS 0x0000000705600000| PB 0x0000000705600000| Untracked |  0
|  13|0x0000000705800000, 0x0000000705800000, 0x0000000705a00000|  0%| F|  |TAMS 0x0000000705800000| PB 0x0000000705800000| Untracked |  0
|  14|0x0000000705a00000, 0x0000000705a00000, 0x0000000705c00000|  0%| F|  |TAMS 0x0000000705a00000| PB 0x0000000705a00000| Untracked |  0
|  15|0x0000000705c00000, 0x0000000705c00000, 0x0000000705e00000|  0%| F|  |TAMS 0x0000000705c00000| PB 0x0000000705c00000| Untracked |  0
|  16|0x0000000705e00000, 0x0000000705e00000, 0x0000000706000000|  0%| F|  |TAMS 0x0000000705e00000| PB 0x0000000705e00000| Untracked |  0
|  17|0x0000000706000000, 0x0000000706000000, 0x0000000706200000|  0%| F|  |TAMS 0x0000000706000000| PB 0x0000000706000000| Untracked |  0
|  18|0x0000000706200000, 0x0000000706200000, 0x0000000706400000|  0%| F|  |TAMS 0x0000000706200000| PB 0x0000000706200000| Untracked |  0
|  19|0x0000000706400000, 0x0000000706400000, 0x0000000706600000|  0%| F|  |TAMS 0x0000000706400000| PB 0x0000000706400000| Untracked |  0
|  20|0x0000000706600000, 0x0000000706600000, 0x0000000706800000|  0%| F|  |TAMS 0x0000000706600000| PB 0x0000000706600000| Untracked |  0
|  21|0x0000000706800000, 0x0000000706800000, 0x0000000706a00000|  0%| F|  |TAMS 0x0000000706800000| PB 0x0000000706800000| Untracked |  0
|  22|0x0000000706a00000, 0x0000000706a00000, 0x0000000706c00000|  0%| F|  |TAMS 0x0000000706a00000| PB 0x0000000706a00000| Untracked |  0
|  23|0x0000000706c00000, 0x0000000706c00000, 0x0000000706e00000|  0%| F|  |TAMS 0x0000000706c00000| PB 0x0000000706c00000| Untracked |  0
|  24|0x0000000706e00000, 0x0000000706e00000, 0x0000000707000000|  0%| F|  |TAMS 0x0000000706e00000| PB 0x0000000706e00000| Untracked |  0
|  25|0x0000000707000000, 0x0000000707000000, 0x0000000707200000|  0%| F|  |TAMS 0x0000000707000000| PB 0x0000000707000000| Untracked |  0
|  26|0x0000000707200000, 0x0000000707200000, 0x0000000707400000|  0%| F|  |TAMS 0x0000000707200000| PB 0x0000000707200000| Untracked |  0
|  27|0x0000000707400000, 0x0000000707400000, 0x0000000707600000|  0%| F|  |TAMS 0x0000000707400000| PB 0x0000000707400000| Untracked |  0
|  28|0x0000000707600000, 0x0000000707600000, 0x0000000707800000|  0%| F|  |TAMS 0x0000000707600000| PB 0x0000000707600000| Untracked |  0
|  29|0x0000000707800000, 0x0000000707800000, 0x0000000707a00000|  0%| F|  |TAMS 0x0000000707800000| PB 0x0000000707800000| Untracked |  0
|  30|0x0000000707a00000, 0x0000000707a00000, 0x0000000707c00000|  0%| F|  |TAMS 0x0000000707a00000| PB 0x0000000707a00000| Untracked |  0
|  31|0x0000000707c00000, 0x0000000707c00000, 0x0000000707e00000|  0%| F|  |TAMS 0x0000000707c00000| PB 0x0000000707c00000| Untracked |  0
|  32|0x0000000707e00000, 0x0000000707e00000, 0x0000000708000000|  0%| F|  |TAMS 0x0000000707e00000| PB 0x0000000707e00000| Untracked |  0
|  33|0x0000000708000000, 0x0000000708000000, 0x0000000708200000|  0%| F|  |TAMS 0x0000000708000000| PB 0x0000000708000000| Untracked |  0
|  34|0x0000000708200000, 0x0000000708200000, 0x0000000708400000|  0%| F|  |TAMS 0x0000000708200000| PB 0x0000000708200000| Untracked |  0
|  35|0x0000000708400000, 0x0000000708400000, 0x0000000708600000|  0%| F|  |TAMS 0x0000000708400000| PB 0x0000000708400000| Untracked |  0
|  36|0x0000000708600000, 0x0000000708600000, 0x0000000708800000|  0%| F|  |TAMS 0x0000000708600000| PB 0x0000000708600000| Untracked |  0
|  37|0x0000000708800000, 0x0000000708800000, 0x0000000708a00000|  0%| F|  |TAMS 0x0000000708800000| PB 0x0000000708800000| Untracked |  0
|  38|0x0000000708a00000, 0x0000000708a00000, 0x0000000708c00000|  0%| F|  |TAMS 0x0000000708a00000| PB 0x0000000708a00000| Untracked |  0
|  39|0x0000000708c00000, 0x0000000708c00000, 0x0000000708e00000|  0%| F|  |TAMS 0x0000000708c00000| PB 0x0000000708c00000| Untracked |  0
|  40|0x0000000708e00000, 0x0000000708e00000, 0x0000000709000000|  0%| F|  |TAMS 0x0000000708e00000| PB 0x0000000708e00000| Untracked |  0
|  41|0x0000000709000000, 0x0000000709000000, 0x0000000709200000|  0%| F|  |TAMS 0x0000000709000000| PB 0x0000000709000000| Untracked |  0
|  42|0x0000000709200000, 0x0000000709200000, 0x0000000709400000|  0%| F|  |TAMS 0x0000000709200000| PB 0x0000000709200000| Untracked |  0
|  43|0x0000000709400000, 0x0000000709400000, 0x0000000709600000|  0%| F|  |TAMS 0x0000000709400000| PB 0x0000000709400000| Untracked |  0
|  44|0x0000000709600000, 0x0000000709600000, 0x0000000709800000|  0%| F|  |TAMS 0x0000000709600000| PB 0x0000000709600000| Untracked |  0
|  45|0x0000000709800000, 0x0000000709800000, 0x0000000709a00000|  0%| F|  |TAMS 0x0000000709800000| PB 0x0000000709800000| Untracked |  0
|  46|0x0000000709a00000, 0x0000000709a00000, 0x0000000709c00000|  0%| F|  |TAMS 0x0000000709a00000| PB 0x0000000709a00000| Untracked |  0
|  47|0x0000000709c00000, 0x0000000709c00000, 0x0000000709e00000|  0%| F|  |TAMS 0x0000000709c00000| PB 0x0000000709c00000| Untracked |  0
|  48|0x0000000709e00000, 0x0000000709e00000, 0x000000070a000000|  0%| F|  |TAMS 0x0000000709e00000| PB 0x0000000709e00000| Untracked |  0
|  49|0x000000070a000000, 0x000000070a000000, 0x000000070a200000|  0%| F|  |TAMS 0x000000070a000000| PB 0x000000070a000000| Untracked |  0
|  50|0x000000070a200000, 0x000000070a200000, 0x000000070a400000|  0%| F|  |TAMS 0x000000070a200000| PB 0x000000070a200000| Untracked |  0
|  51|0x000000070a400000, 0x000000070a400000, 0x000000070a600000|  0%| F|  |TAMS 0x000000070a400000| PB 0x000000070a400000| Untracked |  0
|  52|0x000000070a600000, 0x000000070a600000, 0x000000070a800000|  0%| F|  |TAMS 0x000000070a600000| PB 0x000000070a600000| Untracked |  0
|  53|0x000000070a800000, 0x000000070a800000, 0x000000070aa00000|  0%| F|  |TAMS 0x000000070a800000| PB 0x000000070a800000| Untracked |  0
|  54|0x000000070aa00000, 0x000000070aa00000, 0x000000070ac00000|  0%| F|  |TAMS 0x000000070aa00000| PB 0x000000070aa00000| Untracked |  0
|  55|0x000000070ac00000, 0x000000070ac00000, 0x000000070ae00000|  0%| F|  |TAMS 0x000000070ac00000| PB 0x000000070ac00000| Untracked |  0
|  56|0x000000070ae00000, 0x000000070ae00000, 0x000000070b000000|  0%| F|  |TAMS 0x000000070ae00000| PB 0x000000070ae00000| Untracked |  0
|  57|0x000000070b000000, 0x000000070b000000, 0x000000070b200000|  0%| F|  |TAMS 0x000000070b000000| PB 0x000000070b000000| Untracked |  0
|  58|0x000000070b200000, 0x000000070b200000, 0x000000070b400000|  0%| F|  |TAMS 0x000000070b200000| PB 0x000000070b200000| Untracked |  0
|  59|0x000000070b400000, 0x000000070b400000, 0x000000070b600000|  0%| F|  |TAMS 0x000000070b400000| PB 0x000000070b400000| Untracked |  0
|  60|0x000000070b600000, 0x000000070b600000, 0x000000070b800000|  0%| F|  |TAMS 0x000000070b600000| PB 0x000000070b600000| Untracked |  0
|  61|0x000000070b800000, 0x000000070b800000, 0x000000070ba00000|  0%| F|  |TAMS 0x000000070b800000| PB 0x000000070b800000| Untracked |  0
|  62|0x000000070ba00000, 0x000000070ba00000, 0x000000070bc00000|  0%| F|  |TAMS 0x000000070ba00000| PB 0x000000070ba00000| Untracked |  0
|  63|0x000000070bc00000, 0x000000070bc00000, 0x000000070be00000|  0%| F|  |TAMS 0x000000070bc00000| PB 0x000000070bc00000| Untracked |  0
|  64|0x000000070be00000, 0x000000070be00000, 0x000000070c000000|  0%| F|  |TAMS 0x000000070be00000| PB 0x000000070be00000| Untracked |  0
|  65|0x000000070c000000, 0x000000070c000000, 0x000000070c200000|  0%| F|  |TAMS 0x000000070c000000| PB 0x000000070c000000| Untracked |  0
|  66|0x000000070c200000, 0x000000070c200000, 0x000000070c400000|  0%| F|  |TAMS 0x000000070c200000| PB 0x000000070c200000| Untracked |  0
|  67|0x000000070c400000, 0x000000070c400000, 0x000000070c600000|  0%| F|  |TAMS 0x000000070c400000| PB 0x000000070c400000| Untracked |  0
|  68|0x000000070c600000, 0x000000070c600000, 0x000000070c800000|  0%| F|  |TAMS 0x000000070c600000| PB 0x000000070c600000| Untracked |  0
|  69|0x000000070c800000, 0x000000070c800000, 0x000000070ca00000|  0%| F|  |TAMS 0x000000070c800000| PB 0x000000070c800000| Untracked |  0
|  70|0x000000070ca00000, 0x000000070ca00000, 0x000000070cc00000|  0%| F|  |TAMS 0x000000070ca00000| PB 0x000000070ca00000| Untracked |  0
|  71|0x000000070cc00000, 0x000000070cc00000, 0x000000070ce00000|  0%| F|  |TAMS 0x000000070cc00000| PB 0x000000070cc00000| Untracked |  0
|  72|0x000000070ce00000, 0x000000070ce00000, 0x000000070d000000|  0%| F|  |TAMS 0x000000070ce00000| PB 0x000000070ce00000| Untracked |  0
|  73|0x000000070d000000, 0x000000070d000000, 0x000000070d200000|  0%| F|  |TAMS 0x000000070d000000| PB 0x000000070d000000| Untracked |  0
|  74|0x000000070d200000, 0x000000070d200000, 0x000000070d400000|  0%| F|  |TAMS 0x000000070d200000| PB 0x000000070d200000| Untracked |  0
|  75|0x000000070d400000, 0x000000070d400000, 0x000000070d600000|  0%| F|  |TAMS 0x000000070d400000| PB 0x000000070d400000| Untracked |  0
|  76|0x000000070d600000, 0x000000070d600000, 0x000000070d800000|  0%| F|  |TAMS 0x000000070d600000| PB 0x000000070d600000| Untracked |  0
|  77|0x000000070d800000, 0x000000070d800000, 0x000000070da00000|  0%| F|  |TAMS 0x000000070d800000| PB 0x000000070d800000| Untracked |  0
|  78|0x000000070da00000, 0x000000070da00000, 0x000000070dc00000|  0%| F|  |TAMS 0x000000070da00000| PB 0x000000070da00000| Untracked |  0
|  79|0x000000070dc00000, 0x000000070dc00000, 0x000000070de00000|  0%| F|  |TAMS 0x000000070dc00000| PB 0x000000070dc00000| Untracked |  0
|  80|0x000000070de00000, 0x000000070de00000, 0x000000070e000000|  0%| F|  |TAMS 0x000000070de00000| PB 0x000000070de00000| Untracked |  0
|  81|0x000000070e000000, 0x000000070e000000, 0x000000070e200000|  0%| F|  |TAMS 0x000000070e000000| PB 0x000000070e000000| Untracked |  0
|  82|0x000000070e200000, 0x000000070e200000, 0x000000070e400000|  0%| F|  |TAMS 0x000000070e200000| PB 0x000000070e200000| Untracked |  0
|  83|0x000000070e400000, 0x000000070e400000, 0x000000070e600000|  0%| F|  |TAMS 0x000000070e400000| PB 0x000000070e400000| Untracked |  0
|  84|0x000000070e600000, 0x000000070e600000, 0x000000070e800000|  0%| F|  |TAMS 0x000000070e600000| PB 0x000000070e600000| Untracked |  0
|  85|0x000000070e800000, 0x000000070e800000, 0x000000070ea00000|  0%| F|  |TAMS 0x000000070e800000| PB 0x000000070e800000| Untracked |  0
|  86|0x000000070ea00000, 0x000000070ea00000, 0x000000070ec00000|  0%| F|  |TAMS 0x000000070ea00000| PB 0x000000070ea00000| Untracked |  0
|  87|0x000000070ec00000, 0x000000070ec00000, 0x000000070ee00000|  0%| F|  |TAMS 0x000000070ec00000| PB 0x000000070ec00000| Untracked |  0
|  88|0x000000070ee00000, 0x000000070ee00000, 0x000000070f000000|  0%| F|  |TAMS 0x000000070ee00000| PB 0x000000070ee00000| Untracked |  0
|  89|0x000000070f000000, 0x000000070f000000, 0x000000070f200000|  0%| F|  |TAMS 0x000000070f000000| PB 0x000000070f000000| Untracked |  0
|  90|0x000000070f200000, 0x000000070f200000, 0x000000070f400000|  0%| F|  |TAMS 0x000000070f200000| PB 0x000000070f200000| Untracked |  0
|  91|0x000000070f400000, 0x000000070f400000, 0x000000070f600000|  0%| F|  |TAMS 0x000000070f400000| PB 0x000000070f400000| Untracked |  0
|  92|0x000000070f600000, 0x000000070f600000, 0x000000070f800000|  0%| F|  |TAMS 0x000000070f600000| PB 0x000000070f600000| Untracked |  0
|  93|0x000000070f800000, 0x000000070f800000, 0x000000070fa00000|  0%| F|  |TAMS 0x000000070f800000| PB 0x000000070f800000| Untracked |  0
|  94|0x000000070fa00000, 0x000000070fa00000, 0x000000070fc00000|  0%| F|  |TAMS 0x000000070fa00000| PB 0x000000070fa00000| Untracked |  0
|  95|0x000000070fc00000, 0x000000070fc00000, 0x000000070fe00000|  0%| F|  |TAMS 0x000000070fc00000| PB 0x000000070fc00000| Untracked |  0
|  96|0x000000070fe00000, 0x000000070fe00000, 0x0000000710000000|  0%| F|  |TAMS 0x000000070fe00000| PB 0x000000070fe00000| Untracked |  0
|  97|0x0000000710000000, 0x0000000710000000, 0x0000000710200000|  0%| F|  |TAMS 0x0000000710000000| PB 0x0000000710000000| Untracked |  0
|  98|0x0000000710200000, 0x0000000710200000, 0x0000000710400000|  0%| F|  |TAMS 0x0000000710200000| PB 0x0000000710200000| Untracked |  0
|  99|0x0000000710400000, 0x0000000710400000, 0x0000000710600000|  0%| F|  |TAMS 0x0000000710400000| PB 0x0000000710400000| Untracked |  0
| 100|0x0000000710600000, 0x0000000710600000, 0x0000000710800000|  0%| F|  |TAMS 0x0000000710600000| PB 0x0000000710600000| Untracked |  0
| 101|0x0000000710800000, 0x0000000710800000, 0x0000000710a00000|  0%| F|  |TAMS 0x0000000710800000| PB 0x0000000710800000| Untracked |  0
| 102|0x0000000710a00000, 0x0000000710a00000, 0x0000000710c00000|  0%| F|  |TAMS 0x0000000710a00000| PB 0x0000000710a00000| Untracked |  0
| 103|0x0000000710c00000, 0x0000000710c00000, 0x0000000710e00000|  0%| F|  |TAMS 0x0000000710c00000| PB 0x0000000710c00000| Untracked |  0
| 104|0x0000000710e00000, 0x0000000710e00000, 0x0000000711000000|  0%| F|  |TAMS 0x0000000710e00000| PB 0x0000000710e00000| Untracked |  0
| 105|0x0000000711000000, 0x0000000711000000, 0x0000000711200000|  0%| F|  |TAMS 0x0000000711000000| PB 0x0000000711000000| Untracked |  0
| 106|0x0000000711200000, 0x0000000711200000, 0x0000000711400000|  0%| F|  |TAMS 0x0000000711200000| PB 0x0000000711200000| Untracked |  0
| 107|0x0000000711400000, 0x0000000711426010, 0x0000000711600000|  7%| S|  |TAMS 0x0000000711400000| PB 0x0000000711400000| Complete |  0
| 108|0x0000000711600000, 0x0000000711800000, 0x0000000711800000|100%| S|  |TAMS 0x0000000711600000| PB 0x0000000711600000| Complete |  0
| 109|0x0000000711800000, 0x00000007119f75c8, 0x0000000711a00000| 98%| E|CS|TAMS 0x0000000711800000| PB 0x0000000711800000| Complete |  0
| 110|0x0000000711a00000, 0x0000000711c00000, 0x0000000711c00000|100%| E|CS|TAMS 0x0000000711a00000| PB 0x0000000711a00000| Complete |  0
| 111|0x0000000711c00000, 0x0000000711e00000, 0x0000000711e00000|100%| E|CS|TAMS 0x0000000711c00000| PB 0x0000000711c00000| Complete |  0
| 112|0x0000000711e00000, 0x0000000712000000, 0x0000000712000000|100%| E|CS|TAMS 0x0000000711e00000| PB 0x0000000711e00000| Complete |  0
| 113|0x0000000712000000, 0x0000000712200000, 0x0000000712200000|100%| E|CS|TAMS 0x0000000712000000| PB 0x0000000712000000| Complete |  0
| 114|0x0000000712200000, 0x0000000712400000, 0x0000000712400000|100%| E|CS|TAMS 0x0000000712200000| PB 0x0000000712200000| Complete |  0
| 115|0x0000000712400000, 0x0000000712600000, 0x0000000712600000|100%| E|CS|TAMS 0x0000000712400000| PB 0x0000000712400000| Complete |  0
| 116|0x0000000712600000, 0x0000000712800000, 0x0000000712800000|100%| E|CS|TAMS 0x0000000712600000| PB 0x0000000712600000| Complete |  0
| 117|0x0000000712800000, 0x0000000712a00000, 0x0000000712a00000|100%| E|CS|TAMS 0x0000000712800000| PB 0x0000000712800000| Complete |  0
| 118|0x0000000712a00000, 0x0000000712c00000, 0x0000000712c00000|100%| E|CS|TAMS 0x0000000712a00000| PB 0x0000000712a00000| Complete |  0
| 119|0x0000000712c00000, 0x0000000712e00000, 0x0000000712e00000|100%| E|CS|TAMS 0x0000000712c00000| PB 0x0000000712c00000| Complete |  0
| 120|0x0000000712e00000, 0x0000000713000000, 0x0000000713000000|100%| E|CS|TAMS 0x0000000712e00000| PB 0x0000000712e00000| Complete |  0
| 121|0x0000000713000000, 0x0000000713200000, 0x0000000713200000|100%| E|CS|TAMS 0x0000000713000000| PB 0x0000000713000000| Complete |  0
| 122|0x0000000713200000, 0x0000000713400000, 0x0000000713400000|100%| E|CS|TAMS 0x0000000713200000| PB 0x0000000713200000| Complete |  0
| 123|0x0000000713400000, 0x0000000713600000, 0x0000000713600000|100%| E|CS|TAMS 0x0000000713400000| PB 0x0000000713400000| Complete |  0
| 124|0x0000000713600000, 0x0000000713800000, 0x0000000713800000|100%| E|CS|TAMS 0x0000000713600000| PB 0x0000000713600000| Complete |  0
| 125|0x0000000713800000, 0x0000000713a00000, 0x0000000713a00000|100%| E|CS|TAMS 0x0000000713800000| PB 0x0000000713800000| Complete |  0
| 126|0x0000000713a00000, 0x0000000713c00000, 0x0000000713c00000|100%| E|CS|TAMS 0x0000000713a00000| PB 0x0000000713a00000| Complete |  0

Card table byte_map: [0x0000023bd9d10000,0x0000023bda500000] _byte_map_base: 0x0000023bd64f1000

Marking Bits: (CMBitMap*) 0x0000023bbffae650
 Bits: [0x0000023bda500000, 0x0000023bde408000)

Polling page: 0x0000023bc0260000

Metaspace:

Usage:
  Non-class:      6.83 MB used.
      Class:    861.17 KB used.
       Both:      7.67 MB used.

Virtual space:
  Non-class space:       64.00 MB reserved,       7.00 MB ( 11%) committed,  1 nodes.
      Class space:        1.00 GB reserved,     960.00 KB ( <1%) committed,  1 nodes.
             Both:        1.06 GB reserved,       7.94 MB ( <1%) committed. 

Chunk freelists:
   Non-Class:  8.68 MB
       Class:  15.02 MB
        Both:  23.69 MB

MaxMetaspaceSize: unlimited
CompressedClassSpaceSize: 1.00 GB
Initial GC threshold: 21.00 MB
Current GC threshold: 21.00 MB
CDS: on
 - commit_granule_bytes: 65536.
 - commit_granule_words: 8192.
 - virtual_space_node_default_size: 8388608.
 - enlarge_chunks_in_place: 1.
 - use_allocation_guard: 0.


Internal statistics:

num_allocs_failed_limit: 0.
num_arena_births: 190.
num_arena_deaths: 0.
num_vsnodes_births: 2.
num_vsnodes_deaths: 0.
num_space_committed: 127.
num_space_uncommitted: 0.
num_chunks_returned_to_freelist: 0.
num_chunks_taken_from_freelist: 362.
num_chunk_merges: 0.
num_chunk_splits: 214.
num_chunks_enlarged: 105.
num_inconsistent_stats: 0.

CodeHeap 'non-profiled nmethods': size=120000Kb used=700Kb max_used=700Kb free=119299Kb
 bounds [0x0000023bd1ee0000, 0x0000023bd2150000, 0x0000023bd9410000]
CodeHeap 'profiled nmethods': size=120000Kb used=3002Kb max_used=3002Kb free=116998Kb
 bounds [0x0000023bca410000, 0x0000023bca700000, 0x0000023bd1940000]
CodeHeap 'non-nmethods': size=5760Kb used=1446Kb max_used=1463Kb free=4313Kb
 bounds [0x0000023bd1940000, 0x0000023bd1bb0000, 0x0000023bd1ee0000]
 total_blobs=2182 nmethods=1649 adapters=438
 compilation: enabled
              stopped_count=0, restarted_count=0
 full_count=0

Compilation events (20 events):
Event: 16.193 Thread 0x0000023c2603efe0 1638       3       org.bridj.Pointer::getPeer (13 bytes)
Event: 16.193 Thread 0x0000023c2603efe0 nmethod 1638 0x0000023bca6f8f90 code [0x0000023bca6f9140, 0x0000023bca6f92b0]
Event: 16.515 Thread 0x0000023c260161b0 1639 % !   4       java.util.concurrent.LinkedTransferQueue$DualNode::await @ 77 (249 bytes)
Event: 16.524 Thread 0x0000023c260161b0 nmethod 1639% 0x0000023bd1f8d090 code [0x0000023bd1f8d280, 0x0000023bd1f8db10]
Event: 17.439 Thread 0x0000023c2603efe0 1641       3       java.lang.invoke.VarHandleGuards::guard_LII_Z (86 bytes)
Event: 17.440 Thread 0x0000023c2603efe0 nmethod 1641 0x0000023bca6f9390 code [0x0000023bca6f96c0, 0x0000023bca6fb0e0]
Event: 17.440 Thread 0x0000023c2603efe0 1642       3       java.util.concurrent.ThreadPoolExecutor::runStateAtLeast (11 bytes)
Event: 17.440 Thread 0x0000023c2603efe0 nmethod 1642 0x0000023bca6fb890 code [0x0000023bca6fba20, 0x0000023bca6fbb60]
Event: 17.473 Thread 0x0000023c2603efe0 1644       3       java.lang.invoke.VarHandleInts$FieldInstanceReadWrite::compareAndSet (32 bytes)
Event: 17.473 Thread 0x0000023c2603efe0 nmethod 1644 0x0000023bca6fbc10 code [0x0000023bca6fbe00, 0x0000023bca6fc378]
Event: 17.520 Thread 0x0000023c2603efe0 1645       3       java.util.concurrent.atomic.AtomicBoolean::compareAndSet (26 bytes)
Event: 17.521 Thread 0x0000023c2603efe0 nmethod 1645 0x0000023bca6fc590 code [0x0000023bca6fc7a0, 0x0000023bca6fcef8]
Event: 17.547 Thread 0x0000023c2603efe0 1646       3       java.io.FileCleanable::register (49 bytes)
Event: 17.547 Thread 0x0000023c2603efe0 nmethod 1646 0x0000023bca6fd190 code [0x0000023bca6fd3a0, 0x0000023bca6fdbc8]
Event: 17.547 Thread 0x0000023c2603efe0 1647       3       java.io.FileDescriptor$1::get (5 bytes)
Event: 17.548 Thread 0x0000023c2603efe0 nmethod 1647 0x0000023bca6fde90 code [0x0000023bca6fe020, 0x0000023bca6fe138]
Event: 17.728 Thread 0x0000023c260161b0 1648   !   4       java.util.concurrent.LinkedTransferQueue$DualNode::await (249 bytes)
Event: 17.728 Thread 0x0000023c2603efe0 1649       3       java.util.concurrent.locks.LockSupport::park (24 bytes)
Event: 17.728 Thread 0x0000023c2603efe0 nmethod 1649 0x0000023bca6fe210 code [0x0000023bca6fe3e0, 0x0000023bca6fe700]
Event: 17.734 Thread 0x0000023c260161b0 nmethod 1648 0x0000023bd1f8e590 code [0x0000023bd1f8e760, 0x0000023bd1f8ef50]

GC Heap History (3 events):
Event: 0.494 GC heap before
{Heap before GC invocations=0 (full 0):
 garbage-first heap   total reserved 4130816K, committed 260096K, used 22528K [0x0000000703e00000, 0x0000000800000000)
  region size 2048K, 11 young (22528K), 0 survivors (0K)
 Metaspace       used 2200K, committed 2432K, reserved 1114112K
  class space    used 208K, committed 320K, reserved 1048576K
}
Event: 0.497 GC heap after
{Heap after GC invocations=1 (full 0):
 garbage-first heap   total reserved 4130816K, committed 260096K, used 4717K [0x0000000703e00000, 0x0000000800000000)
  region size 2048K, 2 young (4096K), 2 survivors (4096K)
 Metaspace       used 2200K, committed 2432K, reserved 1114112K
  class space    used 208K, committed 320K, reserved 1048576K
}
Event: 17.761 GC heap before
{Heap before GC invocations=1 (full 0):
 garbage-first heap   total reserved 4130816K, committed 260096K, used 35437K [0x0000000703e00000, 0x0000000800000000)
  region size 2048K, 18 young (36864K), 2 survivors (4096K)
 Metaspace       used 7855K, committed 8128K, reserved 1114112K
  class space    used 861K, committed 960K, reserved 1048576K
}

Dll operation events (16 events):
Event: 0.012 Loaded shared library C:\Users\woelflenico\.jdks\openjdk-22.0.1\bin\java.dll
Event: 0.037 Loaded shared library C:\Users\woelflenico\.jdks\openjdk-22.0.1\bin\jsvml.dll
Event: 0.154 Loaded shared library C:\Users\woelflenico\.jdks\openjdk-22.0.1\bin\zip.dll
Event: 0.158 Loaded shared library C:\Users\woelflenico\.jdks\openjdk-22.0.1\bin\instrument.dll
Event: 0.161 Loaded shared library C:\Users\woelflenico\.jdks\openjdk-22.0.1\bin\net.dll
Event: 0.163 Loaded shared library C:\Users\woelflenico\.jdks\openjdk-22.0.1\bin\nio.dll
Event: 0.165 Loaded shared library C:\Users\woelflenico\.jdks\openjdk-22.0.1\bin\zip.dll
Event: 0.291 Loaded shared library D:\IntelliJ\IntelliJ IDEA 2024.1\bin\breakgen64.dll
Event: 0.302 Loaded shared library C:\Users\woelflenico\.jdks\openjdk-22.0.1\bin\extnet.dll
Event: 0.459 Loaded shared library C:\Users\woelflenico\.jdks\openjdk-22.0.1\bin\jimage.dll
Event: 0.552 Loaded shared library C:\Users\woelflenico\.jdks\openjdk-22.0.1\bin\jsound.dll
Event: 6.153 Loaded shared library C:\Users\woelflenico\AppData\Local\Temp\webrtc-java17094597657500436580.dll
Event: 7.128 Loaded shared library C:\Users\woelflenico\.jdks\openjdk-22.0.1\bin\verify.dll
Event: 7.293 Loaded shared library C:\Users\woelflenico\AppData\Local\Temp\BridJExtractedLibraries12842893814342128699\bridj.dll
Event: 7.478 Loaded shared library C:\Users\woelflenico\.jdks\openjdk-22.0.1\bin\awt.dll
Event: 8.460 Loaded shared library C:\Users\woelflenico\.jdks\openjdk-22.0.1\bin\javajpeg.dll

Deoptimization events (20 events):
Event: 9.519 Thread 0x0000023c262b88e0 DEOPT PACKING pc=0x0000023bca6d1366 sp=0x00000083809fe440
Event: 9.519 Thread 0x0000023c262b88e0 DEOPT UNPACKING pc=0x0000023bd1994e42 sp=0x00000083809fd910 mode 0
Event: 10.543 Thread 0x0000023c262b88e0 DEOPT PACKING pc=0x0000023bca6d2dab sp=0x00000083809fe4d0
Event: 10.543 Thread 0x0000023c262b88e0 DEOPT UNPACKING pc=0x0000023bd1994e42 sp=0x00000083809fd9a0 mode 0
Event: 10.544 Thread 0x0000023c262b88e0 DEOPT PACKING pc=0x0000023bca6d2dab sp=0x00000083809fe4d0
Event: 10.544 Thread 0x0000023c262b88e0 DEOPT UNPACKING pc=0x0000023bd1994e42 sp=0x00000083809fd9a0 mode 0
Event: 10.544 Thread 0x0000023c262b88e0 DEOPT PACKING pc=0x0000023bca6d2dab sp=0x00000083809fe4d0
Event: 10.544 Thread 0x0000023c262b88e0 DEOPT UNPACKING pc=0x0000023bd1994e42 sp=0x00000083809fd9a0 mode 0
Event: 10.545 Thread 0x0000023c262b88e0 DEOPT PACKING pc=0x0000023bca6d2dab sp=0x00000083809fe4d0
Event: 10.545 Thread 0x0000023c262b88e0 DEOPT UNPACKING pc=0x0000023bd1994e42 sp=0x00000083809fd9a0 mode 0
Event: 10.545 Thread 0x0000023c262b88e0 DEOPT PACKING pc=0x0000023bca6d2dab sp=0x00000083809fe4d0
Event: 10.545 Thread 0x0000023c262b88e0 DEOPT UNPACKING pc=0x0000023bd1994e42 sp=0x00000083809fd9a0 mode 0
Event: 10.546 Thread 0x0000023c262b88e0 DEOPT PACKING pc=0x0000023bca6d2dab sp=0x00000083809fe4d0
Event: 10.546 Thread 0x0000023c262b88e0 DEOPT UNPACKING pc=0x0000023bd1994e42 sp=0x00000083809fd9a0 mode 0
Event: 10.546 Thread 0x0000023c262b88e0 DEOPT PACKING pc=0x0000023bca6d2dab sp=0x00000083809fe4d0
Event: 10.546 Thread 0x0000023c262b88e0 DEOPT UNPACKING pc=0x0000023bd1994e42 sp=0x00000083809fd9a0 mode 0
Event: 10.547 Thread 0x0000023c262b88e0 DEOPT PACKING pc=0x0000023bca6d2dab sp=0x00000083809fe4d0
Event: 10.547 Thread 0x0000023c262b88e0 DEOPT UNPACKING pc=0x0000023bd1994e42 sp=0x00000083809fd9a0 mode 0
Event: 17.728 Thread 0x0000023c262b88e0 DEOPT PACKING pc=0x0000023bca6df54f sp=0x00000083809fee10
Event: 17.728 Thread 0x0000023c262b88e0 DEOPT UNPACKING pc=0x0000023bd1994e42 sp=0x00000083809fe3a8 mode 0

Classes loaded (20 events):
Event: 8.468 Loading class com/sun/imageio/plugins/jpeg/DHTMarkerSegment$Htable
Event: 8.469 Loading class com/sun/imageio/plugins/jpeg/DHTMarkerSegment$Htable done
Event: 8.469 Loading class com/sun/imageio/plugins/jpeg/SOFMarkerSegment
Event: 8.469 Loading class com/sun/imageio/plugins/jpeg/SOFMarkerSegment done
Event: 8.469 Loading class com/sun/imageio/plugins/jpeg/SOFMarkerSegment$ComponentSpec
Event: 8.469 Loading class com/sun/imageio/plugins/jpeg/SOFMarkerSegment$ComponentSpec done
Event: 8.469 Loading class com/sun/imageio/plugins/jpeg/SOSMarkerSegment
Event: 8.469 Loading class com/sun/imageio/plugins/jpeg/SOSMarkerSegment done
Event: 8.469 Loading class com/sun/imageio/plugins/jpeg/SOSMarkerSegment$ScanComponentSpec
Event: 8.470 Loading class com/sun/imageio/plugins/jpeg/SOSMarkerSegment$ScanComponentSpec done
Event: 8.470 Loading class com/sun/imageio/plugins/jpeg/AdobeMarkerSegment
Event: 8.470 Loading class com/sun/imageio/plugins/jpeg/AdobeMarkerSegment done
Event: 8.470 Loading class com/sun/imageio/plugins/jpeg/DRIMarkerSegment
Event: 8.470 Loading class com/sun/imageio/plugins/jpeg/DRIMarkerSegment done
Event: 8.470 Loading class sun/awt/image/ByteInterleavedRaster
Event: 8.471 Loading class sun/awt/image/ByteInterleavedRaster done
Event: 8.471 Loading class sun/awt/image/NativeLibLoader
Event: 8.471 Loading class sun/awt/image/NativeLibLoader done
Event: 8.471 Loading class sun/awt/image/NativeLibLoader$1
Event: 8.471 Loading class sun/awt/image/NativeLibLoader$1 done

Classes unloaded (0 events):
No events

Classes redefined (0 events):
No events

Internal exceptions (20 events):
Event: 7.370 Thread 0x0000023c262c9a40 Exception <a 'java/lang/NoSuchMethodError'{0x0000000712aa1348}: 'java.lang.Object java.lang.invoke.DirectMethodHandle$Holder.newInvokeSpecial(java.lang.Object, java.lang.Object, java.lang.Object, java.lang.Object, java.lang.Object)'> (0x0000000712aa1348) 
thrown [s\open\src\hotspot\share\interpreter\linkResolver.cpp, line 774]
Event: 7.412 Thread 0x0000023c262c9a40 Exception <a 'java/lang/NoSuchMethodError'{0x00000007129142d0}: static Lcom/github/sarxos/webcam/ds/buildin/natives/OpenIMAJGrabber;.nextFrame()I> (0x00000007129142d0) 
thrown [s\open\src\hotspot\share\prims\jni.cpp, line 1111]
Event: 7.412 Thread 0x0000023c262c9a40 Exception <a 'java/lang/NoSuchMethodError'{0x0000000712914630}: static Lcom/github/sarxos/webcam/ds/buildin/natives/OpenIMAJGrabber;.getWidth()I> (0x0000000712914630) 
thrown [s\open\src\hotspot\share\prims\jni.cpp, line 1111]
Event: 7.412 Thread 0x0000023c262c9a40 Exception <a 'java/lang/NoSuchMethodError'{0x0000000712914998}: static Lcom/github/sarxos/webcam/ds/buildin/natives/OpenIMAJGrabber;.getHeight()I> (0x0000000712914998) 
thrown [s\open\src\hotspot\share\prims\jni.cpp, line 1111]
Event: 7.412 Thread 0x0000023c262c9a40 Exception <a 'java/lang/NoSuchMethodError'{0x0000000712914d18}: static Lcom/github/sarxos/webcam/ds/buildin/natives/OpenIMAJGrabber;.getImage()Lorg/bridj/Pointer;> (0x0000000712914d18) 
thrown [s\open\src\hotspot\share\prims\jni.cpp, line 1111]
Event: 7.412 Thread 0x0000023c262c9a40 Exception <a 'java/lang/NoSuchMethodError'{0x00000007129150a0}: static Lcom/github/sarxos/webcam/ds/buildin/natives/OpenIMAJGrabber;.getVideoDevices()Lorg/bridj/Pointer;> (0x00000007129150a0) 
thrown [s\open\src\hotspot\share\prims\jni.cpp, line 1111]
Event: 7.412 Thread 0x0000023c262c9a40 Exception <a 'java/lang/NoSuchMethodError'{0x0000000712915428}: static Lcom/github/sarxos/webcam/ds/buildin/natives/OpenIMAJGrabber;.startSession(IIDLorg/bridj/Pointer;)Z> (0x0000000712915428) 
thrown [s\open\src\hotspot\share\prims\jni.cpp, line 1111]
Event: 7.412 Thread 0x0000023c262c9a40 Exception <a 'java/lang/NoSuchMethodError'{0x0000000712915790}: static Lcom/github/sarxos/webcam/ds/buildin/natives/OpenIMAJGrabber;.startSession(IID)Z> (0x0000000712915790) 
thrown [s\open\src\hotspot\share\prims\jni.cpp, line 1111]
Event: 7.412 Thread 0x0000023c262c9a40 Exception <a 'java/lang/NoSuchMethodError'{0x0000000712915af8}: static Lcom/github/sarxos/webcam/ds/buildin/natives/OpenIMAJGrabber;.stopSession()V> (0x0000000712915af8) 
thrown [s\open\src\hotspot\share\prims\jni.cpp, line 1111]
Event: 7.412 Thread 0x0000023c262c9a40 Exception <a 'java/lang/NoSuchMethodError'{0x0000000712915e60}: static Lcom/github/sarxos/webcam/ds/buildin/natives/OpenIMAJGrabber;.setTimeout(I)V> (0x0000000712915e60) 
thrown [s\open\src\hotspot\share\prims\jni.cpp, line 1111]
Event: 7.431 Thread 0x0000023c262c9a40 Exception <a 'java/lang/NoSuchMethodError'{0x0000000712632cb8}: static Lorg/bridj/cpp/CPPRuntime_CPPDestructor_NativeImpl;.destroy(J)V> (0x0000000712632cb8) 
thrown [s\open\src\hotspot\share\prims\jni.cpp, line 1111]
Event: 7.435 Thread 0x0000023c262c9a40 Exception <a 'java/lang/NoSuchMethodError'{0x000000071266e928}: static Lorg/bridj/dyncallbacks/PointerToVoid_0;.apply(Lorg/bridj/Pointer;)V> (0x000000071266e928) 
thrown [s\open\src\hotspot\share\prims\jni.cpp, line 1111]
Event: 7.435 Thread 0x0000023c262c9a40 Exception <a 'java/lang/NoSuchMethodError'{0x000000071266fb70}: static Lorg/bridj/dyncallbacks/PointerToVoid_0;.apply(Lorg/bridj/Pointer;)V> (0x000000071266fb70) 
thrown [s\open\src\hotspot\share\prims\jni.cpp, line 1111]
Event: 7.457 Thread 0x0000023c262c9a40 Exception <a 'java/lang/NoSuchMethodError'{0x000000071268fe40}: static Lcom/github/sarxos/webcam/ds/buildin/natives/DeviceList;.getDevice(I)Lorg/bridj/Pointer;> (0x000000071268fe40) 
thrown [s\open\src\hotspot\share\prims\jni.cpp, line 1111]
Event: 7.457 Thread 0x0000023c262c9a40 Exception <a 'java/lang/NoSuchMethodError'{0x00000007126901a0}: static Lcom/github/sarxos/webcam/ds/buildin/natives/DeviceList;.getNumDevices()I> (0x00000007126901a0) 
thrown [s\open\src\hotspot\share\prims\jni.cpp, line 1111]
Event: 7.458 Thread 0x0000023c262c9a40 Exception <a 'java/lang/NoSuchMethodError'{0x0000000712698d70}: static Lcom/github/sarxos/webcam/ds/buildin/natives/Device;.getName()Lorg/bridj/Pointer;> (0x0000000712698d70) 
thrown [s\open\src\hotspot\share\prims\jni.cpp, line 1111]
Event: 7.458 Thread 0x0000023c262c9a40 Exception <a 'java/lang/NoSuchMethodError'{0x00000007126990e8}: static Lcom/github/sarxos/webcam/ds/buildin/natives/Device;.getIdentifier()Lorg/bridj/Pointer;> (0x00000007126990e8) 
thrown [s\open\src\hotspot\share\prims\jni.cpp, line 1111]
Event: 7.465 Thread 0x0000023c262c9a40 Exception <a 'java/lang/ClassNotFoundException'{0x00000007126c9788}: sun/awt/resources/spi/awtProvider> (0x00000007126c9788) 
thrown [s\open\src\hotspot\share\classfile\systemDictionary.cpp, line 313]
Event: 7.482 Thread 0x0000023c262c9a40 Exception <a 'java/io/FileNotFoundException'{0x0000000712701720}> (0x0000000712701720) 
thrown [s\open\src\hotspot\share\prims\jni.cpp, line 520]
Event: 7.485 Thread 0x0000023c262c9a40 Exception <a 'java/io/FileNotFoundException'{0x000000071272df58}> (0x000000071272df58) 
thrown [s\open\src\hotspot\share\prims\jni.cpp, line 520]

ZGC Phase Switch (0 events):
No events

VM Operations (20 events):
Event: 5.356 Executing VM operation: Cleanup done
Event: 5.356 Executing VM operation: HandshakeAllThreads (Deoptimize)
Event: 5.356 Executing VM operation: HandshakeAllThreads (Deoptimize) done
Event: 6.368 Executing VM operation: Cleanup
Event: 6.368 Executing VM operation: Cleanup done
Event: 7.127 Executing VM operation: HandshakeAllThreads (Deoptimize)
Event: 7.127 Executing VM operation: HandshakeAllThreads (Deoptimize) done
Event: 7.172 Executing VM operation: HandshakeAllThreads (Deoptimize)
Event: 7.172 Executing VM operation: HandshakeAllThreads (Deoptimize) done
Event: 8.172 Executing VM operation: Cleanup
Event: 8.172 Executing VM operation: Cleanup done
Event: 9.172 Executing VM operation: Cleanup
Event: 9.172 Executing VM operation: Cleanup done
Event: 10.173 Executing VM operation: Cleanup
Event: 10.173 Executing VM operation: Cleanup done
Event: 11.173 Executing VM operation: Cleanup
Event: 11.173 Executing VM operation: Cleanup done
Event: 12.174 Executing VM operation: Cleanup
Event: 12.174 Executing VM operation: Cleanup done
Event: 17.761 Executing VM operation: G1CollectForAllocation (G1 Evacuation Pause)

Events (20 events):
Event: 0.422 Thread 0x0000023c26969c00 Thread added: 0x0000023c26969c00
Event: 0.526 Thread 0x0000023c26c57e60 Thread added: 0x0000023c26c57e60
Event: 0.557 Thread 0x0000023c26c0e750 Thread added: 0x0000023c26c0e750
Event: 0.620 Thread 0x0000023c26e6a980 Thread added: 0x0000023c26e6a980
Event: 0.651 Thread 0x0000023c270345e0 Thread added: 0x0000023c270345e0
Event: 5.351 Thread 0x0000023c26969c00 Thread exited: 0x0000023c26969c00
Event: 6.161 Thread 0x0000023c271e0eb0 Thread added: 0x0000023c271e0eb0
Event: 6.451 Thread 0x0000023c26dbc2a0 Thread added: 0x0000023c26dbc2a0
Event: 7.029 Thread 0x0000023c271e0eb0 Thread exited: 0x0000023c271e0eb0
Event: 7.090 Thread 0x0000023c273d9ee0 Thread added: 0x0000023c273d9ee0
Event: 7.098 Thread 0x0000023c262b88e0 Thread added: 0x0000023c262b88e0
Event: 7.108 Thread 0x0000023c262cb480 Thread added: 0x0000023c262cb480
Event: 7.124 Thread 0x0000023c262c9a40 Thread added: 0x0000023c262c9a40
Event: 7.197 Thread 0x0000023c26e9e030 Thread added: 0x0000023c26e9e030
Event: 7.493 Thread 0x0000023c262cb480 Thread exited: 0x0000023c262cb480
Event: 7.493 Thread 0x0000023c262c93b0 Thread added: 0x0000023c262c93b0
Event: 7.507 Thread 0x0000023c262ca0d0 Thread added: 0x0000023c262ca0d0
Event: 7.810 Thread 0x0000023c26e9e030 Thread exited: 0x0000023c26e9e030
Event: 8.372 Thread 0x0000023c262cc1a0 Thread added: 0x0000023c262cc1a0
Event: 8.464 Thread 0x0000023c262ca760 Thread added: 0x0000023c262ca760


Dynamic libraries:
0x00007ff6e90a0000 - 0x00007ff6e90ae000 	C:\Users\woelflenico\.jdks\openjdk-22.0.1\bin\java.exe
0x00007fffc7a90000 - 0x00007fffc7c88000 	C:\WINDOWS\SYSTEM32\ntdll.dll
0x00007fffc7990000 - 0x00007fffc7a4d000 	C:\WINDOWS\System32\KERNEL32.DLL
0x00007fffc5710000 - 0x00007fffc5a06000 	C:\WINDOWS\System32\KERNELBASE.dll
0x00007fffc1e90000 - 0x00007fffc1f20000 	C:\WINDOWS\SYSTEM32\apphelp.dll
0x00007fffc5610000 - 0x00007fffc5710000 	C:\WINDOWS\System32\ucrtbase.dll
0x00007fffb6950000 - 0x00007fffb696b000 	C:\Users\woelflenico\.jdks\openjdk-22.0.1\bin\VCRUNTIME140.dll
0x00007fffb6930000 - 0x00007fffb6947000 	C:\Users\woelflenico\.jdks\openjdk-22.0.1\bin\jli.dll
0x00007fffc5f20000 - 0x00007fffc60bf000 	C:\WINDOWS\System32\USER32.dll
0x00007fffb4750000 - 0x00007fffb49ea000 	C:\WINDOWS\WinSxS\amd64_microsoft.windows.common-controls_6595b64144ccf1df_6.0.19041.4355_none_60b8b9eb71f62e16\COMCTL32.dll
0x00007fffc5aa0000 - 0x00007fffc5ac2000 	C:\WINDOWS\System32\win32u.dll
0x00007fffc6310000 - 0x00007fffc63ae000 	C:\WINDOWS\System32\msvcrt.dll
0x00007fffc7780000 - 0x00007fffc77ab000 	C:\WINDOWS\System32\GDI32.dll
0x00007fffc54f0000 - 0x00007fffc5607000 	C:\WINDOWS\System32\gdi32full.dll
0x00007fffc51c0000 - 0x00007fffc525d000 	C:\WINDOWS\System32\msvcp_win.dll
0x00007fffc6d20000 - 0x00007fffc6d4f000 	C:\WINDOWS\System32\IMM32.DLL
0x00007fffb6920000 - 0x00007fffb692c000 	C:\Users\woelflenico\.jdks\openjdk-22.0.1\bin\vcruntime140_1.dll
0x00007fff9ae60000 - 0x00007fff9aeee000 	C:\Users\woelflenico\.jdks\openjdk-22.0.1\bin\msvcp140.dll
0x00007fff3a6b0000 - 0x00007fff3b3f7000 	C:\Users\woelflenico\.jdks\openjdk-22.0.1\bin\server\jvm.dll
0x00007fffc6e70000 - 0x00007fffc6f20000 	C:\WINDOWS\System32\ADVAPI32.dll
0x00007fffc6dd0000 - 0x00007fffc6e70000 	C:\WINDOWS\System32\sechost.dll
0x00007fffc6bf0000 - 0x00007fffc6d13000 	C:\WINDOWS\System32\RPCRT4.dll
0x00007fffc5260000 - 0x00007fffc5287000 	C:\WINDOWS\System32\bcrypt.dll
0x00007fffc6410000 - 0x00007fffc647b000 	C:\WINDOWS\System32\WS2_32.dll
0x00007fffc4fa0000 - 0x00007fffc4feb000 	C:\WINDOWS\SYSTEM32\POWRPROF.dll
0x00007fffba910000 - 0x00007fffba937000 	C:\WINDOWS\SYSTEM32\WINMM.dll
0x00007fffbf0b0000 - 0x00007fffbf0ba000 	C:\WINDOWS\SYSTEM32\VERSION.dll
0x00007fffc4ed0000 - 0x00007fffc4ee2000 	C:\WINDOWS\SYSTEM32\UMPDC.dll
0x00007fffc2dd0000 - 0x00007fffc2de2000 	C:\WINDOWS\SYSTEM32\kernel.appcore.dll
0x00007fff9b740000 - 0x00007fff9b74a000 	C:\Users\woelflenico\.jdks\openjdk-22.0.1\bin\jimage.dll
0x00007fffb9f20000 - 0x00007fffba104000 	C:\WINDOWS\SYSTEM32\DBGHELP.DLL
0x00007fffb9560000 - 0x00007fffb9594000 	C:\WINDOWS\SYSTEM32\dbgcore.DLL
0x00007fffc5a10000 - 0x00007fffc5a92000 	C:\WINDOWS\System32\bcryptPrimitives.dll
0x00007fff9b730000 - 0x00007fff9b73f000 	C:\Users\woelflenico\.jdks\openjdk-22.0.1\bin\instrument.dll
0x00007fff9ae40000 - 0x00007fff9ae5e000 	C:\Users\woelflenico\.jdks\openjdk-22.0.1\bin\java.dll
0x00007fffc6480000 - 0x00007fffc6bec000 	C:\WINDOWS\System32\SHELL32.dll
0x00007fffc77b0000 - 0x00007fffc78db000 	C:\WINDOWS\System32\ole32.dll
0x00007fffc6f20000 - 0x00007fffc7273000 	C:\WINDOWS\System32\combase.dll
0x00007fffc2fd0000 - 0x00007fffc376d000 	C:\WINDOWS\SYSTEM32\windows.storage.dll
0x00007fffc49c0000 - 0x00007fffc49ee000 	C:\WINDOWS\SYSTEM32\Wldp.dll
0x00007fffc5c10000 - 0x00007fffc5cdd000 	C:\WINDOWS\System32\OLEAUT32.dll
0x00007fffc78e0000 - 0x00007fffc798d000 	C:\WINDOWS\System32\SHCORE.dll
0x00007fffc5ad0000 - 0x00007fffc5b25000 	C:\WINDOWS\System32\shlwapi.dll
0x00007fffc5080000 - 0x00007fffc50a4000 	C:\WINDOWS\SYSTEM32\profapi.dll
0x00007fff9ad60000 - 0x00007fff9ae37000 	C:\Users\woelflenico\.jdks\openjdk-22.0.1\bin\jsvml.dll
0x00007fff9ad40000 - 0x00007fff9ad57000 	C:\Users\woelflenico\.jdks\openjdk-22.0.1\bin\zip.dll
0x00007fff9ad30000 - 0x00007fff9ad40000 	C:\Users\woelflenico\.jdks\openjdk-22.0.1\bin\net.dll
0x00007fffc47a0000 - 0x00007fffc480a000 	C:\WINDOWS\system32\mswsock.dll
0x00007fff9ad10000 - 0x00007fff9ad26000 	C:\Users\woelflenico\.jdks\openjdk-22.0.1\bin\nio.dll
0x00007fff9b7b0000 - 0x00007fff9b7ca000 	D:\IntelliJ\IntelliJ IDEA 2024.1\bin\breakgen64.dll
0x00007fff9ad00000 - 0x00007fff9ad09000 	C:\Users\woelflenico\.jdks\openjdk-22.0.1\bin\extnet.dll
0x00007fffc4a00000 - 0x00007fffc4a18000 	C:\WINDOWS\SYSTEM32\CRYPTSP.dll
0x00007fffc40e0000 - 0x00007fffc4114000 	C:\WINDOWS\system32\rsaenh.dll
0x00007fffc5030000 - 0x00007fffc505e000 	C:\WINDOWS\SYSTEM32\USERENV.dll
0x00007fffc4930000 - 0x00007fffc493c000 	C:\WINDOWS\SYSTEM32\CRYPTBASE.dll
0x00007fffc44a0000 - 0x00007fffc44db000 	C:\WINDOWS\SYSTEM32\IPHLPAPI.DLL
0x00007fffc7280000 - 0x00007fffc7288000 	C:\WINDOWS\System32\NSI.dll
0x00007fff9ace0000 - 0x00007fff9acf2000 	C:\Users\woelflenico\.jdks\openjdk-22.0.1\bin\jsound.dll
0x00007fff9ac40000 - 0x00007fff9acdc000 	C:\WINDOWS\SYSTEM32\DSOUND.dll
0x00007fffba1e0000 - 0x00007fffba206000 	C:\WINDOWS\SYSTEM32\winmmbase.dll
0x00007fffc6260000 - 0x00007fffc6309000 	C:\WINDOWS\System32\clbcatq.dll
0x00007fffc28f0000 - 0x00007fffc298e000 	C:\WINDOWS\system32\uxtheme.dll
0x00007fffbf2c0000 - 0x00007fffbf345000 	C:\WINDOWS\System32\MMDevApi.dll
0x00007fffc4e00000 - 0x00007fffc4e33000 	C:\WINDOWS\System32\DEVOBJ.dll
0x00007fffc54a0000 - 0x00007fffc54ee000 	C:\WINDOWS\System32\cfgmgr32.dll
0x00007fff9abf0000 - 0x00007fff9ac36000 	C:\WINDOWS\SYSTEM32\wdmaud.drv
0x00007fffb8110000 - 0x00007fffb8119000 	C:\WINDOWS\SYSTEM32\ksuser.dll
0x00007fffbc4c0000 - 0x00007fffbc4ca000 	C:\WINDOWS\SYSTEM32\AVRT.dll
0x00007fffbf380000 - 0x00007fffbf501000 	C:\WINDOWS\SYSTEM32\AUDIOSES.DLL
0x00007fff9abe0000 - 0x00007fff9abed000 	C:\WINDOWS\SYSTEM32\msacm32.drv
0x00007fff9fbe0000 - 0x00007fff9fbfe000 	C:\WINDOWS\SYSTEM32\MSACM32.dll
0x00007fff9abd0000 - 0x00007fff9abdb000 	C:\WINDOWS\SYSTEM32\midimap.dll
0x00007fffc29c0000 - 0x00007fffc29d4000 	C:\WINDOWS\SYSTEM32\resourcepolicyclient.dll
0x00007fff394b0000 - 0x00007fff3a6af000 	C:\Users\woelflenico\AppData\Local\Temp\webrtc-java17094597657500436580.dll
0x00007fffba940000 - 0x00007fffbaafc000 	C:\WINDOWS\SYSTEM32\MFPlat.DLL
0x00007fffc0e90000 - 0x00007fffc10f3000 	C:\WINDOWS\SYSTEM32\d3d11.dll
0x00007fffc3890000 - 0x00007fffc3982000 	C:\WINDOWS\SYSTEM32\dxgi.dll
0x00007fffbe020000 - 0x00007fffbe02c000 	C:\WINDOWS\SYSTEM32\Secur32.dll
0x00007fff65a30000 - 0x00007fff65a3b000 	C:\WINDOWS\SYSTEM32\msdmo.dll
0x00007fffc4ff0000 - 0x00007fffc5022000 	C:\WINDOWS\SYSTEM32\SSPICLI.DLL
0x00007fffb7bf0000 - 0x00007fffb7c26000 	C:\WINDOWS\SYSTEM32\RTWorkQ.DLL
0x00007fff9ab20000 - 0x00007fff9ab97000 	C:\Windows\System32\mfwmaaec.dll
0x00007fffb1c80000 - 0x00007fffb1dbf000 	C:\Windows\System32\Windows.UI.dll
0x00007fffb1dc0000 - 0x00007fffb1e61000 	C:\Windows\System32\WindowManagementAPI.dll
0x00007fffb18f0000 - 0x00007fffb19e9000 	C:\Windows\System32\TextInputFramework.dll
0x00007fffb1790000 - 0x00007fffb18e2000 	C:\Windows\System32\InputHost.dll
0x00007fffb19f0000 - 0x00007fffb1bf3000 	C:\WINDOWS\SYSTEM32\twinapi.appcore.dll
0x00007fffc0310000 - 0x00007fffc0467000 	C:\WINDOWS\SYSTEM32\wintypes.dll
0x00007fffbe590000 - 0x00007fffbe686000 	C:\Windows\System32\PROPSYS.dll
0x00007fffc1620000 - 0x00007fffc1712000 	C:\Windows\System32\CoreMessaging.dll
0x00007fffc1240000 - 0x00007fffc159b000 	C:\Windows\System32\CoreUIComponents.dll
0x00007fffc4200000 - 0x00007fffc4233000 	C:\WINDOWS\SYSTEM32\ntmarta.dll
0x00007fffc02f0000 - 0x00007fffc0307000 	C:\WINDOWS\SYSTEM32\dhcpcsvc6.DLL
0x00007fffc02c0000 - 0x00007fffc02dd000 	C:\WINDOWS\SYSTEM32\dhcpcsvc.DLL
0x00007fffc44e0000 - 0x00007fffc45aa000 	C:\WINDOWS\SYSTEM32\DNSAPI.dll
0x00007fffbe4c0000 - 0x00007fffbe4ca000 	C:\Windows\System32\rasadhlp.dll
0x00007fffc15a0000 - 0x00007fffc1620000 	C:\WINDOWS\System32\fwpuclnt.dll
0x00007fff9aa40000 - 0x00007fff9aa50000 	C:\Users\woelflenico\.jdks\openjdk-22.0.1\bin\verify.dll
0x00007fff9a9a0000 - 0x00007fff9a9c9000 	C:\Users\woelflenico\AppData\Local\Temp\BridJExtractedLibraries12842893814342128699\bridj.dll
0x00007fff89930000 - 0x00007fff89966000 	C:\Users\WOELFL~1\AppData\Local\Temp\BridJExtractedLibraries12842893814342128699\OpenIMAJGrabber.dll
0x00007fff9aa20000 - 0x00007fff9aa3d000 	C:\Windows\System32\devenum.dll
0x00007fffc72f0000 - 0x00007fffc775e000 	C:\WINDOWS\System32\setupapi.dll
0x00007fffc5150000 - 0x00007fffc51b9000 	C:\WINDOWS\System32\WINTRUST.dll
0x00007fffc5290000 - 0x00007fffc53ee000 	C:\WINDOWS\System32\CRYPT32.dll
0x00007fffc4c30000 - 0x00007fffc4c42000 	C:\WINDOWS\SYSTEM32\MSASN1.dll
0x00007fff9a9d0000 - 0x00007fff9aa20000 	C:\Windows\System32\ksproxy.ax
0x00007fffa4410000 - 0x00007fffa45de000 	C:\Windows\System32\d3d9.dll
0x00007fffc2bf0000 - 0x00007fffc2c1f000 	C:\Windows\System32\dwmapi.dll
0x00007fffc01a0000 - 0x00007fffc0241000 	C:\WINDOWS\SYSTEM32\policymanager.dll
0x00007fffc4170000 - 0x00007fffc41fa000 	C:\Windows\System32\msvcp110_win.dll
0x00007fff9a990000 - 0x00007fff9a99d000 	C:\Windows\System32\vidcap.ax
0x00007fff60ed0000 - 0x00007fff60ef7000 	C:\Windows\System32\kswdmcap.ax
0x00007fff4efc0000 - 0x00007fff4f12c000 	C:\Windows\System32\MFC42.dll
0x00007fff4ead0000 - 0x00007fff4ec5d000 	C:\Users\woelflenico\.jdks\openjdk-22.0.1\bin\awt.dll
0x00007fff4f600000 - 0x00007fff4f636000 	C:\Windows\System32\qcap.dll
0x00007fff42350000 - 0x00007fff42520000 	C:\Windows\System32\quartz.dll
0x00007fffc6140000 - 0x00007fffc6254000 	C:\WINDOWS\System32\MSCTF.dll
0x00007fff4f5b0000 - 0x00007fff4f5fd000 	C:\Windows\System32\mfksproxy.dll
0x00007fffa4930000 - 0x00007fffa494d000 	C:\Windows\System32\ATL.DLL
0x00007fff4ef50000 - 0x00007fff4efb7000 	C:\Windows\System32\MFSENSORGROUP.dll
0x00007fff38200000 - 0x00007fff382a8000 	C:\Windows\System32\qedit.dll
0x00007fffc5b30000 - 0x00007fffc5c0a000 	C:\WINDOWS\System32\COMDLG32.dll
0x00007fff9be60000 - 0x00007fff9c007000 	C:\WINDOWS\WinSxS\amd64_microsoft.windows.gdiplus_6595b64144ccf1df_1.1.19041.4355_none_91a3acd0cc88a7e4\gdiplus.dll
0x00007fff4ef20000 - 0x00007fff4ef4b000 	C:\Windows\System32\MSVFW32.dll
0x00007fff38100000 - 0x00007fff381fb000 	C:\Windows\System32\DDRAW.dll
0x00007fff89920000 - 0x00007fff89929000 	C:\Windows\System32\DCIMAN32.dll
0x00007fffbf230000 - 0x00007fffbf26b000 	C:\WINDOWS\SYSTEM32\dxcore.dll
0x00007fff9a980000 - 0x00007fff9a98c000 	C:\WINDOWS\SYSTEM32\msyuv.dll

dbghelp: loaded successfully - version: 4.0.5 - missing functions: none
symbol engine: initialized successfully - sym options: 0x614 - pdb path: .;C:\Users\woelflenico\.jdks\openjdk-22.0.1\bin;C:\WINDOWS\SYSTEM32;C:\WINDOWS\WinSxS\amd64_microsoft.windows.common-controls_6595b64144ccf1df_6.0.19041.4355_none_60b8b9eb71f62e16;C:\Users\woelflenico\.jdks\openjdk-22.0.1\bin\server;D:\IntelliJ\IntelliJ IDEA 2024.1\bin;C:\Users\woelflenico\AppData\Local\Temp;C:\Users\woelflenico\AppData\Local\Temp\BridJExtractedLibraries12842893814342128699;C:\Users\WOELFL~1\AppData\Local\Temp\BridJExtractedLibraries12842893814342128699;C:\WINDOWS\WinSxS\amd64_microsoft.windows.gdiplus_6595b64144ccf1df_1.1.19041.4355_none_91a3acd0cc88a7e4

VM Arguments:
jvm_args: -javaagent:D:\IntelliJ\IntelliJ IDEA 2024.1\lib\idea_rt.jar=63442:D:\IntelliJ\IntelliJ IDEA 2024.1\bin -Dfile.encoding=UTF-8 -Dsun.stdout.encoding=UTF-8 -Dsun.stderr.encoding=UTF-8 
java_command: org.example.App 5
java_class_path (initial): D:\webrptcJava\target\classes;C:\Users\woelflenico\.m2\repository\org\bytedeco\javacv-platform\1.5.5\javacv-platform-1.5.5.jar;C:\Users\woelflenico\.m2\repository\org\bytedeco\javacv\1.5.5\javacv-1.5.5.jar;C:\Users\woelflenico\.m2\repository\org\bytedeco\javacpp\1.5.5\javacpp-1.5.5.jar;C:\Users\woelflenico\.m2\repository\org\bytedeco\openblas\0.3.13-1.5.5\openblas-0.3.13-1.5.5.jar;C:\Users\woelflenico\.m2\repository\org\bytedeco\opencv\4.5.1-1.5.5\opencv-4.5.1-1.5.5.jar;C:\Users\woelflenico\.m2\repository\org\bytedeco\ffmpeg\4.3.2-1.5.5\ffmpeg-4.3.2-1.5.5.jar;C:\Users\woelflenico\.m2\repository\org\bytedeco\flycapture\2.13.3.31-1.5.5\flycapture-2.13.3.31-1.5.5.jar;C:\Users\woelflenico\.m2\repository\org\bytedeco\libdc1394\2.2.6-1.5.5\libdc1394-2.2.6-1.5.5.jar;C:\Users\woelflenico\.m2\repository\org\bytedeco\libfreenect\0.5.7-1.5.5\libfreenect-0.5.7-1.5.5.jar;C:\Users\woelflenico\.m2\repository\org\bytedeco\libfreenect2\0.2.0-1.5.5\libfreenect2-0.2.0-1.5.5.jar;C:\Users\woelflenico\.m2\repository\org\bytedeco\librealsense\1.12.4-1.5.5\librealsense-1.12.4-1.5.5.jar;C:\Users\woelflenico\.m2\repository\org\bytedeco\librealsense2\2.40.0-1.5.5\librealsense2-2.40.0-1.5.5.jar;C:\Users\woelflenico\.m2\repository\org\bytedeco\videoinput\0.200-1.5.5\videoinput-0.200-1.5.5.jar;C:\Users\woelflenico\.m2\repository\org\bytedeco\artoolkitplus\2.3.1-1.5.5\artoolkitplus-2.3.1-1.5.5.jar;C:\Users\woelflenico\.m2\repository\org\bytedeco\flandmark\1.07-1.5.5\flandmark-1.07-1.5.5.jar;C:\Users\woelflenico\.m2\repository\org\bytedeco\leptonica\1.80.0-1.5.5\leptonica-1.80.0-1.5.5.jar;C:\Users\woelflenico\.m2\repository\org\bytedeco\tesseract\4.1.1-1.5.5\tesseract-4.1.1-1.5.5.jar;C:\Users\woelflenico\.m2\repository\org\bytedeco\openblas-platform\0.3.13-1.5.5\openblas-platform-0.3.13-1.5.5.jar;C:\Users\woelflenico\.m2\repository\org\bytedeco\javacpp-platform\1.5.5\javacpp-platform-1.5.5.jar;C:\Users\woelflenico\.m2\repository\org\bytedeco\javacpp\1.5.5\javacpp-1.5.5-android-arm.jar;C:\Users\woelflenico\.m2\repository\org\bytedeco\javacpp\1.5.5\javacpp-1.5.5-android-arm64.jar;C:\Users\woelflenico\.m2\repository\org\bytedeco\javacpp\1.5.5\javacpp-1.5.5-android-x86.jar;C:\Users\woelflenico\.m2\repository\org\bytedeco\javacpp\1.5.5\javacpp-1.5.5-android-x86_64.jar;C:\Users\woelflenico\.m2\repository\org\bytedeco\javacpp\1.5.5\javacpp-1.5.5-ios-arm64.jar;C:\Users\woelflenico\.m2\repository\org\bytedeco\javacpp\1.5.5\javacpp-1.5.5-ios-x86_64.jar;C:\Users\woelflenico\.m2\repository\org\bytedeco\javacpp\1.5.5\javacpp-1.5.5-linux-armhf.jar;C:\Users\woelflenico\.m2\repository\org\bytedeco\javacpp\1.5.5\javacpp-1.5.5-linux-arm64.jar;C:\Users\woelflenico\.m2\repository\org\bytedeco\javacpp\1.5.5\javacpp-1.5.5-linux-ppc64le.jar;C:\Users\woelflenico\.m2\repository\org\bytedeco\javacpp\1.5.5\javacpp-1.5.5-linux-x86.jar;C:\Users\woelflenico\.m2\repository\org\bytedeco\javacpp\1.5.5\javacpp-1.5.5-linux-x86_64.jar;C:\Users\woelflenico\.m2\repository\org\bytedeco\javacpp\1.5.5\javacpp-1.5.5-macosx-arm64.jar;C:\Users\woelflenico\.m2\repository\org\bytedeco\javacpp\1.5.5\javacpp-1.5.5-macosx-x86_64.jar;C:\Users\woelflenico\.m2\repository\org\bytedeco\javacpp\1.5.5\javacpp-1.5.5-windows-x86.jar;C:\Users\woelflenico\.m2\repository\org\bytedeco\javacpp\1.5.5\javacpp-1.5.5-windows-x86_64.jar;C:\Users\woelflenico\.m2\repository\org\bytedeco\openblas\0.3.13-1.5.5\openblas-0.3.13-1.5.5-android-arm.jar;C:\Users\woelflenico\.m2\repository\org\bytedeco\openblas\0.3.13-1.5.5\openblas-0.3.13-1.5.5-android-arm64.jar;C:\Users\woelflenico\.m2\repository\org\bytedeco\openblas\0.3.13-1.5.5\openblas-0.3.13-1.5.5-android-x86.jar;C:\Users\woelflenico\.m2\repository\org\bytedeco\openblas\0.3.13-1.5.5\openblas-0.3.13-1.5.5-android-x86_64.jar;C:\Users\woelflenico\.m2\repository\org\bytedeco\openblas\0.3.13-1.5.5\openblas-0.3.13-1.5.5-ios-arm64.jar;C:\Users\woelflenico\.m2\repository\org\bytedeco\openblas\0.3.13-1.5.5\openblas-0.3.13-1.5.5-ios-x86_64.jar;C:\Users\woelflenico\.m2\repository\org\bytedeco\openblas\0.3.13-1.5.5\openblas-0.3.13-1.5.5-linux-x86.jar;C:\Users\woelflenico\.m2\repository\org\bytedeco\openblas\0.3.13-1.5.5\openblas-0.3.13-1.5.5-linux-x86_64.jar;C:\Users\woelflenico\.m2\repository\org\bytedeco\openblas\0.3.13-1.5.5\openblas-0.3.13-1.5.5-linux-armhf.jar;C:\Users\woelflenico\.m2\repository\org\bytedeco\openblas\0.3.13-1.5.5\openblas-0.3.13-1.5.5-linux-arm64.jar;C:\Users\woelflenico\.m2\repository\org\bytedeco\openblas\0.3.13-1.5.5\openblas-0.3.13-1.5.5-linux-ppc64le.jar;C:\Users\woelflenico\.m2\repository\org\bytedeco\openblas\0.3.13-1.5.5\openblas-0.3.13-1.5.5-macosx-x86_64.jar;C:\Users\woelflenico\.m2\repository\org\bytedeco\openblas\0.3.13-1.5.5\openblas-0.3.13-1.5.5-windows-x86.jar;C:\Users\woelflenico\.m2\repository\org\bytedeco\openblas\0.3.13-1.5.5\openblas-0.3.13-1.5.5-windows-x86_64.jar;C:\Users\woelflenico\.m2\repository\org\bytedeco\opencv-platform\4.5.1-1.5.5\opencv-platform-4.5.1-1.5.5.jar;C:\Users\woelflenico\.m2\repository\org\bytedeco\opencv\4.5.1-1.5.5\opencv-4.5.1-1.5.5-android-arm.jar;C:\Users\woelflenico\.m2\repository\org\bytedeco\opencv\4.5.1-1.5.5\opencv-4.5.1-1.5.5-android-arm64.jar;C:\Users\woelflenico\.m2\repository\org\bytedeco\opencv\4.5.1-1.5.5\opencv-4.5.1-1.5.5-android-x86.jar;C:\Users\woelflenico\.m2\repository\org\bytedeco\opencv\4.5.1-1.5.5\opencv-4.5.1-1.5.5-android-x86_64.jar;C:\Users\woelflenico\.m2\repository\org\bytedeco\opencv\4.5.1-1.5.5\opencv-4.5.1-1.5.5-ios-arm64.jar;C:\Users\woelflenico\.m2\repository\org\bytedeco\opencv\4.5.1-1.5.5\opencv-4.5.1-1.5.5-ios-x86_64.jar;C:\Users\woelflenico\.m2\repository\org\bytedeco\opencv\4.5.1-1.5.5\opencv-4.5.1-1.5.5-linux-x86.jar;C:\Users\woelflenico\.m2\repository\org\bytedeco\opencv\4.5.1-1.5.5\opencv-4.5.1-1.5.5-linux-x86_64.jar;C:\Users\woelflenico\.m2\repository\org\bytedeco\opencv\4.5.1-1.5.5\opencv-4.5.1-1.5.5-linux-armhf.jar;C:\Users\woelflenico\.m2\repository\org\bytedeco\opencv\4.5.1-1.5.5\opencv-4.5.1-1.5.5-linux-arm64.jar;C:\Users\woelflenico\.m2\repository\org\bytedeco\opencv\4.5.1-1.5.5\opencv-4.5.1-1.5.5-linux-ppc64le.jar;C:\Users\woelflenico\.m2\repository\org\bytedeco\opencv\4.5.1-1.5.5\opencv-4.5.1-1.5.5-macosx-x86_64.jar;C:\Users\woelflenico\.m2\repository\org\bytedeco\opencv\4.5.1-1.5.5\opencv-4.5.1-1.5.5-windows-x86.jar;C:\Users\woelflenico\.m2\repository\org\bytedeco\opencv\4.5.1-1.5.5\opencv-4.5.1-1.5.5-windows-x86_64.jar;C:\Users\woelflenico\.m2\repository\org\bytedeco\ffmpeg-platform\4.3.2-1.5.5\ffmpeg-platform-4.3.2-1.5.5.jar;C:\Users\woelflenico\.m2\repository\org\bytedeco\ffmpeg\4.3.2-1.5.5\ffmpeg-4.3.2-1.5.5-android-arm.jar;C:\Users\woelflenico\.m2\repository\org\bytedeco\ffmpeg\4.3.2-1.5.5\ffmpeg-4.3.2-1.5.5-android-arm64.jar;C:\Users\woelflenico\.m2\repository\org\bytedeco\ffmpeg\4.3.2-1.5.5\ffmpeg-4.3.2-1.5.5-android-x86.jar;C:\Users\woelflenico\.m2\repository\org\bytedeco\ffmpeg\4.3.2-1.5.5\ffmpeg-4.3.2-1.5.5-android-x86_64.jar;C:\Users\woelflenico\.m2\repository\org\bytedeco\ffmpeg\4.3.2-1.5.5\ffmpeg-4.3.2-1.5.5-linux-x86.jar;C:\Users\woelflenico\.m2\repository\org\bytedeco\ffmpeg\4.3.2-1.5.5\ffmpeg-4.3.2-1.5.5-linux-x86_64.jar;C:\Users\woelflenico\.m2\repository\org\bytedeco\ffmpeg\4.3.2-1.5.5\ffmpeg-4.3.2-1.5.5-linux-armhf.jar;C:\Users\woelflenico\.m2\repository\org\bytedeco\ffmpeg\4.3.2-1.5.5\ffmpeg-4.3.2-1.5.5-linux-arm64.jar;C:\Users\woelflenico\.m2\repository\org\bytedeco\ffmpeg\4.3.2-1.5.5\ffmpeg-4.3.2-1.5.5-linux-ppc64le.jar;C:\Users\woelflenico\.m2\repository\org\bytedeco\ffmpeg\4.3.2-1.5.5\ffmpeg-4.3.2-1.5.5-macosx-x86_64.jar;C:\Users\woelflenico\.m2\repository\org\bytedeco\ffmpeg\4.3.2-1.5.5\ffmpeg-4.3.2-1.5.5-windows-x86.jar;C:\Users\woelflenico\.m2\repository\org\bytedeco\ffmpeg\4.3.2-1.5.5\ffmpeg-4.3.2-1.5.5-windows-x86_64.jar;C:\Users\woelflenico\.m2\repository\org\bytedeco\flycapture-platform\2.13.3.31-1.5.5\flycapture-platform-2.13.3.31-1.5.5.jar;C:\Users\woelflenico\.m2\repository\org\bytedeco\flycapture\2.13.3.31-1.5.5\flycapture-2.13.3.31-1.5.5-linux-x86.jar;C:\Users\woelflenico\.m2\repository\org\bytedeco\flycapture\2.13.3.31-1.5.5\flycapture-2.13.3.31-1.5.5-linux-x86_64.jar;C:\Users\woelflenico\.m2\repository\org\bytedeco\flycapture\2.13.3.31-1.5.5\flycapture-2.13.3.31-1.5.5-linux-armhf.jar;C:\Users\woelflenico\.m2\repository\org\bytedeco\flycapture\2.13.3.31-1.5.5\flycapture-2.13.3.31-1.5.5-linux-arm64.jar;C:\Users\woelflenico\.m2\repository\org\bytedeco\flycapture\2.13.3.31-1.5.5\flycapture-2.13.3.31-1.5.5-windows-x86.jar;C:\Users\woelflenico\.m2\repository\org\bytedeco\flycapture\2.13.3.31-1.5.5\flycapture-2.13.3.31-1.5.5-windows-x86_64.jar;C:\Users\woelflenico\.m2\repository\org\bytedeco\libdc1394-platform\2.2.6-1.5.5\libdc1394-platform-2.2.6-1.5.5.jar;C:\Users\woelflenico\.m2\repository\org\bytedeco\libdc1394\2.2.6-1.5.5\libdc1394-2.2.6-1.5.5-linux-x86.jar;C:\Users\woelflenico\.m2\repository\org\bytedeco\libdc1394\2.2.6-1.5.5\libdc1394-2.2.6-1.5.5-linux-x86_64.jar;C:\Users\woelflenico\.m2\repository\org\bytedeco\libdc1394\2.2.6-1.5.5\libdc1394-2.2.6-1.5.5-linux-armhf.jar;C:\Users\woelflenico\.m2\repository\org\bytedeco\libdc1394\2.2.6-1.5.5\libdc1394-2.2.6-1.5.5-linux-arm64.jar;C:\Users\woelflenico\.m2\repository\org\bytedeco\libdc1394\2.2.6-1.5.5\libdc1394-2.2.6-1.5.5-linux-ppc64le.jar;C:\Users\woelflenico\.m2\repository\org\bytedeco\libdc1394\2.2.6-1.5.5\libdc1394-2.2.6-1.5.5-macosx-x86_64.jar;C:\Users\woelflenico\.m2\repository\org\bytedeco\libdc1394\2.2.6-1.5.5\libdc1394-2.2.6-1.5.5-windows-x86.jar;C:\Users\woelflenico\.m2\repository\org\bytedeco\libdc1394\2.2.6-1.5.5\libdc1394-2.2.6-1.5.5-windows-x86_64.jar;C:\Users\woelflenico\.m2\repository\org\bytedeco\libfreenect-platform\0.5.7-1.5.5\libfreenect-platform-0.5.7-1.5.5.jar;C:\Users\woelflenico\.m2\repository\org\bytedeco\libfreenect\0.5.7-1.5.5\libfreenect-0.5.7-1.5.5-linux-x86.jar;C:\Users\woelflenico\.m2\repository\org\bytedeco\libfreenect\0.5.7-1.5.5\libfreenect-0.5.7-1.5.5-linux-x86_64.jar;C:\Users\woelflenico\.m2\repository\org\bytedeco\libfreenect\0.5.7-1.5.5\libfreenect-0.5.7-1.5.5-linux-armhf.jar;C:\Users\woelflenico\.m2\repository\org\bytedeco\libfreenect\0.5.7-1.5.5\libfreenect-0.5.7-1.5.5-linux-arm64.jar;C:\Users\woelflenico\.m2\repository\org\bytedeco\libfreenect\0.5.7-1.5.5\libfreenect-0.5.7-1.5.5-linux-ppc64le.jar;C:\Users\woelflenico\.m2\repository\org\bytedeco\libfreenect\0.5.7-1.5.5\libfreenect-0.5.7-1.5.5-macosx-x86_64.jar;C:\Users\woelflenico\.m2\repository\org\bytedeco\libfreenect\0.5.7-1.5.5\libfreenect-0.5.7-1.5.5-windows-x86.jar;C:\Users\woelflenico\.m2\repository\org\bytedeco\libfreenect\0.5.7-1.5.5\libfreenect-0.5.7-1.5.5-windows-x86_64.jar;C:\Users\woelflenico\.m2\repository\org\bytedeco\libfreenect2-platform\0.2.0-1.5.5\libfreenect2-platform-0.2.0-1.5.5.jar;C:\Users\woelflenico\.m2\repository\org\bytedeco\libfreenect2\0.2.0-1.5.5\libfreenect2-0.2.0-1.5.5-linux-x86.jar;C:\Users\woelflenico\.m2\repository\org\bytedeco\libfreenect2\0.2.0-1.5.5\libfreenect2-0.2.0-1.5.5-linux-x86_64.jar;C:\Users\woelflenico\.m2\repository\org\bytedeco\libfreenect2\0.2.0-1.5.5\libfreenect2-0.2.0-1.5.5-macosx-x86_64.jar;C:\Users\woelflenico\.m2\repository\org\bytedeco\libfreenect2\0.2.0-1.5.5\libfreenect2-0.2.0-1.5.5-windows-x86_64.jar;C:\Users\woelflenico\.m2\repository\org\bytedeco\librealsense-platform\1.12.4-1.5.5\librealsense-platform-1.12.4-1.5.5.jar;C:\Users\woelflenico\.m2\repository\org\bytedeco\librealsense\1.12.4-1.5.5\librealsense-1.12.4-1.5.5-linux-armhf.jar;C:\Users\woelflenico\.m2\repository\org\bytedeco\librealsense\1.12.4-1.5.5\librealsense-1.12.4-1.5.5-linux-arm64.jar;C:\Users\woelflenico\.m2\repository\org\bytedeco\librealsense\1.12.4-1.5.5\librealsense-1.12.4-1.5.5-linux-x86.jar;C:\Users\woelflenico\.m2\repository\org\bytedeco\librealsense\1.12.4-1.5.5\librealsense-1.12.4-1.5.5-linux-x86_64.jar;C:\Users\woelflenico\.m2\repository\org\bytedeco\librealsense\1.12.4-1.5.5\librealsense-1.12.4-1.5.5-macosx-x86_64.jar;C:\Users\woelflenico\.m2\repository\org\bytedeco\librealsense\1.12.4-1.5.5\librealsense-1.12.4-1.5.5-windows-x86.jar;C:\Users\woelflenico\.m2\repository\org\bytedeco\librealsense\1.12.4-1.5.5\librealsense-1.12.4-1.5.5-windows-x86_64.jar;C:\Users\woelflenico\.m2\repository\org\bytedeco\librealsense2-platform\2.40.0-1.5.5\librealsense2-platform-2.40.0-1.5.5.jar;C:\Users\woelflenico\.m2\repository\org\bytedeco\librealsense2\2.40.0-1.5.5\librealsense2-2.40.0-1.5.5-linux-armhf.jar;C:\Users\woelflenico\.m2\repository\org\bytedeco\librealsense2\2.40.0-1.5.5\librealsense2-2.40.0-1.5.5-linux-arm64.jar;C:\Users\woelflenico\.m2\repository\org\bytedeco\librealsense2\2.40.0-1.5.5\librealsense2-2.40.0-1.5.5-linux-x86.jar;C:\Users\woelflenico\.m2\repository\org\bytedeco\librealsense2\2.40.0-1.5.5\librealsense2-2.40.0-1.5.5-linux-x86_64.jar;C:\Users\woelflenico\.m2\repository\org\bytedeco\librealsense2\2.40.0-1.5.5\librealsense2-2.40.0-1.5.5-macosx-x86_64.jar;C:\Users\woelflenico\.m2\repository\org\bytedeco\librealsense2\2.40.0-1.5.5\librealsense2-2.40.0-1.5.5-windows-x86.jar;C:\Users\woelflenico\.m2\repository\org\bytedeco\librealsense2\2.40.0-1.5.5\librealsense2-2.40.0-1.5.5-windows-x86_64.jar;C:\Users\woelflenico\.m2\repository\org\bytedeco\videoinput-platform\0.200-1.5.5\videoinput-platform-0.200-1.5.5.jar;C:\Users\woelflenico\.m2\repository\org\bytedeco\videoinput\0.200-1.5.5\videoinput-0.200-1.5.5-windows-x86.jar;C:\Users\woelflenico\.m2\repository\org\bytedeco\videoinput\0.200-1.5.5\videoinput-0.200-1.5.5-windows-x86_64.jar;C:\Users\woelflenico\.m2\repository\org\bytedeco\artoolkitplus-platform\2.3.1-1.5.5\artoolkitplus-platform-2.3.1-1.5.5.jar;C:\Users\woelflenico\.m2\repository\org\bytedeco\artoolkitplus\2.3.1-1.5.5\artoolkitplus-2.3.1-1.5.5-android-arm.jar;C:\Users\woelflenico\.m2\repository\org\bytedeco\artoolkitplus\2.3.1-1.5.5\artoolkitplus-2.3.1-1.5.5-android-arm64.jar;C:\Users\woelflenico\.m2\repository\org\bytedeco\artoolkitplus\2.3.1-1.5.5\artoolkitplus-2.3.1-1.5.5-android-x86.jar;C:\Users\woelflenico\.m2\repository\org\bytedeco\artoolkitplus\2.3.1-1.5.5\artoolkitplus-2.3.1-1.5.5-android-x86_64.jar;C:\Users\woelflenico\.m2\repository\org\bytedeco\artoolkitplus\2.3.1-1.5.5\artoolkitplus-2.3.1-1.5.5-linux-x86.jar;C:\Users\woelflenico\.m2\repository\org\bytedeco\artoolkitplus\2.3.1-1.5.5\artoolkitplus-2.3.1-1.5.5-linux-x86_64.jar;C:\Users\woelflenico\.m2\repository\org\bytedeco\artoolkitplus\2.3.1-1.5.5\artoolkitplus-2.3.1-1.5.5-linux-armhf.jar;C:\Users\woelflenico\.m2\repository\org\bytedeco\artoolkitplus\2.3.1-1.5.5\artoolkitplus-2.3.1-1.5.5-linux-arm64.jar;C:\Users\woelflenico\.m2\repository\org\bytedeco\artoolkitplus\2.3.1-1.5.5\artoolkitplus-2.3.1-1.5.5-linux-ppc64le.jar;C:\Users\woelflenico\.m2\repository\org\bytedeco\artoolkitplus\2.3.1-1.5.5\artoolkitplus-2.3.1-1.5.5-macosx-x86_64.jar;C:\Users\woelflenico\.m2\repository\org\bytedeco\artoolkitplus\2.3.1-1.5.5\artoolkitplus-2.3.1-1.5.5-windows-x86.jar;C:\Users\woelflenico\.m2\repository\org\bytedeco\artoolkitplus\2.3.1-1.5.5\artoolkitplus-2.3.1-1.5.5-windows-x86_64.jar;C:\Users\woelflenico\.m2\repository\org\bytedeco\flandmark-platform\1.07-1.5.5\flandmark-platform-1.07-1.5.5.jar;C:\Users\woelflenico\.m2\repository\org\bytedeco\flandmark\1.07-1.5.5\flandmark-1.07-1.5.5-android-arm.jar;C:\Users\woelflenico\.m2\repository\org\bytedeco\flandmark\1.07-1.5.5\flandmark-1.07-1.5.5-android-arm64.jar;C:\Users\woelflenico\.m2\repository\org\bytedeco\flandmark\1.07-1.5.5\flandmark-1.07-1.5.5-android-x86.jar;C:\Users\woelflenico\.m2\repository\org\bytedeco\flandmark\1.07-1.5.5\flandmark-1.07-1.5.5-android-x86_64.jar;C:\Users\woelflenico\.m2\repository\org\bytedeco\flandmark\1.07-1.5.5\flandmark-1.07-1.5.5-linux-x86.jar;C:\Users\woelflenico\.m2\repository\org\bytedeco\flandmark\1.07-1.5.5\flandmark-1.07-1.5.5-linux-x86_64.jar;C:\Users\woelflenico\.m2\repository\org\bytedeco\flandmark\1.07-1.5.5\flandmark-1.07-1.5.5-linux-armhf.jar;C:\Users\woelflenico\.m2\repository\org\bytedeco\flandmark\1.07-1.5.5\flandmark-1.07-1.5.5-linux-arm64.jar;C:\Users\woelflenico\.m2\repository\org\bytedeco\flandmark\1.07-1.5.5\flandmark-1.07-1.5.5-linux-ppc64le.jar;C:\Users\woelflenico\.m2\repository\org\bytedeco\flandmark\1.07-1.5.5\flandmark-1.07-1.5.5-macosx-x86_64.jar;C:\Users\woelflenico\.m2\repository\org\bytedeco\flandmark\1.07-1.5.5\flandmark-1.07-1.5.5-windows-x86.jar;C:\Users\woelflenico\.m2\repository\org\bytedeco\flandmark\1.07-1.5.5\flandmark-1.07-1.5.5-windows-x86_64.jar;C:\Users\woelflenico\.m2\repository\org\bytedeco\leptonica-platform\1.80.0-1.5.5\leptonica-platform-1.80.0-1.5.5.jar;C:\Users\woelflenico\.m2\repository\org\bytedeco\leptonica\1.80.0-1.5.5\leptonica-1.80.0-1.5.5-android-arm.jar;C:\Users\woelflenico\.m2\repository\org\bytedeco\leptonica\1.80.0-1.5.5\leptonica-1.80.0-1.5.5-android-arm64.jar;C:\Users\woelflenico\.m2\repository\org\bytedeco\leptonica\1.80.0-1.5.5\leptonica-1.80.0-1.5.5-android-x86.jar;C:\Users\woelflenico\.m2\repository\org\bytedeco\leptonica\1.80.0-1.5.5\leptonica-1.80.0-1.5.5-android-x86_64.jar;C:\Users\woelflenico\.m2\repository\org\bytedeco\leptonica\1.80.0-1.5.5\leptonica-1.80.0-1.5.5-linux-x86.jar;C:\Users\woelflenico\.m2\repository\org\bytedeco\leptonica\1.80.0-1.5.5\leptonica-1.80.0-1.5.5-linux-x86_64.jar;C:\Users\woelflenico\.m2\repository\org\bytedeco\leptonica\1.80.0-1.5.5\leptonica-1.80.0-1.5.5-linux-armhf.jar;C:\Users\woelflenico\.m2\repository\org\bytedeco\leptonica\1.80.0-1.5.5\leptonica-1.80.0-1.5.5-linux-arm64.jar;C:\Users\woelflenico\.m2\repository\org\bytedeco\leptonica\1.80.0-1.5.5\leptonica-1.80.0-1.5.5-linux-ppc64le.jar;C:\Users\woelflenico\.m2\repository\org\bytedeco\leptonica\1.80.0-1.5.5\leptonica-1.80.0-1.5.5-macosx-x86_64.jar;C:\Users\woelflenico\.m2\repository\org\bytedeco\leptonica\1.80.0-1.5.5\leptonica-1.80.0-1.5.5-windows-x86.jar;C:\Users\woelflenico\.m2\repository\org\bytedeco\leptonica\1.80.0-1.5.5\leptonica-1.80.0-1.5.5-windows-x86_64.jar;C:\Users\woelflenico\.m2\repository\org\bytedeco\tesseract-platform\4.1.1-1.5.5\tesseract-platform-4.1.1-1.5.5.jar;C:\Users\woelflenico\.m2\repository\org\bytedeco\tesseract\4.1.1-1.5.5\tesseract-4.1.1-1.5.5-android-arm.jar;C:\Users\woelflenico\.m2\repository\org\bytedeco\tesseract\4.1.1-1.5.5\tesseract-4.1.1-1.5.5-android-arm64.jar;C:\Users\woelflenico\.m2\repository\org\bytedeco\tesseract\4.1.1-1.5.5\tesseract-4.1.1-1.5.5-android-x86.jar;C:\Users\woelflenico\.m2\repository\org\bytedeco\tesseract\4.1.1-1.5.5\tesseract-4.1.1-1.5.5-android-x86_64.jar;C:\Users\woelflenico\.m2\repository\org\bytedeco\tesseract\4.1.1-1.5.5\tesseract-4.1.1-1.5.5-linux-x86.jar;C:\Users\woelflenico\.m2\repository\org\bytedeco\tesseract\4.1.1-1.5.5\tesseract-4.1.1-1.5.5-linux-x86_64.jar;C:\Users\woelflenico\.m2\repository\org\bytedeco\tesseract\4.1.1-1.5.5\tesseract-4.1.1-1.5.5-linux-armhf.jar;C:\Users\woelflenico\.m2\repository\org\bytedeco\tesseract\4.1.1-1.5.5\tesseract-4.1.1-1.5.5-linux-arm64.jar;C:\Users\woelflenico\.m2\repository\org\bytedeco\tesseract\4.1.1-1.5.5\tesseract-4.1.1-1.5.5-linux-ppc64le.jar;C:\Users\woelflenico\.m2\repository\org\bytedeco\tesseract\4.1.1-1.5.5\tesseract-4.1.1-1.5.5-macosx-x86_64.jar;C:\Users\woelflenico\.m2\repository\org\bytedeco\tesseract\4.1.1-1.5.5\tesseract-4.1.1-1.5.5-windows-x86.jar;C:\Users\woelflenico\.m2\repository\org\bytedeco\tesseract\4.1.1-1.5.5\tesseract-4.1.1-1.5.5-windows-x86_64.jar;C:\Users\woelflenico\.m2\repository\dev\onvoid\webrtc\webrtc-java\0.8.0\webrtc-java-0.8.0.jar;C:\Users\woelflenico\.m2\repository\dev\onvoid\webrtc\webrtc-java\0.8.0\webrtc-java-0.8.0-windows-x86_64.jar;C:\Users\woelflenico\.m2\repository\io\github\givimad\whisper-jni\1.5.4-0\whisper-jni-1.5.4-0.jar;C:\Users\woelflenico\.m2\repository\com\github\sarxos\webcam-capture\0.3.12\webcam-capture-0.3.12.jar;C:\Users\woelflenico\.m2\repository\com\nativelibs4java\bridj\0.7.0\bridj-0.7.0.jar;C:\Users\woelflenico\.m2\repository\org\json\json\20240303\json-20240303.jar;C:\Users\woelflenico\.m2\repository\org\java-websocket\Java-WebSocket\1.5.6\Java-WebSocket-1.5.6.jar;C:\Users\woelflenico\.m2\repository\com\google\code\gson\gson\2.10.1\gson-2.10.1.jar;C:\Users\woelflenico\.m2\repository\com\fasterxml\jackson\core\jackson-databind\2.13.3\jackson-databind-2.13.3.jar;C:\Users\woelflenico\.m2\repository\com\fasterxml\jackson\core\jackson-annotations\2.13.3\jackson-annotations-2.13.3.jar;C:\Users\woelflenico\.m2\repository\com\fasterxml\jackson\core\jackson-core\2.13.3\jackson-core-2.13.3.jar;C:\Users\woelflenico\.m2\repository\org\slf4j\slf4j-api\2.0.13\slf4j-api-2.0.13.jar
Launcher Type: SUN_STANDARD

[Global flags]
     intx CICompilerCount                          = 3                                         {product} {ergonomic}
     uint ConcGCThreads                            = 2                                         {product} {ergonomic}
     uint G1ConcRefinementThreads                  = 6                                         {product} {ergonomic}
   size_t G1HeapRegionSize                         = 2097152                                   {product} {ergonomic}
   size_t InitialHeapSize                          = 266338304                                 {product} {ergonomic}
   size_t MarkStackSize                            = 4194304                                   {product} {ergonomic}
   size_t MaxHeapSize                              = 4229955584                                {product} {ergonomic}
   size_t MaxNewSize                               = 2537553920                                {product} {ergonomic}
   size_t MinHeapDeltaBytes                        = 2097152                                   {product} {ergonomic}
   size_t MinHeapSize                              = 8388608                                   {product} {ergonomic}
    uintx NonNMethodCodeHeapSize                   = 5832780                                {pd product} {ergonomic}
    uintx NonProfiledCodeHeapSize                  = 122912730                              {pd product} {ergonomic}
    uintx ProfiledCodeHeapSize                     = 122912730                              {pd product} {ergonomic}
    uintx ReservedCodeCacheSize                    = 251658240                              {pd product} {ergonomic}
     bool SegmentedCodeCache                       = true                                      {product} {ergonomic}
   size_t SoftMaxHeapSize                          = 4229955584                             {manageable} {ergonomic}
     bool UseCompressedOops                        = true                           {product lp64_product} {ergonomic}
     bool UseG1GC                                  = true                                      {product} {ergonomic}
     bool UseLargePagesIndividualAllocation        = false                                  {pd product} {ergonomic}

Logging:
Log output configuration:
 #0: stdout all=warning uptime,level,tags foldmultilines=false
 #1: stderr all=off uptime,level,tags foldmultilines=false

Environment Variables:
JAVA_HOME=C:\Program Files\Java\jdk-17.0.2
PATH=C:\Program Files\Common Files\Oracle\Java\javapath;C:\Program Files (x86)\Common Files\Oracle\Java\javapath;C:\Windows\system32;C:\Windows;C:\Windows\System32\Wbem;C:\Windows\System32\WindowsPowerShell\v1.0\;C:\Windows\System32\OpenSSH\;C:\Program Files\PuTTY\;C:\Program Files\Microsoft VS Code\bin;C:\Program Files\dotnet\;C:\Program Files\Microsoft SQL Server\Client SDK\ODBC\170\Tools\Binn\;C:\Program Files\Microsoft SQL Server\150\Tools\Binn\;C:\Program Files\Java\jdk-17.0.2\bin;C:\Program Files\Git\cmd;C:\Users\woelflenico\AppData\Local\Microsoft\WindowsApps
USERNAME=WoelfleNico
OS=Windows_NT
PROCESSOR_IDENTIFIER=Intel64 Family 6 Model 158 Stepping 10, GenuineIntel
TMP=C:\Users\WOELFL~1\AppData\Local\Temp
TEMP=C:\Users\WOELFL~1\AppData\Local\Temp




Periodic native trim disabled

---------------  S Y S T E M  ---------------

OS:
 Windows 10 , 64 bit Build 19041 (10.0.19041.3636)
OS uptime: 0 days 0:05 hours
Hyper-V role detected

CPU: total 6 (initial active 6) (6 cores per cpu, 1 threads per core) family 6 model 158 stepping 10 microcode 0xb4, cx8, cmov, fxsr, mmx, 3dnowpref, sse, sse2, sse3, ssse3, sse4.1, sse4.2, popcnt, lzcnt, tsc, tscinvbit, avx, avx2, aes, erms, clmul, bmi1, bmi2, rtm, adx, fma, vzeroupper, clflush, clflushopt, hv, rdtscp, f16c
Processor Information for all 6 processors :
  Max Mhz: 3000, Current Mhz: 3000, Mhz Limit: 3000

Memory: 4k page, system-wide physical 16129M (7830M free)
TotalPageFile size 18561M (AvailPageFile size 9138M)
current process WorkingSet (physical memory assigned to process): 136M, peak: 136M
current process commit charge ("private bytes"): 379M, peak: 389M

vm_info: OpenJDK 64-Bit Server VM (22.0.1+8-16) for windows-amd64 JRE (22.0.1+8-16), built on 2024-03-12T10:33:16Z by "mach5one" with MS VC++ 17.6 (VS2022)

END.
