#
# A fatal error has been detected by the Java Runtime Environment:
#
#  EXCEPTION_ACCESS_VIOLATION (0xc0000005) at pc=0x00007ffcf9ef6374, pid=15872, tid=22384
#
# JRE version: Java(TM) SE Runtime Environment (21.0.1+12) (build 21.0.1+12-LTS-29)
# Java VM: Java HotSpot(TM) 64-Bit Server VM (21.0.1+12-LTS-29, mixed mode, sharing, tiered, compressed oops, compressed class ptrs, g1 gc, windows-amd64)
# Problematic frame:
# V  [jvm.dll+0x366374]
#
# No core dump will be written. Minidumps are not enabled by default on client versions of Windows
#
# If you would like to submit a bug report, please visit:
#   https://bugreport.java.com/bugreport/crash.jsp
#

---------------  S U M M A R Y ------------

Command Line: -javaagent:C:\Users\Nico\AppData\Local\Programs\IntelliJ IDEA Community Edition\lib\idea_rt.jar=51165:C:\Users\Nico\AppData\Local\Programs\IntelliJ IDEA Community Edition\bin -Dfile.encoding=UTF-8 -Dsun.stdout.encoding=UTF-8 -Dsun.stderr.encoding=UTF-8 org.example.App 3

Host: AMD Ryzen 5 1600X Six-Core Processor           , 12 cores, 31G,  Windows 10 , 64 bit Build 19041 (10.0.19041.3636)
Time: Thu May  9 21:02:23 2024 Mitteleuropäische Sommerzeit elapsed time: 33.612148 seconds (0d 0h 0m 33s)

---------------  T H R E A D  ---------------

Current thread (0x00000188006dfba0):  WorkerThread "GC Thread#1"    [id=22384, stack(0x0000001913600000,0x0000001913700000) (1024K)]

Stack: [0x0000001913600000,0x0000001913700000],  sp=0x00000019136ff6a0,  free space=1021k
Native frames: (J=compiled Java code, j=interpreted, Vv=VM code, C=native code)
V  [jvm.dll+0x366374]
V  [jvm.dll+0x366b55]
V  [jvm.dll+0x366835]
V  [jvm.dll+0x36dff4]
V  [jvm.dll+0x36e16b]
V  [jvm.dll+0x881f77]
V  [jvm.dll+0x7fd728]
V  [jvm.dll+0x6c777d]
C  [ucrtbase.dll+0x21bb2]
C  [KERNEL32.DLL+0x17344]
C  [ntdll.dll+0x526b1]


siginfo: EXCEPTION_ACCESS_VIOLATION (0xc0000005), reading address 0x0000000000008fe8


Registers:
RAX=0x0000000000000000, RBX=0x0000018846173240, RCX=0x0000000000000016, RDX=0x0000000000000000
RSP=0x00000019136ff6a0, RBP=0x0000000000000001, RSI=0xfffe000000000000, RDI=0x0000018846cb0188
R8 =0x0000000000000000, R9 =0x000001885be4e240, R10=0x0000000000008fe8, R11=0x00007ffd68f415b5
R12=0x0000018846cb0180, R13=0x000000190fffede8, R14=0x00000188461730c0, R15=0x0000000000000020
RIP=0x00007ffcf9ef6374, EFLAGS=0x0000000000010246


Register to memory mapping:

RAX=0x0 is null
RBX=0x0000018846173240 points into unknown readable memory: 0x0000000000008fe8 | e8 8f 00 00 00 00 00 00
RCX=0x0000000000000016 is an unknown value
RDX=0x0 is null
RSP=0x00000019136ff6a0 points into unknown readable memory: 0x0000000014070000 | 00 00 07 14 00 00 00 00
RBP=0x0000000000000001 is an unknown value
RSI=0xfffe000000000000 is an unknown value
RDI=0x0000018846cb0188 points into unknown readable memory: 0x00007ffcfa5680e0 | e0 80 56 fa fc 7f 00 00
R8 =0x0 is null
R9 =0x000001885be4e240 points into unknown readable memory: 0x00007ffcfa55f0b0 | b0 f0 55 fa fc 7f 00 00
R10=0x0000000000008fe8 is an unknown value
R11=0x00007ffd68f415b5 VCRUNTIME140.dll
R12=0x0000018846cb0180 points into unknown readable memory: 0x00007ffcfa568128 | 28 81 56 fa fc 7f 00 00
R13=0x000000190fffede8 points into unknown readable memory: 0x000001885be42ae0 | e0 2a e4 5b 88 01 00 00
R14=0x00000188461730c0 points into unknown readable memory: 0x000000061f00c198 | 98 c1 00 1f 06 00 00 00
R15=0x0000000000000020 is an unknown value

Top of Stack: (sp=0x00000019136ff6a0)
0x00000019136ff6a0:   0000000014070000 0000000000000001
0x00000019136ff6b0:   0000000000000000 0000000000000070
0x00000019136ff6c0:   0000000000000004 00007ffcf9ef6b55
0x00000019136ff6d0:   0000018846cb0188 0000000000000000
0x00000019136ff6e0:   000001884673a020 00007ffcfa5637d0
0x00000019136ff6f0:   0000000000000000 00000019136ff770
0x00000019136ff700:   0000000000000000 0000018846d41c20
0x00000019136ff710:   000000190fffece0 0000000000000000
0x00000019136ff720:   00007ffcfa5636e0 00000000140768d7
0x00000019136ff730:   0000000000000000 00007ffc0000000b
0x00000019136ff740:   0000018846d41c20 0000000000000000
0x00000019136ff750:   0000000000000000 0000000000000000
0x00000019136ff760:   0000018859000000 0000000000000000
0x00000019136ff770:   00007ffcfa5636e0 0000000014075700
0x00000019136ff780:   0000000000000001 0000000000000002
0x00000019136ff790:   0000000000000001 00006e19f7f1e95b
0x00000019136ff7a0:   0000000000000000 00000188006b5d00
0x00000019136ff7b0:   00000188006b5d10 00000000000003d8
0x00000019136ff7c0:   00000188006b60e8 000000190fffece0
0x00000019136ff7d0:   0000000000000000 0000018846d41c20
0x00000019136ff7e0:   0000018846cb0180 00007ffcf9ef6835
0x00000019136ff7f0:   0000018846cb0180 0000018846d41c20
0x00000019136ff800:   0000000000000000 000000190fffece0
0x00000019136ff810:   0000000000000000 0000000000000008
0x00000019136ff820:   0000000000000005 00007ffcf9c40000
0x00000019136ff830:   0000000000000000 00007ffcfa24b0c1
0x00000019136ff840:   0000000000000008 00000000000000f8
0x00000019136ff850:   0000000000000001 00007ffcf9c4c07e
0x00000019136ff860:   0000000000000005 00007ffcf9c4ea46
0x00000019136ff870:   0000000000000000 0000000000000008
0x00000019136ff880:   00007ffcfa5636f0 00000000140757e5
0x00000019136ff890:   0000000000000000 0000000000000003 

Instructions: (pc=0x00007ffcf9ef6374)
0x00007ffcf9ef6274:   84 c0 78 3a 4c 8b 07 41 0f b6 c0 24 03 3c 03 75
0x00007ffcf9ef6284:   06 49 83 e0 fc eb 12 48 8b 4b 10 4d 8b c8 4c 8b
0x00007ffcf9ef6294:   c7 e8 96 15 ff ff 4c 8b c0 4c 2b 05 bc 3c 85 00
0x00007ffcf9ef62a4:   8b 0d be 3c 85 00 49 d3 e8 44 89 06 eb 5a 3c fd
0x00007ffcf9ef62b4:   75 37 41 8b 88 18 02 00 00 48 8b d7 49 8b 80 10
0x00007ffcf9ef62c4:   02 00 00 48 d3 e0 8b 0d 10 cb 8b 00 48 2b d0 49
0x00007ffcf9ef62d4:   8b 80 90 05 00 00 48 d3 ea 8b ca 80 7c 48 01 fd
0x00007ffcf9ef62e4:   75 17 c6 44 48 01 ff eb 10 3c fc 75 0c 48 8b 4b
0x00007ffcf9ef62f4:   10 48 8b d6 e8 e3 f2 ff ff 8b 53 18 4c 8b c7 48
0x00007ffcf9ef6304:   8b 4b 28 e8 d4 4b fb ff 48 8b 4b 10 e8 8b ee fe
0x00007ffcf9ef6314:   ff 48 8b 7c 24 30 48 8b 5c 24 38 48 83 c4 20 5e
0x00007ffcf9ef6324:   c3 cc cc cc cc cc cc cc cc cc cc cc 48 89 5c 24
0x00007ffcf9ef6334:   08 57 48 83 ec 20 4c 8b 12 48 8b da 48 8b f9 4d
0x00007ffcf9ef6344:   85 d2 0f 84 a6 00 00 00 4c 8b 49 08 4d 8b c2 49
0x00007ffcf9ef6354:   8b 81 a0 05 00 00 41 8b 89 b0 05 00 00 49 d3 e8
0x00007ffcf9ef6364:   42 0f b7 14 40 0f b7 c2 66 c1 e8 08 84 c0 78 2c
0x00007ffcf9ef6374:   49 8b 0a 0f b6 c1 24 03 3c 03 75 09 48 83 e1 fc
0x00007ffcf9ef6384:   48 89 0b eb 60 4c 8b c9 4d 8b c2 48 8b 4f 10 e8
0x00007ffcf9ef6394:   98 14 ff ff 48 8b c8 48 89 03 eb 49 3c fd 75 35
0x00007ffcf9ef63a4:   41 8b 89 18 02 00 00 49 8b 81 10 02 00 00 48 d3
0x00007ffcf9ef63b4:   e0 8b 0d 25 ca 8b 00 4c 2b d0 49 8b 81 90 05 00
0x00007ffcf9ef63c4:   00 49 d3 ea 41 8b ca 80 7c 48 01 fd 75 17 c6 44
0x00007ffcf9ef63d4:   48 01 ff eb 10 3c fc 75 0c 48 8b 4f 10 48 8b d3
0x00007ffcf9ef63e4:   e8 97 f1 ff ff 48 8b 4f 10 e8 ae ed fe ff 48 8b
0x00007ffcf9ef63f4:   5c 24 30 48 83 c4 20 5f c3 cc cc cc 48 89 5c 24
0x00007ffcf9ef6404:   08 57 48 83 ec 20 8b 02 48 8b fa 48 8b d9 85 c0
0x00007ffcf9ef6414:   0f 84 c7 00 00 00 8b 0d 48 3b 85 00 44 8b d0 4c
0x00007ffcf9ef6424:   8b 4b 08 49 d3 e2 4c 03 15 2f 3b 85 00 4d 8b c2
0x00007ffcf9ef6434:   49 8b 81 a0 05 00 00 41 8b 89 b0 05 00 00 49 d3
0x00007ffcf9ef6444:   e8 42 0f b7 14 40 0f b7 c2 66 c1 e8 08 84 c0 78
0x00007ffcf9ef6454:   3a 4d 8b 02 41 0f b6 c0 24 03 3c 03 75 06 49 83
0x00007ffcf9ef6464:   e0 fc eb 12 48 8b 4b 10 4d 8b c8 4d 8b c2 e8 b9 


Stack slot to memory mapping:

stack at sp + 0 slots: 0x0000000014070000 is an unknown value
stack at sp + 1 slots: 0x0000000000000001 is an unknown value
stack at sp + 2 slots: 0x0 is null
stack at sp + 3 slots: 0x0000000000000070 is an unknown value
stack at sp + 4 slots: 0x0000000000000004 is an unknown value
stack at sp + 5 slots: 0x00007ffcf9ef6b55 jvm.dll
stack at sp + 6 slots: 0x0000018846cb0188 points into unknown readable memory: 0x00007ffcfa5680e0 | e0 80 56 fa fc 7f 00 00
stack at sp + 7 slots: 0x0 is null


---------------  P R O C E S S  ---------------

Threads class SMR info:
_java_thread_list=0x0000018846147590, length=25, elements={
0x000001885be3c230, 0x000001887ff0ab60, 0x000001887ff0ba80, 0x000001887ff0d850,
0x000001887ff0e530, 0x00000188006aa6b0, 0x00000188006ab110, 0x00000188006af3a0,
0x00000188006b1e50, 0x00000188007bd190, 0x0000018800982460, 0x0000018800987e10,
0x00000188009939f0, 0x00000188460c17a0, 0x00000188460d34e0, 0x0000018846122c10,
0x000001884623f330, 0x000001884628a8a0, 0x00000188464587d0, 0x00000188462a9dd0,
0x00000188462a7670, 0x00000188462a8390, 0x00000188462a8a20, 0x00000188462aa460,
0x00000188462a7d00
}

Java Threads: ( => current thread )
  0x000001885be3c230 JavaThread "main"                              [_thread_in_native, id=9544, stack(0x000000190f800000,0x000000190f900000) (1024K)]
  0x000001887ff0ab60 JavaThread "Reference Handler"          daemon [_thread_blocked, id=20560, stack(0x0000001910000000,0x0000001910100000) (1024K)]
  0x000001887ff0ba80 JavaThread "Finalizer"                  daemon [_thread_blocked, id=15756, stack(0x0000001910100000,0x0000001910200000) (1024K)]
  0x000001887ff0d850 JavaThread "Signal Dispatcher"          daemon [_thread_blocked, id=9132, stack(0x0000001910200000,0x0000001910300000) (1024K)]
  0x000001887ff0e530 JavaThread "Attach Listener"            daemon [_thread_blocked, id=21648, stack(0x0000001910300000,0x0000001910400000) (1024K)]
  0x00000188006aa6b0 JavaThread "Service Thread"             daemon [_thread_blocked, id=4328, stack(0x0000001910400000,0x0000001910500000) (1024K)]
  0x00000188006ab110 JavaThread "Monitor Deflation Thread"   daemon [_thread_blocked, id=19688, stack(0x0000001910500000,0x0000001910600000) (1024K)]
  0x00000188006af3a0 JavaThread "C2 CompilerThread0"         daemon [_thread_blocked, id=16820, stack(0x0000001910600000,0x0000001910700000) (1024K)]
  0x00000188006b1e50 JavaThread "C1 CompilerThread0"         daemon [_thread_blocked, id=20984, stack(0x0000001910700000,0x0000001910800000) (1024K)]
  0x00000188007bd190 JavaThread "Common-Cleaner"             daemon [_thread_blocked, id=19696, stack(0x0000001910800000,0x0000001910900000) (1024K)]
  0x0000018800982460 JavaThread "Monitor Ctrl-Break"         daemon [_thread_in_native, id=15152, stack(0x0000001910900000,0x0000001910a00000) (1024K)]
  0x0000018800987e10 JavaThread "Notification Thread"        daemon [_thread_blocked, id=20240, stack(0x0000001910a00000,0x0000001910b00000) (1024K)]
  0x00000188009939f0 JavaThread "WebSocketConnectReadThread-22"        [_thread_in_native, id=8288, stack(0x0000001910b00000,0x0000001910c00000) (1024K)]
  0x00000188460c17a0 JavaThread "WebSocketWriteThread-23"           [_thread_blocked, id=13860, stack(0x0000001910e00000,0x0000001910f00000) (1024K)]
  0x00000188460d34e0 JavaThread "connectionLostChecker-1"           [_thread_blocked, id=664, stack(0x0000001910f00000,0x0000001911000000) (1024K)]
  0x0000018846122c10 JavaThread "Java Sound Event Dispatcher" daemon [_thread_blocked, id=12304, stack(0x0000001911000000,0x0000001911100000) (1024K)]
  0x000001884623f330 JavaThread "Thread-2"                          [_thread_in_native, id=6248, stack(0x0000001911500000,0x0000001911600000) (1024K)]
  0x000001884628a8a0 JavaThread "Thread-3"                          [_thread_blocked, id=19352, stack(0x0000001912000000,0x0000001912100000) (1024K)]
  0x00000188464587d0 JavaThread "Thread-4"                          [_thread_blocked, id=9300, stack(0x0000001912500000,0x0000001912600000) (1024K)]
  0x00000188462a9dd0 JavaThread "Thread-5"                          [_thread_in_native, id=21832, stack(0x0000001912600000,0x0000001912700000) (1024K)]
  0x00000188462a7670 JavaThread "Thread-6"                          [_thread_blocked, id=17644, stack(0x0000001913000000,0x0000001913100000) (1024K)]
  0x00000188462a8390 JavaThread "Thread-7"                          [_thread_blocked, id=11780, stack(0x0000001913300000,0x0000001913400000) (1024K)]
  0x00000188462a8a20 JavaThread "Thread-8"                          [_thread_blocked, id=15004, stack(0x0000001913100000,0x0000001913200000) (1024K)]
  0x00000188462aa460 JavaThread "Thread-9"                          [_thread_blocked, id=22100, stack(0x0000001913400000,0x0000001913500000) (1024K)]
  0x00000188462a7d00 JavaThread "Thread-10"                         [_thread_blocked, id=3604, stack(0x0000001913500000,0x0000001913600000) (1024K)]
Total: 25

Other Threads:
  0x000001887feeb0a0 VMThread "VM Thread"                           [id=18416, stack(0x000000190ff00000,0x0000001910000000) (1024K)]
  0x000001887fed19d0 WatcherThread "VM Periodic Task Thread"        [id=18244, stack(0x000000190fe00000,0x000000190ff00000) (1024K)]
  0x000001885bee5760 WorkerThread "GC Thread#0"                     [id=17876, stack(0x000000190f900000,0x000000190fa00000) (1024K)]
=>0x00000188006dfba0 WorkerThread "GC Thread#1"                     [id=22384, stack(0x0000001913600000,0x0000001913700000) (1024K)]
  0x00000188007640b0 WorkerThread "GC Thread#2"                     [id=14892, stack(0x0000001913700000,0x0000001913800000) (1024K)]
  0x0000018846148980 WorkerThread "GC Thread#3"                     [id=15996, stack(0x0000001913800000,0x0000001913900000) (1024K)]
  0x0000018846717060 WorkerThread "GC Thread#4"                     [id=13268, stack(0x0000001913900000,0x0000001913a00000) (1024K)]
  0x0000018846482730 WorkerThread "GC Thread#5"                     [id=10160, stack(0x0000001913a00000,0x0000001913b00000) (1024K)]
  0x00000188462ec050 WorkerThread "GC Thread#6"                     [id=10824, stack(0x0000001913b00000,0x0000001913c00000) (1024K)]
  0x0000018846fbd890 WorkerThread "GC Thread#7"                     [id=8084, stack(0x0000001913c00000,0x0000001913d00000) (1024K)]
  0x0000018846fbd150 WorkerThread "GC Thread#8"                     [id=16072, stack(0x0000001913d00000,0x0000001913e00000) (1024K)]
  0x0000018846fbd4f0 WorkerThread "GC Thread#9"                     [id=14688, stack(0x0000001913e00000,0x0000001913f00000) (1024K)]
  0x000001885bef6790 ConcurrentGCThread "G1 Main Marker"            [id=1888, stack(0x000000190fa00000,0x000000190fb00000) (1024K)]
  0x000001885bef71a0 WorkerThread "G1 Conc#0"                       [id=3584, stack(0x000000190fb00000,0x000000190fc00000) (1024K)]
  0x000001887fd95bf0 ConcurrentGCThread "G1 Refine#0"               [id=1472, stack(0x000000190fc00000,0x000000190fd00000) (1024K)]
  0x000001887fd96670 ConcurrentGCThread "G1 Service"                [id=3468, stack(0x000000190fd00000,0x000000190fe00000) (1024K)]
Total: 16

Threads with active compile tasks:
Total: 0

VM state: at safepoint (normal execution)

VM Mutex/Monitor currently owned by a thread:  ([mutex/lock_event])
[0x00007ffcfa7ca5f8] Threads_lock - owner thread: 0x000001887feeb0a0
[0x00007ffcfa7ca6f8] Heap_lock - owner thread: 0x00000188462a8a20

Heap address: 0x0000000600c00000, size: 8180 MB, Compressed Oops mode: Zero based, Oop shift amount: 3

CDS archive(s) mapped at: [0x0000018801000000-0x0000018801c90000-0x0000018801c90000), size 13172736, SharedBaseAddress: 0x0000018801000000, ArchiveRelocationMode: 1.
Compressed class space mapped at: 0x0000018802000000-0x0000018842000000, reserved size: 1073741824
Narrow klass base: 0x0000018801000000, Narrow klass shift: 0, Narrow klass range: 0x100000000

GC Precious Log:
 CardTable entry size: 512
 Card Set container configuration: InlinePtr #cards 4 size 8 Array Of Cards #cards 32 size 80 Howl #buckets 8 coarsen threshold 7372 Howl Bitmap #cards 1024 size 144 coarsen threshold 921 Card regions per heap region 1 cards per card region 8192
 CPUs: 12 total, 12 available
 Memory: 32704M
 Large Page Support: Disabled
 NUMA Support: Disabled
 Compressed Oops: Enabled (Zero based)
 Heap Region Size: 4M
 Heap Min Capacity: 8M
 Heap Initial Capacity: 512M
 Heap Max Capacity: 8180M
 Pre-touch: Disabled
 Parallel Workers: 10
 Concurrent Workers: 3
 Concurrent Refinement Workers: 10
 Periodic GC: Disabled

Heap:
 garbage-first heap   total 524288K, used 24576K [0x0000000600c00000, 0x0000000800000000)
  region size 4096K, 7 young (28672K), 1 survivors (4096K)
 Metaspace       used 4750K, committed 4864K, reserved 1114112K
  class space    used 514K, committed 576K, reserved 1048576K

Heap Regions: E=young(eden), S=young(survivor), O=old, HS=humongous(starts), HC=humongous(continues), CS=collection set, F=free, TAMS=top-at-mark-start, PB=parsable bottom
|   0|0x0000000600c00000, 0x0000000600c00000, 0x0000000601000000|  0%| F|  |TAMS 0x0000000600c00000| PB 0x0000000600c00000| Untracked 
|   1|0x0000000601000000, 0x0000000601000000, 0x0000000601400000|  0%| F|  |TAMS 0x0000000601000000| PB 0x0000000601000000| Untracked 
|   2|0x0000000601400000, 0x0000000601400000, 0x0000000601800000|  0%| F|  |TAMS 0x0000000601400000| PB 0x0000000601400000| Untracked 
|   3|0x0000000601800000, 0x0000000601800000, 0x0000000601c00000|  0%| F|  |TAMS 0x0000000601800000| PB 0x0000000601800000| Untracked 
|   4|0x0000000601c00000, 0x0000000601c00000, 0x0000000602000000|  0%| F|  |TAMS 0x0000000601c00000| PB 0x0000000601c00000| Untracked 
|   5|0x0000000602000000, 0x0000000602000000, 0x0000000602400000|  0%| F|  |TAMS 0x0000000602000000| PB 0x0000000602000000| Untracked 
|   6|0x0000000602400000, 0x0000000602400000, 0x0000000602800000|  0%| F|  |TAMS 0x0000000602400000| PB 0x0000000602400000| Untracked 
|   7|0x0000000602800000, 0x0000000602800000, 0x0000000602c00000|  0%| F|  |TAMS 0x0000000602800000| PB 0x0000000602800000| Untracked 
|   8|0x0000000602c00000, 0x0000000602c00000, 0x0000000603000000|  0%| F|  |TAMS 0x0000000602c00000| PB 0x0000000602c00000| Untracked 
|   9|0x0000000603000000, 0x0000000603000000, 0x0000000603400000|  0%| F|  |TAMS 0x0000000603000000| PB 0x0000000603000000| Untracked 
|  10|0x0000000603400000, 0x0000000603400000, 0x0000000603800000|  0%| F|  |TAMS 0x0000000603400000| PB 0x0000000603400000| Untracked 
|  11|0x0000000603800000, 0x0000000603800000, 0x0000000603c00000|  0%| F|  |TAMS 0x0000000603800000| PB 0x0000000603800000| Untracked 
|  12|0x0000000603c00000, 0x0000000603c00000, 0x0000000604000000|  0%| F|  |TAMS 0x0000000603c00000| PB 0x0000000603c00000| Untracked 
|  13|0x0000000604000000, 0x0000000604000000, 0x0000000604400000|  0%| F|  |TAMS 0x0000000604000000| PB 0x0000000604000000| Untracked 
|  14|0x0000000604400000, 0x0000000604400000, 0x0000000604800000|  0%| F|  |TAMS 0x0000000604400000| PB 0x0000000604400000| Untracked 
|  15|0x0000000604800000, 0x0000000604800000, 0x0000000604c00000|  0%| F|  |TAMS 0x0000000604800000| PB 0x0000000604800000| Untracked 
|  16|0x0000000604c00000, 0x0000000604c00000, 0x0000000605000000|  0%| F|  |TAMS 0x0000000604c00000| PB 0x0000000604c00000| Untracked 
|  17|0x0000000605000000, 0x0000000605000000, 0x0000000605400000|  0%| F|  |TAMS 0x0000000605000000| PB 0x0000000605000000| Untracked 
|  18|0x0000000605400000, 0x0000000605400000, 0x0000000605800000|  0%| F|  |TAMS 0x0000000605400000| PB 0x0000000605400000| Untracked 
|  19|0x0000000605800000, 0x0000000605800000, 0x0000000605c00000|  0%| F|  |TAMS 0x0000000605800000| PB 0x0000000605800000| Untracked 
|  20|0x0000000605c00000, 0x0000000605c00000, 0x0000000606000000|  0%| F|  |TAMS 0x0000000605c00000| PB 0x0000000605c00000| Untracked 
|  21|0x0000000606000000, 0x0000000606000000, 0x0000000606400000|  0%| F|  |TAMS 0x0000000606000000| PB 0x0000000606000000| Untracked 
|  22|0x0000000606400000, 0x0000000606400000, 0x0000000606800000|  0%| F|  |TAMS 0x0000000606400000| PB 0x0000000606400000| Untracked 
|  23|0x0000000606800000, 0x0000000606800000, 0x0000000606c00000|  0%| F|  |TAMS 0x0000000606800000| PB 0x0000000606800000| Untracked 
|  24|0x0000000606c00000, 0x0000000606c00000, 0x0000000607000000|  0%| F|  |TAMS 0x0000000606c00000| PB 0x0000000606c00000| Untracked 
|  25|0x0000000607000000, 0x0000000607000000, 0x0000000607400000|  0%| F|  |TAMS 0x0000000607000000| PB 0x0000000607000000| Untracked 
|  26|0x0000000607400000, 0x0000000607400000, 0x0000000607800000|  0%| F|  |TAMS 0x0000000607400000| PB 0x0000000607400000| Untracked 
|  27|0x0000000607800000, 0x0000000607800000, 0x0000000607c00000|  0%| F|  |TAMS 0x0000000607800000| PB 0x0000000607800000| Untracked 
|  28|0x0000000607c00000, 0x0000000607c00000, 0x0000000608000000|  0%| F|  |TAMS 0x0000000607c00000| PB 0x0000000607c00000| Untracked 
|  29|0x0000000608000000, 0x0000000608000000, 0x0000000608400000|  0%| F|  |TAMS 0x0000000608000000| PB 0x0000000608000000| Untracked 
|  30|0x0000000608400000, 0x0000000608400000, 0x0000000608800000|  0%| F|  |TAMS 0x0000000608400000| PB 0x0000000608400000| Untracked 
|  31|0x0000000608800000, 0x0000000608800000, 0x0000000608c00000|  0%| F|  |TAMS 0x0000000608800000| PB 0x0000000608800000| Untracked 
|  32|0x0000000608c00000, 0x0000000608c00000, 0x0000000609000000|  0%| F|  |TAMS 0x0000000608c00000| PB 0x0000000608c00000| Untracked 
|  33|0x0000000609000000, 0x0000000609000000, 0x0000000609400000|  0%| F|  |TAMS 0x0000000609000000| PB 0x0000000609000000| Untracked 
|  34|0x0000000609400000, 0x0000000609400000, 0x0000000609800000|  0%| F|  |TAMS 0x0000000609400000| PB 0x0000000609400000| Untracked 
|  35|0x0000000609800000, 0x0000000609800000, 0x0000000609c00000|  0%| F|  |TAMS 0x0000000609800000| PB 0x0000000609800000| Untracked 
|  36|0x0000000609c00000, 0x0000000609c00000, 0x000000060a000000|  0%| F|  |TAMS 0x0000000609c00000| PB 0x0000000609c00000| Untracked 
|  37|0x000000060a000000, 0x000000060a000000, 0x000000060a400000|  0%| F|  |TAMS 0x000000060a000000| PB 0x000000060a000000| Untracked 
|  38|0x000000060a400000, 0x000000060a400000, 0x000000060a800000|  0%| F|  |TAMS 0x000000060a400000| PB 0x000000060a400000| Untracked 
|  39|0x000000060a800000, 0x000000060a800000, 0x000000060ac00000|  0%| F|  |TAMS 0x000000060a800000| PB 0x000000060a800000| Untracked 
|  40|0x000000060ac00000, 0x000000060ac00000, 0x000000060b000000|  0%| F|  |TAMS 0x000000060ac00000| PB 0x000000060ac00000| Untracked 
|  41|0x000000060b000000, 0x000000060b000000, 0x000000060b400000|  0%| F|  |TAMS 0x000000060b000000| PB 0x000000060b000000| Untracked 
|  42|0x000000060b400000, 0x000000060b400000, 0x000000060b800000|  0%| F|  |TAMS 0x000000060b400000| PB 0x000000060b400000| Untracked 
|  43|0x000000060b800000, 0x000000060b800000, 0x000000060bc00000|  0%| F|  |TAMS 0x000000060b800000| PB 0x000000060b800000| Untracked 
|  44|0x000000060bc00000, 0x000000060bc00000, 0x000000060c000000|  0%| F|  |TAMS 0x000000060bc00000| PB 0x000000060bc00000| Untracked 
|  45|0x000000060c000000, 0x000000060c000000, 0x000000060c400000|  0%| F|  |TAMS 0x000000060c000000| PB 0x000000060c000000| Untracked 
|  46|0x000000060c400000, 0x000000060c400000, 0x000000060c800000|  0%| F|  |TAMS 0x000000060c400000| PB 0x000000060c400000| Untracked 
|  47|0x000000060c800000, 0x000000060c800000, 0x000000060cc00000|  0%| F|  |TAMS 0x000000060c800000| PB 0x000000060c800000| Untracked 
|  48|0x000000060cc00000, 0x000000060cc00000, 0x000000060d000000|  0%| F|  |TAMS 0x000000060cc00000| PB 0x000000060cc00000| Untracked 
|  49|0x000000060d000000, 0x000000060d000000, 0x000000060d400000|  0%| F|  |TAMS 0x000000060d000000| PB 0x000000060d000000| Untracked 
|  50|0x000000060d400000, 0x000000060d400000, 0x000000060d800000|  0%| F|  |TAMS 0x000000060d400000| PB 0x000000060d400000| Untracked 
|  51|0x000000060d800000, 0x000000060d800000, 0x000000060dc00000|  0%| F|  |TAMS 0x000000060d800000| PB 0x000000060d800000| Untracked 
|  52|0x000000060dc00000, 0x000000060dc00000, 0x000000060e000000|  0%| F|  |TAMS 0x000000060dc00000| PB 0x000000060dc00000| Untracked 
|  53|0x000000060e000000, 0x000000060e000000, 0x000000060e400000|  0%| F|  |TAMS 0x000000060e000000| PB 0x000000060e000000| Untracked 
|  54|0x000000060e400000, 0x000000060e400000, 0x000000060e800000|  0%| F|  |TAMS 0x000000060e400000| PB 0x000000060e400000| Untracked 
|  55|0x000000060e800000, 0x000000060e800000, 0x000000060ec00000|  0%| F|  |TAMS 0x000000060e800000| PB 0x000000060e800000| Untracked 
|  56|0x000000060ec00000, 0x000000060ec00000, 0x000000060f000000|  0%| F|  |TAMS 0x000000060ec00000| PB 0x000000060ec00000| Untracked 
|  57|0x000000060f000000, 0x000000060f000000, 0x000000060f400000|  0%| F|  |TAMS 0x000000060f000000| PB 0x000000060f000000| Untracked 
|  58|0x000000060f400000, 0x000000060f400000, 0x000000060f800000|  0%| F|  |TAMS 0x000000060f400000| PB 0x000000060f400000| Untracked 
|  59|0x000000060f800000, 0x000000060f800000, 0x000000060fc00000|  0%| F|  |TAMS 0x000000060f800000| PB 0x000000060f800000| Untracked 
|  60|0x000000060fc00000, 0x000000060fc00000, 0x0000000610000000|  0%| F|  |TAMS 0x000000060fc00000| PB 0x000000060fc00000| Untracked 
|  61|0x0000000610000000, 0x0000000610000000, 0x0000000610400000|  0%| F|  |TAMS 0x0000000610000000| PB 0x0000000610000000| Untracked 
|  62|0x0000000610400000, 0x0000000610400000, 0x0000000610800000|  0%| F|  |TAMS 0x0000000610400000| PB 0x0000000610400000| Untracked 
|  63|0x0000000610800000, 0x0000000610800000, 0x0000000610c00000|  0%| F|  |TAMS 0x0000000610800000| PB 0x0000000610800000| Untracked 
|  64|0x0000000610c00000, 0x0000000610c00000, 0x0000000611000000|  0%| F|  |TAMS 0x0000000610c00000| PB 0x0000000610c00000| Untracked 
|  65|0x0000000611000000, 0x0000000611000000, 0x0000000611400000|  0%| F|  |TAMS 0x0000000611000000| PB 0x0000000611000000| Untracked 
|  66|0x0000000611400000, 0x0000000611400000, 0x0000000611800000|  0%| F|  |TAMS 0x0000000611400000| PB 0x0000000611400000| Untracked 
|  67|0x0000000611800000, 0x0000000611800000, 0x0000000611c00000|  0%| F|  |TAMS 0x0000000611800000| PB 0x0000000611800000| Untracked 
|  68|0x0000000611c00000, 0x0000000611c00000, 0x0000000612000000|  0%| F|  |TAMS 0x0000000611c00000| PB 0x0000000611c00000| Untracked 
|  69|0x0000000612000000, 0x0000000612000000, 0x0000000612400000|  0%| F|  |TAMS 0x0000000612000000| PB 0x0000000612000000| Untracked 
|  70|0x0000000612400000, 0x0000000612400000, 0x0000000612800000|  0%| F|  |TAMS 0x0000000612400000| PB 0x0000000612400000| Untracked 
|  71|0x0000000612800000, 0x0000000612800000, 0x0000000612c00000|  0%| F|  |TAMS 0x0000000612800000| PB 0x0000000612800000| Untracked 
|  72|0x0000000612c00000, 0x0000000612c00000, 0x0000000613000000|  0%| F|  |TAMS 0x0000000612c00000| PB 0x0000000612c00000| Untracked 
|  73|0x0000000613000000, 0x0000000613000000, 0x0000000613400000|  0%| F|  |TAMS 0x0000000613000000| PB 0x0000000613000000| Untracked 
|  74|0x0000000613400000, 0x0000000613400000, 0x0000000613800000|  0%| F|  |TAMS 0x0000000613400000| PB 0x0000000613400000| Untracked 
|  75|0x0000000613800000, 0x0000000613800000, 0x0000000613c00000|  0%| F|  |TAMS 0x0000000613800000| PB 0x0000000613800000| Untracked 
|  76|0x0000000613c00000, 0x0000000613c00000, 0x0000000614000000|  0%| F|  |TAMS 0x0000000613c00000| PB 0x0000000613c00000| Untracked 
|  77|0x0000000614000000, 0x0000000614000000, 0x0000000614400000|  0%| F|  |TAMS 0x0000000614000000| PB 0x0000000614000000| Untracked 
|  78|0x0000000614400000, 0x0000000614400000, 0x0000000614800000|  0%| F|  |TAMS 0x0000000614400000| PB 0x0000000614400000| Untracked 
|  79|0x0000000614800000, 0x0000000614800000, 0x0000000614c00000|  0%| F|  |TAMS 0x0000000614800000| PB 0x0000000614800000| Untracked 
|  80|0x0000000614c00000, 0x0000000614c00000, 0x0000000615000000|  0%| F|  |TAMS 0x0000000614c00000| PB 0x0000000614c00000| Untracked 
|  81|0x0000000615000000, 0x0000000615000000, 0x0000000615400000|  0%| F|  |TAMS 0x0000000615000000| PB 0x0000000615000000| Untracked 
|  82|0x0000000615400000, 0x0000000615400000, 0x0000000615800000|  0%| F|  |TAMS 0x0000000615400000| PB 0x0000000615400000| Untracked 
|  83|0x0000000615800000, 0x0000000615800000, 0x0000000615c00000|  0%| F|  |TAMS 0x0000000615800000| PB 0x0000000615800000| Untracked 
|  84|0x0000000615c00000, 0x0000000615c00000, 0x0000000616000000|  0%| F|  |TAMS 0x0000000615c00000| PB 0x0000000615c00000| Untracked 
|  85|0x0000000616000000, 0x0000000616000000, 0x0000000616400000|  0%| F|  |TAMS 0x0000000616000000| PB 0x0000000616000000| Untracked 
|  86|0x0000000616400000, 0x0000000616400000, 0x0000000616800000|  0%| F|  |TAMS 0x0000000616400000| PB 0x0000000616400000| Untracked 
|  87|0x0000000616800000, 0x0000000616800000, 0x0000000616c00000|  0%| F|  |TAMS 0x0000000616800000| PB 0x0000000616800000| Untracked 
|  88|0x0000000616c00000, 0x0000000616c00000, 0x0000000617000000|  0%| F|  |TAMS 0x0000000616c00000| PB 0x0000000616c00000| Untracked 
|  89|0x0000000617000000, 0x0000000617000000, 0x0000000617400000|  0%| F|  |TAMS 0x0000000617000000| PB 0x0000000617000000| Untracked 
|  90|0x0000000617400000, 0x0000000617400000, 0x0000000617800000|  0%| F|  |TAMS 0x0000000617400000| PB 0x0000000617400000| Untracked 
|  91|0x0000000617800000, 0x0000000617800000, 0x0000000617c00000|  0%| F|  |TAMS 0x0000000617800000| PB 0x0000000617800000| Untracked 
|  92|0x0000000617c00000, 0x0000000617c00000, 0x0000000618000000|  0%| F|  |TAMS 0x0000000617c00000| PB 0x0000000617c00000| Untracked 
|  93|0x0000000618000000, 0x0000000618000000, 0x0000000618400000|  0%| F|  |TAMS 0x0000000618000000| PB 0x0000000618000000| Untracked 
|  94|0x0000000618400000, 0x0000000618400000, 0x0000000618800000|  0%| F|  |TAMS 0x0000000618400000| PB 0x0000000618400000| Untracked 
|  95|0x0000000618800000, 0x0000000618800000, 0x0000000618c00000|  0%| F|  |TAMS 0x0000000618800000| PB 0x0000000618800000| Untracked 
|  96|0x0000000618c00000, 0x0000000618c00000, 0x0000000619000000|  0%| F|  |TAMS 0x0000000618c00000| PB 0x0000000618c00000| Untracked 
|  97|0x0000000619000000, 0x0000000619000000, 0x0000000619400000|  0%| F|  |TAMS 0x0000000619000000| PB 0x0000000619000000| Untracked 
|  98|0x0000000619400000, 0x0000000619400000, 0x0000000619800000|  0%| F|  |TAMS 0x0000000619400000| PB 0x0000000619400000| Untracked 
|  99|0x0000000619800000, 0x0000000619800000, 0x0000000619c00000|  0%| F|  |TAMS 0x0000000619800000| PB 0x0000000619800000| Untracked 
| 100|0x0000000619c00000, 0x0000000619c00000, 0x000000061a000000|  0%| F|  |TAMS 0x0000000619c00000| PB 0x0000000619c00000| Untracked 
| 101|0x000000061a000000, 0x000000061a000000, 0x000000061a400000|  0%| F|  |TAMS 0x000000061a000000| PB 0x000000061a000000| Untracked 
| 102|0x000000061a400000, 0x000000061a400000, 0x000000061a800000|  0%| F|  |TAMS 0x000000061a400000| PB 0x000000061a400000| Untracked 
| 103|0x000000061a800000, 0x000000061a800000, 0x000000061ac00000|  0%| F|  |TAMS 0x000000061a800000| PB 0x000000061a800000| Untracked 
| 104|0x000000061ac00000, 0x000000061ac00000, 0x000000061b000000|  0%| F|  |TAMS 0x000000061ac00000| PB 0x000000061ac00000| Untracked 
| 105|0x000000061b000000, 0x000000061b000000, 0x000000061b400000|  0%| F|  |TAMS 0x000000061b000000| PB 0x000000061b000000| Untracked 
| 106|0x000000061b400000, 0x000000061b400000, 0x000000061b800000|  0%| F|  |TAMS 0x000000061b400000| PB 0x000000061b400000| Untracked 
| 107|0x000000061b800000, 0x000000061b800000, 0x000000061bc00000|  0%| F|  |TAMS 0x000000061b800000| PB 0x000000061b800000| Untracked 
| 108|0x000000061bc00000, 0x000000061bc00000, 0x000000061c000000|  0%| F|  |TAMS 0x000000061bc00000| PB 0x000000061bc00000| Untracked 
| 109|0x000000061c000000, 0x000000061c000000, 0x000000061c400000|  0%| F|  |TAMS 0x000000061c000000| PB 0x000000061c000000| Untracked 
| 110|0x000000061c400000, 0x000000061c400000, 0x000000061c800000|  0%| F|  |TAMS 0x000000061c400000| PB 0x000000061c400000| Untracked 
| 111|0x000000061c800000, 0x000000061c800000, 0x000000061cc00000|  0%| F|  |TAMS 0x000000061c800000| PB 0x000000061c800000| Untracked 
| 112|0x000000061cc00000, 0x000000061cc00000, 0x000000061d000000|  0%| F|  |TAMS 0x000000061cc00000| PB 0x000000061cc00000| Untracked 
| 113|0x000000061d000000, 0x000000061d000000, 0x000000061d400000|  0%| F|  |TAMS 0x000000061d000000| PB 0x000000061d000000| Untracked 
| 114|0x000000061d400000, 0x000000061d400000, 0x000000061d800000|  0%| F|  |TAMS 0x000000061d400000| PB 0x000000061d400000| Untracked 
| 115|0x000000061d800000, 0x000000061d800000, 0x000000061dc00000|  0%| F|  |TAMS 0x000000061d800000| PB 0x000000061d800000| Untracked 
| 116|0x000000061dc00000, 0x000000061dc00000, 0x000000061e000000|  0%| F|  |TAMS 0x000000061dc00000| PB 0x000000061dc00000| Untracked 
| 117|0x000000061e000000, 0x000000061e000000, 0x000000061e400000|  0%| F|  |TAMS 0x000000061e000000| PB 0x000000061e000000| Untracked 
| 118|0x000000061e400000, 0x000000061e400000, 0x000000061e800000|  0%| F|  |TAMS 0x000000061e400000| PB 0x000000061e400000| Untracked 
| 119|0x000000061e800000, 0x000000061e800000, 0x000000061ec00000|  0%| F|  |TAMS 0x000000061e800000| PB 0x000000061e800000| Untracked 
| 120|0x000000061ec00000, 0x000000061ec00000, 0x000000061f000000|  0%| F|  |TAMS 0x000000061ec00000| PB 0x000000061ec00000| Untracked 
| 121|0x000000061f000000, 0x000000061f2c4098, 0x000000061f400000| 69%| S|  |TAMS 0x000000061f000000| PB 0x000000061f000000| Complete 
| 122|0x000000061f400000, 0x000000061f800000, 0x000000061f800000|100%| E|CS|TAMS 0x000000061f400000| PB 0x000000061f400000| Complete 
| 123|0x000000061f800000, 0x000000061fc00000, 0x000000061fc00000|100%| E|CS|TAMS 0x000000061f800000| PB 0x000000061f800000| Complete 
| 124|0x000000061fc00000, 0x0000000620000000, 0x0000000620000000|100%| E|CS|TAMS 0x000000061fc00000| PB 0x000000061fc00000| Complete 
| 125|0x0000000620000000, 0x0000000620400000, 0x0000000620400000|100%| E|CS|TAMS 0x0000000620000000| PB 0x0000000620000000| Complete 
| 126|0x0000000620400000, 0x0000000620800000, 0x0000000620800000|100%| E|CS|TAMS 0x0000000620400000| PB 0x0000000620400000| Complete 
| 127|0x0000000620800000, 0x0000000620c00000, 0x0000000620c00000|100%| E|CS|TAMS 0x0000000620800000| PB 0x0000000620800000| Complete 

Card table byte_map: [0x00000188747f0000,0x00000188757f0000] _byte_map_base: 0x00000188717ea000

Marking Bits: (CMBitMap*) 0x000001885bee5d70
 Bits: [0x00000188757f0000, 0x000001887d7c0000)

Polling page: 0x0000018859dc0000

Metaspace:

Usage:
  Non-class:      4.14 MB used.
      Class:    514.38 KB used.
       Both:      4.64 MB used.

Virtual space:
  Non-class space:       64.00 MB reserved,       4.19 MB (  7%) committed,  1 nodes.
      Class space:        1.00 GB reserved,     576.00 KB ( <1%) committed,  1 nodes.
             Both:        1.06 GB reserved,       4.75 MB ( <1%) committed. 

Chunk freelists:
   Non-Class:  10.75 MB
       Class:  15.45 MB
        Both:  26.20 MB

MaxMetaspaceSize: unlimited
CompressedClassSpaceSize: 1.00 GB
Initial GC threshold: 21.00 MB
Current GC threshold: 21.00 MB
CDS: on
 - commit_granule_bytes: 65536.
 - commit_granule_words: 8192.
 - virtual_space_node_default_size: 8388608.
 - enlarge_chunks_in_place: 1.
 - use_allocation_guard: 0.


Internal statistics:

num_allocs_failed_limit: 0.
num_arena_births: 68.
num_arena_deaths: 0.
num_vsnodes_births: 2.
num_vsnodes_deaths: 0.
num_space_committed: 76.
num_space_uncommitted: 0.
num_chunks_returned_to_freelist: 0.
num_chunks_taken_from_freelist: 151.
num_chunk_merges: 0.
num_chunk_splits: 96.
num_chunks_enlarged: 68.
num_inconsistent_stats: 0.

CodeHeap 'non-profiled nmethods': size=120000Kb used=311Kb max_used=311Kb free=119688Kb
 bounds [0x000001886bd70000, 0x000001886bfe0000, 0x00000188732a0000]
CodeHeap 'profiled nmethods': size=120000Kb used=2011Kb max_used=2011Kb free=117988Kb
 bounds [0x00000188642a0000, 0x0000018864510000, 0x000001886b7d0000]
CodeHeap 'non-nmethods': size=5760Kb used=1375Kb max_used=1396Kb free=4385Kb
 bounds [0x000001886b7d0000, 0x000001886ba40000, 0x000001886bd70000]
 total_blobs=1582 nmethods=1105 adapters=382
 compilation: enabled
              stopped_count=0, restarted_count=0
 full_count=0

Compilation events (20 events):
Event: 16.456 Thread 0x00000188006b1e50 nmethod 1095 0x000001886448cc90 code [0x000001886448ce60, 0x000001886448d180]
Event: 16.456 Thread 0x00000188006b1e50 1096       3       com.google.gson.stream.JsonReader::readEscapeCharacter (389 bytes)
Event: 16.457 Thread 0x00000188006b1e50 nmethod 1096 0x000001886448d310 code [0x000001886448d7c0, 0x000001886448f6d0]
Event: 16.460 Thread 0x00000188006af3a0 nmethod 1094 0x000001886bdbd290 code [0x000001886bdbd420, 0x000001886bdbd678]
Event: 16.487 Thread 0x00000188006b1e50 1098       3       com.google.gson.internal.LinkedTreeMap::rebalance (379 bytes)
Event: 16.488 Thread 0x00000188006b1e50 nmethod 1098 0x0000018864490110 code [0x0000018864490380, 0x0000018864490e08]
Event: 16.488 Thread 0x00000188006b1e50 1099       3       com.google.gson.stream.JsonReader$1::promoteNameToValue (112 bytes)
Event: 16.488 Thread 0x00000188006b1e50 nmethod 1099 0x0000018864491110 code [0x0000018864491400, 0x0000018864492318]
Event: 16.488 Thread 0x00000188006b1e50 1100       3       com.google.gson.internal.bind.ObjectTypeAdapter::read (197 bytes)
Event: 16.489 Thread 0x00000188006b1e50 nmethod 1100 0x0000018864492710 code [0x0000018864492a20, 0x0000018864493e50]
Event: 16.489 Thread 0x00000188006b1e50 1101       3       com.google.gson.internal.bind.ObjectTypeAdapter::tryBeginNesting (62 bytes)
Event: 16.490 Thread 0x00000188006b1e50 nmethod 1101 0x0000018864494290 code [0x00000188644944c0, 0x0000018864494c00]
Event: 16.490 Thread 0x00000188006b1e50 1102       3       com.google.gson.internal.bind.ObjectTypeAdapter::readTerminal (97 bytes)
Event: 16.490 Thread 0x00000188006b1e50 nmethod 1102 0x0000018864494e90 code [0x0000018864495160, 0x0000018864495e68]
Event: 16.490 Thread 0x00000188006b1e50 1103       3       com.google.gson.internal.LinkedTreeMap::put (56 bytes)
Event: 16.490 Thread 0x00000188006b1e50 nmethod 1103 0x0000018864496310 code [0x0000018864496500, 0x0000018864496910]
Event: 24.172 Thread 0x00000188006af3a0 1104       4       org.example.WebRtcPeerConnectionHandler$2::onData (14 bytes)
Event: 24.172 Thread 0x00000188006af3a0 nmethod 1104 0x000001886bdbdb90 code [0x000001886bdbdd20, 0x000001886bdbde28]
Event: 32.605 Thread 0x00000188006b1e50 1105       3       java.util.concurrent.locks.ReentrantLock$NonfairSync::tryAcquire (27 bytes)
Event: 32.606 Thread 0x00000188006b1e50 nmethod 1105 0x0000018864496a90 code [0x0000018864496c60, 0x0000018864496f00]

GC Heap History (1 events):
Event: 33.602 GC heap before
{Heap before GC invocations=0 (full 0):
 garbage-first heap   total 524288K, used 24576K [0x0000000600c00000, 0x0000000800000000)
  region size 4096K, 6 young (24576K), 0 survivors (0K)
 Metaspace       used 4750K, committed 4864K, reserved 1114112K
  class space    used 514K, committed 576K, reserved 1048576K
}

Dll operation events (12 events):
Event: 0.008 Loaded shared library C:\Program Files\Java\jdk-21\bin\java.dll
Event: 0.037 Loaded shared library C:\Program Files\Java\jdk-21\bin\jsvml.dll
Event: 0.083 Loaded shared library C:\Program Files\Java\jdk-21\bin\zip.dll
Event: 0.086 Loaded shared library C:\Program Files\Java\jdk-21\bin\instrument.dll
Event: 0.091 Loaded shared library C:\Program Files\Java\jdk-21\bin\net.dll
Event: 0.093 Loaded shared library C:\Program Files\Java\jdk-21\bin\nio.dll
Event: 0.097 Loaded shared library C:\Program Files\Java\jdk-21\bin\zip.dll
Event: 0.122 Loaded shared library C:\Users\Nico\AppData\Local\Programs\IntelliJ IDEA Community Edition\bin\breakgen64.dll
Event: 0.130 Loaded shared library C:\Program Files\Java\jdk-21\bin\extnet.dll
Event: 0.168 Loaded shared library C:\Program Files\Java\jdk-21\bin\jimage.dll
Event: 0.233 Loaded shared library C:\Program Files\Java\jdk-21\bin\jsound.dll
Event: 0.896 Loaded shared library C:\Users\Nico\AppData\Local\Temp\webrtc-java4215817614507983189.dll

Deoptimization events (20 events):
Event: 0.152 Thread 0x000001885be3c230 DEOPT PACKING pc=0x00000188642ccc19 sp=0x000000190f8f9be0
Event: 0.152 Thread 0x000001885be3c230 DEOPT UNPACKING pc=0x000001886b824e42 sp=0x000000190f8f9000 mode 0
Event: 0.158 Thread 0x000001885be3c230 DEOPT PACKING pc=0x00000188642a9c61 sp=0x000000190f8fcb80
Event: 0.158 Thread 0x000001885be3c230 DEOPT UNPACKING pc=0x000001886b824e42 sp=0x000000190f8fbfe8 mode 0
Event: 0.220 Thread 0x000001885be3c230 Uncommon trap: trap_request=0xffffff45 fr.pc=0x000001886bd7e1ec relative=0x0000000000000a8c
Event: 0.220 Thread 0x000001885be3c230 Uncommon trap: reason=unstable_if action=reinterpret pc=0x000001886bd7e1ec method=java.util.HashMap.putVal(ILjava/lang/Object;Ljava/lang/Object;ZZ)Ljava/lang/Object; @ 181 c2
Event: 0.220 Thread 0x000001885be3c230 DEOPT PACKING pc=0x000001886bd7e1ec sp=0x000000190f8fe940
Event: 0.220 Thread 0x000001885be3c230 DEOPT UNPACKING pc=0x000001886b8246a2 sp=0x000000190f8fe900 mode 2
Event: 0.251 Thread 0x00000188009939f0 DEOPT PACKING pc=0x000001886436f68a sp=0x0000001910bfd950
Event: 0.251 Thread 0x00000188009939f0 DEOPT UNPACKING pc=0x000001886b824e42 sp=0x0000001910bfcd88 mode 0
Event: 0.284 Thread 0x00000188009939f0 DEOPT PACKING pc=0x00000188642fe973 sp=0x0000001910bfce30
Event: 0.284 Thread 0x00000188009939f0 DEOPT UNPACKING pc=0x000001886b824e42 sp=0x0000001910bfc280 mode 0
Event: 1.052 Thread 0x000001887ff0e530 Uncommon trap: trap_request=0xffffff45 fr.pc=0x000001886bda1f44 relative=0x00000000000002c4
Event: 1.052 Thread 0x000001887ff0e530 Uncommon trap: reason=unstable_if action=reinterpret pc=0x000001886bda1f44 method=java.lang.invoke.VarHandle.checkAccessModeThenIsDirect(Ljava/lang/invoke/VarHandle$AccessDescriptor;)Z @ 4 c2
Event: 1.052 Thread 0x000001887ff0e530 DEOPT PACKING pc=0x000001886bda1f44 sp=0x00000019103fde80
Event: 1.052 Thread 0x000001887ff0e530 DEOPT UNPACKING pc=0x000001886b8246a2 sp=0x00000019103fddd8 mode 2
Event: 1.129 Thread 0x00000188009939f0 DEOPT PACKING pc=0x00000188642ff84e sp=0x0000001910bfe890
Event: 1.129 Thread 0x00000188009939f0 DEOPT UNPACKING pc=0x000001886b824e42 sp=0x0000001910bfdd08 mode 0
Event: 16.455 Thread 0x00000188009939f0 DEOPT PACKING pc=0x0000018864438913 sp=0x0000001910bfe4f0
Event: 16.455 Thread 0x00000188009939f0 DEOPT UNPACKING pc=0x000001886b824e42 sp=0x0000001910bfd960 mode 0

Classes loaded (20 events):
Event: 1.073 Loading class java/time/Month
Event: 1.073 Loading class java/time/Month done
Event: 1.074 Loading class java/time/DayOfWeek
Event: 1.074 Loading class java/time/DayOfWeek done
Event: 1.074 Loading class java/time/zone/ZoneOffsetTransitionRule$TimeDefinition
Event: 1.074 Loading class java/time/zone/ZoneOffsetTransitionRule$TimeDefinition done
Event: 1.074 Loading class java/time/zone/ZoneOffsetTransition
Event: 1.074 Loading class java/time/zone/ZoneOffsetTransition done
Event: 1.075 Loading class sun/util/cldr/CLDRBaseLocaleDataMetaInfo$TZCanonicalIDMapHolder
Event: 1.075 Loading class sun/util/cldr/CLDRBaseLocaleDataMetaInfo$TZCanonicalIDMapHolder done
Event: 1.076 Loading class sun/util/resources/TimeZoneNames
Event: 1.077 Loading class sun/util/resources/TimeZoneNames done
Event: 1.077 Loading class sun/util/resources/TimeZoneNames_en
Event: 1.077 Loading class sun/util/resources/TimeZoneNames_en done
Event: 1.132 Loading class java/lang/invoke/DirectMethodHandle$Special
Event: 1.132 Loading class java/lang/invoke/DirectMethodHandle$Special done
Event: 15.863 Loading class jdk/internal/foreign/MemorySessionImpl
Event: 15.863 Loading class java/lang/foreign/MemorySegment$Scope
Event: 15.863 Loading class java/lang/foreign/MemorySegment$Scope done
Event: 15.863 Loading class jdk/internal/foreign/MemorySessionImpl done

Classes unloaded (0 events):
No events

Classes redefined (0 events):
No events

Internal exceptions (12 events):
Event: 0.114 Thread 0x000001885be3c230 Exception <a 'java/lang/NoSuchMethodError'{0x0000000620ba3c30}: 'void java.lang.invoke.DirectMethodHandle$Holder.invokeStatic(java.lang.Object, java.lang.Object, java.lang.Object)'> (0x0000000620ba3c30) 
thrown [s\open\src\hotspot\share\interpreter\linkResolver.cpp, line 773]
Event: 0.118 Thread 0x000001885be3c230 Exception <a 'java/lang/NoSuchMethodError'{0x0000000620bbb228}: 'java.lang.Object java.lang.invoke.Invokers$Holder.invokeExact_MT(java.lang.Object, java.lang.Object, java.lang.Object, java.lang.Object, java.lang.Object)'> (0x0000000620bbb228) 
thrown [s\open\src\hotspot\share\interpreter\linkResolver.cpp, line 773]
Event: 0.131 Thread 0x0000018800982460 Exception <a 'java/lang/NoSuchMethodError'{0x0000000620bfa378}: 'void java.lang.invoke.DirectMethodHandle$Holder.invokeStatic(java.lang.Object, java.lang.Object)'> (0x0000000620bfa378) 
thrown [s\open\src\hotspot\share\interpreter\linkResolver.cpp, line 773]
Event: 0.224 Thread 0x000001885be3c230 Exception <a 'java/lang/NoSuchMethodError'{0x00000006206f7d10}: 'java.lang.Object java.lang.invoke.DirectMethodHandle$Holder.invokeStaticInit(java.lang.Object, int, int, int, int)'> (0x00000006206f7d10) 
thrown [s\open\src\hotspot\share\interpreter\linkResolver.cpp, line 773]
Event: 0.253 Thread 0x00000188009939f0 Exception <a 'java/lang/NoSuchMethodError'{0x00000006207e8dc0}: 'java.lang.Object java.lang.invoke.DirectMethodHandle$Holder.invokeStaticInit(java.lang.Object, java.lang.Object, int, int, int, int)'> (0x00000006207e8dc0) 
thrown [s\open\src\hotspot\share\interpreter\linkResolver.cpp, line 773]
Event: 0.275 Thread 0x00000188009939f0 Exception <a 'java/lang/NoSuchMethodError'{0x000000062005b438}: 'int java.lang.invoke.DirectMethodHandle$Holder.invokeSpecial(java.lang.Object, java.lang.Object, java.lang.Object)'> (0x000000062005b438) 
thrown [s\open\src\hotspot\share\interpreter\linkResolver.cpp, line 773]
Event: 0.282 Thread 0x00000188009939f0 Exception <a 'java/lang/NoSuchMethodError'{0x0000000620179758}: 'void java.lang.invoke.Invokers$Holder.invokeExact_MT(java.lang.Object, java.lang.Object, java.lang.Object, java.lang.Object)'> (0x0000000620179758) 
thrown [s\open\src\hotspot\share\interpreter\linkResolver.cpp, line 773]
Event: 1.078 Thread 0x000001887ff0e530 Exception <a 'java/lang/NoSuchMethodError'{0x00000006203dbce8}: 'java.lang.Object java.lang.invoke.Invokers$Holder.invokeExact_MT(java.lang.Object, java.lang.Object, java.lang.Object, java.lang.Object, java.lang.Object, java.lang.Object)'> (0x00000006203dbce8) 
thrown [s\open\src\hotspot\share\interpreter\linkResolver.cpp, line 773]
Event: 1.133 Thread 0x000001884623f330 Exception <a 'java/lang/NoSuchMethodError'{0x000000061fc19880}: 'java.lang.Object java.lang.invoke.DirectMethodHandle$Holder.newInvokeSpecial(java.lang.Object, java.lang.Object, java.lang.Object, java.lang.Object, int)'> (0x000000061fc19880) 
thrown [s\open\src\hotspot\share\interpreter\linkResolver.cpp, line 773]
Event: 1.133 Thread 0x000001884623f330 Exception <a 'java/lang/NoSuchMethodError'{0x000000061fc1d868}: 'java.lang.Object java.lang.invoke.DirectMethodHandle$Holder.invokeSpecial(java.lang.Object, java.lang.Object, java.lang.Object, java.lang.Object, java.lang.Object, int)'> (0x000000061fc1d868) 
thrown [s\open\src\hotspot\share\interpreter\linkResolver.cpp, line 773]
Event: 1.134 Thread 0x000001884623f330 Exception <a 'java/lang/NoSuchMethodError'{0x000000061fc21028}: 'java.lang.Object java.lang.invoke.Invokers$Holder.linkToTargetMethod(java.lang.Object, java.lang.Object, java.lang.Object, int, java.lang.Object)'> (0x000000061fc21028) 
thrown [s\open\src\hotspot\share\interpreter\linkResolver.cpp, line 773]
Event: 1.170 Thread 0x000001884623f330 Exception <a 'java/lang/NoSuchMethodError'{0x000000061fc36e18}: 'void java.lang.invoke.DirectMethodHandle$Holder.invokeStatic(java.lang.Object, java.lang.Object, java.lang.Object, java.lang.Object)'> (0x000000061fc36e18) 
thrown [s\open\src\hotspot\share\interpreter\linkResolver.cpp, line 773]

ZGC Phase Switch (0 events):
No events

VM Operations (11 events):
Event: 0.069 Executing VM operation: HandshakeAllThreads (Deoptimize)
Event: 0.069 Executing VM operation: HandshakeAllThreads (Deoptimize) done
Event: 0.292 Executing VM operation: HandshakeAllThreads (Deoptimize)
Event: 0.293 Executing VM operation: HandshakeAllThreads (Deoptimize) done
Event: 0.725 Executing VM operation: HandshakeAllThreads (Deoptimize)
Event: 0.725 Executing VM operation: HandshakeAllThreads (Deoptimize) done
Event: 1.725 Executing VM operation: Cleanup
Event: 1.725 Executing VM operation: Cleanup done
Event: 16.732 Executing VM operation: Cleanup
Event: 16.732 Executing VM operation: Cleanup done
Event: 33.602 Executing VM operation: G1CollectForAllocation (G1 Evacuation Pause)

Events (20 events):
Event: 0.036 Thread 0x00000188006af3a0 Thread added: 0x00000188006af3a0
Event: 0.036 Thread 0x00000188006b1e50 Thread added: 0x00000188006b1e50
Event: 0.063 Thread 0x00000188007bd190 Thread added: 0x00000188007bd190
Event: 0.123 Thread 0x0000018800982460 Thread added: 0x0000018800982460
Event: 0.123 Thread 0x0000018800987e10 Thread added: 0x0000018800987e10
Event: 0.228 Thread 0x00000188009939f0 Thread added: 0x00000188009939f0
Event: 0.258 Thread 0x00000188460c17a0 Thread added: 0x00000188460c17a0
Event: 0.265 Thread 0x00000188460d34e0 Thread added: 0x00000188460d34e0
Event: 0.399 Thread 0x0000018846122c10 Thread added: 0x0000018846122c10
Event: 1.081 Thread 0x0000018846186bc0 Thread added: 0x0000018846186bc0
Event: 1.103 Thread 0x000001884623f330 Thread added: 0x000001884623f330
Event: 1.131 Thread 0x000001884628a8a0 Thread added: 0x000001884628a8a0
Event: 1.171 Thread 0x00000188464587d0 Thread added: 0x00000188464587d0
Event: 2.401 Thread 0x0000018846186bc0 Thread exited: 0x0000018846186bc0
Event: 15.828 Thread 0x00000188462a9dd0 Thread added: 0x00000188462a9dd0
Event: 16.310 Thread 0x00000188462a7670 Thread added: 0x00000188462a7670
Event: 16.487 Thread 0x00000188462a8390 Thread added: 0x00000188462a8390
Event: 16.491 Thread 0x00000188462a8a20 Thread added: 0x00000188462a8a20
Event: 22.512 Thread 0x00000188462aa460 Thread added: 0x00000188462aa460
Event: 32.605 Thread 0x00000188462a7d00 Thread added: 0x00000188462a7d00


Dynamic libraries:
0x00007ff7fbb60000 - 0x00007ff7fbb70000 	C:\Program Files\Java\jdk-21\bin\java.exe
0x00007ffd7a0b0000 - 0x00007ffd7a2a8000 	C:\WINDOWS\SYSTEM32\ntdll.dll
0x00007ffd783d0000 - 0x00007ffd7848d000 	C:\WINDOWS\System32\KERNEL32.DLL
0x00007ffd77900000 - 0x00007ffd77bf6000 	C:\WINDOWS\System32\KERNELBASE.dll
0x00007ffd77800000 - 0x00007ffd77900000 	C:\WINDOWS\System32\ucrtbase.dll
0x00007ffd686b0000 - 0x00007ffd686c9000 	C:\Program Files\Java\jdk-21\bin\jli.dll
0x00007ffd68f40000 - 0x00007ffd68f5b000 	C:\Program Files\Java\jdk-21\bin\VCRUNTIME140.dll
0x00007ffd79f10000 - 0x00007ffd79fc0000 	C:\WINDOWS\System32\ADVAPI32.dll
0x00007ffd78210000 - 0x00007ffd782ae000 	C:\WINDOWS\System32\msvcrt.dll
0x00007ffd78540000 - 0x00007ffd785e0000 	C:\WINDOWS\System32\sechost.dll
0x00007ffd79240000 - 0x00007ffd79363000 	C:\WINDOWS\System32\RPCRT4.dll
0x00007ffd777d0000 - 0x00007ffd777f7000 	C:\WINDOWS\System32\bcrypt.dll
0x00007ffd790a0000 - 0x00007ffd7923f000 	C:\WINDOWS\System32\USER32.dll
0x00007ffd78060000 - 0x00007ffd78082000 	C:\WINDOWS\System32\win32u.dll
0x00007ffd62650000 - 0x00007ffd628ea000 	C:\WINDOWS\WinSxS\amd64_microsoft.windows.common-controls_6595b64144ccf1df_6.0.19041.3636_none_60b6a03d71f818d5\COMCTL32.dll
0x00007ffd78510000 - 0x00007ffd7853b000 	C:\WINDOWS\System32\GDI32.dll
0x00007ffd77d30000 - 0x00007ffd77e47000 	C:\WINDOWS\System32\gdi32full.dll
0x00007ffd77c00000 - 0x00007ffd77c9d000 	C:\WINDOWS\System32\msvcp_win.dll
0x00007ffd71530000 - 0x00007ffd7153a000 	C:\WINDOWS\SYSTEM32\VERSION.dll
0x00007ffd78740000 - 0x00007ffd78772000 	C:\WINDOWS\System32\IMM32.DLL
0x00007ffd73aa0000 - 0x00007ffd73aac000 	C:\Program Files\Java\jdk-21\bin\vcruntime140_1.dll
0x00007ffd68620000 - 0x00007ffd686ae000 	C:\Program Files\Java\jdk-21\bin\msvcp140.dll
0x00007ffcf9b90000 - 0x00007ffcfa8a5000 	C:\Program Files\Java\jdk-21\bin\server\jvm.dll
0x00007ffd79d40000 - 0x00007ffd79dab000 	C:\WINDOWS\System32\WS2_32.dll
0x00007ffd76c60000 - 0x00007ffd76cab000 	C:\WINDOWS\SYSTEM32\POWRPROF.dll
0x00007ffd66b00000 - 0x00007ffd66b27000 	C:\WINDOWS\SYSTEM32\WINMM.dll
0x00007ffd76b20000 - 0x00007ffd76b32000 	C:\WINDOWS\SYSTEM32\UMPDC.dll
0x00007ffd755d0000 - 0x00007ffd755e2000 	C:\WINDOWS\SYSTEM32\kernel.appcore.dll
0x00007ffd71cf0000 - 0x00007ffd71cfa000 	C:\Program Files\Java\jdk-21\bin\jimage.dll
0x00007ffd63590000 - 0x00007ffd63774000 	C:\WINDOWS\SYSTEM32\DBGHELP.DLL
0x00007ffd4dd90000 - 0x00007ffd4ddc4000 	C:\WINDOWS\SYSTEM32\dbgcore.DLL
0x00007ffd77ca0000 - 0x00007ffd77d22000 	C:\WINDOWS\System32\bcryptPrimitives.dll
0x00007ffd73110000 - 0x00007ffd7311f000 	C:\Program Files\Java\jdk-21\bin\instrument.dll
0x00007ffd68600000 - 0x00007ffd6861f000 	C:\Program Files\Java\jdk-21\bin\java.dll
0x00007ffd79520000 - 0x00007ffd79c8b000 	C:\WINDOWS\System32\SHELL32.dll
0x00007ffd757d0000 - 0x00007ffd75f6e000 	C:\WINDOWS\SYSTEM32\windows.storage.dll
0x00007ffd78790000 - 0x00007ffd78ae3000 	C:\WINDOWS\System32\combase.dll
0x00007ffd770b0000 - 0x00007ffd770de000 	C:\WINDOWS\SYSTEM32\Wldp.dll
0x00007ffd78670000 - 0x00007ffd7873d000 	C:\WINDOWS\System32\OLEAUT32.dll
0x00007ffd79fc0000 - 0x00007ffd7a06d000 	C:\WINDOWS\System32\SHCORE.dll
0x00007ffd78310000 - 0x00007ffd78365000 	C:\WINDOWS\System32\shlwapi.dll
0x00007ffd77690000 - 0x00007ffd776b3000 	C:\WINDOWS\SYSTEM32\profapi.dll
0x00007ffd68520000 - 0x00007ffd685f7000 	C:\Program Files\Java\jdk-21\bin\jsvml.dll
0x00007ffd4bd10000 - 0x00007ffd4bd28000 	C:\Program Files\Java\jdk-21\bin\zip.dll
0x00007ffd684e0000 - 0x00007ffd684f0000 	C:\Program Files\Java\jdk-21\bin\net.dll
0x00007ffd71630000 - 0x00007ffd7173a000 	C:\WINDOWS\SYSTEM32\WINHTTP.dll
0x00007ffd76e90000 - 0x00007ffd76efa000 	C:\WINDOWS\system32\mswsock.dll
0x00007ffd68470000 - 0x00007ffd68486000 	C:\Program Files\Java\jdk-21\bin\nio.dll
0x00007ffd6bb50000 - 0x00007ffd6bb6a000 	C:\Users\Nico\AppData\Local\Programs\IntelliJ IDEA Community Edition\bin\breakgen64.dll
0x00007ffd4bd00000 - 0x00007ffd4bd07000 	C:\Program Files\Java\jdk-21\bin\extnet.dll
0x00007ffd6bb00000 - 0x00007ffd6bb12000 	C:\Program Files\Java\jdk-21\bin\jsound.dll
0x00007ffd780e0000 - 0x00007ffd7820b000 	C:\WINDOWS\System32\ole32.dll
0x00007ffd159b0000 - 0x00007ffd15a4c000 	C:\WINDOWS\SYSTEM32\DSOUND.dll
0x00007ffd575c0000 - 0x00007ffd575e6000 	C:\WINDOWS\SYSTEM32\winmmbase.dll
0x00007ffd770f0000 - 0x00007ffd77108000 	C:\WINDOWS\SYSTEM32\CRYPTSP.dll
0x00007ffd76760000 - 0x00007ffd76794000 	C:\WINDOWS\system32\rsaenh.dll
0x00007ffd75100000 - 0x00007ffd7519e000 	C:\WINDOWS\system32\uxtheme.dll
0x00007ffd77650000 - 0x00007ffd7767e000 	C:\WINDOWS\SYSTEM32\USERENV.dll
0x00007ffd79c90000 - 0x00007ffd79d39000 	C:\WINDOWS\System32\clbcatq.dll
0x00007ffd77020000 - 0x00007ffd7702c000 	C:\WINDOWS\SYSTEM32\CRYPTBASE.dll
0x00007ffd70cb0000 - 0x00007ffd70d35000 	C:\WINDOWS\System32\MMDevApi.dll
0x00007ffd774f0000 - 0x00007ffd77523000 	C:\WINDOWS\System32\DEVOBJ.dll
0x00007ffd78090000 - 0x00007ffd780de000 	C:\WINDOWS\System32\cfgmgr32.dll
0x00007ffd76b40000 - 0x00007ffd76b7b000 	C:\WINDOWS\SYSTEM32\IPHLPAPI.DLL
0x00007ffd78af0000 - 0x00007ffd78af8000 	C:\WINDOWS\System32\NSI.dll
0x00007ffd63c40000 - 0x00007ffd63c86000 	C:\WINDOWS\SYSTEM32\wdmaud.drv
0x00007ffd73150000 - 0x00007ffd73159000 	C:\WINDOWS\SYSTEM32\ksuser.dll
0x00007ffd74f50000 - 0x00007ffd74f5a000 	C:\WINDOWS\SYSTEM32\AVRT.dll
0x00007ffd64470000 - 0x00007ffd645f2000 	C:\WINDOWS\SYSTEM32\AUDIOSES.DLL
0x00007ffd73140000 - 0x00007ffd7314d000 	C:\WINDOWS\SYSTEM32\msacm32.drv
0x00007ffd72ae0000 - 0x00007ffd72afe000 	C:\WINDOWS\SYSTEM32\MSACM32.dll
0x00007ffd73130000 - 0x00007ffd7313b000 	C:\WINDOWS\SYSTEM32\midimap.dll
0x00007ffd751e0000 - 0x00007ffd751f4000 	C:\WINDOWS\SYSTEM32\resourcepolicyclient.dll
0x00007ffcc9f90000 - 0x00007ffccb18f000 	C:\Users\Nico\AppData\Local\Temp\webrtc-java4215817614507983189.dll
0x00007ffd737e0000 - 0x00007ffd73a43000 	C:\WINDOWS\SYSTEM32\d3d11.dll
0x00007ffd36000000 - 0x00007ffd361bb000 	C:\WINDOWS\SYSTEM32\MFPlat.DLL
0x00007ffd75fb0000 - 0x00007ffd760a3000 	C:\WINDOWS\SYSTEM32\dxgi.dll
0x00007ffd6f830000 - 0x00007ffd6f83b000 	C:\WINDOWS\SYSTEM32\msdmo.dll
0x00007ffd65720000 - 0x00007ffd6572c000 	C:\WINDOWS\SYSTEM32\Secur32.dll
0x00007ffd77610000 - 0x00007ffd77642000 	C:\WINDOWS\SYSTEM32\SSPICLI.DLL
0x00007ffd3a720000 - 0x00007ffd3a754000 	C:\WINDOWS\SYSTEM32\RTWorkQ.DLL
0x00007ffd680a0000 - 0x00007ffd68117000 	C:\Windows\System32\mfwmaaec.dll
0x00007ffd6ec50000 - 0x00007ffd6ed91000 	C:\Windows\System32\Windows.UI.dll
0x00007ffd6b400000 - 0x00007ffd6b552000 	C:\Windows\System32\InputHost.dll
0x00007ffd6b560000 - 0x00007ffd6b659000 	C:\Windows\System32\TextInputFramework.dll
0x00007ffd72090000 - 0x00007ffd72131000 	C:\Windows\System32\WindowManagementAPI.dll
0x00007ffd74ac0000 - 0x00007ffd74bb2000 	C:\Windows\System32\CoreMessaging.dll
0x00007ffd73280000 - 0x00007ffd73376000 	C:\Windows\System32\PROPSYS.dll
0x00007ffd74070000 - 0x00007ffd741c7000 	C:\WINDOWS\SYSTEM32\wintypes.dll
0x00007ffd74760000 - 0x00007ffd74abb000 	C:\Windows\System32\CoreUIComponents.dll
0x00007ffd71e70000 - 0x00007ffd72073000 	C:\WINDOWS\SYSTEM32\twinapi.appcore.dll
0x00007ffd76880000 - 0x00007ffd768b3000 	C:\WINDOWS\SYSTEM32\ntmarta.dll
0x00007ffd72400000 - 0x00007ffd72417000 	C:\WINDOWS\SYSTEM32\dhcpcsvc6.DLL
0x00007ffd723e0000 - 0x00007ffd723fd000 	C:\WINDOWS\SYSTEM32\dhcpcsvc.DLL
0x00007ffd76b90000 - 0x00007ffd76c5b000 	C:\WINDOWS\SYSTEM32\DNSAPI.dll
0x00007ffd6f850000 - 0x00007ffd6f85a000 	C:\Windows\System32\rasadhlp.dll
0x00007ffd6f490000 - 0x00007ffd6f510000 	C:\WINDOWS\System32\fwpuclnt.dll

dbghelp: loaded successfully - version: 4.0.5 - missing functions: none
symbol engine: initialized successfully - sym options: 0x614 - pdb path: .;C:\Program Files\Java\jdk-21\bin;C:\WINDOWS\SYSTEM32;C:\WINDOWS\WinSxS\amd64_microsoft.windows.common-controls_6595b64144ccf1df_6.0.19041.3636_none_60b6a03d71f818d5;C:\Program Files\Java\jdk-21\bin\server;C:\Users\Nico\AppData\Local\Programs\IntelliJ IDEA Community Edition\bin;C:\Users\Nico\AppData\Local\Temp

VM Arguments:
jvm_args: -javaagent:C:\Users\Nico\AppData\Local\Programs\IntelliJ IDEA Community Edition\lib\idea_rt.jar=51165:C:\Users\Nico\AppData\Local\Programs\IntelliJ IDEA Community Edition\bin -Dfile.encoding=UTF-8 -Dsun.stdout.encoding=UTF-8 -Dsun.stderr.encoding=UTF-8 
java_command: org.example.App 3
java_class_path (initial): E:\Coding\Java\webrptcJava\target\classes;C:\Users\Nico\.m2\repository\dev\onvoid\webrtc\webrtc-java\0.8.0\webrtc-java-0.8.0.jar;C:\Users\Nico\.m2\repository\dev\onvoid\webrtc\webrtc-java\0.8.0\webrtc-java-0.8.0-windows-x86_64.jar;C:\Users\Nico\.m2\repository\org\json\json\20240303\json-20240303.jar;C:\Users\Nico\.m2\repository\com\github\sarxos\webcam-capture\0.3.12\webcam-capture-0.3.12.jar;C:\Users\Nico\.m2\repository\com\nativelibs4java\bridj\0.7.0\bridj-0.7.0.jar;C:\Users\Nico\.m2\repository\org\java-websocket\Java-WebSocket\1.5.6\Java-WebSocket-1.5.6.jar;C:\Users\Nico\.m2\repository\com\google\code\gson\gson\2.10.1\gson-2.10.1.jar;C:\Users\Nico\.m2\repository\com\fasterxml\jackson\core\jackson-databind\2.13.3\jackson-databind-2.13.3.jar;C:\Users\Nico\.m2\repository\com\fasterxml\jackson\core\jackson-annotations\2.13.3\jackson-annotations-2.13.3.jar;C:\Users\Nico\.m2\repository\com\fasterxml\jackson\core\jackson-core\2.13.3\jackson-core-2.13.3.jar;C:\Users\Nico\.m2\repository\org\slf4j\slf4j-api\2.0.13\slf4j-api-2.0.13.jar
Launcher Type: SUN_STANDARD

[Global flags]
     intx CICompilerCount                          = 4                                         {product} {ergonomic}
     uint ConcGCThreads                            = 3                                         {product} {ergonomic}
     uint G1ConcRefinementThreads                  = 10                                        {product} {ergonomic}
   size_t G1HeapRegionSize                         = 4194304                                   {product} {ergonomic}
    uintx GCDrainStackTargetSize                   = 64                                        {product} {ergonomic}
   size_t InitialHeapSize                          = 536870912                                 {product} {ergonomic}
   size_t MarkStackSize                            = 4194304                                   {product} {ergonomic}
   size_t MaxHeapSize                              = 8577351680                                {product} {ergonomic}
   size_t MaxNewSize                               = 5146411008                                {product} {ergonomic}
   size_t MinHeapDeltaBytes                        = 4194304                                   {product} {ergonomic}
   size_t MinHeapSize                              = 8388608                                   {product} {ergonomic}
    uintx NonNMethodCodeHeapSize                   = 5839372                                {pd product} {ergonomic}
    uintx NonProfiledCodeHeapSize                  = 122909434                              {pd product} {ergonomic}
    uintx ProfiledCodeHeapSize                     = 122909434                              {pd product} {ergonomic}
    uintx ReservedCodeCacheSize                    = 251658240                              {pd product} {ergonomic}
     bool SegmentedCodeCache                       = true                                      {product} {ergonomic}
   size_t SoftMaxHeapSize                          = 8577351680                             {manageable} {ergonomic}
     bool UseCompressedOops                        = true                           {product lp64_product} {ergonomic}
     bool UseG1GC                                  = true                                      {product} {ergonomic}
     bool UseLargePagesIndividualAllocation        = false                                  {pd product} {ergonomic}

Logging:
Log output configuration:
 #0: stdout all=warning uptime,level,tags foldmultilines=false
 #1: stderr all=off uptime,level,tags foldmultilines=false

Environment Variables:
JAVA_HOME=C:\Users\Nico\Downloads\jdk-17.0.9_windows-x64_bin\jdk-17.0.9
PATH=C:\Python39\Scripts\;C:\Python39\;C:\Program Files (x86)\Common Files\Intel\Shared Libraries\redist\intel64\compiler;C:\Windows\system32;C:\Windows;C:\Windows\System32\Wbem;C:\Windows\System32\WindowsPowerShell\v1.0\;C:\Program Files (x86)\NVIDIA Corporation\PhysX\Common;C:\Program Files (x86)\Windows Live\Shared;C:\WINDOWS\system32;C:\WINDOWS;C:\WINDOWS\System32\Wbem;C:\WINDOWS\System32\WindowsPowerShell\v1.0\;C:\WINDOWS\System32\OpenSSH\;C:\WINDOWS\system32;C:\WINDOWS;C:\WINDOWS\System32\Wbem;C:\WINDOWS\System32\WindowsPowerShell\v1.0\;C:\WINDOWS\System32\OpenSSH\;C:\Program Files\NVIDIA Corporation\NVIDIA NvDLISR;C:\ProgramData\chocolatey\bin;C:\Program Files\dotnet\;C:\Program Files\Git\cmd;C:\MinGW\bin;C:\Users\Nico\AppData\Roaming\nvm;C:\Program Files\nodejs;C:\Users\Nico\Downloads\protoc-25.1-win64\bin;C:\Users\Nico\Downloads\apache-maven-3.9.6-bin\apache-maven-3.9.6\bin;C:\Program Files\Docker\Docker\resources\bin;C:\Users\Nico\AppData\Local\Programs\Rider\bin;C:\Program Files\PowerShell\7\;C:\Program Files\JetBrains\WebStorm 2023.2\bin;C:\Users\Nico\Downloads\jdk-17.0.9_windows-x64_bin\jdk-17.0.9;C:\Users\Nico\Downloads\jdk-17.0.9_windows-x64_bin\jdk-17.0.9\bin;C:\Users\Nico\AppData\Local\Microsoft\WindowsApps;C:\Users\Nico\.dotnet\tools;C:\Users\Nico\AppData\Local\Programs\Microsoft VS Code\bin;C:\Program Files\Git\bin\git.exe;C:\Users\Nico\AppData\Local\JetBrains\Toolbox\scripts;C:\Users\Nico\.dotnet\tools;C:\Users\Nico\AppData\Roaming\Composer\vendor\bin;C:\Users\Nico\Downloads\mongosh-1.9.1-win32-x64\mongosh-1.9.1-win32-x64\bin;E:\Coding\LSP\tstest\node_modules\.bin
USERNAME=Nico
OS=Windows_NT
PROCESSOR_IDENTIFIER=AMD64 Family 23 Model 1 Stepping 1, AuthenticAMD
TMP=C:\Users\Nico\AppData\Local\Temp
TEMP=C:\Users\Nico\AppData\Local\Temp




Periodic native trim disabled

---------------  S Y S T E M  ---------------

OS:
 Windows 10 , 64 bit Build 19041 (10.0.19041.3636)
OS uptime: 0 days 3:40 hours
Hyper-V role detected

CPU: total 12 (initial active 12) (12 cores per cpu, 2 threads per core) family 23 model 1 stepping 1 microcode 0x0, cx8, cmov, fxsr, ht, mmx, 3dnowpref, sse, sse2, sse3, ssse3, sse4a, sse4.1, sse4.2, popcnt, lzcnt, tsc, tscinvbit, avx, avx2, aes, clmul, bmi1, bmi2, adx, sha, fma, vzeroupper, clflush, clflushopt, hv, rdtscp, f16c
Processor Information for all 12 processors :
  Max Mhz: 3600, Current Mhz: 3600, Mhz Limit: 3600

Memory: 4k page, system-wide physical 32704M (19193M free)
TotalPageFile size 37568M (AvailPageFile size 19375M)
current process WorkingSet (physical memory assigned to process): 93M, peak: 93M
current process commit charge ("private bytes"): 631M, peak: 631M

vm_info: Java HotSpot(TM) 64-Bit Server VM (21.0.1+12-LTS-29) for windows-amd64 JRE (21.0.1+12-LTS-29), built on 2023-10-05T13:27:09Z by "mach5one" with MS VC++ 17.1 (VS2022)

END.
