#
# A fatal error has been detected by the Java Runtime Environment:
#
#  EXCEPTION_ACCESS_VIOLATION (0xc0000005) at pc=0x00007ffa31516374, pid=28088, tid=20788
#
# JRE version: Java(TM) SE Runtime Environment (21.0.1+12) (build 21.0.1+12-LTS-29)
# Java VM: Java HotSpot(TM) 64-Bit Server VM (21.0.1+12-LTS-29, mixed mode, sharing, tiered, compressed oops, compressed class ptrs, g1 gc, windows-amd64)
# Problematic frame:
# V  [jvm.dll+0x366374]
#
# No core dump will be written. Minidumps are not enabled by default on client versions of Windows
#
# If you would like to submit a bug report, please visit:
#   https://bugreport.java.com/bugreport/crash.jsp
#

---------------  S U M M A R Y ------------

Command Line: -javaagent:C:\Users\Nico\AppData\Local\Programs\IntelliJ IDEA Community Edition\lib\idea_rt.jar=60521:C:\Users\Nico\AppData\Local\Programs\IntelliJ IDEA Community Edition\bin -Dfile.encoding=UTF-8 -Dsun.stdout.encoding=UTF-8 -Dsun.stderr.encoding=UTF-8 org.example.App 3

Host: AMD Ryzen 5 1600X Six-Core Processor           , 12 cores, 31G,  Windows 10 , 64 bit Build 19041 (10.0.19041.3636)
Time: Wed May  8 19:23:16 2024 Mitteleuropäische Sommerzeit elapsed time: 61.522824 seconds (0d 0h 1m 1s)

---------------  T H R E A D  ---------------

Current thread (0x00000230dc186b70):  WorkerThread "GC Thread#8"    [id=20788, stack(0x0000008b76e00000,0x0000008b76f00000) (1024K)]

Stack: [0x0000008b76e00000,0x0000008b76f00000],  sp=0x0000008b76eff9b0,  free space=1022k
Native frames: (J=compiled Java code, j=interpreted, Vv=VM code, C=native code)
V  [jvm.dll+0x366374]
V  [jvm.dll+0x366b55]
V  [jvm.dll+0x366835]
V  [jvm.dll+0x36dff4]
V  [jvm.dll+0x36e16b]
V  [jvm.dll+0x881f77]
V  [jvm.dll+0x7fd728]
V  [jvm.dll+0x6c777d]
C  [ucrtbase.dll+0x21bb2]
C  [KERNEL32.DLL+0x17344]
C  [ntdll.dll+0x526b1]


siginfo: EXCEPTION_ACCESS_VIOLATION (0xc0000005), reading address 0x0000000000005ab0


Registers:
RAX=0x0000000000000000, RBX=0x00000230dc6a5cc0, RCX=0x0000000000000016, RDX=0x0000000000000000
RSP=0x0000008b76eff9b0, RBP=0x0000000000000001, RSI=0xfffe000000000000, RDI=0x00000230dc3e7a38
R8 =0x0000000000000000, R9 =0x00000230ef0811c0, R10=0x0000000000005ab0, R11=0x00007ffa3adb15b5
R12=0x00000230dc3e7a30, R13=0x0000008b746fe848, R14=0x00000230dc6a5b40, R15=0x0000000000000020
RIP=0x00007ffa31516374, EFLAGS=0x0000000000010246


Register to memory mapping:

RAX=0x0 is null
RBX=0x00000230dc6a5cc0 points into unknown readable memory: 0x0000000000005ab0 | b0 5a 00 00 00 00 00 00
RCX=0x0000000000000016 is an unknown value
RDX=0x0 is null
RSP=0x0000008b76eff9b0 points into unknown readable memory: 0x0000000024a90000 | 00 00 a9 24 00 00 00 00
RBP=0x0000000000000001 is an unknown value
RSI=0xfffe000000000000 is an unknown value
RDI=0x00000230dc3e7a38 points into unknown readable memory: 0x00007ffa31b880e0 | e0 80 b8 31 fa 7f 00 00
R8 =0x0 is null
R9 =0x00000230ef0811c0 points into unknown readable memory: 0x00007ffa31b7f0b0 | b0 f0 b7 31 fa 7f 00 00
R10=0x0000000000005ab0 is an unknown value
R11=0x00007ffa3adb15b5 VCRUNTIME140.dll
R12=0x00000230dc3e7a30 points into unknown readable memory: 0x00007ffa31b88128 | 28 81 b8 31 fa 7f 00 00
R13=0x0000008b746fe848 points into unknown readable memory: 0x00000230ef080160 | 60 01 08 ef 30 02 00 00
R14=0x00000230dc6a5b40 points into unknown readable memory: 0x000000061f0401a0 | a0 01 04 1f 06 00 00 00
R15=0x0000000000000020 is an unknown value

Top of Stack: (sp=0x0000008b76eff9b0)
0x0000008b76eff9b0:   0000000024a90000 0000000000000001
0x0000008b76eff9c0:   0000000000000000 0000000000000070
0x0000008b76eff9d0:   0000000000000004 00007ffa31516b55
0x0000008b76eff9e0:   00000230dc3e7a38 0000000000000008
0x0000008b76eff9f0:   00000230dc73ebd8 00007ffa31b837d0
0x0000008b76effa00:   0000000000000000 0000008b76effa80
0x0000008b76effa10:   0000000000000008 00000230dc2f0d10
0x0000008b76effa20:   0000008b746fe740 0000000000000000
0x0000008b76effa30:   00007ffa31b836e0 0000000024a9fd78
0x0000008b76effa40:   0000000000000000 00007ffa0000000b
0x0000008b76effa50:   00000230dc2f0d10 0000000000000008
0x0000008b76effa60:   0000000000000000 0000000000000000
0x0000008b76effa70:   00000230ec000000 0000000000000000
0x0000008b76effa80:   00007ffa31b836e0 0000000024a9f900
0x0000008b76effa90:   0000000000000001 0000000000000002
0x0000008b76effaa0:   0000000000000000 0000a8f18324a538
0x0000008b76effab0:   0000000000000000 00000230dc8d3d70
0x0000008b76effac0:   00000230dc8d3d80 00000000000003d8
0x0000008b76effad0:   00000230dc8d4158 0000008b746fe740
0x0000008b76effae0:   0000000000000008 00000230dc2f0d10
0x0000008b76effaf0:   00000230dc3e7a30 00007ffa31516835
0x0000008b76effb00:   00000230dc3e7a30 00000230dc2f0d10
0x0000008b76effb10:   0000000000000008 0000008b746fe740
0x0000008b76effb20:   0000000000000008 0000000000000008
0x0000008b76effb30:   0000000000000005 00007ffa31260000
0x0000008b76effb40:   0000000000000000 00007ffa3186b0c1
0x0000008b76effb50:   0000000000000008 00000000000000f8
0x0000008b76effb60:   0000000000000001 00007ffa3126c07e
0x0000008b76effb70:   0000000000000005 00007ffa3126ea46
0x0000008b76effb80:   0000000000000000 0000000000000008
0x0000008b76effb90:   00007ffa31b836f0 0000000024a9f908
0x0000008b76effba0:   0000000000000000 0000000000000003 

Instructions: (pc=0x00007ffa31516374)
0x00007ffa31516274:   84 c0 78 3a 4c 8b 07 41 0f b6 c0 24 03 3c 03 75
0x00007ffa31516284:   06 49 83 e0 fc eb 12 48 8b 4b 10 4d 8b c8 4c 8b
0x00007ffa31516294:   c7 e8 96 15 ff ff 4c 8b c0 4c 2b 05 bc 3c 85 00
0x00007ffa315162a4:   8b 0d be 3c 85 00 49 d3 e8 44 89 06 eb 5a 3c fd
0x00007ffa315162b4:   75 37 41 8b 88 18 02 00 00 48 8b d7 49 8b 80 10
0x00007ffa315162c4:   02 00 00 48 d3 e0 8b 0d 10 cb 8b 00 48 2b d0 49
0x00007ffa315162d4:   8b 80 90 05 00 00 48 d3 ea 8b ca 80 7c 48 01 fd
0x00007ffa315162e4:   75 17 c6 44 48 01 ff eb 10 3c fc 75 0c 48 8b 4b
0x00007ffa315162f4:   10 48 8b d6 e8 e3 f2 ff ff 8b 53 18 4c 8b c7 48
0x00007ffa31516304:   8b 4b 28 e8 d4 4b fb ff 48 8b 4b 10 e8 8b ee fe
0x00007ffa31516314:   ff 48 8b 7c 24 30 48 8b 5c 24 38 48 83 c4 20 5e
0x00007ffa31516324:   c3 cc cc cc cc cc cc cc cc cc cc cc 48 89 5c 24
0x00007ffa31516334:   08 57 48 83 ec 20 4c 8b 12 48 8b da 48 8b f9 4d
0x00007ffa31516344:   85 d2 0f 84 a6 00 00 00 4c 8b 49 08 4d 8b c2 49
0x00007ffa31516354:   8b 81 a0 05 00 00 41 8b 89 b0 05 00 00 49 d3 e8
0x00007ffa31516364:   42 0f b7 14 40 0f b7 c2 66 c1 e8 08 84 c0 78 2c
0x00007ffa31516374:   49 8b 0a 0f b6 c1 24 03 3c 03 75 09 48 83 e1 fc
0x00007ffa31516384:   48 89 0b eb 60 4c 8b c9 4d 8b c2 48 8b 4f 10 e8
0x00007ffa31516394:   98 14 ff ff 48 8b c8 48 89 03 eb 49 3c fd 75 35
0x00007ffa315163a4:   41 8b 89 18 02 00 00 49 8b 81 10 02 00 00 48 d3
0x00007ffa315163b4:   e0 8b 0d 25 ca 8b 00 4c 2b d0 49 8b 81 90 05 00
0x00007ffa315163c4:   00 49 d3 ea 41 8b ca 80 7c 48 01 fd 75 17 c6 44
0x00007ffa315163d4:   48 01 ff eb 10 3c fc 75 0c 48 8b 4f 10 48 8b d3
0x00007ffa315163e4:   e8 97 f1 ff ff 48 8b 4f 10 e8 ae ed fe ff 48 8b
0x00007ffa315163f4:   5c 24 30 48 83 c4 20 5f c3 cc cc cc 48 89 5c 24
0x00007ffa31516404:   08 57 48 83 ec 20 8b 02 48 8b fa 48 8b d9 85 c0
0x00007ffa31516414:   0f 84 c7 00 00 00 8b 0d 48 3b 85 00 44 8b d0 4c
0x00007ffa31516424:   8b 4b 08 49 d3 e2 4c 03 15 2f 3b 85 00 4d 8b c2
0x00007ffa31516434:   49 8b 81 a0 05 00 00 41 8b 89 b0 05 00 00 49 d3
0x00007ffa31516444:   e8 42 0f b7 14 40 0f b7 c2 66 c1 e8 08 84 c0 78
0x00007ffa31516454:   3a 4d 8b 02 41 0f b6 c0 24 03 3c 03 75 06 49 83
0x00007ffa31516464:   e0 fc eb 12 48 8b 4b 10 4d 8b c8 4d 8b c2 e8 b9 


Stack slot to memory mapping:

stack at sp + 0 slots: 0x0000000024a90000 is an unknown value
stack at sp + 1 slots: 0x0000000000000001 is an unknown value
stack at sp + 2 slots: 0x0 is null
stack at sp + 3 slots: 0x0000000000000070 is an unknown value
stack at sp + 4 slots: 0x0000000000000004 is an unknown value
stack at sp + 5 slots: 0x00007ffa31516b55 jvm.dll
stack at sp + 6 slots: 0x00000230dc3e7a38 points into unknown readable memory: 0x00007ffa31b880e0 | e0 80 b8 31 fa 7f 00 00
stack at sp + 7 slots: 0x0000000000000008 is an unknown value


---------------  P R O C E S S  ---------------

Threads class SMR info:
_java_thread_list=0x00000230dc750610, length=18, elements={
0x00000230ecf02d90, 0x00000230fc289c80, 0x00000230fc28aba0, 0x00000230fc28d8b0,
0x00000230fc28e690, 0x00000230dc132c20, 0x00000230dc1365e0, 0x00000230dc138850,
0x00000230dc13bab0, 0x00000230dc2500e0, 0x00000230dc250e00, 0x00000230dc2521b0,
0x00000230dc250770, 0x00000230dc251490, 0x00000230dc252840, 0x00000230dc252ed0,
0x00000230dc77de20, 0x00000230dc77f1d0
}

Java Threads: ( => current thread )
  0x00000230ecf02d90 JavaThread "main"                              [_thread_in_native, id=22508, stack(0x0000008b73f00000,0x0000008b74000000) (1024K)]
  0x00000230fc289c80 JavaThread "Reference Handler"          daemon [_thread_blocked, id=28300, stack(0x0000008b74700000,0x0000008b74800000) (1024K)]
  0x00000230fc28aba0 JavaThread "Finalizer"                  daemon [_thread_blocked, id=10960, stack(0x0000008b74800000,0x0000008b74900000) (1024K)]
  0x00000230fc28d8b0 JavaThread "Signal Dispatcher"          daemon [_thread_blocked, id=6140, stack(0x0000008b74900000,0x0000008b74a00000) (1024K)]
  0x00000230fc28e690 JavaThread "Attach Listener"            daemon [_thread_blocked, id=10740, stack(0x0000008b74a00000,0x0000008b74b00000) (1024K)]
  0x00000230dc132c20 JavaThread "Service Thread"             daemon [_thread_blocked, id=1152, stack(0x0000008b74b00000,0x0000008b74c00000) (1024K)]
  0x00000230dc1365e0 JavaThread "Monitor Deflation Thread"   daemon [_thread_blocked, id=13544, stack(0x0000008b74c00000,0x0000008b74d00000) (1024K)]
  0x00000230dc138850 JavaThread "C2 CompilerThread0"         daemon [_thread_blocked, id=2956, stack(0x0000008b74d00000,0x0000008b74e00000) (1024K)]
  0x00000230dc13bab0 JavaThread "C1 CompilerThread0"         daemon [_thread_blocked, id=13276, stack(0x0000008b74e00000,0x0000008b74f00000) (1024K)]
  0x00000230dc2500e0 JavaThread "Common-Cleaner"             daemon [_thread_blocked, id=8756, stack(0x0000008b74f00000,0x0000008b75000000) (1024K)]
  0x00000230dc250e00 JavaThread "Monitor Ctrl-Break"         daemon [_thread_in_native, id=3440, stack(0x0000008b75000000,0x0000008b75100000) (1024K)]
  0x00000230dc2521b0 JavaThread "Notification Thread"        daemon [_thread_blocked, id=18380, stack(0x0000008b75100000,0x0000008b75200000) (1024K)]
  0x00000230dc250770 JavaThread "WebSocketConnectReadThread-22"        [_thread_in_native, id=28552, stack(0x0000008b75200000,0x0000008b75300000) (1024K)]
  0x00000230dc251490 JavaThread "WebSocketWriteThread-23"           [_thread_blocked, id=21380, stack(0x0000008b75500000,0x0000008b75600000) (1024K)]
  0x00000230dc252840 JavaThread "connectionLostChecker-1"           [_thread_blocked, id=12980, stack(0x0000008b75600000,0x0000008b75700000) (1024K)]
  0x00000230dc252ed0 JavaThread "Java Sound Event Dispatcher" daemon [_thread_blocked, id=22444, stack(0x0000008b75700000,0x0000008b75800000) (1024K)]
  0x00000230dc77de20 JavaThread "Thread-2"                          [_thread_in_native, id=23936, stack(0x0000008b75c00000,0x0000008b75d00000) (1024K)]
  0x00000230dc77f1d0 JavaThread "Thread-3"                          [_thread_blocked, id=10112, stack(0x0000008b76500000,0x0000008b76600000) (1024K)]
Total: 18

Other Threads:
  0x00000230fc267890 VMThread "VM Thread"                           [id=4764, stack(0x0000008b74600000,0x0000008b74700000) (1024K)]
  0x00000230fc24f620 WatcherThread "VM Periodic Task Thread"        [id=16496, stack(0x0000008b74500000,0x0000008b74600000) (1024K)]
  0x00000230ef119950 WorkerThread "GC Thread#0"                     [id=22768, stack(0x0000008b74000000,0x0000008b74100000) (1024K)]
  0x00000230dc1879f0 WorkerThread "GC Thread#1"                     [id=19520, stack(0x0000008b73c00000,0x0000008b73d00000) (1024K)]
  0x00000230dc187d90 WorkerThread "GC Thread#2"                     [id=14664, stack(0x0000008b73d00000,0x0000008b73e00000) (1024K)]
  0x00000230dc186f10 WorkerThread "GC Thread#3"                     [id=1380, stack(0x0000008b73e00000,0x0000008b73f00000) (1024K)]
  0x00000230dc187650 WorkerThread "GC Thread#4"                     [id=13596, stack(0x0000008b76a00000,0x0000008b76b00000) (1024K)]
  0x00000230dc1872b0 WorkerThread "GC Thread#5"                     [id=25096, stack(0x0000008b76b00000,0x0000008b76c00000) (1024K)]
  0x00000230dc188130 WorkerThread "GC Thread#6"                     [id=13136, stack(0x0000008b76c00000,0x0000008b76d00000) (1024K)]
  0x00000230dc1884d0 WorkerThread "GC Thread#7"                     [id=11600, stack(0x0000008b76d00000,0x0000008b76e00000) (1024K)]
=>0x00000230dc186b70 WorkerThread "GC Thread#8"                     [id=20788, stack(0x0000008b76e00000,0x0000008b76f00000) (1024K)]
  0x00000230dc4f2d30 WorkerThread "GC Thread#9"                     [id=18392, stack(0x0000008b76f00000,0x0000008b77000000) (1024K)]
  0x00000230ef12aa70 ConcurrentGCThread "G1 Main Marker"            [id=11200, stack(0x0000008b74100000,0x0000008b74200000) (1024K)]
  0x00000230ef12bd10 WorkerThread "G1 Conc#0"                       [id=3556, stack(0x0000008b74200000,0x0000008b74300000) (1024K)]
  0x00000230fc111fc0 ConcurrentGCThread "G1 Refine#0"               [id=18436, stack(0x0000008b74300000,0x0000008b74400000) (1024K)]
  0x00000230fc112b30 ConcurrentGCThread "G1 Service"                [id=21148, stack(0x0000008b74400000,0x0000008b74500000) (1024K)]
Total: 16

Threads with active compile tasks:
Total: 0

VM state: at safepoint (normal execution)

VM Mutex/Monitor currently owned by a thread:  ([mutex/lock_event])
[0x00007ffa31dea5f8] Threads_lock - owner thread: 0x00000230fc267890
[0x00007ffa31dea6f8] Heap_lock - owner thread: 0x00000230dc77f1d0

Heap address: 0x0000000600c00000, size: 8180 MB, Compressed Oops mode: Zero based, Oop shift amount: 3

CDS archive(s) mapped at: [0x0000023097000000-0x0000023097c90000-0x0000023097c90000), size 13172736, SharedBaseAddress: 0x0000023097000000, ArchiveRelocationMode: 1.
Compressed class space mapped at: 0x0000023098000000-0x00000230d8000000, reserved size: 1073741824
Narrow klass base: 0x0000023097000000, Narrow klass shift: 0, Narrow klass range: 0x100000000

GC Precious Log:
 CardTable entry size: 512
 Card Set container configuration: InlinePtr #cards 4 size 8 Array Of Cards #cards 32 size 80 Howl #buckets 8 coarsen threshold 7372 Howl Bitmap #cards 1024 size 144 coarsen threshold 921 Card regions per heap region 1 cards per card region 8192
 CPUs: 12 total, 12 available
 Memory: 32704M
 Large Page Support: Disabled
 NUMA Support: Disabled
 Compressed Oops: Enabled (Zero based)
 Heap Region Size: 4M
 Heap Min Capacity: 8M
 Heap Initial Capacity: 512M
 Heap Max Capacity: 8180M
 Pre-touch: Disabled
 Parallel Workers: 10
 Concurrent Workers: 3
 Concurrent Refinement Workers: 10
 Periodic GC: Disabled

Heap:
 garbage-first heap   total 524288K, used 24576K [0x0000000600c00000, 0x0000000800000000)
  region size 4096K, 7 young (28672K), 1 survivors (4096K)
 Metaspace       used 4581K, committed 4736K, reserved 1114112K
  class space    used 495K, committed 576K, reserved 1048576K

Heap Regions: E=young(eden), S=young(survivor), O=old, HS=humongous(starts), HC=humongous(continues), CS=collection set, F=free, TAMS=top-at-mark-start, PB=parsable bottom
|   0|0x0000000600c00000, 0x0000000600c00000, 0x0000000601000000|  0%| F|  |TAMS 0x0000000600c00000| PB 0x0000000600c00000| Untracked 
|   1|0x0000000601000000, 0x0000000601000000, 0x0000000601400000|  0%| F|  |TAMS 0x0000000601000000| PB 0x0000000601000000| Untracked 
|   2|0x0000000601400000, 0x0000000601400000, 0x0000000601800000|  0%| F|  |TAMS 0x0000000601400000| PB 0x0000000601400000| Untracked 
|   3|0x0000000601800000, 0x0000000601800000, 0x0000000601c00000|  0%| F|  |TAMS 0x0000000601800000| PB 0x0000000601800000| Untracked 
|   4|0x0000000601c00000, 0x0000000601c00000, 0x0000000602000000|  0%| F|  |TAMS 0x0000000601c00000| PB 0x0000000601c00000| Untracked 
|   5|0x0000000602000000, 0x0000000602000000, 0x0000000602400000|  0%| F|  |TAMS 0x0000000602000000| PB 0x0000000602000000| Untracked 
|   6|0x0000000602400000, 0x0000000602400000, 0x0000000602800000|  0%| F|  |TAMS 0x0000000602400000| PB 0x0000000602400000| Untracked 
|   7|0x0000000602800000, 0x0000000602800000, 0x0000000602c00000|  0%| F|  |TAMS 0x0000000602800000| PB 0x0000000602800000| Untracked 
|   8|0x0000000602c00000, 0x0000000602c00000, 0x0000000603000000|  0%| F|  |TAMS 0x0000000602c00000| PB 0x0000000602c00000| Untracked 
|   9|0x0000000603000000, 0x0000000603000000, 0x0000000603400000|  0%| F|  |TAMS 0x0000000603000000| PB 0x0000000603000000| Untracked 
|  10|0x0000000603400000, 0x0000000603400000, 0x0000000603800000|  0%| F|  |TAMS 0x0000000603400000| PB 0x0000000603400000| Untracked 
|  11|0x0000000603800000, 0x0000000603800000, 0x0000000603c00000|  0%| F|  |TAMS 0x0000000603800000| PB 0x0000000603800000| Untracked 
|  12|0x0000000603c00000, 0x0000000603c00000, 0x0000000604000000|  0%| F|  |TAMS 0x0000000603c00000| PB 0x0000000603c00000| Untracked 
|  13|0x0000000604000000, 0x0000000604000000, 0x0000000604400000|  0%| F|  |TAMS 0x0000000604000000| PB 0x0000000604000000| Untracked 
|  14|0x0000000604400000, 0x0000000604400000, 0x0000000604800000|  0%| F|  |TAMS 0x0000000604400000| PB 0x0000000604400000| Untracked 
|  15|0x0000000604800000, 0x0000000604800000, 0x0000000604c00000|  0%| F|  |TAMS 0x0000000604800000| PB 0x0000000604800000| Untracked 
|  16|0x0000000604c00000, 0x0000000604c00000, 0x0000000605000000|  0%| F|  |TAMS 0x0000000604c00000| PB 0x0000000604c00000| Untracked 
|  17|0x0000000605000000, 0x0000000605000000, 0x0000000605400000|  0%| F|  |TAMS 0x0000000605000000| PB 0x0000000605000000| Untracked 
|  18|0x0000000605400000, 0x0000000605400000, 0x0000000605800000|  0%| F|  |TAMS 0x0000000605400000| PB 0x0000000605400000| Untracked 
|  19|0x0000000605800000, 0x0000000605800000, 0x0000000605c00000|  0%| F|  |TAMS 0x0000000605800000| PB 0x0000000605800000| Untracked 
|  20|0x0000000605c00000, 0x0000000605c00000, 0x0000000606000000|  0%| F|  |TAMS 0x0000000605c00000| PB 0x0000000605c00000| Untracked 
|  21|0x0000000606000000, 0x0000000606000000, 0x0000000606400000|  0%| F|  |TAMS 0x0000000606000000| PB 0x0000000606000000| Untracked 
|  22|0x0000000606400000, 0x0000000606400000, 0x0000000606800000|  0%| F|  |TAMS 0x0000000606400000| PB 0x0000000606400000| Untracked 
|  23|0x0000000606800000, 0x0000000606800000, 0x0000000606c00000|  0%| F|  |TAMS 0x0000000606800000| PB 0x0000000606800000| Untracked 
|  24|0x0000000606c00000, 0x0000000606c00000, 0x0000000607000000|  0%| F|  |TAMS 0x0000000606c00000| PB 0x0000000606c00000| Untracked 
|  25|0x0000000607000000, 0x0000000607000000, 0x0000000607400000|  0%| F|  |TAMS 0x0000000607000000| PB 0x0000000607000000| Untracked 
|  26|0x0000000607400000, 0x0000000607400000, 0x0000000607800000|  0%| F|  |TAMS 0x0000000607400000| PB 0x0000000607400000| Untracked 
|  27|0x0000000607800000, 0x0000000607800000, 0x0000000607c00000|  0%| F|  |TAMS 0x0000000607800000| PB 0x0000000607800000| Untracked 
|  28|0x0000000607c00000, 0x0000000607c00000, 0x0000000608000000|  0%| F|  |TAMS 0x0000000607c00000| PB 0x0000000607c00000| Untracked 
|  29|0x0000000608000000, 0x0000000608000000, 0x0000000608400000|  0%| F|  |TAMS 0x0000000608000000| PB 0x0000000608000000| Untracked 
|  30|0x0000000608400000, 0x0000000608400000, 0x0000000608800000|  0%| F|  |TAMS 0x0000000608400000| PB 0x0000000608400000| Untracked 
|  31|0x0000000608800000, 0x0000000608800000, 0x0000000608c00000|  0%| F|  |TAMS 0x0000000608800000| PB 0x0000000608800000| Untracked 
|  32|0x0000000608c00000, 0x0000000608c00000, 0x0000000609000000|  0%| F|  |TAMS 0x0000000608c00000| PB 0x0000000608c00000| Untracked 
|  33|0x0000000609000000, 0x0000000609000000, 0x0000000609400000|  0%| F|  |TAMS 0x0000000609000000| PB 0x0000000609000000| Untracked 
|  34|0x0000000609400000, 0x0000000609400000, 0x0000000609800000|  0%| F|  |TAMS 0x0000000609400000| PB 0x0000000609400000| Untracked 
|  35|0x0000000609800000, 0x0000000609800000, 0x0000000609c00000|  0%| F|  |TAMS 0x0000000609800000| PB 0x0000000609800000| Untracked 
|  36|0x0000000609c00000, 0x0000000609c00000, 0x000000060a000000|  0%| F|  |TAMS 0x0000000609c00000| PB 0x0000000609c00000| Untracked 
|  37|0x000000060a000000, 0x000000060a000000, 0x000000060a400000|  0%| F|  |TAMS 0x000000060a000000| PB 0x000000060a000000| Untracked 
|  38|0x000000060a400000, 0x000000060a400000, 0x000000060a800000|  0%| F|  |TAMS 0x000000060a400000| PB 0x000000060a400000| Untracked 
|  39|0x000000060a800000, 0x000000060a800000, 0x000000060ac00000|  0%| F|  |TAMS 0x000000060a800000| PB 0x000000060a800000| Untracked 
|  40|0x000000060ac00000, 0x000000060ac00000, 0x000000060b000000|  0%| F|  |TAMS 0x000000060ac00000| PB 0x000000060ac00000| Untracked 
|  41|0x000000060b000000, 0x000000060b000000, 0x000000060b400000|  0%| F|  |TAMS 0x000000060b000000| PB 0x000000060b000000| Untracked 
|  42|0x000000060b400000, 0x000000060b400000, 0x000000060b800000|  0%| F|  |TAMS 0x000000060b400000| PB 0x000000060b400000| Untracked 
|  43|0x000000060b800000, 0x000000060b800000, 0x000000060bc00000|  0%| F|  |TAMS 0x000000060b800000| PB 0x000000060b800000| Untracked 
|  44|0x000000060bc00000, 0x000000060bc00000, 0x000000060c000000|  0%| F|  |TAMS 0x000000060bc00000| PB 0x000000060bc00000| Untracked 
|  45|0x000000060c000000, 0x000000060c000000, 0x000000060c400000|  0%| F|  |TAMS 0x000000060c000000| PB 0x000000060c000000| Untracked 
|  46|0x000000060c400000, 0x000000060c400000, 0x000000060c800000|  0%| F|  |TAMS 0x000000060c400000| PB 0x000000060c400000| Untracked 
|  47|0x000000060c800000, 0x000000060c800000, 0x000000060cc00000|  0%| F|  |TAMS 0x000000060c800000| PB 0x000000060c800000| Untracked 
|  48|0x000000060cc00000, 0x000000060cc00000, 0x000000060d000000|  0%| F|  |TAMS 0x000000060cc00000| PB 0x000000060cc00000| Untracked 
|  49|0x000000060d000000, 0x000000060d000000, 0x000000060d400000|  0%| F|  |TAMS 0x000000060d000000| PB 0x000000060d000000| Untracked 
|  50|0x000000060d400000, 0x000000060d400000, 0x000000060d800000|  0%| F|  |TAMS 0x000000060d400000| PB 0x000000060d400000| Untracked 
|  51|0x000000060d800000, 0x000000060d800000, 0x000000060dc00000|  0%| F|  |TAMS 0x000000060d800000| PB 0x000000060d800000| Untracked 
|  52|0x000000060dc00000, 0x000000060dc00000, 0x000000060e000000|  0%| F|  |TAMS 0x000000060dc00000| PB 0x000000060dc00000| Untracked 
|  53|0x000000060e000000, 0x000000060e000000, 0x000000060e400000|  0%| F|  |TAMS 0x000000060e000000| PB 0x000000060e000000| Untracked 
|  54|0x000000060e400000, 0x000000060e400000, 0x000000060e800000|  0%| F|  |TAMS 0x000000060e400000| PB 0x000000060e400000| Untracked 
|  55|0x000000060e800000, 0x000000060e800000, 0x000000060ec00000|  0%| F|  |TAMS 0x000000060e800000| PB 0x000000060e800000| Untracked 
|  56|0x000000060ec00000, 0x000000060ec00000, 0x000000060f000000|  0%| F|  |TAMS 0x000000060ec00000| PB 0x000000060ec00000| Untracked 
|  57|0x000000060f000000, 0x000000060f000000, 0x000000060f400000|  0%| F|  |TAMS 0x000000060f000000| PB 0x000000060f000000| Untracked 
|  58|0x000000060f400000, 0x000000060f400000, 0x000000060f800000|  0%| F|  |TAMS 0x000000060f400000| PB 0x000000060f400000| Untracked 
|  59|0x000000060f800000, 0x000000060f800000, 0x000000060fc00000|  0%| F|  |TAMS 0x000000060f800000| PB 0x000000060f800000| Untracked 
|  60|0x000000060fc00000, 0x000000060fc00000, 0x0000000610000000|  0%| F|  |TAMS 0x000000060fc00000| PB 0x000000060fc00000| Untracked 
|  61|0x0000000610000000, 0x0000000610000000, 0x0000000610400000|  0%| F|  |TAMS 0x0000000610000000| PB 0x0000000610000000| Untracked 
|  62|0x0000000610400000, 0x0000000610400000, 0x0000000610800000|  0%| F|  |TAMS 0x0000000610400000| PB 0x0000000610400000| Untracked 
|  63|0x0000000610800000, 0x0000000610800000, 0x0000000610c00000|  0%| F|  |TAMS 0x0000000610800000| PB 0x0000000610800000| Untracked 
|  64|0x0000000610c00000, 0x0000000610c00000, 0x0000000611000000|  0%| F|  |TAMS 0x0000000610c00000| PB 0x0000000610c00000| Untracked 
|  65|0x0000000611000000, 0x0000000611000000, 0x0000000611400000|  0%| F|  |TAMS 0x0000000611000000| PB 0x0000000611000000| Untracked 
|  66|0x0000000611400000, 0x0000000611400000, 0x0000000611800000|  0%| F|  |TAMS 0x0000000611400000| PB 0x0000000611400000| Untracked 
|  67|0x0000000611800000, 0x0000000611800000, 0x0000000611c00000|  0%| F|  |TAMS 0x0000000611800000| PB 0x0000000611800000| Untracked 
|  68|0x0000000611c00000, 0x0000000611c00000, 0x0000000612000000|  0%| F|  |TAMS 0x0000000611c00000| PB 0x0000000611c00000| Untracked 
|  69|0x0000000612000000, 0x0000000612000000, 0x0000000612400000|  0%| F|  |TAMS 0x0000000612000000| PB 0x0000000612000000| Untracked 
|  70|0x0000000612400000, 0x0000000612400000, 0x0000000612800000|  0%| F|  |TAMS 0x0000000612400000| PB 0x0000000612400000| Untracked 
|  71|0x0000000612800000, 0x0000000612800000, 0x0000000612c00000|  0%| F|  |TAMS 0x0000000612800000| PB 0x0000000612800000| Untracked 
|  72|0x0000000612c00000, 0x0000000612c00000, 0x0000000613000000|  0%| F|  |TAMS 0x0000000612c00000| PB 0x0000000612c00000| Untracked 
|  73|0x0000000613000000, 0x0000000613000000, 0x0000000613400000|  0%| F|  |TAMS 0x0000000613000000| PB 0x0000000613000000| Untracked 
|  74|0x0000000613400000, 0x0000000613400000, 0x0000000613800000|  0%| F|  |TAMS 0x0000000613400000| PB 0x0000000613400000| Untracked 
|  75|0x0000000613800000, 0x0000000613800000, 0x0000000613c00000|  0%| F|  |TAMS 0x0000000613800000| PB 0x0000000613800000| Untracked 
|  76|0x0000000613c00000, 0x0000000613c00000, 0x0000000614000000|  0%| F|  |TAMS 0x0000000613c00000| PB 0x0000000613c00000| Untracked 
|  77|0x0000000614000000, 0x0000000614000000, 0x0000000614400000|  0%| F|  |TAMS 0x0000000614000000| PB 0x0000000614000000| Untracked 
|  78|0x0000000614400000, 0x0000000614400000, 0x0000000614800000|  0%| F|  |TAMS 0x0000000614400000| PB 0x0000000614400000| Untracked 
|  79|0x0000000614800000, 0x0000000614800000, 0x0000000614c00000|  0%| F|  |TAMS 0x0000000614800000| PB 0x0000000614800000| Untracked 
|  80|0x0000000614c00000, 0x0000000614c00000, 0x0000000615000000|  0%| F|  |TAMS 0x0000000614c00000| PB 0x0000000614c00000| Untracked 
|  81|0x0000000615000000, 0x0000000615000000, 0x0000000615400000|  0%| F|  |TAMS 0x0000000615000000| PB 0x0000000615000000| Untracked 
|  82|0x0000000615400000, 0x0000000615400000, 0x0000000615800000|  0%| F|  |TAMS 0x0000000615400000| PB 0x0000000615400000| Untracked 
|  83|0x0000000615800000, 0x0000000615800000, 0x0000000615c00000|  0%| F|  |TAMS 0x0000000615800000| PB 0x0000000615800000| Untracked 
|  84|0x0000000615c00000, 0x0000000615c00000, 0x0000000616000000|  0%| F|  |TAMS 0x0000000615c00000| PB 0x0000000615c00000| Untracked 
|  85|0x0000000616000000, 0x0000000616000000, 0x0000000616400000|  0%| F|  |TAMS 0x0000000616000000| PB 0x0000000616000000| Untracked 
|  86|0x0000000616400000, 0x0000000616400000, 0x0000000616800000|  0%| F|  |TAMS 0x0000000616400000| PB 0x0000000616400000| Untracked 
|  87|0x0000000616800000, 0x0000000616800000, 0x0000000616c00000|  0%| F|  |TAMS 0x0000000616800000| PB 0x0000000616800000| Untracked 
|  88|0x0000000616c00000, 0x0000000616c00000, 0x0000000617000000|  0%| F|  |TAMS 0x0000000616c00000| PB 0x0000000616c00000| Untracked 
|  89|0x0000000617000000, 0x0000000617000000, 0x0000000617400000|  0%| F|  |TAMS 0x0000000617000000| PB 0x0000000617000000| Untracked 
|  90|0x0000000617400000, 0x0000000617400000, 0x0000000617800000|  0%| F|  |TAMS 0x0000000617400000| PB 0x0000000617400000| Untracked 
|  91|0x0000000617800000, 0x0000000617800000, 0x0000000617c00000|  0%| F|  |TAMS 0x0000000617800000| PB 0x0000000617800000| Untracked 
|  92|0x0000000617c00000, 0x0000000617c00000, 0x0000000618000000|  0%| F|  |TAMS 0x0000000617c00000| PB 0x0000000617c00000| Untracked 
|  93|0x0000000618000000, 0x0000000618000000, 0x0000000618400000|  0%| F|  |TAMS 0x0000000618000000| PB 0x0000000618000000| Untracked 
|  94|0x0000000618400000, 0x0000000618400000, 0x0000000618800000|  0%| F|  |TAMS 0x0000000618400000| PB 0x0000000618400000| Untracked 
|  95|0x0000000618800000, 0x0000000618800000, 0x0000000618c00000|  0%| F|  |TAMS 0x0000000618800000| PB 0x0000000618800000| Untracked 
|  96|0x0000000618c00000, 0x0000000618c00000, 0x0000000619000000|  0%| F|  |TAMS 0x0000000618c00000| PB 0x0000000618c00000| Untracked 
|  97|0x0000000619000000, 0x0000000619000000, 0x0000000619400000|  0%| F|  |TAMS 0x0000000619000000| PB 0x0000000619000000| Untracked 
|  98|0x0000000619400000, 0x0000000619400000, 0x0000000619800000|  0%| F|  |TAMS 0x0000000619400000| PB 0x0000000619400000| Untracked 
|  99|0x0000000619800000, 0x0000000619800000, 0x0000000619c00000|  0%| F|  |TAMS 0x0000000619800000| PB 0x0000000619800000| Untracked 
| 100|0x0000000619c00000, 0x0000000619c00000, 0x000000061a000000|  0%| F|  |TAMS 0x0000000619c00000| PB 0x0000000619c00000| Untracked 
| 101|0x000000061a000000, 0x000000061a000000, 0x000000061a400000|  0%| F|  |TAMS 0x000000061a000000| PB 0x000000061a000000| Untracked 
| 102|0x000000061a400000, 0x000000061a400000, 0x000000061a800000|  0%| F|  |TAMS 0x000000061a400000| PB 0x000000061a400000| Untracked 
| 103|0x000000061a800000, 0x000000061a800000, 0x000000061ac00000|  0%| F|  |TAMS 0x000000061a800000| PB 0x000000061a800000| Untracked 
| 104|0x000000061ac00000, 0x000000061ac00000, 0x000000061b000000|  0%| F|  |TAMS 0x000000061ac00000| PB 0x000000061ac00000| Untracked 
| 105|0x000000061b000000, 0x000000061b000000, 0x000000061b400000|  0%| F|  |TAMS 0x000000061b000000| PB 0x000000061b000000| Untracked 
| 106|0x000000061b400000, 0x000000061b400000, 0x000000061b800000|  0%| F|  |TAMS 0x000000061b400000| PB 0x000000061b400000| Untracked 
| 107|0x000000061b800000, 0x000000061b800000, 0x000000061bc00000|  0%| F|  |TAMS 0x000000061b800000| PB 0x000000061b800000| Untracked 
| 108|0x000000061bc00000, 0x000000061bc00000, 0x000000061c000000|  0%| F|  |TAMS 0x000000061bc00000| PB 0x000000061bc00000| Untracked 
| 109|0x000000061c000000, 0x000000061c000000, 0x000000061c400000|  0%| F|  |TAMS 0x000000061c000000| PB 0x000000061c000000| Untracked 
| 110|0x000000061c400000, 0x000000061c400000, 0x000000061c800000|  0%| F|  |TAMS 0x000000061c400000| PB 0x000000061c400000| Untracked 
| 111|0x000000061c800000, 0x000000061c800000, 0x000000061cc00000|  0%| F|  |TAMS 0x000000061c800000| PB 0x000000061c800000| Untracked 
| 112|0x000000061cc00000, 0x000000061cc00000, 0x000000061d000000|  0%| F|  |TAMS 0x000000061cc00000| PB 0x000000061cc00000| Untracked 
| 113|0x000000061d000000, 0x000000061d000000, 0x000000061d400000|  0%| F|  |TAMS 0x000000061d000000| PB 0x000000061d000000| Untracked 
| 114|0x000000061d400000, 0x000000061d400000, 0x000000061d800000|  0%| F|  |TAMS 0x000000061d400000| PB 0x000000061d400000| Untracked 
| 115|0x000000061d800000, 0x000000061d800000, 0x000000061dc00000|  0%| F|  |TAMS 0x000000061d800000| PB 0x000000061d800000| Untracked 
| 116|0x000000061dc00000, 0x000000061dc00000, 0x000000061e000000|  0%| F|  |TAMS 0x000000061dc00000| PB 0x000000061dc00000| Untracked 
| 117|0x000000061e000000, 0x000000061e000000, 0x000000061e400000|  0%| F|  |TAMS 0x000000061e000000| PB 0x000000061e000000| Untracked 
| 118|0x000000061e400000, 0x000000061e400000, 0x000000061e800000|  0%| F|  |TAMS 0x000000061e400000| PB 0x000000061e400000| Untracked 
| 119|0x000000061e800000, 0x000000061e800000, 0x000000061ec00000|  0%| F|  |TAMS 0x000000061e800000| PB 0x000000061e800000| Untracked 
| 120|0x000000061ec00000, 0x000000061ec00000, 0x000000061f000000|  0%| F|  |TAMS 0x000000061ec00000| PB 0x000000061ec00000| Untracked 
| 121|0x000000061f000000, 0x000000061f2aab10, 0x000000061f400000| 66%| S|  |TAMS 0x000000061f000000| PB 0x000000061f000000| Complete 
| 122|0x000000061f400000, 0x000000061f800000, 0x000000061f800000|100%| E|CS|TAMS 0x000000061f400000| PB 0x000000061f400000| Complete 
| 123|0x000000061f800000, 0x000000061fc00000, 0x000000061fc00000|100%| E|CS|TAMS 0x000000061f800000| PB 0x000000061f800000| Complete 
| 124|0x000000061fc00000, 0x0000000620000000, 0x0000000620000000|100%| E|CS|TAMS 0x000000061fc00000| PB 0x000000061fc00000| Complete 
| 125|0x0000000620000000, 0x0000000620400000, 0x0000000620400000|100%| E|CS|TAMS 0x0000000620000000| PB 0x0000000620000000| Complete 
| 126|0x0000000620400000, 0x0000000620800000, 0x0000000620800000|100%| E|CS|TAMS 0x0000000620400000| PB 0x0000000620400000| Complete 
| 127|0x0000000620800000, 0x0000000620c00000, 0x0000000620c00000|100%| E|CS|TAMS 0x0000000620800000| PB 0x0000000620800000| Complete 

Card table byte_map: [0x00000230f8a20000,0x00000230f9a20000] _byte_map_base: 0x00000230f5a1a000

Marking Bits: (CMBitMap*) 0x00000230ef11a050
 Bits: [0x000002308f000000, 0x0000023096fd0000)

Polling page: 0x00000230ed050000

Metaspace:

Usage:
  Non-class:      3.99 MB used.
      Class:    495.55 KB used.
       Both:      4.47 MB used.

Virtual space:
  Non-class space:       64.00 MB reserved,       4.06 MB (  6%) committed,  1 nodes.
      Class space:        1.00 GB reserved,     576.00 KB ( <1%) committed,  1 nodes.
             Both:        1.06 GB reserved,       4.62 MB ( <1%) committed. 

Chunk freelists:
   Non-Class:  10.88 MB
       Class:  15.46 MB
        Both:  26.34 MB

MaxMetaspaceSize: unlimited
CompressedClassSpaceSize: 1.00 GB
Initial GC threshold: 21.00 MB
Current GC threshold: 21.00 MB
CDS: on
 - commit_granule_bytes: 65536.
 - commit_granule_words: 8192.
 - virtual_space_node_default_size: 8388608.
 - enlarge_chunks_in_place: 1.
 - use_allocation_guard: 0.


Internal statistics:

num_allocs_failed_limit: 0.
num_arena_births: 62.
num_arena_deaths: 0.
num_vsnodes_births: 2.
num_vsnodes_deaths: 0.
num_space_committed: 74.
num_space_uncommitted: 0.
num_chunks_returned_to_freelist: 0.
num_chunks_taken_from_freelist: 133.
num_chunk_merges: 0.
num_chunk_splits: 87.
num_chunks_enlarged: 64.
num_inconsistent_stats: 0.

CodeHeap 'non-profiled nmethods': size=120000Kb used=361Kb max_used=361Kb free=119639Kb
 bounds [0x0000023087ad0000, 0x0000023087d40000, 0x000002308f000000]
CodeHeap 'profiled nmethods': size=120000Kb used=1773Kb max_used=1773Kb free=118226Kb
 bounds [0x0000023080000000, 0x0000023080270000, 0x0000023087530000]
CodeHeap 'non-nmethods': size=5760Kb used=1374Kb max_used=1397Kb free=4385Kb
 bounds [0x0000023087530000, 0x00000230877a0000, 0x0000023087ad0000]
 total_blobs=1488 nmethods=1011 adapters=382
 compilation: enabled
              stopped_count=0, restarted_count=0
 full_count=0

Compilation events (20 events):
Event: 27.120 Thread 0x00000230dc138850 1001   !   4       java.io.PrintStream::println (44 bytes)
Event: 27.121 Thread 0x00000230dc138850 nmethod 1001 0x0000023087b21e90 code [0x0000023087b22020, 0x0000023087b220f8]
Event: 29.440 Thread 0x00000230dc138850 1002       4       java.lang.Integer::toString (55 bytes)
Event: 29.447 Thread 0x00000230dc138850 nmethod 1002 0x0000023087b22210 code [0x0000023087b223e0, 0x0000023087b22ac0]
Event: 29.510 Thread 0x00000230dc138850 1003   !   4       java.io.PrintStream::println (44 bytes)
Event: 29.518 Thread 0x00000230dc138850 nmethod 1003 0x0000023087b22e10 code [0x0000023087b22fe0, 0x0000023087b23730]
Event: 29.800 Thread 0x00000230dc138850 1004       4       org.example.WebRtcPeerConnectionHandler$2::onData (30 bytes)
Event: 29.814 Thread 0x00000230dc138850 nmethod 1004 0x0000023087b23b10 code [0x0000023087b23da0, 0x0000023087b25090]
Event: 41.020 Thread 0x00000230dc13bab0 1005   !   3       java.io.BufferedWriter::flushBuffer (63 bytes)
Event: 41.021 Thread 0x00000230dc13bab0 nmethod 1005 0x00000230801b5a10 code [0x00000230801b5d20, 0x00000230801b7148]
Event: 41.200 Thread 0x00000230dc138850 1006   !   4       java.nio.charset.CharsetEncoder::encode (273 bytes)
Event: 41.204 Thread 0x00000230dc138850 nmethod 1006 0x0000023087b25a90 code [0x0000023087b25c60, 0x0000023087b26280]
Event: 41.204 Thread 0x00000230dc138850 1007       4       sun.nio.cs.UTF_8$Encoder::encodeLoop (28 bytes)
Event: 41.207 Thread 0x00000230dc138850 nmethod 1007 0x0000023087b26890 code [0x0000023087b26a60, 0x0000023087b26ee0]
Event: 54.601 Thread 0x00000230dc138850 1008   !   4       java.io.BufferedWriter::flushBuffer (63 bytes)
Event: 54.626 Thread 0x00000230dc138850 nmethod 1008 0x0000023087b27290 code [0x0000023087b27580, 0x0000023087b28bd8]
Event: 60.269 Thread 0x00000230dc13bab0 1009       3       java.lang.invoke.VarHandleGuards::guard_LII_V (135 bytes)
Event: 60.271 Thread 0x00000230dc13bab0 nmethod 1009 0x00000230801b7910 code [0x00000230801b7d40, 0x00000230801ba370]
Event: 60.271 Thread 0x00000230dc13bab0 1010       3       java.lang.invoke.VarHandleByteArrayAsInts$ArrayHandle::set (39 bytes)
Event: 60.271 Thread 0x00000230dc13bab0 nmethod 1010 0x00000230801bae90 code [0x00000230801bb060, 0x00000230801bb490]

GC Heap History (1 events):
Event: 61.511 GC heap before
{Heap before GC invocations=0 (full 0):
 garbage-first heap   total 524288K, used 24576K [0x0000000600c00000, 0x0000000800000000)
  region size 4096K, 6 young (24576K), 0 survivors (0K)
 Metaspace       used 4581K, committed 4736K, reserved 1114112K
  class space    used 495K, committed 576K, reserved 1048576K
}

Dll operation events (13 events):
Event: 0.008 Loaded shared library C:\Program Files\Java\jdk-21\bin\java.dll
Event: 0.039 Loaded shared library C:\Program Files\Java\jdk-21\bin\jsvml.dll
Event: 0.087 Loaded shared library C:\Program Files\Java\jdk-21\bin\zip.dll
Event: 0.090 Loaded shared library C:\Program Files\Java\jdk-21\bin\instrument.dll
Event: 0.094 Loaded shared library C:\Program Files\Java\jdk-21\bin\net.dll
Event: 0.096 Loaded shared library C:\Program Files\Java\jdk-21\bin\nio.dll
Event: 0.099 Loaded shared library C:\Program Files\Java\jdk-21\bin\zip.dll
Event: 0.121 Loaded shared library C:\Users\Nico\AppData\Local\Programs\IntelliJ IDEA Community Edition\bin\breakgen64.dll
Event: 0.129 Loaded shared library C:\Program Files\Java\jdk-21\bin\extnet.dll
Event: 0.167 Loaded shared library C:\Program Files\Java\jdk-21\bin\jimage.dll
Event: 0.184 Loaded shared library C:\Program Files\Java\jdk-21\bin\verify.dll
Event: 0.229 Loaded shared library C:\Program Files\Java\jdk-21\bin\jsound.dll
Event: 0.627 Loaded shared library C:\Users\Nico\AppData\Local\Temp\webrtc-java11332858964701033012.dll

Deoptimization events (20 events):
Event: 0.152 Thread 0x00000230ecf02d90 DEOPT PACKING pc=0x000002308002d499 sp=0x0000008b73ffa070
Event: 0.152 Thread 0x00000230ecf02d90 DEOPT UNPACKING pc=0x0000023087584e42 sp=0x0000008b73ff9490 mode 0
Event: 0.157 Thread 0x00000230ecf02d90 DEOPT PACKING pc=0x0000023080009be1 sp=0x0000008b73ffd010
Event: 0.157 Thread 0x00000230ecf02d90 DEOPT UNPACKING pc=0x0000023087584e42 sp=0x0000008b73ffc478 mode 0
Event: 0.214 Thread 0x00000230ecf02d90 Uncommon trap: trap_request=0xffffff45 fr.pc=0x0000023087ade1ec relative=0x0000000000000a8c
Event: 0.214 Thread 0x00000230ecf02d90 Uncommon trap: reason=unstable_if action=reinterpret pc=0x0000023087ade1ec method=java.util.HashMap.putVal(ILjava/lang/Object;Ljava/lang/Object;ZZ)Ljava/lang/Object; @ 181 c2
Event: 0.215 Thread 0x00000230ecf02d90 DEOPT PACKING pc=0x0000023087ade1ec sp=0x0000008b73ffedd0
Event: 0.215 Thread 0x00000230ecf02d90 DEOPT UNPACKING pc=0x00000230875846a2 sp=0x0000008b73ffed90 mode 2
Event: 0.635 Thread 0x00000230dc250770 DEOPT PACKING pc=0x00000230800c1c0a sp=0x0000008b752fcd60
Event: 0.635 Thread 0x00000230dc250770 DEOPT UNPACKING pc=0x0000023087584e42 sp=0x0000008b752fc198 mode 0
Event: 0.825 Thread 0x00000230dc250770 DEOPT PACKING pc=0x0000023080060395 sp=0x0000008b752fa5f0
Event: 0.825 Thread 0x00000230dc250770 DEOPT UNPACKING pc=0x0000023087584e42 sp=0x0000008b752f9a40 mode 0
Event: 1.050 Thread 0x00000230fc28e690 DEOPT PACKING pc=0x000002308007718e sp=0x0000008b74afd4e0
Event: 1.050 Thread 0x00000230fc28e690 DEOPT UNPACKING pc=0x0000023087584e42 sp=0x0000008b74afc950 mode 0
Event: 1.539 Thread 0x00000230dc77f1d0 DEOPT PACKING pc=0x00000230800645ce sp=0x0000008b765fe7d0
Event: 1.539 Thread 0x00000230dc77f1d0 DEOPT UNPACKING pc=0x0000023087584e42 sp=0x0000008b765fdc48 mode 0
Event: 40.723 Thread 0x00000230dc77de20 Uncommon trap: trap_request=0xffffff45 fr.pc=0x0000023087b1b810 relative=0x0000000000000bd0
Event: 40.723 Thread 0x00000230dc77de20 Uncommon trap: reason=unstable_if action=reinterpret pc=0x0000023087b1b810 method=sun.nio.cs.StreamEncoder.growByteBufferIfNeeded(I)V @ 13 c2
Event: 40.723 Thread 0x00000230dc77de20 DEOPT PACKING pc=0x0000023087b1b810 sp=0x0000008b75cfeff0
Event: 40.723 Thread 0x00000230dc77de20 DEOPT UNPACKING pc=0x00000230875846a2 sp=0x0000008b75cfec78 mode 2

Classes loaded (20 events):
Event: 1.053 Loading class java/time/zone/Ser
Event: 1.053 Loading class java/io/Externalizable
Event: 1.053 Loading class java/io/Externalizable done
Event: 1.053 Loading class java/time/zone/Ser done
Event: 1.054 Loading class java/time/Month
Event: 1.054 Loading class java/time/Month done
Event: 1.054 Loading class java/time/DayOfWeek
Event: 1.054 Loading class java/time/DayOfWeek done
Event: 1.054 Loading class java/time/zone/ZoneOffsetTransitionRule$TimeDefinition
Event: 1.054 Loading class java/time/zone/ZoneOffsetTransitionRule$TimeDefinition done
Event: 1.055 Loading class java/time/zone/ZoneOffsetTransition
Event: 1.055 Loading class java/time/zone/ZoneOffsetTransition done
Event: 1.056 Loading class sun/util/cldr/CLDRBaseLocaleDataMetaInfo$TZCanonicalIDMapHolder
Event: 1.056 Loading class sun/util/cldr/CLDRBaseLocaleDataMetaInfo$TZCanonicalIDMapHolder done
Event: 1.057 Loading class sun/util/resources/TimeZoneNames
Event: 1.057 Loading class sun/util/resources/TimeZoneNames done
Event: 1.058 Loading class sun/util/resources/TimeZoneNames_en
Event: 1.058 Loading class sun/util/resources/TimeZoneNames_en done
Event: 13.830 Loading class java/lang/foreign/MemorySegment
Event: 13.830 Loading class java/lang/foreign/MemorySegment done

Classes unloaded (0 events):
No events

Classes redefined (0 events):
No events

Internal exceptions (12 events):
Event: 0.113 Thread 0x00000230ecf02d90 Exception <a 'java/lang/NoSuchMethodError'{0x0000000620b9d2e8}: 'void java.lang.invoke.DirectMethodHandle$Holder.invokeStatic(java.lang.Object, java.lang.Object, java.lang.Object)'> (0x0000000620b9d2e8) 
thrown [s\open\src\hotspot\share\interpreter\linkResolver.cpp, line 773]
Event: 0.117 Thread 0x00000230ecf02d90 Exception <a 'java/lang/NoSuchMethodError'{0x0000000620bb48e0}: 'java.lang.Object java.lang.invoke.Invokers$Holder.invokeExact_MT(java.lang.Object, java.lang.Object, java.lang.Object, java.lang.Object, java.lang.Object)'> (0x0000000620bb48e0) 
thrown [s\open\src\hotspot\share\interpreter\linkResolver.cpp, line 773]
Event: 0.130 Thread 0x00000230dc250e00 Exception <a 'java/lang/NoSuchMethodError'{0x0000000620bfb288}: 'void java.lang.invoke.DirectMethodHandle$Holder.invokeStatic(java.lang.Object, java.lang.Object)'> (0x0000000620bfb288) 
thrown [s\open\src\hotspot\share\interpreter\linkResolver.cpp, line 773]
Event: 0.187 Thread 0x00000230ecf02d90 Exception <a 'java/lang/NoClassDefFoundError'{0x000000062065c080}: org/slf4j/impl/StaticLoggerBinder> (0x000000062065c080) 
thrown [s\open\src\hotspot\share\classfile\systemDictionary.cpp, line 301]
Event: 0.219 Thread 0x00000230ecf02d90 Exception <a 'java/lang/NoSuchMethodError'{0x00000006206bafc8}: 'java.lang.Object java.lang.invoke.DirectMethodHandle$Holder.invokeStaticInit(java.lang.Object, int, int, int, int)'> (0x00000006206bafc8) 
thrown [s\open\src\hotspot\share\interpreter\linkResolver.cpp, line 773]
Event: 0.249 Thread 0x00000230dc250770 Exception <a 'java/lang/NoSuchMethodError'{0x000000062075de38}: 'java.lang.Object java.lang.invoke.DirectMethodHandle$Holder.invokeStaticInit(java.lang.Object, java.lang.Object, int, int, int, int)'> (0x000000062075de38) 
thrown [s\open\src\hotspot\share\interpreter\linkResolver.cpp, line 773]
Event: 0.271 Thread 0x00000230dc250770 Exception <a 'java/lang/NoSuchMethodError'{0x00000006207d0a28}: 'int java.lang.invoke.DirectMethodHandle$Holder.invokeSpecial(java.lang.Object, java.lang.Object, java.lang.Object)'> (0x00000006207d0a28) 
thrown [s\open\src\hotspot\share\interpreter\linkResolver.cpp, line 773]
Event: 0.279 Thread 0x00000230dc250770 Exception <a 'java/lang/NoSuchMethodError'{0x000000062001dc90}: 'void java.lang.invoke.Invokers$Holder.invokeExact_MT(java.lang.Object, java.lang.Object, java.lang.Object, java.lang.Object)'> (0x000000062001dc90) 
thrown [s\open\src\hotspot\share\interpreter\linkResolver.cpp, line 773]
Event: 0.965 Thread 0x00000230dc77de20 Exception <a 'java/lang/NoSuchMethodError'{0x0000000620281630}: 'java.lang.Object java.lang.invoke.DirectMethodHandle$Holder.newInvokeSpecial(java.lang.Object, java.lang.Object, java.lang.Object, java.lang.Object, int)'> (0x0000000620281630) 
thrown [s\open\src\hotspot\share\interpreter\linkResolver.cpp, line 773]
Event: 0.965 Thread 0x00000230dc77de20 Exception <a 'java/lang/NoSuchMethodError'{0x0000000620285618}: 'java.lang.Object java.lang.invoke.DirectMethodHandle$Holder.invokeSpecial(java.lang.Object, java.lang.Object, java.lang.Object, java.lang.Object, java.lang.Object, int)'> (0x0000000620285618) 
thrown [s\open\src\hotspot\share\interpreter\linkResolver.cpp, line 773]
Event: 0.966 Thread 0x00000230dc77de20 Exception <a 'java/lang/NoSuchMethodError'{0x0000000620288dd8}: 'java.lang.Object java.lang.invoke.Invokers$Holder.linkToTargetMethod(java.lang.Object, java.lang.Object, java.lang.Object, int, java.lang.Object)'> (0x0000000620288dd8) 
thrown [s\open\src\hotspot\share\interpreter\linkResolver.cpp, line 773]
Event: 1.059 Thread 0x00000230fc28e690 Exception <a 'java/lang/NoSuchMethodError'{0x000000061fc55158}: 'java.lang.Object java.lang.invoke.Invokers$Holder.invokeExact_MT(java.lang.Object, java.lang.Object, java.lang.Object, java.lang.Object, java.lang.Object, java.lang.Object)'> (0x000000061fc55158) 
thrown [s\open\src\hotspot\share\interpreter\linkResolver.cpp, line 773]

ZGC Phase Switch (0 events):
No events

VM Operations (20 events):
Event: 0.834 Executing VM operation: HandshakeAllThreads (Deoptimize) done
Event: 1.845 Executing VM operation: Cleanup
Event: 1.845 Executing VM operation: Cleanup done
Event: 2.845 Executing VM operation: Cleanup
Event: 2.845 Executing VM operation: Cleanup done
Event: 7.847 Executing VM operation: Cleanup
Event: 7.847 Executing VM operation: Cleanup done
Event: 10.849 Executing VM operation: Cleanup
Event: 10.849 Executing VM operation: Cleanup done
Event: 14.851 Executing VM operation: Cleanup
Event: 14.851 Executing VM operation: Cleanup done
Event: 60.172 Executing VM operation: HandshakeAllThreads (HandshakeForDeflation)
Event: 60.172 Executing VM operation: HandshakeAllThreads (HandshakeForDeflation) done
Event: 60.172 Executing VM operation: Cleanup
Event: 60.172 Executing VM operation: Cleanup done
Event: 60.172 Executing VM operation: RendezvousGCThreads
Event: 60.172 Executing VM operation: RendezvousGCThreads done
Event: 61.173 Executing VM operation: Cleanup
Event: 61.173 Executing VM operation: Cleanup done
Event: 61.511 Executing VM operation: G1CollectForAllocation (G1 Evacuation Pause)

Events (18 events):
Event: 0.023 Thread 0x00000230ecf02d90 Thread added: 0x00000230ecf02d90
Event: 0.037 Thread 0x00000230fc289c80 Thread added: 0x00000230fc289c80
Event: 0.037 Thread 0x00000230fc28aba0 Thread added: 0x00000230fc28aba0
Event: 0.037 Thread 0x00000230fc28d8b0 Thread added: 0x00000230fc28d8b0
Event: 0.038 Thread 0x00000230fc28e690 Thread added: 0x00000230fc28e690
Event: 0.038 Thread 0x00000230dc132c20 Thread added: 0x00000230dc132c20
Event: 0.038 Thread 0x00000230dc1365e0 Thread added: 0x00000230dc1365e0
Event: 0.038 Thread 0x00000230dc138850 Thread added: 0x00000230dc138850
Event: 0.038 Thread 0x00000230dc13bab0 Thread added: 0x00000230dc13bab0
Event: 0.068 Thread 0x00000230dc2500e0 Thread added: 0x00000230dc2500e0
Event: 0.121 Thread 0x00000230dc250e00 Thread added: 0x00000230dc250e00
Event: 0.121 Thread 0x00000230dc2521b0 Thread added: 0x00000230dc2521b0
Event: 0.223 Thread 0x00000230dc250770 Thread added: 0x00000230dc250770
Event: 0.255 Thread 0x00000230dc251490 Thread added: 0x00000230dc251490
Event: 0.261 Thread 0x00000230dc252840 Thread added: 0x00000230dc252840
Event: 0.398 Thread 0x00000230dc252ed0 Thread added: 0x00000230dc252ed0
Event: 0.857 Thread 0x00000230dc77de20 Thread added: 0x00000230dc77de20
Event: 0.915 Thread 0x00000230dc77f1d0 Thread added: 0x00000230dc77f1d0


Dynamic libraries:
0x00007ff770730000 - 0x00007ff770740000 	C:\Program Files\Java\jdk-21\bin\java.exe
0x00007ffab4d50000 - 0x00007ffab4f48000 	C:\WINDOWS\SYSTEM32\ntdll.dll
0x00007ffab32e0000 - 0x00007ffab339d000 	C:\WINDOWS\System32\KERNEL32.DLL
0x00007ffab2690000 - 0x00007ffab2986000 	C:\WINDOWS\System32\KERNELBASE.dll
0x00007ffab2560000 - 0x00007ffab2660000 	C:\WINDOWS\System32\ucrtbase.dll
0x00007ffa3ad90000 - 0x00007ffa3ada9000 	C:\Program Files\Java\jdk-21\bin\jli.dll
0x00007ffab42d0000 - 0x00007ffab4380000 	C:\WINDOWS\System32\ADVAPI32.dll
0x00007ffa3adb0000 - 0x00007ffa3adcb000 	C:\Program Files\Java\jdk-21\bin\VCRUNTIME140.dll
0x00007ffab3f50000 - 0x00007ffab3fee000 	C:\WINDOWS\System32\msvcrt.dll
0x00007ffab33a0000 - 0x00007ffab3440000 	C:\WINDOWS\System32\sechost.dll
0x00007ffab2d80000 - 0x00007ffab2ea3000 	C:\WINDOWS\System32\RPCRT4.dll
0x00007ffab2660000 - 0x00007ffab2687000 	C:\WINDOWS\System32\bcrypt.dll
0x00007ffab3130000 - 0x00007ffab32cf000 	C:\WINDOWS\System32\USER32.dll
0x00007ffab2cb0000 - 0x00007ffab2cd2000 	C:\WINDOWS\System32\win32u.dll
0x00007ffa9d8b0000 - 0x00007ffa9db4a000 	C:\WINDOWS\WinSxS\amd64_microsoft.windows.common-controls_6595b64144ccf1df_6.0.19041.3636_none_60b6a03d71f818d5\COMCTL32.dll
0x00007ffab35f0000 - 0x00007ffab361b000 	C:\WINDOWS\System32\GDI32.dll
0x00007ffab2b90000 - 0x00007ffab2ca7000 	C:\WINDOWS\System32\gdi32full.dll
0x00007ffab2ce0000 - 0x00007ffab2d7d000 	C:\WINDOWS\System32\msvcp_win.dll
0x00007ffaad1c0000 - 0x00007ffaad1ca000 	C:\WINDOWS\SYSTEM32\VERSION.dll
0x00007ffab40e0000 - 0x00007ffab4112000 	C:\WINDOWS\System32\IMM32.DLL
0x00007ffa6d9f0000 - 0x00007ffa6d9fc000 	C:\Program Files\Java\jdk-21\bin\vcruntime140_1.dll
0x00007ffa3ad00000 - 0x00007ffa3ad8e000 	C:\Program Files\Java\jdk-21\bin\msvcp140.dll
0x00007ffa311b0000 - 0x00007ffa31ec5000 	C:\Program Files\Java\jdk-21\bin\server\jvm.dll
0x00007ffab4050000 - 0x00007ffab40bb000 	C:\WINDOWS\System32\WS2_32.dll
0x00007ffab1900000 - 0x00007ffab194b000 	C:\WINDOWS\SYSTEM32\POWRPROF.dll
0x00007ffaabb40000 - 0x00007ffaabb67000 	C:\WINDOWS\SYSTEM32\WINMM.dll
0x00007ffab17c0000 - 0x00007ffab17d2000 	C:\WINDOWS\SYSTEM32\UMPDC.dll
0x00007ffab0270000 - 0x00007ffab0282000 	C:\WINDOWS\SYSTEM32\kernel.appcore.dll
0x00007ffa6cfd0000 - 0x00007ffa6cfda000 	C:\Program Files\Java\jdk-21\bin\jimage.dll
0x00007ffaa0290000 - 0x00007ffaa0474000 	C:\WINDOWS\SYSTEM32\DBGHELP.DLL
0x00007ffa970b0000 - 0x00007ffa970e4000 	C:\WINDOWS\SYSTEM32\dbgcore.DLL
0x00007ffab2990000 - 0x00007ffab2a12000 	C:\WINDOWS\System32\bcryptPrimitives.dll
0x00007ffaafa50000 - 0x00007ffaafa5f000 	C:\Program Files\Java\jdk-21\bin\instrument.dll
0x00007ffa3ace0000 - 0x00007ffa3acff000 	C:\Program Files\Java\jdk-21\bin\java.dll
0x00007ffab3760000 - 0x00007ffab3ecb000 	C:\WINDOWS\System32\SHELL32.dll
0x00007ffab0470000 - 0x00007ffab0c0e000 	C:\WINDOWS\SYSTEM32\windows.storage.dll
0x00007ffab4900000 - 0x00007ffab4c53000 	C:\WINDOWS\System32\combase.dll
0x00007ffab1d50000 - 0x00007ffab1d7e000 	C:\WINDOWS\SYSTEM32\Wldp.dll
0x00007ffab3060000 - 0x00007ffab312d000 	C:\WINDOWS\System32\OLEAUT32.dll
0x00007ffab43e0000 - 0x00007ffab448d000 	C:\WINDOWS\System32\SHCORE.dll
0x00007ffab4130000 - 0x00007ffab4185000 	C:\WINDOWS\System32\shlwapi.dll
0x00007ffab2330000 - 0x00007ffab2353000 	C:\WINDOWS\SYSTEM32\profapi.dll
0x00007ffa39090000 - 0x00007ffa39167000 	C:\Program Files\Java\jdk-21\bin\jsvml.dll
0x00007ffa3aca0000 - 0x00007ffa3acb8000 	C:\Program Files\Java\jdk-21\bin\zip.dll
0x00007ffa6c470000 - 0x00007ffa6c480000 	C:\Program Files\Java\jdk-21\bin\net.dll
0x00007ffaac2c0000 - 0x00007ffaac3ca000 	C:\WINDOWS\SYSTEM32\WINHTTP.dll
0x00007ffab1b30000 - 0x00007ffab1b9a000 	C:\WINDOWS\system32\mswsock.dll
0x00007ffa3acc0000 - 0x00007ffa3acd6000 	C:\Program Files\Java\jdk-21\bin\nio.dll
0x00007ffaade40000 - 0x00007ffaade5a000 	C:\Users\Nico\AppData\Local\Programs\IntelliJ IDEA Community Edition\bin\breakgen64.dll
0x00007ffa68c60000 - 0x00007ffa68c67000 	C:\Program Files\Java\jdk-21\bin\extnet.dll
0x00007ffa5e130000 - 0x00007ffa5e140000 	C:\Program Files\Java\jdk-21\bin\verify.dll
0x00007ffab1d90000 - 0x00007ffab1da8000 	C:\WINDOWS\SYSTEM32\CRYPTSP.dll
0x00007ffab1400000 - 0x00007ffab1434000 	C:\WINDOWS\system32\rsaenh.dll
0x00007ffaadd90000 - 0x00007ffaadda2000 	C:\Program Files\Java\jdk-21\bin\jsound.dll
0x00007ffab4190000 - 0x00007ffab42bb000 	C:\WINDOWS\System32\ole32.dll
0x00007ffa885d0000 - 0x00007ffa8866c000 	C:\WINDOWS\SYSTEM32\DSOUND.dll
0x00007ffa85190000 - 0x00007ffa851b6000 	C:\WINDOWS\SYSTEM32\winmmbase.dll
0x00007ffab22f0000 - 0x00007ffab231e000 	C:\WINDOWS\SYSTEM32\USERENV.dll
0x00007ffab4c60000 - 0x00007ffab4d09000 	C:\WINDOWS\System32\clbcatq.dll
0x00007ffaafd20000 - 0x00007ffaafdbe000 	C:\WINDOWS\system32\uxtheme.dll
0x00007ffab1cc0000 - 0x00007ffab1ccc000 	C:\WINDOWS\SYSTEM32\CRYPTBASE.dll
0x00007ffaab9f0000 - 0x00007ffaaba75000 	C:\WINDOWS\System32\MMDevApi.dll
0x00007ffab2190000 - 0x00007ffab21c3000 	C:\WINDOWS\System32\DEVOBJ.dll
0x00007ffab2a20000 - 0x00007ffab2a6e000 	C:\WINDOWS\System32\cfgmgr32.dll
0x00007ffab17e0000 - 0x00007ffab181b000 	C:\WINDOWS\SYSTEM32\IPHLPAPI.DLL
0x00007ffab42c0000 - 0x00007ffab42c8000 	C:\WINDOWS\System32\NSI.dll
0x00007ffa9fe60000 - 0x00007ffa9fea6000 	C:\WINDOWS\SYSTEM32\wdmaud.drv
0x00007ffaad260000 - 0x00007ffaad26a000 	C:\WINDOWS\SYSTEM32\AVRT.dll
0x00007ffaadb80000 - 0x00007ffaadb89000 	C:\WINDOWS\SYSTEM32\ksuser.dll
0x00007ffa7c1f0000 - 0x00007ffa7c372000 	C:\WINDOWS\SYSTEM32\AUDIOSES.DLL
0x00007ffaad5a0000 - 0x00007ffaad5ad000 	C:\WINDOWS\SYSTEM32\msacm32.drv
0x00007ffaad500000 - 0x00007ffaad51e000 	C:\WINDOWS\SYSTEM32\MSACM32.dll
0x00007ffaab6f0000 - 0x00007ffaab6fb000 	C:\WINDOWS\SYSTEM32\midimap.dll
0x00007ffaafe80000 - 0x00007ffaafe94000 	C:\WINDOWS\SYSTEM32\resourcepolicyclient.dll
0x00007ffa2d850000 - 0x00007ffa2ea4f000 	C:\Users\Nico\AppData\Local\Temp\webrtc-java11332858964701033012.dll
0x00007ffaaf9f0000 - 0x00007ffaaf9fb000 	C:\WINDOWS\SYSTEM32\msdmo.dll
0x00007ffa7c870000 - 0x00007ffa7ca2b000 	C:\WINDOWS\SYSTEM32\MFPlat.DLL
0x00007ffaae1f0000 - 0x00007ffaae453000 	C:\WINDOWS\SYSTEM32\d3d11.dll
0x00007ffab0c50000 - 0x00007ffab0d43000 	C:\WINDOWS\SYSTEM32\dxgi.dll
0x00007ffa9c030000 - 0x00007ffa9c03c000 	C:\WINDOWS\SYSTEM32\Secur32.dll
0x00007ffab22b0000 - 0x00007ffab22e2000 	C:\WINDOWS\SYSTEM32\SSPICLI.DLL
0x00007ffa9eaf0000 - 0x00007ffa9eb24000 	C:\WINDOWS\SYSTEM32\RTWorkQ.DLL
0x00007ffaa83b0000 - 0x00007ffaa8427000 	C:\Windows\System32\mfwmaaec.dll
0x00007ffa9ed70000 - 0x00007ffa9eeb1000 	C:\Windows\System32\Windows.UI.dll
0x00007ffaacc10000 - 0x00007ffaaccb1000 	C:\Windows\System32\WindowManagementAPI.dll
0x00007ffaaa0d0000 - 0x00007ffaaa1c9000 	C:\Windows\System32\TextInputFramework.dll
0x00007ffa9ec10000 - 0x00007ffa9ed62000 	C:\Windows\System32\InputHost.dll
0x00007ffaaee80000 - 0x00007ffaaefd7000 	C:\WINDOWS\SYSTEM32\wintypes.dll
0x00007ffaaca00000 - 0x00007ffaacc03000 	C:\WINDOWS\SYSTEM32\twinapi.appcore.dll
0x00007ffaaf8b0000 - 0x00007ffaaf9a2000 	C:\Windows\System32\CoreMessaging.dll
0x00007ffaaf550000 - 0x00007ffaaf8ab000 	C:\Windows\System32\CoreUIComponents.dll
0x00007ffaadf20000 - 0x00007ffaae016000 	C:\Windows\System32\PROPSYS.dll
0x00007ffab1520000 - 0x00007ffab1553000 	C:\WINDOWS\SYSTEM32\ntmarta.dll
0x00007ffaac9e0000 - 0x00007ffaac9f7000 	C:\WINDOWS\SYSTEM32\dhcpcsvc6.DLL
0x00007ffaac9c0000 - 0x00007ffaac9dd000 	C:\WINDOWS\SYSTEM32\dhcpcsvc.DLL
0x00007ffab1830000 - 0x00007ffab18fb000 	C:\WINDOWS\SYSTEM32\DNSAPI.dll
0x00007ffaa0850000 - 0x00007ffaa085a000 	C:\Windows\System32\rasadhlp.dll
0x00007ffaa0890000 - 0x00007ffaa0910000 	C:\WINDOWS\System32\fwpuclnt.dll

dbghelp: loaded successfully - version: 4.0.5 - missing functions: none
symbol engine: initialized successfully - sym options: 0x614 - pdb path: .;C:\Program Files\Java\jdk-21\bin;C:\WINDOWS\SYSTEM32;C:\WINDOWS\WinSxS\amd64_microsoft.windows.common-controls_6595b64144ccf1df_6.0.19041.3636_none_60b6a03d71f818d5;C:\Program Files\Java\jdk-21\bin\server;C:\Users\Nico\AppData\Local\Programs\IntelliJ IDEA Community Edition\bin;C:\Users\Nico\AppData\Local\Temp

VM Arguments:
jvm_args: -javaagent:C:\Users\Nico\AppData\Local\Programs\IntelliJ IDEA Community Edition\lib\idea_rt.jar=60521:C:\Users\Nico\AppData\Local\Programs\IntelliJ IDEA Community Edition\bin -Dfile.encoding=UTF-8 -Dsun.stdout.encoding=UTF-8 -Dsun.stderr.encoding=UTF-8 
java_command: org.example.App 3
java_class_path (initial): E:\Coding\Java\webrptcJava\target\classes;C:\Users\Nico\.m2\repository\dev\onvoid\webrtc\webrtc-java\0.8.0\webrtc-java-0.8.0.jar;C:\Users\Nico\.m2\repository\dev\onvoid\webrtc\webrtc-java\0.8.0\webrtc-java-0.8.0-windows-x86_64.jar;C:\Users\Nico\.m2\repository\org\json\json\20240303\json-20240303.jar;C:\Users\Nico\.m2\repository\com\github\sarxos\webcam-capture\0.3.12\webcam-capture-0.3.12.jar;C:\Users\Nico\.m2\repository\com\nativelibs4java\bridj\0.7.0\bridj-0.7.0.jar;C:\Users\Nico\.m2\repository\org\slf4j\slf4j-api\1.7.2\slf4j-api-1.7.2.jar;C:\Users\Nico\.m2\repository\org\java-websocket\Java-WebSocket\1.5.6\Java-WebSocket-1.5.6.jar;C:\Users\Nico\.m2\repository\com\google\code\gson\gson\2.10.1\gson-2.10.1.jar;C:\Users\Nico\.m2\repository\com\fasterxml\jackson\core\jackson-databind\2.13.3\jackson-databind-2.13.3.jar;C:\Users\Nico\.m2\repository\com\fasterxml\jackson\core\jackson-annotations\2.13.3\jackson-annotations-2.13.3.jar;C:\Users\Nico\.m2\repository\com\fasterxml\jackson\core\jackson-core\2.13.3\jackson-core-2.13.3.jar
Launcher Type: SUN_STANDARD

[Global flags]
     intx CICompilerCount                          = 4                                         {product} {ergonomic}
     uint ConcGCThreads                            = 3                                         {product} {ergonomic}
     uint G1ConcRefinementThreads                  = 10                                        {product} {ergonomic}
   size_t G1HeapRegionSize                         = 4194304                                   {product} {ergonomic}
    uintx GCDrainStackTargetSize                   = 64                                        {product} {ergonomic}
   size_t InitialHeapSize                          = 536870912                                 {product} {ergonomic}
   size_t MarkStackSize                            = 4194304                                   {product} {ergonomic}
   size_t MaxHeapSize                              = 8577351680                                {product} {ergonomic}
   size_t MaxNewSize                               = 5146411008                                {product} {ergonomic}
   size_t MinHeapDeltaBytes                        = 4194304                                   {product} {ergonomic}
   size_t MinHeapSize                              = 8388608                                   {product} {ergonomic}
    uintx NonNMethodCodeHeapSize                   = 5839372                                {pd product} {ergonomic}
    uintx NonProfiledCodeHeapSize                  = 122909434                              {pd product} {ergonomic}
    uintx ProfiledCodeHeapSize                     = 122909434                              {pd product} {ergonomic}
    uintx ReservedCodeCacheSize                    = 251658240                              {pd product} {ergonomic}
     bool SegmentedCodeCache                       = true                                      {product} {ergonomic}
   size_t SoftMaxHeapSize                          = 8577351680                             {manageable} {ergonomic}
     bool UseCompressedOops                        = true                           {product lp64_product} {ergonomic}
     bool UseG1GC                                  = true                                      {product} {ergonomic}
     bool UseLargePagesIndividualAllocation        = false                                  {pd product} {ergonomic}

Logging:
Log output configuration:
 #0: stdout all=warning uptime,level,tags foldmultilines=false
 #1: stderr all=off uptime,level,tags foldmultilines=false

Environment Variables:
JAVA_HOME=C:\Users\Nico\Downloads\jdk-17.0.9_windows-x64_bin\jdk-17.0.9
PATH=C:\Python39\Scripts\;C:\Python39\;C:\Program Files (x86)\Common Files\Intel\Shared Libraries\redist\intel64\compiler;C:\Windows\system32;C:\Windows;C:\Windows\System32\Wbem;C:\Windows\System32\WindowsPowerShell\v1.0\;C:\Program Files (x86)\NVIDIA Corporation\PhysX\Common;C:\Program Files (x86)\Windows Live\Shared;C:\WINDOWS\system32;C:\WINDOWS;C:\WINDOWS\System32\Wbem;C:\WINDOWS\System32\WindowsPowerShell\v1.0\;C:\WINDOWS\System32\OpenSSH\;C:\WINDOWS\system32;C:\WINDOWS;C:\WINDOWS\System32\Wbem;C:\WINDOWS\System32\WindowsPowerShell\v1.0\;C:\WINDOWS\System32\OpenSSH\;C:\Program Files\NVIDIA Corporation\NVIDIA NvDLISR;C:\ProgramData\chocolatey\bin;C:\Program Files\dotnet\;C:\Program Files\Git\cmd;C:\MinGW\bin;C:\Users\Nico\AppData\Roaming\nvm;C:\Program Files\nodejs;C:\Program Files\Vagrant\bin;C:\Users\Nico\Downloads\protoc-25.1-win64\bin;C:\Users\Nico\Downloads\apache-maven-3.9.6-bin\apache-maven-3.9.6\bin;C:\Program Files\Docker\Docker\resources\bin;C:\Users\Nico\AppData\Local\Programs\Rider\bin;C:\Program Files\PowerShell\7\;C:\Program Files\JetBrains\WebStorm 2023.2\bin;C:\Users\Nico\Downloads\jdk-17.0.9_windows-x64_bin\jdk-17.0.9;C:\Users\Nico\Downloads\jdk-17.0.9_windows-x64_bin\jdk-17.0.9\bin;C:\Users\Nico\AppData\Local\Microsoft\WindowsApps;C:\Users\Nico\.dotnet\tools;C:\Users\Nico\AppData\Local\Programs\Microsoft VS Code\bin;C:\Program Files\Git\bin\git.exe;C:\Users\Nico\AppData\Local\JetBrains\Toolbox\scripts;C:\Users\Nico\.dotnet\tools;C:\Users\Nico\AppData\Roaming\Composer\vendor\bin;C:\Users\Nico\Downloads\mongosh-1.9.1-win32-x64\mongosh-1.9.1-win32-x64\bin;E:\Coding\LSP\tstest\node_modules\.bin
USERNAME=Nico
OS=Windows_NT
PROCESSOR_IDENTIFIER=AMD64 Family 23 Model 1 Stepping 1, AuthenticAMD
TMP=C:\Users\Nico\AppData\Local\Temp
TEMP=C:\Users\Nico\AppData\Local\Temp




Periodic native trim disabled

---------------  S Y S T E M  ---------------

OS:
 Windows 10 , 64 bit Build 19041 (10.0.19041.3636)
OS uptime: 11 days 3:11 hours
Hyper-V role detected

CPU: total 12 (initial active 12) (12 cores per cpu, 2 threads per core) family 23 model 1 stepping 1 microcode 0x0, cx8, cmov, fxsr, ht, mmx, 3dnowpref, sse, sse2, sse3, ssse3, sse4a, sse4.1, sse4.2, popcnt, lzcnt, tsc, tscinvbit, avx, avx2, aes, clmul, bmi1, bmi2, adx, sha, fma, vzeroupper, clflush, clflushopt, hv, rdtscp, f16c
Processor Information for all 12 processors :
  Max Mhz: 3600, Current Mhz: 3600, Mhz Limit: 3600

Memory: 4k page, system-wide physical 32704M (21244M free)
TotalPageFile size 37568M (AvailPageFile size 22811M)
current process WorkingSet (physical memory assigned to process): 86M, peak: 86M
current process commit charge ("private bytes"): 624M, peak: 625M

vm_info: Java HotSpot(TM) 64-Bit Server VM (21.0.1+12-LTS-29) for windows-amd64 JRE (21.0.1+12-LTS-29), built on 2023-10-05T13:27:09Z by "mach5one" with MS VC++ 17.1 (VS2022)

END.
