#
# A fatal error has been detected by the Java Runtime Environment:
#
#  EXCEPTION_ACCESS_VIOLATION (0xc0000005) at pc=0x00007ffcf9ef6374, pid=2696, tid=9556
#
# JRE version: Java(TM) SE Runtime Environment (21.0.1+12) (build 21.0.1+12-LTS-29)
# Java VM: Java HotSpot(TM) 64-Bit Server VM (21.0.1+12-LTS-29, mixed mode, sharing, tiered, compressed oops, compressed class ptrs, g1 gc, windows-amd64)
# Problematic frame:
# V  [jvm.dll+0x366374]
#
# No core dump will be written. Minidumps are not enabled by default on client versions of Windows
#
# If you would like to submit a bug report, please visit:
#   https://bugreport.java.com/bugreport/crash.jsp
#

---------------  S U M M A R Y ------------

Command Line: -javaagent:C:\Users\Nico\AppData\Local\Programs\IntelliJ IDEA Community Edition\lib\idea_rt.jar=51108:C:\Users\Nico\AppData\Local\Programs\IntelliJ IDEA Community Edition\bin -Dfile.encoding=UTF-8 -Dsun.stdout.encoding=UTF-8 -Dsun.stderr.encoding=UTF-8 org.example.App 1

Host: AMD Ryzen 5 1600X Six-Core Processor           , 12 cores, 31G,  Windows 10 , 64 bit Build 19041 (10.0.19041.3636)
Time: Thu May  9 21:01:57 2024 Mitteleuropäische Sommerzeit elapsed time: 25.759055 seconds (0d 0h 0m 25s)

---------------  T H R E A D  ---------------

Current thread (0x0000018106195240):  WorkerThread "GC Thread#7"    [id=9556, stack(0x000000075ae00000,0x000000075af00000) (1024K)]

Stack: [0x000000075ae00000,0x000000075af00000],  sp=0x000000075aeff6a0,  free space=1021k
Native frames: (J=compiled Java code, j=interpreted, Vv=VM code, C=native code)
V  [jvm.dll+0x366374]
V  [jvm.dll+0x366b55]
V  [jvm.dll+0x366835]
V  [jvm.dll+0x36dff4]
V  [jvm.dll+0x36e16b]
V  [jvm.dll+0x881f77]
V  [jvm.dll+0x7fd728]
V  [jvm.dll+0x6c777d]
C  [ucrtbase.dll+0x21bb2]
C  [KERNEL32.DLL+0x17344]
C  [ntdll.dll+0x526b1]


siginfo: EXCEPTION_ACCESS_VIOLATION (0xc0000005), reading address 0x0000000000009000


Registers:
RAX=0x0000000000000000, RBX=0x00000181065376c0, RCX=0x0000000000000016, RDX=0x0000000000000000
RSP=0x000000075aeff6a0, RBP=0x0000000000000001, RSI=0xfffe000000000000, RDI=0x00000181074056d8
R8 =0x0000000000000000, R9 =0x000001809a7ccfd0, R10=0x0000000000009000, R11=0x00007ffd68f415b5
R12=0x00000181074056d0, R13=0x00000007578ff038, R14=0x0000018106537540, R15=0x0000000000000020
RIP=0x00007ffcf9ef6374, EFLAGS=0x0000000000010246


Register to memory mapping:

RAX=0x0 is null
RBX=0x00000181065376c0 points into unknown readable memory: 0x0000000000009000 | 00 90 00 00 00 00 00 00
RCX=0x0000000000000016 is an unknown value
RDX=0x0 is null
RSP=0x000000075aeff6a0 points into unknown readable memory: 0x000000000f580000 | 00 00 58 0f 00 00 00 00
RBP=0x0000000000000001 is an unknown value
RSI=0xfffe000000000000 is an unknown value
RDI=0x00000181074056d8 points into unknown readable memory: 0x00007ffcfa5680e0 | e0 80 56 fa fc 7f 00 00
R8 =0x0 is null
R9 =0x000001809a7ccfd0 points into unknown readable memory: 0x00007ffcfa55f0b0 | b0 f0 55 fa fc 7f 00 00
R10=0x0000000000009000 is an unknown value
R11=0x00007ffd68f415b5 VCRUNTIME140.dll
R12=0x00000181074056d0 points into unknown readable memory: 0x00007ffcfa568128 | 28 81 56 fa fc 7f 00 00
R13=0x00000007578ff038 points into unknown readable memory: 0x000001809a7c0b50 | 50 0b 7c 9a 80 01 00 00
R14=0x0000018106537540 points into unknown readable memory: 0x0000000449438000 | 00 80 43 49 04 00 00 00
R15=0x0000000000000020 is an unknown value

Top of Stack: (sp=0x000000075aeff6a0)
0x000000075aeff6a0:   000000000f580000 0000000000000001
0x000000075aeff6b0:   0000000000000000 0000000000000070
0x000000075aeff6c0:   0000000000000004 00007ffcf9ef6b55
0x000000075aeff6d0:   00000181074056d8 0000000000000007
0x000000075aeff6e0:   0000018106195240 00007ffcfa5637d0
0x000000075aeff6f0:   0000000000000000 000000075aeff770
0x000000075aeff700:   0000000000000007 00000181062b3430
0x000000075aeff710:   00000007578fef30 0000000000000000
0x000000075aeff720:   00007ffcfa5636e0 000000000f58ce08
0x000000075aeff730:   0000000000000000 00007ffc0000000b
0x000000075aeff740:   00000181062b3430 0000000000000007
0x000000075aeff750:   0000000000000000 0000000000000000
0x000000075aeff760:   000001809a000000 0000000000000000
0x000000075aeff770:   00007ffcfa5636e0 000000000f58cd00
0x000000075aeff780:   0000000000000001 0000000000000002
0x000000075aeff790:   0000000000000000 0000e9b7b2634ea8
0x000000075aeff7a0:   0000000000000000 0000018106127910
0x000000075aeff7b0:   0000018106127920 00000000000003d8
0x000000075aeff7c0:   0000018106127cf8 00000007578fef30
0x000000075aeff7d0:   0000000000000007 00000181062b3430
0x000000075aeff7e0:   00000181074056d0 00007ffcf9ef6835
0x000000075aeff7f0:   00000181074056d0 00000181062b3430
0x000000075aeff800:   0000000000000007 00000007578fef30
0x000000075aeff810:   0000000000000007 0000000000000008
0x000000075aeff820:   0000000000000005 00007ffcf9c40000
0x000000075aeff830:   0000000000000000 00007ffcfa24b0c1
0x000000075aeff840:   0000000000000008 00000000000000f8
0x000000075aeff850:   0000000000000001 00007ffcf9c4c07e
0x000000075aeff860:   0000000000000005 00007ffcf9c4ea46
0x000000075aeff870:   0000000000000000 0000000000000008
0x000000075aeff880:   00007ffcfa5636f0 000000000f58cde3
0x000000075aeff890:   0000000000000000 0000000000000003 

Instructions: (pc=0x00007ffcf9ef6374)
0x00007ffcf9ef6274:   84 c0 78 3a 4c 8b 07 41 0f b6 c0 24 03 3c 03 75
0x00007ffcf9ef6284:   06 49 83 e0 fc eb 12 48 8b 4b 10 4d 8b c8 4c 8b
0x00007ffcf9ef6294:   c7 e8 96 15 ff ff 4c 8b c0 4c 2b 05 bc 3c 85 00
0x00007ffcf9ef62a4:   8b 0d be 3c 85 00 49 d3 e8 44 89 06 eb 5a 3c fd
0x00007ffcf9ef62b4:   75 37 41 8b 88 18 02 00 00 48 8b d7 49 8b 80 10
0x00007ffcf9ef62c4:   02 00 00 48 d3 e0 8b 0d 10 cb 8b 00 48 2b d0 49
0x00007ffcf9ef62d4:   8b 80 90 05 00 00 48 d3 ea 8b ca 80 7c 48 01 fd
0x00007ffcf9ef62e4:   75 17 c6 44 48 01 ff eb 10 3c fc 75 0c 48 8b 4b
0x00007ffcf9ef62f4:   10 48 8b d6 e8 e3 f2 ff ff 8b 53 18 4c 8b c7 48
0x00007ffcf9ef6304:   8b 4b 28 e8 d4 4b fb ff 48 8b 4b 10 e8 8b ee fe
0x00007ffcf9ef6314:   ff 48 8b 7c 24 30 48 8b 5c 24 38 48 83 c4 20 5e
0x00007ffcf9ef6324:   c3 cc cc cc cc cc cc cc cc cc cc cc 48 89 5c 24
0x00007ffcf9ef6334:   08 57 48 83 ec 20 4c 8b 12 48 8b da 48 8b f9 4d
0x00007ffcf9ef6344:   85 d2 0f 84 a6 00 00 00 4c 8b 49 08 4d 8b c2 49
0x00007ffcf9ef6354:   8b 81 a0 05 00 00 41 8b 89 b0 05 00 00 49 d3 e8
0x00007ffcf9ef6364:   42 0f b7 14 40 0f b7 c2 66 c1 e8 08 84 c0 78 2c
0x00007ffcf9ef6374:   49 8b 0a 0f b6 c1 24 03 3c 03 75 09 48 83 e1 fc
0x00007ffcf9ef6384:   48 89 0b eb 60 4c 8b c9 4d 8b c2 48 8b 4f 10 e8
0x00007ffcf9ef6394:   98 14 ff ff 48 8b c8 48 89 03 eb 49 3c fd 75 35
0x00007ffcf9ef63a4:   41 8b 89 18 02 00 00 49 8b 81 10 02 00 00 48 d3
0x00007ffcf9ef63b4:   e0 8b 0d 25 ca 8b 00 4c 2b d0 49 8b 81 90 05 00
0x00007ffcf9ef63c4:   00 49 d3 ea 41 8b ca 80 7c 48 01 fd 75 17 c6 44
0x00007ffcf9ef63d4:   48 01 ff eb 10 3c fc 75 0c 48 8b 4f 10 48 8b d3
0x00007ffcf9ef63e4:   e8 97 f1 ff ff 48 8b 4f 10 e8 ae ed fe ff 48 8b
0x00007ffcf9ef63f4:   5c 24 30 48 83 c4 20 5f c3 cc cc cc 48 89 5c 24
0x00007ffcf9ef6404:   08 57 48 83 ec 20 8b 02 48 8b fa 48 8b d9 85 c0
0x00007ffcf9ef6414:   0f 84 c7 00 00 00 8b 0d 48 3b 85 00 44 8b d0 4c
0x00007ffcf9ef6424:   8b 4b 08 49 d3 e2 4c 03 15 2f 3b 85 00 4d 8b c2
0x00007ffcf9ef6434:   49 8b 81 a0 05 00 00 41 8b 89 b0 05 00 00 49 d3
0x00007ffcf9ef6444:   e8 42 0f b7 14 40 0f b7 c2 66 c1 e8 08 84 c0 78
0x00007ffcf9ef6454:   3a 4d 8b 02 41 0f b6 c0 24 03 3c 03 75 06 49 83
0x00007ffcf9ef6464:   e0 fc eb 12 48 8b 4b 10 4d 8b c8 4d 8b c2 e8 b9 


Stack slot to memory mapping:

stack at sp + 0 slots: 0x000000000f580000 is an unknown value
stack at sp + 1 slots: 0x0000000000000001 is an unknown value
stack at sp + 2 slots: 0x0 is null
stack at sp + 3 slots: 0x0000000000000070 is an unknown value
stack at sp + 4 slots: 0x0000000000000004 is an unknown value
stack at sp + 5 slots: 0x00007ffcf9ef6b55 jvm.dll
stack at sp + 6 slots: 0x00000181074056d8 points into unknown readable memory: 0x00007ffcfa5680e0 | e0 80 56 fa fc 7f 00 00
stack at sp + 7 slots: 0x0000000000000007 is an unknown value


---------------  P R O C E S S  ---------------

Threads class SMR info:
_java_thread_list=0x0000018106266af0, length=19, elements={
0x000001809a7bab20, 0x00000180c075e610, 0x0000018106001480, 0x0000018106002160,
0x0000018106002bc0, 0x0000018106005a40, 0x00000181060104c0, 0x0000018106014750,
0x0000018106017200, 0x0000018106124e00, 0x00000181061226a0, 0x0000018106123a50,
0x0000018106122010, 0x0000018106122d30, 0x00000181061233c0, 0x0000018106adc3c0,
0x0000018106adf1b0, 0x0000018106ae1910, 0x0000018106ae1fa0
}

Java Threads: ( => current thread )
  0x000001809a7bab20 JavaThread "main"                              [_thread_in_native, id=8036, stack(0x0000000757100000,0x0000000757200000) (1024K)]
  0x00000180c075e610 JavaThread "Reference Handler"          daemon [_thread_blocked, id=16068, stack(0x0000000757900000,0x0000000757a00000) (1024K)]
  0x0000018106001480 JavaThread "Finalizer"                  daemon [_thread_blocked, id=18692, stack(0x0000000757a00000,0x0000000757b00000) (1024K)]
  0x0000018106002160 JavaThread "Signal Dispatcher"          daemon [_thread_blocked, id=10868, stack(0x0000000757b00000,0x0000000757c00000) (1024K)]
  0x0000018106002bc0 JavaThread "Attach Listener"            daemon [_thread_blocked, id=22704, stack(0x0000000757c00000,0x0000000757d00000) (1024K)]
  0x0000018106005a40 JavaThread "Service Thread"             daemon [_thread_blocked, id=18736, stack(0x0000000757d00000,0x0000000757e00000) (1024K)]
  0x00000181060104c0 JavaThread "Monitor Deflation Thread"   daemon [_thread_blocked, id=6308, stack(0x0000000757e00000,0x0000000757f00000) (1024K)]
  0x0000018106014750 JavaThread "C2 CompilerThread0"         daemon [_thread_blocked, id=21304, stack(0x0000000757f00000,0x0000000758000000) (1024K)]
  0x0000018106017200 JavaThread "C1 CompilerThread0"         daemon [_thread_blocked, id=22980, stack(0x0000000758000000,0x0000000758100000) (1024K)]
  0x0000018106124e00 JavaThread "Common-Cleaner"             daemon [_thread_blocked, id=11496, stack(0x0000000758100000,0x0000000758200000) (1024K)]
  0x00000181061226a0 JavaThread "Monitor Ctrl-Break"         daemon [_thread_in_native, id=2088, stack(0x0000000758200000,0x0000000758300000) (1024K)]
  0x0000018106123a50 JavaThread "Notification Thread"        daemon [_thread_blocked, id=11156, stack(0x0000000758300000,0x0000000758400000) (1024K)]
  0x0000018106122010 JavaThread "Java Sound Event Dispatcher" daemon [_thread_blocked, id=11716, stack(0x0000000758900000,0x0000000758a00000) (1024K)]
  0x0000018106122d30 JavaThread "Thread-2"                          [_thread_in_native, id=12140, stack(0x0000000758e00000,0x0000000758f00000) (1024K)]
  0x00000181061233c0 JavaThread "Thread-3"                          [_thread_blocked, id=2168, stack(0x0000000759d00000,0x0000000759e00000) (1024K)]
  0x0000018106adc3c0 JavaThread "Thread-4"                          [_thread_blocked, id=10960, stack(0x000000075a100000,0x000000075a200000) (1024K)]
  0x0000018106adf1b0 JavaThread "Thread-5"                          [_thread_in_native, id=18192, stack(0x0000000759800000,0x0000000759900000) (1024K)]
  0x0000018106ae1910 JavaThread "Thread-6"                          [_thread_blocked, id=22456, stack(0x000000075a800000,0x000000075a900000) (1024K)]
  0x0000018106ae1fa0 JavaThread "Thread-7"                          [_thread_blocked, id=2368, stack(0x000000075ab00000,0x000000075ac00000) (1024K)]
Total: 19

Other Threads:
  0x00000180c073b9f0 VMThread "VM Thread"                           [id=20472, stack(0x0000000757800000,0x0000000757900000) (1024K)]
  0x00000180c07268b0 WatcherThread "VM Periodic Task Thread"        [id=12240, stack(0x0000000757700000,0x0000000757800000) (1024K)]
  0x000001809a8645d0 WorkerThread "GC Thread#0"                     [id=20904, stack(0x0000000757200000,0x0000000757300000) (1024K)]
  0x00000181061943c0 WorkerThread "GC Thread#1"                     [id=23332, stack(0x0000000758400000,0x0000000758500000) (1024K)]
  0x0000018106193c80 WorkerThread "GC Thread#2"                     [id=22800, stack(0x0000000758700000,0x0000000758800000) (1024K)]
  0x0000018106194760 WorkerThread "GC Thread#3"                     [id=13392, stack(0x0000000758800000,0x0000000758900000) (1024K)]
  0x0000018106194b00 WorkerThread "GC Thread#4"                     [id=8260, stack(0x000000075aa00000,0x000000075ab00000) (1024K)]
  0x0000018106194ea0 WorkerThread "GC Thread#5"                     [id=5472, stack(0x000000075ac00000,0x000000075ad00000) (1024K)]
  0x0000018106194020 WorkerThread "GC Thread#6"                     [id=20168, stack(0x000000075ad00000,0x000000075ae00000) (1024K)]
=>0x0000018106195240 WorkerThread "GC Thread#7"                     [id=9556, stack(0x000000075ae00000,0x000000075af00000) (1024K)]
  0x00000181061955e0 WorkerThread "GC Thread#8"                     [id=19256, stack(0x000000075af00000,0x000000075b000000) (1024K)]
  0x0000018106bac950 WorkerThread "GC Thread#9"                     [id=23472, stack(0x000000075b000000,0x000000075b100000) (1024K)]
  0x000001809a876610 ConcurrentGCThread "G1 Main Marker"            [id=4016, stack(0x0000000757300000,0x0000000757400000) (1024K)]
  0x000001809a877020 WorkerThread "G1 Conc#0"                       [id=2040, stack(0x0000000757400000,0x0000000757500000) (1024K)]
  0x00000180c05e7ed0 ConcurrentGCThread "G1 Refine#0"               [id=17404, stack(0x0000000757500000,0x0000000757600000) (1024K)]
  0x00000180c05eb710 ConcurrentGCThread "G1 Service"                [id=21456, stack(0x0000000757600000,0x0000000757700000) (1024K)]
Total: 16

Threads with active compile tasks:
Total: 0

VM state: at safepoint (normal execution)

VM Mutex/Monitor currently owned by a thread:  ([mutex/lock_event])
[0x00007ffcfa7ca5f8] Threads_lock - owner thread: 0x00000180c073b9f0
[0x00007ffcfa7ca6f8] Heap_lock - owner thread: 0x00000181061233c0

Heap address: 0x000000042b000000, size: 8180 MB, Compressed Oops mode: Zero based, Oop shift amount: 3

CDS archive(s) mapped at: [0x00000180c1000000-0x00000180c1c90000-0x00000180c1c90000), size 13172736, SharedBaseAddress: 0x00000180c1000000, ArchiveRelocationMode: 1.
Compressed class space mapped at: 0x00000180c2000000-0x0000018102000000, reserved size: 1073741824
Narrow klass base: 0x00000180c1000000, Narrow klass shift: 0, Narrow klass range: 0x100000000

GC Precious Log:
 CardTable entry size: 512
 Card Set container configuration: InlinePtr #cards 4 size 8 Array Of Cards #cards 32 size 80 Howl #buckets 8 coarsen threshold 7372 Howl Bitmap #cards 1024 size 144 coarsen threshold 921 Card regions per heap region 1 cards per card region 8192
 CPUs: 12 total, 12 available
 Memory: 32704M
 Large Page Support: Disabled
 NUMA Support: Disabled
 Compressed Oops: Enabled (Zero based)
 Heap Region Size: 4M
 Heap Min Capacity: 8M
 Heap Initial Capacity: 512M
 Heap Max Capacity: 8180M
 Pre-touch: Disabled
 Parallel Workers: 10
 Concurrent Workers: 3
 Concurrent Refinement Workers: 10
 Periodic GC: Disabled

Heap:
 garbage-first heap   total 524288K, used 24576K [0x000000042b000000, 0x000000062a400000)
  region size 4096K, 7 young (28672K), 1 survivors (4096K)
 Metaspace       used 4668K, committed 4800K, reserved 1114112K
  class space    used 512K, committed 576K, reserved 1048576K

Heap Regions: E=young(eden), S=young(survivor), O=old, HS=humongous(starts), HC=humongous(continues), CS=collection set, F=free, TAMS=top-at-mark-start, PB=parsable bottom
|   0|0x000000042b000000, 0x000000042b000000, 0x000000042b400000|  0%| F|  |TAMS 0x000000042b000000| PB 0x000000042b000000| Untracked 
|   1|0x000000042b400000, 0x000000042b400000, 0x000000042b800000|  0%| F|  |TAMS 0x000000042b400000| PB 0x000000042b400000| Untracked 
|   2|0x000000042b800000, 0x000000042b800000, 0x000000042bc00000|  0%| F|  |TAMS 0x000000042b800000| PB 0x000000042b800000| Untracked 
|   3|0x000000042bc00000, 0x000000042bc00000, 0x000000042c000000|  0%| F|  |TAMS 0x000000042bc00000| PB 0x000000042bc00000| Untracked 
|   4|0x000000042c000000, 0x000000042c000000, 0x000000042c400000|  0%| F|  |TAMS 0x000000042c000000| PB 0x000000042c000000| Untracked 
|   5|0x000000042c400000, 0x000000042c400000, 0x000000042c800000|  0%| F|  |TAMS 0x000000042c400000| PB 0x000000042c400000| Untracked 
|   6|0x000000042c800000, 0x000000042c800000, 0x000000042cc00000|  0%| F|  |TAMS 0x000000042c800000| PB 0x000000042c800000| Untracked 
|   7|0x000000042cc00000, 0x000000042cc00000, 0x000000042d000000|  0%| F|  |TAMS 0x000000042cc00000| PB 0x000000042cc00000| Untracked 
|   8|0x000000042d000000, 0x000000042d000000, 0x000000042d400000|  0%| F|  |TAMS 0x000000042d000000| PB 0x000000042d000000| Untracked 
|   9|0x000000042d400000, 0x000000042d400000, 0x000000042d800000|  0%| F|  |TAMS 0x000000042d400000| PB 0x000000042d400000| Untracked 
|  10|0x000000042d800000, 0x000000042d800000, 0x000000042dc00000|  0%| F|  |TAMS 0x000000042d800000| PB 0x000000042d800000| Untracked 
|  11|0x000000042dc00000, 0x000000042dc00000, 0x000000042e000000|  0%| F|  |TAMS 0x000000042dc00000| PB 0x000000042dc00000| Untracked 
|  12|0x000000042e000000, 0x000000042e000000, 0x000000042e400000|  0%| F|  |TAMS 0x000000042e000000| PB 0x000000042e000000| Untracked 
|  13|0x000000042e400000, 0x000000042e400000, 0x000000042e800000|  0%| F|  |TAMS 0x000000042e400000| PB 0x000000042e400000| Untracked 
|  14|0x000000042e800000, 0x000000042e800000, 0x000000042ec00000|  0%| F|  |TAMS 0x000000042e800000| PB 0x000000042e800000| Untracked 
|  15|0x000000042ec00000, 0x000000042ec00000, 0x000000042f000000|  0%| F|  |TAMS 0x000000042ec00000| PB 0x000000042ec00000| Untracked 
|  16|0x000000042f000000, 0x000000042f000000, 0x000000042f400000|  0%| F|  |TAMS 0x000000042f000000| PB 0x000000042f000000| Untracked 
|  17|0x000000042f400000, 0x000000042f400000, 0x000000042f800000|  0%| F|  |TAMS 0x000000042f400000| PB 0x000000042f400000| Untracked 
|  18|0x000000042f800000, 0x000000042f800000, 0x000000042fc00000|  0%| F|  |TAMS 0x000000042f800000| PB 0x000000042f800000| Untracked 
|  19|0x000000042fc00000, 0x000000042fc00000, 0x0000000430000000|  0%| F|  |TAMS 0x000000042fc00000| PB 0x000000042fc00000| Untracked 
|  20|0x0000000430000000, 0x0000000430000000, 0x0000000430400000|  0%| F|  |TAMS 0x0000000430000000| PB 0x0000000430000000| Untracked 
|  21|0x0000000430400000, 0x0000000430400000, 0x0000000430800000|  0%| F|  |TAMS 0x0000000430400000| PB 0x0000000430400000| Untracked 
|  22|0x0000000430800000, 0x0000000430800000, 0x0000000430c00000|  0%| F|  |TAMS 0x0000000430800000| PB 0x0000000430800000| Untracked 
|  23|0x0000000430c00000, 0x0000000430c00000, 0x0000000431000000|  0%| F|  |TAMS 0x0000000430c00000| PB 0x0000000430c00000| Untracked 
|  24|0x0000000431000000, 0x0000000431000000, 0x0000000431400000|  0%| F|  |TAMS 0x0000000431000000| PB 0x0000000431000000| Untracked 
|  25|0x0000000431400000, 0x0000000431400000, 0x0000000431800000|  0%| F|  |TAMS 0x0000000431400000| PB 0x0000000431400000| Untracked 
|  26|0x0000000431800000, 0x0000000431800000, 0x0000000431c00000|  0%| F|  |TAMS 0x0000000431800000| PB 0x0000000431800000| Untracked 
|  27|0x0000000431c00000, 0x0000000431c00000, 0x0000000432000000|  0%| F|  |TAMS 0x0000000431c00000| PB 0x0000000431c00000| Untracked 
|  28|0x0000000432000000, 0x0000000432000000, 0x0000000432400000|  0%| F|  |TAMS 0x0000000432000000| PB 0x0000000432000000| Untracked 
|  29|0x0000000432400000, 0x0000000432400000, 0x0000000432800000|  0%| F|  |TAMS 0x0000000432400000| PB 0x0000000432400000| Untracked 
|  30|0x0000000432800000, 0x0000000432800000, 0x0000000432c00000|  0%| F|  |TAMS 0x0000000432800000| PB 0x0000000432800000| Untracked 
|  31|0x0000000432c00000, 0x0000000432c00000, 0x0000000433000000|  0%| F|  |TAMS 0x0000000432c00000| PB 0x0000000432c00000| Untracked 
|  32|0x0000000433000000, 0x0000000433000000, 0x0000000433400000|  0%| F|  |TAMS 0x0000000433000000| PB 0x0000000433000000| Untracked 
|  33|0x0000000433400000, 0x0000000433400000, 0x0000000433800000|  0%| F|  |TAMS 0x0000000433400000| PB 0x0000000433400000| Untracked 
|  34|0x0000000433800000, 0x0000000433800000, 0x0000000433c00000|  0%| F|  |TAMS 0x0000000433800000| PB 0x0000000433800000| Untracked 
|  35|0x0000000433c00000, 0x0000000433c00000, 0x0000000434000000|  0%| F|  |TAMS 0x0000000433c00000| PB 0x0000000433c00000| Untracked 
|  36|0x0000000434000000, 0x0000000434000000, 0x0000000434400000|  0%| F|  |TAMS 0x0000000434000000| PB 0x0000000434000000| Untracked 
|  37|0x0000000434400000, 0x0000000434400000, 0x0000000434800000|  0%| F|  |TAMS 0x0000000434400000| PB 0x0000000434400000| Untracked 
|  38|0x0000000434800000, 0x0000000434800000, 0x0000000434c00000|  0%| F|  |TAMS 0x0000000434800000| PB 0x0000000434800000| Untracked 
|  39|0x0000000434c00000, 0x0000000434c00000, 0x0000000435000000|  0%| F|  |TAMS 0x0000000434c00000| PB 0x0000000434c00000| Untracked 
|  40|0x0000000435000000, 0x0000000435000000, 0x0000000435400000|  0%| F|  |TAMS 0x0000000435000000| PB 0x0000000435000000| Untracked 
|  41|0x0000000435400000, 0x0000000435400000, 0x0000000435800000|  0%| F|  |TAMS 0x0000000435400000| PB 0x0000000435400000| Untracked 
|  42|0x0000000435800000, 0x0000000435800000, 0x0000000435c00000|  0%| F|  |TAMS 0x0000000435800000| PB 0x0000000435800000| Untracked 
|  43|0x0000000435c00000, 0x0000000435c00000, 0x0000000436000000|  0%| F|  |TAMS 0x0000000435c00000| PB 0x0000000435c00000| Untracked 
|  44|0x0000000436000000, 0x0000000436000000, 0x0000000436400000|  0%| F|  |TAMS 0x0000000436000000| PB 0x0000000436000000| Untracked 
|  45|0x0000000436400000, 0x0000000436400000, 0x0000000436800000|  0%| F|  |TAMS 0x0000000436400000| PB 0x0000000436400000| Untracked 
|  46|0x0000000436800000, 0x0000000436800000, 0x0000000436c00000|  0%| F|  |TAMS 0x0000000436800000| PB 0x0000000436800000| Untracked 
|  47|0x0000000436c00000, 0x0000000436c00000, 0x0000000437000000|  0%| F|  |TAMS 0x0000000436c00000| PB 0x0000000436c00000| Untracked 
|  48|0x0000000437000000, 0x0000000437000000, 0x0000000437400000|  0%| F|  |TAMS 0x0000000437000000| PB 0x0000000437000000| Untracked 
|  49|0x0000000437400000, 0x0000000437400000, 0x0000000437800000|  0%| F|  |TAMS 0x0000000437400000| PB 0x0000000437400000| Untracked 
|  50|0x0000000437800000, 0x0000000437800000, 0x0000000437c00000|  0%| F|  |TAMS 0x0000000437800000| PB 0x0000000437800000| Untracked 
|  51|0x0000000437c00000, 0x0000000437c00000, 0x0000000438000000|  0%| F|  |TAMS 0x0000000437c00000| PB 0x0000000437c00000| Untracked 
|  52|0x0000000438000000, 0x0000000438000000, 0x0000000438400000|  0%| F|  |TAMS 0x0000000438000000| PB 0x0000000438000000| Untracked 
|  53|0x0000000438400000, 0x0000000438400000, 0x0000000438800000|  0%| F|  |TAMS 0x0000000438400000| PB 0x0000000438400000| Untracked 
|  54|0x0000000438800000, 0x0000000438800000, 0x0000000438c00000|  0%| F|  |TAMS 0x0000000438800000| PB 0x0000000438800000| Untracked 
|  55|0x0000000438c00000, 0x0000000438c00000, 0x0000000439000000|  0%| F|  |TAMS 0x0000000438c00000| PB 0x0000000438c00000| Untracked 
|  56|0x0000000439000000, 0x0000000439000000, 0x0000000439400000|  0%| F|  |TAMS 0x0000000439000000| PB 0x0000000439000000| Untracked 
|  57|0x0000000439400000, 0x0000000439400000, 0x0000000439800000|  0%| F|  |TAMS 0x0000000439400000| PB 0x0000000439400000| Untracked 
|  58|0x0000000439800000, 0x0000000439800000, 0x0000000439c00000|  0%| F|  |TAMS 0x0000000439800000| PB 0x0000000439800000| Untracked 
|  59|0x0000000439c00000, 0x0000000439c00000, 0x000000043a000000|  0%| F|  |TAMS 0x0000000439c00000| PB 0x0000000439c00000| Untracked 
|  60|0x000000043a000000, 0x000000043a000000, 0x000000043a400000|  0%| F|  |TAMS 0x000000043a000000| PB 0x000000043a000000| Untracked 
|  61|0x000000043a400000, 0x000000043a400000, 0x000000043a800000|  0%| F|  |TAMS 0x000000043a400000| PB 0x000000043a400000| Untracked 
|  62|0x000000043a800000, 0x000000043a800000, 0x000000043ac00000|  0%| F|  |TAMS 0x000000043a800000| PB 0x000000043a800000| Untracked 
|  63|0x000000043ac00000, 0x000000043ac00000, 0x000000043b000000|  0%| F|  |TAMS 0x000000043ac00000| PB 0x000000043ac00000| Untracked 
|  64|0x000000043b000000, 0x000000043b000000, 0x000000043b400000|  0%| F|  |TAMS 0x000000043b000000| PB 0x000000043b000000| Untracked 
|  65|0x000000043b400000, 0x000000043b400000, 0x000000043b800000|  0%| F|  |TAMS 0x000000043b400000| PB 0x000000043b400000| Untracked 
|  66|0x000000043b800000, 0x000000043b800000, 0x000000043bc00000|  0%| F|  |TAMS 0x000000043b800000| PB 0x000000043b800000| Untracked 
|  67|0x000000043bc00000, 0x000000043bc00000, 0x000000043c000000|  0%| F|  |TAMS 0x000000043bc00000| PB 0x000000043bc00000| Untracked 
|  68|0x000000043c000000, 0x000000043c000000, 0x000000043c400000|  0%| F|  |TAMS 0x000000043c000000| PB 0x000000043c000000| Untracked 
|  69|0x000000043c400000, 0x000000043c400000, 0x000000043c800000|  0%| F|  |TAMS 0x000000043c400000| PB 0x000000043c400000| Untracked 
|  70|0x000000043c800000, 0x000000043c800000, 0x000000043cc00000|  0%| F|  |TAMS 0x000000043c800000| PB 0x000000043c800000| Untracked 
|  71|0x000000043cc00000, 0x000000043cc00000, 0x000000043d000000|  0%| F|  |TAMS 0x000000043cc00000| PB 0x000000043cc00000| Untracked 
|  72|0x000000043d000000, 0x000000043d000000, 0x000000043d400000|  0%| F|  |TAMS 0x000000043d000000| PB 0x000000043d000000| Untracked 
|  73|0x000000043d400000, 0x000000043d400000, 0x000000043d800000|  0%| F|  |TAMS 0x000000043d400000| PB 0x000000043d400000| Untracked 
|  74|0x000000043d800000, 0x000000043d800000, 0x000000043dc00000|  0%| F|  |TAMS 0x000000043d800000| PB 0x000000043d800000| Untracked 
|  75|0x000000043dc00000, 0x000000043dc00000, 0x000000043e000000|  0%| F|  |TAMS 0x000000043dc00000| PB 0x000000043dc00000| Untracked 
|  76|0x000000043e000000, 0x000000043e000000, 0x000000043e400000|  0%| F|  |TAMS 0x000000043e000000| PB 0x000000043e000000| Untracked 
|  77|0x000000043e400000, 0x000000043e400000, 0x000000043e800000|  0%| F|  |TAMS 0x000000043e400000| PB 0x000000043e400000| Untracked 
|  78|0x000000043e800000, 0x000000043e800000, 0x000000043ec00000|  0%| F|  |TAMS 0x000000043e800000| PB 0x000000043e800000| Untracked 
|  79|0x000000043ec00000, 0x000000043ec00000, 0x000000043f000000|  0%| F|  |TAMS 0x000000043ec00000| PB 0x000000043ec00000| Untracked 
|  80|0x000000043f000000, 0x000000043f000000, 0x000000043f400000|  0%| F|  |TAMS 0x000000043f000000| PB 0x000000043f000000| Untracked 
|  81|0x000000043f400000, 0x000000043f400000, 0x000000043f800000|  0%| F|  |TAMS 0x000000043f400000| PB 0x000000043f400000| Untracked 
|  82|0x000000043f800000, 0x000000043f800000, 0x000000043fc00000|  0%| F|  |TAMS 0x000000043f800000| PB 0x000000043f800000| Untracked 
|  83|0x000000043fc00000, 0x000000043fc00000, 0x0000000440000000|  0%| F|  |TAMS 0x000000043fc00000| PB 0x000000043fc00000| Untracked 
|  84|0x0000000440000000, 0x0000000440000000, 0x0000000440400000|  0%| F|  |TAMS 0x0000000440000000| PB 0x0000000440000000| Untracked 
|  85|0x0000000440400000, 0x0000000440400000, 0x0000000440800000|  0%| F|  |TAMS 0x0000000440400000| PB 0x0000000440400000| Untracked 
|  86|0x0000000440800000, 0x0000000440800000, 0x0000000440c00000|  0%| F|  |TAMS 0x0000000440800000| PB 0x0000000440800000| Untracked 
|  87|0x0000000440c00000, 0x0000000440c00000, 0x0000000441000000|  0%| F|  |TAMS 0x0000000440c00000| PB 0x0000000440c00000| Untracked 
|  88|0x0000000441000000, 0x0000000441000000, 0x0000000441400000|  0%| F|  |TAMS 0x0000000441000000| PB 0x0000000441000000| Untracked 
|  89|0x0000000441400000, 0x0000000441400000, 0x0000000441800000|  0%| F|  |TAMS 0x0000000441400000| PB 0x0000000441400000| Untracked 
|  90|0x0000000441800000, 0x0000000441800000, 0x0000000441c00000|  0%| F|  |TAMS 0x0000000441800000| PB 0x0000000441800000| Untracked 
|  91|0x0000000441c00000, 0x0000000441c00000, 0x0000000442000000|  0%| F|  |TAMS 0x0000000441c00000| PB 0x0000000441c00000| Untracked 
|  92|0x0000000442000000, 0x0000000442000000, 0x0000000442400000|  0%| F|  |TAMS 0x0000000442000000| PB 0x0000000442000000| Untracked 
|  93|0x0000000442400000, 0x0000000442400000, 0x0000000442800000|  0%| F|  |TAMS 0x0000000442400000| PB 0x0000000442400000| Untracked 
|  94|0x0000000442800000, 0x0000000442800000, 0x0000000442c00000|  0%| F|  |TAMS 0x0000000442800000| PB 0x0000000442800000| Untracked 
|  95|0x0000000442c00000, 0x0000000442c00000, 0x0000000443000000|  0%| F|  |TAMS 0x0000000442c00000| PB 0x0000000442c00000| Untracked 
|  96|0x0000000443000000, 0x0000000443000000, 0x0000000443400000|  0%| F|  |TAMS 0x0000000443000000| PB 0x0000000443000000| Untracked 
|  97|0x0000000443400000, 0x0000000443400000, 0x0000000443800000|  0%| F|  |TAMS 0x0000000443400000| PB 0x0000000443400000| Untracked 
|  98|0x0000000443800000, 0x0000000443800000, 0x0000000443c00000|  0%| F|  |TAMS 0x0000000443800000| PB 0x0000000443800000| Untracked 
|  99|0x0000000443c00000, 0x0000000443c00000, 0x0000000444000000|  0%| F|  |TAMS 0x0000000443c00000| PB 0x0000000443c00000| Untracked 
| 100|0x0000000444000000, 0x0000000444000000, 0x0000000444400000|  0%| F|  |TAMS 0x0000000444000000| PB 0x0000000444000000| Untracked 
| 101|0x0000000444400000, 0x0000000444400000, 0x0000000444800000|  0%| F|  |TAMS 0x0000000444400000| PB 0x0000000444400000| Untracked 
| 102|0x0000000444800000, 0x0000000444800000, 0x0000000444c00000|  0%| F|  |TAMS 0x0000000444800000| PB 0x0000000444800000| Untracked 
| 103|0x0000000444c00000, 0x0000000444c00000, 0x0000000445000000|  0%| F|  |TAMS 0x0000000444c00000| PB 0x0000000444c00000| Untracked 
| 104|0x0000000445000000, 0x0000000445000000, 0x0000000445400000|  0%| F|  |TAMS 0x0000000445000000| PB 0x0000000445000000| Untracked 
| 105|0x0000000445400000, 0x0000000445400000, 0x0000000445800000|  0%| F|  |TAMS 0x0000000445400000| PB 0x0000000445400000| Untracked 
| 106|0x0000000445800000, 0x0000000445800000, 0x0000000445c00000|  0%| F|  |TAMS 0x0000000445800000| PB 0x0000000445800000| Untracked 
| 107|0x0000000445c00000, 0x0000000445c00000, 0x0000000446000000|  0%| F|  |TAMS 0x0000000445c00000| PB 0x0000000445c00000| Untracked 
| 108|0x0000000446000000, 0x0000000446000000, 0x0000000446400000|  0%| F|  |TAMS 0x0000000446000000| PB 0x0000000446000000| Untracked 
| 109|0x0000000446400000, 0x0000000446400000, 0x0000000446800000|  0%| F|  |TAMS 0x0000000446400000| PB 0x0000000446400000| Untracked 
| 110|0x0000000446800000, 0x0000000446800000, 0x0000000446c00000|  0%| F|  |TAMS 0x0000000446800000| PB 0x0000000446800000| Untracked 
| 111|0x0000000446c00000, 0x0000000446c00000, 0x0000000447000000|  0%| F|  |TAMS 0x0000000446c00000| PB 0x0000000446c00000| Untracked 
| 112|0x0000000447000000, 0x0000000447000000, 0x0000000447400000|  0%| F|  |TAMS 0x0000000447000000| PB 0x0000000447000000| Untracked 
| 113|0x0000000447400000, 0x0000000447400000, 0x0000000447800000|  0%| F|  |TAMS 0x0000000447400000| PB 0x0000000447400000| Untracked 
| 114|0x0000000447800000, 0x0000000447800000, 0x0000000447c00000|  0%| F|  |TAMS 0x0000000447800000| PB 0x0000000447800000| Untracked 
| 115|0x0000000447c00000, 0x0000000447c00000, 0x0000000448000000|  0%| F|  |TAMS 0x0000000447c00000| PB 0x0000000447c00000| Untracked 
| 116|0x0000000448000000, 0x0000000448000000, 0x0000000448400000|  0%| F|  |TAMS 0x0000000448000000| PB 0x0000000448000000| Untracked 
| 117|0x0000000448400000, 0x0000000448400000, 0x0000000448800000|  0%| F|  |TAMS 0x0000000448400000| PB 0x0000000448400000| Untracked 
| 118|0x0000000448800000, 0x0000000448800000, 0x0000000448c00000|  0%| F|  |TAMS 0x0000000448800000| PB 0x0000000448800000| Untracked 
| 119|0x0000000448c00000, 0x0000000448c00000, 0x0000000449000000|  0%| F|  |TAMS 0x0000000448c00000| PB 0x0000000448c00000| Untracked 
| 120|0x0000000449000000, 0x0000000449000000, 0x0000000449400000|  0%| F|  |TAMS 0x0000000449000000| PB 0x0000000449000000| Untracked 
| 121|0x0000000449400000, 0x00000004496ba8c8, 0x0000000449800000| 68%| S|  |TAMS 0x0000000449400000| PB 0x0000000449400000| Complete 
| 122|0x0000000449800000, 0x0000000449c00000, 0x0000000449c00000|100%| E|CS|TAMS 0x0000000449800000| PB 0x0000000449800000| Complete 
| 123|0x0000000449c00000, 0x000000044a000000, 0x000000044a000000|100%| E|CS|TAMS 0x0000000449c00000| PB 0x0000000449c00000| Complete 
| 124|0x000000044a000000, 0x000000044a400000, 0x000000044a400000|100%| E|CS|TAMS 0x000000044a000000| PB 0x000000044a000000| Complete 
| 125|0x000000044a400000, 0x000000044a800000, 0x000000044a800000|100%| E|CS|TAMS 0x000000044a400000| PB 0x000000044a400000| Complete 
| 126|0x000000044a800000, 0x000000044ac00000, 0x000000044ac00000|100%| E|CS|TAMS 0x000000044a800000| PB 0x000000044a800000| Complete 
| 127|0x000000044ac00000, 0x000000044b000000, 0x000000044b000000|100%| E|CS|TAMS 0x000000044ac00000| PB 0x000000044ac00000| Complete 

Card table byte_map: [0x00000180b50b0000,0x00000180b60b0000] _byte_map_base: 0x00000180b2f58000

Marking Bits: (CMBitMap*) 0x000001809a865bf0
 Bits: [0x00000180b60b0000, 0x00000180be080000)

Polling page: 0x000001809a890000

Metaspace:

Usage:
  Non-class:      4.06 MB used.
      Class:    512.29 KB used.
       Both:      4.56 MB used.

Virtual space:
  Non-class space:       64.00 MB reserved,       4.12 MB (  6%) committed,  1 nodes.
      Class space:        1.00 GB reserved,     576.00 KB ( <1%) committed,  1 nodes.
             Both:        1.06 GB reserved,       4.69 MB ( <1%) committed. 

Chunk freelists:
   Non-Class:  10.78 MB
       Class:  15.45 MB
        Both:  26.23 MB

MaxMetaspaceSize: unlimited
CompressedClassSpaceSize: 1.00 GB
Initial GC threshold: 21.00 MB
Current GC threshold: 21.00 MB
CDS: on
 - commit_granule_bytes: 65536.
 - commit_granule_words: 8192.
 - virtual_space_node_default_size: 8388608.
 - enlarge_chunks_in_place: 1.
 - use_allocation_guard: 0.


Internal statistics:

num_allocs_failed_limit: 0.
num_arena_births: 68.
num_arena_deaths: 0.
num_vsnodes_births: 2.
num_vsnodes_deaths: 0.
num_space_committed: 75.
num_space_uncommitted: 0.
num_chunks_returned_to_freelist: 0.
num_chunks_taken_from_freelist: 146.
num_chunk_merges: 0.
num_chunk_splits: 94.
num_chunks_enlarged: 69.
num_inconsistent_stats: 0.

CodeHeap 'non-profiled nmethods': size=120000Kb used=278Kb max_used=278Kb free=119721Kb
 bounds [0x00000180abf00000, 0x00000180ac170000, 0x00000180b3430000]
CodeHeap 'profiled nmethods': size=120000Kb used=1847Kb max_used=1847Kb free=118152Kb
 bounds [0x00000180a4430000, 0x00000180a46a0000, 0x00000180ab960000]
CodeHeap 'non-nmethods': size=5760Kb used=1374Kb max_used=1391Kb free=4385Kb
 bounds [0x00000180ab960000, 0x00000180abbd0000, 0x00000180abf00000]
 total_blobs=1479 nmethods=1002 adapters=382
 compilation: enabled
              stopped_count=0, restarted_count=0
 full_count=0

Compilation events (20 events):
Event: 1.105 Thread 0x0000018106017200  997   !   3       java.io.FileOutputStream::write (47 bytes)
Event: 1.106 Thread 0x0000018106017200 nmethod 997 0x00000180a45fa210 code [0x00000180a45fa400, 0x00000180a45fa6c0]
Event: 1.106 Thread 0x0000018106017200  996       3       sun.nio.cs.UTF_8$Encoder::encodeArrayLoop (137 bytes)
Event: 1.106 Thread 0x00000181069dcd10 nmethod 980 0x00000180abf42890 code [0x00000180abf42a60, 0x00000180abf430c8]
Event: 1.106 Thread 0x00000181069dcd10  979       4       java.util.concurrent.ConcurrentHashMap$Node::<init> (20 bytes)
Event: 1.107 Thread 0x0000018106017200 nmethod 996 0x00000180a45fa890 code [0x00000180a45fac40, 0x00000180a45fc240]
Event: 1.107 Thread 0x0000018106017200  968       3       java.lang.invoke.MethodType$ConcurrentWeakInternSet$WeakEntry::<init> (15 bytes)
Event: 1.107 Thread 0x0000018106017200 nmethod 968 0x00000180a45fcb10 code [0x00000180a45fcce0, 0x00000180a45fd100]
Event: 1.107 Thread 0x0000018106017200  976       1       java.lang.reflect.Field::getDeclaringClass (5 bytes)
Event: 1.107 Thread 0x0000018106017200 nmethod 976 0x00000180abf43390 code [0x00000180abf43520, 0x00000180abf435f0]
Event: 1.107 Thread 0x0000018106017200  969       1       java.lang.invoke.MethodType::rtype (5 bytes)
Event: 1.107 Thread 0x0000018106017200 nmethod 969 0x00000180abf43690 code [0x00000180abf43820, 0x00000180abf438f0]
Event: 1.108 Thread 0x00000181069dcd10 nmethod 979 0x00000180abf43990 code [0x00000180abf43b20, 0x00000180abf43d90]
Event: 1.109 Thread 0x0000018106014750 nmethod 959 0x00000180abf43e10 code [0x00000180abf44060, 0x00000180abf44ce8]
Event: 1.636 Thread 0x0000018106017200  999       3       org.example.WebRtcPeerConnectionHandler$2::onData (14 bytes)
Event: 1.636 Thread 0x0000018106017200 nmethod 999 0x00000180a45fd290 code [0x00000180a45fd460, 0x00000180a45fd790]
Event: 1.636 Thread 0x0000018106017200 1000       3       org.example.WebRtcController::OnNewAudio (23 bytes)
Event: 1.637 Thread 0x0000018106017200 nmethod 1000 0x00000180a45fd990 code [0x00000180a45fdb40, 0x00000180a45fddd0]
Event: 14.446 Thread 0x0000018106014750 1002       4       org.example.WebRtcPeerConnectionHandler$2::onData (14 bytes)
Event: 14.447 Thread 0x0000018106014750 nmethod 1002 0x00000180abf45790 code [0x00000180abf45920, 0x00000180abf45a28]

GC Heap History (1 events):
Event: 25.747 GC heap before
{Heap before GC invocations=0 (full 0):
 garbage-first heap   total 524288K, used 24576K [0x000000042b000000, 0x000000062a400000)
  region size 4096K, 6 young (24576K), 0 survivors (0K)
 Metaspace       used 4668K, committed 4800K, reserved 1114112K
  class space    used 512K, committed 576K, reserved 1048576K
}

Dll operation events (12 events):
Event: 0.007 Loaded shared library C:\Program Files\Java\jdk-21\bin\java.dll
Event: 0.040 Loaded shared library C:\Program Files\Java\jdk-21\bin\jsvml.dll
Event: 0.085 Loaded shared library C:\Program Files\Java\jdk-21\bin\zip.dll
Event: 0.089 Loaded shared library C:\Program Files\Java\jdk-21\bin\instrument.dll
Event: 0.093 Loaded shared library C:\Program Files\Java\jdk-21\bin\net.dll
Event: 0.094 Loaded shared library C:\Program Files\Java\jdk-21\bin\nio.dll
Event: 0.098 Loaded shared library C:\Program Files\Java\jdk-21\bin\zip.dll
Event: 0.125 Loaded shared library C:\Users\Nico\AppData\Local\Programs\IntelliJ IDEA Community Edition\bin\breakgen64.dll
Event: 0.133 Loaded shared library C:\Program Files\Java\jdk-21\bin\extnet.dll
Event: 0.174 Loaded shared library C:\Program Files\Java\jdk-21\bin\jimage.dll
Event: 0.241 Loaded shared library C:\Program Files\Java\jdk-21\bin\jsound.dll
Event: 0.689 Loaded shared library C:\Users\Nico\AppData\Local\Temp\webrtc-java5490315000018821444.dll

Deoptimization events (20 events):
Event: 0.227 Thread 0x000001809a7bab20 DEOPT PACKING pc=0x00000180abf0e1ec sp=0x00000007571fecc0
Event: 0.227 Thread 0x000001809a7bab20 DEOPT UNPACKING pc=0x00000180ab9b46a2 sp=0x00000007571fec80 mode 2
Event: 0.261 Thread 0x00000181061240e0 DEOPT PACKING pc=0x00000180a44fba0a sp=0x00000007584fdc20
Event: 0.261 Thread 0x00000181061240e0 DEOPT UNPACKING pc=0x00000180ab9b4e42 sp=0x00000007584fd058 mode 0
Event: 0.303 Thread 0x00000181061240e0 DEOPT PACKING pc=0x00000180a4491d95 sp=0x00000007584fd920
Event: 0.303 Thread 0x00000181061240e0 DEOPT UNPACKING pc=0x00000180ab9b4e42 sp=0x00000007584fcd70 mode 0
Event: 0.924 Thread 0x0000018106122d30 DEOPT PACKING pc=0x00000180a4492cce sp=0x0000000758efee00
Event: 0.924 Thread 0x0000018106122d30 DEOPT UNPACKING pc=0x00000180ab9b4e42 sp=0x0000000758efe278 mode 0
Event: 1.058 Thread 0x0000018106002bc0 Uncommon trap: trap_request=0xffffff45 fr.pc=0x00000180abf31ec4 relative=0x00000000000002c4
Event: 1.058 Thread 0x0000018106002bc0 Uncommon trap: reason=unstable_if action=reinterpret pc=0x00000180abf31ec4 method=java.lang.invoke.VarHandle.checkAccessModeThenIsDirect(Ljava/lang/invoke/VarHandle$AccessDescriptor;)Z @ 4 c2
Event: 1.058 Thread 0x0000018106002bc0 DEOPT PACKING pc=0x00000180abf31ec4 sp=0x0000000757cfd880
Event: 1.058 Thread 0x0000018106002bc0 DEOPT UNPACKING pc=0x00000180ab9b46a2 sp=0x0000000757cfd7d8 mode 2
Event: 1.058 Thread 0x0000018106002bc0 Uncommon trap: trap_request=0xffffff45 fr.pc=0x00000180abf29c48 relative=0x0000000000000188
Event: 1.058 Thread 0x0000018106002bc0 Uncommon trap: reason=unstable_if action=reinterpret pc=0x00000180abf29c48 method=java.lang.invoke.VarHandle.checkAccessModeThenIsDirect(Ljava/lang/invoke/VarHandle$AccessDescriptor;)Z @ 4 c2
Event: 1.058 Thread 0x0000018106002bc0 DEOPT PACKING pc=0x00000180abf29c48 sp=0x0000000757cfd920
Event: 1.058 Thread 0x0000018106002bc0 DEOPT UNPACKING pc=0x00000180ab9b46a2 sp=0x0000000757cfd8f0 mode 2
Event: 6.883 Thread 0x00000181061240e0 Uncommon trap: trap_request=0xffffff45 fr.pc=0x00000180abf34860 relative=0x00000000000000c0
Event: 6.883 Thread 0x00000181061240e0 Uncommon trap: reason=unstable_if action=reinterpret pc=0x00000180abf34860 method=java.nio.Buffer.position(I)Ljava/nio/Buffer; @ 37 c2
Event: 6.883 Thread 0x00000181061240e0 DEOPT PACKING pc=0x00000180abf34860 sp=0x00000007584feed0
Event: 6.883 Thread 0x00000181061240e0 DEOPT UNPACKING pc=0x00000180ab9b46a2 sp=0x00000007584fee00 mode 2

Classes loaded (20 events):
Event: 1.087 Loading class java/time/Month
Event: 1.087 Loading class java/time/Month done
Event: 1.087 Loading class java/time/DayOfWeek
Event: 1.087 Loading class java/time/DayOfWeek done
Event: 1.087 Loading class java/time/zone/ZoneOffsetTransitionRule$TimeDefinition
Event: 1.087 Loading class java/time/zone/ZoneOffsetTransitionRule$TimeDefinition done
Event: 1.088 Loading class java/time/zone/ZoneOffsetTransition
Event: 1.088 Loading class java/time/zone/ZoneOffsetTransition done
Event: 1.089 Loading class sun/util/cldr/CLDRBaseLocaleDataMetaInfo$TZCanonicalIDMapHolder
Event: 1.089 Loading class sun/util/cldr/CLDRBaseLocaleDataMetaInfo$TZCanonicalIDMapHolder done
Event: 1.091 Loading class sun/util/resources/TimeZoneNames
Event: 1.092 Loading class sun/util/resources/TimeZoneNames done
Event: 1.092 Loading class sun/util/resources/TimeZoneNames_en
Event: 1.092 Loading class sun/util/resources/TimeZoneNames_en done
Event: 1.097 Loading class jdk/internal/foreign/MemorySessionImpl
Event: 1.098 Loading class java/lang/foreign/MemorySegment$Scope
Event: 1.098 Loading class java/lang/foreign/MemorySegment$Scope done
Event: 1.098 Loading class jdk/internal/foreign/MemorySessionImpl done
Event: 6.884 Loading class java/util/concurrent/LinkedBlockingQueue$Itr
Event: 6.884 Loading class java/util/concurrent/LinkedBlockingQueue$Itr done

Classes unloaded (0 events):
No events

Classes redefined (0 events):
No events

Internal exceptions (12 events):
Event: 0.117 Thread 0x000001809a7bab20 Exception <a 'java/lang/NoSuchMethodError'{0x000000044afa3c30}: 'void java.lang.invoke.DirectMethodHandle$Holder.invokeStatic(java.lang.Object, java.lang.Object, java.lang.Object)'> (0x000000044afa3c30) 
thrown [s\open\src\hotspot\share\interpreter\linkResolver.cpp, line 773]
Event: 0.121 Thread 0x000001809a7bab20 Exception <a 'java/lang/NoSuchMethodError'{0x000000044afbb228}: 'java.lang.Object java.lang.invoke.Invokers$Holder.invokeExact_MT(java.lang.Object, java.lang.Object, java.lang.Object, java.lang.Object, java.lang.Object)'> (0x000000044afbb228) 
thrown [s\open\src\hotspot\share\interpreter\linkResolver.cpp, line 773]
Event: 0.134 Thread 0x00000181061226a0 Exception <a 'java/lang/NoSuchMethodError'{0x000000044affa378}: 'void java.lang.invoke.DirectMethodHandle$Holder.invokeStatic(java.lang.Object, java.lang.Object)'> (0x000000044affa378) 
thrown [s\open\src\hotspot\share\interpreter\linkResolver.cpp, line 773]
Event: 0.232 Thread 0x000001809a7bab20 Exception <a 'java/lang/NoSuchMethodError'{0x000000044aaf7998}: 'java.lang.Object java.lang.invoke.DirectMethodHandle$Holder.invokeStaticInit(java.lang.Object, int, int, int, int)'> (0x000000044aaf7998) 
thrown [s\open\src\hotspot\share\interpreter\linkResolver.cpp, line 773]
Event: 0.265 Thread 0x00000181061240e0 Exception <a 'java/lang/NoSuchMethodError'{0x000000044abe84d8}: 'java.lang.Object java.lang.invoke.DirectMethodHandle$Holder.invokeStaticInit(java.lang.Object, java.lang.Object, int, int, int, int)'> (0x000000044abe84d8) 
thrown [s\open\src\hotspot\share\interpreter\linkResolver.cpp, line 773]
Event: 0.291 Thread 0x00000181061240e0 Exception <a 'java/lang/NoSuchMethodError'{0x000000044a45b438}: 'int java.lang.invoke.DirectMethodHandle$Holder.invokeSpecial(java.lang.Object, java.lang.Object, java.lang.Object)'> (0x000000044a45b438) 
thrown [s\open\src\hotspot\share\interpreter\linkResolver.cpp, line 773]
Event: 0.300 Thread 0x00000181061240e0 Exception <a 'java/lang/NoSuchMethodError'{0x000000044a579700}: 'void java.lang.invoke.Invokers$Holder.invokeExact_MT(java.lang.Object, java.lang.Object, java.lang.Object, java.lang.Object)'> (0x000000044a579700) 
thrown [s\open\src\hotspot\share\interpreter\linkResolver.cpp, line 773]
Event: 0.931 Thread 0x0000018106122d30 Exception <a 'java/lang/NoSuchMethodError'{0x000000044a6ff8a0}: 'java.lang.Object java.lang.invoke.DirectMethodHandle$Holder.newInvokeSpecial(java.lang.Object, java.lang.Object, java.lang.Object, java.lang.Object, int)'> (0x000000044a6ff8a0) 
thrown [s\open\src\hotspot\share\interpreter\linkResolver.cpp, line 773]
Event: 0.931 Thread 0x0000018106122d30 Exception <a 'java/lang/NoSuchMethodError'{0x000000044a7038c0}: 'java.lang.Object java.lang.invoke.DirectMethodHandle$Holder.invokeSpecial(java.lang.Object, java.lang.Object, java.lang.Object, java.lang.Object, java.lang.Object, int)'> (0x000000044a7038c0) 
thrown [s\open\src\hotspot\share\interpreter\linkResolver.cpp, line 773]
Event: 0.932 Thread 0x0000018106122d30 Exception <a 'java/lang/NoSuchMethodError'{0x000000044a707080}: 'java.lang.Object java.lang.invoke.Invokers$Holder.linkToTargetMethod(java.lang.Object, java.lang.Object, java.lang.Object, int, java.lang.Object)'> (0x000000044a707080) 
thrown [s\open\src\hotspot\share\interpreter\linkResolver.cpp, line 773]
Event: 0.954 Thread 0x0000018106122d30 Exception <a 'java/lang/NoSuchMethodError'{0x000000044a7264b8}: 'void java.lang.invoke.DirectMethodHandle$Holder.invokeStatic(java.lang.Object, java.lang.Object, java.lang.Object, java.lang.Object)'> (0x000000044a7264b8) 
thrown [s\open\src\hotspot\share\interpreter\linkResolver.cpp, line 773]
Event: 1.095 Thread 0x0000018106002bc0 Exception <a 'java/lang/NoSuchMethodError'{0x000000044a26a238}: 'java.lang.Object java.lang.invoke.Invokers$Holder.invokeExact_MT(java.lang.Object, java.lang.Object, java.lang.Object, java.lang.Object, java.lang.Object, java.lang.Object)'> (0x000000044a26a238) 
thrown [s\open\src\hotspot\share\interpreter\linkResolver.cpp, line 773]

ZGC Phase Switch (0 events):
No events

VM Operations (11 events):
Event: 0.073 Executing VM operation: HandshakeAllThreads (Deoptimize)
Event: 0.073 Executing VM operation: HandshakeAllThreads (Deoptimize) done
Event: 0.312 Executing VM operation: HandshakeAllThreads (Deoptimize)
Event: 0.312 Executing VM operation: HandshakeAllThreads (Deoptimize) done
Event: 0.496 Executing VM operation: HandshakeAllThreads (Deoptimize)
Event: 0.496 Executing VM operation: HandshakeAllThreads (Deoptimize) done
Event: 1.502 Executing VM operation: Cleanup
Event: 1.502 Executing VM operation: Cleanup done
Event: 7.505 Executing VM operation: Cleanup
Event: 7.505 Executing VM operation: Cleanup done
Event: 25.747 Executing VM operation: G1CollectForAllocation (G1 Evacuation Pause)

Events (20 events):
Event: 0.039 Thread 0x0000018106014750 Thread added: 0x0000018106014750
Event: 0.039 Thread 0x0000018106017200 Thread added: 0x0000018106017200
Event: 0.067 Thread 0x0000018106124e00 Thread added: 0x0000018106124e00
Event: 0.126 Thread 0x00000181061226a0 Thread added: 0x00000181061226a0
Event: 0.126 Thread 0x0000018106123a50 Thread added: 0x0000018106123a50
Event: 0.236 Thread 0x00000181061240e0 Thread added: 0x00000181061240e0
Event: 0.272 Thread 0x0000018106124770 Thread added: 0x0000018106124770
Event: 0.279 Thread 0x0000018106121980 Thread added: 0x0000018106121980
Event: 0.417 Thread 0x0000018106122010 Thread added: 0x0000018106122010
Event: 0.898 Thread 0x0000018106122d30 Thread added: 0x0000018106122d30
Event: 0.926 Thread 0x00000181061233c0 Thread added: 0x00000181061233c0
Event: 0.956 Thread 0x0000018106adc3c0 Thread added: 0x0000018106adc3c0
Event: 1.053 Thread 0x0000018106adf1b0 Thread added: 0x0000018106adf1b0
Event: 1.076 Thread 0x0000018106ae1910 Thread added: 0x0000018106ae1910
Event: 1.100 Thread 0x00000181069dcd10 Thread added: 0x00000181069dcd10
Event: 1.106 Thread 0x0000018106ae1fa0 Thread added: 0x0000018106ae1fa0
Event: 1.636 Thread 0x00000181069dcd10 Thread exited: 0x00000181069dcd10
Event: 6.884 Thread 0x0000018106121980 Thread exited: 0x0000018106121980
Event: 6.884 Thread 0x00000181061240e0 Thread exited: 0x00000181061240e0
Event: 6.885 Thread 0x0000018106124770 Thread exited: 0x0000018106124770


Dynamic libraries:
0x00007ff7fbb60000 - 0x00007ff7fbb70000 	C:\Program Files\Java\jdk-21\bin\java.exe
0x00007ffd7a0b0000 - 0x00007ffd7a2a8000 	C:\WINDOWS\SYSTEM32\ntdll.dll
0x00007ffd783d0000 - 0x00007ffd7848d000 	C:\WINDOWS\System32\KERNEL32.DLL
0x00007ffd77900000 - 0x00007ffd77bf6000 	C:\WINDOWS\System32\KERNELBASE.dll
0x00007ffd77800000 - 0x00007ffd77900000 	C:\WINDOWS\System32\ucrtbase.dll
0x00007ffd686b0000 - 0x00007ffd686c9000 	C:\Program Files\Java\jdk-21\bin\jli.dll
0x00007ffd68f40000 - 0x00007ffd68f5b000 	C:\Program Files\Java\jdk-21\bin\VCRUNTIME140.dll
0x00007ffd79f10000 - 0x00007ffd79fc0000 	C:\WINDOWS\System32\ADVAPI32.dll
0x00007ffd78210000 - 0x00007ffd782ae000 	C:\WINDOWS\System32\msvcrt.dll
0x00007ffd78540000 - 0x00007ffd785e0000 	C:\WINDOWS\System32\sechost.dll
0x00007ffd79240000 - 0x00007ffd79363000 	C:\WINDOWS\System32\RPCRT4.dll
0x00007ffd777d0000 - 0x00007ffd777f7000 	C:\WINDOWS\System32\bcrypt.dll
0x00007ffd790a0000 - 0x00007ffd7923f000 	C:\WINDOWS\System32\USER32.dll
0x00007ffd78060000 - 0x00007ffd78082000 	C:\WINDOWS\System32\win32u.dll
0x00007ffd78510000 - 0x00007ffd7853b000 	C:\WINDOWS\System32\GDI32.dll
0x00007ffd62650000 - 0x00007ffd628ea000 	C:\WINDOWS\WinSxS\amd64_microsoft.windows.common-controls_6595b64144ccf1df_6.0.19041.3636_none_60b6a03d71f818d5\COMCTL32.dll
0x00007ffd77d30000 - 0x00007ffd77e47000 	C:\WINDOWS\System32\gdi32full.dll
0x00007ffd77c00000 - 0x00007ffd77c9d000 	C:\WINDOWS\System32\msvcp_win.dll
0x00007ffd71530000 - 0x00007ffd7153a000 	C:\WINDOWS\SYSTEM32\VERSION.dll
0x00007ffd78740000 - 0x00007ffd78772000 	C:\WINDOWS\System32\IMM32.DLL
0x00007ffd73aa0000 - 0x00007ffd73aac000 	C:\Program Files\Java\jdk-21\bin\vcruntime140_1.dll
0x00007ffd68620000 - 0x00007ffd686ae000 	C:\Program Files\Java\jdk-21\bin\msvcp140.dll
0x00007ffcf9b90000 - 0x00007ffcfa8a5000 	C:\Program Files\Java\jdk-21\bin\server\jvm.dll
0x00007ffd79d40000 - 0x00007ffd79dab000 	C:\WINDOWS\System32\WS2_32.dll
0x00007ffd76c60000 - 0x00007ffd76cab000 	C:\WINDOWS\SYSTEM32\POWRPROF.dll
0x00007ffd66b00000 - 0x00007ffd66b27000 	C:\WINDOWS\SYSTEM32\WINMM.dll
0x00007ffd76b20000 - 0x00007ffd76b32000 	C:\WINDOWS\SYSTEM32\UMPDC.dll
0x00007ffd755d0000 - 0x00007ffd755e2000 	C:\WINDOWS\SYSTEM32\kernel.appcore.dll
0x00007ffd71cf0000 - 0x00007ffd71cfa000 	C:\Program Files\Java\jdk-21\bin\jimage.dll
0x00007ffd63590000 - 0x00007ffd63774000 	C:\WINDOWS\SYSTEM32\DBGHELP.DLL
0x00007ffd4dd90000 - 0x00007ffd4ddc4000 	C:\WINDOWS\SYSTEM32\dbgcore.DLL
0x00007ffd77ca0000 - 0x00007ffd77d22000 	C:\WINDOWS\System32\bcryptPrimitives.dll
0x00007ffd73110000 - 0x00007ffd7311f000 	C:\Program Files\Java\jdk-21\bin\instrument.dll
0x00007ffd68600000 - 0x00007ffd6861f000 	C:\Program Files\Java\jdk-21\bin\java.dll
0x00007ffd79520000 - 0x00007ffd79c8b000 	C:\WINDOWS\System32\SHELL32.dll
0x00007ffd757d0000 - 0x00007ffd75f6e000 	C:\WINDOWS\SYSTEM32\windows.storage.dll
0x00007ffd78790000 - 0x00007ffd78ae3000 	C:\WINDOWS\System32\combase.dll
0x00007ffd770b0000 - 0x00007ffd770de000 	C:\WINDOWS\SYSTEM32\Wldp.dll
0x00007ffd78670000 - 0x00007ffd7873d000 	C:\WINDOWS\System32\OLEAUT32.dll
0x00007ffd79fc0000 - 0x00007ffd7a06d000 	C:\WINDOWS\System32\SHCORE.dll
0x00007ffd78310000 - 0x00007ffd78365000 	C:\WINDOWS\System32\shlwapi.dll
0x00007ffd77690000 - 0x00007ffd776b3000 	C:\WINDOWS\SYSTEM32\profapi.dll
0x00007ffd68520000 - 0x00007ffd685f7000 	C:\Program Files\Java\jdk-21\bin\jsvml.dll
0x00007ffd4bd10000 - 0x00007ffd4bd28000 	C:\Program Files\Java\jdk-21\bin\zip.dll
0x00007ffd684e0000 - 0x00007ffd684f0000 	C:\Program Files\Java\jdk-21\bin\net.dll
0x00007ffd71630000 - 0x00007ffd7173a000 	C:\WINDOWS\SYSTEM32\WINHTTP.dll
0x00007ffd76e90000 - 0x00007ffd76efa000 	C:\WINDOWS\system32\mswsock.dll
0x00007ffd68470000 - 0x00007ffd68486000 	C:\Program Files\Java\jdk-21\bin\nio.dll
0x00007ffd6bb50000 - 0x00007ffd6bb6a000 	C:\Users\Nico\AppData\Local\Programs\IntelliJ IDEA Community Edition\bin\breakgen64.dll
0x00007ffd4bd00000 - 0x00007ffd4bd07000 	C:\Program Files\Java\jdk-21\bin\extnet.dll
0x00007ffd6bb00000 - 0x00007ffd6bb12000 	C:\Program Files\Java\jdk-21\bin\jsound.dll
0x00007ffd780e0000 - 0x00007ffd7820b000 	C:\WINDOWS\System32\ole32.dll
0x00007ffd159b0000 - 0x00007ffd15a4c000 	C:\WINDOWS\SYSTEM32\DSOUND.dll
0x00007ffd575c0000 - 0x00007ffd575e6000 	C:\WINDOWS\SYSTEM32\winmmbase.dll
0x00007ffd770f0000 - 0x00007ffd77108000 	C:\WINDOWS\SYSTEM32\CRYPTSP.dll
0x00007ffd76760000 - 0x00007ffd76794000 	C:\WINDOWS\system32\rsaenh.dll
0x00007ffd77650000 - 0x00007ffd7767e000 	C:\WINDOWS\SYSTEM32\USERENV.dll
0x00007ffd75100000 - 0x00007ffd7519e000 	C:\WINDOWS\system32\uxtheme.dll
0x00007ffd77020000 - 0x00007ffd7702c000 	C:\WINDOWS\SYSTEM32\CRYPTBASE.dll
0x00007ffd79c90000 - 0x00007ffd79d39000 	C:\WINDOWS\System32\clbcatq.dll
0x00007ffd70cb0000 - 0x00007ffd70d35000 	C:\WINDOWS\System32\MMDevApi.dll
0x00007ffd774f0000 - 0x00007ffd77523000 	C:\WINDOWS\System32\DEVOBJ.dll
0x00007ffd78090000 - 0x00007ffd780de000 	C:\WINDOWS\System32\cfgmgr32.dll
0x00007ffd76b40000 - 0x00007ffd76b7b000 	C:\WINDOWS\SYSTEM32\IPHLPAPI.DLL
0x00007ffd78af0000 - 0x00007ffd78af8000 	C:\WINDOWS\System32\NSI.dll
0x00007ffd63c40000 - 0x00007ffd63c86000 	C:\WINDOWS\SYSTEM32\wdmaud.drv
0x00007ffd73150000 - 0x00007ffd73159000 	C:\WINDOWS\SYSTEM32\ksuser.dll
0x00007ffd74f50000 - 0x00007ffd74f5a000 	C:\WINDOWS\SYSTEM32\AVRT.dll
0x00007ffd64470000 - 0x00007ffd645f2000 	C:\WINDOWS\SYSTEM32\AUDIOSES.DLL
0x00007ffd73140000 - 0x00007ffd7314d000 	C:\WINDOWS\SYSTEM32\msacm32.drv
0x00007ffd72ae0000 - 0x00007ffd72afe000 	C:\WINDOWS\SYSTEM32\MSACM32.dll
0x00007ffd73130000 - 0x00007ffd7313b000 	C:\WINDOWS\SYSTEM32\midimap.dll
0x00007ffd751e0000 - 0x00007ffd751f4000 	C:\WINDOWS\SYSTEM32\resourcepolicyclient.dll
0x00007ffcc8d90000 - 0x00007ffcc9f8f000 	C:\Users\Nico\AppData\Local\Temp\webrtc-java5490315000018821444.dll
0x00007ffd6f830000 - 0x00007ffd6f83b000 	C:\WINDOWS\SYSTEM32\msdmo.dll
0x00007ffd36000000 - 0x00007ffd361bb000 	C:\WINDOWS\SYSTEM32\MFPlat.DLL
0x00007ffd737e0000 - 0x00007ffd73a43000 	C:\WINDOWS\SYSTEM32\d3d11.dll
0x00007ffd75fb0000 - 0x00007ffd760a3000 	C:\WINDOWS\SYSTEM32\dxgi.dll
0x00007ffd65720000 - 0x00007ffd6572c000 	C:\WINDOWS\SYSTEM32\Secur32.dll
0x00007ffd77610000 - 0x00007ffd77642000 	C:\WINDOWS\SYSTEM32\SSPICLI.DLL
0x00007ffd3a720000 - 0x00007ffd3a754000 	C:\WINDOWS\SYSTEM32\RTWorkQ.DLL
0x00007ffd680a0000 - 0x00007ffd68117000 	C:\Windows\System32\mfwmaaec.dll
0x00007ffd6ec50000 - 0x00007ffd6ed91000 	C:\Windows\System32\Windows.UI.dll
0x00007ffd72090000 - 0x00007ffd72131000 	C:\Windows\System32\WindowManagementAPI.dll
0x00007ffd6b560000 - 0x00007ffd6b659000 	C:\Windows\System32\TextInputFramework.dll
0x00007ffd6b400000 - 0x00007ffd6b552000 	C:\Windows\System32\InputHost.dll
0x00007ffd71e70000 - 0x00007ffd72073000 	C:\WINDOWS\SYSTEM32\twinapi.appcore.dll
0x00007ffd74070000 - 0x00007ffd741c7000 	C:\WINDOWS\SYSTEM32\wintypes.dll
0x00007ffd74ac0000 - 0x00007ffd74bb2000 	C:\Windows\System32\CoreMessaging.dll
0x00007ffd74760000 - 0x00007ffd74abb000 	C:\Windows\System32\CoreUIComponents.dll
0x00007ffd73280000 - 0x00007ffd73376000 	C:\Windows\System32\PROPSYS.dll
0x00007ffd76880000 - 0x00007ffd768b3000 	C:\WINDOWS\SYSTEM32\ntmarta.dll
0x00007ffd72400000 - 0x00007ffd72417000 	C:\WINDOWS\SYSTEM32\dhcpcsvc6.DLL
0x00007ffd723e0000 - 0x00007ffd723fd000 	C:\WINDOWS\SYSTEM32\dhcpcsvc.DLL
0x00007ffd76b90000 - 0x00007ffd76c5b000 	C:\WINDOWS\SYSTEM32\DNSAPI.dll
0x00007ffd6f850000 - 0x00007ffd6f85a000 	C:\Windows\System32\rasadhlp.dll
0x00007ffd6f490000 - 0x00007ffd6f510000 	C:\WINDOWS\System32\fwpuclnt.dll

dbghelp: loaded successfully - version: 4.0.5 - missing functions: none
symbol engine: initialized successfully - sym options: 0x614 - pdb path: .;C:\Program Files\Java\jdk-21\bin;C:\WINDOWS\SYSTEM32;C:\WINDOWS\WinSxS\amd64_microsoft.windows.common-controls_6595b64144ccf1df_6.0.19041.3636_none_60b6a03d71f818d5;C:\Program Files\Java\jdk-21\bin\server;C:\Users\Nico\AppData\Local\Programs\IntelliJ IDEA Community Edition\bin;C:\Users\Nico\AppData\Local\Temp

VM Arguments:
jvm_args: -javaagent:C:\Users\Nico\AppData\Local\Programs\IntelliJ IDEA Community Edition\lib\idea_rt.jar=51108:C:\Users\Nico\AppData\Local\Programs\IntelliJ IDEA Community Edition\bin -Dfile.encoding=UTF-8 -Dsun.stdout.encoding=UTF-8 -Dsun.stderr.encoding=UTF-8 
java_command: org.example.App 1
java_class_path (initial): E:\Coding\Java\webrptcJava\target\classes;C:\Users\Nico\.m2\repository\dev\onvoid\webrtc\webrtc-java\0.8.0\webrtc-java-0.8.0.jar;C:\Users\Nico\.m2\repository\dev\onvoid\webrtc\webrtc-java\0.8.0\webrtc-java-0.8.0-windows-x86_64.jar;C:\Users\Nico\.m2\repository\org\json\json\20240303\json-20240303.jar;C:\Users\Nico\.m2\repository\com\github\sarxos\webcam-capture\0.3.12\webcam-capture-0.3.12.jar;C:\Users\Nico\.m2\repository\com\nativelibs4java\bridj\0.7.0\bridj-0.7.0.jar;C:\Users\Nico\.m2\repository\org\java-websocket\Java-WebSocket\1.5.6\Java-WebSocket-1.5.6.jar;C:\Users\Nico\.m2\repository\com\google\code\gson\gson\2.10.1\gson-2.10.1.jar;C:\Users\Nico\.m2\repository\com\fasterxml\jackson\core\jackson-databind\2.13.3\jackson-databind-2.13.3.jar;C:\Users\Nico\.m2\repository\com\fasterxml\jackson\core\jackson-annotations\2.13.3\jackson-annotations-2.13.3.jar;C:\Users\Nico\.m2\repository\com\fasterxml\jackson\core\jackson-core\2.13.3\jackson-core-2.13.3.jar;C:\Users\Nico\.m2\repository\org\slf4j\slf4j-api\2.0.13\slf4j-api-2.0.13.jar
Launcher Type: SUN_STANDARD

[Global flags]
     intx CICompilerCount                          = 4                                         {product} {ergonomic}
     uint ConcGCThreads                            = 3                                         {product} {ergonomic}
     uint G1ConcRefinementThreads                  = 10                                        {product} {ergonomic}
   size_t G1HeapRegionSize                         = 4194304                                   {product} {ergonomic}
    uintx GCDrainStackTargetSize                   = 64                                        {product} {ergonomic}
   size_t InitialHeapSize                          = 536870912                                 {product} {ergonomic}
   size_t MarkStackSize                            = 4194304                                   {product} {ergonomic}
   size_t MaxHeapSize                              = 8577351680                                {product} {ergonomic}
   size_t MaxNewSize                               = 5146411008                                {product} {ergonomic}
   size_t MinHeapDeltaBytes                        = 4194304                                   {product} {ergonomic}
   size_t MinHeapSize                              = 8388608                                   {product} {ergonomic}
    uintx NonNMethodCodeHeapSize                   = 5839372                                {pd product} {ergonomic}
    uintx NonProfiledCodeHeapSize                  = 122909434                              {pd product} {ergonomic}
    uintx ProfiledCodeHeapSize                     = 122909434                              {pd product} {ergonomic}
    uintx ReservedCodeCacheSize                    = 251658240                              {pd product} {ergonomic}
     bool SegmentedCodeCache                       = true                                      {product} {ergonomic}
   size_t SoftMaxHeapSize                          = 8577351680                             {manageable} {ergonomic}
     bool UseCompressedOops                        = true                           {product lp64_product} {ergonomic}
     bool UseG1GC                                  = true                                      {product} {ergonomic}
     bool UseLargePagesIndividualAllocation        = false                                  {pd product} {ergonomic}

Logging:
Log output configuration:
 #0: stdout all=warning uptime,level,tags foldmultilines=false
 #1: stderr all=off uptime,level,tags foldmultilines=false

Environment Variables:
JAVA_HOME=C:\Users\Nico\Downloads\jdk-17.0.9_windows-x64_bin\jdk-17.0.9
PATH=C:\Python39\Scripts\;C:\Python39\;C:\Program Files (x86)\Common Files\Intel\Shared Libraries\redist\intel64\compiler;C:\Windows\system32;C:\Windows;C:\Windows\System32\Wbem;C:\Windows\System32\WindowsPowerShell\v1.0\;C:\Program Files (x86)\NVIDIA Corporation\PhysX\Common;C:\Program Files (x86)\Windows Live\Shared;C:\WINDOWS\system32;C:\WINDOWS;C:\WINDOWS\System32\Wbem;C:\WINDOWS\System32\WindowsPowerShell\v1.0\;C:\WINDOWS\System32\OpenSSH\;C:\WINDOWS\system32;C:\WINDOWS;C:\WINDOWS\System32\Wbem;C:\WINDOWS\System32\WindowsPowerShell\v1.0\;C:\WINDOWS\System32\OpenSSH\;C:\Program Files\NVIDIA Corporation\NVIDIA NvDLISR;C:\ProgramData\chocolatey\bin;C:\Program Files\dotnet\;C:\Program Files\Git\cmd;C:\MinGW\bin;C:\Users\Nico\AppData\Roaming\nvm;C:\Program Files\nodejs;C:\Users\Nico\Downloads\protoc-25.1-win64\bin;C:\Users\Nico\Downloads\apache-maven-3.9.6-bin\apache-maven-3.9.6\bin;C:\Program Files\Docker\Docker\resources\bin;C:\Users\Nico\AppData\Local\Programs\Rider\bin;C:\Program Files\PowerShell\7\;C:\Program Files\JetBrains\WebStorm 2023.2\bin;C:\Users\Nico\Downloads\jdk-17.0.9_windows-x64_bin\jdk-17.0.9;C:\Users\Nico\Downloads\jdk-17.0.9_windows-x64_bin\jdk-17.0.9\bin;C:\Users\Nico\AppData\Local\Microsoft\WindowsApps;C:\Users\Nico\.dotnet\tools;C:\Users\Nico\AppData\Local\Programs\Microsoft VS Code\bin;C:\Program Files\Git\bin\git.exe;C:\Users\Nico\AppData\Local\JetBrains\Toolbox\scripts;C:\Users\Nico\.dotnet\tools;C:\Users\Nico\AppData\Roaming\Composer\vendor\bin;C:\Users\Nico\Downloads\mongosh-1.9.1-win32-x64\mongosh-1.9.1-win32-x64\bin;E:\Coding\LSP\tstest\node_modules\.bin
USERNAME=Nico
OS=Windows_NT
PROCESSOR_IDENTIFIER=AMD64 Family 23 Model 1 Stepping 1, AuthenticAMD
TMP=C:\Users\Nico\AppData\Local\Temp
TEMP=C:\Users\Nico\AppData\Local\Temp




Periodic native trim disabled

---------------  S Y S T E M  ---------------

OS:
 Windows 10 , 64 bit Build 19041 (10.0.19041.3636)
OS uptime: 0 days 3:40 hours
Hyper-V role detected

CPU: total 12 (initial active 12) (12 cores per cpu, 2 threads per core) family 23 model 1 stepping 1 microcode 0x0, cx8, cmov, fxsr, ht, mmx, 3dnowpref, sse, sse2, sse3, ssse3, sse4a, sse4.1, sse4.2, popcnt, lzcnt, tsc, tscinvbit, avx, avx2, aes, clmul, bmi1, bmi2, adx, sha, fma, vzeroupper, clflush, clflushopt, hv, rdtscp, f16c
Processor Information for all 12 processors :
  Max Mhz: 3600, Current Mhz: 3600, Mhz Limit: 3600

Memory: 4k page, system-wide physical 32704M (19229M free)
TotalPageFile size 37568M (AvailPageFile size 19401M)
current process WorkingSet (physical memory assigned to process): 92M, peak: 92M
current process commit charge ("private bytes"): 630M, peak: 630M

vm_info: Java HotSpot(TM) 64-Bit Server VM (21.0.1+12-LTS-29) for windows-amd64 JRE (21.0.1+12-LTS-29), built on 2023-10-05T13:27:09Z by "mach5one" with MS VC++ 17.1 (VS2022)

END.
