#
# A fatal error has been detected by the Java Runtime Environment:
#
#  EXCEPTION_ACCESS_VIOLATION (0xc0000005) at pc=0x00007fff371e9d62, pid=7340, tid=9460
#
# JRE version: OpenJDK Runtime Environment (22.0.1+8) (build 22.0.1+8-16)
# Java VM: OpenJDK 64-Bit Server VM (22.0.1+8-16, mixed mode, sharing, tiered, compressed oops, compressed class ptrs, g1 gc, windows-amd64)
# Problematic frame:
# V  [jvm.dll+0x369d62]
#
# No core dump will be written. Minidumps are not enabled by default on client versions of Windows
#
# If you would like to submit a bug report, please visit:
#   https://bugreport.java.com/bugreport/crash.jsp
#

---------------  S U M M A R Y ------------

Command Line: -javaagent:D:\IntelliJ\IntelliJ IDEA 2024.1\lib\idea_rt.jar=64966:D:\IntelliJ\IntelliJ IDEA 2024.1\bin -Dfile.encoding=UTF-8 -Dsun.stdout.encoding=UTF-8 -Dsun.stderr.encoding=UTF-8 org.example.App 5

Host: Intel(R) Core(TM) i5-8500 CPU @ 3.00GHz, 6 cores, 15G,  Windows 10 , 64 bit Build 19041 (10.0.19041.3636)
Time: Mon Jun 17 15:27:07 2024 Mitteleuropäische Sommerzeit elapsed time: 35.467355 seconds (0d 0h 0m 35s)

---------------  T H R E A D  ---------------

Current thread (0x0000018715d521c0):  WorkerThread "GC Thread#5"    [id=9460, stack(0x0000004c55800000,0x0000004c55900000) (1024K)]

Stack: [0x0000004c55800000,0x0000004c55900000],  sp=0x0000004c558ff480,  free space=1021k
Native frames: (J=compiled Java code, j=interpreted, Vv=VM code, C=native code)
V  [jvm.dll+0x369d62]  (no source info available)
V  [jvm.dll+0x36a455]  (no source info available)
V  [jvm.dll+0x36a12b]  (no source info available)
V  [jvm.dll+0x372734]  (no source info available)
V  [jvm.dll+0x372a4b]  (no source info available)
V  [jvm.dll+0x8a4297]  (no source info available)
V  [jvm.dll+0x81d44b]  (no source info available)
V  [jvm.dll+0x6e0915]  (no source info available)
C  [ucrtbase.dll+0x21bb2]  (no source info available)
C  [KERNEL32.DLL+0x17344]  (no source info available)
C  [ntdll.dll+0x4cc91]  (no source info available)


siginfo: EXCEPTION_ACCESS_VIOLATION (0xc0000005), reading address 0x00000000000088d0


Registers:
RAX=0x0000000000000000, RBX=0x0000018715d4a278, RCX=0x0000000000000015, RDX=0x00000186ae84b3e0
RSP=0x0000004c558ff480, RBP=0x0000000000000001, RSI=0xffff000000000000, RDI=0x0000018715f42598
R8 =0x0000000711971908, R9 =0x00000186ae8943a3, R10=0x00000000000088d0, R11=0x0000004c558ff410
R12=0x0000018715f42590, R13=0x0000004c543feae8, R14=0x0000018715d4a100, R15=0x0000000000000020
RIP=0x00007fff371e9d62, EFLAGS=0x0000000000010246


Register to memory mapping:

RAX=0x0 is null
RBX=0x0000018715d4a278 points into unknown readable memory: 0x00000000000088d0 | d0 88 00 00 00 00 00 00
RCX=0x0000000000000015 is an unknown value
RDX=0x00000186ae84b3e0 points into unknown readable memory: 0x00007fff3786ed50 | 50 ed 86 37 ff 7f 00 00
RSP=0x0000004c558ff480 points into unknown readable memory: 0x000000001522640f | 0f 64 22 15 00 00 00 00
RBP=0x0000000000000001 is an unknown value
RSI=0xffff000000000000 is an unknown value
RDI=0x0000018715f42598 points into unknown readable memory: 0x00007fff378784d0 | d0 84 87 37 ff 7f 00 00
R8 =
[error occurred during error reporting (printing register info), id 0xc0000005, EXCEPTION_ACCESS_VIOLATION (0xc0000005) at pc=0x00007fff3704ef76]
R9 =0x00000186ae8943a3 points into unknown readable memory: 00 00 00 00 00
R10=0x00000000000088d0 is an unknown value
R11=0x0000004c558ff410 points into unknown readable memory: 0x0000000000000020 | 20 00 00 00 00 00 00 00
R12=0x0000018715f42590 points into unknown readable memory: 0x00007fff37878518 | 18 85 87 37 ff 7f 00 00
R13=0x0000004c543feae8 points into unknown readable memory: 0x00000186ae61a840 | 40 a8 61 ae 86 01 00 00
R14=0x0000018715d4a100 points into unknown readable memory: 0x000000071186b340 | 40 b3 86 11 07 00 00 00
R15=0x0000000000000020 is an unknown value

Top of Stack: (sp=0x0000004c558ff480)
0x0000004c558ff480:   000000001522640f 00000018c2b46756
0x0000004c558ff490:   0000000015226411 00000018c2b469e7
0x0000004c558ff4a0:   0000000000000004 00007fff371ea455
0x0000004c558ff4b0:   0000018715f42598 0000000000000000
0x0000004c558ff4c0:   0000018716000001 00007fff37873530
0x0000004c558ff4d0:   0000000000000000 0000004c558ff550
0x0000004c558ff4e0:   0000000000000003 0000018715c8e770
0x0000004c558ff4f0:   0000004c543fe9e0 00000018c2b41a3c
0x0000004c558ff500:   00007fff37873440 0000000015226411
0x0000004c558ff510:   00000018c2b469e7 00007fff0000000b
0x0000004c558ff520:   0000018715c8e770 0000000000000003
0x0000004c558ff530:   0000000000000000 0000000000000000
0x0000004c558ff540:   0000000000000000 00007fff37000000
0x0000004c558ff550:   00007fff37873440 0000000015225400
0x0000004c558ff560:   0000000000000001 0000000000000002
0x0000004c558ff570:   0000000000000000 0000141bb1ea3c45
0x0000004c558ff580:   0000000000000000 00000186cf374ff0
0x0000004c558ff590:   0000018715c8e770 00000000000003d8
0x0000004c558ff5a0:   00000186cf3753d8 0000018715f42590
0x0000004c558ff5b0:   0000004c543fe9e0 0000000000000003
0x0000004c558ff5c0:   00000187165a1ee0 00007fff371ea12b
0x0000004c558ff5d0:   00000187165a1ee0 0000000000000003
0x0000004c558ff5e0:   0000004c543fe9e0 0000000000000003
0x0000004c558ff5f0:   0000000000000003 0000000000000008
0x0000004c558ff600:   0000000000000005 00007fff36f30000
0x0000004c558ff610:   0000000000000000 00007fff37554431
0x0000004c558ff620:   0000000000000008 00000000000000f8
0x0000004c558ff630:   0000000000000001 00007fff36f3bd5e
0x0000004c558ff640:   0000000000000005 00007fff36f3e836
0x0000004c558ff650:   0000000000000000 0000000000000008
0x0000004c558ff660:   00007fff37873450 0000000015225430
0x0000004c558ff670:   00000018c2a1ce64 0000000000000003 

Instructions: (pc=0x00007fff371e9d62)
0x00007fff371e9c62:   4b 10 48 8d 54 24 40 66 89 44 24 40 4c 8b c7 0f
0x00007fff371e9c72:   b6 44 24 3a 88 44 24 42 e8 71 0d ff ff 48 8b d0
0x00007fff371e9c82:   48 2b 15 4f 18 87 00 8b 0d 51 18 87 00 48 d3 ea
0x00007fff371e9c92:   89 16 eb 5e 3c fd 75 3b 41 8b 88 18 02 00 00 48
0x00007fff371e9ca2:   8b d7 49 8b 80 10 02 00 00 48 d3 e0 8b 0d 3c 9d
0x00007fff371e9cb2:   8d 00 48 2b d0 48 d3 ea 8b c2 48 8d 0c 40 49 8b
0x00007fff371e9cc2:   80 a8 05 00 00 80 7c 01 01 fd 75 17 c6 44 01 01
0x00007fff371e9cd2:   ff eb 10 3c fc 75 0c 48 8b 4b 10 48 8b d6 e8 4b
0x00007fff371e9ce2:   f1 ff ff 8b 53 18 4c 8b c7 48 8b 4b 28 e8 ac 2d
0x00007fff371e9cf2:   fb ff 48 8b 4b 10 e8 93 e6 fe ff 48 8b 7c 24 30
0x00007fff371e9d02:   48 8b 5c 24 48 48 83 c4 20 5e c3 cc cc cc 48 89
0x00007fff371e9d12:   5c 24 08 57 48 83 ec 20 4c 8b 12 48 8b da 48 8b
0x00007fff371e9d22:   f9 4d 85 d2 0f 84 cf 00 00 00 48 8b 51 08 49 8b
0x00007fff371e9d32:   c2 8b 8a c8 05 00 00 48 d3 e8 4c 8d 0c 40 4c 03
0x00007fff371e9d42:   8a b8 05 00 00 41 0f b7 01 66 89 44 24 38 41 0f
0x00007fff371e9d52:   b6 41 02 88 44 24 3a 0f b6 44 24 39 84 c0 78 44
0x00007fff371e9d62:   49 8b 0a 0f b6 c1 24 03 3c 03 75 09 48 83 e1 fc
0x00007fff371e9d72:   48 89 0b eb 7b 0f b7 44 24 38 48 8d 54 24 40 66
0x00007fff371e9d82:   89 44 24 40 4c 8b c9 0f b6 44 24 3a 4d 8b c2 48
0x00007fff371e9d92:   8b 4f 10 88 44 24 42 e8 52 0c ff ff 48 8b c8 48
0x00007fff371e9da2:   89 03 eb 4c 3c fd 75 38 8b 8a 18 02 00 00 48 8b
0x00007fff371e9db2:   82 10 02 00 00 48 d3 e0 8b 0d 30 9c 8d 00 4c 2b
0x00007fff371e9dc2:   d0 49 d3 ea 41 8b c2 48 8d 0c 40 48 8b 82 a8 05
0x00007fff371e9dd2:   00 00 80 7c 01 01 fd 75 17 c6 44 01 01 ff eb 10
0x00007fff371e9de2:   3c fc 75 0c 48 8b 4f 10 48 8b d3 e8 de ef ff ff
0x00007fff371e9df2:   48 8b 4f 10 e8 95 e5 fe ff 48 8b 5c 24 30 48 83
0x00007fff371e9e02:   c4 20 5f c3 cc cc cc cc cc cc cc cc cc cc 48 89
0x00007fff371e9e12:   5c 24 08 57 48 83 ec 20 8b 02 48 8b fa 48 8b d9
0x00007fff371e9e22:   85 c0 0f 84 eb 00 00 00 8b 0d b0 16 87 00 44 8b
0x00007fff371e9e32:   c0 4c 8b 4b 08 49 d3 e0 4c 03 05 97 16 87 00 49
0x00007fff371e9e42:   8b c0 41 8b 89 c8 05 00 00 48 d3 e8 48 8d 14 40
0x00007fff371e9e52:   49 03 91 b8 05 00 00 0f b7 02 66 89 44 24 38 0f 


Stack slot to memory mapping:

stack at sp + 0 slots: 0x000000001522640f is an unknown value
stack at sp + 1 slots: 0x00000018c2b46756 is an unknown value
stack at sp + 2 slots: 0x0000000015226411 is an unknown value
stack at sp + 3 slots: 0x00000018c2b469e7 is an unknown value
stack at sp + 4 slots: 0x0000000000000004 is an unknown value
stack at sp + 5 slots: 0x00007fff371ea455 jvm.dll
stack at sp + 6 slots: 0x0000018715f42598 points into unknown readable memory: 0x00007fff378784d0 | d0 84 87 37 ff 7f 00 00
stack at sp + 7 slots: 0x0 is null


---------------  P R O C E S S  ---------------

Threads class SMR info:
_java_thread_list=0x000001871697ed10, length=24, elements={
0x00000186ae62d0c0, 0x00000186cf3585c0, 0x00000186cf3594e0, 0x00000186cf360620,
0x00000186cf365400, 0x00000186cf366600, 0x00000186cf367060, 0x00000186cf368590,
0x00000186cf36ed30, 0x00000186cf322f00, 0x00000187155a7180, 0x00000187155a77f0,
0x00000187151cf060, 0x0000018715cd64f0, 0x0000018715c9d5e0, 0x00000187158080c0,
0x0000018715d5b2c0, 0x0000018715c2ea50, 0x0000018715bd1070, 0x0000018715f3cac0,
0x0000018715f3b710, 0x0000018715f3d7e0, 0x0000018715f3de70, 0x0000018715f3a9f0
}

Java Threads: ( => current thread )
  0x00000186ae62d0c0 JavaThread "main"                              [_thread_in_native, id=8280, stack(0x0000004c53c00000,0x0000004c53d00000) (1024K)]
  0x00000186cf3585c0 JavaThread "Reference Handler"          daemon [_thread_blocked, id=624, stack(0x0000004c54400000,0x0000004c54500000) (1024K)]
  0x00000186cf3594e0 JavaThread "Finalizer"                  daemon [_thread_blocked, id=14240, stack(0x0000004c54500000,0x0000004c54600000) (1024K)]
  0x00000186cf360620 JavaThread "Signal Dispatcher"          daemon [_thread_blocked, id=9036, stack(0x0000004c54600000,0x0000004c54700000) (1024K)]
  0x00000186cf365400 JavaThread "Attach Listener"            daemon [_thread_blocked, id=13384, stack(0x0000004c54700000,0x0000004c54800000) (1024K)]
  0x00000186cf366600 JavaThread "Service Thread"             daemon [_thread_blocked, id=11000, stack(0x0000004c54800000,0x0000004c54900000) (1024K)]
  0x00000186cf367060 JavaThread "Monitor Deflation Thread"   daemon [_thread_blocked, id=11636, stack(0x0000004c54900000,0x0000004c54a00000) (1024K)]
  0x00000186cf368590 JavaThread "C2 CompilerThread0"         daemon [_thread_blocked, id=14044, stack(0x0000004c54a00000,0x0000004c54b00000) (1024K)]
  0x00000186cf36ed30 JavaThread "C1 CompilerThread0"         daemon [_thread_blocked, id=10276, stack(0x0000004c54b00000,0x0000004c54c00000) (1024K)]
  0x00000186cf322f00 JavaThread "Common-Cleaner"             daemon [_thread_blocked, id=5360, stack(0x0000004c54c00000,0x0000004c54d00000) (1024K)]
  0x00000187155a7180 JavaThread "Monitor Ctrl-Break"         daemon [_thread_in_native, id=10652, stack(0x0000004c54e00000,0x0000004c54f00000) (1024K)]
  0x00000187155a77f0 JavaThread "Notification Thread"        daemon [_thread_blocked, id=3144, stack(0x0000004c54f00000,0x0000004c55000000) (1024K)]
  0x00000187151cf060 JavaThread "WebSocketConnectReadThread-21"        [_thread_in_native, id=15120, stack(0x0000004c55000000,0x0000004c55100000) (1024K)]
  0x0000018715cd64f0 JavaThread "WebSocketWriteThread-22"           [_thread_blocked, id=15156, stack(0x0000004c55300000,0x0000004c55400000) (1024K)]
  0x0000018715c9d5e0 JavaThread "connectionLostChecker-1"           [_thread_blocked, id=2160, stack(0x0000004c55900000,0x0000004c55a00000) (1024K)]
  0x00000187158080c0 JavaThread "Java Sound Event Dispatcher" daemon [_thread_blocked, id=6696, stack(0x0000004c55a00000,0x0000004c55b00000) (1024K)]
  0x0000018715d5b2c0 JavaThread "Thread-2"                          [_thread_in_native, id=84, stack(0x0000004c55e00000,0x0000004c55f00000) (1024K)]
  0x0000018715c2ea50 JavaThread "Thread-3"                          [_thread_blocked, id=12660, stack(0x0000004c56900000,0x0000004c56a00000) (1024K)]
  0x0000018715bd1070 JavaThread "Thread-4"                          [_thread_blocked, id=1792, stack(0x0000004c56e00000,0x0000004c56f00000) (1024K)]
  0x0000018715f3cac0 JavaThread "atomic-processor-1"         daemon [_thread_blocked, id=12040, stack(0x0000004c57000000,0x0000004c57100000) (1024K)]
  0x0000018715f3b710 JavaThread "webcam-discovery-service"   daemon [_thread_blocked, id=4648, stack(0x0000004c56f00000,0x0000004c57000000) (1024K)]
  0x0000018715f3d7e0 JavaThread "webcam-lock-[Full HD webcam 1]" daemon [_thread_blocked, id=1044, stack(0x0000004c57300000,0x0000004c57400000) (1024K)]
  0x0000018715f3de70 JavaThread "frames-refresher-[1]"       daemon [_thread_blocked, id=2724, stack(0x0000004c57200000,0x0000004c57300000) (1024K)]
  0x0000018715f3a9f0 JavaThread "Java2D Disposer"            daemon [_thread_blocked, id=592, stack(0x0000004c57a00000,0x0000004c57b00000) (1024K)]
Total: 24

Other Threads:
  0x00000186cf339b50 VMThread "VM Thread"                           [id=10452, stack(0x0000004c54300000,0x0000004c54400000) (1024K)]
  0x00000186cf322140 WatcherThread "VM Periodic Task Thread"        [id=8612, stack(0x0000004c54200000,0x0000004c54300000) (1024K)]
  0x00000186ae8a03e0 WorkerThread "GC Thread#0"                     [id=2464, stack(0x0000004c53d00000,0x0000004c53e00000) (1024K)]
  0x0000018715d45dd0 WorkerThread "GC Thread#1"                     [id=15052, stack(0x0000004c55400000,0x0000004c55500000) (1024K)]
  0x0000018715d48820 WorkerThread "GC Thread#2"                     [id=13204, stack(0x0000004c55500000,0x0000004c55600000) (1024K)]
  0x0000018715d48bd0 WorkerThread "GC Thread#3"                     [id=14740, stack(0x0000004c55600000,0x0000004c55700000) (1024K)]
  0x0000018715d48f80 WorkerThread "GC Thread#4"                     [id=11432, stack(0x0000004c55700000,0x0000004c55800000) (1024K)]
=>0x0000018715d521c0 WorkerThread "GC Thread#5"                     [id=9460, stack(0x0000004c55800000,0x0000004c55900000) (1024K)]
  0x00000186ae8b1ff0 ConcurrentGCThread "G1 Main Marker"            [id=4112, stack(0x0000004c53e00000,0x0000004c53f00000) (1024K)]
  0x00000186ae8b2b00 WorkerThread "G1 Conc#0"                       [id=5828, stack(0x0000004c53f00000,0x0000004c54000000) (1024K)]
  0x00000186cf1f31f0 ConcurrentGCThread "G1 Refine#0"               [id=1612, stack(0x0000004c54000000,0x0000004c54100000) (1024K)]
  0x00000186cf1f3d70 ConcurrentGCThread "G1 Service"                [id=6232, stack(0x0000004c54100000,0x0000004c54200000) (1024K)]
Total: 12

Threads with active compile tasks:
Total: 0

VM state: at safepoint (normal execution)

VM Mutex/Monitor currently owned by a thread:  ([mutex/lock_event])
[0x00007fff37aebbb8] Threads_lock - owner thread: 0x00000186cf339b50
[0x00007fff37aebcb8] Heap_lock - owner thread: 0x0000018715c2ea50

Heap address: 0x0000000703e00000, size: 4034 MB, Compressed Oops mode: Zero based, Oop shift amount: 3

CDS archive(s) mapped at: [0x00000186d0000000-0x00000186d0c50000-0x00000186d0c50000), size 12910592, SharedBaseAddress: 0x00000186d0000000, ArchiveRelocationMode: 1.
Compressed class space mapped at: 0x00000186d1000000-0x0000018711000000, reserved size: 1073741824
Narrow klass base: 0x00000186d0000000, Narrow klass shift: 0, Narrow klass range: 0x41000000

GC Precious Log:
 CardTable entry size: 512
 Card Set container configuration: InlinePtr #cards 4 size 8 Array Of Cards #cards 16 size 48 Howl #buckets 8 coarsen threshold 3686 Howl Bitmap #cards 512 size 80 coarsen threshold 460 Card regions per heap region 1 cards per card region 4096
 CPUs: 6 total, 6 available
 Memory: 16129M
 Large Page Support: Disabled
 NUMA Support: Disabled
 Compressed Oops: Enabled (Zero based)
 Heap Region Size: 2M
 Heap Min Capacity: 8M
 Heap Initial Capacity: 254M
 Heap Max Capacity: 4034M
 Pre-touch: Disabled
 Parallel Workers: 6
 Concurrent Workers: 2
 Concurrent Refinement Workers: 6
 Periodic GC: Disabled

Heap:
 garbage-first heap   total reserved 4130816K, committed 260096K, used 35684K [0x0000000703e00000, 0x0000000800000000)
  region size 2048K, 16 young (32768K), 1 survivors (2048K)
 Metaspace       used 7888K, committed 8128K, reserved 1114112K
  class space    used 865K, committed 960K, reserved 1048576K

Heap Regions: E=young(eden), S=young(survivor), O=old, HS=humongous(starts), HC=humongous(continues), CS=collection set, F=free, TAMS=top-at-mark-start, PB=parsable bottom
|   0|0x0000000703e00000, 0x0000000704000000, 0x0000000704000000|100%| O|  |TAMS 0x0000000703e00000| PB 0x0000000703e00000| Untracked |  0
|   1|0x0000000704000000, 0x0000000704200000, 0x0000000704200000|100%| O|  |TAMS 0x0000000704000000| PB 0x0000000704000000| Untracked |  0
|   2|0x0000000704200000, 0x0000000704312620, 0x0000000704400000| 53%| O|  |TAMS 0x0000000704200000| PB 0x0000000704200000| Untracked |  0
|   3|0x0000000704400000, 0x0000000704400000, 0x0000000704600000|  0%| F|  |TAMS 0x0000000704400000| PB 0x0000000704400000| Untracked |  0
|   4|0x0000000704600000, 0x0000000704600000, 0x0000000704800000|  0%| F|  |TAMS 0x0000000704600000| PB 0x0000000704600000| Untracked |  0
|   5|0x0000000704800000, 0x0000000704800000, 0x0000000704a00000|  0%| F|  |TAMS 0x0000000704800000| PB 0x0000000704800000| Untracked |  0
|   6|0x0000000704a00000, 0x0000000704a00000, 0x0000000704c00000|  0%| F|  |TAMS 0x0000000704a00000| PB 0x0000000704a00000| Untracked |  0
|   7|0x0000000704c00000, 0x0000000704c00000, 0x0000000704e00000|  0%| F|  |TAMS 0x0000000704c00000| PB 0x0000000704c00000| Untracked |  0
|   8|0x0000000704e00000, 0x0000000704e00000, 0x0000000705000000|  0%| F|  |TAMS 0x0000000704e00000| PB 0x0000000704e00000| Untracked |  0
|   9|0x0000000705000000, 0x0000000705000000, 0x0000000705200000|  0%| F|  |TAMS 0x0000000705000000| PB 0x0000000705000000| Untracked |  0
|  10|0x0000000705200000, 0x0000000705200000, 0x0000000705400000|  0%| F|  |TAMS 0x0000000705200000| PB 0x0000000705200000| Untracked |  0
|  11|0x0000000705400000, 0x0000000705400000, 0x0000000705600000|  0%| F|  |TAMS 0x0000000705400000| PB 0x0000000705400000| Untracked |  0
|  12|0x0000000705600000, 0x0000000705600000, 0x0000000705800000|  0%| F|  |TAMS 0x0000000705600000| PB 0x0000000705600000| Untracked |  0
|  13|0x0000000705800000, 0x0000000705800000, 0x0000000705a00000|  0%| F|  |TAMS 0x0000000705800000| PB 0x0000000705800000| Untracked |  0
|  14|0x0000000705a00000, 0x0000000705a00000, 0x0000000705c00000|  0%| F|  |TAMS 0x0000000705a00000| PB 0x0000000705a00000| Untracked |  0
|  15|0x0000000705c00000, 0x0000000705c00000, 0x0000000705e00000|  0%| F|  |TAMS 0x0000000705c00000| PB 0x0000000705c00000| Untracked |  0
|  16|0x0000000705e00000, 0x0000000705e00000, 0x0000000706000000|  0%| F|  |TAMS 0x0000000705e00000| PB 0x0000000705e00000| Untracked |  0
|  17|0x0000000706000000, 0x0000000706000000, 0x0000000706200000|  0%| F|  |TAMS 0x0000000706000000| PB 0x0000000706000000| Untracked |  0
|  18|0x0000000706200000, 0x0000000706200000, 0x0000000706400000|  0%| F|  |TAMS 0x0000000706200000| PB 0x0000000706200000| Untracked |  0
|  19|0x0000000706400000, 0x0000000706400000, 0x0000000706600000|  0%| F|  |TAMS 0x0000000706400000| PB 0x0000000706400000| Untracked |  0
|  20|0x0000000706600000, 0x0000000706600000, 0x0000000706800000|  0%| F|  |TAMS 0x0000000706600000| PB 0x0000000706600000| Untracked |  0
|  21|0x0000000706800000, 0x0000000706800000, 0x0000000706a00000|  0%| F|  |TAMS 0x0000000706800000| PB 0x0000000706800000| Untracked |  0
|  22|0x0000000706a00000, 0x0000000706a00000, 0x0000000706c00000|  0%| F|  |TAMS 0x0000000706a00000| PB 0x0000000706a00000| Untracked |  0
|  23|0x0000000706c00000, 0x0000000706c00000, 0x0000000706e00000|  0%| F|  |TAMS 0x0000000706c00000| PB 0x0000000706c00000| Untracked |  0
|  24|0x0000000706e00000, 0x0000000706e00000, 0x0000000707000000|  0%| F|  |TAMS 0x0000000706e00000| PB 0x0000000706e00000| Untracked |  0
|  25|0x0000000707000000, 0x0000000707000000, 0x0000000707200000|  0%| F|  |TAMS 0x0000000707000000| PB 0x0000000707000000| Untracked |  0
|  26|0x0000000707200000, 0x0000000707200000, 0x0000000707400000|  0%| F|  |TAMS 0x0000000707200000| PB 0x0000000707200000| Untracked |  0
|  27|0x0000000707400000, 0x0000000707400000, 0x0000000707600000|  0%| F|  |TAMS 0x0000000707400000| PB 0x0000000707400000| Untracked |  0
|  28|0x0000000707600000, 0x0000000707600000, 0x0000000707800000|  0%| F|  |TAMS 0x0000000707600000| PB 0x0000000707600000| Untracked |  0
|  29|0x0000000707800000, 0x0000000707800000, 0x0000000707a00000|  0%| F|  |TAMS 0x0000000707800000| PB 0x0000000707800000| Untracked |  0
|  30|0x0000000707a00000, 0x0000000707a00000, 0x0000000707c00000|  0%| F|  |TAMS 0x0000000707a00000| PB 0x0000000707a00000| Untracked |  0
|  31|0x0000000707c00000, 0x0000000707c00000, 0x0000000707e00000|  0%| F|  |TAMS 0x0000000707c00000| PB 0x0000000707c00000| Untracked |  0
|  32|0x0000000707e00000, 0x0000000707e00000, 0x0000000708000000|  0%| F|  |TAMS 0x0000000707e00000| PB 0x0000000707e00000| Untracked |  0
|  33|0x0000000708000000, 0x0000000708000000, 0x0000000708200000|  0%| F|  |TAMS 0x0000000708000000| PB 0x0000000708000000| Untracked |  0
|  34|0x0000000708200000, 0x0000000708200000, 0x0000000708400000|  0%| F|  |TAMS 0x0000000708200000| PB 0x0000000708200000| Untracked |  0
|  35|0x0000000708400000, 0x0000000708400000, 0x0000000708600000|  0%| F|  |TAMS 0x0000000708400000| PB 0x0000000708400000| Untracked |  0
|  36|0x0000000708600000, 0x0000000708600000, 0x0000000708800000|  0%| F|  |TAMS 0x0000000708600000| PB 0x0000000708600000| Untracked |  0
|  37|0x0000000708800000, 0x0000000708800000, 0x0000000708a00000|  0%| F|  |TAMS 0x0000000708800000| PB 0x0000000708800000| Untracked |  0
|  38|0x0000000708a00000, 0x0000000708a00000, 0x0000000708c00000|  0%| F|  |TAMS 0x0000000708a00000| PB 0x0000000708a00000| Untracked |  0
|  39|0x0000000708c00000, 0x0000000708c00000, 0x0000000708e00000|  0%| F|  |TAMS 0x0000000708c00000| PB 0x0000000708c00000| Untracked |  0
|  40|0x0000000708e00000, 0x0000000708e00000, 0x0000000709000000|  0%| F|  |TAMS 0x0000000708e00000| PB 0x0000000708e00000| Untracked |  0
|  41|0x0000000709000000, 0x0000000709000000, 0x0000000709200000|  0%| F|  |TAMS 0x0000000709000000| PB 0x0000000709000000| Untracked |  0
|  42|0x0000000709200000, 0x0000000709200000, 0x0000000709400000|  0%| F|  |TAMS 0x0000000709200000| PB 0x0000000709200000| Untracked |  0
|  43|0x0000000709400000, 0x0000000709400000, 0x0000000709600000|  0%| F|  |TAMS 0x0000000709400000| PB 0x0000000709400000| Untracked |  0
|  44|0x0000000709600000, 0x0000000709600000, 0x0000000709800000|  0%| F|  |TAMS 0x0000000709600000| PB 0x0000000709600000| Untracked |  0
|  45|0x0000000709800000, 0x0000000709800000, 0x0000000709a00000|  0%| F|  |TAMS 0x0000000709800000| PB 0x0000000709800000| Untracked |  0
|  46|0x0000000709a00000, 0x0000000709a00000, 0x0000000709c00000|  0%| F|  |TAMS 0x0000000709a00000| PB 0x0000000709a00000| Untracked |  0
|  47|0x0000000709c00000, 0x0000000709c00000, 0x0000000709e00000|  0%| F|  |TAMS 0x0000000709c00000| PB 0x0000000709c00000| Untracked |  0
|  48|0x0000000709e00000, 0x0000000709e00000, 0x000000070a000000|  0%| F|  |TAMS 0x0000000709e00000| PB 0x0000000709e00000| Untracked |  0
|  49|0x000000070a000000, 0x000000070a000000, 0x000000070a200000|  0%| F|  |TAMS 0x000000070a000000| PB 0x000000070a000000| Untracked |  0
|  50|0x000000070a200000, 0x000000070a200000, 0x000000070a400000|  0%| F|  |TAMS 0x000000070a200000| PB 0x000000070a200000| Untracked |  0
|  51|0x000000070a400000, 0x000000070a400000, 0x000000070a600000|  0%| F|  |TAMS 0x000000070a400000| PB 0x000000070a400000| Untracked |  0
|  52|0x000000070a600000, 0x000000070a600000, 0x000000070a800000|  0%| F|  |TAMS 0x000000070a600000| PB 0x000000070a600000| Untracked |  0
|  53|0x000000070a800000, 0x000000070a800000, 0x000000070aa00000|  0%| F|  |TAMS 0x000000070a800000| PB 0x000000070a800000| Untracked |  0
|  54|0x000000070aa00000, 0x000000070aa00000, 0x000000070ac00000|  0%| F|  |TAMS 0x000000070aa00000| PB 0x000000070aa00000| Untracked |  0
|  55|0x000000070ac00000, 0x000000070ac00000, 0x000000070ae00000|  0%| F|  |TAMS 0x000000070ac00000| PB 0x000000070ac00000| Untracked |  0
|  56|0x000000070ae00000, 0x000000070ae00000, 0x000000070b000000|  0%| F|  |TAMS 0x000000070ae00000| PB 0x000000070ae00000| Untracked |  0
|  57|0x000000070b000000, 0x000000070b000000, 0x000000070b200000|  0%| F|  |TAMS 0x000000070b000000| PB 0x000000070b000000| Untracked |  0
|  58|0x000000070b200000, 0x000000070b200000, 0x000000070b400000|  0%| F|  |TAMS 0x000000070b200000| PB 0x000000070b200000| Untracked |  0
|  59|0x000000070b400000, 0x000000070b400000, 0x000000070b600000|  0%| F|  |TAMS 0x000000070b400000| PB 0x000000070b400000| Untracked |  0
|  60|0x000000070b600000, 0x000000070b600000, 0x000000070b800000|  0%| F|  |TAMS 0x000000070b600000| PB 0x000000070b600000| Untracked |  0
|  61|0x000000070b800000, 0x000000070b800000, 0x000000070ba00000|  0%| F|  |TAMS 0x000000070b800000| PB 0x000000070b800000| Untracked |  0
|  62|0x000000070ba00000, 0x000000070ba00000, 0x000000070bc00000|  0%| F|  |TAMS 0x000000070ba00000| PB 0x000000070ba00000| Untracked |  0
|  63|0x000000070bc00000, 0x000000070bc00000, 0x000000070be00000|  0%| F|  |TAMS 0x000000070bc00000| PB 0x000000070bc00000| Untracked |  0
|  64|0x000000070be00000, 0x000000070be00000, 0x000000070c000000|  0%| F|  |TAMS 0x000000070be00000| PB 0x000000070be00000| Untracked |  0
|  65|0x000000070c000000, 0x000000070c000000, 0x000000070c200000|  0%| F|  |TAMS 0x000000070c000000| PB 0x000000070c000000| Untracked |  0
|  66|0x000000070c200000, 0x000000070c200000, 0x000000070c400000|  0%| F|  |TAMS 0x000000070c200000| PB 0x000000070c200000| Untracked |  0
|  67|0x000000070c400000, 0x000000070c400000, 0x000000070c600000|  0%| F|  |TAMS 0x000000070c400000| PB 0x000000070c400000| Untracked |  0
|  68|0x000000070c600000, 0x000000070c600000, 0x000000070c800000|  0%| F|  |TAMS 0x000000070c600000| PB 0x000000070c600000| Untracked |  0
|  69|0x000000070c800000, 0x000000070c800000, 0x000000070ca00000|  0%| F|  |TAMS 0x000000070c800000| PB 0x000000070c800000| Untracked |  0
|  70|0x000000070ca00000, 0x000000070ca00000, 0x000000070cc00000|  0%| F|  |TAMS 0x000000070ca00000| PB 0x000000070ca00000| Untracked |  0
|  71|0x000000070cc00000, 0x000000070cc00000, 0x000000070ce00000|  0%| F|  |TAMS 0x000000070cc00000| PB 0x000000070cc00000| Untracked |  0
|  72|0x000000070ce00000, 0x000000070ce00000, 0x000000070d000000|  0%| F|  |TAMS 0x000000070ce00000| PB 0x000000070ce00000| Untracked |  0
|  73|0x000000070d000000, 0x000000070d000000, 0x000000070d200000|  0%| F|  |TAMS 0x000000070d000000| PB 0x000000070d000000| Untracked |  0
|  74|0x000000070d200000, 0x000000070d200000, 0x000000070d400000|  0%| F|  |TAMS 0x000000070d200000| PB 0x000000070d200000| Untracked |  0
|  75|0x000000070d400000, 0x000000070d400000, 0x000000070d600000|  0%| F|  |TAMS 0x000000070d400000| PB 0x000000070d400000| Untracked |  0
|  76|0x000000070d600000, 0x000000070d600000, 0x000000070d800000|  0%| F|  |TAMS 0x000000070d600000| PB 0x000000070d600000| Untracked |  0
|  77|0x000000070d800000, 0x000000070d800000, 0x000000070da00000|  0%| F|  |TAMS 0x000000070d800000| PB 0x000000070d800000| Untracked |  0
|  78|0x000000070da00000, 0x000000070da00000, 0x000000070dc00000|  0%| F|  |TAMS 0x000000070da00000| PB 0x000000070da00000| Untracked |  0
|  79|0x000000070dc00000, 0x000000070dc00000, 0x000000070de00000|  0%| F|  |TAMS 0x000000070dc00000| PB 0x000000070dc00000| Untracked |  0
|  80|0x000000070de00000, 0x000000070de00000, 0x000000070e000000|  0%| F|  |TAMS 0x000000070de00000| PB 0x000000070de00000| Untracked |  0
|  81|0x000000070e000000, 0x000000070e000000, 0x000000070e200000|  0%| F|  |TAMS 0x000000070e000000| PB 0x000000070e000000| Untracked |  0
|  82|0x000000070e200000, 0x000000070e200000, 0x000000070e400000|  0%| F|  |TAMS 0x000000070e200000| PB 0x000000070e200000| Untracked |  0
|  83|0x000000070e400000, 0x000000070e400000, 0x000000070e600000|  0%| F|  |TAMS 0x000000070e400000| PB 0x000000070e400000| Untracked |  0
|  84|0x000000070e600000, 0x000000070e600000, 0x000000070e800000|  0%| F|  |TAMS 0x000000070e600000| PB 0x000000070e600000| Untracked |  0
|  85|0x000000070e800000, 0x000000070e800000, 0x000000070ea00000|  0%| F|  |TAMS 0x000000070e800000| PB 0x000000070e800000| Untracked |  0
|  86|0x000000070ea00000, 0x000000070ea00000, 0x000000070ec00000|  0%| F|  |TAMS 0x000000070ea00000| PB 0x000000070ea00000| Untracked |  0
|  87|0x000000070ec00000, 0x000000070ec00000, 0x000000070ee00000|  0%| F|  |TAMS 0x000000070ec00000| PB 0x000000070ec00000| Untracked |  0
|  88|0x000000070ee00000, 0x000000070ee00000, 0x000000070f000000|  0%| F|  |TAMS 0x000000070ee00000| PB 0x000000070ee00000| Untracked |  0
|  89|0x000000070f000000, 0x000000070f000000, 0x000000070f200000|  0%| F|  |TAMS 0x000000070f000000| PB 0x000000070f000000| Untracked |  0
|  90|0x000000070f200000, 0x000000070f200000, 0x000000070f400000|  0%| F|  |TAMS 0x000000070f200000| PB 0x000000070f200000| Untracked |  0
|  91|0x000000070f400000, 0x000000070f400000, 0x000000070f600000|  0%| F|  |TAMS 0x000000070f400000| PB 0x000000070f400000| Untracked |  0
|  92|0x000000070f600000, 0x000000070f600000, 0x000000070f800000|  0%| F|  |TAMS 0x000000070f600000| PB 0x000000070f600000| Untracked |  0
|  93|0x000000070f800000, 0x000000070f800000, 0x000000070fa00000|  0%| F|  |TAMS 0x000000070f800000| PB 0x000000070f800000| Untracked |  0
|  94|0x000000070fa00000, 0x000000070fa00000, 0x000000070fc00000|  0%| F|  |TAMS 0x000000070fa00000| PB 0x000000070fa00000| Untracked |  0
|  95|0x000000070fc00000, 0x000000070fc00000, 0x000000070fe00000|  0%| F|  |TAMS 0x000000070fc00000| PB 0x000000070fc00000| Untracked |  0
|  96|0x000000070fe00000, 0x000000070fe00000, 0x0000000710000000|  0%| F|  |TAMS 0x000000070fe00000| PB 0x000000070fe00000| Untracked |  0
|  97|0x0000000710000000, 0x0000000710000000, 0x0000000710200000|  0%| F|  |TAMS 0x0000000710000000| PB 0x0000000710000000| Untracked |  0
|  98|0x0000000710200000, 0x0000000710200000, 0x0000000710400000|  0%| F|  |TAMS 0x0000000710200000| PB 0x0000000710200000| Untracked |  0
|  99|0x0000000710400000, 0x0000000710400000, 0x0000000710600000|  0%| F|  |TAMS 0x0000000710400000| PB 0x0000000710400000| Untracked |  0
| 100|0x0000000710600000, 0x0000000710600000, 0x0000000710800000|  0%| F|  |TAMS 0x0000000710600000| PB 0x0000000710600000| Untracked |  0
| 101|0x0000000710800000, 0x0000000710800000, 0x0000000710a00000|  0%| F|  |TAMS 0x0000000710800000| PB 0x0000000710800000| Untracked |  0
| 102|0x0000000710a00000, 0x0000000710a00000, 0x0000000710c00000|  0%| F|  |TAMS 0x0000000710a00000| PB 0x0000000710a00000| Untracked |  0
| 103|0x0000000710c00000, 0x0000000710c00000, 0x0000000710e00000|  0%| F|  |TAMS 0x0000000710c00000| PB 0x0000000710c00000| Untracked |  0
| 104|0x0000000710e00000, 0x0000000710e00000, 0x0000000711000000|  0%| F|  |TAMS 0x0000000710e00000| PB 0x0000000710e00000| Untracked |  0
| 105|0x0000000711000000, 0x0000000711000000, 0x0000000711200000|  0%| F|  |TAMS 0x0000000711000000| PB 0x0000000711000000| Untracked |  0
| 106|0x0000000711200000, 0x0000000711200000, 0x0000000711400000|  0%| F|  |TAMS 0x0000000711200000| PB 0x0000000711200000| Untracked |  0
| 107|0x0000000711400000, 0x0000000711400000, 0x0000000711600000|  0%| F|  |TAMS 0x0000000711400000| PB 0x0000000711400000| Untracked |  0
| 108|0x0000000711600000, 0x0000000711600000, 0x0000000711800000|  0%| F|  |TAMS 0x0000000711600000| PB 0x0000000711600000| Untracked |  0
| 109|0x0000000711800000, 0x00000007119d60b0, 0x0000000711a00000| 91%| S|  |TAMS 0x0000000711800000| PB 0x0000000711800000| Complete |  0
| 110|0x0000000711a00000, 0x0000000711c00000, 0x0000000711c00000|100%| E|CS|TAMS 0x0000000711a00000| PB 0x0000000711a00000| Complete |  0
| 111|0x0000000711c00000, 0x0000000711e00000, 0x0000000711e00000|100%| E|CS|TAMS 0x0000000711c00000| PB 0x0000000711c00000| Complete |  0
| 112|0x0000000711e00000, 0x0000000712000000, 0x0000000712000000|100%| E|CS|TAMS 0x0000000711e00000| PB 0x0000000711e00000| Complete |  0
| 113|0x0000000712000000, 0x0000000712200000, 0x0000000712200000|100%| E|CS|TAMS 0x0000000712000000| PB 0x0000000712000000| Complete |  0
| 114|0x0000000712200000, 0x0000000712400000, 0x0000000712400000|100%| E|CS|TAMS 0x0000000712200000| PB 0x0000000712200000| Complete |  0
| 115|0x0000000712400000, 0x0000000712600000, 0x0000000712600000|100%| E|CS|TAMS 0x0000000712400000| PB 0x0000000712400000| Complete |  0
| 116|0x0000000712600000, 0x0000000712800000, 0x0000000712800000|100%| E|CS|TAMS 0x0000000712600000| PB 0x0000000712600000| Complete |  0
| 117|0x0000000712800000, 0x0000000712a00000, 0x0000000712a00000|100%| E|CS|TAMS 0x0000000712800000| PB 0x0000000712800000| Complete |  0
| 118|0x0000000712a00000, 0x0000000712c00000, 0x0000000712c00000|100%| E|CS|TAMS 0x0000000712a00000| PB 0x0000000712a00000| Complete |  0
| 119|0x0000000712c00000, 0x0000000712e00000, 0x0000000712e00000|100%| E|CS|TAMS 0x0000000712c00000| PB 0x0000000712c00000| Complete |  0
| 120|0x0000000712e00000, 0x0000000713000000, 0x0000000713000000|100%| E|CS|TAMS 0x0000000712e00000| PB 0x0000000712e00000| Complete |  0
| 121|0x0000000713000000, 0x0000000713200000, 0x0000000713200000|100%| E|CS|TAMS 0x0000000713000000| PB 0x0000000713000000| Complete |  0
| 122|0x0000000713200000, 0x0000000713400000, 0x0000000713400000|100%| E|CS|TAMS 0x0000000713200000| PB 0x0000000713200000| Complete |  0
| 123|0x0000000713400000, 0x0000000713600000, 0x0000000713600000|100%| E|CS|TAMS 0x0000000713400000| PB 0x0000000713400000| Complete |  0
| 124|0x0000000713600000, 0x0000000713800000, 0x0000000713800000|100%| E|CS|TAMS 0x0000000713600000| PB 0x0000000713600000| Complete |  0
| 125|0x0000000713800000, 0x0000000713a00000, 0x0000000713a00000|100%| E|CS|TAMS 0x0000000713800000| PB 0x0000000713800000| Complete |  0
| 126|0x0000000713a00000, 0x0000000713c00000, 0x0000000713c00000|100%| E|CS|TAMS 0x0000000713a00000| PB 0x0000000713a00000| Complete |  0

Card table byte_map: [0x00000186c8390000,0x00000186c8b80000] _byte_map_base: 0x00000186c4b71000

Marking Bits: (CMBitMap*) 0x00000186ae8a1b00
 Bits: [0x00000186c8b80000, 0x00000186cca88000)

Polling page: 0x00000186ae8e0000

Metaspace:

Usage:
  Non-class:      6.86 MB used.
      Class:    865.79 KB used.
       Both:      7.70 MB used.

Virtual space:
  Non-class space:       64.00 MB reserved,       7.00 MB ( 11%) committed,  1 nodes.
      Class space:        1.00 GB reserved,     960.00 KB ( <1%) committed,  1 nodes.
             Both:        1.06 GB reserved,       7.94 MB ( <1%) committed. 

Chunk freelists:
   Non-Class:  8.67 MB
       Class:  15.00 MB
        Both:  23.67 MB

MaxMetaspaceSize: unlimited
CompressedClassSpaceSize: 1.00 GB
Initial GC threshold: 21.00 MB
Current GC threshold: 21.00 MB
CDS: on
 - commit_granule_bytes: 65536.
 - commit_granule_words: 8192.
 - virtual_space_node_default_size: 8388608.
 - enlarge_chunks_in_place: 1.
 - use_allocation_guard: 0.


Internal statistics:

num_allocs_failed_limit: 0.
num_arena_births: 194.
num_arena_deaths: 0.
num_vsnodes_births: 2.
num_vsnodes_deaths: 0.
num_space_committed: 127.
num_space_uncommitted: 0.
num_chunks_returned_to_freelist: 0.
num_chunks_taken_from_freelist: 374.
num_chunk_merges: 0.
num_chunk_splits: 216.
num_chunks_enlarged: 109.
num_inconsistent_stats: 0.

CodeHeap 'non-profiled nmethods': size=120000Kb used=683Kb max_used=683Kb free=119316Kb
 bounds [0x00000186bfe20000, 0x00000186c0090000, 0x00000186c7350000]
CodeHeap 'profiled nmethods': size=120000Kb used=3123Kb max_used=3123Kb free=116876Kb
 bounds [0x00000186b8350000, 0x00000186b8660000, 0x00000186bf880000]
CodeHeap 'non-nmethods': size=5760Kb used=1446Kb max_used=1464Kb free=4313Kb
 bounds [0x00000186bf880000, 0x00000186bfaf0000, 0x00000186bfe20000]
 total_blobs=2216 nmethods=1683 adapters=438
 compilation: enabled
              stopped_count=0, restarted_count=0
 full_count=0

Compilation events (20 events):
Event: 21.134 Thread 0x00000186cf36ed30 1674       3       java.io.FileCleanable::register (49 bytes)
Event: 21.135 Thread 0x00000186cf36ed30 nmethod 1674 0x00000186b8658710 code [0x00000186b8658920, 0x00000186b8659148]
Event: 21.135 Thread 0x00000186cf36ed30 1675       3       java.io.FileDescriptor$1::get (5 bytes)
Event: 21.135 Thread 0x00000186cf36ed30 nmethod 1675 0x00000186b8659410 code [0x00000186b86595a0, 0x00000186b86596b8]
Event: 21.135 Thread 0x00000186cf36ed30 1676       3       java.io.FileDescriptor$1::getHandle (5 bytes)
Event: 21.135 Thread 0x00000186cf36ed30 nmethod 1676 0x00000186b8659790 code [0x00000186b8659920, 0x00000186b8659a38]
Event: 21.135 Thread 0x00000186cf36ed30 1677       3       java.awt.image.ComponentSampleModel::getBufferSize (191 bytes)
Event: 21.136 Thread 0x00000186cf36ed30 nmethod 1677 0x00000186b8659b10 code [0x00000186b8659d40, 0x00000186b865a588]
Event: 23.124 Thread 0x00000186cf36ed30 1678  s    3       java.io.FileDescriptor::attach (73 bytes)
Event: 23.125 Thread 0x00000186cf36ed30 nmethod 1678 0x00000186b865a890 code [0x00000186b865aac0, 0x00000186b865b5a0]
Event: 26.159 Thread 0x00000186cf36ed30 1679       3       java.lang.Class::getReflectionFactory (28 bytes)
Event: 26.159 Thread 0x00000186cf36ed30 nmethod 1679 0x00000186b865b910 code [0x00000186b865bb40, 0x00000186b865c248]
Event: 27.138 Thread 0x00000186cf36ed30 1681       3       java.lang.StringLatin1::writeDigitPair (21 bytes)
Event: 27.138 Thread 0x00000186cf36ed30 nmethod 1681 0x00000186b865c510 code [0x00000186b865c6c0, 0x00000186b865c898]
Event: 27.138 Thread 0x00000186cf36ed30 1680       3       jdk.internal.util.DecimalDigits::digitPair (6 bytes)
Event: 27.138 Thread 0x00000186cf36ed30 nmethod 1680 0x00000186b865ca10 code [0x00000186b865cba0, 0x00000186b865ccc0]
Event: 29.170 Thread 0x00000186cf36ed30 1682  s    1       java.util.Vector::size (5 bytes)
Event: 29.170 Thread 0x00000186cf36ed30 nmethod 1682 0x00000186bfeca690 code [0x00000186bfeca820, 0x00000186bfeca9a8]
Event: 35.201 Thread 0x00000186cf36ed30 1683       1       org.bridj.cpp.CPPType::getOwnerType (5 bytes)
Event: 35.201 Thread 0x00000186cf36ed30 nmethod 1683 0x00000186bfecaa10 code [0x00000186bfecaba0, 0x00000186bfecac70]

GC Heap History (3 events):
Event: 0.523 GC heap before
{Heap before GC invocations=0 (full 0):
 garbage-first heap   total reserved 4130816K, committed 260096K, used 22528K [0x0000000703e00000, 0x0000000800000000)
  region size 2048K, 11 young (22528K), 0 survivors (0K)
 Metaspace       used 2928K, committed 3072K, reserved 1114112K
  class space    used 298K, committed 384K, reserved 1048576K
}
Event: 0.531 GC heap after
{Heap after GC invocations=1 (full 0):
 garbage-first heap   total reserved 4130816K, committed 260096K, used 4964K [0x0000000703e00000, 0x0000000800000000)
  region size 2048K, 2 young (4096K), 2 survivors (4096K)
 Metaspace       used 2928K, committed 3072K, reserved 1114112K
  class space    used 298K, committed 384K, reserved 1048576K
}
Event: 35.456 GC heap before
{Heap before GC invocations=1 (full 0):
 garbage-first heap   total reserved 4130816K, committed 260096K, used 33636K [0x0000000703e00000, 0x0000000800000000)
  region size 2048K, 17 young (34816K), 2 survivors (4096K)
 Metaspace       used 7888K, committed 8128K, reserved 1114112K
  class space    used 865K, committed 960K, reserved 1048576K
}

Dll operation events (16 events):
Event: 0.008 Loaded shared library C:\Users\woelflenico\.jdks\openjdk-22.0.1\bin\java.dll
Event: 0.035 Loaded shared library C:\Users\woelflenico\.jdks\openjdk-22.0.1\bin\jsvml.dll
Event: 0.147 Loaded shared library C:\Users\woelflenico\.jdks\openjdk-22.0.1\bin\zip.dll
Event: 0.149 Loaded shared library C:\Users\woelflenico\.jdks\openjdk-22.0.1\bin\instrument.dll
Event: 0.152 Loaded shared library C:\Users\woelflenico\.jdks\openjdk-22.0.1\bin\net.dll
Event: 0.153 Loaded shared library C:\Users\woelflenico\.jdks\openjdk-22.0.1\bin\nio.dll
Event: 0.155 Loaded shared library C:\Users\woelflenico\.jdks\openjdk-22.0.1\bin\zip.dll
Event: 0.298 Loaded shared library D:\IntelliJ\IntelliJ IDEA 2024.1\bin\breakgen64.dll
Event: 0.365 Loaded shared library C:\Users\woelflenico\.jdks\openjdk-22.0.1\bin\extnet.dll
Event: 0.401 Loaded shared library C:\Users\woelflenico\.jdks\openjdk-22.0.1\bin\jimage.dll
Event: 0.473 Loaded shared library C:\Users\woelflenico\.jdks\openjdk-22.0.1\bin\jsound.dll
Event: 4.034 Loaded shared library C:\Users\woelflenico\AppData\Local\Temp\webrtc-java5318892496719440421.dll
Event: 4.677 Loaded shared library C:\Users\woelflenico\.jdks\openjdk-22.0.1\bin\verify.dll
Event: 4.831 Loaded shared library C:\Users\woelflenico\AppData\Local\Temp\BridJExtractedLibraries3088074156350417855\bridj.dll
Event: 5.034 Loaded shared library C:\Users\woelflenico\.jdks\openjdk-22.0.1\bin\awt.dll
Event: 6.061 Loaded shared library C:\Users\woelflenico\.jdks\openjdk-22.0.1\bin\javajpeg.dll

Deoptimization events (20 events):
Event: 11.092 Thread 0x0000018715bd1070 DEOPT PACKING pc=0x00000186b8626866 sp=0x0000004c56efde80
Event: 11.092 Thread 0x0000018715bd1070 DEOPT UNPACKING pc=0x00000186bf8d4e42 sp=0x0000004c56efd350 mode 0
Event: 11.093 Thread 0x0000018715bd1070 DEOPT PACKING pc=0x00000186b8626866 sp=0x0000004c56efde80
Event: 11.093 Thread 0x0000018715bd1070 DEOPT UNPACKING pc=0x00000186bf8d4e42 sp=0x0000004c56efd350 mode 0
Event: 13.887 Thread 0x0000018715f3cac0 DEOPT PACKING pc=0x00000186b8631c97 sp=0x0000004c570feb30
Event: 13.887 Thread 0x0000018715f3cac0 DEOPT UNPACKING pc=0x00000186bf8d4e42 sp=0x0000004c570fe0c8 mode 0
Event: 16.113 Thread 0x0000018715bd1070 DEOPT PACKING pc=0x00000186b86282ab sp=0x0000004c56efdf10
Event: 16.113 Thread 0x0000018715bd1070 DEOPT UNPACKING pc=0x00000186bf8d4e42 sp=0x0000004c56efd3e0 mode 0
Event: 16.114 Thread 0x0000018715bd1070 DEOPT PACKING pc=0x00000186b86282ab sp=0x0000004c56efdf10
Event: 16.114 Thread 0x0000018715bd1070 DEOPT UNPACKING pc=0x00000186bf8d4e42 sp=0x0000004c56efd3e0 mode 0
Event: 16.114 Thread 0x0000018715bd1070 DEOPT PACKING pc=0x00000186b86282ab sp=0x0000004c56efdf10
Event: 16.115 Thread 0x0000018715bd1070 DEOPT UNPACKING pc=0x00000186bf8d4e42 sp=0x0000004c56efd3e0 mode 0
Event: 16.116 Thread 0x0000018715bd1070 DEOPT PACKING pc=0x00000186b86282ab sp=0x0000004c56efdf10
Event: 16.116 Thread 0x0000018715bd1070 DEOPT UNPACKING pc=0x00000186bf8d4e42 sp=0x0000004c56efd3e0 mode 0
Event: 16.116 Thread 0x0000018715bd1070 DEOPT PACKING pc=0x00000186b86282ab sp=0x0000004c56efdf10
Event: 16.116 Thread 0x0000018715bd1070 DEOPT UNPACKING pc=0x00000186bf8d4e42 sp=0x0000004c56efd3e0 mode 0
Event: 16.117 Thread 0x0000018715bd1070 DEOPT PACKING pc=0x00000186b86282ab sp=0x0000004c56efdf10
Event: 16.117 Thread 0x0000018715bd1070 DEOPT UNPACKING pc=0x00000186bf8d4e42 sp=0x0000004c56efd3e0 mode 0
Event: 16.117 Thread 0x0000018715bd1070 DEOPT PACKING pc=0x00000186b86282ab sp=0x0000004c56efdf10
Event: 16.117 Thread 0x0000018715bd1070 DEOPT UNPACKING pc=0x00000186bf8d4e42 sp=0x0000004c56efd3e0 mode 0

Classes loaded (20 events):
Event: 6.064 Loading class com/sun/imageio/plugins/jpeg/DHTMarkerSegment$Htable
Event: 6.064 Loading class com/sun/imageio/plugins/jpeg/DHTMarkerSegment$Htable done
Event: 6.064 Loading class com/sun/imageio/plugins/jpeg/SOFMarkerSegment
Event: 6.064 Loading class com/sun/imageio/plugins/jpeg/SOFMarkerSegment done
Event: 6.064 Loading class com/sun/imageio/plugins/jpeg/SOFMarkerSegment$ComponentSpec
Event: 6.065 Loading class com/sun/imageio/plugins/jpeg/SOFMarkerSegment$ComponentSpec done
Event: 6.065 Loading class com/sun/imageio/plugins/jpeg/SOSMarkerSegment
Event: 6.065 Loading class com/sun/imageio/plugins/jpeg/SOSMarkerSegment done
Event: 6.065 Loading class com/sun/imageio/plugins/jpeg/SOSMarkerSegment$ScanComponentSpec
Event: 6.065 Loading class com/sun/imageio/plugins/jpeg/SOSMarkerSegment$ScanComponentSpec done
Event: 6.065 Loading class com/sun/imageio/plugins/jpeg/AdobeMarkerSegment
Event: 6.065 Loading class com/sun/imageio/plugins/jpeg/AdobeMarkerSegment done
Event: 6.065 Loading class com/sun/imageio/plugins/jpeg/DRIMarkerSegment
Event: 6.065 Loading class com/sun/imageio/plugins/jpeg/DRIMarkerSegment done
Event: 6.065 Loading class sun/awt/image/ByteInterleavedRaster
Event: 6.065 Loading class sun/awt/image/ByteInterleavedRaster done
Event: 6.065 Loading class sun/awt/image/NativeLibLoader
Event: 6.065 Loading class sun/awt/image/NativeLibLoader done
Event: 6.065 Loading class sun/awt/image/NativeLibLoader$1
Event: 6.065 Loading class sun/awt/image/NativeLibLoader$1 done

Classes unloaded (0 events):
No events

Classes redefined (0 events):
No events

Internal exceptions (20 events):
Event: 4.933 Thread 0x0000018715f3cac0 Exception <a 'java/lang/NoSuchMethodError'{0x0000000712dadd18}: 'java.lang.Object java.lang.invoke.DirectMethodHandle$Holder.newInvokeSpecial(java.lang.Object, java.lang.Object, java.lang.Object, java.lang.Object, java.lang.Object)'> (0x0000000712dadd18) 
thrown [s\open\src\hotspot\share\interpreter\linkResolver.cpp, line 774]
Event: 4.998 Thread 0x0000018715f3cac0 Exception <a 'java/lang/NoSuchMethodError'{0x0000000712821ee0}: static Lcom/github/sarxos/webcam/ds/buildin/natives/OpenIMAJGrabber;.nextFrame()I> (0x0000000712821ee0) 
thrown [s\open\src\hotspot\share\prims\jni.cpp, line 1111]
Event: 4.998 Thread 0x0000018715f3cac0 Exception <a 'java/lang/NoSuchMethodError'{0x0000000712822240}: static Lcom/github/sarxos/webcam/ds/buildin/natives/OpenIMAJGrabber;.getWidth()I> (0x0000000712822240) 
thrown [s\open\src\hotspot\share\prims\jni.cpp, line 1111]
Event: 4.998 Thread 0x0000018715f3cac0 Exception <a 'java/lang/NoSuchMethodError'{0x00000007128225a8}: static Lcom/github/sarxos/webcam/ds/buildin/natives/OpenIMAJGrabber;.getHeight()I> (0x00000007128225a8) 
thrown [s\open\src\hotspot\share\prims\jni.cpp, line 1111]
Event: 4.998 Thread 0x0000018715f3cac0 Exception <a 'java/lang/NoSuchMethodError'{0x0000000712822910}: static Lcom/github/sarxos/webcam/ds/buildin/natives/OpenIMAJGrabber;.stopSession()V> (0x0000000712822910) 
thrown [s\open\src\hotspot\share\prims\jni.cpp, line 1111]
Event: 4.998 Thread 0x0000018715f3cac0 Exception <a 'java/lang/NoSuchMethodError'{0x0000000712822c78}: static Lcom/github/sarxos/webcam/ds/buildin/natives/OpenIMAJGrabber;.startSession(IID)Z> (0x0000000712822c78) 
thrown [s\open\src\hotspot\share\prims\jni.cpp, line 1111]
Event: 4.998 Thread 0x0000018715f3cac0 Exception <a 'java/lang/NoSuchMethodError'{0x0000000712823000}: static Lcom/github/sarxos/webcam/ds/buildin/natives/OpenIMAJGrabber;.startSession(IIDLorg/bridj/Pointer;)Z> (0x0000000712823000) 
thrown [s\open\src\hotspot\share\prims\jni.cpp, line 1111]
Event: 4.998 Thread 0x0000018715f3cac0 Exception <a 'java/lang/NoSuchMethodError'{0x0000000712823388}: static Lcom/github/sarxos/webcam/ds/buildin/natives/OpenIMAJGrabber;.getVideoDevices()Lorg/bridj/Pointer;> (0x0000000712823388) 
thrown [s\open\src\hotspot\share\prims\jni.cpp, line 1111]
Event: 4.998 Thread 0x0000018715f3cac0 Exception <a 'java/lang/NoSuchMethodError'{0x0000000712823708}: static Lcom/github/sarxos/webcam/ds/buildin/natives/OpenIMAJGrabber;.getImage()Lorg/bridj/Pointer;> (0x0000000712823708) 
thrown [s\open\src\hotspot\share\prims\jni.cpp, line 1111]
Event: 4.998 Thread 0x0000018715f3cac0 Exception <a 'java/lang/NoSuchMethodError'{0x0000000712823a70}: static Lcom/github/sarxos/webcam/ds/buildin/natives/OpenIMAJGrabber;.setTimeout(I)V> (0x0000000712823a70) 
thrown [s\open\src\hotspot\share\prims\jni.cpp, line 1111]
Event: 5.015 Thread 0x0000018715f3cac0 Exception <a 'java/lang/NoSuchMethodError'{0x000000071293fb90}: static Lorg/bridj/cpp/CPPRuntime_CPPDestructor_NativeImpl;.destroy(J)V> (0x000000071293fb90) 
thrown [s\open\src\hotspot\share\prims\jni.cpp, line 1111]
Event: 5.018 Thread 0x0000018715f3cac0 Exception <a 'java/lang/NoSuchMethodError'{0x000000071297bc30}: static Lorg/bridj/dyncallbacks/PointerToVoid_0;.apply(Lorg/bridj/Pointer;)V> (0x000000071297bc30) 
thrown [s\open\src\hotspot\share\prims\jni.cpp, line 1111]
Event: 5.019 Thread 0x0000018715f3cac0 Exception <a 'java/lang/NoSuchMethodError'{0x000000071297ce78}: static Lorg/bridj/dyncallbacks/PointerToVoid_0;.apply(Lorg/bridj/Pointer;)V> (0x000000071297ce78) 
thrown [s\open\src\hotspot\share\prims\jni.cpp, line 1111]
Event: 5.026 Thread 0x0000018715f3cac0 Exception <a 'java/lang/NoSuchMethodError'{0x000000071299d190}: static Lcom/github/sarxos/webcam/ds/buildin/natives/DeviceList;.getDevice(I)Lorg/bridj/Pointer;> (0x000000071299d190) 
thrown [s\open\src\hotspot\share\prims\jni.cpp, line 1111]
Event: 5.026 Thread 0x0000018715f3cac0 Exception <a 'java/lang/NoSuchMethodError'{0x000000071299d4f0}: static Lcom/github/sarxos/webcam/ds/buildin/natives/DeviceList;.getNumDevices()I> (0x000000071299d4f0) 
thrown [s\open\src\hotspot\share\prims\jni.cpp, line 1111]
Event: 5.027 Thread 0x0000018715f3cac0 Exception <a 'java/lang/NoSuchMethodError'{0x00000007129a6320}: static Lcom/github/sarxos/webcam/ds/buildin/natives/Device;.getIdentifier()Lorg/bridj/Pointer;> (0x00000007129a6320) 
thrown [s\open\src\hotspot\share\prims\jni.cpp, line 1111]
Event: 5.027 Thread 0x0000018715f3cac0 Exception <a 'java/lang/NoSuchMethodError'{0x00000007129a6690}: static Lcom/github/sarxos/webcam/ds/buildin/natives/Device;.getName()Lorg/bridj/Pointer;> (0x00000007129a6690) 
thrown [s\open\src\hotspot\share\prims\jni.cpp, line 1111]
Event: 5.031 Thread 0x0000018715f3cac0 Exception <a 'java/lang/ClassNotFoundException'{0x00000007129d6c28}: sun/awt/resources/spi/awtProvider> (0x00000007129d6c28) 
thrown [s\open\src\hotspot\share\classfile\systemDictionary.cpp, line 313]
Event: 5.037 Thread 0x0000018715f3cac0 Exception <a 'java/io/FileNotFoundException'{0x000000071260f208}> (0x000000071260f208) 
thrown [s\open\src\hotspot\share\prims\jni.cpp, line 520]
Event: 5.040 Thread 0x0000018715f3cac0 Exception <a 'java/io/FileNotFoundException'{0x000000071263bce8}> (0x000000071263bce8) 
thrown [s\open\src\hotspot\share\prims\jni.cpp, line 520]

ZGC Phase Switch (0 events):
No events

VM Operations (20 events):
Event: 3.784 Executing VM operation: HandshakeAllThreads (Deoptimize) done
Event: 4.677 Executing VM operation: HandshakeAllThreads (Deoptimize)
Event: 4.677 Executing VM operation: HandshakeAllThreads (Deoptimize) done
Event: 4.717 Executing VM operation: HandshakeAllThreads (Deoptimize)
Event: 4.717 Executing VM operation: HandshakeAllThreads (Deoptimize) done
Event: 5.717 Executing VM operation: Cleanup
Event: 5.717 Executing VM operation: Cleanup done
Event: 6.718 Executing VM operation: Cleanup
Event: 6.718 Executing VM operation: Cleanup done
Event: 8.719 Executing VM operation: Cleanup
Event: 8.719 Executing VM operation: Cleanup done
Event: 11.721 Executing VM operation: Cleanup
Event: 11.721 Executing VM operation: Cleanup done
Event: 16.722 Executing VM operation: Cleanup
Event: 16.722 Executing VM operation: Cleanup done
Event: 20.724 Executing VM operation: Cleanup
Event: 20.724 Executing VM operation: Cleanup done
Event: 21.725 Executing VM operation: Cleanup
Event: 21.725 Executing VM operation: Cleanup done
Event: 35.456 Executing VM operation: G1CollectForAllocation (G1 Evacuation Pause)

Events (20 events):
Event: 0.299 Thread 0x00000187155a77f0 Thread added: 0x00000187155a77f0
Event: 0.459 Thread 0x00000187151cf060 Thread added: 0x00000187151cf060
Event: 0.512 Thread 0x0000018715cd64f0 Thread added: 0x0000018715cd64f0
Event: 0.585 Thread 0x0000018715c9d5e0 Thread added: 0x0000018715c9d5e0
Event: 0.606 Thread 0x00000187158080c0 Thread added: 0x00000187158080c0
Event: 0.617 Thread 0x00000186cf71e9e0 Thread exited: 0x00000186cf71e9e0
Event: 0.628 Thread 0x0000018715c8b290 Thread added: 0x0000018715c8b290
Event: 3.778 Thread 0x0000018715c8b290 Thread exited: 0x0000018715c8b290
Event: 4.161 Thread 0x0000018715d5b2c0 Thread added: 0x0000018715d5b2c0
Event: 4.646 Thread 0x0000018715c2ea50 Thread added: 0x0000018715c2ea50
Event: 4.654 Thread 0x0000018715bd1070 Thread added: 0x0000018715bd1070
Event: 4.660 Thread 0x0000018715bd1af0 Thread added: 0x0000018715bd1af0
Event: 4.675 Thread 0x0000018715f3cac0 Thread added: 0x0000018715f3cac0
Event: 4.746 Thread 0x00000187161c9c00 Thread added: 0x00000187161c9c00
Event: 5.045 Thread 0x0000018715bd1af0 Thread exited: 0x0000018715bd1af0
Event: 5.046 Thread 0x0000018715f3b710 Thread added: 0x0000018715f3b710
Event: 5.056 Thread 0x0000018715f3d7e0 Thread added: 0x0000018715f3d7e0
Event: 5.365 Thread 0x00000187161c9c00 Thread exited: 0x00000187161c9c00
Event: 6.014 Thread 0x0000018715f3de70 Thread added: 0x0000018715f3de70
Event: 6.063 Thread 0x0000018715f3a9f0 Thread added: 0x0000018715f3a9f0


Dynamic libraries:
0x00007ff7231a0000 - 0x00007ff7231ae000 	C:\Users\woelflenico\.jdks\openjdk-22.0.1\bin\java.exe
0x00007fffb3b70000 - 0x00007fffb3d68000 	C:\WINDOWS\SYSTEM32\ntdll.dll
0x00007fffb3190000 - 0x00007fffb324d000 	C:\WINDOWS\System32\KERNEL32.DLL
0x00007fffb1730000 - 0x00007fffb1a26000 	C:\WINDOWS\System32\KERNELBASE.dll
0x00007fffae150000 - 0x00007fffae1e0000 	C:\WINDOWS\SYSTEM32\apphelp.dll
0x00007fffb1230000 - 0x00007fffb1330000 	C:\WINDOWS\System32\ucrtbase.dll
0x00007fffae290000 - 0x00007fffae2a7000 	C:\Users\woelflenico\.jdks\openjdk-22.0.1\bin\jli.dll
0x00007fffb1cb0000 - 0x00007fffb1e4f000 	C:\WINDOWS\System32\USER32.dll
0x00007fffb1480000 - 0x00007fffb14a2000 	C:\WINDOWS\System32\win32u.dll
0x00007fffb32b0000 - 0x00007fffb32db000 	C:\WINDOWS\System32\GDI32.dll
0x00007fffb14b0000 - 0x00007fffb15c7000 	C:\WINDOWS\System32\gdi32full.dll
0x00007fffb13e0000 - 0x00007fffb147d000 	C:\WINDOWS\System32\msvcp_win.dll
0x00007fff9f220000 - 0x00007fff9f23b000 	C:\Users\woelflenico\.jdks\openjdk-22.0.1\bin\VCRUNTIME140.dll
0x00007fffa0130000 - 0x00007fffa03ca000 	C:\WINDOWS\WinSxS\amd64_microsoft.windows.common-controls_6595b64144ccf1df_6.0.19041.4355_none_60b8b9eb71f62e16\COMCTL32.dll
0x00007fffb2c50000 - 0x00007fffb2cee000 	C:\WINDOWS\System32\msvcrt.dll
0x00007fffb1c20000 - 0x00007fffb1c4f000 	C:\WINDOWS\System32\IMM32.DLL
0x00007fffa73d0000 - 0x00007fffa73dc000 	C:\Users\woelflenico\.jdks\openjdk-22.0.1\bin\vcruntime140_1.dll
0x00007fff9eb40000 - 0x00007fff9ebce000 	C:\Users\woelflenico\.jdks\openjdk-22.0.1\bin\msvcp140.dll
0x00007fff36e80000 - 0x00007fff37bc7000 	C:\Users\woelflenico\.jdks\openjdk-22.0.1\bin\server\jvm.dll
0x00007fffb2040000 - 0x00007fffb20f0000 	C:\WINDOWS\System32\ADVAPI32.dll
0x00007fffb29c0000 - 0x00007fffb2a60000 	C:\WINDOWS\System32\sechost.dll
0x00007fffb2cf0000 - 0x00007fffb2e13000 	C:\WINDOWS\System32\RPCRT4.dll
0x00007fffb1b30000 - 0x00007fffb1b57000 	C:\WINDOWS\System32\bcrypt.dll
0x00007fffb2a60000 - 0x00007fffb2acb000 	C:\WINDOWS\System32\WS2_32.dll
0x00007fffb1080000 - 0x00007fffb10cb000 	C:\WINDOWS\SYSTEM32\POWRPROF.dll
0x00007fffa4940000 - 0x00007fffa4967000 	C:\WINDOWS\SYSTEM32\WINMM.dll
0x00007fffab720000 - 0x00007fffab72a000 	C:\WINDOWS\SYSTEM32\VERSION.dll
0x00007fffb1060000 - 0x00007fffb1072000 	C:\WINDOWS\SYSTEM32\UMPDC.dll
0x00007fffaeeb0000 - 0x00007fffaeec2000 	C:\WINDOWS\SYSTEM32\kernel.appcore.dll
0x00007fff9f210000 - 0x00007fff9f21a000 	C:\Users\woelflenico\.jdks\openjdk-22.0.1\bin\jimage.dll
0x00007fffa5e20000 - 0x00007fffa6004000 	C:\WINDOWS\SYSTEM32\DBGHELP.DLL
0x00007fffa4e00000 - 0x00007fffa4e34000 	C:\WINDOWS\SYSTEM32\dbgcore.DLL
0x00007fffb1aa0000 - 0x00007fffb1b22000 	C:\WINDOWS\System32\bcryptPrimitives.dll
0x00007fff9eea0000 - 0x00007fff9eeaf000 	C:\Users\woelflenico\.jdks\openjdk-22.0.1\bin\instrument.dll
0x00007fff9f1f0000 - 0x00007fff9f20e000 	C:\Users\woelflenico\.jdks\openjdk-22.0.1\bin\java.dll
0x00007fffb20f0000 - 0x00007fffb285c000 	C:\WINDOWS\System32\SHELL32.dll
0x00007fffb3060000 - 0x00007fffb318b000 	C:\WINDOWS\System32\ole32.dll
0x00007fffb37d0000 - 0x00007fffb3b23000 	C:\WINDOWS\System32\combase.dll
0x00007fffaf0b0000 - 0x00007fffaf84d000 	C:\WINDOWS\SYSTEM32\windows.storage.dll
0x00007fffb0aa0000 - 0x00007fffb0ace000 	C:\WINDOWS\SYSTEM32\Wldp.dll
0x00007fffb1e60000 - 0x00007fffb1f2d000 	C:\WINDOWS\System32\OLEAUT32.dll
0x00007fffb2860000 - 0x00007fffb290d000 	C:\WINDOWS\System32\SHCORE.dll
0x00007fffb1c50000 - 0x00007fffb1ca5000 	C:\WINDOWS\System32\shlwapi.dll
0x00007fffb1160000 - 0x00007fffb1184000 	C:\WINDOWS\SYSTEM32\profapi.dll
0x00007fff8d7b0000 - 0x00007fff8d887000 	C:\Users\woelflenico\.jdks\openjdk-22.0.1\bin\jsvml.dll
0x00007fff9eec0000 - 0x00007fff9eed7000 	C:\Users\woelflenico\.jdks\openjdk-22.0.1\bin\zip.dll
0x00007fff9f170000 - 0x00007fff9f180000 	C:\Users\woelflenico\.jdks\openjdk-22.0.1\bin\net.dll
0x00007fffb0880000 - 0x00007fffb08ea000 	C:\WINDOWS\system32\mswsock.dll
0x00007fff9f150000 - 0x00007fff9f166000 	C:\Users\woelflenico\.jdks\openjdk-22.0.1\bin\nio.dll
0x00007fff9f180000 - 0x00007fff9f19a000 	D:\IntelliJ\IntelliJ IDEA 2024.1\bin\breakgen64.dll
0x00007fff9ee90000 - 0x00007fff9ee99000 	C:\Users\woelflenico\.jdks\openjdk-22.0.1\bin\extnet.dll
0x00007fff9ee70000 - 0x00007fff9ee82000 	C:\Users\woelflenico\.jdks\openjdk-22.0.1\bin\jsound.dll
0x00007fff89950000 - 0x00007fff899ec000 	C:\WINDOWS\SYSTEM32\DSOUND.dll
0x00007fffa6170000 - 0x00007fffa6196000 	C:\WINDOWS\SYSTEM32\winmmbase.dll
0x00007fffb0ae0000 - 0x00007fffb0af8000 	C:\WINDOWS\SYSTEM32\CRYPTSP.dll
0x00007fffae9d0000 - 0x00007fffaea6e000 	C:\WINDOWS\system32\uxtheme.dll
0x00007fffb2910000 - 0x00007fffb29b9000 	C:\WINDOWS\System32\clbcatq.dll
0x00007fffb01c0000 - 0x00007fffb01f4000 	C:\WINDOWS\system32\rsaenh.dll
0x00007fffab540000 - 0x00007fffab5c5000 	C:\WINDOWS\System32\MMDevApi.dll
0x00007fffb0ee0000 - 0x00007fffb0f13000 	C:\WINDOWS\System32\DEVOBJ.dll
0x00007fffb1b60000 - 0x00007fffb1bae000 	C:\WINDOWS\System32\cfgmgr32.dll
0x00007fffb1110000 - 0x00007fffb113e000 	C:\WINDOWS\SYSTEM32\USERENV.dll
0x00007fffb0a10000 - 0x00007fffb0a1c000 	C:\WINDOWS\SYSTEM32\CRYPTBASE.dll
0x00007fffb0580000 - 0x00007fffb05bb000 	C:\WINDOWS\SYSTEM32\IPHLPAPI.DLL
0x00007fffb2030000 - 0x00007fffb2038000 	C:\WINDOWS\System32\NSI.dll
0x00007fff9f1a0000 - 0x00007fff9f1e6000 	C:\WINDOWS\SYSTEM32\wdmaud.drv
0x00007fffa43e0000 - 0x00007fffa43e9000 	C:\WINDOWS\SYSTEM32\ksuser.dll
0x00007fffa61b0000 - 0x00007fffa61ba000 	C:\WINDOWS\SYSTEM32\AVRT.dll
0x00007fffab760000 - 0x00007fffab8e1000 	C:\WINDOWS\SYSTEM32\AUDIOSES.DLL
0x00007fffa3360000 - 0x00007fffa336d000 	C:\WINDOWS\SYSTEM32\msacm32.drv
0x00007fff9fe00000 - 0x00007fff9fe1e000 	C:\WINDOWS\SYSTEM32\MSACM32.dll
0x00007fffa2590000 - 0x00007fffa259b000 	C:\WINDOWS\SYSTEM32\midimap.dll
0x00007fffaeab0000 - 0x00007fffaeac4000 	C:\WINDOWS\SYSTEM32\resourcepolicyclient.dll
0x00007fff244a0000 - 0x00007fff2569f000 	C:\Users\woelflenico\AppData\Local\Temp\webrtc-java5318892496719440421.dll
0x00007fffae210000 - 0x00007fffae21b000 	C:\WINDOWS\SYSTEM32\msdmo.dll
0x00007fffaf970000 - 0x00007fffafa62000 	C:\WINDOWS\SYSTEM32\dxgi.dll
0x00007fffacfe0000 - 0x00007fffad243000 	C:\WINDOWS\SYSTEM32\d3d11.dll
0x00007fffa61c0000 - 0x00007fffa637c000 	C:\WINDOWS\SYSTEM32\MFPlat.DLL
0x00007fffaa2a0000 - 0x00007fffaa2ac000 	C:\WINDOWS\SYSTEM32\Secur32.dll
0x00007fffb10d0000 - 0x00007fffb1102000 	C:\WINDOWS\SYSTEM32\SSPICLI.DLL
0x00007fffa4200000 - 0x00007fffa4236000 	C:\WINDOWS\SYSTEM32\RTWorkQ.DLL
0x00007fff89500000 - 0x00007fff89577000 	C:\Windows\System32\mfwmaaec.dll
0x00007fff9cc10000 - 0x00007fff9cd4f000 	C:\Windows\System32\Windows.UI.dll
0x00007fff9cd60000 - 0x00007fff9ce01000 	C:\Windows\System32\WindowManagementAPI.dll
0x00007fff9c900000 - 0x00007fff9c9f9000 	C:\Windows\System32\TextInputFramework.dll
0x00007fff9c7a0000 - 0x00007fff9c8f2000 	C:\Windows\System32\InputHost.dll
0x00007fffac3c0000 - 0x00007fffac517000 	C:\WINDOWS\SYSTEM32\wintypes.dll
0x00007fff9ca00000 - 0x00007fff9cc03000 	C:\WINDOWS\SYSTEM32\twinapi.appcore.dll
0x00007fffad870000 - 0x00007fffad962000 	C:\Windows\System32\CoreMessaging.dll
0x00007fffad320000 - 0x00007fffad67b000 	C:\Windows\System32\CoreUIComponents.dll
0x00007fffaa6a0000 - 0x00007fffaa796000 	C:\Windows\System32\PROPSYS.dll
0x00007fffb02e0000 - 0x00007fffb0313000 	C:\WINDOWS\SYSTEM32\ntmarta.dll
0x00007fffac5a0000 - 0x00007fffac5b7000 	C:\WINDOWS\SYSTEM32\dhcpcsvc6.DLL
0x00007fffac3a0000 - 0x00007fffac3bd000 	C:\WINDOWS\SYSTEM32\dhcpcsvc.DLL
0x00007fffb05c0000 - 0x00007fffb068a000 	C:\WINDOWS\SYSTEM32\DNSAPI.dll
0x00007fffaa2b0000 - 0x00007fffaa2ba000 	C:\Windows\System32\rasadhlp.dll
0x00007fffadcf0000 - 0x00007fffadd70000 	C:\WINDOWS\System32\fwpuclnt.dll
0x00007fff9d8f0000 - 0x00007fff9d900000 	C:\Users\woelflenico\.jdks\openjdk-22.0.1\bin\verify.dll
0x00007fff8fb10000 - 0x00007fff8fb39000 	C:\Users\woelflenico\AppData\Local\Temp\BridJExtractedLibraries3088074156350417855\bridj.dll
0x00007fff8ccb0000 - 0x00007fff8cce6000 	C:\Users\WOELFL~1\AppData\Local\Temp\BridJExtractedLibraries3088074156350417855\OpenIMAJGrabber.dll
0x00007fff9d8d0000 - 0x00007fff9d8ed000 	C:\Windows\System32\devenum.dll
0x00007fffb3360000 - 0x00007fffb37ce000 	C:\WINDOWS\System32\setupapi.dll
0x00007fffb1a30000 - 0x00007fffb1a99000 	C:\WINDOWS\System32\WINTRUST.dll
0x00007fffb15d0000 - 0x00007fffb172e000 	C:\WINDOWS\System32\CRYPT32.dll
0x00007fffb0d10000 - 0x00007fffb0d22000 	C:\WINDOWS\SYSTEM32\MSASN1.dll
0x00007fff837b0000 - 0x00007fff8393d000 	C:\Users\woelflenico\.jdks\openjdk-22.0.1\bin\awt.dll
0x00007fff8cac0000 - 0x00007fff8caf6000 	C:\Windows\System32\qcap.dll
0x00007fff7fb40000 - 0x00007fff7fd10000 	C:\Windows\System32\quartz.dll
0x00007fffb2ad0000 - 0x00007fffb2be4000 	C:\WINDOWS\System32\MSCTF.dll
0x00007fff8c150000 - 0x00007fff8c19d000 	C:\Windows\System32\mfksproxy.dll
0x00007fff8dca0000 - 0x00007fff8dcbd000 	C:\Windows\System32\ATL.DLL
0x00007fff8afc0000 - 0x00007fff8b027000 	C:\Windows\System32\MFSENSORGROUP.dll
0x00007fff8aec0000 - 0x00007fff8af10000 	C:\Windows\System32\ksproxy.ax
0x00007fff7b6c0000 - 0x00007fff7b88e000 	C:\Windows\System32\d3d9.dll
0x00007fffaecd0000 - 0x00007fffaecff000 	C:\Windows\System32\dwmapi.dll
0x00007fffac180000 - 0x00007fffac221000 	C:\WINDOWS\SYSTEM32\policymanager.dll
0x00007fffb0250000 - 0x00007fffb02da000 	C:\Windows\System32\msvcp110_win.dll
0x00007fff9d890000 - 0x00007fff9d89d000 	C:\Windows\System32\vidcap.ax
0x00007fff8c9c0000 - 0x00007fff8c9e7000 	C:\Windows\System32\kswdmcap.ax
0x00007fff81560000 - 0x00007fff816cc000 	C:\Windows\System32\MFC42.dll
0x00007fff89450000 - 0x00007fff894f8000 	C:\Windows\System32\qedit.dll
0x00007fffb1f50000 - 0x00007fffb202a000 	C:\WINDOWS\System32\COMDLG32.dll
0x00007fff8c510000 - 0x00007fff8c53b000 	C:\Windows\System32\MSVFW32.dll
0x00007fff8ac50000 - 0x00007fff8adf7000 	C:\WINDOWS\WinSxS\amd64_microsoft.windows.gdiplus_6595b64144ccf1df_1.1.19041.4355_none_91a3acd0cc88a7e4\gdiplus.dll
0x00007fff7ad40000 - 0x00007fff7ae3b000 	C:\Windows\System32\DDRAW.dll
0x00007fff9d850000 - 0x00007fff9d859000 	C:\Windows\System32\DCIMAN32.dll
0x00007fffabc30000 - 0x00007fffabc6b000 	C:\WINDOWS\SYSTEM32\dxcore.dll
0x00007fff9d6f0000 - 0x00007fff9d6fc000 	C:\WINDOWS\SYSTEM32\msyuv.dll

dbghelp: loaded successfully - version: 4.0.5 - missing functions: none
symbol engine: initialized successfully - sym options: 0x614 - pdb path: .;C:\Users\woelflenico\.jdks\openjdk-22.0.1\bin;C:\WINDOWS\SYSTEM32;C:\WINDOWS\WinSxS\amd64_microsoft.windows.common-controls_6595b64144ccf1df_6.0.19041.4355_none_60b8b9eb71f62e16;C:\Users\woelflenico\.jdks\openjdk-22.0.1\bin\server;D:\IntelliJ\IntelliJ IDEA 2024.1\bin;C:\Users\woelflenico\AppData\Local\Temp;C:\Users\woelflenico\AppData\Local\Temp\BridJExtractedLibraries3088074156350417855;C:\Users\WOELFL~1\AppData\Local\Temp\BridJExtractedLibraries3088074156350417855;C:\WINDOWS\WinSxS\amd64_microsoft.windows.gdiplus_6595b64144ccf1df_1.1.19041.4355_none_91a3acd0cc88a7e4

VM Arguments:
jvm_args: -javaagent:D:\IntelliJ\IntelliJ IDEA 2024.1\lib\idea_rt.jar=64966:D:\IntelliJ\IntelliJ IDEA 2024.1\bin -Dfile.encoding=UTF-8 -Dsun.stdout.encoding=UTF-8 -Dsun.stderr.encoding=UTF-8 
java_command: org.example.App 5
java_class_path (initial): D:\webrptcJava\target\classes;C:\Users\woelflenico\.m2\repository\org\bytedeco\javacv-platform\1.5.5\javacv-platform-1.5.5.jar;C:\Users\woelflenico\.m2\repository\org\bytedeco\javacv\1.5.5\javacv-1.5.5.jar;C:\Users\woelflenico\.m2\repository\org\bytedeco\javacpp\1.5.5\javacpp-1.5.5.jar;C:\Users\woelflenico\.m2\repository\org\bytedeco\openblas\0.3.13-1.5.5\openblas-0.3.13-1.5.5.jar;C:\Users\woelflenico\.m2\repository\org\bytedeco\opencv\4.5.1-1.5.5\opencv-4.5.1-1.5.5.jar;C:\Users\woelflenico\.m2\repository\org\bytedeco\ffmpeg\4.3.2-1.5.5\ffmpeg-4.3.2-1.5.5.jar;C:\Users\woelflenico\.m2\repository\org\bytedeco\flycapture\2.13.3.31-1.5.5\flycapture-2.13.3.31-1.5.5.jar;C:\Users\woelflenico\.m2\repository\org\bytedeco\libdc1394\2.2.6-1.5.5\libdc1394-2.2.6-1.5.5.jar;C:\Users\woelflenico\.m2\repository\org\bytedeco\libfreenect\0.5.7-1.5.5\libfreenect-0.5.7-1.5.5.jar;C:\Users\woelflenico\.m2\repository\org\bytedeco\libfreenect2\0.2.0-1.5.5\libfreenect2-0.2.0-1.5.5.jar;C:\Users\woelflenico\.m2\repository\org\bytedeco\librealsense\1.12.4-1.5.5\librealsense-1.12.4-1.5.5.jar;C:\Users\woelflenico\.m2\repository\org\bytedeco\librealsense2\2.40.0-1.5.5\librealsense2-2.40.0-1.5.5.jar;C:\Users\woelflenico\.m2\repository\org\bytedeco\videoinput\0.200-1.5.5\videoinput-0.200-1.5.5.jar;C:\Users\woelflenico\.m2\repository\org\bytedeco\artoolkitplus\2.3.1-1.5.5\artoolkitplus-2.3.1-1.5.5.jar;C:\Users\woelflenico\.m2\repository\org\bytedeco\flandmark\1.07-1.5.5\flandmark-1.07-1.5.5.jar;C:\Users\woelflenico\.m2\repository\org\bytedeco\leptonica\1.80.0-1.5.5\leptonica-1.80.0-1.5.5.jar;C:\Users\woelflenico\.m2\repository\org\bytedeco\tesseract\4.1.1-1.5.5\tesseract-4.1.1-1.5.5.jar;C:\Users\woelflenico\.m2\repository\org\bytedeco\openblas-platform\0.3.13-1.5.5\openblas-platform-0.3.13-1.5.5.jar;C:\Users\woelflenico\.m2\repository\org\bytedeco\javacpp-platform\1.5.5\javacpp-platform-1.5.5.jar;C:\Users\woelflenico\.m2\repository\org\bytedeco\javacpp\1.5.5\javacpp-1.5.5-android-arm.jar;C:\Users\woelflenico\.m2\repository\org\bytedeco\javacpp\1.5.5\javacpp-1.5.5-android-arm64.jar;C:\Users\woelflenico\.m2\repository\org\bytedeco\javacpp\1.5.5\javacpp-1.5.5-android-x86.jar;C:\Users\woelflenico\.m2\repository\org\bytedeco\javacpp\1.5.5\javacpp-1.5.5-android-x86_64.jar;C:\Users\woelflenico\.m2\repository\org\bytedeco\javacpp\1.5.5\javacpp-1.5.5-ios-arm64.jar;C:\Users\woelflenico\.m2\repository\org\bytedeco\javacpp\1.5.5\javacpp-1.5.5-ios-x86_64.jar;C:\Users\woelflenico\.m2\repository\org\bytedeco\javacpp\1.5.5\javacpp-1.5.5-linux-armhf.jar;C:\Users\woelflenico\.m2\repository\org\bytedeco\javacpp\1.5.5\javacpp-1.5.5-linux-arm64.jar;C:\Users\woelflenico\.m2\repository\org\bytedeco\javacpp\1.5.5\javacpp-1.5.5-linux-ppc64le.jar;C:\Users\woelflenico\.m2\repository\org\bytedeco\javacpp\1.5.5\javacpp-1.5.5-linux-x86.jar;C:\Users\woelflenico\.m2\repository\org\bytedeco\javacpp\1.5.5\javacpp-1.5.5-linux-x86_64.jar;C:\Users\woelflenico\.m2\repository\org\bytedeco\javacpp\1.5.5\javacpp-1.5.5-macosx-arm64.jar;C:\Users\woelflenico\.m2\repository\org\bytedeco\javacpp\1.5.5\javacpp-1.5.5-macosx-x86_64.jar;C:\Users\woelflenico\.m2\repository\org\bytedeco\javacpp\1.5.5\javacpp-1.5.5-windows-x86.jar;C:\Users\woelflenico\.m2\repository\org\bytedeco\javacpp\1.5.5\javacpp-1.5.5-windows-x86_64.jar;C:\Users\woelflenico\.m2\repository\org\bytedeco\openblas\0.3.13-1.5.5\openblas-0.3.13-1.5.5-android-arm.jar;C:\Users\woelflenico\.m2\repository\org\bytedeco\openblas\0.3.13-1.5.5\openblas-0.3.13-1.5.5-android-arm64.jar;C:\Users\woelflenico\.m2\repository\org\bytedeco\openblas\0.3.13-1.5.5\openblas-0.3.13-1.5.5-android-x86.jar;C:\Users\woelflenico\.m2\repository\org\bytedeco\openblas\0.3.13-1.5.5\openblas-0.3.13-1.5.5-android-x86_64.jar;C:\Users\woelflenico\.m2\repository\org\bytedeco\openblas\0.3.13-1.5.5\openblas-0.3.13-1.5.5-ios-arm64.jar;C:\Users\woelflenico\.m2\repository\org\bytedeco\openblas\0.3.13-1.5.5\openblas-0.3.13-1.5.5-ios-x86_64.jar;C:\Users\woelflenico\.m2\repository\org\bytedeco\openblas\0.3.13-1.5.5\openblas-0.3.13-1.5.5-linux-x86.jar;C:\Users\woelflenico\.m2\repository\org\bytedeco\openblas\0.3.13-1.5.5\openblas-0.3.13-1.5.5-linux-x86_64.jar;C:\Users\woelflenico\.m2\repository\org\bytedeco\openblas\0.3.13-1.5.5\openblas-0.3.13-1.5.5-linux-armhf.jar;C:\Users\woelflenico\.m2\repository\org\bytedeco\openblas\0.3.13-1.5.5\openblas-0.3.13-1.5.5-linux-arm64.jar;C:\Users\woelflenico\.m2\repository\org\bytedeco\openblas\0.3.13-1.5.5\openblas-0.3.13-1.5.5-linux-ppc64le.jar;C:\Users\woelflenico\.m2\repository\org\bytedeco\openblas\0.3.13-1.5.5\openblas-0.3.13-1.5.5-macosx-x86_64.jar;C:\Users\woelflenico\.m2\repository\org\bytedeco\openblas\0.3.13-1.5.5\openblas-0.3.13-1.5.5-windows-x86.jar;C:\Users\woelflenico\.m2\repository\org\bytedeco\openblas\0.3.13-1.5.5\openblas-0.3.13-1.5.5-windows-x86_64.jar;C:\Users\woelflenico\.m2\repository\org\bytedeco\opencv-platform\4.5.1-1.5.5\opencv-platform-4.5.1-1.5.5.jar;C:\Users\woelflenico\.m2\repository\org\bytedeco\opencv\4.5.1-1.5.5\opencv-4.5.1-1.5.5-android-arm.jar;C:\Users\woelflenico\.m2\repository\org\bytedeco\opencv\4.5.1-1.5.5\opencv-4.5.1-1.5.5-android-arm64.jar;C:\Users\woelflenico\.m2\repository\org\bytedeco\opencv\4.5.1-1.5.5\opencv-4.5.1-1.5.5-android-x86.jar;C:\Users\woelflenico\.m2\repository\org\bytedeco\opencv\4.5.1-1.5.5\opencv-4.5.1-1.5.5-android-x86_64.jar;C:\Users\woelflenico\.m2\repository\org\bytedeco\opencv\4.5.1-1.5.5\opencv-4.5.1-1.5.5-ios-arm64.jar;C:\Users\woelflenico\.m2\repository\org\bytedeco\opencv\4.5.1-1.5.5\opencv-4.5.1-1.5.5-ios-x86_64.jar;C:\Users\woelflenico\.m2\repository\org\bytedeco\opencv\4.5.1-1.5.5\opencv-4.5.1-1.5.5-linux-x86.jar;C:\Users\woelflenico\.m2\repository\org\bytedeco\opencv\4.5.1-1.5.5\opencv-4.5.1-1.5.5-linux-x86_64.jar;C:\Users\woelflenico\.m2\repository\org\bytedeco\opencv\4.5.1-1.5.5\opencv-4.5.1-1.5.5-linux-armhf.jar;C:\Users\woelflenico\.m2\repository\org\bytedeco\opencv\4.5.1-1.5.5\opencv-4.5.1-1.5.5-linux-arm64.jar;C:\Users\woelflenico\.m2\repository\org\bytedeco\opencv\4.5.1-1.5.5\opencv-4.5.1-1.5.5-linux-ppc64le.jar;C:\Users\woelflenico\.m2\repository\org\bytedeco\opencv\4.5.1-1.5.5\opencv-4.5.1-1.5.5-macosx-x86_64.jar;C:\Users\woelflenico\.m2\repository\org\bytedeco\opencv\4.5.1-1.5.5\opencv-4.5.1-1.5.5-windows-x86.jar;C:\Users\woelflenico\.m2\repository\org\bytedeco\opencv\4.5.1-1.5.5\opencv-4.5.1-1.5.5-windows-x86_64.jar;C:\Users\woelflenico\.m2\repository\org\bytedeco\ffmpeg-platform\4.3.2-1.5.5\ffmpeg-platform-4.3.2-1.5.5.jar;C:\Users\woelflenico\.m2\repository\org\bytedeco\ffmpeg\4.3.2-1.5.5\ffmpeg-4.3.2-1.5.5-android-arm.jar;C:\Users\woelflenico\.m2\repository\org\bytedeco\ffmpeg\4.3.2-1.5.5\ffmpeg-4.3.2-1.5.5-android-arm64.jar;C:\Users\woelflenico\.m2\repository\org\bytedeco\ffmpeg\4.3.2-1.5.5\ffmpeg-4.3.2-1.5.5-android-x86.jar;C:\Users\woelflenico\.m2\repository\org\bytedeco\ffmpeg\4.3.2-1.5.5\ffmpeg-4.3.2-1.5.5-android-x86_64.jar;C:\Users\woelflenico\.m2\repository\org\bytedeco\ffmpeg\4.3.2-1.5.5\ffmpeg-4.3.2-1.5.5-linux-x86.jar;C:\Users\woelflenico\.m2\repository\org\bytedeco\ffmpeg\4.3.2-1.5.5\ffmpeg-4.3.2-1.5.5-linux-x86_64.jar;C:\Users\woelflenico\.m2\repository\org\bytedeco\ffmpeg\4.3.2-1.5.5\ffmpeg-4.3.2-1.5.5-linux-armhf.jar;C:\Users\woelflenico\.m2\repository\org\bytedeco\ffmpeg\4.3.2-1.5.5\ffmpeg-4.3.2-1.5.5-linux-arm64.jar;C:\Users\woelflenico\.m2\repository\org\bytedeco\ffmpeg\4.3.2-1.5.5\ffmpeg-4.3.2-1.5.5-linux-ppc64le.jar;C:\Users\woelflenico\.m2\repository\org\bytedeco\ffmpeg\4.3.2-1.5.5\ffmpeg-4.3.2-1.5.5-macosx-x86_64.jar;C:\Users\woelflenico\.m2\repository\org\bytedeco\ffmpeg\4.3.2-1.5.5\ffmpeg-4.3.2-1.5.5-windows-x86.jar;C:\Users\woelflenico\.m2\repository\org\bytedeco\ffmpeg\4.3.2-1.5.5\ffmpeg-4.3.2-1.5.5-windows-x86_64.jar;C:\Users\woelflenico\.m2\repository\org\bytedeco\flycapture-platform\2.13.3.31-1.5.5\flycapture-platform-2.13.3.31-1.5.5.jar;C:\Users\woelflenico\.m2\repository\org\bytedeco\flycapture\2.13.3.31-1.5.5\flycapture-2.13.3.31-1.5.5-linux-x86.jar;C:\Users\woelflenico\.m2\repository\org\bytedeco\flycapture\2.13.3.31-1.5.5\flycapture-2.13.3.31-1.5.5-linux-x86_64.jar;C:\Users\woelflenico\.m2\repository\org\bytedeco\flycapture\2.13.3.31-1.5.5\flycapture-2.13.3.31-1.5.5-linux-armhf.jar;C:\Users\woelflenico\.m2\repository\org\bytedeco\flycapture\2.13.3.31-1.5.5\flycapture-2.13.3.31-1.5.5-linux-arm64.jar;C:\Users\woelflenico\.m2\repository\org\bytedeco\flycapture\2.13.3.31-1.5.5\flycapture-2.13.3.31-1.5.5-windows-x86.jar;C:\Users\woelflenico\.m2\repository\org\bytedeco\flycapture\2.13.3.31-1.5.5\flycapture-2.13.3.31-1.5.5-windows-x86_64.jar;C:\Users\woelflenico\.m2\repository\org\bytedeco\libdc1394-platform\2.2.6-1.5.5\libdc1394-platform-2.2.6-1.5.5.jar;C:\Users\woelflenico\.m2\repository\org\bytedeco\libdc1394\2.2.6-1.5.5\libdc1394-2.2.6-1.5.5-linux-x86.jar;C:\Users\woelflenico\.m2\repository\org\bytedeco\libdc1394\2.2.6-1.5.5\libdc1394-2.2.6-1.5.5-linux-x86_64.jar;C:\Users\woelflenico\.m2\repository\org\bytedeco\libdc1394\2.2.6-1.5.5\libdc1394-2.2.6-1.5.5-linux-armhf.jar;C:\Users\woelflenico\.m2\repository\org\bytedeco\libdc1394\2.2.6-1.5.5\libdc1394-2.2.6-1.5.5-linux-arm64.jar;C:\Users\woelflenico\.m2\repository\org\bytedeco\libdc1394\2.2.6-1.5.5\libdc1394-2.2.6-1.5.5-linux-ppc64le.jar;C:\Users\woelflenico\.m2\repository\org\bytedeco\libdc1394\2.2.6-1.5.5\libdc1394-2.2.6-1.5.5-macosx-x86_64.jar;C:\Users\woelflenico\.m2\repository\org\bytedeco\libdc1394\2.2.6-1.5.5\libdc1394-2.2.6-1.5.5-windows-x86.jar;C:\Users\woelflenico\.m2\repository\org\bytedeco\libdc1394\2.2.6-1.5.5\libdc1394-2.2.6-1.5.5-windows-x86_64.jar;C:\Users\woelflenico\.m2\repository\org\bytedeco\libfreenect-platform\0.5.7-1.5.5\libfreenect-platform-0.5.7-1.5.5.jar;C:\Users\woelflenico\.m2\repository\org\bytedeco\libfreenect\0.5.7-1.5.5\libfreenect-0.5.7-1.5.5-linux-x86.jar;C:\Users\woelflenico\.m2\repository\org\bytedeco\libfreenect\0.5.7-1.5.5\libfreenect-0.5.7-1.5.5-linux-x86_64.jar;C:\Users\woelflenico\.m2\repository\org\bytedeco\libfreenect\0.5.7-1.5.5\libfreenect-0.5.7-1.5.5-linux-armhf.jar;C:\Users\woelflenico\.m2\repository\org\bytedeco\libfreenect\0.5.7-1.5.5\libfreenect-0.5.7-1.5.5-linux-arm64.jar;C:\Users\woelflenico\.m2\repository\org\bytedeco\libfreenect\0.5.7-1.5.5\libfreenect-0.5.7-1.5.5-linux-ppc64le.jar;C:\Users\woelflenico\.m2\repository\org\bytedeco\libfreenect\0.5.7-1.5.5\libfreenect-0.5.7-1.5.5-macosx-x86_64.jar;C:\Users\woelflenico\.m2\repository\org\bytedeco\libfreenect\0.5.7-1.5.5\libfreenect-0.5.7-1.5.5-windows-x86.jar;C:\Users\woelflenico\.m2\repository\org\bytedeco\libfreenect\0.5.7-1.5.5\libfreenect-0.5.7-1.5.5-windows-x86_64.jar;C:\Users\woelflenico\.m2\repository\org\bytedeco\libfreenect2-platform\0.2.0-1.5.5\libfreenect2-platform-0.2.0-1.5.5.jar;C:\Users\woelflenico\.m2\repository\org\bytedeco\libfreenect2\0.2.0-1.5.5\libfreenect2-0.2.0-1.5.5-linux-x86.jar;C:\Users\woelflenico\.m2\repository\org\bytedeco\libfreenect2\0.2.0-1.5.5\libfreenect2-0.2.0-1.5.5-linux-x86_64.jar;C:\Users\woelflenico\.m2\repository\org\bytedeco\libfreenect2\0.2.0-1.5.5\libfreenect2-0.2.0-1.5.5-macosx-x86_64.jar;C:\Users\woelflenico\.m2\repository\org\bytedeco\libfreenect2\0.2.0-1.5.5\libfreenect2-0.2.0-1.5.5-windows-x86_64.jar;C:\Users\woelflenico\.m2\repository\org\bytedeco\librealsense-platform\1.12.4-1.5.5\librealsense-platform-1.12.4-1.5.5.jar;C:\Users\woelflenico\.m2\repository\org\bytedeco\librealsense\1.12.4-1.5.5\librealsense-1.12.4-1.5.5-linux-armhf.jar;C:\Users\woelflenico\.m2\repository\org\bytedeco\librealsense\1.12.4-1.5.5\librealsense-1.12.4-1.5.5-linux-arm64.jar;C:\Users\woelflenico\.m2\repository\org\bytedeco\librealsense\1.12.4-1.5.5\librealsense-1.12.4-1.5.5-linux-x86.jar;C:\Users\woelflenico\.m2\repository\org\bytedeco\librealsense\1.12.4-1.5.5\librealsense-1.12.4-1.5.5-linux-x86_64.jar;C:\Users\woelflenico\.m2\repository\org\bytedeco\librealsense\1.12.4-1.5.5\librealsense-1.12.4-1.5.5-macosx-x86_64.jar;C:\Users\woelflenico\.m2\repository\org\bytedeco\librealsense\1.12.4-1.5.5\librealsense-1.12.4-1.5.5-windows-x86.jar;C:\Users\woelflenico\.m2\repository\org\bytedeco\librealsense\1.12.4-1.5.5\librealsense-1.12.4-1.5.5-windows-x86_64.jar;C:\Users\woelflenico\.m2\repository\org\bytedeco\librealsense2-platform\2.40.0-1.5.5\librealsense2-platform-2.40.0-1.5.5.jar;C:\Users\woelflenico\.m2\repository\org\bytedeco\librealsense2\2.40.0-1.5.5\librealsense2-2.40.0-1.5.5-linux-armhf.jar;C:\Users\woelflenico\.m2\repository\org\bytedeco\librealsense2\2.40.0-1.5.5\librealsense2-2.40.0-1.5.5-linux-arm64.jar;C:\Users\woelflenico\.m2\repository\org\bytedeco\librealsense2\2.40.0-1.5.5\librealsense2-2.40.0-1.5.5-linux-x86.jar;C:\Users\woelflenico\.m2\repository\org\bytedeco\librealsense2\2.40.0-1.5.5\librealsense2-2.40.0-1.5.5-linux-x86_64.jar;C:\Users\woelflenico\.m2\repository\org\bytedeco\librealsense2\2.40.0-1.5.5\librealsense2-2.40.0-1.5.5-macosx-x86_64.jar;C:\Users\woelflenico\.m2\repository\org\bytedeco\librealsense2\2.40.0-1.5.5\librealsense2-2.40.0-1.5.5-windows-x86.jar;C:\Users\woelflenico\.m2\repository\org\bytedeco\librealsense2\2.40.0-1.5.5\librealsense2-2.40.0-1.5.5-windows-x86_64.jar;C:\Users\woelflenico\.m2\repository\org\bytedeco\videoinput-platform\0.200-1.5.5\videoinput-platform-0.200-1.5.5.jar;C:\Users\woelflenico\.m2\repository\org\bytedeco\videoinput\0.200-1.5.5\videoinput-0.200-1.5.5-windows-x86.jar;C:\Users\woelflenico\.m2\repository\org\bytedeco\videoinput\0.200-1.5.5\videoinput-0.200-1.5.5-windows-x86_64.jar;C:\Users\woelflenico\.m2\repository\org\bytedeco\artoolkitplus-platform\2.3.1-1.5.5\artoolkitplus-platform-2.3.1-1.5.5.jar;C:\Users\woelflenico\.m2\repository\org\bytedeco\artoolkitplus\2.3.1-1.5.5\artoolkitplus-2.3.1-1.5.5-android-arm.jar;C:\Users\woelflenico\.m2\repository\org\bytedeco\artoolkitplus\2.3.1-1.5.5\artoolkitplus-2.3.1-1.5.5-android-arm64.jar;C:\Users\woelflenico\.m2\repository\org\bytedeco\artoolkitplus\2.3.1-1.5.5\artoolkitplus-2.3.1-1.5.5-android-x86.jar;C:\Users\woelflenico\.m2\repository\org\bytedeco\artoolkitplus\2.3.1-1.5.5\artoolkitplus-2.3.1-1.5.5-android-x86_64.jar;C:\Users\woelflenico\.m2\repository\org\bytedeco\artoolkitplus\2.3.1-1.5.5\artoolkitplus-2.3.1-1.5.5-linux-x86.jar;C:\Users\woelflenico\.m2\repository\org\bytedeco\artoolkitplus\2.3.1-1.5.5\artoolkitplus-2.3.1-1.5.5-linux-x86_64.jar;C:\Users\woelflenico\.m2\repository\org\bytedeco\artoolkitplus\2.3.1-1.5.5\artoolkitplus-2.3.1-1.5.5-linux-armhf.jar;C:\Users\woelflenico\.m2\repository\org\bytedeco\artoolkitplus\2.3.1-1.5.5\artoolkitplus-2.3.1-1.5.5-linux-arm64.jar;C:\Users\woelflenico\.m2\repository\org\bytedeco\artoolkitplus\2.3.1-1.5.5\artoolkitplus-2.3.1-1.5.5-linux-ppc64le.jar;C:\Users\woelflenico\.m2\repository\org\bytedeco\artoolkitplus\2.3.1-1.5.5\artoolkitplus-2.3.1-1.5.5-macosx-x86_64.jar;C:\Users\woelflenico\.m2\repository\org\bytedeco\artoolkitplus\2.3.1-1.5.5\artoolkitplus-2.3.1-1.5.5-windows-x86.jar;C:\Users\woelflenico\.m2\repository\org\bytedeco\artoolkitplus\2.3.1-1.5.5\artoolkitplus-2.3.1-1.5.5-windows-x86_64.jar;C:\Users\woelflenico\.m2\repository\org\bytedeco\flandmark-platform\1.07-1.5.5\flandmark-platform-1.07-1.5.5.jar;C:\Users\woelflenico\.m2\repository\org\bytedeco\flandmark\1.07-1.5.5\flandmark-1.07-1.5.5-android-arm.jar;C:\Users\woelflenico\.m2\repository\org\bytedeco\flandmark\1.07-1.5.5\flandmark-1.07-1.5.5-android-arm64.jar;C:\Users\woelflenico\.m2\repository\org\bytedeco\flandmark\1.07-1.5.5\flandmark-1.07-1.5.5-android-x86.jar;C:\Users\woelflenico\.m2\repository\org\bytedeco\flandmark\1.07-1.5.5\flandmark-1.07-1.5.5-android-x86_64.jar;C:\Users\woelflenico\.m2\repository\org\bytedeco\flandmark\1.07-1.5.5\flandmark-1.07-1.5.5-linux-x86.jar;C:\Users\woelflenico\.m2\repository\org\bytedeco\flandmark\1.07-1.5.5\flandmark-1.07-1.5.5-linux-x86_64.jar;C:\Users\woelflenico\.m2\repository\org\bytedeco\flandmark\1.07-1.5.5\flandmark-1.07-1.5.5-linux-armhf.jar;C:\Users\woelflenico\.m2\repository\org\bytedeco\flandmark\1.07-1.5.5\flandmark-1.07-1.5.5-linux-arm64.jar;C:\Users\woelflenico\.m2\repository\org\bytedeco\flandmark\1.07-1.5.5\flandmark-1.07-1.5.5-linux-ppc64le.jar;C:\Users\woelflenico\.m2\repository\org\bytedeco\flandmark\1.07-1.5.5\flandmark-1.07-1.5.5-macosx-x86_64.jar;C:\Users\woelflenico\.m2\repository\org\bytedeco\flandmark\1.07-1.5.5\flandmark-1.07-1.5.5-windows-x86.jar;C:\Users\woelflenico\.m2\repository\org\bytedeco\flandmark\1.07-1.5.5\flandmark-1.07-1.5.5-windows-x86_64.jar;C:\Users\woelflenico\.m2\repository\org\bytedeco\leptonica-platform\1.80.0-1.5.5\leptonica-platform-1.80.0-1.5.5.jar;C:\Users\woelflenico\.m2\repository\org\bytedeco\leptonica\1.80.0-1.5.5\leptonica-1.80.0-1.5.5-android-arm.jar;C:\Users\woelflenico\.m2\repository\org\bytedeco\leptonica\1.80.0-1.5.5\leptonica-1.80.0-1.5.5-android-arm64.jar;C:\Users\woelflenico\.m2\repository\org\bytedeco\leptonica\1.80.0-1.5.5\leptonica-1.80.0-1.5.5-android-x86.jar;C:\Users\woelflenico\.m2\repository\org\bytedeco\leptonica\1.80.0-1.5.5\leptonica-1.80.0-1.5.5-android-x86_64.jar;C:\Users\woelflenico\.m2\repository\org\bytedeco\leptonica\1.80.0-1.5.5\leptonica-1.80.0-1.5.5-linux-x86.jar;C:\Users\woelflenico\.m2\repository\org\bytedeco\leptonica\1.80.0-1.5.5\leptonica-1.80.0-1.5.5-linux-x86_64.jar;C:\Users\woelflenico\.m2\repository\org\bytedeco\leptonica\1.80.0-1.5.5\leptonica-1.80.0-1.5.5-linux-armhf.jar;C:\Users\woelflenico\.m2\repository\org\bytedeco\leptonica\1.80.0-1.5.5\leptonica-1.80.0-1.5.5-linux-arm64.jar;C:\Users\woelflenico\.m2\repository\org\bytedeco\leptonica\1.80.0-1.5.5\leptonica-1.80.0-1.5.5-linux-ppc64le.jar;C:\Users\woelflenico\.m2\repository\org\bytedeco\leptonica\1.80.0-1.5.5\leptonica-1.80.0-1.5.5-macosx-x86_64.jar;C:\Users\woelflenico\.m2\repository\org\bytedeco\leptonica\1.80.0-1.5.5\leptonica-1.80.0-1.5.5-windows-x86.jar;C:\Users\woelflenico\.m2\repository\org\bytedeco\leptonica\1.80.0-1.5.5\leptonica-1.80.0-1.5.5-windows-x86_64.jar;C:\Users\woelflenico\.m2\repository\org\bytedeco\tesseract-platform\4.1.1-1.5.5\tesseract-platform-4.1.1-1.5.5.jar;C:\Users\woelflenico\.m2\repository\org\bytedeco\tesseract\4.1.1-1.5.5\tesseract-4.1.1-1.5.5-android-arm.jar;C:\Users\woelflenico\.m2\repository\org\bytedeco\tesseract\4.1.1-1.5.5\tesseract-4.1.1-1.5.5-android-arm64.jar;C:\Users\woelflenico\.m2\repository\org\bytedeco\tesseract\4.1.1-1.5.5\tesseract-4.1.1-1.5.5-android-x86.jar;C:\Users\woelflenico\.m2\repository\org\bytedeco\tesseract\4.1.1-1.5.5\tesseract-4.1.1-1.5.5-android-x86_64.jar;C:\Users\woelflenico\.m2\repository\org\bytedeco\tesseract\4.1.1-1.5.5\tesseract-4.1.1-1.5.5-linux-x86.jar;C:\Users\woelflenico\.m2\repository\org\bytedeco\tesseract\4.1.1-1.5.5\tesseract-4.1.1-1.5.5-linux-x86_64.jar;C:\Users\woelflenico\.m2\repository\org\bytedeco\tesseract\4.1.1-1.5.5\tesseract-4.1.1-1.5.5-linux-armhf.jar;C:\Users\woelflenico\.m2\repository\org\bytedeco\tesseract\4.1.1-1.5.5\tesseract-4.1.1-1.5.5-linux-arm64.jar;C:\Users\woelflenico\.m2\repository\org\bytedeco\tesseract\4.1.1-1.5.5\tesseract-4.1.1-1.5.5-linux-ppc64le.jar;C:\Users\woelflenico\.m2\repository\org\bytedeco\tesseract\4.1.1-1.5.5\tesseract-4.1.1-1.5.5-macosx-x86_64.jar;C:\Users\woelflenico\.m2\repository\org\bytedeco\tesseract\4.1.1-1.5.5\tesseract-4.1.1-1.5.5-windows-x86.jar;C:\Users\woelflenico\.m2\repository\org\bytedeco\tesseract\4.1.1-1.5.5\tesseract-4.1.1-1.5.5-windows-x86_64.jar;C:\Users\woelflenico\.m2\repository\dev\onvoid\webrtc\webrtc-java\0.8.0\webrtc-java-0.8.0.jar;C:\Users\woelflenico\.m2\repository\dev\onvoid\webrtc\webrtc-java\0.8.0\webrtc-java-0.8.0-windows-x86_64.jar;C:\Users\woelflenico\.m2\repository\io\github\givimad\whisper-jni\1.5.4-0\whisper-jni-1.5.4-0.jar;C:\Users\woelflenico\.m2\repository\com\github\sarxos\webcam-capture\0.3.12\webcam-capture-0.3.12.jar;C:\Users\woelflenico\.m2\repository\com\nativelibs4java\bridj\0.7.0\bridj-0.7.0.jar;C:\Users\woelflenico\.m2\repository\org\json\json\20240303\json-20240303.jar;C:\Users\woelflenico\.m2\repository\org\java-websocket\Java-WebSocket\1.5.6\Java-WebSocket-1.5.6.jar;C:\Users\woelflenico\.m2\repository\com\google\code\gson\gson\2.10.1\gson-2.10.1.jar;C:\Users\woelflenico\.m2\repository\com\fasterxml\jackson\core\jackson-databind\2.13.3\jackson-databind-2.13.3.jar;C:\Users\woelflenico\.m2\repository\com\fasterxml\jackson\core\jackson-annotations\2.13.3\jackson-annotations-2.13.3.jar;C:\Users\woelflenico\.m2\repository\com\fasterxml\jackson\core\jackson-core\2.13.3\jackson-core-2.13.3.jar;C:\Users\woelflenico\.m2\repository\org\slf4j\slf4j-api\2.0.13\slf4j-api-2.0.13.jar
Launcher Type: SUN_STANDARD

[Global flags]
     intx CICompilerCount                          = 3                                         {product} {ergonomic}
     uint ConcGCThreads                            = 2                                         {product} {ergonomic}
     uint G1ConcRefinementThreads                  = 6                                         {product} {ergonomic}
   size_t G1HeapRegionSize                         = 2097152                                   {product} {ergonomic}
   size_t InitialHeapSize                          = 266338304                                 {product} {ergonomic}
   size_t MarkStackSize                            = 4194304                                   {product} {ergonomic}
   size_t MaxHeapSize                              = 4229955584                                {product} {ergonomic}
   size_t MaxNewSize                               = 2537553920                                {product} {ergonomic}
   size_t MinHeapDeltaBytes                        = 2097152                                   {product} {ergonomic}
   size_t MinHeapSize                              = 8388608                                   {product} {ergonomic}
    uintx NonNMethodCodeHeapSize                   = 5832780                                {pd product} {ergonomic}
    uintx NonProfiledCodeHeapSize                  = 122912730                              {pd product} {ergonomic}
    uintx ProfiledCodeHeapSize                     = 122912730                              {pd product} {ergonomic}
    uintx ReservedCodeCacheSize                    = 251658240                              {pd product} {ergonomic}
     bool SegmentedCodeCache                       = true                                      {product} {ergonomic}
   size_t SoftMaxHeapSize                          = 4229955584                             {manageable} {ergonomic}
     bool UseCompressedOops                        = true                           {product lp64_product} {ergonomic}
     bool UseG1GC                                  = true                                      {product} {ergonomic}
     bool UseLargePagesIndividualAllocation        = false                                  {pd product} {ergonomic}

Logging:
Log output configuration:
 #0: stdout all=warning uptime,level,tags foldmultilines=false
 #1: stderr all=off uptime,level,tags foldmultilines=false

Environment Variables:
JAVA_HOME=C:\Program Files\Java\jdk-17.0.2
PATH=C:\Program Files\Common Files\Oracle\Java\javapath;C:\Program Files (x86)\Common Files\Oracle\Java\javapath;C:\Windows\system32;C:\Windows;C:\Windows\System32\Wbem;C:\Windows\System32\WindowsPowerShell\v1.0\;C:\Windows\System32\OpenSSH\;C:\Program Files\PuTTY\;C:\Program Files\Microsoft VS Code\bin;C:\Program Files\dotnet\;C:\Program Files\Microsoft SQL Server\Client SDK\ODBC\170\Tools\Binn\;C:\Program Files\Microsoft SQL Server\150\Tools\Binn\;C:\Program Files\Java\jdk-17.0.2\bin;C:\Program Files\Git\cmd;C:\Users\woelflenico\AppData\Local\Microsoft\WindowsApps
USERNAME=WoelfleNico
OS=Windows_NT
PROCESSOR_IDENTIFIER=Intel64 Family 6 Model 158 Stepping 10, GenuineIntel
TMP=C:\Users\WOELFL~1\AppData\Local\Temp
TEMP=C:\Users\WOELFL~1\AppData\Local\Temp




Periodic native trim disabled

---------------  S Y S T E M  ---------------

OS:
 Windows 10 , 64 bit Build 19041 (10.0.19041.3636)
OS uptime: 0 days 1:54 hours
Hyper-V role detected

CPU: total 6 (initial active 6) (6 cores per cpu, 1 threads per core) family 6 model 158 stepping 10 microcode 0xb4, cx8, cmov, fxsr, mmx, 3dnowpref, sse, sse2, sse3, ssse3, sse4.1, sse4.2, popcnt, lzcnt, tsc, tscinvbit, avx, avx2, aes, erms, clmul, bmi1, bmi2, rtm, adx, fma, vzeroupper, clflush, clflushopt, hv, rdtscp, f16c
Processor Information for all 6 processors :
  Max Mhz: 3000, Current Mhz: 3000, Mhz Limit: 3000

Memory: 4k page, system-wide physical 16129M (7029M free)
TotalPageFile size 18561M (AvailPageFile size 6481M)
current process WorkingSet (physical memory assigned to process): 137M, peak: 137M
current process commit charge ("private bytes"): 382M, peak: 388M

vm_info: OpenJDK 64-Bit Server VM (22.0.1+8-16) for windows-amd64 JRE (22.0.1+8-16), built on 2024-03-12T10:33:16Z by "mach5one" with MS VC++ 17.6 (VS2022)

END.
