#
# A fatal error has been detected by the Java Runtime Environment:
#
#  EXCEPTION_ACCESS_VIOLATION (0xc0000005) at pc=0x00007ffa3f516374, pid=17276, tid=27168
#
# JRE version: Java(TM) SE Runtime Environment (21.0.1+12) (build 21.0.1+12-LTS-29)
# Java VM: Java HotSpot(TM) 64-Bit Server VM (21.0.1+12-LTS-29, mixed mode, sharing, tiered, compressed oops, compressed class ptrs, g1 gc, windows-amd64)
# Problematic frame:
# V  [jvm.dll+0x366374]
#
# No core dump will be written. Minidumps are not enabled by default on client versions of Windows
#
# If you would like to submit a bug report, please visit:
#   https://bugreport.java.com/bugreport/crash.jsp
#

---------------  S U M M A R Y ------------

Command Line: -javaagent:C:\Users\Nico\AppData\Local\Programs\IntelliJ IDEA Community Edition\lib\idea_rt.jar=56424:C:\Users\Nico\AppData\Local\Programs\IntelliJ IDEA Community Edition\bin -Dfile.encoding=UTF-8 -Dsun.stdout.encoding=UTF-8 -Dsun.stderr.encoding=UTF-8 org.example.App 3

Host: AMD Ryzen 5 1600X Six-Core Processor           , 12 cores, 31G,  Windows 10 , 64 bit Build 19041 (10.0.19041.3636)
Time: Thu May  9 13:25:59 2024 Mitteleuropäische Sommerzeit elapsed time: 61.628864 seconds (0d 0h 1m 1s)

---------------  T H R E A D  ---------------

Current thread (0x000002a67a516c40):  WorkerThread "GC Thread#5"    [id=27168, stack(0x000000d874b00000,0x000000d874c00000) (1024K)]

Stack: [0x000000d874b00000,0x000000d874c00000],  sp=0x000000d874bff4e0,  free space=1021k
Native frames: (J=compiled Java code, j=interpreted, Vv=VM code, C=native code)
V  [jvm.dll+0x366374]
V  [jvm.dll+0x366b55]
V  [jvm.dll+0x366835]
V  [jvm.dll+0x36dff4]
V  [jvm.dll+0x36e16b]
V  [jvm.dll+0x881f77]
V  [jvm.dll+0x7fd728]
V  [jvm.dll+0x6c777d]
C  [ucrtbase.dll+0x21bb2]
C  [KERNEL32.DLL+0x17344]
C  [ntdll.dll+0x526b1]


siginfo: EXCEPTION_ACCESS_VIOLATION (0xc0000005), reading address 0x0000000000003190


Registers:
RAX=0x0000000000000000, RBX=0x000002a67a537a00, RCX=0x0000000000000016, RDX=0x0000000000000000
RSP=0x000000d874bff4e0, RBP=0x0000000000000001, RSI=0xfffe000000000000, RDI=0x000002a67a3f25f8
R8 =0x0000000000000000, R9 =0x000002a64f82d0d0, R10=0x0000000000003190, R11=0x00007ffa70cb15b5
R12=0x000002a67a3f25f0, R13=0x000000d8726fef98, R14=0x000002a67a537880, R15=0x0000000000000020
RIP=0x00007ffa3f516374, EFLAGS=0x0000000000010246


Register to memory mapping:

RAX=0x0 is null
RBX=0x000002a67a537a00 points into unknown readable memory: 0x0000000000003190 | 90 31 00 00 00 00 00 00
RCX=0x0000000000000016 is an unknown value
RDX=0x0 is null
RSP=0x000000d874bff4e0 points into unknown readable memory: 0x0000000024b90000 | 00 00 b9 24 00 00 00 00
RBP=0x0000000000000001 is an unknown value
RSI=0xfffe000000000000 is an unknown value
RDI=0x000002a67a3f25f8 points into unknown readable memory: 0x00007ffa3fb880e0 | e0 80 b8 3f fa 7f 00 00
R8 =0x0 is null
R9 =0x000002a64f82d0d0 points into unknown readable memory: 0x00007ffa3fb7f0b0 | b0 f0 b7 3f fa 7f 00 00
R10=0x0000000000003190 is an unknown value
R11=0x00007ffa70cb15b5 VCRUNTIME140.dll
R12=0x000002a67a3f25f0 points into unknown readable memory: 0x00007ffa3fb88128 | 28 81 b8 3f fa 7f 00 00
R13=0x000000d8726fef98 points into unknown readable memory: 0x000002a64f833d50 | 50 3d 83 4f a6 02 00 00
R14=0x000002a67a537880 points into unknown readable memory: 0x000000061f008430 | 30 84 00 1f 06 00 00 00
R15=0x0000000000000020 is an unknown value

Top of Stack: (sp=0x000000d874bff4e0)
0x000000d874bff4e0:   0000000024b90000 0000000000000001
0x000000d874bff4f0:   0000000000000000 0000000000000070
0x000000d874bff500:   0000000000000004 00007ffa3f516b55
0x000000d874bff510:   000002a67a3f25f8 0000000000000005
0x000000d874bff520:   000002a67a6392a8 00007ffa3fb837d0
0x000000d874bff530:   0000000000000000 000000d874bff5b0
0x000000d874bff540:   0000000000000005 000002a67a0c1d70
0x000000d874bff550:   000000d8726fee90 0000000000000000
0x000000d874bff560:   00007ffa3fb836e0 0000000024b9e75d
0x000000d874bff570:   0000000000000000 00007ffa0000000b
0x000000d874bff580:   000002a67a0c1d70 0000000000000005
0x000000d874bff590:   0000000000000000 0000000000000000
0x000000d874bff5a0:   000002a64f000000 0000000000000000
0x000000d874bff5b0:   00007ffa3fb836e0 0000000024b9dd00
0x000000d874bff5c0:   0000000000000001 0000000000000002
0x000000d874bff5d0:   0000000000000000 00000e3fa207ef59
0x000000d874bff5e0:   0000000000000000 000002a67a124f50
0x000000d874bff5f0:   000002a67a124f60 00000000000003d8
0x000000d874bff600:   000002a67a125338 000000d8726fee90
0x000000d874bff610:   0000000000000005 000002a67a0c1d70
0x000000d874bff620:   000002a67a3f25f0 00007ffa3f516835
0x000000d874bff630:   000002a67a3f25f0 000002a67a0c1d70
0x000000d874bff640:   0000000000000005 000000d8726fee90
0x000000d874bff650:   0000000000000005 0000000000000008
0x000000d874bff660:   0000000000000005 00007ffa3f260000
0x000000d874bff670:   0000000000000000 00007ffa3f86b0c1
0x000000d874bff680:   0000000000000008 00000000000000f8
0x000000d874bff690:   0000000000000001 00007ffa3f26c07e
0x000000d874bff6a0:   0000000000000005 00007ffa3f26ea46
0x000000d874bff6b0:   0000000000000000 0000000000000008
0x000000d874bff6c0:   00007ffa3fb836f0 0000000024b9dde5
0x000000d874bff6d0:   0000000000000000 0000000000000003 

Instructions: (pc=0x00007ffa3f516374)
0x00007ffa3f516274:   84 c0 78 3a 4c 8b 07 41 0f b6 c0 24 03 3c 03 75
0x00007ffa3f516284:   06 49 83 e0 fc eb 12 48 8b 4b 10 4d 8b c8 4c 8b
0x00007ffa3f516294:   c7 e8 96 15 ff ff 4c 8b c0 4c 2b 05 bc 3c 85 00
0x00007ffa3f5162a4:   8b 0d be 3c 85 00 49 d3 e8 44 89 06 eb 5a 3c fd
0x00007ffa3f5162b4:   75 37 41 8b 88 18 02 00 00 48 8b d7 49 8b 80 10
0x00007ffa3f5162c4:   02 00 00 48 d3 e0 8b 0d 10 cb 8b 00 48 2b d0 49
0x00007ffa3f5162d4:   8b 80 90 05 00 00 48 d3 ea 8b ca 80 7c 48 01 fd
0x00007ffa3f5162e4:   75 17 c6 44 48 01 ff eb 10 3c fc 75 0c 48 8b 4b
0x00007ffa3f5162f4:   10 48 8b d6 e8 e3 f2 ff ff 8b 53 18 4c 8b c7 48
0x00007ffa3f516304:   8b 4b 28 e8 d4 4b fb ff 48 8b 4b 10 e8 8b ee fe
0x00007ffa3f516314:   ff 48 8b 7c 24 30 48 8b 5c 24 38 48 83 c4 20 5e
0x00007ffa3f516324:   c3 cc cc cc cc cc cc cc cc cc cc cc 48 89 5c 24
0x00007ffa3f516334:   08 57 48 83 ec 20 4c 8b 12 48 8b da 48 8b f9 4d
0x00007ffa3f516344:   85 d2 0f 84 a6 00 00 00 4c 8b 49 08 4d 8b c2 49
0x00007ffa3f516354:   8b 81 a0 05 00 00 41 8b 89 b0 05 00 00 49 d3 e8
0x00007ffa3f516364:   42 0f b7 14 40 0f b7 c2 66 c1 e8 08 84 c0 78 2c
0x00007ffa3f516374:   49 8b 0a 0f b6 c1 24 03 3c 03 75 09 48 83 e1 fc
0x00007ffa3f516384:   48 89 0b eb 60 4c 8b c9 4d 8b c2 48 8b 4f 10 e8
0x00007ffa3f516394:   98 14 ff ff 48 8b c8 48 89 03 eb 49 3c fd 75 35
0x00007ffa3f5163a4:   41 8b 89 18 02 00 00 49 8b 81 10 02 00 00 48 d3
0x00007ffa3f5163b4:   e0 8b 0d 25 ca 8b 00 4c 2b d0 49 8b 81 90 05 00
0x00007ffa3f5163c4:   00 49 d3 ea 41 8b ca 80 7c 48 01 fd 75 17 c6 44
0x00007ffa3f5163d4:   48 01 ff eb 10 3c fc 75 0c 48 8b 4f 10 48 8b d3
0x00007ffa3f5163e4:   e8 97 f1 ff ff 48 8b 4f 10 e8 ae ed fe ff 48 8b
0x00007ffa3f5163f4:   5c 24 30 48 83 c4 20 5f c3 cc cc cc 48 89 5c 24
0x00007ffa3f516404:   08 57 48 83 ec 20 8b 02 48 8b fa 48 8b d9 85 c0
0x00007ffa3f516414:   0f 84 c7 00 00 00 8b 0d 48 3b 85 00 44 8b d0 4c
0x00007ffa3f516424:   8b 4b 08 49 d3 e2 4c 03 15 2f 3b 85 00 4d 8b c2
0x00007ffa3f516434:   49 8b 81 a0 05 00 00 41 8b 89 b0 05 00 00 49 d3
0x00007ffa3f516444:   e8 42 0f b7 14 40 0f b7 c2 66 c1 e8 08 84 c0 78
0x00007ffa3f516454:   3a 4d 8b 02 41 0f b6 c0 24 03 3c 03 75 06 49 83
0x00007ffa3f516464:   e0 fc eb 12 48 8b 4b 10 4d 8b c8 4d 8b c2 e8 b9 


Stack slot to memory mapping:

stack at sp + 0 slots: 0x0000000024b90000 is an unknown value
stack at sp + 1 slots: 0x0000000000000001 is an unknown value
stack at sp + 2 slots: 0x0 is null
stack at sp + 3 slots: 0x0000000000000070 is an unknown value
stack at sp + 4 slots: 0x0000000000000004 is an unknown value
stack at sp + 5 slots: 0x00007ffa3f516b55 jvm.dll
stack at sp + 6 slots: 0x000002a67a3f25f8 points into unknown readable memory: 0x00007ffa3fb880e0 | e0 80 b8 3f fa 7f 00 00
stack at sp + 7 slots: 0x0000000000000005 is an unknown value


---------------  P R O C E S S  ---------------

Threads class SMR info:
_java_thread_list=0x000002a67a76ec60, length=18, elements={
0x000002a64f6436f0, 0x000002a67599de50, 0x000002a67a000080, 0x000002a67a000a70,
0x000002a67a0035e0, 0x000002a67a004040, 0x000002a67a004aa0, 0x000002a67a012d50,
0x000002a67a015800, 0x000002a67a11d410, 0x000002a67a2c6ec0, 0x000002a67a2c7940,
0x000002a67a43f900, 0x000002a67a459aa0, 0x000002a67a4e2e10, 0x000002a67a550670,
0x000002a67a5ad3d0, 0x000002a67a5ae0f0
}

Java Threads: ( => current thread )
  0x000002a64f6436f0 JavaThread "main"                              [_thread_in_native, id=6040, stack(0x000000d871f00000,0x000000d872000000) (1024K)]
  0x000002a67599de50 JavaThread "Reference Handler"          daemon [_thread_blocked, id=2436, stack(0x000000d872700000,0x000000d872800000) (1024K)]
  0x000002a67a000080 JavaThread "Finalizer"                  daemon [_thread_blocked, id=25000, stack(0x000000d872800000,0x000000d872900000) (1024K)]
  0x000002a67a000a70 JavaThread "Signal Dispatcher"          daemon [_thread_blocked, id=9292, stack(0x000000d872900000,0x000000d872a00000) (1024K)]
  0x000002a67a0035e0 JavaThread "Attach Listener"            daemon [_thread_blocked, id=5700, stack(0x000000d872a00000,0x000000d872b00000) (1024K)]
  0x000002a67a004040 JavaThread "Service Thread"             daemon [_thread_blocked, id=16232, stack(0x000000d872b00000,0x000000d872c00000) (1024K)]
  0x000002a67a004aa0 JavaThread "Monitor Deflation Thread"   daemon [_thread_blocked, id=24140, stack(0x000000d872c00000,0x000000d872d00000) (1024K)]
  0x000002a67a012d50 JavaThread "C2 CompilerThread0"         daemon [_thread_blocked, id=19804, stack(0x000000d872d00000,0x000000d872e00000) (1024K)]
  0x000002a67a015800 JavaThread "C1 CompilerThread0"         daemon [_thread_blocked, id=12648, stack(0x000000d872e00000,0x000000d872f00000) (1024K)]
  0x000002a67a11d410 JavaThread "Common-Cleaner"             daemon [_thread_blocked, id=22680, stack(0x000000d872f00000,0x000000d873000000) (1024K)]
  0x000002a67a2c6ec0 JavaThread "Monitor Ctrl-Break"         daemon [_thread_in_native, id=10264, stack(0x000000d873000000,0x000000d873100000) (1024K)]
  0x000002a67a2c7940 JavaThread "Notification Thread"        daemon [_thread_blocked, id=4992, stack(0x000000d873100000,0x000000d873200000) (1024K)]
  0x000002a67a43f900 JavaThread "WebSocketConnectReadThread-22"        [_thread_in_native, id=1480, stack(0x000000d873200000,0x000000d873300000) (1024K)]
  0x000002a67a459aa0 JavaThread "WebSocketWriteThread-23"           [_thread_blocked, id=26544, stack(0x000000d873500000,0x000000d873600000) (1024K)]
  0x000002a67a4e2e10 JavaThread "connectionLostChecker-1"           [_thread_blocked, id=22316, stack(0x000000d873600000,0x000000d873700000) (1024K)]
  0x000002a67a550670 JavaThread "Java Sound Event Dispatcher" daemon [_thread_blocked, id=9476, stack(0x000000d873700000,0x000000d873800000) (1024K)]
  0x000002a67a5ad3d0 JavaThread "Thread-2"                          [_thread_in_native, id=16536, stack(0x000000d873c00000,0x000000d873d00000) (1024K)]
  0x000002a67a5ae0f0 JavaThread "Thread-3"                          [_thread_blocked, id=12128, stack(0x000000d874500000,0x000000d874600000) (1024K)]
Total: 18

Other Threads:
  0x000002a67597ae80 VMThread "VM Thread"                           [id=28592, stack(0x000000d872600000,0x000000d872700000) (1024K)]
  0x000002a6759603e0 WatcherThread "VM Periodic Task Thread"        [id=13340, stack(0x000000d872500000,0x000000d872600000) (1024K)]
  0x000002a64f8c46d0 WorkerThread "GC Thread#0"                     [id=17676, stack(0x000000d872000000,0x000000d872100000) (1024K)]
  0x000002a67a517380 WorkerThread "GC Thread#1"                     [id=14772, stack(0x000000d871c00000,0x000000d871d00000) (1024K)]
  0x000002a67a518200 WorkerThread "GC Thread#2"                     [id=11912, stack(0x000000d871d00000,0x000000d871e00000) (1024K)]
  0x000002a67a5168a0 WorkerThread "GC Thread#3"                     [id=20936, stack(0x000000d871e00000,0x000000d871f00000) (1024K)]
  0x000002a67a517e60 WorkerThread "GC Thread#4"                     [id=21944, stack(0x000000d874a00000,0x000000d874b00000) (1024K)]
=>0x000002a67a516c40 WorkerThread "GC Thread#5"                     [id=27168, stack(0x000000d874b00000,0x000000d874c00000) (1024K)]
  0x000002a67a517720 WorkerThread "GC Thread#6"                     [id=26556, stack(0x000000d874c00000,0x000000d874d00000) (1024K)]
  0x000002a67a516fe0 WorkerThread "GC Thread#7"                     [id=12460, stack(0x000000d874d00000,0x000000d874e00000) (1024K)]
  0x000002a67a517ac0 WorkerThread "GC Thread#8"                     [id=8960, stack(0x000000d874e00000,0x000000d874f00000) (1024K)]
  0x000002a67a3c5150 WorkerThread "GC Thread#9"                     [id=7060, stack(0x000000d874f00000,0x000000d875000000) (1024K)]
  0x000002a64f8d57f0 ConcurrentGCThread "G1 Main Marker"            [id=20348, stack(0x000000d872100000,0x000000d872200000) (1024K)]
  0x000002a64f8d6a90 WorkerThread "G1 Conc#0"                       [id=3628, stack(0x000000d872200000,0x000000d872300000) (1024K)]
  0x000002a675821ca0 ConcurrentGCThread "G1 Refine#0"               [id=9212, stack(0x000000d872300000,0x000000d872400000) (1024K)]
  0x000002a675822810 ConcurrentGCThread "G1 Service"                [id=10044, stack(0x000000d872400000,0x000000d872500000) (1024K)]
Total: 16

Threads with active compile tasks:
Total: 0

VM state: at safepoint (normal execution)

VM Mutex/Monitor currently owned by a thread:  ([mutex/lock_event])
[0x00007ffa3fdea5f8] Threads_lock - owner thread: 0x000002a67597ae80
[0x00007ffa3fdea6f8] Heap_lock - owner thread: 0x000002a67a5ae0f0

Heap address: 0x0000000600c00000, size: 8180 MB, Compressed Oops mode: Zero based, Oop shift amount: 3

CDS archive(s) mapped at: [0x000002a600000000-0x000002a600c90000-0x000002a600c90000), size 13172736, SharedBaseAddress: 0x000002a600000000, ArchiveRelocationMode: 1.
Compressed class space mapped at: 0x000002a601000000-0x000002a641000000, reserved size: 1073741824
Narrow klass base: 0x000002a600000000, Narrow klass shift: 0, Narrow klass range: 0x100000000

GC Precious Log:
 CardTable entry size: 512
 Card Set container configuration: InlinePtr #cards 4 size 8 Array Of Cards #cards 32 size 80 Howl #buckets 8 coarsen threshold 7372 Howl Bitmap #cards 1024 size 144 coarsen threshold 921 Card regions per heap region 1 cards per card region 8192
 CPUs: 12 total, 12 available
 Memory: 32704M
 Large Page Support: Disabled
 NUMA Support: Disabled
 Compressed Oops: Enabled (Zero based)
 Heap Region Size: 4M
 Heap Min Capacity: 8M
 Heap Initial Capacity: 512M
 Heap Max Capacity: 8180M
 Pre-touch: Disabled
 Parallel Workers: 10
 Concurrent Workers: 3
 Concurrent Refinement Workers: 10
 Periodic GC: Disabled

Heap:
 garbage-first heap   total 524288K, used 24576K [0x0000000600c00000, 0x0000000800000000)
  region size 4096K, 7 young (28672K), 1 survivors (4096K)
 Metaspace       used 4565K, committed 4672K, reserved 1114112K
  class space    used 496K, committed 576K, reserved 1048576K

Heap Regions: E=young(eden), S=young(survivor), O=old, HS=humongous(starts), HC=humongous(continues), CS=collection set, F=free, TAMS=top-at-mark-start, PB=parsable bottom
|   0|0x0000000600c00000, 0x0000000600c00000, 0x0000000601000000|  0%| F|  |TAMS 0x0000000600c00000| PB 0x0000000600c00000| Untracked 
|   1|0x0000000601000000, 0x0000000601000000, 0x0000000601400000|  0%| F|  |TAMS 0x0000000601000000| PB 0x0000000601000000| Untracked 
|   2|0x0000000601400000, 0x0000000601400000, 0x0000000601800000|  0%| F|  |TAMS 0x0000000601400000| PB 0x0000000601400000| Untracked 
|   3|0x0000000601800000, 0x0000000601800000, 0x0000000601c00000|  0%| F|  |TAMS 0x0000000601800000| PB 0x0000000601800000| Untracked 
|   4|0x0000000601c00000, 0x0000000601c00000, 0x0000000602000000|  0%| F|  |TAMS 0x0000000601c00000| PB 0x0000000601c00000| Untracked 
|   5|0x0000000602000000, 0x0000000602000000, 0x0000000602400000|  0%| F|  |TAMS 0x0000000602000000| PB 0x0000000602000000| Untracked 
|   6|0x0000000602400000, 0x0000000602400000, 0x0000000602800000|  0%| F|  |TAMS 0x0000000602400000| PB 0x0000000602400000| Untracked 
|   7|0x0000000602800000, 0x0000000602800000, 0x0000000602c00000|  0%| F|  |TAMS 0x0000000602800000| PB 0x0000000602800000| Untracked 
|   8|0x0000000602c00000, 0x0000000602c00000, 0x0000000603000000|  0%| F|  |TAMS 0x0000000602c00000| PB 0x0000000602c00000| Untracked 
|   9|0x0000000603000000, 0x0000000603000000, 0x0000000603400000|  0%| F|  |TAMS 0x0000000603000000| PB 0x0000000603000000| Untracked 
|  10|0x0000000603400000, 0x0000000603400000, 0x0000000603800000|  0%| F|  |TAMS 0x0000000603400000| PB 0x0000000603400000| Untracked 
|  11|0x0000000603800000, 0x0000000603800000, 0x0000000603c00000|  0%| F|  |TAMS 0x0000000603800000| PB 0x0000000603800000| Untracked 
|  12|0x0000000603c00000, 0x0000000603c00000, 0x0000000604000000|  0%| F|  |TAMS 0x0000000603c00000| PB 0x0000000603c00000| Untracked 
|  13|0x0000000604000000, 0x0000000604000000, 0x0000000604400000|  0%| F|  |TAMS 0x0000000604000000| PB 0x0000000604000000| Untracked 
|  14|0x0000000604400000, 0x0000000604400000, 0x0000000604800000|  0%| F|  |TAMS 0x0000000604400000| PB 0x0000000604400000| Untracked 
|  15|0x0000000604800000, 0x0000000604800000, 0x0000000604c00000|  0%| F|  |TAMS 0x0000000604800000| PB 0x0000000604800000| Untracked 
|  16|0x0000000604c00000, 0x0000000604c00000, 0x0000000605000000|  0%| F|  |TAMS 0x0000000604c00000| PB 0x0000000604c00000| Untracked 
|  17|0x0000000605000000, 0x0000000605000000, 0x0000000605400000|  0%| F|  |TAMS 0x0000000605000000| PB 0x0000000605000000| Untracked 
|  18|0x0000000605400000, 0x0000000605400000, 0x0000000605800000|  0%| F|  |TAMS 0x0000000605400000| PB 0x0000000605400000| Untracked 
|  19|0x0000000605800000, 0x0000000605800000, 0x0000000605c00000|  0%| F|  |TAMS 0x0000000605800000| PB 0x0000000605800000| Untracked 
|  20|0x0000000605c00000, 0x0000000605c00000, 0x0000000606000000|  0%| F|  |TAMS 0x0000000605c00000| PB 0x0000000605c00000| Untracked 
|  21|0x0000000606000000, 0x0000000606000000, 0x0000000606400000|  0%| F|  |TAMS 0x0000000606000000| PB 0x0000000606000000| Untracked 
|  22|0x0000000606400000, 0x0000000606400000, 0x0000000606800000|  0%| F|  |TAMS 0x0000000606400000| PB 0x0000000606400000| Untracked 
|  23|0x0000000606800000, 0x0000000606800000, 0x0000000606c00000|  0%| F|  |TAMS 0x0000000606800000| PB 0x0000000606800000| Untracked 
|  24|0x0000000606c00000, 0x0000000606c00000, 0x0000000607000000|  0%| F|  |TAMS 0x0000000606c00000| PB 0x0000000606c00000| Untracked 
|  25|0x0000000607000000, 0x0000000607000000, 0x0000000607400000|  0%| F|  |TAMS 0x0000000607000000| PB 0x0000000607000000| Untracked 
|  26|0x0000000607400000, 0x0000000607400000, 0x0000000607800000|  0%| F|  |TAMS 0x0000000607400000| PB 0x0000000607400000| Untracked 
|  27|0x0000000607800000, 0x0000000607800000, 0x0000000607c00000|  0%| F|  |TAMS 0x0000000607800000| PB 0x0000000607800000| Untracked 
|  28|0x0000000607c00000, 0x0000000607c00000, 0x0000000608000000|  0%| F|  |TAMS 0x0000000607c00000| PB 0x0000000607c00000| Untracked 
|  29|0x0000000608000000, 0x0000000608000000, 0x0000000608400000|  0%| F|  |TAMS 0x0000000608000000| PB 0x0000000608000000| Untracked 
|  30|0x0000000608400000, 0x0000000608400000, 0x0000000608800000|  0%| F|  |TAMS 0x0000000608400000| PB 0x0000000608400000| Untracked 
|  31|0x0000000608800000, 0x0000000608800000, 0x0000000608c00000|  0%| F|  |TAMS 0x0000000608800000| PB 0x0000000608800000| Untracked 
|  32|0x0000000608c00000, 0x0000000608c00000, 0x0000000609000000|  0%| F|  |TAMS 0x0000000608c00000| PB 0x0000000608c00000| Untracked 
|  33|0x0000000609000000, 0x0000000609000000, 0x0000000609400000|  0%| F|  |TAMS 0x0000000609000000| PB 0x0000000609000000| Untracked 
|  34|0x0000000609400000, 0x0000000609400000, 0x0000000609800000|  0%| F|  |TAMS 0x0000000609400000| PB 0x0000000609400000| Untracked 
|  35|0x0000000609800000, 0x0000000609800000, 0x0000000609c00000|  0%| F|  |TAMS 0x0000000609800000| PB 0x0000000609800000| Untracked 
|  36|0x0000000609c00000, 0x0000000609c00000, 0x000000060a000000|  0%| F|  |TAMS 0x0000000609c00000| PB 0x0000000609c00000| Untracked 
|  37|0x000000060a000000, 0x000000060a000000, 0x000000060a400000|  0%| F|  |TAMS 0x000000060a000000| PB 0x000000060a000000| Untracked 
|  38|0x000000060a400000, 0x000000060a400000, 0x000000060a800000|  0%| F|  |TAMS 0x000000060a400000| PB 0x000000060a400000| Untracked 
|  39|0x000000060a800000, 0x000000060a800000, 0x000000060ac00000|  0%| F|  |TAMS 0x000000060a800000| PB 0x000000060a800000| Untracked 
|  40|0x000000060ac00000, 0x000000060ac00000, 0x000000060b000000|  0%| F|  |TAMS 0x000000060ac00000| PB 0x000000060ac00000| Untracked 
|  41|0x000000060b000000, 0x000000060b000000, 0x000000060b400000|  0%| F|  |TAMS 0x000000060b000000| PB 0x000000060b000000| Untracked 
|  42|0x000000060b400000, 0x000000060b400000, 0x000000060b800000|  0%| F|  |TAMS 0x000000060b400000| PB 0x000000060b400000| Untracked 
|  43|0x000000060b800000, 0x000000060b800000, 0x000000060bc00000|  0%| F|  |TAMS 0x000000060b800000| PB 0x000000060b800000| Untracked 
|  44|0x000000060bc00000, 0x000000060bc00000, 0x000000060c000000|  0%| F|  |TAMS 0x000000060bc00000| PB 0x000000060bc00000| Untracked 
|  45|0x000000060c000000, 0x000000060c000000, 0x000000060c400000|  0%| F|  |TAMS 0x000000060c000000| PB 0x000000060c000000| Untracked 
|  46|0x000000060c400000, 0x000000060c400000, 0x000000060c800000|  0%| F|  |TAMS 0x000000060c400000| PB 0x000000060c400000| Untracked 
|  47|0x000000060c800000, 0x000000060c800000, 0x000000060cc00000|  0%| F|  |TAMS 0x000000060c800000| PB 0x000000060c800000| Untracked 
|  48|0x000000060cc00000, 0x000000060cc00000, 0x000000060d000000|  0%| F|  |TAMS 0x000000060cc00000| PB 0x000000060cc00000| Untracked 
|  49|0x000000060d000000, 0x000000060d000000, 0x000000060d400000|  0%| F|  |TAMS 0x000000060d000000| PB 0x000000060d000000| Untracked 
|  50|0x000000060d400000, 0x000000060d400000, 0x000000060d800000|  0%| F|  |TAMS 0x000000060d400000| PB 0x000000060d400000| Untracked 
|  51|0x000000060d800000, 0x000000060d800000, 0x000000060dc00000|  0%| F|  |TAMS 0x000000060d800000| PB 0x000000060d800000| Untracked 
|  52|0x000000060dc00000, 0x000000060dc00000, 0x000000060e000000|  0%| F|  |TAMS 0x000000060dc00000| PB 0x000000060dc00000| Untracked 
|  53|0x000000060e000000, 0x000000060e000000, 0x000000060e400000|  0%| F|  |TAMS 0x000000060e000000| PB 0x000000060e000000| Untracked 
|  54|0x000000060e400000, 0x000000060e400000, 0x000000060e800000|  0%| F|  |TAMS 0x000000060e400000| PB 0x000000060e400000| Untracked 
|  55|0x000000060e800000, 0x000000060e800000, 0x000000060ec00000|  0%| F|  |TAMS 0x000000060e800000| PB 0x000000060e800000| Untracked 
|  56|0x000000060ec00000, 0x000000060ec00000, 0x000000060f000000|  0%| F|  |TAMS 0x000000060ec00000| PB 0x000000060ec00000| Untracked 
|  57|0x000000060f000000, 0x000000060f000000, 0x000000060f400000|  0%| F|  |TAMS 0x000000060f000000| PB 0x000000060f000000| Untracked 
|  58|0x000000060f400000, 0x000000060f400000, 0x000000060f800000|  0%| F|  |TAMS 0x000000060f400000| PB 0x000000060f400000| Untracked 
|  59|0x000000060f800000, 0x000000060f800000, 0x000000060fc00000|  0%| F|  |TAMS 0x000000060f800000| PB 0x000000060f800000| Untracked 
|  60|0x000000060fc00000, 0x000000060fc00000, 0x0000000610000000|  0%| F|  |TAMS 0x000000060fc00000| PB 0x000000060fc00000| Untracked 
|  61|0x0000000610000000, 0x0000000610000000, 0x0000000610400000|  0%| F|  |TAMS 0x0000000610000000| PB 0x0000000610000000| Untracked 
|  62|0x0000000610400000, 0x0000000610400000, 0x0000000610800000|  0%| F|  |TAMS 0x0000000610400000| PB 0x0000000610400000| Untracked 
|  63|0x0000000610800000, 0x0000000610800000, 0x0000000610c00000|  0%| F|  |TAMS 0x0000000610800000| PB 0x0000000610800000| Untracked 
|  64|0x0000000610c00000, 0x0000000610c00000, 0x0000000611000000|  0%| F|  |TAMS 0x0000000610c00000| PB 0x0000000610c00000| Untracked 
|  65|0x0000000611000000, 0x0000000611000000, 0x0000000611400000|  0%| F|  |TAMS 0x0000000611000000| PB 0x0000000611000000| Untracked 
|  66|0x0000000611400000, 0x0000000611400000, 0x0000000611800000|  0%| F|  |TAMS 0x0000000611400000| PB 0x0000000611400000| Untracked 
|  67|0x0000000611800000, 0x0000000611800000, 0x0000000611c00000|  0%| F|  |TAMS 0x0000000611800000| PB 0x0000000611800000| Untracked 
|  68|0x0000000611c00000, 0x0000000611c00000, 0x0000000612000000|  0%| F|  |TAMS 0x0000000611c00000| PB 0x0000000611c00000| Untracked 
|  69|0x0000000612000000, 0x0000000612000000, 0x0000000612400000|  0%| F|  |TAMS 0x0000000612000000| PB 0x0000000612000000| Untracked 
|  70|0x0000000612400000, 0x0000000612400000, 0x0000000612800000|  0%| F|  |TAMS 0x0000000612400000| PB 0x0000000612400000| Untracked 
|  71|0x0000000612800000, 0x0000000612800000, 0x0000000612c00000|  0%| F|  |TAMS 0x0000000612800000| PB 0x0000000612800000| Untracked 
|  72|0x0000000612c00000, 0x0000000612c00000, 0x0000000613000000|  0%| F|  |TAMS 0x0000000612c00000| PB 0x0000000612c00000| Untracked 
|  73|0x0000000613000000, 0x0000000613000000, 0x0000000613400000|  0%| F|  |TAMS 0x0000000613000000| PB 0x0000000613000000| Untracked 
|  74|0x0000000613400000, 0x0000000613400000, 0x0000000613800000|  0%| F|  |TAMS 0x0000000613400000| PB 0x0000000613400000| Untracked 
|  75|0x0000000613800000, 0x0000000613800000, 0x0000000613c00000|  0%| F|  |TAMS 0x0000000613800000| PB 0x0000000613800000| Untracked 
|  76|0x0000000613c00000, 0x0000000613c00000, 0x0000000614000000|  0%| F|  |TAMS 0x0000000613c00000| PB 0x0000000613c00000| Untracked 
|  77|0x0000000614000000, 0x0000000614000000, 0x0000000614400000|  0%| F|  |TAMS 0x0000000614000000| PB 0x0000000614000000| Untracked 
|  78|0x0000000614400000, 0x0000000614400000, 0x0000000614800000|  0%| F|  |TAMS 0x0000000614400000| PB 0x0000000614400000| Untracked 
|  79|0x0000000614800000, 0x0000000614800000, 0x0000000614c00000|  0%| F|  |TAMS 0x0000000614800000| PB 0x0000000614800000| Untracked 
|  80|0x0000000614c00000, 0x0000000614c00000, 0x0000000615000000|  0%| F|  |TAMS 0x0000000614c00000| PB 0x0000000614c00000| Untracked 
|  81|0x0000000615000000, 0x0000000615000000, 0x0000000615400000|  0%| F|  |TAMS 0x0000000615000000| PB 0x0000000615000000| Untracked 
|  82|0x0000000615400000, 0x0000000615400000, 0x0000000615800000|  0%| F|  |TAMS 0x0000000615400000| PB 0x0000000615400000| Untracked 
|  83|0x0000000615800000, 0x0000000615800000, 0x0000000615c00000|  0%| F|  |TAMS 0x0000000615800000| PB 0x0000000615800000| Untracked 
|  84|0x0000000615c00000, 0x0000000615c00000, 0x0000000616000000|  0%| F|  |TAMS 0x0000000615c00000| PB 0x0000000615c00000| Untracked 
|  85|0x0000000616000000, 0x0000000616000000, 0x0000000616400000|  0%| F|  |TAMS 0x0000000616000000| PB 0x0000000616000000| Untracked 
|  86|0x0000000616400000, 0x0000000616400000, 0x0000000616800000|  0%| F|  |TAMS 0x0000000616400000| PB 0x0000000616400000| Untracked 
|  87|0x0000000616800000, 0x0000000616800000, 0x0000000616c00000|  0%| F|  |TAMS 0x0000000616800000| PB 0x0000000616800000| Untracked 
|  88|0x0000000616c00000, 0x0000000616c00000, 0x0000000617000000|  0%| F|  |TAMS 0x0000000616c00000| PB 0x0000000616c00000| Untracked 
|  89|0x0000000617000000, 0x0000000617000000, 0x0000000617400000|  0%| F|  |TAMS 0x0000000617000000| PB 0x0000000617000000| Untracked 
|  90|0x0000000617400000, 0x0000000617400000, 0x0000000617800000|  0%| F|  |TAMS 0x0000000617400000| PB 0x0000000617400000| Untracked 
|  91|0x0000000617800000, 0x0000000617800000, 0x0000000617c00000|  0%| F|  |TAMS 0x0000000617800000| PB 0x0000000617800000| Untracked 
|  92|0x0000000617c00000, 0x0000000617c00000, 0x0000000618000000|  0%| F|  |TAMS 0x0000000617c00000| PB 0x0000000617c00000| Untracked 
|  93|0x0000000618000000, 0x0000000618000000, 0x0000000618400000|  0%| F|  |TAMS 0x0000000618000000| PB 0x0000000618000000| Untracked 
|  94|0x0000000618400000, 0x0000000618400000, 0x0000000618800000|  0%| F|  |TAMS 0x0000000618400000| PB 0x0000000618400000| Untracked 
|  95|0x0000000618800000, 0x0000000618800000, 0x0000000618c00000|  0%| F|  |TAMS 0x0000000618800000| PB 0x0000000618800000| Untracked 
|  96|0x0000000618c00000, 0x0000000618c00000, 0x0000000619000000|  0%| F|  |TAMS 0x0000000618c00000| PB 0x0000000618c00000| Untracked 
|  97|0x0000000619000000, 0x0000000619000000, 0x0000000619400000|  0%| F|  |TAMS 0x0000000619000000| PB 0x0000000619000000| Untracked 
|  98|0x0000000619400000, 0x0000000619400000, 0x0000000619800000|  0%| F|  |TAMS 0x0000000619400000| PB 0x0000000619400000| Untracked 
|  99|0x0000000619800000, 0x0000000619800000, 0x0000000619c00000|  0%| F|  |TAMS 0x0000000619800000| PB 0x0000000619800000| Untracked 
| 100|0x0000000619c00000, 0x0000000619c00000, 0x000000061a000000|  0%| F|  |TAMS 0x0000000619c00000| PB 0x0000000619c00000| Untracked 
| 101|0x000000061a000000, 0x000000061a000000, 0x000000061a400000|  0%| F|  |TAMS 0x000000061a000000| PB 0x000000061a000000| Untracked 
| 102|0x000000061a400000, 0x000000061a400000, 0x000000061a800000|  0%| F|  |TAMS 0x000000061a400000| PB 0x000000061a400000| Untracked 
| 103|0x000000061a800000, 0x000000061a800000, 0x000000061ac00000|  0%| F|  |TAMS 0x000000061a800000| PB 0x000000061a800000| Untracked 
| 104|0x000000061ac00000, 0x000000061ac00000, 0x000000061b000000|  0%| F|  |TAMS 0x000000061ac00000| PB 0x000000061ac00000| Untracked 
| 105|0x000000061b000000, 0x000000061b000000, 0x000000061b400000|  0%| F|  |TAMS 0x000000061b000000| PB 0x000000061b000000| Untracked 
| 106|0x000000061b400000, 0x000000061b400000, 0x000000061b800000|  0%| F|  |TAMS 0x000000061b400000| PB 0x000000061b400000| Untracked 
| 107|0x000000061b800000, 0x000000061b800000, 0x000000061bc00000|  0%| F|  |TAMS 0x000000061b800000| PB 0x000000061b800000| Untracked 
| 108|0x000000061bc00000, 0x000000061bc00000, 0x000000061c000000|  0%| F|  |TAMS 0x000000061bc00000| PB 0x000000061bc00000| Untracked 
| 109|0x000000061c000000, 0x000000061c000000, 0x000000061c400000|  0%| F|  |TAMS 0x000000061c000000| PB 0x000000061c000000| Untracked 
| 110|0x000000061c400000, 0x000000061c400000, 0x000000061c800000|  0%| F|  |TAMS 0x000000061c400000| PB 0x000000061c400000| Untracked 
| 111|0x000000061c800000, 0x000000061c800000, 0x000000061cc00000|  0%| F|  |TAMS 0x000000061c800000| PB 0x000000061c800000| Untracked 
| 112|0x000000061cc00000, 0x000000061cc00000, 0x000000061d000000|  0%| F|  |TAMS 0x000000061cc00000| PB 0x000000061cc00000| Untracked 
| 113|0x000000061d000000, 0x000000061d000000, 0x000000061d400000|  0%| F|  |TAMS 0x000000061d000000| PB 0x000000061d000000| Untracked 
| 114|0x000000061d400000, 0x000000061d400000, 0x000000061d800000|  0%| F|  |TAMS 0x000000061d400000| PB 0x000000061d400000| Untracked 
| 115|0x000000061d800000, 0x000000061d800000, 0x000000061dc00000|  0%| F|  |TAMS 0x000000061d800000| PB 0x000000061d800000| Untracked 
| 116|0x000000061dc00000, 0x000000061dc00000, 0x000000061e000000|  0%| F|  |TAMS 0x000000061dc00000| PB 0x000000061dc00000| Untracked 
| 117|0x000000061e000000, 0x000000061e000000, 0x000000061e400000|  0%| F|  |TAMS 0x000000061e000000| PB 0x000000061e000000| Untracked 
| 118|0x000000061e400000, 0x000000061e400000, 0x000000061e800000|  0%| F|  |TAMS 0x000000061e400000| PB 0x000000061e400000| Untracked 
| 119|0x000000061e800000, 0x000000061e800000, 0x000000061ec00000|  0%| F|  |TAMS 0x000000061e800000| PB 0x000000061e800000| Untracked 
| 120|0x000000061ec00000, 0x000000061ec00000, 0x000000061f000000|  0%| F|  |TAMS 0x000000061ec00000| PB 0x000000061ec00000| Untracked 
| 121|0x000000061f000000, 0x000000061f2aea38, 0x000000061f400000| 67%| S|  |TAMS 0x000000061f000000| PB 0x000000061f000000| Complete 
| 122|0x000000061f400000, 0x000000061f800000, 0x000000061f800000|100%| E|CS|TAMS 0x000000061f400000| PB 0x000000061f400000| Complete 
| 123|0x000000061f800000, 0x000000061fc00000, 0x000000061fc00000|100%| E|CS|TAMS 0x000000061f800000| PB 0x000000061f800000| Complete 
| 124|0x000000061fc00000, 0x0000000620000000, 0x0000000620000000|100%| E|CS|TAMS 0x000000061fc00000| PB 0x000000061fc00000| Complete 
| 125|0x0000000620000000, 0x0000000620400000, 0x0000000620400000|100%| E|CS|TAMS 0x0000000620000000| PB 0x0000000620000000| Complete 
| 126|0x0000000620400000, 0x0000000620800000, 0x0000000620800000|100%| E|CS|TAMS 0x0000000620400000| PB 0x0000000620400000| Complete 
| 127|0x0000000620800000, 0x0000000620c00000, 0x0000000620c00000|100%| E|CS|TAMS 0x0000000620800000| PB 0x0000000620800000| Complete 

Card table byte_map: [0x000002a66a0e0000,0x000002a66b0e0000] _byte_map_base: 0x000002a6670da000

Marking Bits: (CMBitMap*) 0x000002a64f8c4dd0
 Bits: [0x000002a66b0e0000, 0x000002a6730b0000)

Polling page: 0x000002a64f8f0000

Metaspace:

Usage:
  Non-class:      3.97 MB used.
      Class:    496.60 KB used.
       Both:      4.46 MB used.

Virtual space:
  Non-class space:       64.00 MB reserved,       4.00 MB (  6%) committed,  1 nodes.
      Class space:        1.00 GB reserved,     576.00 KB ( <1%) committed,  1 nodes.
             Both:        1.06 GB reserved,       4.56 MB ( <1%) committed. 

Chunk freelists:
   Non-Class:  10.88 MB
       Class:  15.46 MB
        Both:  26.34 MB

MaxMetaspaceSize: unlimited
CompressedClassSpaceSize: 1.00 GB
Initial GC threshold: 21.00 MB
Current GC threshold: 21.00 MB
CDS: on
 - commit_granule_bytes: 65536.
 - commit_granule_words: 8192.
 - virtual_space_node_default_size: 8388608.
 - enlarge_chunks_in_place: 1.
 - use_allocation_guard: 0.


Internal statistics:

num_allocs_failed_limit: 0.
num_arena_births: 64.
num_arena_deaths: 0.
num_vsnodes_births: 2.
num_vsnodes_deaths: 0.
num_space_committed: 73.
num_space_uncommitted: 0.
num_chunks_returned_to_freelist: 0.
num_chunks_taken_from_freelist: 136.
num_chunk_merges: 0.
num_chunk_splits: 87.
num_chunks_enlarged: 65.
num_inconsistent_stats: 0.

CodeHeap 'non-profiled nmethods': size=120000Kb used=399Kb max_used=399Kb free=119600Kb
 bounds [0x000002a660f20000, 0x000002a661190000, 0x000002a668450000]
CodeHeap 'profiled nmethods': size=120000Kb used=1754Kb max_used=1754Kb free=118245Kb
 bounds [0x000002a659450000, 0x000002a6596c0000, 0x000002a660980000]
CodeHeap 'non-nmethods': size=5760Kb used=1374Kb max_used=1403Kb free=4385Kb
 bounds [0x000002a660980000, 0x000002a660bf0000, 0x000002a660f20000]
 total_blobs=1481 nmethods=1004 adapters=382
 compilation: enabled
              stopped_count=0, restarted_count=0
 full_count=0

Compilation events (20 events):
Event: 29.873 Thread 0x000002a67a012d50  994   !   4       com.sun.media.sound.DirectAudioDevice$DirectDL::write (322 bytes)
Event: 29.878 Thread 0x000002a67a012d50 nmethod 994 0x000002a660f75e90 code [0x000002a660f760a0, 0x000002a660f76bf8]
Event: 40.844 Thread 0x000002a67a012d50  995       4       java.nio.ByteBuffer::arrayOffset (35 bytes)
Event: 40.845 Thread 0x000002a67a012d50 nmethod 995 0x000002a660f77190 code [0x000002a660f77320, 0x000002a660f773e8]
Event: 41.014 Thread 0x000002a67a012d50  996       4       sun.nio.cs.UTF_8$Encoder::encodeLoop (28 bytes)
Event: 41.015 Thread 0x000002a67a015800  997   !   3       java.io.PrintStream::writeln (81 bytes)
Event: 41.015 Thread 0x000002a67a015800 nmethod 997 0x000002a659601610 code [0x000002a6596018c0, 0x000002a6596026d8]
Event: 41.018 Thread 0x000002a67a012d50 nmethod 996 0x000002a660f77490 code [0x000002a660f77660, 0x000002a660f77ae0]
Event: 41.334 Thread 0x000002a67a012d50  998   !   4       java.nio.charset.CharsetEncoder::encode (273 bytes)
Event: 41.339 Thread 0x000002a67a012d50 nmethod 998 0x000002a660f77e90 code [0x000002a660f78060, 0x000002a660f78680]
Event: 43.495 Thread 0x000002a67a012d50  999   !   4       sun.nio.cs.StreamEncoder::flushBuffer (63 bytes)
Event: 43.499 Thread 0x000002a67a012d50 nmethod 999 0x000002a660f78c90 code [0x000002a660f78e80, 0x000002a660f79378]
Event: 54.595 Thread 0x000002a67a012d50 1000   !   4       java.io.PrintStream::writeln (81 bytes)
Event: 54.659 Thread 0x000002a67a012d50 nmethod 1000 0x000002a660f79790 code [0x000002a660f79d40, 0x000002a660f7dbd0]
Event: 54.660 Thread 0x000002a67a012d50 1001   !   4       java.io.BufferedWriter::flushBuffer (63 bytes)
Event: 54.681 Thread 0x000002a67a012d50 nmethod 1001 0x000002a660f80b10 code [0x000002a660f80e00, 0x000002a660f82450]
Event: 60.289 Thread 0x000002a67a015800 1002       3       java.lang.invoke.VarHandleGuards::guard_LII_V (135 bytes)
Event: 60.291 Thread 0x000002a67a015800 nmethod 1002 0x000002a659602e10 code [0x000002a659603240, 0x000002a659605870]
Event: 60.291 Thread 0x000002a67a015800 1003       3       java.lang.invoke.VarHandleByteArrayAsInts$ArrayHandle::set (39 bytes)
Event: 60.291 Thread 0x000002a67a015800 nmethod 1003 0x000002a659606390 code [0x000002a659606560, 0x000002a659606990]

GC Heap History (1 events):
Event: 61.615 GC heap before
{Heap before GC invocations=0 (full 0):
 garbage-first heap   total 524288K, used 24576K [0x0000000600c00000, 0x0000000800000000)
  region size 4096K, 6 young (24576K), 0 survivors (0K)
 Metaspace       used 4565K, committed 4672K, reserved 1114112K
  class space    used 496K, committed 576K, reserved 1048576K
}

Dll operation events (13 events):
Event: 0.010 Loaded shared library C:\Program Files\Java\jdk-21\bin\java.dll
Event: 0.046 Loaded shared library C:\Program Files\Java\jdk-21\bin\jsvml.dll
Event: 0.095 Loaded shared library C:\Program Files\Java\jdk-21\bin\zip.dll
Event: 0.098 Loaded shared library C:\Program Files\Java\jdk-21\bin\instrument.dll
Event: 0.104 Loaded shared library C:\Program Files\Java\jdk-21\bin\net.dll
Event: 0.105 Loaded shared library C:\Program Files\Java\jdk-21\bin\nio.dll
Event: 0.109 Loaded shared library C:\Program Files\Java\jdk-21\bin\zip.dll
Event: 0.132 Loaded shared library C:\Users\Nico\AppData\Local\Programs\IntelliJ IDEA Community Edition\bin\breakgen64.dll
Event: 0.141 Loaded shared library C:\Program Files\Java\jdk-21\bin\extnet.dll
Event: 0.183 Loaded shared library C:\Program Files\Java\jdk-21\bin\jimage.dll
Event: 0.199 Loaded shared library C:\Program Files\Java\jdk-21\bin\verify.dll
Event: 0.250 Loaded shared library C:\Program Files\Java\jdk-21\bin\jsound.dll
Event: 0.698 Loaded shared library C:\Users\Nico\AppData\Local\Temp\webrtc-java4450322950525880186.dll

Deoptimization events (20 events):
Event: 0.165 Thread 0x000002a64f6436f0 DEOPT PACKING pc=0x000002a65947b919 sp=0x000000d871ff9970
Event: 0.165 Thread 0x000002a64f6436f0 DEOPT UNPACKING pc=0x000002a6609d4e42 sp=0x000000d871ff8d90 mode 0
Event: 0.171 Thread 0x000002a64f6436f0 DEOPT PACKING pc=0x000002a6594597e1 sp=0x000000d871ffc910
Event: 0.171 Thread 0x000002a64f6436f0 DEOPT UNPACKING pc=0x000002a6609d4e42 sp=0x000000d871ffbd78 mode 0
Event: 0.234 Thread 0x000002a64f6436f0 Uncommon trap: trap_request=0xffffff45 fr.pc=0x000002a660f2db70 relative=0x00000000000008b0
Event: 0.234 Thread 0x000002a64f6436f0 Uncommon trap: reason=unstable_if action=reinterpret pc=0x000002a660f2db70 method=java.util.HashMap.putVal(ILjava/lang/Object;Ljava/lang/Object;ZZ)Ljava/lang/Object; @ 181 c2
Event: 0.234 Thread 0x000002a64f6436f0 DEOPT PACKING pc=0x000002a660f2db70 sp=0x000000d871ffe6e0
Event: 0.234 Thread 0x000002a64f6436f0 DEOPT UNPACKING pc=0x000002a6609d46a2 sp=0x000000d871ffe690 mode 2
Event: 0.266 Thread 0x000002a67a43f900 DEOPT PACKING pc=0x000002a65951060a sp=0x000000d8732fdcb0
Event: 0.266 Thread 0x000002a67a43f900 DEOPT UNPACKING pc=0x000002a6609d4e42 sp=0x000000d8732fd0e8 mode 0
Event: 0.701 Thread 0x000002a67a43f900 DEOPT PACKING pc=0x000002a6594b1795 sp=0x000000d8732fd060
Event: 0.701 Thread 0x000002a67a43f900 DEOPT UNPACKING pc=0x000002a6609d4e42 sp=0x000000d8732fc4b0 mode 0
Event: 1.037 Thread 0x000002a67a43f900 DEOPT PACKING pc=0x000002a6594b1e4e sp=0x000000d8732fe6c0
Event: 1.037 Thread 0x000002a67a43f900 DEOPT UNPACKING pc=0x000002a6609d4e42 sp=0x000000d8732fdb38 mode 0
Event: 1.090 Thread 0x000002a67a0035e0 DEOPT PACKING pc=0x000002a6594c740e sp=0x000000d872afd6b0
Event: 1.090 Thread 0x000002a67a0035e0 DEOPT UNPACKING pc=0x000002a6609d4e42 sp=0x000000d872afcb20 mode 0
Event: 40.777 Thread 0x000002a67a5ad3d0 Uncommon trap: trap_request=0xffffff45 fr.pc=0x000002a660f6dba4 relative=0x0000000000002624
Event: 40.777 Thread 0x000002a67a5ad3d0 Uncommon trap: reason=unstable_if action=reinterpret pc=0x000002a660f6dba4 method=sun.nio.cs.StreamEncoder.growByteBufferIfNeeded(I)V @ 13 c2
Event: 40.777 Thread 0x000002a67a5ad3d0 DEOPT PACKING pc=0x000002a660f6dba4 sp=0x000000d873cfee00
Event: 40.777 Thread 0x000002a67a5ad3d0 DEOPT UNPACKING pc=0x000002a6609d46a2 sp=0x000000d873cfe9b8 mode 2

Classes loaded (20 events):
Event: 1.094 Loading class java/time/zone/Ser
Event: 1.094 Loading class java/io/Externalizable
Event: 1.094 Loading class java/io/Externalizable done
Event: 1.094 Loading class java/time/zone/Ser done
Event: 1.095 Loading class java/time/Month
Event: 1.095 Loading class java/time/Month done
Event: 1.095 Loading class java/time/DayOfWeek
Event: 1.095 Loading class java/time/DayOfWeek done
Event: 1.095 Loading class java/time/zone/ZoneOffsetTransitionRule$TimeDefinition
Event: 1.095 Loading class java/time/zone/ZoneOffsetTransitionRule$TimeDefinition done
Event: 1.096 Loading class java/time/zone/ZoneOffsetTransition
Event: 1.096 Loading class java/time/zone/ZoneOffsetTransition done
Event: 1.097 Loading class sun/util/cldr/CLDRBaseLocaleDataMetaInfo$TZCanonicalIDMapHolder
Event: 1.097 Loading class sun/util/cldr/CLDRBaseLocaleDataMetaInfo$TZCanonicalIDMapHolder done
Event: 1.098 Loading class sun/util/resources/TimeZoneNames
Event: 1.099 Loading class sun/util/resources/TimeZoneNames done
Event: 1.099 Loading class sun/util/resources/TimeZoneNames_en
Event: 1.099 Loading class sun/util/resources/TimeZoneNames_en done
Event: 14.344 Loading class java/lang/foreign/MemorySegment
Event: 14.344 Loading class java/lang/foreign/MemorySegment done

Classes unloaded (0 events):
No events

Classes redefined (0 events):
No events

Internal exceptions (13 events):
Event: 0.124 Thread 0x000002a64f6436f0 Exception <a 'java/lang/NoSuchMethodError'{0x0000000620b9d2c8}: 'void java.lang.invoke.DirectMethodHandle$Holder.invokeStatic(java.lang.Object, java.lang.Object, java.lang.Object)'> (0x0000000620b9d2c8) 
thrown [s\open\src\hotspot\share\interpreter\linkResolver.cpp, line 773]
Event: 0.128 Thread 0x000002a64f6436f0 Exception <a 'java/lang/NoSuchMethodError'{0x0000000620bb48c0}: 'java.lang.Object java.lang.invoke.Invokers$Holder.invokeExact_MT(java.lang.Object, java.lang.Object, java.lang.Object, java.lang.Object, java.lang.Object)'> (0x0000000620bb48c0) 
thrown [s\open\src\hotspot\share\interpreter\linkResolver.cpp, line 773]
Event: 0.142 Thread 0x000002a67a2c6ec0 Exception <a 'java/lang/NoSuchMethodError'{0x0000000620bfb478}: 'void java.lang.invoke.DirectMethodHandle$Holder.invokeStatic(java.lang.Object, java.lang.Object)'> (0x0000000620bfb478) 
thrown [s\open\src\hotspot\share\interpreter\linkResolver.cpp, line 773]
Event: 0.203 Thread 0x000002a64f6436f0 Exception <a 'java/lang/NoClassDefFoundError'{0x000000062065a750}: org/slf4j/impl/StaticLoggerBinder> (0x000000062065a750) 
thrown [s\open\src\hotspot\share\classfile\systemDictionary.cpp, line 301]
Event: 0.239 Thread 0x000002a64f6436f0 Exception <a 'java/lang/NoSuchMethodError'{0x00000006206b9698}: 'java.lang.Object java.lang.invoke.DirectMethodHandle$Holder.invokeStaticInit(java.lang.Object, int, int, int, int)'> (0x00000006206b9698) 
thrown [s\open\src\hotspot\share\interpreter\linkResolver.cpp, line 773]
Event: 0.268 Thread 0x000002a67a43f900 Exception <a 'java/lang/NoSuchMethodError'{0x000000062074abd8}: 'java.lang.Object java.lang.invoke.DirectMethodHandle$Holder.invokeStaticInit(java.lang.Object, java.lang.Object, int, int, int, int)'> (0x000000062074abd8) 
thrown [s\open\src\hotspot\share\interpreter\linkResolver.cpp, line 773]
Event: 0.296 Thread 0x000002a67a43f900 Exception <a 'java/lang/NoSuchMethodError'{0x00000006207bd820}: 'int java.lang.invoke.DirectMethodHandle$Holder.invokeSpecial(java.lang.Object, java.lang.Object, java.lang.Object)'> (0x00000006207bd820) 
thrown [s\open\src\hotspot\share\interpreter\linkResolver.cpp, line 773]
Event: 0.306 Thread 0x000002a67a43f900 Exception <a 'java/lang/NoSuchMethodError'{0x000000062000b138}: 'void java.lang.invoke.Invokers$Holder.invokeExact_MT(java.lang.Object, java.lang.Object, java.lang.Object, java.lang.Object)'> (0x000000062000b138) 
thrown [s\open\src\hotspot\share\interpreter\linkResolver.cpp, line 773]
Event: 1.020 Thread 0x000002a67a5ad3d0 Exception <a 'java/lang/NoSuchMethodError'{0x0000000620205cd0}: 'java.lang.Object java.lang.invoke.DirectMethodHandle$Holder.newInvokeSpecial(java.lang.Object, java.lang.Object, java.lang.Object, java.lang.Object, int)'> (0x0000000620205cd0) 
thrown [s\open\src\hotspot\share\interpreter\linkResolver.cpp, line 773]
Event: 1.020 Thread 0x000002a67a5ad3d0 Exception <a 'java/lang/NoSuchMethodError'{0x0000000620209cb8}: 'java.lang.Object java.lang.invoke.DirectMethodHandle$Holder.invokeSpecial(java.lang.Object, java.lang.Object, java.lang.Object, java.lang.Object, java.lang.Object, int)'> (0x0000000620209cb8) 
thrown [s\open\src\hotspot\share\interpreter\linkResolver.cpp, line 773]
Event: 1.021 Thread 0x000002a67a5ad3d0 Exception <a 'java/lang/NoSuchMethodError'{0x000000062020d478}: 'java.lang.Object java.lang.invoke.Invokers$Holder.linkToTargetMethod(java.lang.Object, java.lang.Object, java.lang.Object, int, java.lang.Object)'> (0x000000062020d478) 
thrown [s\open\src\hotspot\share\interpreter\linkResolver.cpp, line 773]
Event: 1.047 Thread 0x000002a67a5ad3d0 Exception <a 'java/lang/NoSuchMethodError'{0x0000000620222de0}: 'void java.lang.invoke.DirectMethodHandle$Holder.invokeStatic(java.lang.Object, java.lang.Object, java.lang.Object, java.lang.Object)'> (0x0000000620222de0) 
thrown [s\open\src\hotspot\share\interpreter\linkResolver.cpp, line 773]
Event: 1.101 Thread 0x000002a67a0035e0 Exception <a 'java/lang/NoSuchMethodError'{0x000000061fc54880}: 'java.lang.Object java.lang.invoke.Invokers$Holder.invokeExact_MT(java.lang.Object, java.lang.Object, java.lang.Object, java.lang.Object, java.lang.Object, java.lang.Object)'> (0x000000061fc54880) 
thrown [s\open\src\hotspot\share\interpreter\linkResolver.cpp, line 773]

ZGC Phase Switch (0 events):
No events

VM Operations (20 events):
Event: 1.913 Executing VM operation: Cleanup done
Event: 2.914 Executing VM operation: Cleanup
Event: 2.914 Executing VM operation: Cleanup done
Event: 7.916 Executing VM operation: Cleanup
Event: 7.916 Executing VM operation: Cleanup done
Event: 10.918 Executing VM operation: Cleanup
Event: 10.918 Executing VM operation: Cleanup done
Event: 14.919 Executing VM operation: Cleanup
Event: 14.919 Executing VM operation: Cleanup done
Event: 41.933 Executing VM operation: Cleanup
Event: 41.933 Executing VM operation: Cleanup done
Event: 60.151 Executing VM operation: HandshakeAllThreads (HandshakeForDeflation)
Event: 60.151 Executing VM operation: HandshakeAllThreads (HandshakeForDeflation) done
Event: 60.151 Executing VM operation: Cleanup
Event: 60.152 Executing VM operation: Cleanup done
Event: 60.152 Executing VM operation: RendezvousGCThreads
Event: 60.152 Executing VM operation: RendezvousGCThreads done
Event: 61.152 Executing VM operation: Cleanup
Event: 61.152 Executing VM operation: Cleanup done
Event: 61.615 Executing VM operation: G1CollectForAllocation (G1 Evacuation Pause)

Events (20 events):
Event: 0.026 Thread 0x000002a64f6436f0 Thread added: 0x000002a64f6436f0
Event: 0.044 Thread 0x000002a67599de50 Thread added: 0x000002a67599de50
Event: 0.044 Thread 0x000002a67a000080 Thread added: 0x000002a67a000080
Event: 0.044 Thread 0x000002a67a000a70 Thread added: 0x000002a67a000a70
Event: 0.044 Thread 0x000002a67a0035e0 Thread added: 0x000002a67a0035e0
Event: 0.044 Thread 0x000002a67a004040 Thread added: 0x000002a67a004040
Event: 0.045 Thread 0x000002a67a004aa0 Thread added: 0x000002a67a004aa0
Event: 0.045 Thread 0x000002a67a012d50 Thread added: 0x000002a67a012d50
Event: 0.045 Thread 0x000002a67a015800 Thread added: 0x000002a67a015800
Event: 0.074 Thread 0x000002a67a11d410 Thread added: 0x000002a67a11d410
Event: 0.133 Thread 0x000002a67a2c6ec0 Thread added: 0x000002a67a2c6ec0
Event: 0.133 Thread 0x000002a67a2c7940 Thread added: 0x000002a67a2c7940
Event: 0.243 Thread 0x000002a67a43f900 Thread added: 0x000002a67a43f900
Event: 0.274 Thread 0x000002a67a459aa0 Thread added: 0x000002a67a459aa0
Event: 0.282 Thread 0x000002a67a4e2e10 Thread added: 0x000002a67a4e2e10
Event: 0.442 Thread 0x000002a67a550670 Thread added: 0x000002a67a550670
Event: 0.929 Thread 0x000002a67a5ad3d0 Thread added: 0x000002a67a5ad3d0
Event: 0.984 Thread 0x000002a67a5ae0f0 Thread added: 0x000002a67a5ae0f0
Event: 1.091 Thread 0x000002a67a7d58b0 Thread added: 0x000002a67a7d58b0
Event: 1.253 Thread 0x000002a67a7d58b0 Thread exited: 0x000002a67a7d58b0


Dynamic libraries:
0x00007ff6ae960000 - 0x00007ff6ae970000 	C:\Program Files\Java\jdk-21\bin\java.exe
0x00007ffab4d50000 - 0x00007ffab4f48000 	C:\WINDOWS\SYSTEM32\ntdll.dll
0x00007ffab32e0000 - 0x00007ffab339d000 	C:\WINDOWS\System32\KERNEL32.DLL
0x00007ffab2690000 - 0x00007ffab2986000 	C:\WINDOWS\System32\KERNELBASE.dll
0x00007ffab2560000 - 0x00007ffab2660000 	C:\WINDOWS\System32\ucrtbase.dll
0x00007ffa6b940000 - 0x00007ffa6b959000 	C:\Program Files\Java\jdk-21\bin\jli.dll
0x00007ffa70cb0000 - 0x00007ffa70ccb000 	C:\Program Files\Java\jdk-21\bin\VCRUNTIME140.dll
0x00007ffab42d0000 - 0x00007ffab4380000 	C:\WINDOWS\System32\ADVAPI32.dll
0x00007ffab3f50000 - 0x00007ffab3fee000 	C:\WINDOWS\System32\msvcrt.dll
0x00007ffab33a0000 - 0x00007ffab3440000 	C:\WINDOWS\System32\sechost.dll
0x00007ffab2d80000 - 0x00007ffab2ea3000 	C:\WINDOWS\System32\RPCRT4.dll
0x00007ffab2660000 - 0x00007ffab2687000 	C:\WINDOWS\System32\bcrypt.dll
0x00007ffab3130000 - 0x00007ffab32cf000 	C:\WINDOWS\System32\USER32.dll
0x00007ffab2cb0000 - 0x00007ffab2cd2000 	C:\WINDOWS\System32\win32u.dll
0x00007ffab35f0000 - 0x00007ffab361b000 	C:\WINDOWS\System32\GDI32.dll
0x00007ffa9d8b0000 - 0x00007ffa9db4a000 	C:\WINDOWS\WinSxS\amd64_microsoft.windows.common-controls_6595b64144ccf1df_6.0.19041.3636_none_60b6a03d71f818d5\COMCTL32.dll
0x00007ffab2b90000 - 0x00007ffab2ca7000 	C:\WINDOWS\System32\gdi32full.dll
0x00007ffab2ce0000 - 0x00007ffab2d7d000 	C:\WINDOWS\System32\msvcp_win.dll
0x00007ffaad1c0000 - 0x00007ffaad1ca000 	C:\WINDOWS\SYSTEM32\VERSION.dll
0x00007ffab40e0000 - 0x00007ffab4112000 	C:\WINDOWS\System32\IMM32.DLL
0x00007ffa7f410000 - 0x00007ffa7f41c000 	C:\Program Files\Java\jdk-21\bin\vcruntime140_1.dll
0x00007ffa4e5f0000 - 0x00007ffa4e67e000 	C:\Program Files\Java\jdk-21\bin\msvcp140.dll
0x00007ffa3f1b0000 - 0x00007ffa3fec5000 	C:\Program Files\Java\jdk-21\bin\server\jvm.dll
0x00007ffab4050000 - 0x00007ffab40bb000 	C:\WINDOWS\System32\WS2_32.dll
0x00007ffab1900000 - 0x00007ffab194b000 	C:\WINDOWS\SYSTEM32\POWRPROF.dll
0x00007ffaabb40000 - 0x00007ffaabb67000 	C:\WINDOWS\SYSTEM32\WINMM.dll
0x00007ffab17c0000 - 0x00007ffab17d2000 	C:\WINDOWS\SYSTEM32\UMPDC.dll
0x00007ffab0270000 - 0x00007ffab0282000 	C:\WINDOWS\SYSTEM32\kernel.appcore.dll
0x00007ffa7f2f0000 - 0x00007ffa7f2fa000 	C:\Program Files\Java\jdk-21\bin\jimage.dll
0x00007ffaa0290000 - 0x00007ffaa0474000 	C:\WINDOWS\SYSTEM32\DBGHELP.DLL
0x00007ffa970b0000 - 0x00007ffa970e4000 	C:\WINDOWS\SYSTEM32\dbgcore.DLL
0x00007ffab2990000 - 0x00007ffab2a12000 	C:\WINDOWS\System32\bcryptPrimitives.dll
0x00007ffa7c6c0000 - 0x00007ffa7c6cf000 	C:\Program Files\Java\jdk-21\bin\instrument.dll
0x00007ffa592a0000 - 0x00007ffa592bf000 	C:\Program Files\Java\jdk-21\bin\java.dll
0x00007ffab3760000 - 0x00007ffab3ecb000 	C:\WINDOWS\System32\SHELL32.dll
0x00007ffab0470000 - 0x00007ffab0c0e000 	C:\WINDOWS\SYSTEM32\windows.storage.dll
0x00007ffab4900000 - 0x00007ffab4c53000 	C:\WINDOWS\System32\combase.dll
0x00007ffab1d50000 - 0x00007ffab1d7e000 	C:\WINDOWS\SYSTEM32\Wldp.dll
0x00007ffab3060000 - 0x00007ffab312d000 	C:\WINDOWS\System32\OLEAUT32.dll
0x00007ffab43e0000 - 0x00007ffab448d000 	C:\WINDOWS\System32\SHCORE.dll
0x00007ffab4130000 - 0x00007ffab4185000 	C:\WINDOWS\System32\shlwapi.dll
0x00007ffab2330000 - 0x00007ffab2353000 	C:\WINDOWS\SYSTEM32\profapi.dll
0x00007ffa4e510000 - 0x00007ffa4e5e7000 	C:\Program Files\Java\jdk-21\bin\jsvml.dll
0x00007ffa58d90000 - 0x00007ffa58da8000 	C:\Program Files\Java\jdk-21\bin\zip.dll
0x00007ffa7e6b0000 - 0x00007ffa7e6c0000 	C:\Program Files\Java\jdk-21\bin\net.dll
0x00007ffaac2c0000 - 0x00007ffaac3ca000 	C:\WINDOWS\SYSTEM32\WINHTTP.dll
0x00007ffab1b30000 - 0x00007ffab1b9a000 	C:\WINDOWS\system32\mswsock.dll
0x00007ffa58ed0000 - 0x00007ffa58ee6000 	C:\Program Files\Java\jdk-21\bin\nio.dll
0x00007ffa7c090000 - 0x00007ffa7c0aa000 	C:\Users\Nico\AppData\Local\Programs\IntelliJ IDEA Community Edition\bin\breakgen64.dll
0x00007ffa7e3f0000 - 0x00007ffa7e3f7000 	C:\Program Files\Java\jdk-21\bin\extnet.dll
0x00007ffa7c800000 - 0x00007ffa7c810000 	C:\Program Files\Java\jdk-21\bin\verify.dll
0x00007ffab1d90000 - 0x00007ffab1da8000 	C:\WINDOWS\SYSTEM32\CRYPTSP.dll
0x00007ffab1400000 - 0x00007ffab1434000 	C:\WINDOWS\system32\rsaenh.dll
0x00007ffaa17a0000 - 0x00007ffaa17b2000 	C:\Program Files\Java\jdk-21\bin\jsound.dll
0x00007ffab4190000 - 0x00007ffab42bb000 	C:\WINDOWS\System32\ole32.dll
0x00007ffa71ab0000 - 0x00007ffa71b4c000 	C:\WINDOWS\SYSTEM32\DSOUND.dll
0x00007ffa9b780000 - 0x00007ffa9b7a6000 	C:\WINDOWS\SYSTEM32\winmmbase.dll
0x00007ffab22f0000 - 0x00007ffab231e000 	C:\WINDOWS\SYSTEM32\USERENV.dll
0x00007ffaafd20000 - 0x00007ffaafdbe000 	C:\WINDOWS\system32\uxtheme.dll
0x00007ffab4c60000 - 0x00007ffab4d09000 	C:\WINDOWS\System32\clbcatq.dll
0x00007ffab1cc0000 - 0x00007ffab1ccc000 	C:\WINDOWS\SYSTEM32\CRYPTBASE.dll
0x00007ffaab9f0000 - 0x00007ffaaba75000 	C:\WINDOWS\System32\MMDevApi.dll
0x00007ffab2190000 - 0x00007ffab21c3000 	C:\WINDOWS\System32\DEVOBJ.dll
0x00007ffab2a20000 - 0x00007ffab2a6e000 	C:\WINDOWS\System32\cfgmgr32.dll
0x00007ffab17e0000 - 0x00007ffab181b000 	C:\WINDOWS\SYSTEM32\IPHLPAPI.DLL
0x00007ffab42c0000 - 0x00007ffab42c8000 	C:\WINDOWS\System32\NSI.dll
0x00007ffa77cb0000 - 0x00007ffa77cf6000 	C:\WINDOWS\SYSTEM32\wdmaud.drv
0x00007ffaab730000 - 0x00007ffaab739000 	C:\WINDOWS\SYSTEM32\ksuser.dll
0x00007ffaad260000 - 0x00007ffaad26a000 	C:\WINDOWS\SYSTEM32\AVRT.dll
0x00007ffa7c1f0000 - 0x00007ffa7c372000 	C:\WINDOWS\SYSTEM32\AUDIOSES.DLL
0x00007ffaa8db0000 - 0x00007ffaa8dbd000 	C:\WINDOWS\SYSTEM32\msacm32.drv
0x00007ffa9c230000 - 0x00007ffa9c24e000 	C:\WINDOWS\SYSTEM32\MSACM32.dll
0x00007ffaa1790000 - 0x00007ffaa179b000 	C:\WINDOWS\SYSTEM32\midimap.dll
0x00007ffaafe80000 - 0x00007ffaafe94000 	C:\WINDOWS\SYSTEM32\resourcepolicyclient.dll
0x00007ffa39e30000 - 0x00007ffa3b02f000 	C:\Users\Nico\AppData\Local\Temp\webrtc-java4450322950525880186.dll
0x00007ffab0c50000 - 0x00007ffab0d43000 	C:\WINDOWS\SYSTEM32\dxgi.dll
0x00007ffaa1780000 - 0x00007ffaa178b000 	C:\WINDOWS\SYSTEM32\msdmo.dll
0x00007ffaae1f0000 - 0x00007ffaae453000 	C:\WINDOWS\SYSTEM32\d3d11.dll
0x00007ffa7c870000 - 0x00007ffa7ca2b000 	C:\WINDOWS\SYSTEM32\MFPlat.DLL
0x00007ffa9c030000 - 0x00007ffa9c03c000 	C:\WINDOWS\SYSTEM32\Secur32.dll
0x00007ffab22b0000 - 0x00007ffab22e2000 	C:\WINDOWS\SYSTEM32\SSPICLI.DLL
0x00007ffa9eaf0000 - 0x00007ffa9eb24000 	C:\WINDOWS\SYSTEM32\RTWorkQ.DLL
0x00007ffa59380000 - 0x00007ffa593f7000 	C:\Windows\System32\mfwmaaec.dll
0x00007ffa9ed70000 - 0x00007ffa9eeb1000 	C:\Windows\System32\Windows.UI.dll
0x00007ffaacc10000 - 0x00007ffaaccb1000 	C:\Windows\System32\WindowManagementAPI.dll
0x00007ffaaa0d0000 - 0x00007ffaaa1c9000 	C:\Windows\System32\TextInputFramework.dll
0x00007ffa9ec10000 - 0x00007ffa9ed62000 	C:\Windows\System32\InputHost.dll
0x00007ffaaee80000 - 0x00007ffaaefd7000 	C:\WINDOWS\SYSTEM32\wintypes.dll
0x00007ffaaca00000 - 0x00007ffaacc03000 	C:\WINDOWS\SYSTEM32\twinapi.appcore.dll
0x00007ffaaf8b0000 - 0x00007ffaaf9a2000 	C:\Windows\System32\CoreMessaging.dll
0x00007ffaaf550000 - 0x00007ffaaf8ab000 	C:\Windows\System32\CoreUIComponents.dll
0x00007ffaadf20000 - 0x00007ffaae016000 	C:\Windows\System32\PROPSYS.dll
0x00007ffab1520000 - 0x00007ffab1553000 	C:\WINDOWS\SYSTEM32\ntmarta.dll
0x00007ffaac9e0000 - 0x00007ffaac9f7000 	C:\WINDOWS\SYSTEM32\dhcpcsvc6.DLL
0x00007ffaac9c0000 - 0x00007ffaac9dd000 	C:\WINDOWS\SYSTEM32\dhcpcsvc.DLL
0x00007ffab1830000 - 0x00007ffab18fb000 	C:\WINDOWS\SYSTEM32\DNSAPI.dll
0x00007ffaa0850000 - 0x00007ffaa085a000 	C:\Windows\System32\rasadhlp.dll
0x00007ffaa0890000 - 0x00007ffaa0910000 	C:\WINDOWS\System32\fwpuclnt.dll

dbghelp: loaded successfully - version: 4.0.5 - missing functions: none
symbol engine: initialized successfully - sym options: 0x614 - pdb path: .;C:\Program Files\Java\jdk-21\bin;C:\WINDOWS\SYSTEM32;C:\WINDOWS\WinSxS\amd64_microsoft.windows.common-controls_6595b64144ccf1df_6.0.19041.3636_none_60b6a03d71f818d5;C:\Program Files\Java\jdk-21\bin\server;C:\Users\Nico\AppData\Local\Programs\IntelliJ IDEA Community Edition\bin;C:\Users\Nico\AppData\Local\Temp

VM Arguments:
jvm_args: -javaagent:C:\Users\Nico\AppData\Local\Programs\IntelliJ IDEA Community Edition\lib\idea_rt.jar=56424:C:\Users\Nico\AppData\Local\Programs\IntelliJ IDEA Community Edition\bin -Dfile.encoding=UTF-8 -Dsun.stdout.encoding=UTF-8 -Dsun.stderr.encoding=UTF-8 
java_command: org.example.App 3
java_class_path (initial): E:\Coding\Java\webrptcJava\target\classes;C:\Users\Nico\.m2\repository\dev\onvoid\webrtc\webrtc-java\0.8.0\webrtc-java-0.8.0.jar;C:\Users\Nico\.m2\repository\dev\onvoid\webrtc\webrtc-java\0.8.0\webrtc-java-0.8.0-windows-x86_64.jar;C:\Users\Nico\.m2\repository\org\json\json\20240303\json-20240303.jar;C:\Users\Nico\.m2\repository\com\github\sarxos\webcam-capture\0.3.12\webcam-capture-0.3.12.jar;C:\Users\Nico\.m2\repository\com\nativelibs4java\bridj\0.7.0\bridj-0.7.0.jar;C:\Users\Nico\.m2\repository\org\slf4j\slf4j-api\1.7.2\slf4j-api-1.7.2.jar;C:\Users\Nico\.m2\repository\org\java-websocket\Java-WebSocket\1.5.6\Java-WebSocket-1.5.6.jar;C:\Users\Nico\.m2\repository\com\google\code\gson\gson\2.10.1\gson-2.10.1.jar;C:\Users\Nico\.m2\repository\com\fasterxml\jackson\core\jackson-databind\2.13.3\jackson-databind-2.13.3.jar;C:\Users\Nico\.m2\repository\com\fasterxml\jackson\core\jackson-annotations\2.13.3\jackson-annotations-2.13.3.jar;C:\Users\Nico\.m2\repository\com\fasterxml\jackson\core\jackson-core\2.13.3\jackson-core-2.13.3.jar
Launcher Type: SUN_STANDARD

[Global flags]
     intx CICompilerCount                          = 4                                         {product} {ergonomic}
     uint ConcGCThreads                            = 3                                         {product} {ergonomic}
     uint G1ConcRefinementThreads                  = 10                                        {product} {ergonomic}
   size_t G1HeapRegionSize                         = 4194304                                   {product} {ergonomic}
    uintx GCDrainStackTargetSize                   = 64                                        {product} {ergonomic}
   size_t InitialHeapSize                          = 536870912                                 {product} {ergonomic}
   size_t MarkStackSize                            = 4194304                                   {product} {ergonomic}
   size_t MaxHeapSize                              = 8577351680                                {product} {ergonomic}
   size_t MaxNewSize                               = 5146411008                                {product} {ergonomic}
   size_t MinHeapDeltaBytes                        = 4194304                                   {product} {ergonomic}
   size_t MinHeapSize                              = 8388608                                   {product} {ergonomic}
    uintx NonNMethodCodeHeapSize                   = 5839372                                {pd product} {ergonomic}
    uintx NonProfiledCodeHeapSize                  = 122909434                              {pd product} {ergonomic}
    uintx ProfiledCodeHeapSize                     = 122909434                              {pd product} {ergonomic}
    uintx ReservedCodeCacheSize                    = 251658240                              {pd product} {ergonomic}
     bool SegmentedCodeCache                       = true                                      {product} {ergonomic}
   size_t SoftMaxHeapSize                          = 8577351680                             {manageable} {ergonomic}
     bool UseCompressedOops                        = true                           {product lp64_product} {ergonomic}
     bool UseG1GC                                  = true                                      {product} {ergonomic}
     bool UseLargePagesIndividualAllocation        = false                                  {pd product} {ergonomic}

Logging:
Log output configuration:
 #0: stdout all=warning uptime,level,tags foldmultilines=false
 #1: stderr all=off uptime,level,tags foldmultilines=false

Environment Variables:
JAVA_HOME=C:\Users\Nico\Downloads\jdk-17.0.9_windows-x64_bin\jdk-17.0.9
PATH=C:\Python39\Scripts\;C:\Python39\;C:\Program Files (x86)\Common Files\Intel\Shared Libraries\redist\intel64\compiler;C:\Windows\system32;C:\Windows;C:\Windows\System32\Wbem;C:\Windows\System32\WindowsPowerShell\v1.0\;C:\Program Files (x86)\NVIDIA Corporation\PhysX\Common;C:\Program Files (x86)\Windows Live\Shared;C:\WINDOWS\system32;C:\WINDOWS;C:\WINDOWS\System32\Wbem;C:\WINDOWS\System32\WindowsPowerShell\v1.0\;C:\WINDOWS\System32\OpenSSH\;C:\WINDOWS\system32;C:\WINDOWS;C:\WINDOWS\System32\Wbem;C:\WINDOWS\System32\WindowsPowerShell\v1.0\;C:\WINDOWS\System32\OpenSSH\;C:\Program Files\NVIDIA Corporation\NVIDIA NvDLISR;C:\ProgramData\chocolatey\bin;C:\Program Files\dotnet\;C:\Program Files\Git\cmd;C:\MinGW\bin;C:\Users\Nico\AppData\Roaming\nvm;C:\Program Files\nodejs;C:\Program Files\Vagrant\bin;C:\Users\Nico\Downloads\protoc-25.1-win64\bin;C:\Users\Nico\Downloads\apache-maven-3.9.6-bin\apache-maven-3.9.6\bin;C:\Program Files\Docker\Docker\resources\bin;C:\Users\Nico\AppData\Local\Programs\Rider\bin;C:\Program Files\PowerShell\7\;C:\Program Files\JetBrains\WebStorm 2023.2\bin;C:\Users\Nico\Downloads\jdk-17.0.9_windows-x64_bin\jdk-17.0.9;C:\Users\Nico\Downloads\jdk-17.0.9_windows-x64_bin\jdk-17.0.9\bin;C:\Users\Nico\AppData\Local\Microsoft\WindowsApps;C:\Users\Nico\.dotnet\tools;C:\Users\Nico\AppData\Local\Programs\Microsoft VS Code\bin;C:\Program Files\Git\bin\git.exe;C:\Users\Nico\AppData\Local\JetBrains\Toolbox\scripts;C:\Users\Nico\.dotnet\tools;C:\Users\Nico\AppData\Roaming\Composer\vendor\bin;C:\Users\Nico\Downloads\mongosh-1.9.1-win32-x64\mongosh-1.9.1-win32-x64\bin;E:\Coding\LSP\tstest\node_modules\.bin
USERNAME=Nico
OS=Windows_NT
PROCESSOR_IDENTIFIER=AMD64 Family 23 Model 1 Stepping 1, AuthenticAMD
TMP=C:\Users\Nico\AppData\Local\Temp
TEMP=C:\Users\Nico\AppData\Local\Temp




Periodic native trim disabled

---------------  S Y S T E M  ---------------

OS:
 Windows 10 , 64 bit Build 19041 (10.0.19041.3636)
OS uptime: 11 days 21:13 hours
Hyper-V role detected

CPU: total 12 (initial active 12) (12 cores per cpu, 2 threads per core) family 23 model 1 stepping 1 microcode 0x0, cx8, cmov, fxsr, ht, mmx, 3dnowpref, sse, sse2, sse3, ssse3, sse4a, sse4.1, sse4.2, popcnt, lzcnt, tsc, tscinvbit, avx, avx2, aes, clmul, bmi1, bmi2, adx, sha, fma, vzeroupper, clflush, clflushopt, hv, rdtscp, f16c
Processor Information for all 12 processors :
  Max Mhz: 3600, Current Mhz: 3600, Mhz Limit: 3600

Memory: 4k page, system-wide physical 32704M (19542M free)
TotalPageFile size 37568M (AvailPageFile size 19926M)
current process WorkingSet (physical memory assigned to process): 86M, peak: 90M
current process commit charge ("private bytes"): 623M, peak: 631M

vm_info: Java HotSpot(TM) 64-Bit Server VM (21.0.1+12-LTS-29) for windows-amd64 JRE (21.0.1+12-LTS-29), built on 2023-10-05T13:27:09Z by "mach5one" with MS VC++ 17.1 (VS2022)

END.
