#
# A fatal error has been detected by the Java Runtime Environment:
#
#  EXCEPTION_ACCESS_VIOLATION (0xc0000005) at pc=0x00007ffcf9ef6374, pid=16544, tid=22456
#
# JRE version: Java(TM) SE Runtime Environment (21.0.1+12) (build 21.0.1+12-LTS-29)
# Java VM: Java HotSpot(TM) 64-Bit Server VM (21.0.1+12-LTS-29, mixed mode, sharing, tiered, compressed oops, compressed class ptrs, g1 gc, windows-amd64)
# Problematic frame:
# V  [jvm.dll+0x366374]
#
# No core dump will be written. Minidumps are not enabled by default on client versions of Windows
#
# If you would like to submit a bug report, please visit:
#   https://bugreport.java.com/bugreport/crash.jsp
#

---------------  S U M M A R Y ------------

Command Line: -javaagent:C:\Users\Nico\AppData\Local\Programs\IntelliJ IDEA Community Edition\lib\idea_rt.jar=50988:C:\Users\Nico\AppData\Local\Programs\IntelliJ IDEA Community Edition\bin -Dfile.encoding=UTF-8 -Dsun.stdout.encoding=UTF-8 -Dsun.stderr.encoding=UTF-8 org.example.App 5

Host: AMD Ryzen 5 1600X Six-Core Processor           , 12 cores, 31G,  Windows 10 , 64 bit Build 19041 (10.0.19041.3636)
Time: Thu May  9 21:00:06 2024 Mitteleuropäische Sommerzeit elapsed time: 71.528393 seconds (0d 0h 1m 11s)

---------------  T H R E A D  ---------------

Current thread (0x000002b5d054d490):  WorkerThread "GC Thread#5"    [id=22456, stack(0x000000fc4e000000,0x000000fc4e100000) (1024K)]

Stack: [0x000000fc4e000000,0x000000fc4e100000],  sp=0x000000fc4e0ff400,  free space=1021k
Native frames: (J=compiled Java code, j=interpreted, Vv=VM code, C=native code)
V  [jvm.dll+0x366374]
V  [jvm.dll+0x366b55]
V  [jvm.dll+0x366835]
V  [jvm.dll+0x36dff4]
V  [jvm.dll+0x36e16b]
V  [jvm.dll+0x881f77]
V  [jvm.dll+0x7fd728]
V  [jvm.dll+0x6c777d]
C  [ucrtbase.dll+0x21bb2]
C  [KERNEL32.DLL+0x17344]
C  [ntdll.dll+0x526b1]


siginfo: EXCEPTION_ACCESS_VIOLATION (0xc0000005), reading address 0x000000000000eb30


Registers:
RAX=0x0000000000000000, RBX=0x000002b5d0185d00, RCX=0x0000000000000016, RDX=0x0000000000000000
RSP=0x000000fc4e0ff400, RBP=0x0000000000000001, RSI=0xfffe000000000000, RDI=0x000002b5d1639308
R8 =0x0000000000000000, R9 =0x000002b5e62fcd40, R10=0x000000000000eb30, R11=0x00007ffd68f415b5
R12=0x000002b5d1639300, R13=0x000000fc4d1fe918, R14=0x000002b5d0185b80, R15=0x0000000000000020
RIP=0x00007ffcf9ef6374, EFLAGS=0x0000000000010246


Register to memory mapping:

RAX=0x0 is null
RBX=0x000002b5d0185d00 points into unknown readable memory: 0x000000000000eb30 | 30 eb 00 00 00 00 00 00
RCX=0x0000000000000016 is an unknown value
RDX=0x0 is null
RSP=0x000000fc4e0ff400 points into unknown readable memory: 0x000000002aa00000 | 00 00 a0 2a 00 00 00 00
RBP=0x0000000000000001 is an unknown value
RSI=0xfffe000000000000 is an unknown value
RDI=0x000002b5d1639308 points into unknown readable memory: 0x00007ffcfa5680e0 | e0 80 56 fa fc 7f 00 00
R8 =0x0 is null
R9 =0x000002b5e62fcd40 points into unknown readable memory: 0x00007ffcfa55f0b0 | b0 f0 55 fa fc 7f 00 00
R10=0x000000000000eb30 is an unknown value
R11=0x00007ffd68f415b5 VCRUNTIME140.dll
R12=0x000002b5d1639300 points into unknown readable memory: 0x00007ffcfa568128 | 28 81 56 fa fc 7f 00 00
R13=0x000000fc4d1fe918 points into unknown readable memory: 0x000002b5e62f38d0 | d0 38 2f e6 b5 02 00 00
R14=0x000002b5d0185b80 points into unknown readable memory: 0x000000061f0285a0 | a0 85 02 1f 06 00 00 00
R15=0x0000000000000020 is an unknown value

Top of Stack: (sp=0x000000fc4e0ff400)
0x000000fc4e0ff400:   000000002aa00000 0000000000000001
0x000000fc4e0ff410:   0000000000000000 0000000000000070
0x000000fc4e0ff420:   0000000000000004 00007ffcf9ef6b55
0x000000fc4e0ff430:   000002b5d1639308 0000000000000005
0x000000fc4e0ff440:   000002b5e40c0000 00007ffcfa5637d0
0x000000fc4e0ff450:   0000000000000000 000000fc4e0ff4d0
0x000000fc4e0ff460:   0000000000000005 000002b5d12843a0
0x000000fc4e0ff470:   000000fc4d1fe810 0000000000000000
0x000000fc4e0ff480:   00007ffcfa5636e0 000000002aa0aa53
0x000000fc4e0ff490:   0000000000000000 00007ffc0000000b
0x000000fc4e0ff4a0:   000002b5d12843a0 0000000000000005
0x000000fc4e0ff4b0:   0000000000000000 0000000000000000
0x000000fc4e0ff4c0:   000002b5e4000000 0000000000000000
0x000000fc4e0ff4d0:   00007ffcfa5636e0 000000002aa0a900
0x000000fc4e0ff4e0:   0000000000000001 0000000000000002
0x000000fc4e0ff4f0:   0000000000000000 000066e377cd5bb5
0x000000fc4e0ff500:   0000000000000000 000002b58ab17280
0x000000fc4e0ff510:   000002b58ab17290 00000000000003d8
0x000000fc4e0ff520:   000002b58ab17668 000000fc4d1fe810
0x000000fc4e0ff530:   0000000000000005 000002b5d12843a0
0x000000fc4e0ff540:   000002b5d1639300 00007ffcf9ef6835
0x000000fc4e0ff550:   000002b5d1639300 000002b5d12843a0
0x000000fc4e0ff560:   0000000000000005 000000fc4d1fe810
0x000000fc4e0ff570:   0000000000000005 0000000000000008
0x000000fc4e0ff580:   0000000000000005 00007ffcf9c40000
0x000000fc4e0ff590:   0000000000000000 00007ffcfa24b0c1
0x000000fc4e0ff5a0:   0000000000000008 00000000000000f8
0x000000fc4e0ff5b0:   0000000000000001 00007ffcf9c4c07e
0x000000fc4e0ff5c0:   0000000000000005 00007ffcf9c4ea46
0x000000fc4e0ff5d0:   0000000000000000 0000000000000008
0x000000fc4e0ff5e0:   00007ffcfa5636f0 000000002aa0a948
0x000000fc4e0ff5f0:   0000000000000000 0000000000000003 

Instructions: (pc=0x00007ffcf9ef6374)
0x00007ffcf9ef6274:   84 c0 78 3a 4c 8b 07 41 0f b6 c0 24 03 3c 03 75
0x00007ffcf9ef6284:   06 49 83 e0 fc eb 12 48 8b 4b 10 4d 8b c8 4c 8b
0x00007ffcf9ef6294:   c7 e8 96 15 ff ff 4c 8b c0 4c 2b 05 bc 3c 85 00
0x00007ffcf9ef62a4:   8b 0d be 3c 85 00 49 d3 e8 44 89 06 eb 5a 3c fd
0x00007ffcf9ef62b4:   75 37 41 8b 88 18 02 00 00 48 8b d7 49 8b 80 10
0x00007ffcf9ef62c4:   02 00 00 48 d3 e0 8b 0d 10 cb 8b 00 48 2b d0 49
0x00007ffcf9ef62d4:   8b 80 90 05 00 00 48 d3 ea 8b ca 80 7c 48 01 fd
0x00007ffcf9ef62e4:   75 17 c6 44 48 01 ff eb 10 3c fc 75 0c 48 8b 4b
0x00007ffcf9ef62f4:   10 48 8b d6 e8 e3 f2 ff ff 8b 53 18 4c 8b c7 48
0x00007ffcf9ef6304:   8b 4b 28 e8 d4 4b fb ff 48 8b 4b 10 e8 8b ee fe
0x00007ffcf9ef6314:   ff 48 8b 7c 24 30 48 8b 5c 24 38 48 83 c4 20 5e
0x00007ffcf9ef6324:   c3 cc cc cc cc cc cc cc cc cc cc cc 48 89 5c 24
0x00007ffcf9ef6334:   08 57 48 83 ec 20 4c 8b 12 48 8b da 48 8b f9 4d
0x00007ffcf9ef6344:   85 d2 0f 84 a6 00 00 00 4c 8b 49 08 4d 8b c2 49
0x00007ffcf9ef6354:   8b 81 a0 05 00 00 41 8b 89 b0 05 00 00 49 d3 e8
0x00007ffcf9ef6364:   42 0f b7 14 40 0f b7 c2 66 c1 e8 08 84 c0 78 2c
0x00007ffcf9ef6374:   49 8b 0a 0f b6 c1 24 03 3c 03 75 09 48 83 e1 fc
0x00007ffcf9ef6384:   48 89 0b eb 60 4c 8b c9 4d 8b c2 48 8b 4f 10 e8
0x00007ffcf9ef6394:   98 14 ff ff 48 8b c8 48 89 03 eb 49 3c fd 75 35
0x00007ffcf9ef63a4:   41 8b 89 18 02 00 00 49 8b 81 10 02 00 00 48 d3
0x00007ffcf9ef63b4:   e0 8b 0d 25 ca 8b 00 4c 2b d0 49 8b 81 90 05 00
0x00007ffcf9ef63c4:   00 49 d3 ea 41 8b ca 80 7c 48 01 fd 75 17 c6 44
0x00007ffcf9ef63d4:   48 01 ff eb 10 3c fc 75 0c 48 8b 4f 10 48 8b d3
0x00007ffcf9ef63e4:   e8 97 f1 ff ff 48 8b 4f 10 e8 ae ed fe ff 48 8b
0x00007ffcf9ef63f4:   5c 24 30 48 83 c4 20 5f c3 cc cc cc 48 89 5c 24
0x00007ffcf9ef6404:   08 57 48 83 ec 20 8b 02 48 8b fa 48 8b d9 85 c0
0x00007ffcf9ef6414:   0f 84 c7 00 00 00 8b 0d 48 3b 85 00 44 8b d0 4c
0x00007ffcf9ef6424:   8b 4b 08 49 d3 e2 4c 03 15 2f 3b 85 00 4d 8b c2
0x00007ffcf9ef6434:   49 8b 81 a0 05 00 00 41 8b 89 b0 05 00 00 49 d3
0x00007ffcf9ef6444:   e8 42 0f b7 14 40 0f b7 c2 66 c1 e8 08 84 c0 78
0x00007ffcf9ef6454:   3a 4d 8b 02 41 0f b6 c0 24 03 3c 03 75 06 49 83
0x00007ffcf9ef6464:   e0 fc eb 12 48 8b 4b 10 4d 8b c8 4d 8b c2 e8 b9 


Stack slot to memory mapping:

stack at sp + 0 slots: 0x000000002aa00000 is an unknown value
stack at sp + 1 slots: 0x0000000000000001 is an unknown value
stack at sp + 2 slots: 0x0 is null
stack at sp + 3 slots: 0x0000000000000070 is an unknown value
stack at sp + 4 slots: 0x0000000000000004 is an unknown value
stack at sp + 5 slots: 0x00007ffcf9ef6b55 jvm.dll
stack at sp + 6 slots: 0x000002b5d1639308 points into unknown readable memory: 0x00007ffcfa5680e0 | e0 80 56 fa fc 7f 00 00
stack at sp + 7 slots: 0x0000000000000005 is an unknown value


---------------  P R O C E S S  ---------------

Threads class SMR info:
_java_thread_list=0x000002b5d1b9d9b0, length=17, elements={
0x000002b5e62eb8a0, 0x000002b58a3eca80, 0x000002b58a3ed6e0, 0x000002b58a3ee5c0,
0x000002b58aa92480, 0x000002b58aa9aef0, 0x000002b58aabd970, 0x000002b58aac7e60,
0x000002b58aace540, 0x000002b58a3b72f0, 0x000002b58ad8eea0, 0x000002b58ad8f510,
0x000002b5d012bb40, 0x000002b5d0703fe0, 0x000002b5d02d7290, 0x000002b5d0104840,
0x000002b5d0fe5ae0
}

Java Threads: ( => current thread )
  0x000002b5e62eb8a0 JavaThread "main"                              [_thread_in_native, id=10960, stack(0x000000fc4ca00000,0x000000fc4cb00000) (1024K)]
  0x000002b58a3eca80 JavaThread "Reference Handler"          daemon [_thread_blocked, id=21700, stack(0x000000fc4d200000,0x000000fc4d300000) (1024K)]
  0x000002b58a3ed6e0 JavaThread "Finalizer"                  daemon [_thread_blocked, id=9236, stack(0x000000fc4d300000,0x000000fc4d400000) (1024K)]
  0x000002b58a3ee5c0 JavaThread "Signal Dispatcher"          daemon [_thread_blocked, id=2932, stack(0x000000fc4d400000,0x000000fc4d500000) (1024K)]
  0x000002b58aa92480 JavaThread "Attach Listener"            daemon [_thread_blocked, id=9808, stack(0x000000fc4d500000,0x000000fc4d600000) (1024K)]
  0x000002b58aa9aef0 JavaThread "Service Thread"             daemon [_thread_blocked, id=21648, stack(0x000000fc4d600000,0x000000fc4d700000) (1024K)]
  0x000002b58aabd970 JavaThread "Monitor Deflation Thread"   daemon [_thread_blocked, id=15872, stack(0x000000fc4d700000,0x000000fc4d800000) (1024K)]
  0x000002b58aac7e60 JavaThread "C2 CompilerThread0"         daemon [_thread_blocked, id=22860, stack(0x000000fc4d800000,0x000000fc4d900000) (1024K)]
  0x000002b58aace540 JavaThread "C1 CompilerThread0"         daemon [_thread_blocked, id=19128, stack(0x000000fc4d900000,0x000000fc4da00000) (1024K)]
  0x000002b58a3b72f0 JavaThread "Common-Cleaner"             daemon [_thread_blocked, id=19868, stack(0x000000fc4da00000,0x000000fc4db00000) (1024K)]
  0x000002b58ad8eea0 JavaThread "Monitor Ctrl-Break"         daemon [_thread_in_native, id=16352, stack(0x000000fc4db00000,0x000000fc4dc00000) (1024K)]
  0x000002b58ad8f510 JavaThread "Notification Thread"        daemon [_thread_blocked, id=13608, stack(0x000000fc4dc00000,0x000000fc4dd00000) (1024K)]
  0x000002b5d012bb40 JavaThread "Java Sound Event Dispatcher" daemon [_thread_blocked, id=21952, stack(0x000000fc4e200000,0x000000fc4e300000) (1024K)]
  0x000002b5d0703fe0 JavaThread "Thread-2"                          [_thread_in_native, id=22320, stack(0x000000fc4e700000,0x000000fc4e800000) (1024K)]
  0x000002b5d02d7290 JavaThread "Thread-3"                          [_thread_blocked, id=17736, stack(0x000000fc4f200000,0x000000fc4f300000) (1024K)]
  0x000002b5d0104840 JavaThread "Thread-4"                          [_thread_in_native, id=3308, stack(0x000000fc4f900000,0x000000fc4fa00000) (1024K)]
  0x000002b5d0fe5ae0 JavaThread "Thread-5"                          [_thread_blocked, id=7956, stack(0x000000fc50400000,0x000000fc50500000) (1024K)]
Total: 17

Other Threads:
  0x000002b58a3cb020 VMThread "VM Thread"                           [id=4328, stack(0x000000fc4d100000,0x000000fc4d200000) (1024K)]
  0x000002b58a3b5550 WatcherThread "VM Periodic Task Thread"        [id=18416, stack(0x000000fc4d000000,0x000000fc4d100000) (1024K)]
  0x000002b5e6394340 WorkerThread "GC Thread#0"                     [id=23372, stack(0x000000fc4cb00000,0x000000fc4cc00000) (1024K)]
  0x000002b5d1120230 WorkerThread "GC Thread#1"                     [id=1472, stack(0x000000fc4c700000,0x000000fc4c800000) (1024K)]
  0x000002b5d106fa90 WorkerThread "GC Thread#2"                     [id=3584, stack(0x000000fc4c800000,0x000000fc4c900000) (1024K)]
  0x000002b5d155ead0 WorkerThread "GC Thread#3"                     [id=3468, stack(0x000000fc4c900000,0x000000fc4ca00000) (1024K)]
  0x000002b58acb19d0 WorkerThread "GC Thread#4"                     [id=9516, stack(0x000000fc4dd00000,0x000000fc4de00000) (1024K)]
=>0x000002b5d054d490 WorkerThread "GC Thread#5"                     [id=22456, stack(0x000000fc4e000000,0x000000fc4e100000) (1024K)]
  0x000002b5d04ff1b0 WorkerThread "GC Thread#6"                     [id=14116, stack(0x000000fc4e100000,0x000000fc4e200000) (1024K)]
  0x000002b5d044e490 WorkerThread "GC Thread#7"                     [id=1888, stack(0x000000fc50600000,0x000000fc50700000) (1024K)]
  0x000002b58ab4d640 WorkerThread "GC Thread#8"                     [id=11568, stack(0x000000fc50700000,0x000000fc50800000) (1024K)]
  0x000002b58ab8edc0 WorkerThread "GC Thread#9"                     [id=22292, stack(0x000000fc50800000,0x000000fc50900000) (1024K)]
  0x000002b5e63a6380 ConcurrentGCThread "G1 Main Marker"            [id=7120, stack(0x000000fc4cc00000,0x000000fc4cd00000) (1024K)]
  0x000002b5e63a6d90 WorkerThread "G1 Conc#0"                       [id=6940, stack(0x000000fc4cd00000,0x000000fc4ce00000) (1024K)]
  0x000002b58a2756d0 ConcurrentGCThread "G1 Refine#0"               [id=23292, stack(0x000000fc4ce00000,0x000000fc4cf00000) (1024K)]
  0x000002b58a276150 ConcurrentGCThread "G1 Service"                [id=11760, stack(0x000000fc4cf00000,0x000000fc4d000000) (1024K)]
Total: 16

Threads with active compile tasks:
Total: 0

VM state: at safepoint (normal execution)

VM Mutex/Monitor currently owned by a thread:  ([mutex/lock_event])
[0x00007ffcfa7ca5f8] Threads_lock - owner thread: 0x000002b58a3cb020
[0x00007ffcfa7ca6f8] Heap_lock - owner thread: 0x000002b5d0fe5ae0

Heap address: 0x0000000600c00000, size: 8180 MB, Compressed Oops mode: Zero based, Oop shift amount: 3

CDS archive(s) mapped at: [0x000002b58b000000-0x000002b58bc90000-0x000002b58bc90000), size 13172736, SharedBaseAddress: 0x000002b58b000000, ArchiveRelocationMode: 1.
Compressed class space mapped at: 0x000002b58c000000-0x000002b5cc000000, reserved size: 1073741824
Narrow klass base: 0x000002b58b000000, Narrow klass shift: 0, Narrow klass range: 0x100000000

GC Precious Log:
 CardTable entry size: 512
 Card Set container configuration: InlinePtr #cards 4 size 8 Array Of Cards #cards 32 size 80 Howl #buckets 8 coarsen threshold 7372 Howl Bitmap #cards 1024 size 144 coarsen threshold 921 Card regions per heap region 1 cards per card region 8192
 CPUs: 12 total, 12 available
 Memory: 32704M
 Large Page Support: Disabled
 NUMA Support: Disabled
 Compressed Oops: Enabled (Zero based)
 Heap Region Size: 4M
 Heap Min Capacity: 8M
 Heap Initial Capacity: 512M
 Heap Max Capacity: 8180M
 Pre-touch: Disabled
 Parallel Workers: 10
 Concurrent Workers: 3
 Concurrent Refinement Workers: 10
 Periodic GC: Disabled

Heap:
 garbage-first heap   total 524288K, used 24576K [0x0000000600c00000, 0x0000000800000000)
  region size 4096K, 7 young (28672K), 1 survivors (4096K)
 Metaspace       used 4713K, committed 4864K, reserved 1114112K
  class space    used 513K, committed 576K, reserved 1048576K

Heap Regions: E=young(eden), S=young(survivor), O=old, HS=humongous(starts), HC=humongous(continues), CS=collection set, F=free, TAMS=top-at-mark-start, PB=parsable bottom
|   0|0x0000000600c00000, 0x0000000600c00000, 0x0000000601000000|  0%| F|  |TAMS 0x0000000600c00000| PB 0x0000000600c00000| Untracked 
|   1|0x0000000601000000, 0x0000000601000000, 0x0000000601400000|  0%| F|  |TAMS 0x0000000601000000| PB 0x0000000601000000| Untracked 
|   2|0x0000000601400000, 0x0000000601400000, 0x0000000601800000|  0%| F|  |TAMS 0x0000000601400000| PB 0x0000000601400000| Untracked 
|   3|0x0000000601800000, 0x0000000601800000, 0x0000000601c00000|  0%| F|  |TAMS 0x0000000601800000| PB 0x0000000601800000| Untracked 
|   4|0x0000000601c00000, 0x0000000601c00000, 0x0000000602000000|  0%| F|  |TAMS 0x0000000601c00000| PB 0x0000000601c00000| Untracked 
|   5|0x0000000602000000, 0x0000000602000000, 0x0000000602400000|  0%| F|  |TAMS 0x0000000602000000| PB 0x0000000602000000| Untracked 
|   6|0x0000000602400000, 0x0000000602400000, 0x0000000602800000|  0%| F|  |TAMS 0x0000000602400000| PB 0x0000000602400000| Untracked 
|   7|0x0000000602800000, 0x0000000602800000, 0x0000000602c00000|  0%| F|  |TAMS 0x0000000602800000| PB 0x0000000602800000| Untracked 
|   8|0x0000000602c00000, 0x0000000602c00000, 0x0000000603000000|  0%| F|  |TAMS 0x0000000602c00000| PB 0x0000000602c00000| Untracked 
|   9|0x0000000603000000, 0x0000000603000000, 0x0000000603400000|  0%| F|  |TAMS 0x0000000603000000| PB 0x0000000603000000| Untracked 
|  10|0x0000000603400000, 0x0000000603400000, 0x0000000603800000|  0%| F|  |TAMS 0x0000000603400000| PB 0x0000000603400000| Untracked 
|  11|0x0000000603800000, 0x0000000603800000, 0x0000000603c00000|  0%| F|  |TAMS 0x0000000603800000| PB 0x0000000603800000| Untracked 
|  12|0x0000000603c00000, 0x0000000603c00000, 0x0000000604000000|  0%| F|  |TAMS 0x0000000603c00000| PB 0x0000000603c00000| Untracked 
|  13|0x0000000604000000, 0x0000000604000000, 0x0000000604400000|  0%| F|  |TAMS 0x0000000604000000| PB 0x0000000604000000| Untracked 
|  14|0x0000000604400000, 0x0000000604400000, 0x0000000604800000|  0%| F|  |TAMS 0x0000000604400000| PB 0x0000000604400000| Untracked 
|  15|0x0000000604800000, 0x0000000604800000, 0x0000000604c00000|  0%| F|  |TAMS 0x0000000604800000| PB 0x0000000604800000| Untracked 
|  16|0x0000000604c00000, 0x0000000604c00000, 0x0000000605000000|  0%| F|  |TAMS 0x0000000604c00000| PB 0x0000000604c00000| Untracked 
|  17|0x0000000605000000, 0x0000000605000000, 0x0000000605400000|  0%| F|  |TAMS 0x0000000605000000| PB 0x0000000605000000| Untracked 
|  18|0x0000000605400000, 0x0000000605400000, 0x0000000605800000|  0%| F|  |TAMS 0x0000000605400000| PB 0x0000000605400000| Untracked 
|  19|0x0000000605800000, 0x0000000605800000, 0x0000000605c00000|  0%| F|  |TAMS 0x0000000605800000| PB 0x0000000605800000| Untracked 
|  20|0x0000000605c00000, 0x0000000605c00000, 0x0000000606000000|  0%| F|  |TAMS 0x0000000605c00000| PB 0x0000000605c00000| Untracked 
|  21|0x0000000606000000, 0x0000000606000000, 0x0000000606400000|  0%| F|  |TAMS 0x0000000606000000| PB 0x0000000606000000| Untracked 
|  22|0x0000000606400000, 0x0000000606400000, 0x0000000606800000|  0%| F|  |TAMS 0x0000000606400000| PB 0x0000000606400000| Untracked 
|  23|0x0000000606800000, 0x0000000606800000, 0x0000000606c00000|  0%| F|  |TAMS 0x0000000606800000| PB 0x0000000606800000| Untracked 
|  24|0x0000000606c00000, 0x0000000606c00000, 0x0000000607000000|  0%| F|  |TAMS 0x0000000606c00000| PB 0x0000000606c00000| Untracked 
|  25|0x0000000607000000, 0x0000000607000000, 0x0000000607400000|  0%| F|  |TAMS 0x0000000607000000| PB 0x0000000607000000| Untracked 
|  26|0x0000000607400000, 0x0000000607400000, 0x0000000607800000|  0%| F|  |TAMS 0x0000000607400000| PB 0x0000000607400000| Untracked 
|  27|0x0000000607800000, 0x0000000607800000, 0x0000000607c00000|  0%| F|  |TAMS 0x0000000607800000| PB 0x0000000607800000| Untracked 
|  28|0x0000000607c00000, 0x0000000607c00000, 0x0000000608000000|  0%| F|  |TAMS 0x0000000607c00000| PB 0x0000000607c00000| Untracked 
|  29|0x0000000608000000, 0x0000000608000000, 0x0000000608400000|  0%| F|  |TAMS 0x0000000608000000| PB 0x0000000608000000| Untracked 
|  30|0x0000000608400000, 0x0000000608400000, 0x0000000608800000|  0%| F|  |TAMS 0x0000000608400000| PB 0x0000000608400000| Untracked 
|  31|0x0000000608800000, 0x0000000608800000, 0x0000000608c00000|  0%| F|  |TAMS 0x0000000608800000| PB 0x0000000608800000| Untracked 
|  32|0x0000000608c00000, 0x0000000608c00000, 0x0000000609000000|  0%| F|  |TAMS 0x0000000608c00000| PB 0x0000000608c00000| Untracked 
|  33|0x0000000609000000, 0x0000000609000000, 0x0000000609400000|  0%| F|  |TAMS 0x0000000609000000| PB 0x0000000609000000| Untracked 
|  34|0x0000000609400000, 0x0000000609400000, 0x0000000609800000|  0%| F|  |TAMS 0x0000000609400000| PB 0x0000000609400000| Untracked 
|  35|0x0000000609800000, 0x0000000609800000, 0x0000000609c00000|  0%| F|  |TAMS 0x0000000609800000| PB 0x0000000609800000| Untracked 
|  36|0x0000000609c00000, 0x0000000609c00000, 0x000000060a000000|  0%| F|  |TAMS 0x0000000609c00000| PB 0x0000000609c00000| Untracked 
|  37|0x000000060a000000, 0x000000060a000000, 0x000000060a400000|  0%| F|  |TAMS 0x000000060a000000| PB 0x000000060a000000| Untracked 
|  38|0x000000060a400000, 0x000000060a400000, 0x000000060a800000|  0%| F|  |TAMS 0x000000060a400000| PB 0x000000060a400000| Untracked 
|  39|0x000000060a800000, 0x000000060a800000, 0x000000060ac00000|  0%| F|  |TAMS 0x000000060a800000| PB 0x000000060a800000| Untracked 
|  40|0x000000060ac00000, 0x000000060ac00000, 0x000000060b000000|  0%| F|  |TAMS 0x000000060ac00000| PB 0x000000060ac00000| Untracked 
|  41|0x000000060b000000, 0x000000060b000000, 0x000000060b400000|  0%| F|  |TAMS 0x000000060b000000| PB 0x000000060b000000| Untracked 
|  42|0x000000060b400000, 0x000000060b400000, 0x000000060b800000|  0%| F|  |TAMS 0x000000060b400000| PB 0x000000060b400000| Untracked 
|  43|0x000000060b800000, 0x000000060b800000, 0x000000060bc00000|  0%| F|  |TAMS 0x000000060b800000| PB 0x000000060b800000| Untracked 
|  44|0x000000060bc00000, 0x000000060bc00000, 0x000000060c000000|  0%| F|  |TAMS 0x000000060bc00000| PB 0x000000060bc00000| Untracked 
|  45|0x000000060c000000, 0x000000060c000000, 0x000000060c400000|  0%| F|  |TAMS 0x000000060c000000| PB 0x000000060c000000| Untracked 
|  46|0x000000060c400000, 0x000000060c400000, 0x000000060c800000|  0%| F|  |TAMS 0x000000060c400000| PB 0x000000060c400000| Untracked 
|  47|0x000000060c800000, 0x000000060c800000, 0x000000060cc00000|  0%| F|  |TAMS 0x000000060c800000| PB 0x000000060c800000| Untracked 
|  48|0x000000060cc00000, 0x000000060cc00000, 0x000000060d000000|  0%| F|  |TAMS 0x000000060cc00000| PB 0x000000060cc00000| Untracked 
|  49|0x000000060d000000, 0x000000060d000000, 0x000000060d400000|  0%| F|  |TAMS 0x000000060d000000| PB 0x000000060d000000| Untracked 
|  50|0x000000060d400000, 0x000000060d400000, 0x000000060d800000|  0%| F|  |TAMS 0x000000060d400000| PB 0x000000060d400000| Untracked 
|  51|0x000000060d800000, 0x000000060d800000, 0x000000060dc00000|  0%| F|  |TAMS 0x000000060d800000| PB 0x000000060d800000| Untracked 
|  52|0x000000060dc00000, 0x000000060dc00000, 0x000000060e000000|  0%| F|  |TAMS 0x000000060dc00000| PB 0x000000060dc00000| Untracked 
|  53|0x000000060e000000, 0x000000060e000000, 0x000000060e400000|  0%| F|  |TAMS 0x000000060e000000| PB 0x000000060e000000| Untracked 
|  54|0x000000060e400000, 0x000000060e400000, 0x000000060e800000|  0%| F|  |TAMS 0x000000060e400000| PB 0x000000060e400000| Untracked 
|  55|0x000000060e800000, 0x000000060e800000, 0x000000060ec00000|  0%| F|  |TAMS 0x000000060e800000| PB 0x000000060e800000| Untracked 
|  56|0x000000060ec00000, 0x000000060ec00000, 0x000000060f000000|  0%| F|  |TAMS 0x000000060ec00000| PB 0x000000060ec00000| Untracked 
|  57|0x000000060f000000, 0x000000060f000000, 0x000000060f400000|  0%| F|  |TAMS 0x000000060f000000| PB 0x000000060f000000| Untracked 
|  58|0x000000060f400000, 0x000000060f400000, 0x000000060f800000|  0%| F|  |TAMS 0x000000060f400000| PB 0x000000060f400000| Untracked 
|  59|0x000000060f800000, 0x000000060f800000, 0x000000060fc00000|  0%| F|  |TAMS 0x000000060f800000| PB 0x000000060f800000| Untracked 
|  60|0x000000060fc00000, 0x000000060fc00000, 0x0000000610000000|  0%| F|  |TAMS 0x000000060fc00000| PB 0x000000060fc00000| Untracked 
|  61|0x0000000610000000, 0x0000000610000000, 0x0000000610400000|  0%| F|  |TAMS 0x0000000610000000| PB 0x0000000610000000| Untracked 
|  62|0x0000000610400000, 0x0000000610400000, 0x0000000610800000|  0%| F|  |TAMS 0x0000000610400000| PB 0x0000000610400000| Untracked 
|  63|0x0000000610800000, 0x0000000610800000, 0x0000000610c00000|  0%| F|  |TAMS 0x0000000610800000| PB 0x0000000610800000| Untracked 
|  64|0x0000000610c00000, 0x0000000610c00000, 0x0000000611000000|  0%| F|  |TAMS 0x0000000610c00000| PB 0x0000000610c00000| Untracked 
|  65|0x0000000611000000, 0x0000000611000000, 0x0000000611400000|  0%| F|  |TAMS 0x0000000611000000| PB 0x0000000611000000| Untracked 
|  66|0x0000000611400000, 0x0000000611400000, 0x0000000611800000|  0%| F|  |TAMS 0x0000000611400000| PB 0x0000000611400000| Untracked 
|  67|0x0000000611800000, 0x0000000611800000, 0x0000000611c00000|  0%| F|  |TAMS 0x0000000611800000| PB 0x0000000611800000| Untracked 
|  68|0x0000000611c00000, 0x0000000611c00000, 0x0000000612000000|  0%| F|  |TAMS 0x0000000611c00000| PB 0x0000000611c00000| Untracked 
|  69|0x0000000612000000, 0x0000000612000000, 0x0000000612400000|  0%| F|  |TAMS 0x0000000612000000| PB 0x0000000612000000| Untracked 
|  70|0x0000000612400000, 0x0000000612400000, 0x0000000612800000|  0%| F|  |TAMS 0x0000000612400000| PB 0x0000000612400000| Untracked 
|  71|0x0000000612800000, 0x0000000612800000, 0x0000000612c00000|  0%| F|  |TAMS 0x0000000612800000| PB 0x0000000612800000| Untracked 
|  72|0x0000000612c00000, 0x0000000612c00000, 0x0000000613000000|  0%| F|  |TAMS 0x0000000612c00000| PB 0x0000000612c00000| Untracked 
|  73|0x0000000613000000, 0x0000000613000000, 0x0000000613400000|  0%| F|  |TAMS 0x0000000613000000| PB 0x0000000613000000| Untracked 
|  74|0x0000000613400000, 0x0000000613400000, 0x0000000613800000|  0%| F|  |TAMS 0x0000000613400000| PB 0x0000000613400000| Untracked 
|  75|0x0000000613800000, 0x0000000613800000, 0x0000000613c00000|  0%| F|  |TAMS 0x0000000613800000| PB 0x0000000613800000| Untracked 
|  76|0x0000000613c00000, 0x0000000613c00000, 0x0000000614000000|  0%| F|  |TAMS 0x0000000613c00000| PB 0x0000000613c00000| Untracked 
|  77|0x0000000614000000, 0x0000000614000000, 0x0000000614400000|  0%| F|  |TAMS 0x0000000614000000| PB 0x0000000614000000| Untracked 
|  78|0x0000000614400000, 0x0000000614400000, 0x0000000614800000|  0%| F|  |TAMS 0x0000000614400000| PB 0x0000000614400000| Untracked 
|  79|0x0000000614800000, 0x0000000614800000, 0x0000000614c00000|  0%| F|  |TAMS 0x0000000614800000| PB 0x0000000614800000| Untracked 
|  80|0x0000000614c00000, 0x0000000614c00000, 0x0000000615000000|  0%| F|  |TAMS 0x0000000614c00000| PB 0x0000000614c00000| Untracked 
|  81|0x0000000615000000, 0x0000000615000000, 0x0000000615400000|  0%| F|  |TAMS 0x0000000615000000| PB 0x0000000615000000| Untracked 
|  82|0x0000000615400000, 0x0000000615400000, 0x0000000615800000|  0%| F|  |TAMS 0x0000000615400000| PB 0x0000000615400000| Untracked 
|  83|0x0000000615800000, 0x0000000615800000, 0x0000000615c00000|  0%| F|  |TAMS 0x0000000615800000| PB 0x0000000615800000| Untracked 
|  84|0x0000000615c00000, 0x0000000615c00000, 0x0000000616000000|  0%| F|  |TAMS 0x0000000615c00000| PB 0x0000000615c00000| Untracked 
|  85|0x0000000616000000, 0x0000000616000000, 0x0000000616400000|  0%| F|  |TAMS 0x0000000616000000| PB 0x0000000616000000| Untracked 
|  86|0x0000000616400000, 0x0000000616400000, 0x0000000616800000|  0%| F|  |TAMS 0x0000000616400000| PB 0x0000000616400000| Untracked 
|  87|0x0000000616800000, 0x0000000616800000, 0x0000000616c00000|  0%| F|  |TAMS 0x0000000616800000| PB 0x0000000616800000| Untracked 
|  88|0x0000000616c00000, 0x0000000616c00000, 0x0000000617000000|  0%| F|  |TAMS 0x0000000616c00000| PB 0x0000000616c00000| Untracked 
|  89|0x0000000617000000, 0x0000000617000000, 0x0000000617400000|  0%| F|  |TAMS 0x0000000617000000| PB 0x0000000617000000| Untracked 
|  90|0x0000000617400000, 0x0000000617400000, 0x0000000617800000|  0%| F|  |TAMS 0x0000000617400000| PB 0x0000000617400000| Untracked 
|  91|0x0000000617800000, 0x0000000617800000, 0x0000000617c00000|  0%| F|  |TAMS 0x0000000617800000| PB 0x0000000617800000| Untracked 
|  92|0x0000000617c00000, 0x0000000617c00000, 0x0000000618000000|  0%| F|  |TAMS 0x0000000617c00000| PB 0x0000000617c00000| Untracked 
|  93|0x0000000618000000, 0x0000000618000000, 0x0000000618400000|  0%| F|  |TAMS 0x0000000618000000| PB 0x0000000618000000| Untracked 
|  94|0x0000000618400000, 0x0000000618400000, 0x0000000618800000|  0%| F|  |TAMS 0x0000000618400000| PB 0x0000000618400000| Untracked 
|  95|0x0000000618800000, 0x0000000618800000, 0x0000000618c00000|  0%| F|  |TAMS 0x0000000618800000| PB 0x0000000618800000| Untracked 
|  96|0x0000000618c00000, 0x0000000618c00000, 0x0000000619000000|  0%| F|  |TAMS 0x0000000618c00000| PB 0x0000000618c00000| Untracked 
|  97|0x0000000619000000, 0x0000000619000000, 0x0000000619400000|  0%| F|  |TAMS 0x0000000619000000| PB 0x0000000619000000| Untracked 
|  98|0x0000000619400000, 0x0000000619400000, 0x0000000619800000|  0%| F|  |TAMS 0x0000000619400000| PB 0x0000000619400000| Untracked 
|  99|0x0000000619800000, 0x0000000619800000, 0x0000000619c00000|  0%| F|  |TAMS 0x0000000619800000| PB 0x0000000619800000| Untracked 
| 100|0x0000000619c00000, 0x0000000619c00000, 0x000000061a000000|  0%| F|  |TAMS 0x0000000619c00000| PB 0x0000000619c00000| Untracked 
| 101|0x000000061a000000, 0x000000061a000000, 0x000000061a400000|  0%| F|  |TAMS 0x000000061a000000| PB 0x000000061a000000| Untracked 
| 102|0x000000061a400000, 0x000000061a400000, 0x000000061a800000|  0%| F|  |TAMS 0x000000061a400000| PB 0x000000061a400000| Untracked 
| 103|0x000000061a800000, 0x000000061a800000, 0x000000061ac00000|  0%| F|  |TAMS 0x000000061a800000| PB 0x000000061a800000| Untracked 
| 104|0x000000061ac00000, 0x000000061ac00000, 0x000000061b000000|  0%| F|  |TAMS 0x000000061ac00000| PB 0x000000061ac00000| Untracked 
| 105|0x000000061b000000, 0x000000061b000000, 0x000000061b400000|  0%| F|  |TAMS 0x000000061b000000| PB 0x000000061b000000| Untracked 
| 106|0x000000061b400000, 0x000000061b400000, 0x000000061b800000|  0%| F|  |TAMS 0x000000061b400000| PB 0x000000061b400000| Untracked 
| 107|0x000000061b800000, 0x000000061b800000, 0x000000061bc00000|  0%| F|  |TAMS 0x000000061b800000| PB 0x000000061b800000| Untracked 
| 108|0x000000061bc00000, 0x000000061bc00000, 0x000000061c000000|  0%| F|  |TAMS 0x000000061bc00000| PB 0x000000061bc00000| Untracked 
| 109|0x000000061c000000, 0x000000061c000000, 0x000000061c400000|  0%| F|  |TAMS 0x000000061c000000| PB 0x000000061c000000| Untracked 
| 110|0x000000061c400000, 0x000000061c400000, 0x000000061c800000|  0%| F|  |TAMS 0x000000061c400000| PB 0x000000061c400000| Untracked 
| 111|0x000000061c800000, 0x000000061c800000, 0x000000061cc00000|  0%| F|  |TAMS 0x000000061c800000| PB 0x000000061c800000| Untracked 
| 112|0x000000061cc00000, 0x000000061cc00000, 0x000000061d000000|  0%| F|  |TAMS 0x000000061cc00000| PB 0x000000061cc00000| Untracked 
| 113|0x000000061d000000, 0x000000061d000000, 0x000000061d400000|  0%| F|  |TAMS 0x000000061d000000| PB 0x000000061d000000| Untracked 
| 114|0x000000061d400000, 0x000000061d400000, 0x000000061d800000|  0%| F|  |TAMS 0x000000061d400000| PB 0x000000061d400000| Untracked 
| 115|0x000000061d800000, 0x000000061d800000, 0x000000061dc00000|  0%| F|  |TAMS 0x000000061d800000| PB 0x000000061d800000| Untracked 
| 116|0x000000061dc00000, 0x000000061dc00000, 0x000000061e000000|  0%| F|  |TAMS 0x000000061dc00000| PB 0x000000061dc00000| Untracked 
| 117|0x000000061e000000, 0x000000061e000000, 0x000000061e400000|  0%| F|  |TAMS 0x000000061e000000| PB 0x000000061e000000| Untracked 
| 118|0x000000061e400000, 0x000000061e400000, 0x000000061e800000|  0%| F|  |TAMS 0x000000061e400000| PB 0x000000061e400000| Untracked 
| 119|0x000000061e800000, 0x000000061e800000, 0x000000061ec00000|  0%| F|  |TAMS 0x000000061e800000| PB 0x000000061e800000| Untracked 
| 120|0x000000061ec00000, 0x000000061ec00000, 0x000000061f000000|  0%| F|  |TAMS 0x000000061ec00000| PB 0x000000061ec00000| Untracked 
| 121|0x000000061f000000, 0x000000061f29b8c0, 0x000000061f400000| 65%| S|  |TAMS 0x000000061f000000| PB 0x000000061f000000| Complete 
| 122|0x000000061f400000, 0x000000061f800000, 0x000000061f800000|100%| E|CS|TAMS 0x000000061f400000| PB 0x000000061f400000| Complete 
| 123|0x000000061f800000, 0x000000061fc00000, 0x000000061fc00000|100%| E|CS|TAMS 0x000000061f800000| PB 0x000000061f800000| Complete 
| 124|0x000000061fc00000, 0x0000000620000000, 0x0000000620000000|100%| E|CS|TAMS 0x000000061fc00000| PB 0x000000061fc00000| Complete 
| 125|0x0000000620000000, 0x0000000620400000, 0x0000000620400000|100%| E|CS|TAMS 0x0000000620000000| PB 0x0000000620000000| Complete 
| 126|0x0000000620400000, 0x0000000620800000, 0x0000000620800000|100%| E|CS|TAMS 0x0000000620400000| PB 0x0000000620400000| Complete 
| 127|0x0000000620800000, 0x0000000620c00000, 0x0000000620c00000|100%| E|CS|TAMS 0x0000000620800000| PB 0x0000000620800000| Complete 

Card table byte_map: [0x000002b5fecb0000,0x000002b5ffcb0000] _byte_map_base: 0x000002b5fbcaa000

Marking Bits: (CMBitMap*) 0x000002b5e6395960
 Bits: [0x000002b580000000, 0x000002b587fd0000)

Polling page: 0x000002b5e5ac0000

Metaspace:

Usage:
  Non-class:      4.10 MB used.
      Class:    513.52 KB used.
       Both:      4.60 MB used.

Virtual space:
  Non-class space:       64.00 MB reserved,       4.19 MB (  7%) committed,  1 nodes.
      Class space:        1.00 GB reserved,     576.00 KB ( <1%) committed,  1 nodes.
             Both:        1.06 GB reserved,       4.75 MB ( <1%) committed. 

Chunk freelists:
   Non-Class:  10.77 MB
       Class:  15.45 MB
        Both:  26.22 MB

MaxMetaspaceSize: unlimited
CompressedClassSpaceSize: 1.00 GB
Initial GC threshold: 21.00 MB
Current GC threshold: 21.00 MB
CDS: on
 - commit_granule_bytes: 65536.
 - commit_granule_words: 8192.
 - virtual_space_node_default_size: 8388608.
 - enlarge_chunks_in_place: 1.
 - use_allocation_guard: 0.


Internal statistics:

num_allocs_failed_limit: 0.
num_arena_births: 68.
num_arena_deaths: 0.
num_vsnodes_births: 2.
num_vsnodes_deaths: 0.
num_space_committed: 76.
num_space_uncommitted: 0.
num_chunks_returned_to_freelist: 0.
num_chunks_taken_from_freelist: 152.
num_chunk_merges: 0.
num_chunk_splits: 97.
num_chunks_enlarged: 67.
num_inconsistent_stats: 0.

CodeHeap 'non-profiled nmethods': size=120000Kb used=330Kb max_used=330Kb free=119669Kb
 bounds [0x000002b5f6220000, 0x000002b5f6490000, 0x000002b5fd750000]
CodeHeap 'profiled nmethods': size=120000Kb used=2033Kb max_used=2033Kb free=117966Kb
 bounds [0x000002b5ee750000, 0x000002b5ee9c0000, 0x000002b5f5c80000]
CodeHeap 'non-nmethods': size=5760Kb used=1374Kb max_used=1400Kb free=4385Kb
 bounds [0x000002b5f5c80000, 0x000002b5f5ef0000, 0x000002b5f6220000]
 total_blobs=1559 nmethods=1082 adapters=382
 compilation: enabled
              stopped_count=0, restarted_count=0
 full_count=0

Compilation events (20 events):
Event: 25.965 Thread 0x000002b58aace540 1071       3       java.nio.HeapByteBuffer::put (64 bytes)
Event: 25.966 Thread 0x000002b58aace540 nmethod 1071 0x000002b5ee942410 code [0x000002b5ee942680, 0x000002b5ee943068]
Event: 25.966 Thread 0x000002b58aac7e60 1072       4       java.lang.String::<init> (99 bytes)
Event: 25.966 Thread 0x000002b58aace540 1074   !   3       java.lang.String::<init> (893 bytes)
Event: 25.970 Thread 0x000002b58aace540 nmethod 1074 0x000002b5ee943410 code [0x000002b5ee943cc0, 0x000002b5ee9494a0]
Event: 25.970 Thread 0x000002b58aace540 1075       3       java.lang.Integer::toString (55 bytes)
Event: 25.970 Thread 0x000002b58aace540 nmethod 1075 0x000002b5ee94ae90 code [0x000002b5ee94b060, 0x000002b5ee94b3f8]
Event: 25.971 Thread 0x000002b58aac7e60 nmethod 1072 0x000002b5f6270190 code [0x000002b5f6270340, 0x000002b5f62708f0]
Event: 25.971 Thread 0x000002b58aac7e60 1073       4       java.lang.AbstractStringBuilder::<init> (39 bytes)
Event: 25.972 Thread 0x000002b58aac7e60 nmethod 1073 0x000002b5f6270b90 code [0x000002b5f6270d20, 0x000002b5f6270f90]
Event: 35.739 Thread 0x000002b58aace540 1076       3       java.util.Objects::checkIndex (7 bytes)
Event: 35.739 Thread 0x000002b58aace540 nmethod 1076 0x000002b5ee94b590 code [0x000002b5ee94b740, 0x000002b5ee94b878]
Event: 36.139 Thread 0x000002b58aace540 1077       3       java.util.ArrayList::get (15 bytes)
Event: 36.140 Thread 0x000002b58aace540 nmethod 1077 0x000002b5ee94b910 code [0x000002b5ee94bac0, 0x000002b5ee94bd10]
Event: 36.140 Thread 0x000002b58aace540 1078       3       java.util.ArrayList::elementData (7 bytes)
Event: 36.140 Thread 0x000002b58aace540 nmethod 1078 0x000002b5ee94be90 code [0x000002b5ee94c040, 0x000002b5ee94c180]
Event: 43.716 Thread 0x000002b58aac7e60 1079       4       org.example.WebRtcPeerConnectionHandler$2::onData (14 bytes)
Event: 43.721 Thread 0x000002b58aac7e60 nmethod 1079 0x000002b5f6271090 code [0x000002b5f62712c0, 0x000002b5f6271e20]
Event: 59.369 Thread 0x000002b58aace540 1081       3       jdk.internal.loader.NativeLibraries$NativeLibraryImpl::find (9 bytes)
Event: 59.370 Thread 0x000002b58aace540 nmethod 1081 0x000002b5ee94c290 code [0x000002b5ee94c440, 0x000002b5ee94c580]

GC Heap History (1 events):
Event: 71.517 GC heap before
{Heap before GC invocations=0 (full 0):
 garbage-first heap   total 524288K, used 24576K [0x0000000600c00000, 0x0000000800000000)
  region size 4096K, 6 young (24576K), 0 survivors (0K)
 Metaspace       used 4713K, committed 4864K, reserved 1114112K
  class space    used 513K, committed 576K, reserved 1048576K
}

Dll operation events (12 events):
Event: 0.007 Loaded shared library C:\Program Files\Java\jdk-21\bin\java.dll
Event: 0.038 Loaded shared library C:\Program Files\Java\jdk-21\bin\jsvml.dll
Event: 0.083 Loaded shared library C:\Program Files\Java\jdk-21\bin\zip.dll
Event: 0.086 Loaded shared library C:\Program Files\Java\jdk-21\bin\instrument.dll
Event: 0.091 Loaded shared library C:\Program Files\Java\jdk-21\bin\net.dll
Event: 0.093 Loaded shared library C:\Program Files\Java\jdk-21\bin\nio.dll
Event: 0.096 Loaded shared library C:\Program Files\Java\jdk-21\bin\zip.dll
Event: 0.120 Loaded shared library C:\Users\Nico\AppData\Local\Programs\IntelliJ IDEA Community Edition\bin\breakgen64.dll
Event: 0.127 Loaded shared library C:\Program Files\Java\jdk-21\bin\extnet.dll
Event: 0.166 Loaded shared library C:\Program Files\Java\jdk-21\bin\jimage.dll
Event: 0.231 Loaded shared library C:\Program Files\Java\jdk-21\bin\jsound.dll
Event: 4.903 Loaded shared library C:\Users\Nico\AppData\Local\Temp\webrtc-java3955793213895936001.dll

Deoptimization events (20 events):
Event: 5.619 Thread 0x000002b5d001f080 Uncommon trap: trap_request=0xffffff45 fr.pc=0x000002b5f6262f58 relative=0x00000000000001b8
Event: 5.619 Thread 0x000002b5d001f080 Uncommon trap: reason=unstable_if action=reinterpret pc=0x000002b5f6262f58 method=java.util.concurrent.locks.ReentrantLock$NonfairSync.initialTryLock()Z @ 25 c2
Event: 5.619 Thread 0x000002b5d001f080 DEOPT PACKING pc=0x000002b5f6262f58 sp=0x000000fc4ddfef80
Event: 5.619 Thread 0x000002b5d001f080 DEOPT UNPACKING pc=0x000002b5f5cd46a2 sp=0x000000fc4ddfee08 mode 2
Event: 5.619 Thread 0x000002b5d0703fe0 Uncommon trap: trap_request=0xffffff45 fr.pc=0x000002b5f626282c relative=0x000000000000018c
Event: 5.619 Thread 0x000002b5d0703fe0 Uncommon trap: reason=unstable_if action=reinterpret pc=0x000002b5f626282c method=java.util.concurrent.locks.ReentrantLock$NonfairSync.initialTryLock()Z @ 25 c2
Event: 5.619 Thread 0x000002b5d0703fe0 DEOPT PACKING pc=0x000002b5f626282c sp=0x000000fc4e7fec50
Event: 5.619 Thread 0x000002b5d0703fe0 DEOPT UNPACKING pc=0x000002b5f5cd46a2 sp=0x000000fc4e7febf0 mode 2
Event: 25.927 Thread 0x000002b5d001f080 DEOPT PACKING pc=0x000002b5ee8e1f93 sp=0x000000fc4ddfe8b0
Event: 25.927 Thread 0x000002b5d001f080 DEOPT UNPACKING pc=0x000002b5f5cd4e42 sp=0x000000fc4ddfdd20 mode 0
Event: 25.966 Thread 0x000002b5d0104840 DEOPT PACKING pc=0x000002b5ee7a3138 sp=0x000000fc4f9feb20
Event: 25.966 Thread 0x000002b5d0104840 DEOPT UNPACKING pc=0x000002b5f5cd4e42 sp=0x000000fc4f9fe0f8 mode 0
Event: 59.368 Thread 0x000002b5d001f080 Uncommon trap: trap_request=0xffffff45 fr.pc=0x000002b5f625d660 relative=0x00000000000000c0
Event: 59.368 Thread 0x000002b5d001f080 Uncommon trap: reason=unstable_if action=reinterpret pc=0x000002b5f625d660 method=java.nio.Buffer.position(I)Ljava/nio/Buffer; @ 37 c2
Event: 59.368 Thread 0x000002b5d001f080 DEOPT PACKING pc=0x000002b5f625d660 sp=0x000000fc4ddfefc0
Event: 59.368 Thread 0x000002b5d001f080 DEOPT UNPACKING pc=0x000002b5f5cd46a2 sp=0x000000fc4ddfeef0 mode 2
Event: 59.369 Thread 0x000002b5d001f080 Uncommon trap: trap_request=0xffffff45 fr.pc=0x000002b5f62302cc relative=0x000000000000012c
Event: 59.369 Thread 0x000002b5d001f080 Uncommon trap: reason=unstable_if action=reinterpret pc=0x000002b5f62302cc method=java.lang.StringCoding.countPositives([BII)I @ 17 c2
Event: 59.369 Thread 0x000002b5d001f080 DEOPT PACKING pc=0x000002b5f62302cc sp=0x000000fc4ddfec10
Event: 59.369 Thread 0x000002b5d001f080 DEOPT UNPACKING pc=0x000002b5f5cd46a2 sp=0x000000fc4ddfeb98 mode 2

Classes loaded (20 events):
Event: 4.742 Loading class sun/net/www/protocol/jar/URLJarFile$URLJarFileEntry
Event: 4.742 Loading class sun/net/www/protocol/jar/URLJarFile$URLJarFileEntry done
Event: 4.742 Loading class sun/net/www/protocol/jar/JarURLConnection$JarURLInputStream
Event: 4.742 Loading class sun/net/www/protocol/jar/JarURLConnection$JarURLInputStream done
Event: 4.742 Loading class java/nio/file/StandardCopyOption
Event: 4.742 Loading class java/nio/file/StandardCopyOption done
Event: 4.743 Loading class sun/nio/ch/ChannelOutputStream
Event: 4.743 Loading class sun/nio/ch/ChannelOutputStream done
Event: 4.765 Loading class jdk/internal/foreign/MemorySessionImpl
Event: 4.765 Loading class java/lang/foreign/MemorySegment$Scope
Event: 4.765 Loading class java/lang/foreign/MemorySegment$Scope done
Event: 4.765 Loading class jdk/internal/foreign/MemorySessionImpl done
Event: 4.912 Loading class java/io/DeleteOnExitHook
Event: 4.912 Loading class java/io/DeleteOnExitHook done
Event: 4.912 Loading class java/io/DeleteOnExitHook$1
Event: 4.912 Loading class java/io/DeleteOnExitHook$1 done
Event: 5.120 Loading class java/lang/invoke/DirectMethodHandle$Special
Event: 5.121 Loading class java/lang/invoke/DirectMethodHandle$Special done
Event: 59.369 Loading class java/util/concurrent/LinkedBlockingQueue$Itr
Event: 59.369 Loading class java/util/concurrent/LinkedBlockingQueue$Itr done

Classes unloaded (0 events):
No events

Classes redefined (0 events):
No events

Internal exceptions (12 events):
Event: 0.112 Thread 0x000002b5e62eb8a0 Exception <a 'java/lang/NoSuchMethodError'{0x0000000620ba3d20}: 'void java.lang.invoke.DirectMethodHandle$Holder.invokeStatic(java.lang.Object, java.lang.Object, java.lang.Object)'> (0x0000000620ba3d20) 
thrown [s\open\src\hotspot\share\interpreter\linkResolver.cpp, line 773]
Event: 0.116 Thread 0x000002b5e62eb8a0 Exception <a 'java/lang/NoSuchMethodError'{0x0000000620bbb318}: 'java.lang.Object java.lang.invoke.Invokers$Holder.invokeExact_MT(java.lang.Object, java.lang.Object, java.lang.Object, java.lang.Object, java.lang.Object)'> (0x0000000620bbb318) 
thrown [s\open\src\hotspot\share\interpreter\linkResolver.cpp, line 773]
Event: 0.128 Thread 0x000002b58ad8eea0 Exception <a 'java/lang/NoSuchMethodError'{0x0000000620bfa468}: 'void java.lang.invoke.DirectMethodHandle$Holder.invokeStatic(java.lang.Object, java.lang.Object)'> (0x0000000620bfa468) 
thrown [s\open\src\hotspot\share\interpreter\linkResolver.cpp, line 773]
Event: 0.223 Thread 0x000002b5e62eb8a0 Exception <a 'java/lang/NoSuchMethodError'{0x00000006206f86a0}: 'java.lang.Object java.lang.invoke.DirectMethodHandle$Holder.invokeStaticInit(java.lang.Object, int, int, int, int)'> (0x00000006206f86a0) 
thrown [s\open\src\hotspot\share\interpreter\linkResolver.cpp, line 773]
Event: 0.251 Thread 0x000002b5d001f080 Exception <a 'java/lang/NoSuchMethodError'{0x00000006207e7bf0}: 'java.lang.Object java.lang.invoke.DirectMethodHandle$Holder.invokeStaticInit(java.lang.Object, java.lang.Object, int, int, int, int)'> (0x00000006207e7bf0) 
thrown [s\open\src\hotspot\share\interpreter\linkResolver.cpp, line 773]
Event: 0.346 Thread 0x000002b5d001f080 Exception <a 'java/lang/NoSuchMethodError'{0x000000062005a188}: 'int java.lang.invoke.DirectMethodHandle$Holder.invokeSpecial(java.lang.Object, java.lang.Object, java.lang.Object)'> (0x000000062005a188) 
thrown [s\open\src\hotspot\share\interpreter\linkResolver.cpp, line 773]
Event: 0.354 Thread 0x000002b5d001f080 Exception <a 'java/lang/NoSuchMethodError'{0x0000000620178438}: 'void java.lang.invoke.Invokers$Holder.invokeExact_MT(java.lang.Object, java.lang.Object, java.lang.Object, java.lang.Object)'> (0x0000000620178438) 
thrown [s\open\src\hotspot\share\interpreter\linkResolver.cpp, line 773]
Event: 1.064 Thread 0x000002b58aa92480 Exception <a 'java/lang/NoSuchMethodError'{0x0000000620360d60}: 'java.lang.Object java.lang.invoke.Invokers$Holder.invokeExact_MT(java.lang.Object, java.lang.Object, java.lang.Object, java.lang.Object, java.lang.Object, java.lang.Object)'> (0x0000000620360d60) 
thrown [s\open\src\hotspot\share\interpreter\linkResolver.cpp, line 773]
Event: 5.121 Thread 0x000002b5d0703fe0 Exception <a 'java/lang/NoSuchMethodError'{0x000000061fc95f98}: 'java.lang.Object java.lang.invoke.DirectMethodHandle$Holder.newInvokeSpecial(java.lang.Object, java.lang.Object, java.lang.Object, java.lang.Object, int)'> (0x000000061fc95f98) 
thrown [s\open\src\hotspot\share\interpreter\linkResolver.cpp, line 773]
Event: 5.122 Thread 0x000002b5d0703fe0 Exception <a 'java/lang/NoSuchMethodError'{0x000000061fc99f80}: 'java.lang.Object java.lang.invoke.DirectMethodHandle$Holder.invokeSpecial(java.lang.Object, java.lang.Object, java.lang.Object, java.lang.Object, java.lang.Object, int)'> (0x000000061fc99f80) 
thrown [s\open\src\hotspot\share\interpreter\linkResolver.cpp, line 773]
Event: 5.123 Thread 0x000002b5d0703fe0 Exception <a 'java/lang/NoSuchMethodError'{0x000000061fc9d740}: 'java.lang.Object java.lang.invoke.Invokers$Holder.linkToTargetMethod(java.lang.Object, java.lang.Object, java.lang.Object, int, java.lang.Object)'> (0x000000061fc9d740) 
thrown [s\open\src\hotspot\share\interpreter\linkResolver.cpp, line 773]
Event: 5.619 Thread 0x000002b5d0703fe0 Exception <a 'java/lang/NoSuchMethodError'{0x000000061fce7ba0}: 'void java.lang.invoke.DirectMethodHandle$Holder.invokeStatic(java.lang.Object, java.lang.Object, java.lang.Object, java.lang.Object)'> (0x000000061fce7ba0) 
thrown [s\open\src\hotspot\share\interpreter\linkResolver.cpp, line 773]

ZGC Phase Switch (0 events):
No events

VM Operations (20 events):
Event: 0.070 Executing VM operation: HandshakeAllThreads (Deoptimize) done
Event: 0.366 Executing VM operation: HandshakeAllThreads (Deoptimize)
Event: 0.366 Executing VM operation: HandshakeAllThreads (Deoptimize) done
Event: 1.367 Executing VM operation: Cleanup
Event: 1.368 Executing VM operation: Cleanup done
Event: 4.741 Executing VM operation: HandshakeAllThreads (Deoptimize)
Event: 4.741 Executing VM operation: HandshakeAllThreads (Deoptimize) done
Event: 4.741 Executing VM operation: Cleanup
Event: 4.741 Executing VM operation: Cleanup done
Event: 5.754 Executing VM operation: Cleanup
Event: 5.754 Executing VM operation: Cleanup done
Event: 25.763 Executing VM operation: Cleanup
Event: 25.763 Executing VM operation: Cleanup done
Event: 59.776 Executing VM operation: Cleanup
Event: 59.776 Executing VM operation: Cleanup done
Event: 60.033 Executing VM operation: HandshakeAllThreads (HandshakeForDeflation)
Event: 60.033 Executing VM operation: HandshakeAllThreads (HandshakeForDeflation) done
Event: 60.033 Executing VM operation: RendezvousGCThreads
Event: 60.033 Executing VM operation: RendezvousGCThreads done
Event: 71.516 Executing VM operation: G1CollectForAllocation (G1 Evacuation Pause)

Events (20 events):
Event: 0.037 Thread 0x000002b58aa9aef0 Thread added: 0x000002b58aa9aef0
Event: 0.037 Thread 0x000002b58aabd970 Thread added: 0x000002b58aabd970
Event: 0.037 Thread 0x000002b58aac7e60 Thread added: 0x000002b58aac7e60
Event: 0.037 Thread 0x000002b58aace540 Thread added: 0x000002b58aace540
Event: 0.062 Thread 0x000002b58a3b72f0 Thread added: 0x000002b58a3b72f0
Event: 0.120 Thread 0x000002b58ad8eea0 Thread added: 0x000002b58ad8eea0
Event: 0.120 Thread 0x000002b58ad8f510 Thread added: 0x000002b58ad8f510
Event: 0.226 Thread 0x000002b5d001f080 Thread added: 0x000002b5d001f080
Event: 0.256 Thread 0x000002b58ada3fe0 Thread added: 0x000002b58ada3fe0
Event: 0.317 Thread 0x000002b5d00fafe0 Thread added: 0x000002b5d00fafe0
Event: 0.393 Thread 0x000002b5d012bb40 Thread added: 0x000002b5d012bb40
Event: 1.067 Thread 0x000002b5d02851a0 Thread added: 0x000002b5d02851a0
Event: 4.733 Thread 0x000002b5d02851a0 Thread exited: 0x000002b5d02851a0
Event: 5.104 Thread 0x000002b5d0703fe0 Thread added: 0x000002b5d0703fe0
Event: 5.624 Thread 0x000002b5d02d7290 Thread added: 0x000002b5d02d7290
Event: 25.327 Thread 0x000002b5d0104840 Thread added: 0x000002b5d0104840
Event: 25.965 Thread 0x000002b5d0fe5ae0 Thread added: 0x000002b5d0fe5ae0
Event: 59.369 Thread 0x000002b5d00fafe0 Thread exited: 0x000002b5d00fafe0
Event: 59.369 Thread 0x000002b5d001f080 Thread exited: 0x000002b5d001f080
Event: 59.370 Thread 0x000002b58ada3fe0 Thread exited: 0x000002b58ada3fe0


Dynamic libraries:
0x00007ff7fbb60000 - 0x00007ff7fbb70000 	C:\Program Files\Java\jdk-21\bin\java.exe
0x00007ffd7a0b0000 - 0x00007ffd7a2a8000 	C:\WINDOWS\SYSTEM32\ntdll.dll
0x00007ffd783d0000 - 0x00007ffd7848d000 	C:\WINDOWS\System32\KERNEL32.DLL
0x00007ffd77900000 - 0x00007ffd77bf6000 	C:\WINDOWS\System32\KERNELBASE.dll
0x00007ffd77800000 - 0x00007ffd77900000 	C:\WINDOWS\System32\ucrtbase.dll
0x00007ffd686b0000 - 0x00007ffd686c9000 	C:\Program Files\Java\jdk-21\bin\jli.dll
0x00007ffd68f40000 - 0x00007ffd68f5b000 	C:\Program Files\Java\jdk-21\bin\VCRUNTIME140.dll
0x00007ffd79f10000 - 0x00007ffd79fc0000 	C:\WINDOWS\System32\ADVAPI32.dll
0x00007ffd78210000 - 0x00007ffd782ae000 	C:\WINDOWS\System32\msvcrt.dll
0x00007ffd78540000 - 0x00007ffd785e0000 	C:\WINDOWS\System32\sechost.dll
0x00007ffd79240000 - 0x00007ffd79363000 	C:\WINDOWS\System32\RPCRT4.dll
0x00007ffd777d0000 - 0x00007ffd777f7000 	C:\WINDOWS\System32\bcrypt.dll
0x00007ffd790a0000 - 0x00007ffd7923f000 	C:\WINDOWS\System32\USER32.dll
0x00007ffd78060000 - 0x00007ffd78082000 	C:\WINDOWS\System32\win32u.dll
0x00007ffd62650000 - 0x00007ffd628ea000 	C:\WINDOWS\WinSxS\amd64_microsoft.windows.common-controls_6595b64144ccf1df_6.0.19041.3636_none_60b6a03d71f818d5\COMCTL32.dll
0x00007ffd78510000 - 0x00007ffd7853b000 	C:\WINDOWS\System32\GDI32.dll
0x00007ffd77d30000 - 0x00007ffd77e47000 	C:\WINDOWS\System32\gdi32full.dll
0x00007ffd77c00000 - 0x00007ffd77c9d000 	C:\WINDOWS\System32\msvcp_win.dll
0x00007ffd71530000 - 0x00007ffd7153a000 	C:\WINDOWS\SYSTEM32\VERSION.dll
0x00007ffd78740000 - 0x00007ffd78772000 	C:\WINDOWS\System32\IMM32.DLL
0x00007ffd73aa0000 - 0x00007ffd73aac000 	C:\Program Files\Java\jdk-21\bin\vcruntime140_1.dll
0x00007ffd68620000 - 0x00007ffd686ae000 	C:\Program Files\Java\jdk-21\bin\msvcp140.dll
0x00007ffcf9b90000 - 0x00007ffcfa8a5000 	C:\Program Files\Java\jdk-21\bin\server\jvm.dll
0x00007ffd79d40000 - 0x00007ffd79dab000 	C:\WINDOWS\System32\WS2_32.dll
0x00007ffd76c60000 - 0x00007ffd76cab000 	C:\WINDOWS\SYSTEM32\POWRPROF.dll
0x00007ffd66b00000 - 0x00007ffd66b27000 	C:\WINDOWS\SYSTEM32\WINMM.dll
0x00007ffd76b20000 - 0x00007ffd76b32000 	C:\WINDOWS\SYSTEM32\UMPDC.dll
0x00007ffd755d0000 - 0x00007ffd755e2000 	C:\WINDOWS\SYSTEM32\kernel.appcore.dll
0x00007ffd71cf0000 - 0x00007ffd71cfa000 	C:\Program Files\Java\jdk-21\bin\jimage.dll
0x00007ffd63590000 - 0x00007ffd63774000 	C:\WINDOWS\SYSTEM32\DBGHELP.DLL
0x00007ffd4dd90000 - 0x00007ffd4ddc4000 	C:\WINDOWS\SYSTEM32\dbgcore.DLL
0x00007ffd77ca0000 - 0x00007ffd77d22000 	C:\WINDOWS\System32\bcryptPrimitives.dll
0x00007ffd73110000 - 0x00007ffd7311f000 	C:\Program Files\Java\jdk-21\bin\instrument.dll
0x00007ffd68600000 - 0x00007ffd6861f000 	C:\Program Files\Java\jdk-21\bin\java.dll
0x00007ffd79520000 - 0x00007ffd79c8b000 	C:\WINDOWS\System32\SHELL32.dll
0x00007ffd757d0000 - 0x00007ffd75f6e000 	C:\WINDOWS\SYSTEM32\windows.storage.dll
0x00007ffd78790000 - 0x00007ffd78ae3000 	C:\WINDOWS\System32\combase.dll
0x00007ffd770b0000 - 0x00007ffd770de000 	C:\WINDOWS\SYSTEM32\Wldp.dll
0x00007ffd78670000 - 0x00007ffd7873d000 	C:\WINDOWS\System32\OLEAUT32.dll
0x00007ffd79fc0000 - 0x00007ffd7a06d000 	C:\WINDOWS\System32\SHCORE.dll
0x00007ffd78310000 - 0x00007ffd78365000 	C:\WINDOWS\System32\shlwapi.dll
0x00007ffd77690000 - 0x00007ffd776b3000 	C:\WINDOWS\SYSTEM32\profapi.dll
0x00007ffd68520000 - 0x00007ffd685f7000 	C:\Program Files\Java\jdk-21\bin\jsvml.dll
0x00007ffd4bd10000 - 0x00007ffd4bd28000 	C:\Program Files\Java\jdk-21\bin\zip.dll
0x00007ffd684e0000 - 0x00007ffd684f0000 	C:\Program Files\Java\jdk-21\bin\net.dll
0x00007ffd71630000 - 0x00007ffd7173a000 	C:\WINDOWS\SYSTEM32\WINHTTP.dll
0x00007ffd76e90000 - 0x00007ffd76efa000 	C:\WINDOWS\system32\mswsock.dll
0x00007ffd68470000 - 0x00007ffd68486000 	C:\Program Files\Java\jdk-21\bin\nio.dll
0x00007ffd6bb50000 - 0x00007ffd6bb6a000 	C:\Users\Nico\AppData\Local\Programs\IntelliJ IDEA Community Edition\bin\breakgen64.dll
0x00007ffd4bd00000 - 0x00007ffd4bd07000 	C:\Program Files\Java\jdk-21\bin\extnet.dll
0x00007ffd6bb00000 - 0x00007ffd6bb12000 	C:\Program Files\Java\jdk-21\bin\jsound.dll
0x00007ffd780e0000 - 0x00007ffd7820b000 	C:\WINDOWS\System32\ole32.dll
0x00007ffd159b0000 - 0x00007ffd15a4c000 	C:\WINDOWS\SYSTEM32\DSOUND.dll
0x00007ffd575c0000 - 0x00007ffd575e6000 	C:\WINDOWS\SYSTEM32\winmmbase.dll
0x00007ffd770f0000 - 0x00007ffd77108000 	C:\WINDOWS\SYSTEM32\CRYPTSP.dll
0x00007ffd76760000 - 0x00007ffd76794000 	C:\WINDOWS\system32\rsaenh.dll
0x00007ffd77650000 - 0x00007ffd7767e000 	C:\WINDOWS\SYSTEM32\USERENV.dll
0x00007ffd75100000 - 0x00007ffd7519e000 	C:\WINDOWS\system32\uxtheme.dll
0x00007ffd77020000 - 0x00007ffd7702c000 	C:\WINDOWS\SYSTEM32\CRYPTBASE.dll
0x00007ffd79c90000 - 0x00007ffd79d39000 	C:\WINDOWS\System32\clbcatq.dll
0x00007ffd70cb0000 - 0x00007ffd70d35000 	C:\WINDOWS\System32\MMDevApi.dll
0x00007ffd774f0000 - 0x00007ffd77523000 	C:\WINDOWS\System32\DEVOBJ.dll
0x00007ffd78090000 - 0x00007ffd780de000 	C:\WINDOWS\System32\cfgmgr32.dll
0x00007ffd76b40000 - 0x00007ffd76b7b000 	C:\WINDOWS\SYSTEM32\IPHLPAPI.DLL
0x00007ffd78af0000 - 0x00007ffd78af8000 	C:\WINDOWS\System32\NSI.dll
0x00007ffd63c40000 - 0x00007ffd63c86000 	C:\WINDOWS\SYSTEM32\wdmaud.drv
0x00007ffd73150000 - 0x00007ffd73159000 	C:\WINDOWS\SYSTEM32\ksuser.dll
0x00007ffd74f50000 - 0x00007ffd74f5a000 	C:\WINDOWS\SYSTEM32\AVRT.dll
0x00007ffd64470000 - 0x00007ffd645f2000 	C:\WINDOWS\SYSTEM32\AUDIOSES.DLL
0x00007ffd73140000 - 0x00007ffd7314d000 	C:\WINDOWS\SYSTEM32\msacm32.drv
0x00007ffd72ae0000 - 0x00007ffd72afe000 	C:\WINDOWS\SYSTEM32\MSACM32.dll
0x00007ffd73130000 - 0x00007ffd7313b000 	C:\WINDOWS\SYSTEM32\midimap.dll
0x00007ffd751e0000 - 0x00007ffd751f4000 	C:\WINDOWS\SYSTEM32\resourcepolicyclient.dll
0x00007ffccbe00000 - 0x00007ffcccfff000 	C:\Users\Nico\AppData\Local\Temp\webrtc-java3955793213895936001.dll
0x00007ffd6f830000 - 0x00007ffd6f83b000 	C:\WINDOWS\SYSTEM32\msdmo.dll
0x00007ffd737e0000 - 0x00007ffd73a43000 	C:\WINDOWS\SYSTEM32\d3d11.dll
0x00007ffd36000000 - 0x00007ffd361bb000 	C:\WINDOWS\SYSTEM32\MFPlat.DLL
0x00007ffd75fb0000 - 0x00007ffd760a3000 	C:\WINDOWS\SYSTEM32\dxgi.dll
0x00007ffd65720000 - 0x00007ffd6572c000 	C:\WINDOWS\SYSTEM32\Secur32.dll
0x00007ffd77610000 - 0x00007ffd77642000 	C:\WINDOWS\SYSTEM32\SSPICLI.DLL
0x00007ffd3a720000 - 0x00007ffd3a754000 	C:\WINDOWS\SYSTEM32\RTWorkQ.DLL
0x00007ffd680a0000 - 0x00007ffd68117000 	C:\Windows\System32\mfwmaaec.dll
0x00007ffd6ec50000 - 0x00007ffd6ed91000 	C:\Windows\System32\Windows.UI.dll
0x00007ffd6b560000 - 0x00007ffd6b659000 	C:\Windows\System32\TextInputFramework.dll
0x00007ffd6b400000 - 0x00007ffd6b552000 	C:\Windows\System32\InputHost.dll
0x00007ffd72090000 - 0x00007ffd72131000 	C:\Windows\System32\WindowManagementAPI.dll
0x00007ffd74760000 - 0x00007ffd74abb000 	C:\Windows\System32\CoreUIComponents.dll
0x00007ffd74ac0000 - 0x00007ffd74bb2000 	C:\Windows\System32\CoreMessaging.dll
0x00007ffd74070000 - 0x00007ffd741c7000 	C:\WINDOWS\SYSTEM32\wintypes.dll
0x00007ffd71e70000 - 0x00007ffd72073000 	C:\WINDOWS\SYSTEM32\twinapi.appcore.dll
0x00007ffd73280000 - 0x00007ffd73376000 	C:\Windows\System32\PROPSYS.dll
0x00007ffd76880000 - 0x00007ffd768b3000 	C:\WINDOWS\SYSTEM32\ntmarta.dll
0x00007ffd72400000 - 0x00007ffd72417000 	C:\WINDOWS\SYSTEM32\dhcpcsvc6.DLL
0x00007ffd723e0000 - 0x00007ffd723fd000 	C:\WINDOWS\SYSTEM32\dhcpcsvc.DLL
0x00007ffd76b90000 - 0x00007ffd76c5b000 	C:\WINDOWS\SYSTEM32\DNSAPI.dll
0x00007ffd6f850000 - 0x00007ffd6f85a000 	C:\Windows\System32\rasadhlp.dll
0x00007ffd6f490000 - 0x00007ffd6f510000 	C:\WINDOWS\System32\fwpuclnt.dll

dbghelp: loaded successfully - version: 4.0.5 - missing functions: none
symbol engine: initialized successfully - sym options: 0x614 - pdb path: .;C:\Program Files\Java\jdk-21\bin;C:\WINDOWS\SYSTEM32;C:\WINDOWS\WinSxS\amd64_microsoft.windows.common-controls_6595b64144ccf1df_6.0.19041.3636_none_60b6a03d71f818d5;C:\Program Files\Java\jdk-21\bin\server;C:\Users\Nico\AppData\Local\Programs\IntelliJ IDEA Community Edition\bin;C:\Users\Nico\AppData\Local\Temp

VM Arguments:
jvm_args: -javaagent:C:\Users\Nico\AppData\Local\Programs\IntelliJ IDEA Community Edition\lib\idea_rt.jar=50988:C:\Users\Nico\AppData\Local\Programs\IntelliJ IDEA Community Edition\bin -Dfile.encoding=UTF-8 -Dsun.stdout.encoding=UTF-8 -Dsun.stderr.encoding=UTF-8 
java_command: org.example.App 5
java_class_path (initial): E:\Coding\Java\webrptcJava\target\classes;C:\Users\Nico\.m2\repository\dev\onvoid\webrtc\webrtc-java\0.8.0\webrtc-java-0.8.0.jar;C:\Users\Nico\.m2\repository\dev\onvoid\webrtc\webrtc-java\0.8.0\webrtc-java-0.8.0-windows-x86_64.jar;C:\Users\Nico\.m2\repository\org\json\json\20240303\json-20240303.jar;C:\Users\Nico\.m2\repository\com\github\sarxos\webcam-capture\0.3.12\webcam-capture-0.3.12.jar;C:\Users\Nico\.m2\repository\com\nativelibs4java\bridj\0.7.0\bridj-0.7.0.jar;C:\Users\Nico\.m2\repository\org\java-websocket\Java-WebSocket\1.5.6\Java-WebSocket-1.5.6.jar;C:\Users\Nico\.m2\repository\com\google\code\gson\gson\2.10.1\gson-2.10.1.jar;C:\Users\Nico\.m2\repository\com\fasterxml\jackson\core\jackson-databind\2.13.3\jackson-databind-2.13.3.jar;C:\Users\Nico\.m2\repository\com\fasterxml\jackson\core\jackson-annotations\2.13.3\jackson-annotations-2.13.3.jar;C:\Users\Nico\.m2\repository\com\fasterxml\jackson\core\jackson-core\2.13.3\jackson-core-2.13.3.jar;C:\Users\Nico\.m2\repository\org\slf4j\slf4j-api\2.0.13\slf4j-api-2.0.13.jar
Launcher Type: SUN_STANDARD

[Global flags]
     intx CICompilerCount                          = 4                                         {product} {ergonomic}
     uint ConcGCThreads                            = 3                                         {product} {ergonomic}
     uint G1ConcRefinementThreads                  = 10                                        {product} {ergonomic}
   size_t G1HeapRegionSize                         = 4194304                                   {product} {ergonomic}
    uintx GCDrainStackTargetSize                   = 64                                        {product} {ergonomic}
   size_t InitialHeapSize                          = 536870912                                 {product} {ergonomic}
   size_t MarkStackSize                            = 4194304                                   {product} {ergonomic}
   size_t MaxHeapSize                              = 8577351680                                {product} {ergonomic}
   size_t MaxNewSize                               = 5146411008                                {product} {ergonomic}
   size_t MinHeapDeltaBytes                        = 4194304                                   {product} {ergonomic}
   size_t MinHeapSize                              = 8388608                                   {product} {ergonomic}
    uintx NonNMethodCodeHeapSize                   = 5839372                                {pd product} {ergonomic}
    uintx NonProfiledCodeHeapSize                  = 122909434                              {pd product} {ergonomic}
    uintx ProfiledCodeHeapSize                     = 122909434                              {pd product} {ergonomic}
    uintx ReservedCodeCacheSize                    = 251658240                              {pd product} {ergonomic}
     bool SegmentedCodeCache                       = true                                      {product} {ergonomic}
   size_t SoftMaxHeapSize                          = 8577351680                             {manageable} {ergonomic}
     bool UseCompressedOops                        = true                           {product lp64_product} {ergonomic}
     bool UseG1GC                                  = true                                      {product} {ergonomic}
     bool UseLargePagesIndividualAllocation        = false                                  {pd product} {ergonomic}

Logging:
Log output configuration:
 #0: stdout all=warning uptime,level,tags foldmultilines=false
 #1: stderr all=off uptime,level,tags foldmultilines=false

Environment Variables:
JAVA_HOME=C:\Users\Nico\Downloads\jdk-17.0.9_windows-x64_bin\jdk-17.0.9
PATH=C:\Python39\Scripts\;C:\Python39\;C:\Program Files (x86)\Common Files\Intel\Shared Libraries\redist\intel64\compiler;C:\Windows\system32;C:\Windows;C:\Windows\System32\Wbem;C:\Windows\System32\WindowsPowerShell\v1.0\;C:\Program Files (x86)\NVIDIA Corporation\PhysX\Common;C:\Program Files (x86)\Windows Live\Shared;C:\WINDOWS\system32;C:\WINDOWS;C:\WINDOWS\System32\Wbem;C:\WINDOWS\System32\WindowsPowerShell\v1.0\;C:\WINDOWS\System32\OpenSSH\;C:\WINDOWS\system32;C:\WINDOWS;C:\WINDOWS\System32\Wbem;C:\WINDOWS\System32\WindowsPowerShell\v1.0\;C:\WINDOWS\System32\OpenSSH\;C:\Program Files\NVIDIA Corporation\NVIDIA NvDLISR;C:\ProgramData\chocolatey\bin;C:\Program Files\dotnet\;C:\Program Files\Git\cmd;C:\MinGW\bin;C:\Users\Nico\AppData\Roaming\nvm;C:\Program Files\nodejs;C:\Users\Nico\Downloads\protoc-25.1-win64\bin;C:\Users\Nico\Downloads\apache-maven-3.9.6-bin\apache-maven-3.9.6\bin;C:\Program Files\Docker\Docker\resources\bin;C:\Users\Nico\AppData\Local\Programs\Rider\bin;C:\Program Files\PowerShell\7\;C:\Program Files\JetBrains\WebStorm 2023.2\bin;C:\Users\Nico\Downloads\jdk-17.0.9_windows-x64_bin\jdk-17.0.9;C:\Users\Nico\Downloads\jdk-17.0.9_windows-x64_bin\jdk-17.0.9\bin;C:\Users\Nico\AppData\Local\Microsoft\WindowsApps;C:\Users\Nico\.dotnet\tools;C:\Users\Nico\AppData\Local\Programs\Microsoft VS Code\bin;C:\Program Files\Git\bin\git.exe;C:\Users\Nico\AppData\Local\JetBrains\Toolbox\scripts;C:\Users\Nico\.dotnet\tools;C:\Users\Nico\AppData\Roaming\Composer\vendor\bin;C:\Users\Nico\Downloads\mongosh-1.9.1-win32-x64\mongosh-1.9.1-win32-x64\bin;E:\Coding\LSP\tstest\node_modules\.bin
USERNAME=Nico
OS=Windows_NT
PROCESSOR_IDENTIFIER=AMD64 Family 23 Model 1 Stepping 1, AuthenticAMD
TMP=C:\Users\Nico\AppData\Local\Temp
TEMP=C:\Users\Nico\AppData\Local\Temp




Periodic native trim disabled

---------------  S Y S T E M  ---------------

OS:
 Windows 10 , 64 bit Build 19041 (10.0.19041.3636)
OS uptime: 0 days 3:38 hours
Hyper-V role detected

CPU: total 12 (initial active 12) (12 cores per cpu, 2 threads per core) family 23 model 1 stepping 1 microcode 0x0, cx8, cmov, fxsr, ht, mmx, 3dnowpref, sse, sse2, sse3, ssse3, sse4a, sse4.1, sse4.2, popcnt, lzcnt, tsc, tscinvbit, avx, avx2, aes, clmul, bmi1, bmi2, adx, sha, fma, vzeroupper, clflush, clflushopt, hv, rdtscp, f16c
Processor Information for all 12 processors :
  Max Mhz: 3600, Current Mhz: 3600, Mhz Limit: 3600

Memory: 4k page, system-wide physical 32704M (19266M free)
TotalPageFile size 37568M (AvailPageFile size 19972M)
current process WorkingSet (physical memory assigned to process): 107M, peak: 107M
current process commit charge ("private bytes"): 642M, peak: 643M

vm_info: Java HotSpot(TM) 64-Bit Server VM (21.0.1+12-LTS-29) for windows-amd64 JRE (21.0.1+12-LTS-29), built on 2023-10-05T13:27:09Z by "mach5one" with MS VC++ 17.1 (VS2022)

END.
