#
# A fatal error has been detected by the Java Runtime Environment:
#
#  EXCEPTION_ACCESS_VIOLATION (0xc0000005) at pc=0x00007ffd06829d62, pid=1164, tid=2288
#
# JRE version: OpenJDK Runtime Environment (22.0.1+8) (build 22.0.1+8-16)
# Java VM: OpenJDK 64-Bit Server VM (22.0.1+8-16, mixed mode, sharing, tiered, compressed oops, compressed class ptrs, g1 gc, windows-amd64)
# Problematic frame:
# V  [jvm.dll+0x369d62]
#
# No core dump will be written. Minidumps are not enabled by default on client versions of Windows
#
# If you would like to submit a bug report, please visit:
#   https://bugreport.java.com/bugreport/crash.jsp
#

---------------  S U M M A R Y ------------

Command Line: -javaagent:D:\IntelliJ\IntelliJ IDEA 2024.1\lib\idea_rt.jar=53973:D:\IntelliJ\IntelliJ IDEA 2024.1\bin -Dfile.encoding=UTF-8 -Dsun.stdout.encoding=UTF-8 -Dsun.stderr.encoding=UTF-8 org.example.App 3

Host: Intel(R) Core(TM) i5-8500 CPU @ 3.00GHz, 6 cores, 15G,  Windows 10 , 64 bit Build 19041 (10.0.19041.3636)
Time: Fri Jun 14 12:11:57 2024 Mitteleuropäische Sommerzeit elapsed time: 3.301918 seconds (0d 0h 0m 3s)

---------------  T H R E A D  ---------------

Current thread (0x000002638886c0a0):  WorkerThread "GC Thread#3"    [id=2288, stack(0x000000e485800000,0x000000e485900000) (1024K)]

Stack: [0x000000e485800000,0x000000e485900000],  sp=0x000000e4858ff8c0,  free space=1022k
Native frames: (J=compiled Java code, j=interpreted, Vv=VM code, C=native code)
V  [jvm.dll+0x369d62]  (no source info available)
V  [jvm.dll+0x36a455]  (no source info available)
V  [jvm.dll+0x36a12b]  (no source info available)
V  [jvm.dll+0x372734]  (no source info available)
V  [jvm.dll+0x372a4b]  (no source info available)
V  [jvm.dll+0x8a4297]  (no source info available)
V  [jvm.dll+0x81d44b]  (no source info available)
V  [jvm.dll+0x6e0915]  (no source info available)
C  [ucrtbase.dll+0x21bb2]  (no source info available)
C  [KERNEL32.DLL+0x17344]  (no source info available)
C  [ntdll.dll+0x526b1]  (no source info available)


siginfo: EXCEPTION_ACCESS_VIOLATION (0xc0000005), reading address 0x000000000000ff30


Registers:
RAX=0x0000000000000000, RBX=0x0000026389267db8, RCX=0x0000000000000015, RDX=0x0000026324240020
RSP=0x000000e4858ff8c0, RBP=0x0000000000000001, RSI=0xffff000000000000, RDI=0x0000026389209608
R8 =0x00000263430067f8, R9 =0x00000263242890a3, R10=0x000000000000ff30, R11=0x000000e4858ff850
R12=0x0000026389209600, R13=0x000000e4846fe948, R14=0x0000026389267c40, R15=0x0000000000000020
RIP=0x00007ffd06829d62, EFLAGS=0x0000000000010246


Register to memory mapping:

RAX=0x0 is null
RBX=0x0000026389267db8 points into unknown readable memory: 0x000000000000ff30 | 30 ff 00 00 00 00 00 00
RCX=0x0000000000000015 is an unknown value
RDX=0x0000026324240020 points into unknown readable memory: 0x00007ffd06eaed50 | 50 ed ea 06 fd 7f 00 00
RSP=0x000000e4858ff8c0 points into unknown readable memory: 0x0000000001f7127b | 7b 12 f7 01 00 00 00 00
RBP=0x0000000000000001 is an unknown value
RSI=0xffff000000000000 is an unknown value
RDI=0x0000026389209608 points into unknown readable memory: 0x00007ffd06eb84d0 | d0 84 eb 06 fd 7f 00 00
R8 =0x00000263430067f8 is a pointer to class: 
java.lang.Class {0x0000026343006800}
 - instance size:     14
 - klass size:        95
 - access:            public final synchronized 
 - flags:             rewritten has_nonstatic_fields has_nonstatic_concrete_methods is_shared_boot_class has_localvariable_table has_resolved_methods 
 - state:             fully_initialized
 - name:              'java/lang/Class'
 - super:             'java/lang/Object'
 - sub:               
 - arrays:            'java/lang/Class'[]
 - methods:           Array<T>(0x00000263435e0ee0)
 - method ordering:   Array<T>(0x00000263435e1480)
 - default_methods:   Array<T>(0x0000000000000000)
 - local interfaces:  Array<T>(0x00000263435e1448)
 - trans. interfaces: Array<T>(0x00000263435dd7b0)
 - constants:         constant pool [1729]/operands[49] {0x00000263435dd818} for 'java/lang/Class' cache=0x000002634342e630
 - class loader data:  loader data: 0x0000026342c27470 of 'bootstrap'
 - source file:       'Class.java'
 - class annotations:       Array<T>(0x0000000000000000)
 - class type annotations:  Array<T>(0x0000000000000000)
 - field annotations:       Array<T>(0x0000026343bdc348)
 - field type annotations:  Array<T>(0x0000000000000000)
 - generic signature: '<T:Ljava/lang/Object;>Ljava/lang/Object;Ljava/io/Serializable;Ljava/lang/reflect/GenericDeclaration;Ljava/lang/reflect/Type;Ljava/lang/reflect/AnnotatedElement;Ljava/lang/invoke/TypeDescriptor$OfField<Ljava/lang/Class<*>;>;Ljava/lang/constant/Constable;'
 - inner classes:     Array<T>(0x00000263435e0e60)
 - nest members:     Array<T>(0x00000263435e1830)
 - permitted subclasses:     Array<T>(0x00000263435d5b50)
 - java mirror:       a 'java/lang/Class'{0x0000000703f5a510} = 'java/lang/Class'
 - vtable length      5  (start addr: 0x00000263430069c0)
 - itable length      32 (start addr: 0x00000263430069e8)
 - ---- static fields (5 words):
 - private static final 'ANNOTATION' 'I' @136 
 - private static final 'ENUM' 'I' @140 
 - private static final 'SYNTHETIC' 'I' @144 
 - private static 'allPermDomain' 'Ljava/security/ProtectionDomain;' @112 
 - private static final 'EMPTY_CLASS_ARRAY' '[Ljava/lang/Class;' @116 
 - private static final 'serialVersionUID' 'J' @128 
 - private static final 'serialPersistentFields' '[Ljava/io/ObjectStreamField;' @120 
 - private static 'reflectionFactory' 'Ljdk/internal/reflect/ReflectionFactory;' @124 
 - ---- non-static fields (24 words):
 - private volatile transient 'classRedefinedCount' 'I' @12 
 - injected 'klass' 'J' @16 
 - injected 'array_klass' 'J' @24 
 - injected 'oop_size' 'I' @32 
 - injected 'static_oop_field_count' 'I' @36 
 - private volatile transient 'cachedConstructor' 'Ljava/lang/reflect/Constructor;' @40 
 - private transient 'name' 'Ljava/lang/String;' @44 
 - private transient 'module' 'Ljava/lang/Module;' @48 
 - private final 'classLoader' 'Ljava/lang/ClassLoader;' @52 
 - private transient 'classData' 'Ljava/lang/Object;' @56 
 - private transient 'packageName' 'Ljava/lang/String;' @60 
 - private final 'componentType' 'Ljava/lang/Class;' @64 
 - private volatile transient 'reflectionData' 'Ljava/lang/ref/SoftReference;' @68 
 - private volatile transient 'genericInfo' 'Lsun/reflect/generics/repository/ClassRepository;' @72 
 - private volatile transient 'enumConstants' '[Ljava/lang/Object;' @76 
 - private volatile transient 'enumConstantDirectory' 'Ljava/util/Map;' @80 
 - private volatile transient 'annotationData' 'Ljava/lang/Class$AnnotationData;' @84 
 - private volatile transient 'annotationType' 'Lsun/reflect/annotation/AnnotationType;' @88 
 - transient 'classValueMap' 'Ljava/lang/ClassValue$ClassValueMap;' @92 
 - injected 'protection_domain' 'Ljava/lang/Object;' @96 
 - injected 'signers_name' 'Ljava/lang/Object;' @100 
 - injected 'source_file' 'Ljava/lang/Object;' @104 
 - non-static oop maps: 40-104 
R9 =0x00000263242890a3 points into unknown readable memory: 00 00 00 00 00
R10=0x000000000000ff30 is an unknown value
R11=0x000000e4858ff850 points into unknown readable memory: 0x0000000000000020 | 20 00 00 00 00 00 00 00
R12=0x0000026389209600 points into unknown readable memory: 0x00007ffd06eb8518 | 18 85 eb 06 fd 7f 00 00
R13=0x000000e4846fe948 points into unknown readable memory: 0x000002632220c230 | 30 c2 20 22 63 02 00 00
R14=0x0000026389267c40 points into unknown readable memory: 0x000000071163e1d0 | d0 e1 63 11 07 00 00 00
R15=0x0000000000000020 is an unknown value

Top of Stack: (sp=0x000000e4858ff8c0)
0x000000e4858ff8c0:   0000000001f7127b 000000024bdde911
0x000000e4858ff8d0:   0000000001f7127c 000000024bdde96f
0x000000e4858ff8e0:   0000000000000004 00007ffd0682a455
0x000000e4858ff8f0:   0000026389209608 0000000000000000
0x000000e4858ff900:   0000026389000001 00007ffd06eb3530
0x000000e4858ff910:   0000000000000000 000000e4858ff990
0x000000e4858ff920:   0000000000000001 0000026388c426d0
0x000000e4858ff930:   000000e4846fe840 000000024bdde220
0x000000e4858ff940:   00007ffd06eb3440 0000000001f7127c
0x000000e4858ff950:   000000024bdde96f 00007ffd0000000b
0x000000e4858ff960:   0000026388c426d0 0000000000000001
0x000000e4858ff970:   0000000000000000 0000000000000000
0x000000e4858ff980:   0000026388000000 00007ffd068757ce
0x000000e4858ff990:   00007ffd06eb3440 0000000001f70b00
0x000000e4858ff9a0:   0000000000000001 0000000000000002
0x000000e4858ff9b0:   0000000000000000 0000492575a73067
0x000000e4858ff9c0:   0000000000000000 000002638817a570
0x000000e4858ff9d0:   0000026388c426d0 00000000000003d8
0x000000e4858ff9e0:   000002638817a958 0000026389209600
0x000000e4858ff9f0:   000000e4846fe840 0000000000000001
0x000000e4858ffa00:   0000026389528010 00007ffd0682a12b
0x000000e4858ffa10:   0000026389528010 0000000000000001
0x000000e4858ffa20:   000000e4846fe840 0000000000000001
0x000000e4858ffa30:   0000000000000001 0000000000000008
0x000000e4858ffa40:   0000000000000005 00007ffd06570000
0x000000e4858ffa50:   0000000000000000 00007ffd06b94431
0x000000e4858ffa60:   0000000000000008 00000000000000f8
0x000000e4858ffa70:   0000000000000001 00007ffd0657bd5e
0x000000e4858ffa80:   0000000000000005 00007ffd0657e836
0x000000e4858ffa90:   0000000000000000 0000000000000008
0x000000e4858ffaa0:   00007ffd06eb3450 0000000001f70b19
0x000000e4858ffab0:   000000024bd54216 0000000000000003 

Instructions: (pc=0x00007ffd06829d62)
0x00007ffd06829c62:   4b 10 48 8d 54 24 40 66 89 44 24 40 4c 8b c7 0f
0x00007ffd06829c72:   b6 44 24 3a 88 44 24 42 e8 71 0d ff ff 48 8b d0
0x00007ffd06829c82:   48 2b 15 4f 18 87 00 8b 0d 51 18 87 00 48 d3 ea
0x00007ffd06829c92:   89 16 eb 5e 3c fd 75 3b 41 8b 88 18 02 00 00 48
0x00007ffd06829ca2:   8b d7 49 8b 80 10 02 00 00 48 d3 e0 8b 0d 3c 9d
0x00007ffd06829cb2:   8d 00 48 2b d0 48 d3 ea 8b c2 48 8d 0c 40 49 8b
0x00007ffd06829cc2:   80 a8 05 00 00 80 7c 01 01 fd 75 17 c6 44 01 01
0x00007ffd06829cd2:   ff eb 10 3c fc 75 0c 48 8b 4b 10 48 8b d6 e8 4b
0x00007ffd06829ce2:   f1 ff ff 8b 53 18 4c 8b c7 48 8b 4b 28 e8 ac 2d
0x00007ffd06829cf2:   fb ff 48 8b 4b 10 e8 93 e6 fe ff 48 8b 7c 24 30
0x00007ffd06829d02:   48 8b 5c 24 48 48 83 c4 20 5e c3 cc cc cc 48 89
0x00007ffd06829d12:   5c 24 08 57 48 83 ec 20 4c 8b 12 48 8b da 48 8b
0x00007ffd06829d22:   f9 4d 85 d2 0f 84 cf 00 00 00 48 8b 51 08 49 8b
0x00007ffd06829d32:   c2 8b 8a c8 05 00 00 48 d3 e8 4c 8d 0c 40 4c 03
0x00007ffd06829d42:   8a b8 05 00 00 41 0f b7 01 66 89 44 24 38 41 0f
0x00007ffd06829d52:   b6 41 02 88 44 24 3a 0f b6 44 24 39 84 c0 78 44
0x00007ffd06829d62:   49 8b 0a 0f b6 c1 24 03 3c 03 75 09 48 83 e1 fc
0x00007ffd06829d72:   48 89 0b eb 7b 0f b7 44 24 38 48 8d 54 24 40 66
0x00007ffd06829d82:   89 44 24 40 4c 8b c9 0f b6 44 24 3a 4d 8b c2 48
0x00007ffd06829d92:   8b 4f 10 88 44 24 42 e8 52 0c ff ff 48 8b c8 48
0x00007ffd06829da2:   89 03 eb 4c 3c fd 75 38 8b 8a 18 02 00 00 48 8b
0x00007ffd06829db2:   82 10 02 00 00 48 d3 e0 8b 0d 30 9c 8d 00 4c 2b
0x00007ffd06829dc2:   d0 49 d3 ea 41 8b c2 48 8d 0c 40 48 8b 82 a8 05
0x00007ffd06829dd2:   00 00 80 7c 01 01 fd 75 17 c6 44 01 01 ff eb 10
0x00007ffd06829de2:   3c fc 75 0c 48 8b 4f 10 48 8b d3 e8 de ef ff ff
0x00007ffd06829df2:   48 8b 4f 10 e8 95 e5 fe ff 48 8b 5c 24 30 48 83
0x00007ffd06829e02:   c4 20 5f c3 cc cc cc cc cc cc cc cc cc cc 48 89
0x00007ffd06829e12:   5c 24 08 57 48 83 ec 20 8b 02 48 8b fa 48 8b d9
0x00007ffd06829e22:   85 c0 0f 84 eb 00 00 00 8b 0d b0 16 87 00 44 8b
0x00007ffd06829e32:   c0 4c 8b 4b 08 49 d3 e0 4c 03 05 97 16 87 00 49
0x00007ffd06829e42:   8b c0 41 8b 89 c8 05 00 00 48 d3 e8 48 8d 14 40
0x00007ffd06829e52:   49 03 91 b8 05 00 00 0f b7 02 66 89 44 24 38 0f 


Stack slot to memory mapping:

stack at sp + 0 slots: 0x0000000001f7127b is an unknown value
stack at sp + 1 slots: 0x000000024bdde911 is an unknown value
stack at sp + 2 slots: 0x0000000001f7127c is an unknown value
stack at sp + 3 slots: 0x000000024bdde96f is an unknown value
stack at sp + 4 slots: 0x0000000000000004 is an unknown value
stack at sp + 5 slots: 0x00007ffd0682a455 jvm.dll
stack at sp + 6 slots: 0x0000026389209608 points into unknown readable memory: 0x00007ffd06eb84d0 | d0 84 eb 06 fd 7f 00 00
stack at sp + 7 slots: 0x0 is null


---------------  P R O C E S S  ---------------

Threads class SMR info:
_java_thread_list=0x000002638945c190, length=24, elements={
0x000002632422fb40, 0x0000026342d8c130, 0x0000026342d8d050, 0x0000026342d9d7c0,
0x0000026342da14f0, 0x0000026342da26f0, 0x0000026342da3150, 0x0000026342da4b90,
0x0000026342dab4a0, 0x0000026388092490, 0x0000026388502090, 0x0000026388f9a020,
0x00000263888f3420, 0x0000026388c41ed0, 0x000002638886dc10, 0x00000263893626d0,
0x00000263893854b0, 0x00000263891b1290, 0x00000263891b5ba0, 0x00000263891bb1c0,
0x00000263891bb850, 0x00000263891bbee0, 0x00000263891b9e10, 0x00000263894b4c30
}

Java Threads: ( => current thread )
  0x000002632422fb40 JavaThread "main"                              [_thread_in_native, id=1392, stack(0x000000e483f00000,0x000000e484000000) (1024K)]
  0x0000026342d8c130 JavaThread "Reference Handler"          daemon [_thread_blocked, id=10932, stack(0x000000e484700000,0x000000e484800000) (1024K)]
  0x0000026342d8d050 JavaThread "Finalizer"                  daemon [_thread_blocked, id=15848, stack(0x000000e484800000,0x000000e484900000) (1024K)]
  0x0000026342d9d7c0 JavaThread "Signal Dispatcher"          daemon [_thread_blocked, id=6300, stack(0x000000e484900000,0x000000e484a00000) (1024K)]
  0x0000026342da14f0 JavaThread "Attach Listener"            daemon [_thread_blocked, id=8132, stack(0x000000e484a00000,0x000000e484b00000) (1024K)]
  0x0000026342da26f0 JavaThread "Service Thread"             daemon [_thread_blocked, id=4968, stack(0x000000e484b00000,0x000000e484c00000) (1024K)]
  0x0000026342da3150 JavaThread "Monitor Deflation Thread"   daemon [_thread_blocked, id=8104, stack(0x000000e484c00000,0x000000e484d00000) (1024K)]
  0x0000026342da4b90 JavaThread "C2 CompilerThread0"         daemon [_thread_blocked, id=8764, stack(0x000000e484d00000,0x000000e484e00000) (1024K)]
  0x0000026342dab4a0 JavaThread "C1 CompilerThread0"         daemon [_thread_blocked, id=8472, stack(0x000000e484e00000,0x000000e484f00000) (1024K)]
  0x0000026388092490 JavaThread "Common-Cleaner"             daemon [_thread_blocked, id=16180, stack(0x000000e484f00000,0x000000e485000000) (1024K)]
  0x0000026388502090 JavaThread "Monitor Ctrl-Break"         daemon [_thread_in_native, id=4848, stack(0x000000e485100000,0x000000e485200000) (1024K)]
  0x0000026388f9a020 JavaThread "Notification Thread"        daemon [_thread_blocked, id=9344, stack(0x000000e485200000,0x000000e485300000) (1024K)]
  0x00000263888f3420 JavaThread "WebSocketConnectReadThread-21"        [_thread_in_native, id=1100, stack(0x000000e485300000,0x000000e485400000) (1024K)]
  0x0000026388c41ed0 JavaThread "WebSocketWriteThread-27"           [_thread_blocked, id=1464, stack(0x000000e485b00000,0x000000e485c00000) (1024K)]
  0x000002638886dc10 JavaThread "connectionLostChecker-1"           [_thread_blocked, id=7868, stack(0x000000e485c00000,0x000000e485d00000) (1024K)]
  0x00000263893626d0 JavaThread "Java Sound Event Dispatcher" daemon [_thread_blocked, id=5108, stack(0x000000e485d00000,0x000000e485e00000) (1024K)]
  0x00000263893854b0 JavaThread "Thread-2"                          [_thread_blocked, id=10908, stack(0x000000e486100000,0x000000e486200000) (1024K)]
  0x00000263891b1290 JavaThread "Java2D Disposer"            daemon [_thread_blocked, id=7256, stack(0x000000e486800000,0x000000e486900000) (1024K)]
  0x00000263891b5ba0 JavaThread "AWT-Shutdown"                      [_thread_blocked, id=1220, stack(0x000000e486900000,0x000000e486a00000) (1024K)]
  0x00000263891bb1c0 JavaThread "AWT-Windows"                daemon [_thread_in_native, id=10676, stack(0x000000e486a00000,0x000000e486b00000) (1024K)]
  0x00000263891bb850 JavaThread "AWT-EventQueue-0"                  [_thread_blocked, id=6448, stack(0x000000e486b00000,0x000000e486c00000) (1024K)]
  0x00000263891bbee0 JavaThread "Thread-3"                          [_thread_blocked, id=2544, stack(0x000000e486f00000,0x000000e487000000) (1024K)]
  0x00000263891b9e10 JavaThread "JavaCPP Deallocator"        daemon [_thread_blocked, id=8444, stack(0x000000e487400000,0x000000e487500000) (1024K)]
  0x00000263894b4c30 JavaThread "C2 CompilerThread1"         daemon [_thread_blocked, id=480, stack(0x000000e487500000,0x000000e487600000) (1024K)]
Total: 24

Other Threads:
  0x0000026342d6fe60 VMThread "VM Thread"                           [id=8000, stack(0x000000e484600000,0x000000e484700000) (1024K)]
  0x0000026342d57100 WatcherThread "VM Periodic Task Thread"        [id=9584, stack(0x000000e484500000,0x000000e484600000) (1024K)]
  0x00000263242950c0 WorkerThread "GC Thread#0"                     [id=6072, stack(0x000000e484000000,0x000000e484100000) (1024K)]
  0x0000026388b69310 WorkerThread "GC Thread#1"                     [id=13644, stack(0x000000e485600000,0x000000e485700000) (1024K)]
  0x000002638886bcf0 WorkerThread "GC Thread#2"                     [id=10872, stack(0x000000e485700000,0x000000e485800000) (1024K)]
=>0x000002638886c0a0 WorkerThread "GC Thread#3"                     [id=2288, stack(0x000000e485800000,0x000000e485900000) (1024K)]
  0x000002638886c450 WorkerThread "GC Thread#4"                     [id=8692, stack(0x000000e485900000,0x000000e485a00000) (1024K)]
  0x000002638886c800 WorkerThread "GC Thread#5"                     [id=7452, stack(0x000000e485a00000,0x000000e485b00000) (1024K)]
  0x00000263242a6cd0 ConcurrentGCThread "G1 Main Marker"            [id=13060, stack(0x000000e484100000,0x000000e484200000) (1024K)]
  0x00000263242a77e0 WorkerThread "G1 Conc#0"                       [id=7412, stack(0x000000e484200000,0x000000e484300000) (1024K)]
  0x0000026342c285c0 ConcurrentGCThread "G1 Refine#0"               [id=11896, stack(0x000000e484300000,0x000000e484400000) (1024K)]
  0x0000026342c28f50 ConcurrentGCThread "G1 Service"                [id=10936, stack(0x000000e484400000,0x000000e484500000) (1024K)]
Total: 12

Threads with active compile tasks:
C2 CompilerThread1  3611 1672       4       java.net.URLStreamHandler::parseURL (1124 bytes)
Total: 1

VM state: at safepoint (normal execution)

VM Mutex/Monitor currently owned by a thread:  ([mutex/lock_event])
[0x00007ffd0712bbb8] Threads_lock - owner thread: 0x0000026342d6fe60
[0x00007ffd0712bcb8] Heap_lock - owner thread: 0x00000263893854b0

Heap address: 0x0000000703e00000, size: 4034 MB, Compressed Oops mode: Zero based, Oop shift amount: 3

CDS archive(s) mapped at: [0x0000026343000000-0x0000026343c50000-0x0000026343c50000), size 12910592, SharedBaseAddress: 0x0000026343000000, ArchiveRelocationMode: 1.
Compressed class space mapped at: 0x0000026344000000-0x0000026384000000, reserved size: 1073741824
Narrow klass base: 0x0000026343000000, Narrow klass shift: 0, Narrow klass range: 0x41000000

GC Precious Log:
 CardTable entry size: 512
 Card Set container configuration: InlinePtr #cards 4 size 8 Array Of Cards #cards 16 size 48 Howl #buckets 8 coarsen threshold 3686 Howl Bitmap #cards 512 size 80 coarsen threshold 460 Card regions per heap region 1 cards per card region 4096
 CPUs: 6 total, 6 available
 Memory: 16129M
 Large Page Support: Disabled
 NUMA Support: Disabled
 Compressed Oops: Enabled (Zero based)
 Heap Region Size: 2M
 Heap Min Capacity: 8M
 Heap Initial Capacity: 254M
 Heap Max Capacity: 4034M
 Pre-touch: Disabled
 Parallel Workers: 6
 Concurrent Workers: 2
 Concurrent Refinement Workers: 6
 Periodic GC: Disabled

Heap:
 garbage-first heap   total reserved 4130816K, committed 260096K, used 37781K [0x0000000703e00000, 0x0000000800000000)
  region size 2048K, 18 young (36864K), 2 survivors (4096K)
 Metaspace       used 10910K, committed 11200K, reserved 1114112K
  class space    used 1218K, committed 1344K, reserved 1048576K

Heap Regions: E=young(eden), S=young(survivor), O=old, HS=humongous(starts), HC=humongous(continues), CS=collection set, F=free, TAMS=top-at-mark-start, PB=parsable bottom
|   0|0x0000000703e00000, 0x0000000704000000, 0x0000000704000000|100%| O|  |TAMS 0x0000000703e00000| PB 0x0000000703e00000| Untracked |  0
|   1|0x0000000704000000, 0x0000000704200000, 0x0000000704200000|100%| O|  |TAMS 0x0000000704000000| PB 0x0000000704000000| Untracked |  0
|   2|0x0000000704200000, 0x00000007042eeb28, 0x0000000704400000| 46%| O|  |TAMS 0x0000000704200000| PB 0x0000000704200000| Untracked |  0
|   3|0x0000000704400000, 0x0000000704400000, 0x0000000704600000|  0%| F|  |TAMS 0x0000000704400000| PB 0x0000000704400000| Untracked |  0
|   4|0x0000000704600000, 0x0000000704600000, 0x0000000704800000|  0%| F|  |TAMS 0x0000000704600000| PB 0x0000000704600000| Untracked |  0
|   5|0x0000000704800000, 0x0000000704800000, 0x0000000704a00000|  0%| F|  |TAMS 0x0000000704800000| PB 0x0000000704800000| Untracked |  0
|   6|0x0000000704a00000, 0x0000000704a00000, 0x0000000704c00000|  0%| F|  |TAMS 0x0000000704a00000| PB 0x0000000704a00000| Untracked |  0
|   7|0x0000000704c00000, 0x0000000704c00000, 0x0000000704e00000|  0%| F|  |TAMS 0x0000000704c00000| PB 0x0000000704c00000| Untracked |  0
|   8|0x0000000704e00000, 0x0000000704e00000, 0x0000000705000000|  0%| F|  |TAMS 0x0000000704e00000| PB 0x0000000704e00000| Untracked |  0
|   9|0x0000000705000000, 0x0000000705000000, 0x0000000705200000|  0%| F|  |TAMS 0x0000000705000000| PB 0x0000000705000000| Untracked |  0
|  10|0x0000000705200000, 0x0000000705200000, 0x0000000705400000|  0%| F|  |TAMS 0x0000000705200000| PB 0x0000000705200000| Untracked |  0
|  11|0x0000000705400000, 0x0000000705400000, 0x0000000705600000|  0%| F|  |TAMS 0x0000000705400000| PB 0x0000000705400000| Untracked |  0
|  12|0x0000000705600000, 0x0000000705600000, 0x0000000705800000|  0%| F|  |TAMS 0x0000000705600000| PB 0x0000000705600000| Untracked |  0
|  13|0x0000000705800000, 0x0000000705800000, 0x0000000705a00000|  0%| F|  |TAMS 0x0000000705800000| PB 0x0000000705800000| Untracked |  0
|  14|0x0000000705a00000, 0x0000000705a00000, 0x0000000705c00000|  0%| F|  |TAMS 0x0000000705a00000| PB 0x0000000705a00000| Untracked |  0
|  15|0x0000000705c00000, 0x0000000705c00000, 0x0000000705e00000|  0%| F|  |TAMS 0x0000000705c00000| PB 0x0000000705c00000| Untracked |  0
|  16|0x0000000705e00000, 0x0000000705e00000, 0x0000000706000000|  0%| F|  |TAMS 0x0000000705e00000| PB 0x0000000705e00000| Untracked |  0
|  17|0x0000000706000000, 0x0000000706000000, 0x0000000706200000|  0%| F|  |TAMS 0x0000000706000000| PB 0x0000000706000000| Untracked |  0
|  18|0x0000000706200000, 0x0000000706200000, 0x0000000706400000|  0%| F|  |TAMS 0x0000000706200000| PB 0x0000000706200000| Untracked |  0
|  19|0x0000000706400000, 0x0000000706400000, 0x0000000706600000|  0%| F|  |TAMS 0x0000000706400000| PB 0x0000000706400000| Untracked |  0
|  20|0x0000000706600000, 0x0000000706600000, 0x0000000706800000|  0%| F|  |TAMS 0x0000000706600000| PB 0x0000000706600000| Untracked |  0
|  21|0x0000000706800000, 0x0000000706800000, 0x0000000706a00000|  0%| F|  |TAMS 0x0000000706800000| PB 0x0000000706800000| Untracked |  0
|  22|0x0000000706a00000, 0x0000000706a00000, 0x0000000706c00000|  0%| F|  |TAMS 0x0000000706a00000| PB 0x0000000706a00000| Untracked |  0
|  23|0x0000000706c00000, 0x0000000706c00000, 0x0000000706e00000|  0%| F|  |TAMS 0x0000000706c00000| PB 0x0000000706c00000| Untracked |  0
|  24|0x0000000706e00000, 0x0000000706e00000, 0x0000000707000000|  0%| F|  |TAMS 0x0000000706e00000| PB 0x0000000706e00000| Untracked |  0
|  25|0x0000000707000000, 0x0000000707000000, 0x0000000707200000|  0%| F|  |TAMS 0x0000000707000000| PB 0x0000000707000000| Untracked |  0
|  26|0x0000000707200000, 0x0000000707200000, 0x0000000707400000|  0%| F|  |TAMS 0x0000000707200000| PB 0x0000000707200000| Untracked |  0
|  27|0x0000000707400000, 0x0000000707400000, 0x0000000707600000|  0%| F|  |TAMS 0x0000000707400000| PB 0x0000000707400000| Untracked |  0
|  28|0x0000000707600000, 0x0000000707600000, 0x0000000707800000|  0%| F|  |TAMS 0x0000000707600000| PB 0x0000000707600000| Untracked |  0
|  29|0x0000000707800000, 0x0000000707800000, 0x0000000707a00000|  0%| F|  |TAMS 0x0000000707800000| PB 0x0000000707800000| Untracked |  0
|  30|0x0000000707a00000, 0x0000000707a00000, 0x0000000707c00000|  0%| F|  |TAMS 0x0000000707a00000| PB 0x0000000707a00000| Untracked |  0
|  31|0x0000000707c00000, 0x0000000707c00000, 0x0000000707e00000|  0%| F|  |TAMS 0x0000000707c00000| PB 0x0000000707c00000| Untracked |  0
|  32|0x0000000707e00000, 0x0000000707e00000, 0x0000000708000000|  0%| F|  |TAMS 0x0000000707e00000| PB 0x0000000707e00000| Untracked |  0
|  33|0x0000000708000000, 0x0000000708000000, 0x0000000708200000|  0%| F|  |TAMS 0x0000000708000000| PB 0x0000000708000000| Untracked |  0
|  34|0x0000000708200000, 0x0000000708200000, 0x0000000708400000|  0%| F|  |TAMS 0x0000000708200000| PB 0x0000000708200000| Untracked |  0
|  35|0x0000000708400000, 0x0000000708400000, 0x0000000708600000|  0%| F|  |TAMS 0x0000000708400000| PB 0x0000000708400000| Untracked |  0
|  36|0x0000000708600000, 0x0000000708600000, 0x0000000708800000|  0%| F|  |TAMS 0x0000000708600000| PB 0x0000000708600000| Untracked |  0
|  37|0x0000000708800000, 0x0000000708800000, 0x0000000708a00000|  0%| F|  |TAMS 0x0000000708800000| PB 0x0000000708800000| Untracked |  0
|  38|0x0000000708a00000, 0x0000000708a00000, 0x0000000708c00000|  0%| F|  |TAMS 0x0000000708a00000| PB 0x0000000708a00000| Untracked |  0
|  39|0x0000000708c00000, 0x0000000708c00000, 0x0000000708e00000|  0%| F|  |TAMS 0x0000000708c00000| PB 0x0000000708c00000| Untracked |  0
|  40|0x0000000708e00000, 0x0000000708e00000, 0x0000000709000000|  0%| F|  |TAMS 0x0000000708e00000| PB 0x0000000708e00000| Untracked |  0
|  41|0x0000000709000000, 0x0000000709000000, 0x0000000709200000|  0%| F|  |TAMS 0x0000000709000000| PB 0x0000000709000000| Untracked |  0
|  42|0x0000000709200000, 0x0000000709200000, 0x0000000709400000|  0%| F|  |TAMS 0x0000000709200000| PB 0x0000000709200000| Untracked |  0
|  43|0x0000000709400000, 0x0000000709400000, 0x0000000709600000|  0%| F|  |TAMS 0x0000000709400000| PB 0x0000000709400000| Untracked |  0
|  44|0x0000000709600000, 0x0000000709600000, 0x0000000709800000|  0%| F|  |TAMS 0x0000000709600000| PB 0x0000000709600000| Untracked |  0
|  45|0x0000000709800000, 0x0000000709800000, 0x0000000709a00000|  0%| F|  |TAMS 0x0000000709800000| PB 0x0000000709800000| Untracked |  0
|  46|0x0000000709a00000, 0x0000000709a00000, 0x0000000709c00000|  0%| F|  |TAMS 0x0000000709a00000| PB 0x0000000709a00000| Untracked |  0
|  47|0x0000000709c00000, 0x0000000709c00000, 0x0000000709e00000|  0%| F|  |TAMS 0x0000000709c00000| PB 0x0000000709c00000| Untracked |  0
|  48|0x0000000709e00000, 0x0000000709e00000, 0x000000070a000000|  0%| F|  |TAMS 0x0000000709e00000| PB 0x0000000709e00000| Untracked |  0
|  49|0x000000070a000000, 0x000000070a000000, 0x000000070a200000|  0%| F|  |TAMS 0x000000070a000000| PB 0x000000070a000000| Untracked |  0
|  50|0x000000070a200000, 0x000000070a200000, 0x000000070a400000|  0%| F|  |TAMS 0x000000070a200000| PB 0x000000070a200000| Untracked |  0
|  51|0x000000070a400000, 0x000000070a400000, 0x000000070a600000|  0%| F|  |TAMS 0x000000070a400000| PB 0x000000070a400000| Untracked |  0
|  52|0x000000070a600000, 0x000000070a600000, 0x000000070a800000|  0%| F|  |TAMS 0x000000070a600000| PB 0x000000070a600000| Untracked |  0
|  53|0x000000070a800000, 0x000000070a800000, 0x000000070aa00000|  0%| F|  |TAMS 0x000000070a800000| PB 0x000000070a800000| Untracked |  0
|  54|0x000000070aa00000, 0x000000070aa00000, 0x000000070ac00000|  0%| F|  |TAMS 0x000000070aa00000| PB 0x000000070aa00000| Untracked |  0
|  55|0x000000070ac00000, 0x000000070ac00000, 0x000000070ae00000|  0%| F|  |TAMS 0x000000070ac00000| PB 0x000000070ac00000| Untracked |  0
|  56|0x000000070ae00000, 0x000000070ae00000, 0x000000070b000000|  0%| F|  |TAMS 0x000000070ae00000| PB 0x000000070ae00000| Untracked |  0
|  57|0x000000070b000000, 0x000000070b000000, 0x000000070b200000|  0%| F|  |TAMS 0x000000070b000000| PB 0x000000070b000000| Untracked |  0
|  58|0x000000070b200000, 0x000000070b200000, 0x000000070b400000|  0%| F|  |TAMS 0x000000070b200000| PB 0x000000070b200000| Untracked |  0
|  59|0x000000070b400000, 0x000000070b400000, 0x000000070b600000|  0%| F|  |TAMS 0x000000070b400000| PB 0x000000070b400000| Untracked |  0
|  60|0x000000070b600000, 0x000000070b600000, 0x000000070b800000|  0%| F|  |TAMS 0x000000070b600000| PB 0x000000070b600000| Untracked |  0
|  61|0x000000070b800000, 0x000000070b800000, 0x000000070ba00000|  0%| F|  |TAMS 0x000000070b800000| PB 0x000000070b800000| Untracked |  0
|  62|0x000000070ba00000, 0x000000070ba00000, 0x000000070bc00000|  0%| F|  |TAMS 0x000000070ba00000| PB 0x000000070ba00000| Untracked |  0
|  63|0x000000070bc00000, 0x000000070bc00000, 0x000000070be00000|  0%| F|  |TAMS 0x000000070bc00000| PB 0x000000070bc00000| Untracked |  0
|  64|0x000000070be00000, 0x000000070be00000, 0x000000070c000000|  0%| F|  |TAMS 0x000000070be00000| PB 0x000000070be00000| Untracked |  0
|  65|0x000000070c000000, 0x000000070c000000, 0x000000070c200000|  0%| F|  |TAMS 0x000000070c000000| PB 0x000000070c000000| Untracked |  0
|  66|0x000000070c200000, 0x000000070c200000, 0x000000070c400000|  0%| F|  |TAMS 0x000000070c200000| PB 0x000000070c200000| Untracked |  0
|  67|0x000000070c400000, 0x000000070c400000, 0x000000070c600000|  0%| F|  |TAMS 0x000000070c400000| PB 0x000000070c400000| Untracked |  0
|  68|0x000000070c600000, 0x000000070c600000, 0x000000070c800000|  0%| F|  |TAMS 0x000000070c600000| PB 0x000000070c600000| Untracked |  0
|  69|0x000000070c800000, 0x000000070c800000, 0x000000070ca00000|  0%| F|  |TAMS 0x000000070c800000| PB 0x000000070c800000| Untracked |  0
|  70|0x000000070ca00000, 0x000000070ca00000, 0x000000070cc00000|  0%| F|  |TAMS 0x000000070ca00000| PB 0x000000070ca00000| Untracked |  0
|  71|0x000000070cc00000, 0x000000070cc00000, 0x000000070ce00000|  0%| F|  |TAMS 0x000000070cc00000| PB 0x000000070cc00000| Untracked |  0
|  72|0x000000070ce00000, 0x000000070ce00000, 0x000000070d000000|  0%| F|  |TAMS 0x000000070ce00000| PB 0x000000070ce00000| Untracked |  0
|  73|0x000000070d000000, 0x000000070d000000, 0x000000070d200000|  0%| F|  |TAMS 0x000000070d000000| PB 0x000000070d000000| Untracked |  0
|  74|0x000000070d200000, 0x000000070d200000, 0x000000070d400000|  0%| F|  |TAMS 0x000000070d200000| PB 0x000000070d200000| Untracked |  0
|  75|0x000000070d400000, 0x000000070d400000, 0x000000070d600000|  0%| F|  |TAMS 0x000000070d400000| PB 0x000000070d400000| Untracked |  0
|  76|0x000000070d600000, 0x000000070d600000, 0x000000070d800000|  0%| F|  |TAMS 0x000000070d600000| PB 0x000000070d600000| Untracked |  0
|  77|0x000000070d800000, 0x000000070d800000, 0x000000070da00000|  0%| F|  |TAMS 0x000000070d800000| PB 0x000000070d800000| Untracked |  0
|  78|0x000000070da00000, 0x000000070da00000, 0x000000070dc00000|  0%| F|  |TAMS 0x000000070da00000| PB 0x000000070da00000| Untracked |  0
|  79|0x000000070dc00000, 0x000000070dc00000, 0x000000070de00000|  0%| F|  |TAMS 0x000000070dc00000| PB 0x000000070dc00000| Untracked |  0
|  80|0x000000070de00000, 0x000000070de00000, 0x000000070e000000|  0%| F|  |TAMS 0x000000070de00000| PB 0x000000070de00000| Untracked |  0
|  81|0x000000070e000000, 0x000000070e000000, 0x000000070e200000|  0%| F|  |TAMS 0x000000070e000000| PB 0x000000070e000000| Untracked |  0
|  82|0x000000070e200000, 0x000000070e200000, 0x000000070e400000|  0%| F|  |TAMS 0x000000070e200000| PB 0x000000070e200000| Untracked |  0
|  83|0x000000070e400000, 0x000000070e400000, 0x000000070e600000|  0%| F|  |TAMS 0x000000070e400000| PB 0x000000070e400000| Untracked |  0
|  84|0x000000070e600000, 0x000000070e600000, 0x000000070e800000|  0%| F|  |TAMS 0x000000070e600000| PB 0x000000070e600000| Untracked |  0
|  85|0x000000070e800000, 0x000000070e800000, 0x000000070ea00000|  0%| F|  |TAMS 0x000000070e800000| PB 0x000000070e800000| Untracked |  0
|  86|0x000000070ea00000, 0x000000070ea00000, 0x000000070ec00000|  0%| F|  |TAMS 0x000000070ea00000| PB 0x000000070ea00000| Untracked |  0
|  87|0x000000070ec00000, 0x000000070ec00000, 0x000000070ee00000|  0%| F|  |TAMS 0x000000070ec00000| PB 0x000000070ec00000| Untracked |  0
|  88|0x000000070ee00000, 0x000000070ee00000, 0x000000070f000000|  0%| F|  |TAMS 0x000000070ee00000| PB 0x000000070ee00000| Untracked |  0
|  89|0x000000070f000000, 0x000000070f000000, 0x000000070f200000|  0%| F|  |TAMS 0x000000070f000000| PB 0x000000070f000000| Untracked |  0
|  90|0x000000070f200000, 0x000000070f200000, 0x000000070f400000|  0%| F|  |TAMS 0x000000070f200000| PB 0x000000070f200000| Untracked |  0
|  91|0x000000070f400000, 0x000000070f400000, 0x000000070f600000|  0%| F|  |TAMS 0x000000070f400000| PB 0x000000070f400000| Untracked |  0
|  92|0x000000070f600000, 0x000000070f600000, 0x000000070f800000|  0%| F|  |TAMS 0x000000070f600000| PB 0x000000070f600000| Untracked |  0
|  93|0x000000070f800000, 0x000000070f800000, 0x000000070fa00000|  0%| F|  |TAMS 0x000000070f800000| PB 0x000000070f800000| Untracked |  0
|  94|0x000000070fa00000, 0x000000070fa00000, 0x000000070fc00000|  0%| F|  |TAMS 0x000000070fa00000| PB 0x000000070fa00000| Untracked |  0
|  95|0x000000070fc00000, 0x000000070fc00000, 0x000000070fe00000|  0%| F|  |TAMS 0x000000070fc00000| PB 0x000000070fc00000| Untracked |  0
|  96|0x000000070fe00000, 0x000000070fe00000, 0x0000000710000000|  0%| F|  |TAMS 0x000000070fe00000| PB 0x000000070fe00000| Untracked |  0
|  97|0x0000000710000000, 0x0000000710000000, 0x0000000710200000|  0%| F|  |TAMS 0x0000000710000000| PB 0x0000000710000000| Untracked |  0
|  98|0x0000000710200000, 0x0000000710200000, 0x0000000710400000|  0%| F|  |TAMS 0x0000000710200000| PB 0x0000000710200000| Untracked |  0
|  99|0x0000000710400000, 0x0000000710400000, 0x0000000710600000|  0%| F|  |TAMS 0x0000000710400000| PB 0x0000000710400000| Untracked |  0
| 100|0x0000000710600000, 0x0000000710600000, 0x0000000710800000|  0%| F|  |TAMS 0x0000000710600000| PB 0x0000000710600000| Untracked |  0
| 101|0x0000000710800000, 0x0000000710800000, 0x0000000710a00000|  0%| F|  |TAMS 0x0000000710800000| PB 0x0000000710800000| Untracked |  0
| 102|0x0000000710a00000, 0x0000000710a00000, 0x0000000710c00000|  0%| F|  |TAMS 0x0000000710a00000| PB 0x0000000710a00000| Untracked |  0
| 103|0x0000000710c00000, 0x0000000710c00000, 0x0000000710e00000|  0%| F|  |TAMS 0x0000000710c00000| PB 0x0000000710c00000| Untracked |  0
| 104|0x0000000710e00000, 0x0000000710e00000, 0x0000000711000000|  0%| F|  |TAMS 0x0000000710e00000| PB 0x0000000710e00000| Untracked |  0
| 105|0x0000000711000000, 0x0000000711000000, 0x0000000711200000|  0%| F|  |TAMS 0x0000000711000000| PB 0x0000000711000000| Untracked |  0
| 106|0x0000000711200000, 0x0000000711200000, 0x0000000711400000|  0%| F|  |TAMS 0x0000000711200000| PB 0x0000000711200000| Untracked |  0
| 107|0x0000000711400000, 0x000000071147e930, 0x0000000711600000| 24%| S|  |TAMS 0x0000000711400000| PB 0x0000000711400000| Complete |  0
| 108|0x0000000711600000, 0x0000000711800000, 0x0000000711800000|100%| S|  |TAMS 0x0000000711600000| PB 0x0000000711600000| Complete |  0
| 109|0x0000000711800000, 0x0000000711a00000, 0x0000000711a00000|100%| E|CS|TAMS 0x0000000711800000| PB 0x0000000711800000| Complete |  0
| 110|0x0000000711a00000, 0x0000000711c00000, 0x0000000711c00000|100%| E|CS|TAMS 0x0000000711a00000| PB 0x0000000711a00000| Complete |  0
| 111|0x0000000711c00000, 0x0000000711e00000, 0x0000000711e00000|100%| E|CS|TAMS 0x0000000711c00000| PB 0x0000000711c00000| Complete |  0
| 112|0x0000000711e00000, 0x0000000712000000, 0x0000000712000000|100%| E|CS|TAMS 0x0000000711e00000| PB 0x0000000711e00000| Complete |  0
| 113|0x0000000712000000, 0x0000000712200000, 0x0000000712200000|100%| E|CS|TAMS 0x0000000712000000| PB 0x0000000712000000| Complete |  0
| 114|0x0000000712200000, 0x0000000712400000, 0x0000000712400000|100%| E|CS|TAMS 0x0000000712200000| PB 0x0000000712200000| Complete |  0
| 115|0x0000000712400000, 0x0000000712600000, 0x0000000712600000|100%| E|CS|TAMS 0x0000000712400000| PB 0x0000000712400000| Complete |  0
| 116|0x0000000712600000, 0x0000000712800000, 0x0000000712800000|100%| E|CS|TAMS 0x0000000712600000| PB 0x0000000712600000| Complete |  0
| 117|0x0000000712800000, 0x0000000712a00000, 0x0000000712a00000|100%| E|CS|TAMS 0x0000000712800000| PB 0x0000000712800000| Complete |  0
| 118|0x0000000712a00000, 0x0000000712c00000, 0x0000000712c00000|100%| E|CS|TAMS 0x0000000712a00000| PB 0x0000000712a00000| Complete |  0
| 119|0x0000000712c00000, 0x0000000712e00000, 0x0000000712e00000|100%| E|CS|TAMS 0x0000000712c00000| PB 0x0000000712c00000| Complete |  0
| 120|0x0000000712e00000, 0x0000000713000000, 0x0000000713000000|100%| E|CS|TAMS 0x0000000712e00000| PB 0x0000000712e00000| Complete |  0
| 121|0x0000000713000000, 0x0000000713200000, 0x0000000713200000|100%| E|CS|TAMS 0x0000000713000000| PB 0x0000000713000000| Complete |  0
| 122|0x0000000713200000, 0x0000000713400000, 0x0000000713400000|100%| E|CS|TAMS 0x0000000713200000| PB 0x0000000713200000| Complete |  0
| 123|0x0000000713400000, 0x0000000713600000, 0x0000000713600000|100%| E|CS|TAMS 0x0000000713400000| PB 0x0000000713400000| Complete |  0
| 124|0x0000000713600000, 0x0000000713800000, 0x0000000713800000|100%| E|CS|TAMS 0x0000000713600000| PB 0x0000000713600000| Complete |  0
| 125|0x0000000713800000, 0x0000000713a00000, 0x0000000713a00000|100%| E|CS|TAMS 0x0000000713800000| PB 0x0000000713800000| Complete |  0
| 126|0x0000000713a00000, 0x0000000713c00000, 0x0000000713c00000|100%| E|CS|TAMS 0x0000000713a00000| PB 0x0000000713a00000| Complete |  0

Card table byte_map: [0x000002633be60000,0x000002633c650000] _byte_map_base: 0x0000026338641000

Marking Bits: (CMBitMap*) 0x00000263242967e0
 Bits: [0x000002633c650000, 0x0000026340558000)

Polling page: 0x00000263220c0000

Metaspace:

Usage:
  Non-class:      9.47 MB used.
      Class:      1.19 MB used.
       Both:     10.66 MB used.

Virtual space:
  Non-class space:       64.00 MB reserved,       9.62 MB ( 15%) committed,  1 nodes.
      Class space:        1.00 GB reserved,       1.31 MB ( <1%) committed,  1 nodes.
             Both:        1.06 GB reserved,      10.94 MB (  1%) committed. 

Chunk freelists:
   Non-Class:  6.22 MB
       Class:  14.70 MB
        Both:  20.92 MB

MaxMetaspaceSize: unlimited
CompressedClassSpaceSize: 1.00 GB
Initial GC threshold: 21.00 MB
Current GC threshold: 21.00 MB
CDS: on
 - commit_granule_bytes: 65536.
 - commit_granule_words: 8192.
 - virtual_space_node_default_size: 8388608.
 - enlarge_chunks_in_place: 1.
 - use_allocation_guard: 0.


Internal statistics:

num_allocs_failed_limit: 0.
num_arena_births: 238.
num_arena_deaths: 0.
num_vsnodes_births: 2.
num_vsnodes_deaths: 0.
num_space_committed: 175.
num_space_uncommitted: 0.
num_chunks_returned_to_freelist: 0.
num_chunks_taken_from_freelist: 393.
num_chunk_merges: 0.
num_chunk_splits: 227.
num_chunks_enlarged: 103.
num_inconsistent_stats: 0.

CodeHeap 'non-profiled nmethods': size=120000Kb used=718Kb max_used=718Kb free=119281Kb
 bounds [0x0000026334030000, 0x00000263342a0000, 0x000002633b560000]
CodeHeap 'profiled nmethods': size=120000Kb used=3046Kb max_used=3046Kb free=116953Kb
 bounds [0x000002632c560000, 0x000002632c860000, 0x0000026333a90000]
CodeHeap 'non-nmethods': size=5760Kb used=1583Kb max_used=1625Kb free=4176Kb
 bounds [0x0000026333a90000, 0x0000026333d00000, 0x0000026334030000]
 total_blobs=2317 nmethods=1673 adapters=549
 compilation: enabled
              stopped_count=0, restarted_count=0
 full_count=0

Compilation events (20 events):
Event: 3.270 Thread 0x00000263894b4c30 1665 %     4       java.lang.StringLatin1::compareToCI @ 16 (108 bytes)
Event: 3.275 Thread 0x00000263894b4c30 nmethod 1665% 0x00000263340da790 code [0x00000263340da920, 0x00000263340dad20]
Event: 3.277 Thread 0x00000263894b4c30 1666       4       java.nio.file.attribute.FileTime::from (18 bytes)
Event: 3.278 Thread 0x00000263894b4c30 nmethod 1666 0x00000263340dae90 code [0x00000263340db020, 0x00000263340db158]
Event: 3.281 Thread 0x00000263894b4c30 1667       4       java.lang.String::getChars (55 bytes)
Event: 3.281 Thread 0x0000026342da4b90 nmethod 1641 0x00000263340db290 code [0x00000263340db7e0, 0x00000263340dfa30]
Event: 3.282 Thread 0x0000026342dab4a0 1669       3       java.lang.Character::isLetter (18 bytes)
Event: 3.282 Thread 0x0000026342da4b90 1668       4       java.lang.Character::getType (9 bytes)
Event: 3.282 Thread 0x0000026342dab4a0 nmethod 1669 0x000002632c859110 code [0x000002632c8592e0, 0x000002632c859588]
Event: 3.282 Thread 0x0000026342da4b90 nmethod 1668 0x00000263340e2010 code [0x00000263340e21a0, 0x00000263340e2260]
Event: 3.283 Thread 0x00000263894b4c30 nmethod 1667 0x00000263340e2390 code [0x00000263340e2540, 0x00000263340e28c8]
Event: 3.284 Thread 0x00000263894b4c30 1670       4       java.lang.StringLatin1::compareToCI (108 bytes)
Event: 3.285 Thread 0x0000026342dab4a0 1671       3       java.util.Properties::getProperty (16 bytes)
Event: 3.285 Thread 0x0000026342dab4a0 nmethod 1671 0x000002632c859690 code [0x000002632c859840, 0x000002632c859a60]
Event: 3.287 Thread 0x00000263894b4c30 nmethod 1670 0x00000263340e2b10 code [0x00000263340e2ca0, 0x00000263340e2f38]
Event: 3.287 Thread 0x00000263894b4c30 1672       4       java.net.URLStreamHandler::parseURL (1124 bytes)
Event: 3.288 Thread 0x0000026342da4b90 1673       4       java.util.zip.ZipUtils::get64 (17 bytes)
Event: 3.289 Thread 0x0000026342da4b90 nmethod 1673 0x00000263340e3090 code [0x00000263340e3220, 0x00000263340e3380]
Event: 3.293 Thread 0x0000026342da4b90 1674       4       java.lang.StringConcatHelper::prepend (37 bytes)
Event: 3.294 Thread 0x0000026342da4b90 nmethod 1674 0x00000263340e3490 code [0x00000263340e3620, 0x00000263340e37e8]

GC Heap History (3 events):
Event: 0.412 GC heap before
{Heap before GC invocations=0 (full 0):
 garbage-first heap   total reserved 4130816K, committed 260096K, used 22528K [0x0000000703e00000, 0x0000000800000000)
  region size 2048K, 11 young (22528K), 0 survivors (0K)
 Metaspace       used 2832K, committed 3008K, reserved 1114112K
  class space    used 289K, committed 384K, reserved 1048576K
}
Event: 0.416 GC heap after
{Heap after GC invocations=1 (full 0):
 garbage-first heap   total reserved 4130816K, committed 260096K, used 5013K [0x0000000703e00000, 0x0000000800000000)
  region size 2048K, 2 young (4096K), 2 survivors (4096K)
 Metaspace       used 2832K, committed 3008K, reserved 1114112K
  class space    used 289K, committed 384K, reserved 1048576K
}
Event: 3.297 GC heap before
{Heap before GC invocations=1 (full 0):
 garbage-first heap   total reserved 4130816K, committed 260096K, used 37781K [0x0000000703e00000, 0x0000000800000000)
  region size 2048K, 18 young (36864K), 2 survivors (4096K)
 Metaspace       used 10910K, committed 11200K, reserved 1114112K
  class space    used 1218K, committed 1344K, reserved 1048576K
}

Dll operation events (20 events):
Event: 3.197 Loaded shared library C:\Users\woelflenico\.javacpp\cache\javacpp-1.5.5-windows-x86_64.jar\org\bytedeco\javacpp\windows-x86_64\api-ms-win-core-timezone-l1-1-0.dll
Event: 3.201 Loaded shared library C:\Users\woelflenico\.javacpp\cache\javacpp-1.5.5-windows-x86_64.jar\org\bytedeco\javacpp\windows-x86_64\api-ms-win-core-file-l1-1-0.dll
Event: 3.206 Loaded shared library C:\Users\woelflenico\.javacpp\cache\javacpp-1.5.5-windows-x86_64.jar\org\bytedeco\javacpp\windows-x86_64\api-ms-win-core-namedpipe-l1-1-0.dll
Event: 3.210 Loaded shared library C:\Users\woelflenico\.javacpp\cache\javacpp-1.5.5-windows-x86_64.jar\org\bytedeco\javacpp\windows-x86_64\api-ms-win-core-handle-l1-1-0.dll
Event: 3.215 Loaded shared library C:\Users\woelflenico\.javacpp\cache\javacpp-1.5.5-windows-x86_64.jar\org\bytedeco\javacpp\windows-x86_64\api-ms-win-core-file-l2-1-0.dll
Event: 3.219 Loaded shared library C:\Users\woelflenico\.javacpp\cache\javacpp-1.5.5-windows-x86_64.jar\org\bytedeco\javacpp\windows-x86_64\api-ms-win-core-heap-l1-1-0.dll
Event: 3.224 Loaded shared library C:\Users\woelflenico\.javacpp\cache\javacpp-1.5.5-windows-x86_64.jar\org\bytedeco\javacpp\windows-x86_64\api-ms-win-core-libraryloader-l1-1-0.dll
Event: 3.229 Loaded shared library C:\Users\woelflenico\.javacpp\cache\javacpp-1.5.5-windows-x86_64.jar\org\bytedeco\javacpp\windows-x86_64\api-ms-win-core-synch-l1-1-0.dll
Event: 3.234 Loaded shared library C:\Users\woelflenico\.javacpp\cache\javacpp-1.5.5-windows-x86_64.jar\org\bytedeco\javacpp\windows-x86_64\api-ms-win-core-processthreads-l1-1-0.dll
Event: 3.239 Loaded shared library C:\Users\woelflenico\.javacpp\cache\javacpp-1.5.5-windows-x86_64.jar\org\bytedeco\javacpp\windows-x86_64\api-ms-win-core-processenvironment-l1-1-0.dll
Event: 3.245 Loaded shared library C:\Users\woelflenico\.javacpp\cache\javacpp-1.5.5-windows-x86_64.jar\org\bytedeco\javacpp\windows-x86_64\api-ms-win-core-datetime-l1-1-0.dll
Event: 3.250 Loaded shared library C:\Users\woelflenico\.javacpp\cache\javacpp-1.5.5-windows-x86_64.jar\org\bytedeco\javacpp\windows-x86_64\api-ms-win-core-localization-l1-2-0.dll
Event: 3.255 Loaded shared library C:\Users\woelflenico\.javacpp\cache\javacpp-1.5.5-windows-x86_64.jar\org\bytedeco\javacpp\windows-x86_64\api-ms-win-core-sysinfo-l1-1-0.dll
Event: 3.260 Loaded shared library C:\Users\woelflenico\.javacpp\cache\javacpp-1.5.5-windows-x86_64.jar\org\bytedeco\javacpp\windows-x86_64\api-ms-win-core-synch-l1-2-0.dll
Event: 3.266 Loaded shared library C:\Users\woelflenico\.javacpp\cache\javacpp-1.5.5-windows-x86_64.jar\org\bytedeco\javacpp\windows-x86_64\api-ms-win-core-console-l1-1-0.dll
Event: 3.271 Loaded shared library C:\Users\woelflenico\.javacpp\cache\javacpp-1.5.5-windows-x86_64.jar\org\bytedeco\javacpp\windows-x86_64\api-ms-win-core-debug-l1-1-0.dll
Event: 3.279 Loaded shared library C:\Users\woelflenico\.javacpp\cache\javacpp-1.5.5-windows-x86_64.jar\org\bytedeco\javacpp\windows-x86_64\api-ms-win-core-rtlsupport-l1-1-0.dll
Event: 3.285 Loaded shared library C:\Users\woelflenico\.javacpp\cache\javacpp-1.5.5-windows-x86_64.jar\org\bytedeco\javacpp\windows-x86_64\api-ms-win-core-processthreads-l1-1-1.dll
Event: 3.290 Loaded shared library C:\Users\woelflenico\.javacpp\cache\javacpp-1.5.5-windows-x86_64.jar\org\bytedeco\javacpp\windows-x86_64\api-ms-win-core-file-l1-2-0.dll
Event: 3.296 Loaded shared library C:\Users\woelflenico\.javacpp\cache\javacpp-1.5.5-windows-x86_64.jar\org\bytedeco\javacpp\windows-x86_64\api-ms-win-core-profile-l1-1-0.dll

Deoptimization events (20 events):
Event: 3.134 Thread 0x00000263893854b0 DEOPT PACKING pc=0x00000263340b42e0 sp=0x000000e4861fd250
Event: 3.134 Thread 0x00000263893854b0 DEOPT UNPACKING pc=0x0000026333ae46a2 sp=0x000000e4861fd188 mode 2
Event: 3.134 Thread 0x00000263893854b0 Uncommon trap: trap_request=0xffffffde fr.pc=0x00000263340b42e0 relative=0x0000000000000aa0
Event: 3.134 Thread 0x00000263893854b0 Uncommon trap: reason=class_check action=maybe_recompile pc=0x00000263340b42e0 method=java.util.HashMap.putVal(ILjava/lang/Object;Ljava/lang/Object;ZZ)Ljava/lang/Object; @ 253 c2
Event: 3.134 Thread 0x00000263893854b0 DEOPT PACKING pc=0x00000263340b42e0 sp=0x000000e4861fd250
Event: 3.134 Thread 0x00000263893854b0 DEOPT UNPACKING pc=0x0000026333ae46a2 sp=0x000000e4861fd188 mode 2
Event: 3.149 Thread 0x00000263893854b0 DEOPT PACKING pc=0x000002632c5c0229 sp=0x000000e4861fd810
Event: 3.149 Thread 0x00000263893854b0 DEOPT UNPACKING pc=0x0000026333ae4e42 sp=0x000000e4861fcd10 mode 0
Event: 3.149 Thread 0x00000263893854b0 Uncommon trap: trap_request=0xffffff45 fr.pc=0x00000263340441f8 relative=0x0000000000000078
Event: 3.149 Thread 0x00000263893854b0 Uncommon trap: reason=unstable_if action=reinterpret pc=0x00000263340441f8 method=java.io.WinNTFileSystem.isSlash(C)Z @ 9 c2
Event: 3.149 Thread 0x00000263893854b0 DEOPT PACKING pc=0x00000263340441f8 sp=0x000000e4861fd820
Event: 3.149 Thread 0x00000263893854b0 DEOPT UNPACKING pc=0x0000026333ae46a2 sp=0x000000e4861fd7a8 mode 2
Event: 3.159 Thread 0x00000263893854b0 DEOPT PACKING pc=0x000002632c6f76c9 sp=0x000000e4861fd410
Event: 3.159 Thread 0x00000263893854b0 DEOPT UNPACKING pc=0x0000026333ae4e42 sp=0x000000e4861fc880 mode 0
Event: 3.177 Thread 0x00000263893854b0 DEOPT PACKING pc=0x000002632c6f76c9 sp=0x000000e4861fd420
Event: 3.177 Thread 0x00000263893854b0 DEOPT UNPACKING pc=0x0000026333ae4e42 sp=0x000000e4861fc890 mode 0
Event: 3.190 Thread 0x00000263893854b0 DEOPT PACKING pc=0x000002632c6f76c9 sp=0x000000e4861fd3b0
Event: 3.190 Thread 0x00000263893854b0 DEOPT UNPACKING pc=0x0000026333ae4e42 sp=0x000000e4861fc820 mode 0
Event: 3.284 Thread 0x00000263893854b0 DEOPT PACKING pc=0x000002632c837032 sp=0x000000e4861fd8c0
Event: 3.284 Thread 0x00000263893854b0 DEOPT UNPACKING pc=0x0000026333ae4e42 sp=0x000000e4861fcd88 mode 0

Classes loaded (20 events):
Event: 3.128 Loading class java/lang/reflect/Proxy$ProxyBuilder$1
Event: 3.128 Loading class java/lang/reflect/Proxy$ProxyBuilder$1 done
Event: 3.128 Loading class java/lang/annotation/Target
Event: 3.128 Loading class java/lang/annotation/Target done
Event: 3.130 Loading class java/lang/reflect/UndeclaredThrowableException
Event: 3.130 Loading class java/lang/reflect/UndeclaredThrowableException done
Event: 3.135 Loading class java/util/Arrays$ArrayItr
Event: 3.135 Loading class java/util/Arrays$ArrayItr done
Event: 3.135 Loading class java/lang/ProcessEnvironment
Event: 3.136 Loading class java/lang/ProcessEnvironment done
Event: 3.136 Loading class java/lang/ProcessEnvironment$NameComparator
Event: 3.136 Loading class java/lang/ProcessEnvironment$NameComparator done
Event: 3.136 Loading class java/lang/ProcessEnvironment$EntryComparator
Event: 3.136 Loading class java/lang/ProcessEnvironment$EntryComparator done
Event: 3.136 Loading class java/lang/ProcessEnvironment$CheckedEntrySet
Event: 3.136 Loading class java/lang/ProcessEnvironment$CheckedEntrySet done
Event: 3.136 Loading class java/lang/ProcessEnvironment$CheckedEntrySet$1
Event: 3.136 Loading class java/lang/ProcessEnvironment$CheckedEntrySet$1 done
Event: 3.136 Loading class java/lang/ProcessEnvironment$CheckedEntry
Event: 3.136 Loading class java/lang/ProcessEnvironment$CheckedEntry done

Classes unloaded (0 events):
No events

Classes redefined (0 events):
No events

Internal exceptions (20 events):
Event: 1.048 Thread 0x0000026342da14f0 Exception <a 'java/lang/NoSuchMethodError'{0x00000007137cdc50}: 'java.lang.Object java.lang.invoke.Invokers$Holder.invokeExact_MT(java.lang.Object, java.lang.Object, java.lang.Object, java.lang.Object, java.lang.Object, java.lang.Object)'> (0x00000007137cdc50) 
thrown [s\open\src\hotspot\share\interpreter\linkResolver.cpp, line 774]
Event: 1.303 Thread 0x00000263888f3420 Exception <a 'java/lang/ClassNotFoundException'{0x000000071356b068}: sun/awt/resources/spi/awtProvider> (0x000000071356b068) 
thrown [s\open\src\hotspot\share\classfile\systemDictionary.cpp, line 313]
Event: 1.311 Thread 0x00000263888f3420 Exception <a 'java/io/FileNotFoundException'{0x00000007135c5238}> (0x00000007135c5238) 
thrown [s\open\src\hotspot\share\prims\jni.cpp, line 520]
Event: 1.316 Thread 0x00000263888f3420 Exception <a 'java/io/FileNotFoundException'{0x00000007135f1828}> (0x00000007135f1828) 
thrown [s\open\src\hotspot\share\prims\jni.cpp, line 520]
Event: 1.365 Thread 0x00000263888f3420 Exception <a 'java/lang/NoSuchMethodError'{0x00000007132d0520}: 'void java.lang.invoke.DirectMethodHandle$Holder.invokeSpecial(java.lang.Object, java.lang.Object, java.lang.Object)'> (0x00000007132d0520) 
thrown [s\open\src\hotspot\share\interpreter\linkResolver.cpp, line 774]
Event: 1.370 Thread 0x00000263888f3420 Exception <a 'java/lang/NoSuchMethodError'{0x00000007132f63c0}: 'java.lang.Object java.lang.invoke.DirectMethodHandle$Holder.newInvokeSpecial(java.lang.Object, java.lang.Object, java.lang.Object, java.lang.Object, java.lang.Object)'> (0x00000007132f63c0) 
thrown [s\open\src\hotspot\share\interpreter\linkResolver.cpp, line 774]
Event: 1.375 Thread 0x00000263888f3420 Exception <a 'java/lang/NoSuchMethodError'{0x0000000713322ab8}: 'java.lang.Object java.lang.invoke.DirectMethodHandle$Holder.invokeStatic(java.lang.Object, int, java.lang.Object)'> (0x0000000713322ab8) 
thrown [s\open\src\hotspot\share\interpreter\linkResolver.cpp, line 774]
Event: 1.391 Thread 0x00000263888f3420 Exception <a 'java/lang/ClassNotFoundException'{0x00000007133c8dc0}: com/sun/swing/internal/plaf/metal/resources/spi/metalProvider> (0x00000007133c8dc0) 
thrown [s\open\src\hotspot\share\classfile\systemDictionary.cpp, line 313]
Event: 1.392 Thread 0x00000263888f3420 Exception <a 'java/lang/ClassNotFoundException'{0x00000007133cdba0}: com/sun/swing/internal/plaf/basic/resources/spi/basicProvider> (0x00000007133cdba0) 
thrown [s\open\src\hotspot\share\classfile\systemDictionary.cpp, line 313]
Event: 1.399 Thread 0x00000263888f3420 Exception <a 'java/lang/NoSuchMethodError'{0x00000007133eccd0}: 'int java.lang.invoke.Invokers$Holder.invokeExact_MT(java.lang.Object, java.lang.Object)'> (0x00000007133eccd0) 
thrown [s\open\src\hotspot\share\interpreter\linkResolver.cpp, line 774]
Event: 1.412 Thread 0x00000263891bb1c0 Exception <a 'java/lang/NoSuchMethodError'{0x00000007132bbca8}: 'void java.lang.invoke.DirectMethodHandle$Holder.invokeVirtual(java.lang.Object, java.lang.Object)'> (0x00000007132bbca8) 
thrown [s\open\src\hotspot\share\interpreter\linkResolver.cpp, line 774]
Event: 1.422 Thread 0x00000263891bb850 Exception <a 'java/lang/NoSuchMethodError'{0x0000000713055398}: 'void java.lang.invoke.DirectMethodHandle$Holder.invokeStaticInit(java.lang.Object)'> (0x0000000713055398) 
thrown [s\open\src\hotspot\share\interpreter\linkResolver.cpp, line 774]
Event: 1.506 Thread 0x00000263893854b0 Exception <a 'java/lang/NoSuchMethodError'{0x000000071310d708}: 'java.lang.Object java.lang.invoke.DirectMethodHandle$Holder.newInvokeSpecial(java.lang.Object, java.lang.Object, java.lang.Object, java.lang.Object, int)'> (0x000000071310d708) 
thrown [s\open\src\hotspot\share\interpreter\linkResolver.cpp, line 774]
Event: 1.507 Thread 0x00000263893854b0 Exception <a 'java/lang/NoSuchMethodError'{0x00000007131117d0}: 'java.lang.Object java.lang.invoke.DirectMethodHandle$Holder.invokeSpecial(java.lang.Object, java.lang.Object, java.lang.Object, java.lang.Object, java.lang.Object, int)'> (0x00000007131117d0) 
thrown [s\open\src\hotspot\share\interpreter\linkResolver.cpp, line 774]
Event: 1.507 Thread 0x00000263893854b0 Exception <a 'java/lang/NoSuchMethodError'{0x0000000713114fa0}: 'java.lang.Object java.lang.invoke.Invokers$Holder.linkToTargetMethod(java.lang.Object, java.lang.Object, java.lang.Object, int, java.lang.Object)'> (0x0000000713114fa0) 
thrown [s\open\src\hotspot\share\interpreter\linkResolver.cpp, line 774]
Event: 3.115 Thread 0x00000263893854b0 Exception <a 'java/lang/NoSuchMethodError'{0x0000000712e3da98}: 'int java.lang.invoke.DirectMethodHandle$Holder.invokeStaticInit(java.lang.Object, java.lang.Object, java.lang.Object, java.lang.Object)'> (0x0000000712e3da98) 
thrown [s\open\src\hotspot\share\interpreter\linkResolver.cpp, line 774]
Event: 3.115 Thread 0x00000263893854b0 Exception <a 'java/lang/NoSuchMethodError'{0x0000000712e46298}: 'java.lang.Object java.lang.invoke.DirectMethodHandle$Holder.invokeInterface(java.lang.Object, java.lang.Object)'> (0x0000000712e46298) 
thrown [s\open\src\hotspot\share\interpreter\linkResolver.cpp, line 774]
Event: 3.115 Thread 0x00000263893854b0 Exception <a 'java/lang/IncompatibleClassChangeError'{0x0000000712e49510}: Found class java.lang.Object, but interface was expected> (0x0000000712e49510) 
thrown [s\open\src\hotspot\share\interpreter\linkResolver.cpp, line 841]
Event: 3.116 Thread 0x00000263893854b0 Exception <a 'java/lang/NoSuchMethodError'{0x0000000712e4bfc8}: 'void java.lang.invoke.DirectMethodHandle$Holder.invokeStaticInit(java.lang.Object, java.lang.Object)'> (0x0000000712e4bfc8) 
thrown [s\open\src\hotspot\share\interpreter\linkResolver.cpp, line 774]
Event: 3.116 Thread 0x00000263893854b0 Exception <a 'java/lang/NoSuchMethodError'{0x0000000712e513f0}: 'int java.lang.invoke.DirectMethodHandle$Holder.invokeStaticInit(java.lang.Object, java.lang.Object)'> (0x0000000712e513f0) 
thrown [s\open\src\hotspot\share\interpreter\linkResolver.cpp, line 774]

ZGC Phase Switch (0 events):
No events

VM Operations (20 events):
Event: 0.431 Executing VM operation: HandshakeAllThreads (Deoptimize) done
Event: 0.464 Executing VM operation: HandshakeAllThreads (Deoptimize)
Event: 0.464 Executing VM operation: HandshakeAllThreads (Deoptimize) done
Event: 0.971 Executing VM operation: HandshakeAllThreads (Deoptimize)
Event: 0.971 Executing VM operation: HandshakeAllThreads (Deoptimize) done
Event: 0.971 Executing VM operation: HandshakeAllThreads (Deoptimize)
Event: 0.971 Executing VM operation: HandshakeAllThreads (Deoptimize) done
Event: 1.323 Executing VM operation: HandshakeAllThreads (Deoptimize)
Event: 1.323 Executing VM operation: HandshakeAllThreads (Deoptimize) done
Event: 1.467 Executing VM operation: HandshakeAllThreads (Deoptimize)
Event: 1.467 Executing VM operation: HandshakeAllThreads (Deoptimize) done
Event: 1.467 Executing VM operation: Cleanup
Event: 1.467 Executing VM operation: Cleanup done
Event: 2.468 Executing VM operation: Cleanup
Event: 2.468 Executing VM operation: Cleanup done
Event: 3.126 Executing VM operation: HandshakeAllThreads (Deoptimize)
Event: 3.126 Executing VM operation: HandshakeAllThreads (Deoptimize) done
Event: 3.136 Executing VM operation: HandshakeAllThreads (Deoptimize)
Event: 3.136 Executing VM operation: HandshakeAllThreads (Deoptimize) done
Event: 3.297 Executing VM operation: G1CollectForAllocation (G1 Evacuation Pause)

Events (20 events):
Event: 0.031 Thread 0x0000026342da3150 Thread added: 0x0000026342da3150
Event: 0.031 Thread 0x0000026342da4b90 Thread added: 0x0000026342da4b90
Event: 0.031 Thread 0x0000026342dab4a0 Thread added: 0x0000026342dab4a0
Event: 0.123 Thread 0x0000026388092490 Thread added: 0x0000026388092490
Event: 0.133 Thread 0x000002638817b300 Thread added: 0x000002638817b300
Event: 0.254 Thread 0x0000026388502090 Thread added: 0x0000026388502090
Event: 0.254 Thread 0x0000026388f9a020 Thread added: 0x0000026388f9a020
Event: 0.396 Thread 0x00000263888f3420 Thread added: 0x00000263888f3420
Event: 0.425 Thread 0x0000026388c41ed0 Thread added: 0x0000026388c41ed0
Event: 0.431 Thread 0x000002638886dc10 Thread added: 0x000002638886dc10
Event: 0.452 Thread 0x00000263893626d0 Thread added: 0x00000263893626d0
Event: 0.961 Thread 0x000002638817b300 Thread exited: 0x000002638817b300
Event: 1.295 Thread 0x00000263893854b0 Thread added: 0x00000263893854b0
Event: 1.345 Thread 0x00000263891b1290 Thread added: 0x00000263891b1290
Event: 1.346 Thread 0x00000263891b5ba0 Thread added: 0x00000263891b5ba0
Event: 1.347 Thread 0x00000263891bb1c0 Thread added: 0x00000263891bb1c0
Event: 1.404 Thread 0x00000263891bb850 Thread added: 0x00000263891bb850
Event: 1.496 Thread 0x00000263891bbee0 Thread added: 0x00000263891bbee0
Event: 3.110 Thread 0x00000263891b9e10 Thread added: 0x00000263891b9e10
Event: 3.145 Thread 0x00000263894b4c30 Thread added: 0x00000263894b4c30


Dynamic libraries:
0x00007ff7448b0000 - 0x00007ff7448be000 	C:\Users\woelflenico\.jdks\openjdk-22.0.1\bin\java.exe
0x00007ffd91fd0000 - 0x00007ffd921c8000 	C:\WINDOWS\SYSTEM32\ntdll.dll
0x00007ffd90350000 - 0x00007ffd9040d000 	C:\WINDOWS\System32\KERNEL32.DLL
0x00007ffd8fcd0000 - 0x00007ffd8ffc6000 	C:\WINDOWS\System32\KERNELBASE.dll
0x00007ffd8fb30000 - 0x00007ffd8fc30000 	C:\WINDOWS\System32\ucrtbase.dll
0x00007ffd8ad40000 - 0x00007ffd8ad5b000 	C:\Users\woelflenico\.jdks\openjdk-22.0.1\bin\VCRUNTIME140.dll
0x00007ffd8ad20000 - 0x00007ffd8ad37000 	C:\Users\woelflenico\.jdks\openjdk-22.0.1\bin\jli.dll
0x00007ffd911d0000 - 0x00007ffd9136f000 	C:\WINDOWS\System32\USER32.dll
0x00007ffd7ed30000 - 0x00007ffd7efca000 	C:\WINDOWS\WinSxS\amd64_microsoft.windows.common-controls_6595b64144ccf1df_6.0.19041.4355_none_60b8b9eb71f62e16\COMCTL32.dll
0x00007ffd8f680000 - 0x00007ffd8f6a2000 	C:\WINDOWS\System32\win32u.dll
0x00007ffd902b0000 - 0x00007ffd9034e000 	C:\WINDOWS\System32\msvcrt.dll
0x00007ffd90f20000 - 0x00007ffd90f4b000 	C:\WINDOWS\System32\GDI32.dll
0x00007ffd8f910000 - 0x00007ffd8fa27000 	C:\WINDOWS\System32\gdi32full.dll
0x00007ffd8fc30000 - 0x00007ffd8fccd000 	C:\WINDOWS\System32\msvcp_win.dll
0x00007ffd90130000 - 0x00007ffd90162000 	C:\WINDOWS\System32\IMM32.DLL
0x00007ffd8acf0000 - 0x00007ffd8acfc000 	C:\Users\woelflenico\.jdks\openjdk-22.0.1\bin\vcruntime140_1.dll
0x00007ffd6c1e0000 - 0x00007ffd6c26e000 	C:\Users\woelflenico\.jdks\openjdk-22.0.1\bin\msvcp140.dll
0x00007ffd064c0000 - 0x00007ffd07207000 	C:\Users\woelflenico\.jdks\openjdk-22.0.1\bin\server\jvm.dll
0x00007ffd91090000 - 0x00007ffd91140000 	C:\WINDOWS\System32\ADVAPI32.dll
0x00007ffd91ef0000 - 0x00007ffd91f90000 	C:\WINDOWS\System32\sechost.dll
0x00007ffd90000000 - 0x00007ffd90123000 	C:\WINDOWS\System32\RPCRT4.dll
0x00007ffd8ffd0000 - 0x00007ffd8fff7000 	C:\WINDOWS\System32\bcrypt.dll
0x00007ffd90eb0000 - 0x00007ffd90f1b000 	C:\WINDOWS\System32\WS2_32.dll
0x00007ffd8f4d0000 - 0x00007ffd8f51b000 	C:\WINDOWS\SYSTEM32\POWRPROF.dll
0x00007ffd85bd0000 - 0x00007ffd85bf7000 	C:\WINDOWS\SYSTEM32\WINMM.dll
0x00007ffd89d00000 - 0x00007ffd89d0a000 	C:\WINDOWS\SYSTEM32\VERSION.dll
0x00007ffd8f4b0000 - 0x00007ffd8f4c2000 	C:\WINDOWS\SYSTEM32\UMPDC.dll
0x00007ffd8d300000 - 0x00007ffd8d312000 	C:\WINDOWS\SYSTEM32\kernel.appcore.dll
0x00007ffd8a3e0000 - 0x00007ffd8a3ea000 	C:\Users\woelflenico\.jdks\openjdk-22.0.1\bin\jimage.dll
0x00007ffd8aee0000 - 0x00007ffd8b0c4000 	C:\WINDOWS\SYSTEM32\DBGHELP.DLL
0x00007ffd8aea0000 - 0x00007ffd8aed4000 	C:\WINDOWS\SYSTEM32\dbgcore.DLL
0x00007ffd8faa0000 - 0x00007ffd8fb22000 	C:\WINDOWS\System32\bcryptPrimitives.dll
0x00007ffd8adf0000 - 0x00007ffd8adff000 	C:\Users\woelflenico\.jdks\openjdk-22.0.1\bin\instrument.dll
0x00007ffd8a3c0000 - 0x00007ffd8a3de000 	C:\Users\woelflenico\.jdks\openjdk-22.0.1\bin\java.dll
0x00007ffd90600000 - 0x00007ffd90d6b000 	C:\WINDOWS\System32\SHELL32.dll
0x00007ffd918b0000 - 0x00007ffd919db000 	C:\WINDOWS\System32\ole32.dll
0x00007ffd91b90000 - 0x00007ffd91ee3000 	C:\WINDOWS\System32\combase.dll
0x00007ffd8d500000 - 0x00007ffd8dc9d000 	C:\WINDOWS\SYSTEM32\windows.storage.dll
0x00007ffd8eef0000 - 0x00007ffd8ef1e000 	C:\WINDOWS\SYSTEM32\Wldp.dll
0x00007ffd91370000 - 0x00007ffd9143d000 	C:\WINDOWS\System32\OLEAUT32.dll
0x00007ffd90200000 - 0x00007ffd902ad000 	C:\WINDOWS\System32\SHCORE.dll
0x00007ffd90dd0000 - 0x00007ffd90e25000 	C:\WINDOWS\System32\shlwapi.dll
0x00007ffd8f5b0000 - 0x00007ffd8f5d4000 	C:\WINDOWS\SYSTEM32\profapi.dll
0x00007ffd6c100000 - 0x00007ffd6c1d7000 	C:\Users\woelflenico\.jdks\openjdk-22.0.1\bin\jsvml.dll
0x00007ffd87ee0000 - 0x00007ffd87ef7000 	C:\Users\woelflenico\.jdks\openjdk-22.0.1\bin\zip.dll
0x00007ffd883b0000 - 0x00007ffd883c0000 	C:\Users\woelflenico\.jdks\openjdk-22.0.1\bin\net.dll
0x00007ffd8ecd0000 - 0x00007ffd8ed3a000 	C:\WINDOWS\system32\mswsock.dll
0x00007ffd88390000 - 0x00007ffd883a6000 	C:\Users\woelflenico\.jdks\openjdk-22.0.1\bin\nio.dll
0x00007ffd8ae20000 - 0x00007ffd8ae3a000 	D:\IntelliJ\IntelliJ IDEA 2024.1\bin\breakgen64.dll
0x00007ffd86bb0000 - 0x00007ffd86bb9000 	C:\Users\woelflenico\.jdks\openjdk-22.0.1\bin\extnet.dll
0x00007ffd8add0000 - 0x00007ffd8ade2000 	C:\Users\woelflenico\.jdks\openjdk-22.0.1\bin\jsound.dll
0x00007ffd7e8e0000 - 0x00007ffd7e97c000 	C:\WINDOWS\SYSTEM32\DSOUND.dll
0x00007ffd84c40000 - 0x00007ffd84c66000 	C:\WINDOWS\SYSTEM32\winmmbase.dll
0x00007ffd8ef30000 - 0x00007ffd8ef48000 	C:\WINDOWS\SYSTEM32\CRYPTSP.dll
0x00007ffd8ce30000 - 0x00007ffd8cece000 	C:\WINDOWS\system32\uxtheme.dll
0x00007ffd8e610000 - 0x00007ffd8e644000 	C:\WINDOWS\system32\rsaenh.dll
0x00007ffd8f520000 - 0x00007ffd8f54e000 	C:\WINDOWS\SYSTEM32\USERENV.dll
0x00007ffd90550000 - 0x00007ffd905f9000 	C:\WINDOWS\System32\clbcatq.dll
0x00007ffd8ee60000 - 0x00007ffd8ee6c000 	C:\WINDOWS\SYSTEM32\CRYPTBASE.dll
0x00007ffd893b0000 - 0x00007ffd89435000 	C:\WINDOWS\System32\MMDevApi.dll
0x00007ffd8f330000 - 0x00007ffd8f363000 	C:\WINDOWS\System32\DEVOBJ.dll
0x00007ffd8f6b0000 - 0x00007ffd8f6fe000 	C:\WINDOWS\System32\cfgmgr32.dll
0x00007ffd8e9d0000 - 0x00007ffd8ea0b000 	C:\WINDOWS\SYSTEM32\IPHLPAPI.DLL
0x00007ffd90f50000 - 0x00007ffd90f58000 	C:\WINDOWS\System32\NSI.dll
0x00007ffd81940000 - 0x00007ffd81986000 	C:\WINDOWS\SYSTEM32\wdmaud.drv
0x00007ffd82a90000 - 0x00007ffd82a99000 	C:\WINDOWS\SYSTEM32\ksuser.dll
0x00007ffd85bc0000 - 0x00007ffd85bca000 	C:\WINDOWS\SYSTEM32\AVRT.dll
0x00007ffd89570000 - 0x00007ffd896f1000 	C:\WINDOWS\SYSTEM32\AUDIOSES.DLL
0x00007ffd8adc0000 - 0x00007ffd8adcd000 	C:\WINDOWS\SYSTEM32\msacm32.drv
0x00007ffd81ae0000 - 0x00007ffd81afe000 	C:\WINDOWS\SYSTEM32\MSACM32.dll
0x00007ffd8ad90000 - 0x00007ffd8ad9b000 	C:\WINDOWS\SYSTEM32\midimap.dll
0x00007ffd8cef0000 - 0x00007ffd8cf04000 	C:\WINDOWS\SYSTEM32\resourcepolicyclient.dll
0x00007ffd014a0000 - 0x00007ffd0269f000 	C:\Users\woelflenico\AppData\Local\Temp\webrtc-java16975337441747120246.dll
0x00007ffd8b5b0000 - 0x00007ffd8b813000 	C:\WINDOWS\SYSTEM32\d3d11.dll
0x00007ffd852b0000 - 0x00007ffd8546c000 	C:\WINDOWS\SYSTEM32\MFPlat.DLL
0x00007ffd65080000 - 0x00007ffd6508b000 	C:\WINDOWS\SYSTEM32\msdmo.dll
0x00007ffd8ddc0000 - 0x00007ffd8deb2000 	C:\WINDOWS\SYSTEM32\dxgi.dll
0x00007ffd88b60000 - 0x00007ffd88b6c000 	C:\WINDOWS\SYSTEM32\Secur32.dll
0x00007ffd8f550000 - 0x00007ffd8f582000 	C:\WINDOWS\SYSTEM32\SSPICLI.DLL
0x00007ffd82380000 - 0x00007ffd823b6000 	C:\WINDOWS\SYSTEM32\RTWorkQ.DLL
0x00007ffd7e580000 - 0x00007ffd7e5f7000 	C:\Windows\System32\mfwmaaec.dll
0x00007ffd7ccd0000 - 0x00007ffd7ce0f000 	C:\Windows\System32\Windows.UI.dll
0x00007ffd7cc00000 - 0x00007ffd7cca1000 	C:\Windows\System32\WindowManagementAPI.dll
0x00007ffd7cb00000 - 0x00007ffd7cbf9000 	C:\Windows\System32\TextInputFramework.dll
0x00007ffd7c920000 - 0x00007ffd7ca72000 	C:\Windows\System32\InputHost.dll
0x00007ffd7c620000 - 0x00007ffd7c823000 	C:\WINDOWS\SYSTEM32\twinapi.appcore.dll
0x00007ffd8be90000 - 0x00007ffd8bfe7000 	C:\WINDOWS\SYSTEM32\wintypes.dll
0x00007ffd8c8c0000 - 0x00007ffd8c9b2000 	C:\Windows\System32\CoreMessaging.dll
0x00007ffd8c560000 - 0x00007ffd8c8bb000 	C:\Windows\System32\CoreUIComponents.dll
0x00007ffd889b0000 - 0x00007ffd88aa6000 	C:\Windows\System32\PROPSYS.dll
0x00007ffd8e730000 - 0x00007ffd8e763000 	C:\WINDOWS\SYSTEM32\ntmarta.dll
0x00007ffd692c0000 - 0x00007ffd6944d000 	C:\Users\woelflenico\.jdks\openjdk-22.0.1\bin\awt.dll
0x00007ffd8cc60000 - 0x00007ffd8ccf0000 	C:\WINDOWS\SYSTEM32\apphelp.dll
0x00007ffd8d120000 - 0x00007ffd8d14f000 	C:\WINDOWS\system32\DWMAPI.DLL
0x00007ffd84280000 - 0x00007ffd843a5000 	C:\WINDOWS\system32\opengl32.dll
0x00007ffd829d0000 - 0x00007ffd829fc000 	C:\WINDOWS\SYSTEM32\GLU32.dll
0x00007ffd90f70000 - 0x00007ffd91084000 	C:\WINDOWS\System32\MSCTF.dll
0x00007ffd6e950000 - 0x00007ffd6e9d7000 	C:\Users\woelflenico\.jdks\openjdk-22.0.1\bin\freetype.dll
0x00007ffd6e3a0000 - 0x00007ffd6e477000 	C:\Users\woelflenico\.jdks\openjdk-22.0.1\bin\fontmanager.dll
0x00007ffd8a410000 - 0x00007ffd8a427000 	C:\WINDOWS\SYSTEM32\dhcpcsvc6.DLL
0x00007ffd8a3f0000 - 0x00007ffd8a40d000 	C:\WINDOWS\SYSTEM32\dhcpcsvc.DLL
0x00007ffd8ea10000 - 0x00007ffd8eadb000 	C:\WINDOWS\SYSTEM32\DNSAPI.dll
0x00007ffd883c0000 - 0x00007ffd883ca000 	C:\Windows\System32\rasadhlp.dll
0x00007ffd8a850000 - 0x00007ffd8a8d0000 	C:\WINDOWS\System32\fwpuclnt.dll
0x00007ffd7e2c0000 - 0x00007ffd7e2ee000 	C:\Users\woelflenico\.jdks\openjdk-22.0.1\bin\javajpeg.dll
0x000002638b760000 - 0x000002638b763000 	C:\Users\woelflenico\.javacpp\cache\javacpp-1.5.5-windows-x86_64.jar\org\bytedeco\javacpp\windows-x86_64\api-ms-win-crt-locale-l1-1-0.dll
0x000002638b770000 - 0x000002638b774000 	C:\Users\woelflenico\.javacpp\cache\javacpp-1.5.5-windows-x86_64.jar\org\bytedeco\javacpp\windows-x86_64\api-ms-win-crt-string-l1-1-0.dll
0x000002638b780000 - 0x000002638b784000 	C:\Users\woelflenico\.javacpp\cache\javacpp-1.5.5-windows-x86_64.jar\org\bytedeco\javacpp\windows-x86_64\api-ms-win-crt-stdio-l1-1-0.dll
0x000002638b790000 - 0x000002638b795000 	C:\Users\woelflenico\.javacpp\cache\javacpp-1.5.5-windows-x86_64.jar\org\bytedeco\javacpp\windows-x86_64\api-ms-win-crt-math-l1-1-0.dll
0x000002638b7a0000 - 0x000002638b7a3000 	C:\Users\woelflenico\.javacpp\cache\javacpp-1.5.5-windows-x86_64.jar\org\bytedeco\javacpp\windows-x86_64\api-ms-win-crt-heap-l1-1-0.dll
0x000002638b7b0000 - 0x000002638b7b4000 	C:\Users\woelflenico\.javacpp\cache\javacpp-1.5.5-windows-x86_64.jar\org\bytedeco\javacpp\windows-x86_64\api-ms-win-crt-runtime-l1-1-0.dll
0x000002638b7c0000 - 0x000002638b7c4000 	C:\Users\woelflenico\.javacpp\cache\javacpp-1.5.5-windows-x86_64.jar\org\bytedeco\javacpp\windows-x86_64\api-ms-win-crt-convert-l1-1-0.dll
0x000002638b7d0000 - 0x000002638b7d3000 	C:\Users\woelflenico\.javacpp\cache\javacpp-1.5.5-windows-x86_64.jar\org\bytedeco\javacpp\windows-x86_64\api-ms-win-crt-environment-l1-1-0.dll
0x000002638b7e0000 - 0x000002638b7e3000 	C:\Users\woelflenico\.javacpp\cache\javacpp-1.5.5-windows-x86_64.jar\org\bytedeco\javacpp\windows-x86_64\api-ms-win-crt-time-l1-1-0.dll
0x000002638b7f0000 - 0x000002638b7f3000 	C:\Users\woelflenico\.javacpp\cache\javacpp-1.5.5-windows-x86_64.jar\org\bytedeco\javacpp\windows-x86_64\api-ms-win-crt-filesystem-l1-1-0.dll
0x000002638b800000 - 0x000002638b803000 	C:\Users\woelflenico\.javacpp\cache\javacpp-1.5.5-windows-x86_64.jar\org\bytedeco\javacpp\windows-x86_64\api-ms-win-crt-utility-l1-1-0.dll
0x000002638b810000 - 0x000002638b815000 	C:\Users\woelflenico\.javacpp\cache\javacpp-1.5.5-windows-x86_64.jar\org\bytedeco\javacpp\windows-x86_64\api-ms-win-crt-multibyte-l1-1-0.dll
0x000002638b820000 - 0x000002638b823000 	C:\Users\woelflenico\.javacpp\cache\javacpp-1.5.5-windows-x86_64.jar\org\bytedeco\javacpp\windows-x86_64\api-ms-win-core-string-l1-1-0.dll
0x000002638b830000 - 0x000002638b833000 	C:\Users\woelflenico\.javacpp\cache\javacpp-1.5.5-windows-x86_64.jar\org\bytedeco\javacpp\windows-x86_64\api-ms-win-core-errorhandling-l1-1-0.dll
0x000002638b840000 - 0x000002638b843000 	C:\Users\woelflenico\.javacpp\cache\javacpp-1.5.5-windows-x86_64.jar\org\bytedeco\javacpp\windows-x86_64\api-ms-win-core-timezone-l1-1-0.dll
0x000002638b850000 - 0x000002638b854000 	C:\Users\woelflenico\.javacpp\cache\javacpp-1.5.5-windows-x86_64.jar\org\bytedeco\javacpp\windows-x86_64\api-ms-win-core-file-l1-1-0.dll
0x000002638b860000 - 0x000002638b863000 	C:\Users\woelflenico\.javacpp\cache\javacpp-1.5.5-windows-x86_64.jar\org\bytedeco\javacpp\windows-x86_64\api-ms-win-core-namedpipe-l1-1-0.dll
0x000002638b870000 - 0x000002638b873000 	C:\Users\woelflenico\.javacpp\cache\javacpp-1.5.5-windows-x86_64.jar\org\bytedeco\javacpp\windows-x86_64\api-ms-win-core-handle-l1-1-0.dll
0x000002638b880000 - 0x000002638b883000 	C:\Users\woelflenico\.javacpp\cache\javacpp-1.5.5-windows-x86_64.jar\org\bytedeco\javacpp\windows-x86_64\api-ms-win-core-file-l2-1-0.dll
0x000002638b890000 - 0x000002638b893000 	C:\Users\woelflenico\.javacpp\cache\javacpp-1.5.5-windows-x86_64.jar\org\bytedeco\javacpp\windows-x86_64\api-ms-win-core-heap-l1-1-0.dll
0x000002638b8a0000 - 0x000002638b8a3000 	C:\Users\woelflenico\.javacpp\cache\javacpp-1.5.5-windows-x86_64.jar\org\bytedeco\javacpp\windows-x86_64\api-ms-win-core-libraryloader-l1-1-0.dll
0x000002638b8b0000 - 0x000002638b8b3000 	C:\Users\woelflenico\.javacpp\cache\javacpp-1.5.5-windows-x86_64.jar\org\bytedeco\javacpp\windows-x86_64\api-ms-win-core-synch-l1-1-0.dll
0x000002638b8c0000 - 0x000002638b8c3000 	C:\Users\woelflenico\.javacpp\cache\javacpp-1.5.5-windows-x86_64.jar\org\bytedeco\javacpp\windows-x86_64\api-ms-win-core-processthreads-l1-1-0.dll

dbghelp: loaded successfully - version: 4.0.5 - missing functions: none
symbol engine: initialized successfully - sym options: 0x614 - pdb path: .;C:\Users\woelflenico\.jdks\openjdk-22.0.1\bin;C:\WINDOWS\SYSTEM32;C:\WINDOWS\WinSxS\amd64_microsoft.windows.common-controls_6595b64144ccf1df_6.0.19041.4355_none_60b8b9eb71f62e16;C:\Users\woelflenico\.jdks\openjdk-22.0.1\bin\server;D:\IntelliJ\IntelliJ IDEA 2024.1\bin;C:\Users\woelflenico\AppData\Local\Temp;C:\Users\woelflenico\.javacpp\cache\javacpp-1.5.5-windows-x86_64.jar\org\bytedeco\javacpp\windows-x86_64

VM Arguments:
jvm_args: -javaagent:D:\IntelliJ\IntelliJ IDEA 2024.1\lib\idea_rt.jar=53973:D:\IntelliJ\IntelliJ IDEA 2024.1\bin -Dfile.encoding=UTF-8 -Dsun.stdout.encoding=UTF-8 -Dsun.stderr.encoding=UTF-8 
java_command: org.example.App 3
java_class_path (initial): D:\webrptcJava\target\classes;C:\Users\woelflenico\.m2\repository\org\bytedeco\javacv-platform\1.5.5\javacv-platform-1.5.5.jar;C:\Users\woelflenico\.m2\repository\org\bytedeco\javacv\1.5.5\javacv-1.5.5.jar;C:\Users\woelflenico\.m2\repository\org\bytedeco\javacpp\1.5.5\javacpp-1.5.5.jar;C:\Users\woelflenico\.m2\repository\org\bytedeco\openblas\0.3.13-1.5.5\openblas-0.3.13-1.5.5.jar;C:\Users\woelflenico\.m2\repository\org\bytedeco\opencv\4.5.1-1.5.5\opencv-4.5.1-1.5.5.jar;C:\Users\woelflenico\.m2\repository\org\bytedeco\ffmpeg\4.3.2-1.5.5\ffmpeg-4.3.2-1.5.5.jar;C:\Users\woelflenico\.m2\repository\org\bytedeco\flycapture\2.13.3.31-1.5.5\flycapture-2.13.3.31-1.5.5.jar;C:\Users\woelflenico\.m2\repository\org\bytedeco\libdc1394\2.2.6-1.5.5\libdc1394-2.2.6-1.5.5.jar;C:\Users\woelflenico\.m2\repository\org\bytedeco\libfreenect\0.5.7-1.5.5\libfreenect-0.5.7-1.5.5.jar;C:\Users\woelflenico\.m2\repository\org\bytedeco\libfreenect2\0.2.0-1.5.5\libfreenect2-0.2.0-1.5.5.jar;C:\Users\woelflenico\.m2\repository\org\bytedeco\librealsense\1.12.4-1.5.5\librealsense-1.12.4-1.5.5.jar;C:\Users\woelflenico\.m2\repository\org\bytedeco\librealsense2\2.40.0-1.5.5\librealsense2-2.40.0-1.5.5.jar;C:\Users\woelflenico\.m2\repository\org\bytedeco\videoinput\0.200-1.5.5\videoinput-0.200-1.5.5.jar;C:\Users\woelflenico\.m2\repository\org\bytedeco\artoolkitplus\2.3.1-1.5.5\artoolkitplus-2.3.1-1.5.5.jar;C:\Users\woelflenico\.m2\repository\org\bytedeco\flandmark\1.07-1.5.5\flandmark-1.07-1.5.5.jar;C:\Users\woelflenico\.m2\repository\org\bytedeco\leptonica\1.80.0-1.5.5\leptonica-1.80.0-1.5.5.jar;C:\Users\woelflenico\.m2\repository\org\bytedeco\tesseract\4.1.1-1.5.5\tesseract-4.1.1-1.5.5.jar;C:\Users\woelflenico\.m2\repository\org\bytedeco\openblas-platform\0.3.13-1.5.5\openblas-platform-0.3.13-1.5.5.jar;C:\Users\woelflenico\.m2\repository\org\bytedeco\javacpp-platform\1.5.5\javacpp-platform-1.5.5.jar;C:\Users\woelflenico\.m2\repository\org\bytedeco\javacpp\1.5.5\javacpp-1.5.5-android-arm.jar;C:\Users\woelflenico\.m2\repository\org\bytedeco\javacpp\1.5.5\javacpp-1.5.5-android-arm64.jar;C:\Users\woelflenico\.m2\repository\org\bytedeco\javacpp\1.5.5\javacpp-1.5.5-android-x86.jar;C:\Users\woelflenico\.m2\repository\org\bytedeco\javacpp\1.5.5\javacpp-1.5.5-android-x86_64.jar;C:\Users\woelflenico\.m2\repository\org\bytedeco\javacpp\1.5.5\javacpp-1.5.5-ios-arm64.jar;C:\Users\woelflenico\.m2\repository\org\bytedeco\javacpp\1.5.5\javacpp-1.5.5-ios-x86_64.jar;C:\Users\woelflenico\.m2\repository\org\bytedeco\javacpp\1.5.5\javacpp-1.5.5-linux-armhf.jar;C:\Users\woelflenico\.m2\repository\org\bytedeco\javacpp\1.5.5\javacpp-1.5.5-linux-arm64.jar;C:\Users\woelflenico\.m2\repository\org\bytedeco\javacpp\1.5.5\javacpp-1.5.5-linux-ppc64le.jar;C:\Users\woelflenico\.m2\repository\org\bytedeco\javacpp\1.5.5\javacpp-1.5.5-linux-x86.jar;C:\Users\woelflenico\.m2\repository\org\bytedeco\javacpp\1.5.5\javacpp-1.5.5-linux-x86_64.jar;C:\Users\woelflenico\.m2\repository\org\bytedeco\javacpp\1.5.5\javacpp-1.5.5-macosx-arm64.jar;C:\Users\woelflenico\.m2\repository\org\bytedeco\javacpp\1.5.5\javacpp-1.5.5-macosx-x86_64.jar;C:\Users\woelflenico\.m2\repository\org\bytedeco\javacpp\1.5.5\javacpp-1.5.5-windows-x86.jar;C:\Users\woelflenico\.m2\repository\org\bytedeco\javacpp\1.5.5\javacpp-1.5.5-windows-x86_64.jar;C:\Users\woelflenico\.m2\repository\org\bytedeco\openblas\0.3.13-1.5.5\openblas-0.3.13-1.5.5-android-arm.jar;C:\Users\woelflenico\.m2\repository\org\bytedeco\openblas\0.3.13-1.5.5\openblas-0.3.13-1.5.5-android-arm64.jar;C:\Users\woelflenico\.m2\repository\org\bytedeco\openblas\0.3.13-1.5.5\openblas-0.3.13-1.5.5-android-x86.jar;C:\Users\woelflenico\.m2\repository\org\bytedeco\openblas\0.3.13-1.5.5\openblas-0.3.13-1.5.5-android-x86_64.jar;C:\Users\woelflenico\.m2\repository\org\bytedeco\openblas\0.3.13-1.5.5\openblas-0.3.13-1.5.5-ios-arm64.jar;C:\Users\woelflenico\.m2\repository\org\bytedeco\openblas\0.3.13-1.5.5\openblas-0.3.13-1.5.5-ios-x86_64.jar;C:\Users\woelflenico\.m2\repository\org\bytedeco\openblas\0.3.13-1.5.5\openblas-0.3.13-1.5.5-linux-x86.jar;C:\Users\woelflenico\.m2\repository\org\bytedeco\openblas\0.3.13-1.5.5\openblas-0.3.13-1.5.5-linux-x86_64.jar;C:\Users\woelflenico\.m2\repository\org\bytedeco\openblas\0.3.13-1.5.5\openblas-0.3.13-1.5.5-linux-armhf.jar;C:\Users\woelflenico\.m2\repository\org\bytedeco\openblas\0.3.13-1.5.5\openblas-0.3.13-1.5.5-linux-arm64.jar;C:\Users\woelflenico\.m2\repository\org\bytedeco\openblas\0.3.13-1.5.5\openblas-0.3.13-1.5.5-linux-ppc64le.jar;C:\Users\woelflenico\.m2\repository\org\bytedeco\openblas\0.3.13-1.5.5\openblas-0.3.13-1.5.5-macosx-x86_64.jar;C:\Users\woelflenico\.m2\repository\org\bytedeco\openblas\0.3.13-1.5.5\openblas-0.3.13-1.5.5-windows-x86.jar;C:\Users\woelflenico\.m2\repository\org\bytedeco\openblas\0.3.13-1.5.5\openblas-0.3.13-1.5.5-windows-x86_64.jar;C:\Users\woelflenico\.m2\repository\org\bytedeco\opencv-platform\4.5.1-1.5.5\opencv-platform-4.5.1-1.5.5.jar;C:\Users\woelflenico\.m2\repository\org\bytedeco\opencv\4.5.1-1.5.5\opencv-4.5.1-1.5.5-android-arm.jar;C:\Users\woelflenico\.m2\repository\org\bytedeco\opencv\4.5.1-1.5.5\opencv-4.5.1-1.5.5-android-arm64.jar;C:\Users\woelflenico\.m2\repository\org\bytedeco\opencv\4.5.1-1.5.5\opencv-4.5.1-1.5.5-android-x86.jar;C:\Users\woelflenico\.m2\repository\org\bytedeco\opencv\4.5.1-1.5.5\opencv-4.5.1-1.5.5-android-x86_64.jar;C:\Users\woelflenico\.m2\repository\org\bytedeco\opencv\4.5.1-1.5.5\opencv-4.5.1-1.5.5-ios-arm64.jar;C:\Users\woelflenico\.m2\repository\org\bytedeco\opencv\4.5.1-1.5.5\opencv-4.5.1-1.5.5-ios-x86_64.jar;C:\Users\woelflenico\.m2\repository\org\bytedeco\opencv\4.5.1-1.5.5\opencv-4.5.1-1.5.5-linux-x86.jar;C:\Users\woelflenico\.m2\repository\org\bytedeco\opencv\4.5.1-1.5.5\opencv-4.5.1-1.5.5-linux-x86_64.jar;C:\Users\woelflenico\.m2\repository\org\bytedeco\opencv\4.5.1-1.5.5\opencv-4.5.1-1.5.5-linux-armhf.jar;C:\Users\woelflenico\.m2\repository\org\bytedeco\opencv\4.5.1-1.5.5\opencv-4.5.1-1.5.5-linux-arm64.jar;C:\Users\woelflenico\.m2\repository\org\bytedeco\opencv\4.5.1-1.5.5\opencv-4.5.1-1.5.5-linux-ppc64le.jar;C:\Users\woelflenico\.m2\repository\org\bytedeco\opencv\4.5.1-1.5.5\opencv-4.5.1-1.5.5-macosx-x86_64.jar;C:\Users\woelflenico\.m2\repository\org\bytedeco\opencv\4.5.1-1.5.5\opencv-4.5.1-1.5.5-windows-x86.jar;C:\Users\woelflenico\.m2\repository\org\bytedeco\opencv\4.5.1-1.5.5\opencv-4.5.1-1.5.5-windows-x86_64.jar;C:\Users\woelflenico\.m2\repository\org\bytedeco\ffmpeg-platform\4.3.2-1.5.5\ffmpeg-platform-4.3.2-1.5.5.jar;C:\Users\woelflenico\.m2\repository\org\bytedeco\ffmpeg\4.3.2-1.5.5\ffmpeg-4.3.2-1.5.5-android-arm.jar;C:\Users\woelflenico\.m2\repository\org\bytedeco\ffmpeg\4.3.2-1.5.5\ffmpeg-4.3.2-1.5.5-android-arm64.jar;C:\Users\woelflenico\.m2\repository\org\bytedeco\ffmpeg\4.3.2-1.5.5\ffmpeg-4.3.2-1.5.5-android-x86.jar;C:\Users\woelflenico\.m2\repository\org\bytedeco\ffmpeg\4.3.2-1.5.5\ffmpeg-4.3.2-1.5.5-android-x86_64.jar;C:\Users\woelflenico\.m2\repository\org\bytedeco\ffmpeg\4.3.2-1.5.5\ffmpeg-4.3.2-1.5.5-linux-x86.jar;C:\Users\woelflenico\.m2\repository\org\bytedeco\ffmpeg\4.3.2-1.5.5\ffmpeg-4.3.2-1.5.5-linux-x86_64.jar;C:\Users\woelflenico\.m2\repository\org\bytedeco\ffmpeg\4.3.2-1.5.5\ffmpeg-4.3.2-1.5.5-linux-armhf.jar;C:\Users\woelflenico\.m2\repository\org\bytedeco\ffmpeg\4.3.2-1.5.5\ffmpeg-4.3.2-1.5.5-linux-arm64.jar;C:\Users\woelflenico\.m2\repository\org\bytedeco\ffmpeg\4.3.2-1.5.5\ffmpeg-4.3.2-1.5.5-linux-ppc64le.jar;C:\Users\woelflenico\.m2\repository\org\bytedeco\ffmpeg\4.3.2-1.5.5\ffmpeg-4.3.2-1.5.5-macosx-x86_64.jar;C:\Users\woelflenico\.m2\repository\org\bytedeco\ffmpeg\4.3.2-1.5.5\ffmpeg-4.3.2-1.5.5-windows-x86.jar;C:\Users\woelflenico\.m2\repository\org\bytedeco\ffmpeg\4.3.2-1.5.5\ffmpeg-4.3.2-1.5.5-windows-x86_64.jar;C:\Users\woelflenico\.m2\repository\org\bytedeco\flycapture-platform\2.13.3.31-1.5.5\flycapture-platform-2.13.3.31-1.5.5.jar;C:\Users\woelflenico\.m2\repository\org\bytedeco\flycapture\2.13.3.31-1.5.5\flycapture-2.13.3.31-1.5.5-linux-x86.jar;C:\Users\woelflenico\.m2\repository\org\bytedeco\flycapture\2.13.3.31-1.5.5\flycapture-2.13.3.31-1.5.5-linux-x86_64.jar;C:\Users\woelflenico\.m2\repository\org\bytedeco\flycapture\2.13.3.31-1.5.5\flycapture-2.13.3.31-1.5.5-linux-armhf.jar;C:\Users\woelflenico\.m2\repository\org\bytedeco\flycapture\2.13.3.31-1.5.5\flycapture-2.13.3.31-1.5.5-linux-arm64.jar;C:\Users\woelflenico\.m2\repository\org\bytedeco\flycapture\2.13.3.31-1.5.5\flycapture-2.13.3.31-1.5.5-windows-x86.jar;C:\Users\woelflenico\.m2\repository\org\bytedeco\flycapture\2.13.3.31-1.5.5\flycapture-2.13.3.31-1.5.5-windows-x86_64.jar;C:\Users\woelflenico\.m2\repository\org\bytedeco\libdc1394-platform\2.2.6-1.5.5\libdc1394-platform-2.2.6-1.5.5.jar;C:\Users\woelflenico\.m2\repository\org\bytedeco\libdc1394\2.2.6-1.5.5\libdc1394-2.2.6-1.5.5-linux-x86.jar;C:\Users\woelflenico\.m2\repository\org\bytedeco\libdc1394\2.2.6-1.5.5\libdc1394-2.2.6-1.5.5-linux-x86_64.jar;C:\Users\woelflenico\.m2\repository\org\bytedeco\libdc1394\2.2.6-1.5.5\libdc1394-2.2.6-1.5.5-linux-armhf.jar;C:\Users\woelflenico\.m2\repository\org\bytedeco\libdc1394\2.2.6-1.5.5\libdc1394-2.2.6-1.5.5-linux-arm64.jar;C:\Users\woelflenico\.m2\repository\org\bytedeco\libdc1394\2.2.6-1.5.5\libdc1394-2.2.6-1.5.5-linux-ppc64le.jar;C:\Users\woelflenico\.m2\repository\org\bytedeco\libdc1394\2.2.6-1.5.5\libdc1394-2.2.6-1.5.5-macosx-x86_64.jar;C:\Users\woelflenico\.m2\repository\org\bytedeco\libdc1394\2.2.6-1.5.5\libdc1394-2.2.6-1.5.5-windows-x86.jar;C:\Users\woelflenico\.m2\repository\org\bytedeco\libdc1394\2.2.6-1.5.5\libdc1394-2.2.6-1.5.5-windows-x86_64.jar;C:\Users\woelflenico\.m2\repository\org\bytedeco\libfreenect-platform\0.5.7-1.5.5\libfreenect-platform-0.5.7-1.5.5.jar;C:\Users\woelflenico\.m2\repository\org\bytedeco\libfreenect\0.5.7-1.5.5\libfreenect-0.5.7-1.5.5-linux-x86.jar;C:\Users\woelflenico\.m2\repository\org\bytedeco\libfreenect\0.5.7-1.5.5\libfreenect-0.5.7-1.5.5-linux-x86_64.jar;C:\Users\woelflenico\.m2\repository\org\bytedeco\libfreenect\0.5.7-1.5.5\libfreenect-0.5.7-1.5.5-linux-armhf.jar;C:\Users\woelflenico\.m2\repository\org\bytedeco\libfreenect\0.5.7-1.5.5\libfreenect-0.5.7-1.5.5-linux-arm64.jar;C:\Users\woelflenico\.m2\repository\org\bytedeco\libfreenect\0.5.7-1.5.5\libfreenect-0.5.7-1.5.5-linux-ppc64le.jar;C:\Users\woelflenico\.m2\repository\org\bytedeco\libfreenect\0.5.7-1.5.5\libfreenect-0.5.7-1.5.5-macosx-x86_64.jar;C:\Users\woelflenico\.m2\repository\org\bytedeco\libfreenect\0.5.7-1.5.5\libfreenect-0.5.7-1.5.5-windows-x86.jar;C:\Users\woelflenico\.m2\repository\org\bytedeco\libfreenect\0.5.7-1.5.5\libfreenect-0.5.7-1.5.5-windows-x86_64.jar;C:\Users\woelflenico\.m2\repository\org\bytedeco\libfreenect2-platform\0.2.0-1.5.5\libfreenect2-platform-0.2.0-1.5.5.jar;C:\Users\woelflenico\.m2\repository\org\bytedeco\libfreenect2\0.2.0-1.5.5\libfreenect2-0.2.0-1.5.5-linux-x86.jar;C:\Users\woelflenico\.m2\repository\org\bytedeco\libfreenect2\0.2.0-1.5.5\libfreenect2-0.2.0-1.5.5-linux-x86_64.jar;C:\Users\woelflenico\.m2\repository\org\bytedeco\libfreenect2\0.2.0-1.5.5\libfreenect2-0.2.0-1.5.5-macosx-x86_64.jar;C:\Users\woelflenico\.m2\repository\org\bytedeco\libfreenect2\0.2.0-1.5.5\libfreenect2-0.2.0-1.5.5-windows-x86_64.jar;C:\Users\woelflenico\.m2\repository\org\bytedeco\librealsense-platform\1.12.4-1.5.5\librealsense-platform-1.12.4-1.5.5.jar;C:\Users\woelflenico\.m2\repository\org\bytedeco\librealsense\1.12.4-1.5.5\librealsense-1.12.4-1.5.5-linux-armhf.jar;C:\Users\woelflenico\.m2\repository\org\bytedeco\librealsense\1.12.4-1.5.5\librealsense-1.12.4-1.5.5-linux-arm64.jar;C:\Users\woelflenico\.m2\repository\org\bytedeco\librealsense\1.12.4-1.5.5\librealsense-1.12.4-1.5.5-linux-x86.jar;C:\Users\woelflenico\.m2\repository\org\bytedeco\librealsense\1.12.4-1.5.5\librealsense-1.12.4-1.5.5-linux-x86_64.jar;C:\Users\woelflenico\.m2\repository\org\bytedeco\librealsense\1.12.4-1.5.5\librealsense-1.12.4-1.5.5-macosx-x86_64.jar;C:\Users\woelflenico\.m2\repository\org\bytedeco\librealsense\1.12.4-1.5.5\librealsense-1.12.4-1.5.5-windows-x86.jar;C:\Users\woelflenico\.m2\repository\org\bytedeco\librealsense\1.12.4-1.5.5\librealsense-1.12.4-1.5.5-windows-x86_64.jar;C:\Users\woelflenico\.m2\repository\org\bytedeco\librealsense2-platform\2.40.0-1.5.5\librealsense2-platform-2.40.0-1.5.5.jar;C:\Users\woelflenico\.m2\repository\org\bytedeco\librealsense2\2.40.0-1.5.5\librealsense2-2.40.0-1.5.5-linux-armhf.jar;C:\Users\woelflenico\.m2\repository\org\bytedeco\librealsense2\2.40.0-1.5.5\librealsense2-2.40.0-1.5.5-linux-arm64.jar;C:\Users\woelflenico\.m2\repository\org\bytedeco\librealsense2\2.40.0-1.5.5\librealsense2-2.40.0-1.5.5-linux-x86.jar;C:\Users\woelflenico\.m2\repository\org\bytedeco\librealsense2\2.40.0-1.5.5\librealsense2-2.40.0-1.5.5-linux-x86_64.jar;C:\Users\woelflenico\.m2\repository\org\bytedeco\librealsense2\2.40.0-1.5.5\librealsense2-2.40.0-1.5.5-macosx-x86_64.jar;C:\Users\woelflenico\.m2\repository\org\bytedeco\librealsense2\2.40.0-1.5.5\librealsense2-2.40.0-1.5.5-windows-x86.jar;C:\Users\woelflenico\.m2\repository\org\bytedeco\librealsense2\2.40.0-1.5.5\librealsense2-2.40.0-1.5.5-windows-x86_64.jar;C:\Users\woelflenico\.m2\repository\org\bytedeco\videoinput-platform\0.200-1.5.5\videoinput-platform-0.200-1.5.5.jar;C:\Users\woelflenico\.m2\repository\org\bytedeco\videoinput\0.200-1.5.5\videoinput-0.200-1.5.5-windows-x86.jar;C:\Users\woelflenico\.m2\repository\org\bytedeco\videoinput\0.200-1.5.5\videoinput-0.200-1.5.5-windows-x86_64.jar;C:\Users\woelflenico\.m2\repository\org\bytedeco\artoolkitplus-platform\2.3.1-1.5.5\artoolkitplus-platform-2.3.1-1.5.5.jar;C:\Users\woelflenico\.m2\repository\org\bytedeco\artoolkitplus\2.3.1-1.5.5\artoolkitplus-2.3.1-1.5.5-android-arm.jar;C:\Users\woelflenico\.m2\repository\org\bytedeco\artoolkitplus\2.3.1-1.5.5\artoolkitplus-2.3.1-1.5.5-android-arm64.jar;C:\Users\woelflenico\.m2\repository\org\bytedeco\artoolkitplus\2.3.1-1.5.5\artoolkitplus-2.3.1-1.5.5-android-x86.jar;C:\Users\woelflenico\.m2\repository\org\bytedeco\artoolkitplus\2.3.1-1.5.5\artoolkitplus-2.3.1-1.5.5-android-x86_64.jar;C:\Users\woelflenico\.m2\repository\org\bytedeco\artoolkitplus\2.3.1-1.5.5\artoolkitplus-2.3.1-1.5.5-linux-x86.jar;C:\Users\woelflenico\.m2\repository\org\bytedeco\artoolkitplus\2.3.1-1.5.5\artoolkitplus-2.3.1-1.5.5-linux-x86_64.jar;C:\Users\woelflenico\.m2\repository\org\bytedeco\artoolkitplus\2.3.1-1.5.5\artoolkitplus-2.3.1-1.5.5-linux-armhf.jar;C:\Users\woelflenico\.m2\repository\org\bytedeco\artoolkitplus\2.3.1-1.5.5\artoolkitplus-2.3.1-1.5.5-linux-arm64.jar;C:\Users\woelflenico\.m2\repository\org\bytedeco\artoolkitplus\2.3.1-1.5.5\artoolkitplus-2.3.1-1.5.5-linux-ppc64le.jar;C:\Users\woelflenico\.m2\repository\org\bytedeco\artoolkitplus\2.3.1-1.5.5\artoolkitplus-2.3.1-1.5.5-macosx-x86_64.jar;C:\Users\woelflenico\.m2\repository\org\bytedeco\artoolkitplus\2.3.1-1.5.5\artoolkitplus-2.3.1-1.5.5-windows-x86.jar;C:\Users\woelflenico\.m2\repository\org\bytedeco\artoolkitplus\2.3.1-1.5.5\artoolkitplus-2.3.1-1.5.5-windows-x86_64.jar;C:\Users\woelflenico\.m2\repository\org\bytedeco\flandmark-platform\1.07-1.5.5\flandmark-platform-1.07-1.5.5.jar;C:\Users\woelflenico\.m2\repository\org\bytedeco\flandmark\1.07-1.5.5\flandmark-1.07-1.5.5-android-arm.jar;C:\Users\woelflenico\.m2\repository\org\bytedeco\flandmark\1.07-1.5.5\flandmark-1.07-1.5.5-android-arm64.jar;C:\Users\woelflenico\.m2\repository\org\bytedeco\flandmark\1.07-1.5.5\flandmark-1.07-1.5.5-android-x86.jar;C:\Users\woelflenico\.m2\repository\org\bytedeco\flandmark\1.07-1.5.5\flandmark-1.07-1.5.5-android-x86_64.jar;C:\Users\woelflenico\.m2\repository\org\bytedeco\flandmark\1.07-1.5.5\flandmark-1.07-1.5.5-linux-x86.jar;C:\Users\woelflenico\.m2\repository\org\bytedeco\flandmark\1.07-1.5.5\flandmark-1.07-1.5.5-linux-x86_64.jar;C:\Users\woelflenico\.m2\repository\org\bytedeco\flandmark\1.07-1.5.5\flandmark-1.07-1.5.5-linux-armhf.jar;C:\Users\woelflenico\.m2\repository\org\bytedeco\flandmark\1.07-1.5.5\flandmark-1.07-1.5.5-linux-arm64.jar;C:\Users\woelflenico\.m2\repository\org\bytedeco\flandmark\1.07-1.5.5\flandmark-1.07-1.5.5-linux-ppc64le.jar;C:\Users\woelflenico\.m2\repository\org\bytedeco\flandmark\1.07-1.5.5\flandmark-1.07-1.5.5-macosx-x86_64.jar;C:\Users\woelflenico\.m2\repository\org\bytedeco\flandmark\1.07-1.5.5\flandmark-1.07-1.5.5-windows-x86.jar;C:\Users\woelflenico\.m2\repository\org\bytedeco\flandmark\1.07-1.5.5\flandmark-1.07-1.5.5-windows-x86_64.jar;C:\Users\woelflenico\.m2\repository\org\bytedeco\leptonica-platform\1.80.0-1.5.5\leptonica-platform-1.80.0-1.5.5.jar;C:\Users\woelflenico\.m2\repository\org\bytedeco\leptonica\1.80.0-1.5.5\leptonica-1.80.0-1.5.5-android-arm.jar;C:\Users\woelflenico\.m2\repository\org\bytedeco\leptonica\1.80.0-1.5.5\leptonica-1.80.0-1.5.5-android-arm64.jar;C:\Users\woelflenico\.m2\repository\org\bytedeco\leptonica\1.80.0-1.5.5\leptonica-1.80.0-1.5.5-android-x86.jar;C:\Users\woelflenico\.m2\repository\org\bytedeco\leptonica\1.80.0-1.5.5\leptonica-1.80.0-1.5.5-android-x86_64.jar;C:\Users\woelflenico\.m2\repository\org\bytedeco\leptonica\1.80.0-1.5.5\leptonica-1.80.0-1.5.5-linux-x86.jar;C:\Users\woelflenico\.m2\repository\org\bytedeco\leptonica\1.80.0-1.5.5\leptonica-1.80.0-1.5.5-linux-x86_64.jar;C:\Users\woelflenico\.m2\repository\org\bytedeco\leptonica\1.80.0-1.5.5\leptonica-1.80.0-1.5.5-linux-armhf.jar;C:\Users\woelflenico\.m2\repository\org\bytedeco\leptonica\1.80.0-1.5.5\leptonica-1.80.0-1.5.5-linux-arm64.jar;C:\Users\woelflenico\.m2\repository\org\bytedeco\leptonica\1.80.0-1.5.5\leptonica-1.80.0-1.5.5-linux-ppc64le.jar;C:\Users\woelflenico\.m2\repository\org\bytedeco\leptonica\1.80.0-1.5.5\leptonica-1.80.0-1.5.5-macosx-x86_64.jar;C:\Users\woelflenico\.m2\repository\org\bytedeco\leptonica\1.80.0-1.5.5\leptonica-1.80.0-1.5.5-windows-x86.jar;C:\Users\woelflenico\.m2\repository\org\bytedeco\leptonica\1.80.0-1.5.5\leptonica-1.80.0-1.5.5-windows-x86_64.jar;C:\Users\woelflenico\.m2\repository\org\bytedeco\tesseract-platform\4.1.1-1.5.5\tesseract-platform-4.1.1-1.5.5.jar;C:\Users\woelflenico\.m2\repository\org\bytedeco\tesseract\4.1.1-1.5.5\tesseract-4.1.1-1.5.5-android-arm.jar;C:\Users\woelflenico\.m2\repository\org\bytedeco\tesseract\4.1.1-1.5.5\tesseract-4.1.1-1.5.5-android-arm64.jar;C:\Users\woelflenico\.m2\repository\org\bytedeco\tesseract\4.1.1-1.5.5\tesseract-4.1.1-1.5.5-android-x86.jar;C:\Users\woelflenico\.m2\repository\org\bytedeco\tesseract\4.1.1-1.5.5\tesseract-4.1.1-1.5.5-android-x86_64.jar;C:\Users\woelflenico\.m2\repository\org\bytedeco\tesseract\4.1.1-1.5.5\tesseract-4.1.1-1.5.5-linux-x86.jar;C:\Users\woelflenico\.m2\repository\org\bytedeco\tesseract\4.1.1-1.5.5\tesseract-4.1.1-1.5.5-linux-x86_64.jar;C:\Users\woelflenico\.m2\repository\org\bytedeco\tesseract\4.1.1-1.5.5\tesseract-4.1.1-1.5.5-linux-armhf.jar;C:\Users\woelflenico\.m2\repository\org\bytedeco\tesseract\4.1.1-1.5.5\tesseract-4.1.1-1.5.5-linux-arm64.jar;C:\Users\woelflenico\.m2\repository\org\bytedeco\tesseract\4.1.1-1.5.5\tesseract-4.1.1-1.5.5-linux-ppc64le.jar;C:\Users\woelflenico\.m2\repository\org\bytedeco\tesseract\4.1.1-1.5.5\tesseract-4.1.1-1.5.5-macosx-x86_64.jar;C:\Users\woelflenico\.m2\repository\org\bytedeco\tesseract\4.1.1-1.5.5\tesseract-4.1.1-1.5.5-windows-x86.jar;C:\Users\woelflenico\.m2\repository\org\bytedeco\tesseract\4.1.1-1.5.5\tesseract-4.1.1-1.5.5-windows-x86_64.jar;C:\Users\woelflenico\.m2\repository\dev\onvoid\webrtc\webrtc-java\0.8.0\webrtc-java-0.8.0.jar;C:\Users\woelflenico\.m2\repository\dev\onvoid\webrtc\webrtc-java\0.8.0\webrtc-java-0.8.0-windows-x86_64.jar;C:\Users\woelflenico\.m2\repository\io\github\givimad\whisper-jni\1.5.4-0\whisper-jni-1.5.4-0.jar;C:\Users\woelflenico\.m2\repository\com\github\sarxos\webcam-capture\0.3.12\webcam-capture-0.3.12.jar;C:\Users\woelflenico\.m2\repository\com\nativelibs4java\bridj\0.7.0\bridj-0.7.0.jar;C:\Users\woelflenico\.m2\repository\org\json\json\20240303\json-20240303.jar;C:\Users\woelflenico\.m2\repository\org\java-websocket\Java-WebSocket\1.5.6\Java-WebSocket-1.5.6.jar;C:\Users\woelflenico\.m2\repository\com\google\code\gson\gson\2.10.1\gson-2.10.1.jar;C:\Users\woelflenico\.m2\repository\com\fasterxml\jackson\core\jackson-databind\2.13.3\jackson-databind-2.13.3.jar;C:\Users\woelflenico\.m2\repository\com\fasterxml\jackson\core\jackson-annotations\2.13.3\jackson-annotations-2.13.3.jar;C:\Users\woelflenico\.m2\repository\com\fasterxml\jackson\core\jackson-core\2.13.3\jackson-core-2.13.3.jar;C:\Users\woelflenico\.m2\repository\org\slf4j\slf4j-api\2.0.13\slf4j-api-2.0.13.jar
Launcher Type: SUN_STANDARD

[Global flags]
     intx CICompilerCount                          = 3                                         {product} {ergonomic}
     uint ConcGCThreads                            = 2                                         {product} {ergonomic}
     uint G1ConcRefinementThreads                  = 6                                         {product} {ergonomic}
   size_t G1HeapRegionSize                         = 2097152                                   {product} {ergonomic}
   size_t InitialHeapSize                          = 266338304                                 {product} {ergonomic}
   size_t MarkStackSize                            = 4194304                                   {product} {ergonomic}
   size_t MaxHeapSize                              = 4229955584                                {product} {ergonomic}
   size_t MaxNewSize                               = 2537553920                                {product} {ergonomic}
   size_t MinHeapDeltaBytes                        = 2097152                                   {product} {ergonomic}
   size_t MinHeapSize                              = 8388608                                   {product} {ergonomic}
    uintx NonNMethodCodeHeapSize                   = 5832780                                {pd product} {ergonomic}
    uintx NonProfiledCodeHeapSize                  = 122912730                              {pd product} {ergonomic}
    uintx ProfiledCodeHeapSize                     = 122912730                              {pd product} {ergonomic}
    uintx ReservedCodeCacheSize                    = 251658240                              {pd product} {ergonomic}
     bool SegmentedCodeCache                       = true                                      {product} {ergonomic}
   size_t SoftMaxHeapSize                          = 4229955584                             {manageable} {ergonomic}
     bool UseCompressedOops                        = true                           {product lp64_product} {ergonomic}
     bool UseG1GC                                  = true                                      {product} {ergonomic}
     bool UseLargePagesIndividualAllocation        = false                                  {pd product} {ergonomic}

Logging:
Log output configuration:
 #0: stdout all=warning uptime,level,tags foldmultilines=false
 #1: stderr all=off uptime,level,tags foldmultilines=false

Environment Variables:
JAVA_HOME=C:\Program Files\Java\jdk-17.0.2
PATH=C:\Program Files\Common Files\Oracle\Java\javapath;C:\Program Files (x86)\Common Files\Oracle\Java\javapath;C:\Windows\system32;C:\Windows;C:\Windows\System32\Wbem;C:\Windows\System32\WindowsPowerShell\v1.0\;C:\Windows\System32\OpenSSH\;C:\Program Files\PuTTY\;C:\Program Files\Microsoft VS Code\bin;C:\Program Files\dotnet\;C:\Program Files\Microsoft SQL Server\Client SDK\ODBC\170\Tools\Binn\;C:\Program Files\Microsoft SQL Server\150\Tools\Binn\;C:\Program Files\Java\jdk-17.0.2\bin;C:\Program Files\Git\cmd;C:\Users\woelflenico\AppData\Local\Microsoft\WindowsApps;
USERNAME=woelflenico
OS=Windows_NT
PROCESSOR_IDENTIFIER=Intel64 Family 6 Model 158 Stepping 10, GenuineIntel
TMP=C:\Users\WOELFL~1\AppData\Local\Temp
TEMP=C:\Users\WOELFL~1\AppData\Local\Temp




Periodic native trim disabled

---------------  S Y S T E M  ---------------

OS:
 Windows 10 , 64 bit Build 19041 (10.0.19041.3636)
OS uptime: 0 days 0:36 hours
Hyper-V role detected

CPU: total 6 (initial active 6) (6 cores per cpu, 1 threads per core) family 6 model 158 stepping 10 microcode 0xb4, cx8, cmov, fxsr, mmx, 3dnowpref, sse, sse2, sse3, ssse3, sse4.1, sse4.2, popcnt, lzcnt, tsc, tscinvbit, avx, avx2, aes, erms, clmul, bmi1, bmi2, rtm, adx, fma, vzeroupper, clflush, clflushopt, hv, rdtscp, f16c
Processor Information for all 6 processors :
  Max Mhz: 3000, Current Mhz: 3000, Mhz Limit: 3000

Memory: 4k page, system-wide physical 16129M (6243M free)
TotalPageFile size 18561M (AvailPageFile size 4099M)
current process WorkingSet (physical memory assigned to process): 132M, peak: 132M
current process commit charge ("private bytes"): 374M, peak: 376M

vm_info: OpenJDK 64-Bit Server VM (22.0.1+8-16) for windows-amd64 JRE (22.0.1+8-16), built on 2024-03-12T10:33:16Z by "mach5one" with MS VC++ 17.6 (VS2022)

END.
